[2025-12-16 14시56분24초]	30.000000	51	4293	99093348	14	셸로브	197
[2025-12-16 14시56분45초]	30.000000	51	18773	99112122	21	비홀더	750
[2025-12-16 14시56분49초]	30.000000	51	16802	99128924	19	터틀드래곤	577
[2025-12-16 14시57분12초]	30.000000	51	22500	99151424	21	비홀더	750
[2025-12-16 14시57분14초]	30.000000	51	9503	99160927	16	라미아(녹색)	385
[2025-12-16 14시58분22초]	30.000000	51	2022	99162950	16	웅골리언트	225
[2025-12-16 14시58분37초]	30.000000	51	21418	99184369	21	비홀더	750
[2025-12-16 15시00분09초]	30.000000	51	3155	99187524	12	구울	250
[2025-12-16 15시00분11초]	30.000000	51	4500	99192024	10	좀비	150
[2025-12-16 15시00분15초]	30.000000	51	6209	99198234	12	구울	250
[2025-12-16 15시00분40초]	30.000000	51	8834	99207069	18	좀비 엘모어 병사	400
[2025-12-16 15시00분45초]	30.000000	51	4422	99211491	10	좀비	150
[2025-12-16 15시00분46초]	30.000000	51	12000	99223491	18	좀비 엘모어 병사	400
[2025-12-16 15시00분52초]	30.000000	51	9376	99232867	18	좀비 엘모어 병사	400
[2025-12-16 15시17분50초]	30.000000	51	9000	99241867	15	아울베어	300
[2025-12-16 15시17분50초]	30.000000	51	9000	99250867	15	아울베어	300
[2025-12-16 15시17분50초]	30.000000	51	9000	99259867	15	아울베어	300
[2025-12-16 15시17분50초]	30.000000	51	9000	99268867	15	아울베어	300
[2025-12-16 15시17분50초]	30.000000	51	9000	99277867	15	아울베어	300
[2025-12-16 15시17분50초]	30.000000	51	9000	99286867	15	아울베어	300
[2025-12-16 15시17분51초]	30.000000	51	9000	99295867	15	아울베어	300
[2025-12-16 16시48분28초]	30.000000	51	150	99296017	2	오크	5
[2025-12-16 16시48분37초]	30.000000	51	150	99296167	2	오크	5
[2025-12-16 16시48분38초]	30.000000	51	150	99296317	2	오크	5
[2025-12-16 16시48분40초]	30.000000	51	1950	99298267	8	오크 전사	65
[2025-12-16 16시48분41초]	30.000000	51	150	99298417	2	오크	5
[2025-12-16 16시48분42초]	30.000000	51	300	99298717	3	오크 궁수	10
[2025-12-16 16시49분16초]	30.000000	51	3155	99301872	10	좀비	150
[2025-12-16 16시49분36초]	30.000000	51	7500	99309372	12	구울	250
[2025-12-16 16시49분43초]	30.000000	51	4500	99313872	10	좀비	150
[2025-12-16 16시49분44초]	30.000000	51	4500	99318372	10	좀비	150
[2025-12-16 16시49분45초]	30.000000	51	2793	99321166	10	좀비	150
[2025-12-16 16시49분51초]	30.000000	51	7500	99328666	12	구울	250
[2025-12-16 16시50분00초]	30.000000	51	5798	99334464	12	구울	250
[2025-12-16 16시50분13초]	30.000000	51	13500	99347964	17	좀비 엘모어 마법사	450
[2025-12-16 16시50분19초]	30.000000	51	11812	99359777	17	좀비 엘모어 마법사	450
[2025-12-16 16시50분59초]	30.000000	51	12616	99372393	19	좀비 엘모어 장군	500
[2025-12-16 16시51분02초]	30.000000	51	15000	99387393	19	좀비 엘모어 장군	500
[2025-12-16 16시51분03초]	30.000000	51	14924	99402317	19	좀비 엘모어 장군	500
