[2025-12-15 15시10분35초]	30.000000	72	22	855236000	5	열혈토끼	37
[2025-12-15 15시11분32초]	30.000000	72	510	855236510	15	배틀 타이거	850
[2025-12-15 15시12분06초]	30.000000	72	22	855236532	5	도베르만	37
[2025-12-15 15시12분10초]	30.000000	72	22	855236554	5	도베르만	37
[2025-12-15 15시13분17초]	30.000000	72	52	855236607	15	돌골렘	200
[2025-12-15 15시13분45초]	30.000000	72	72	855236679	15	돌골렘	200
[2025-12-15 15시14분03초]	30.000000	72	72	855236751	15	돌골렘	200
[2025-12-15 15시14분32초]	30.000000	72	154	855236906	16	흑기사	257
[2025-12-15 15시14분35초]	30.000000	72	154	855237060	16	흑기사	257
[2025-12-15 15시14분37초]	30.000000	72	154	855237214	16	흑기사	257
[2025-12-15 15시17분22초]	30.000000	72	247	855237462	25	오우거	450
[2025-12-15 15시18분28초]	30.000000	72	122	855237585	16	흑기사	257
[2025-12-15 15시18분36초]	30.000000	72	3	855237588	2	오크	5
[2025-12-15 15시18분53초]	30.000000	72	25	855237613	8	놀	65
[2025-12-15 15시18분57초]	30.000000	72	33	855237646	8	놀	65
[2025-12-15 15시20분18초]	30.000000	72	223	855237870	16	라미아(녹색)	385
[2025-12-15 15시20분22초]	30.000000	72	223	855238094	16	라미아(녹색)	385
[2025-12-15 15시20분27초]	30.000000	72	341	855238436	19	터틀드래곤	577
[2025-12-15 15시20분28초]	30.000000	72	135	855238571	16	웅골리언트	225
[2025-12-15 15시20분35초]	30.000000	72	342	855238914	19	터틀드래곤	577
[2025-12-15 15시20분42초]	30.000000	72	330	855239244	19	터틀드래곤	577
[2025-12-15 15시23분17초]	30.000000	72	231	855239475	16	라미아(녹색)	385
[2025-12-15 15시23분17초]	30.000000	72	135	855239610	16	웅골리언트	225
[2025-12-15 15시23분17초]	30.000000	72	346	855239956	19	터틀드래곤	577
[2025-12-15 15시23분18초]	30.000000	72	346	855240302	19	터틀드래곤	577
[2025-12-15 15시42분52초]	30.000000	72	88	855240391	16	웅골리언트	225
[2025-12-15 15시43분43초]	30.000000	72	41	855240433	16	웅골리언트	225
[2025-12-15 15시44분33초]	30.000000	72	118	855240551	14	셸로브	197
[2025-12-15 15시45분11초]	30.000000	72	78	855240629	16	웅골리언트	225
[2025-12-15 15시46분18초]	30.000000	72	42	855240671	14	셸로브	197
[2025-12-15 15시47분09초]	30.000000	72	37	855240709	16	웅골리언트	225
[2025-12-15 15시47분31초]	30.000000	72	75	855240784	14	셸로브	197
[2025-12-15 15시54분29초]	30.000000	72	3	855240787	2	오크	5
[2025-12-15 15시54분37초]	30.000000	72	3	855240790	2	오크	5
[2025-12-15 15시55분15초]	30.000000	72	38	855240829	16	웅골리언트	225
[2025-12-15 15시55분23초]	30.000000	72	3336	855244165	80	피닉스	5560
