[2025-12-22 11시07분30초]	30.000000	65	555	597066609	5	도베르만	37
[2025-12-22 11시07분54초]	30.000000	65	715	597067324	8	놀	65
[2025-12-22 11시08분00초]	30.000000	65	975	597068299	8	놀	65
[2025-12-22 11시08분01초]	30.000000	65	920	597069219	8	놀	65
[2025-12-22 11시08분40초]	30.000000	65	2557	597071777	16	흑기사	257
[2025-12-22 11시08분45초]	30.000000	65	75	597071852	2	오크	5
[2025-12-22 11시08분46초]	30.000000	65	75	597071927	2	오크	5
[2025-12-22 13시49분43초]	30.000000	65	1718	597073646	12	거대 개미	145
[2025-12-22 13시49분51초]	30.000000	65	1952	597075599	12	거대 개미	145
[2025-12-22 14시41분26초]	30.000000	65	48713	596836037	70	큰뼈 흑장로	5010
[2025-12-22 14시41분52초]	30.000000	65	22083	596858121	70	큰뼈 흑장로	5010
[2025-12-22 14시41분52초]	30.000000	65	19248	596877370	70	큰뼈 흑장로	5010
[2025-12-22 14시42분12초]	30.000000	65	22823	596900193	80	바포메트	4910
[2025-12-22 14시42분12초]	30.000000	65	17684	596917877	80	바포메트	4910
[2025-12-22 14시49분40초]	30.000000	65	21547	596939425	80	데스나이트	5310
[2025-12-22 14시49분40초]	30.000000	65	22259	596961685	80	데스나이트	5310
[2025-12-22 14시50분40초]	30.000000	65	21547	596983232	80	데스나이트	5310
[2025-12-22 14시50분40초]	30.000000	65	22259	597005492	80	데스나이트	5310
[2025-12-22 14시41분26초]	30.000000	65	26436	597102036	70	큰뼈 흑장로	5010
[2025-12-22 14시41분52초]	30.000000	65	22083	597124120	70	큰뼈 흑장로	5010
[2025-12-22 14시41분52초]	30.000000	65	19248	597143368	70	큰뼈 흑장로	5010
[2025-12-22 14시42분12초]	30.000000	65	22823	597166192	80	바포메트	4910
[2025-12-22 14시42분12초]	30.000000	65	17684	597183876	80	바포메트	4910
[2025-12-22 14시49분40초]	30.000000	65	21547	597205424	80	데스나이트	5310
[2025-12-22 14시49분40초]	30.000000	65	22259	597227683	80	데스나이트	5310
[2025-12-22 14시50분40초]	30.000000	65	21547	597249231	80	데스나이트	5310
[2025-12-22 14시50분40초]	30.000000	65	22259	597271491	80	데스나이트	5310
[2025-12-22 15시58분20초]	30.000000	65	775	597272266	10	간디 오크	101
[2025-12-22 15시59분44초]	30.000000	65	2095	597274361	18	해골 돌격병	210
[2025-12-22 16시00분41초]	30.000000	65	2660	597277022	16	웅골리언트	225
[2025-12-22 16시00분54초]	30.000000	65	7969	597284991	19	터틀드래곤	577
[2025-12-22 16시01분24초]	30.000000	65	4272	597289264	16	라미아(녹색)	385
[2025-12-22 16시01분40초]	30.000000	65	2820	597292084	16	웅골리언트	225
[2025-12-22 16시01분59초]	30.000000	65	3717	597295802	15	아울베어	300
[2025-12-22 16시02분06초]	30.000000	65	4182	597299984	15	아울베어	300
[2025-12-22 16시02분45초]	30.000000	65	8758	597308742	21	비홀더	750
[2025-12-22 16시03분00초]	30.000000	65	4655	597313398	16	라미아(녹색)	385
[2025-12-22 16시03분23초]	30.000000	65	2500	597315898	14	셸로브	197
