[2025-12-21 03시10분35초]	30.000000	52	5910	137201417	14	셸로브	197
[2025-12-21 03시11분38초]	30.000000	52	7500	137208917	15	아울베어	300
[2025-12-21 03시12분15초]	30.000000	52	3787	137212704	15	아울베어	300
[2025-12-21 15시27분09초]	30.000000	52	13500	137226205	17	좀비 엘모어 마법사	450
[2025-12-21 15시27분12초]	30.000000	52	7500	137233705	12	구울	250
[2025-12-21 15시27분15초]	30.000000	52	12000	137245705	18	좀비 엘모어 병사	400
[2025-12-21 15시27분18초]	30.000000	52	4500	137250205	10	좀비	150
[2025-12-21 15시27분20초]	30.000000	52	15000	137265205	19	좀비 엘모어 장군	500
[2025-12-21 15시27분22초]	30.000000	52	15000	137280205	19	좀비 엘모어 장군	500
[2025-12-21 15시27분26초]	30.000000	52	15000	137295205	19	좀비 엘모어 장군	500
[2025-12-21 15시27분26초]	30.000000	52	15000	137310205	19	좀비 엘모어 장군	500
[2025-12-21 15시27분28초]	30.000000	52	15000	137325205	19	좀비 엘모어 장군	500
[2025-12-21 15시27분30초]	30.000000	52	7500	137332705	12	구울	250
[2025-12-21 15시27분36초]	30.000000	52	7500	137340205	12	구울	250
[2025-12-21 15시27분37초]	30.000000	52	13500	137353705	17	좀비 엘모어 마법사	450
[2025-12-21 15시27분38초]	30.000000	52	13500	137367205	17	좀비 엘모어 마법사	450
[2025-12-21 15시27분43초]	30.000000	52	4500	137371705	14	눈사람	150
[2025-12-21 15시27분44초]	30.000000	52	12000	137383705	18	좀비 엘모어 병사	400
[2025-12-21 15시27분45초]	30.000000	52	13500	137397205	17	좀비 엘모어 마법사	450
[2025-12-21 15시27분47초]	30.000000	52	4500	137401705	14	눈사람	150
[2025-12-21 15시27분53초]	30.000000	52	7500	137409205	12	구울	250
[2025-12-21 15시28분01초]	30.000000	52	4500	137413705	10	좀비	150
[2025-12-21 15시28분44초]	30.000000	52	4500	137418205	10	좀비	150
[2025-12-21 15시28분50초]	30.000000	52	13500	137431705	17	좀비 엘모어 마법사	450
[2025-12-21 15시28분53초]	30.000000	52	7500	137439205	12	구울	250
[2025-12-21 15시28분55초]	30.000000	52	13500	137452705	17	좀비 엘모어 마법사	450
[2025-12-21 15시28분59초]	30.000000	52	12000	137464705	18	좀비 엘모어 병사	400
[2025-12-21 15시29분01초]	30.000000	52	4500	137469205	10	좀비	150
[2025-12-21 15시29분04초]	30.000000	52	13500	137482705	17	좀비 엘모어 마법사	450
[2025-12-21 15시29분08초]	30.000000	52	13500	137496205	17	좀비 엘모어 마법사	450
[2025-12-21 15시29분16초]	30.000000	52	13500	137509705	17	좀비 엘모어 마법사	450
[2025-12-21 15시29분21초]	30.000000	52	4500	137514205	10	좀비	150
[2025-12-21 15시29분26초]	30.000000	52	4500	137518705	10	좀비	150
[2025-12-21 15시29분28초]	30.000000	52	15000	137533705	19	좀비 엘모어 장군	500
[2025-12-21 15시30분50초]	30.000000	52	4500	137538205	10	좀비	150
[2025-12-21 15시30분51초]	30.000000	52	15000	137553205	19	좀비 엘모어 장군	500
[2025-12-21 15시30분53초]	30.000000	52	4500	137557705	14	눈사람	150
[2025-12-21 15시30분58초]	30.000000	52	12000	137569705	18	좀비 엘모어 병사	400
[2025-12-21 15시31분03초]	30.000000	52	7500	137577205	12	구울	250
[2025-12-21 15시34분18초]	30.000000	52	8310	137585515	12	켈베로스	277
[2025-12-21 15시34분19초]	30.000000	52	4350	137589865	13	해골 궁수	145
[2025-12-21 15시34분24초]	30.000000	52	6000	137595865	6	슬라임	200
[2025-12-21 15시34분24초]	30.000000	52	6000	137601865	6	슬라임	200
[2025-12-21 15시34분24초]	30.000000	52	3030	137604895	13	해골	101
[2025-12-21 15시34분25초]	30.000000	52	7500	137612395	13	버그베어	250
[2025-12-21 15시34분29초]	30.000000	52	3030	137615425	13	해골	101
[2025-12-21 15시34분29초]	30.000000	52	8310	137623735	12	켈베로스	277
[2025-12-21 15시34분29초]	30.000000	52	5100	137628835	16	해골 창병	170
[2025-12-21 15시34분29초]	30.000000	52	5100	137633935	16	해골 창병	170
[2025-12-21 15시34분29초]	30.000000	52	7500	137641435	13	버그베어	250
[2025-12-21 15시34분29초]	30.000000	52	7500	137648935	13	버그베어	250
[2025-12-21 15시34분29초]	30.000000	52	6750	137655685	16	웅골리언트	225
[2025-12-21 15시34분29초]	30.000000	52	6750	137662435	16	웅골리언트	225
[2025-12-21 15시34분29초]	30.000000	52	4350	137666785	13	해골 궁수	145
[2025-12-21 15시34분29초]	30.000000	52	4350	137671135	13	해골 궁수	145
[2025-12-21 15시34분38초]	30.000000	52	4350	137675485	13	해골 궁수	145
[2025-12-21 15시34분38초]	30.000000	52	5100	137680585	15	해골 도끼병	170
[2025-12-21 15시34분38초]	30.000000	52	6750	137687335	16	웅골리언트	225
[2025-12-21 15시34분38초]	30.000000	52	5100	137692435	15	해골 도끼병	170
[2025-12-21 15시34분38초]	30.000000	52	3030	137695465	13	해골	101
[2025-12-21 15시34분38초]	30.000000	52	7500	137702965	12	구울	250
[2025-12-21 15시34분39초]	30.000000	52	7500	137710465	13	버그베어	250
[2025-12-21 15시34분53초]	30.000000	52	7500	137717965	12	구울	250
[2025-12-21 15시34분53초]	30.000000	52	3030	137720995	13	해골	101
[2025-12-21 15시35분01초]	30.000000	52	7500	137728495	12	구울	250
[2025-12-21 15시35분02초]	30.000000	52	4350	137732845	13	해골 궁수	145
[2025-12-21 15시35분10초]	30.000000	52	6750	137739595	16	웅골리언트	225
[2025-12-21 15시35분10초]	30.000000	52	6750	137746345	16	웅골리언트	225
[2025-12-21 15시35분10초]	30.000000	52	3030	137749375	13	해골	101
[2025-12-21 15시35분10초]	30.000000	52	3030	137752405	13	해골	101
[2025-12-21 15시35분10초]	30.000000	52	7500	137759905	13	버그베어	250
[2025-12-21 15시35분10초]	30.000000	52	7500	137767405	13	버그베어	250
[2025-12-21 15시35분10초]	30.000000	52	5100	137772505	16	해골 창병	170
[2025-12-21 15시35분10초]	30.000000	52	7500	137780005	13	버그베어	250
[2025-12-21 15시35분10초]	30.000000	52	7500	137787505	13	버그베어	250
[2025-12-21 15시35분32초]	30.000000	52	8700	137796205	18	킹 버그베어	290
[2025-12-21 15시35분32초]	30.000000	52	8700	137804905	18	킹 버그베어	290
[2025-12-21 15시35분32초]	30.000000	52	8700	137813605	18	킹 버그베어	290
[2025-12-21 15시35분32초]	30.000000	52	8700	137822305	18	킹 버그베어	290
[2025-12-21 15시35분32초]	30.000000	52	8700	137831005	18	킹 버그베어	290
[2025-12-21 15시35분32초]	30.000000	52	8700	137839705	18	킹 버그베어	290
[2025-12-21 15시35분32초]	30.000000	52	8700	137848405	18	킹 버그베어	290
[2025-12-21 15시35분32초]	30.000000	52	8700	137857105	18	킹 버그베어	290
[2025-12-21 15시35분32초]	30.000000	52	8700	137865805	18	킹 버그베어	290
[2025-12-21 15시35분32초]	30.000000	52	8700	137874505	18	킹 버그베어	290
[2025-12-21 15시35분32초]	30.000000	52	8700	137883205	18	킹 버그베어	290
[2025-12-21 15시35분32초]	30.000000	52	8700	137891905	18	킹 버그베어	290
[2025-12-21 15시35분32초]	30.000000	52	8700	137900605	18	킹 버그베어	290
[2025-12-21 15시35분32초]	30.000000	52	8700	137909305	18	킹 버그베어	290
[2025-12-21 15시35분32초]	30.000000	52	8700	137918005	18	킹 버그베어	290
[2025-12-21 15시35분32초]	30.000000	52	8700	137926705	18	킹 버그베어	290
[2025-12-21 15시35분32초]	30.000000	52	8700	137935405	18	킹 버그베어	290
[2025-12-21 15시35분32초]	30.000000	52	8700	137944105	18	킹 버그베어	290
[2025-12-21 15시35분32초]	30.000000	52	8700	137952805	18	킹 버그베어	290
[2025-12-21 15시35분33초]	30.000000	52	8700	137961505	18	킹 버그베어	290
[2025-12-21 15시35분53초]	30.000000	52	8700	137970205	18	킹 버그베어	290
[2025-12-21 15시35분53초]	30.000000	52	8700	137978905	18	킹 버그베어	290
[2025-12-21 15시35분53초]	30.000000	52	8700	137987605	18	킹 버그베어	290
[2025-12-21 15시35분53초]	30.000000	52	8700	137996305	18	킹 버그베어	290
[2025-12-21 15시35분53초]	30.000000	52	8700	138005005	18	킹 버그베어	290
[2025-12-21 15시35분53초]	30.000000	52	8700	138013705	18	킹 버그베어	290
[2025-12-21 15시35분53초]	30.000000	52	8700	138022405	18	킹 버그베어	290
[2025-12-21 15시35분53초]	30.000000	52	8700	138031105	18	킹 버그베어	290
[2025-12-21 15시35분53초]	30.000000	52	8700	138039805	18	킹 버그베어	290
[2025-12-21 15시35분53초]	30.000000	52	8700	138048505	18	킹 버그베어	290
[2025-12-21 15시43분30초]	30.000000	52	8700	138057205	18	킹 버그베어	290
[2025-12-21 15시43분30초]	30.000000	52	8700	138065905	18	킹 버그베어	290
[2025-12-21 15시43분30초]	30.000000	52	8700	138074605	18	킹 버그베어	290
[2025-12-21 15시43분30초]	30.000000	52	8700	138083305	18	킹 버그베어	290
[2025-12-21 15시43분30초]	30.000000	52	8700	138092005	18	킹 버그베어	290
[2025-12-21 15시43분30초]	30.000000	52	8700	138100705	18	킹 버그베어	290
[2025-12-21 15시43분30초]	30.000000	52	8700	138109405	18	킹 버그베어	290
[2025-12-21 15시43분30초]	30.000000	52	8700	138118105	18	킹 버그베어	290
[2025-12-21 15시43분30초]	30.000000	52	8700	138126805	18	킹 버그베어	290
[2025-12-21 15시43분30초]	30.000000	52	8700	138135505	18	킹 버그베어	290
[2025-12-21 15시43분47초]	30.000000	52	8700	138144205	18	킹 버그베어	290
[2025-12-21 15시43분47초]	30.000000	52	8700	138152905	18	킹 버그베어	290
[2025-12-21 15시43분47초]	30.000000	52	8700	138161605	18	킹 버그베어	290
[2025-12-21 15시43분47초]	30.000000	52	8700	138170305	18	킹 버그베어	290
[2025-12-21 15시43분47초]	30.000000	52	8700	138179005	18	킹 버그베어	290
[2025-12-21 15시43분47초]	30.000000	52	8700	138187705	18	킹 버그베어	290
[2025-12-21 15시43분48초]	30.000000	52	8700	138196405	18	킹 버그베어	290
[2025-12-21 15시43분48초]	30.000000	52	8700	138205105	18	킹 버그베어	290
[2025-12-21 15시43분48초]	30.000000	52	8700	138213805	18	킹 버그베어	290
[2025-12-21 15시43분48초]	30.000000	52	8700	138222505	18	킹 버그베어	290
[2025-12-21 15시44분47초]	30.000000	52	2747	138225252	12	거대 개미	145
[2025-12-21 15시45분37초]	30.000000	52	2203	138227456	14	셸로브	197
[2025-12-21 15시46분55초]	30.000000	52	1666	138229122	13	해골	101
[2025-12-21 15시46분57초]	30.000000	52	4125	138233247	13	버그베어	250
[2025-12-21 15시47분02초]	30.000000	52	4125	138237372	13	버그베어	250
[2025-12-21 15시47분05초]	30.000000	52	1666	138239039	13	해골	101
[2025-12-21 15시47분07초]	30.000000	52	2392	138241431	13	해골 궁수	145
[2025-12-21 15시47분19초]	30.000000	52	1666	138243098	13	해골	101
[2025-12-21 15시47분22초]	30.000000	52	1666	138244764	13	해골	101
[2025-12-21 15시47분24초]	30.000000	52	4125	138248889	12	구울	250
[2025-12-21 15시47분27초]	30.000000	52	2392	138251282	13	해골 궁수	145
[2025-12-21 15시47분29초]	30.000000	52	2475	138253757	10	좀비	150
[2025-12-21 15시47분33초]	30.000000	52	2475	138256232	10	좀비	150
[2025-12-21 15시47분49초]	30.000000	52	6352	138262584	25	데스	385
[2025-12-21 15시47분56초]	30.000000	52	7260	138269844	20	아이언 골렘	440
[2025-12-21 15시48분02초]	30.000000	52	7260	138277104	20	아이언 골렘	440
[2025-12-21 15시48분08초]	30.000000	52	7260	138284364	20	아이언 골렘	440
[2025-12-21 15시48분13초]	30.000000	52	7260	138291624	20	아이언 골렘	440
[2025-12-21 15시48분16초]	30.000000	52	7260	138298884	20	아이언 골렘	440
[2025-12-21 15시48분22초]	30.000000	52	7260	138306144	20	아이언 골렘	440
[2025-12-21 15시48분24초]	30.000000	52	6352	138312497	25	데스	385
[2025-12-21 15시48분49초]	30.000000	52	6270	138318767	18	리빙아머	380
[2025-12-21 15시49분01초]	30.000000	52	7260	138326027	20	아이언 골렘	440
[2025-12-21 15시49분05초]	30.000000	52	3725	138329752	20	아이언 골렘	440
[2025-12-21 15시49분05초]	30.000000	52	3534	138333287	20	아이언 골렘	440
[2025-12-21 15시49분06초]	30.000000	52	1888	138335175	25	데스	385
[2025-12-21 15시49분06초]	30.000000	52	4463	138339639	25	데스	385
[2025-12-21 15시49분08초]	30.000000	52	2445	138342085	25	데스	385
[2025-12-21 15시49분08초]	30.000000	52	3906	138345992	25	데스	385
[2025-12-21 15시49분12초]	30.000000	52	6270	138352262	18	리빙아머	380
[2025-12-21 15시49분15초]	30.000000	52	6352	138358614	25	데스	385
[2025-12-21 15시49분21초]	30.000000	52	7260	138365874	20	아이언 골렘	440
[2025-12-21 15시49분22초]	30.000000	52	6352	138372227	25	데스	385
[2025-12-21 15시49분26초]	30.000000	52	4240	138376467	16	실루엣	257
[2025-12-21 15시49분31초]	30.000000	52	4240	138380708	16	실루엣	257
[2025-12-21 15시55분24초]	30.000000	52	6352	138387060	25	데스	385
[2025-12-21 15시55분24초]	30.000000	52	6352	138393413	25	데스	385
[2025-12-21 15시55분24초]	30.000000	52	6352	138399765	25	데스	385
[2025-12-21 15시55분24초]	30.000000	52	6352	138406118	25	데스	385
[2025-12-21 15시55분25초]	30.000000	52	7260	138413378	20	아이언 골렘	440
[2025-12-21 15시55분25초]	30.000000	52	6270	138419648	18	리빙아머	380
[2025-12-21 15시55분25초]	30.000000	52	6270	138425918	18	리빙아머	380
[2025-12-21 15시55분25초]	30.000000	52	7260	138433178	20	아이언 골렘	440
[2025-12-21 15시55분26초]	30.000000	52	7260	138440438	20	아이언 골렘	440
[2025-12-21 15시55분52초]	30.000000	52	7093	138447531	16	흑기사	257
[2025-12-21 15시56분22초]	30.000000	52	5057	138452588	16	웅골리언트	225
[2025-12-21 15시56분37초]	30.000000	52	8700	138461288	18	킹 버그베어	290
[2025-12-21 15시56분37초]	30.000000	52	8700	138469988	18	킹 버그베어	290
[2025-12-21 15시56분37초]	30.000000	52	8700	138478688	18	킹 버그베어	290
[2025-12-21 15시56분37초]	30.000000	52	8700	138487388	18	킹 버그베어	290
[2025-12-21 15시56분37초]	30.000000	52	8700	138496088	18	킹 버그베어	290
[2025-12-21 15시56분37초]	30.000000	52	8700	138504788	18	킹 버그베어	290
[2025-12-21 15시56분37초]	30.000000	52	8700	138513488	18	킹 버그베어	290
[2025-12-21 15시56분37초]	30.000000	52	8700	138522188	18	킹 버그베어	290
[2025-12-21 15시56분37초]	30.000000	52	8700	138530888	18	킹 버그베어	290
[2025-12-21 15시56분37초]	30.000000	52	8700	138539588	18	킹 버그베어	290
[2025-12-21 15시56분37초]	30.000000	52	8700	138548288	18	킹 버그베어	290
[2025-12-21 15시56분37초]	30.000000	52	8700	138556988	18	킹 버그베어	290
[2025-12-21 15시56분37초]	30.000000	52	8700	138565688	18	킹 버그베어	290
[2025-12-21 15시56분37초]	30.000000	52	8700	138574388	18	킹 버그베어	290
[2025-12-21 15시56분37초]	30.000000	52	8700	138583088	18	킹 버그베어	290
[2025-12-21 15시56분37초]	30.000000	52	8700	138591788	18	킹 버그베어	290
[2025-12-21 15시56분37초]	30.000000	52	8700	138600488	18	킹 버그베어	290
[2025-12-21 15시56분37초]	30.000000	52	8700	138609188	18	킹 버그베어	290
[2025-12-21 15시56분38초]	30.000000	52	8700	138617888	18	킹 버그베어	290
[2025-12-21 15시56분38초]	30.000000	52	8700	138626588	18	킹 버그베어	290
[2025-12-21 16시08분23초]	30.000000	52	8700	138635288	18	킹 버그베어	290
[2025-12-21 16시08분23초]	30.000000	52	8700	138643988	18	킹 버그베어	290
[2025-12-21 16시08분23초]	30.000000	52	8700	138652688	18	킹 버그베어	290
[2025-12-21 16시08분23초]	30.000000	52	4350	138657038	12	거대 개미	145
[2025-12-21 16시08분23초]	30.000000	52	8700	138665738	18	킹 버그베어	290
[2025-12-21 16시08분23초]	30.000000	52	8700	138674438	18	킹 버그베어	290
[2025-12-21 16시08분23초]	30.000000	52	8700	138683138	18	킹 버그베어	290
[2025-12-21 16시08분23초]	30.000000	52	8700	138691838	18	킹 버그베어	290
[2025-12-21 16시08분23초]	30.000000	52	7710	138699548	17	스파토이	257
[2025-12-21 16시08분23초]	30.000000	52	8700	138708248	18	킹 버그베어	290
[2025-12-21 16시08분23초]	30.000000	52	8700	138716948	18	킹 버그베어	290
[2025-12-21 16시08분23초]	30.000000	52	8700	138725648	18	킹 버그베어	290
[2025-12-21 16시09분15초]	30.000000	52	6300	138731948	18	거대 병정 개미	210
[2025-12-21 16시09분18초]	30.000000	52	7710	138739658	17	스파토이	257
[2025-12-21 16시09분21초]	30.000000	52	7710	138747368	17	스파토이	257
[2025-12-21 16시09분24초]	30.000000	52	7710	138755078	17	스파토이	257
[2025-12-21 16시09분27초]	30.000000	52	7710	138762788	17	스파토이	257
[2025-12-21 16시09분31초]	30.000000	52	4350	138767138	12	거대 개미	145
[2025-12-21 16시09분33초]	30.000000	52	4350	138771488	12	거대 개미	145
[2025-12-21 16시09분34초]	30.000000	52	7710	138779198	17	스파토이	257
[2025-12-21 16시09분35초]	30.000000	52	4350	138783548	12	거대 개미	145
[2025-12-21 16시09분38초]	30.000000	52	7710	138791258	17	스파토이	257
[2025-12-21 16시09분39초]	30.000000	52	4350	138795608	12	거대 개미	145
[2025-12-21 16시09분42초]	30.000000	52	7710	138803318	17	스파토이	257
[2025-12-21 16시09분43초]	30.000000	52	6300	138809618	18	거대 병정 개미	210
[2025-12-21 16시09분44초]	30.000000	52	6300	138815918	18	거대 병정 개미	210
[2025-12-21 16시09분47초]	30.000000	52	6300	138822218	18	거대 병정 개미	210
[2025-12-21 16시09분48초]	30.000000	52	4350	138826568	12	거대 개미	145
[2025-12-21 16시09분50초]	30.000000	52	4350	138830918	12	거대 개미	145
[2025-12-21 16시18분42초]	30.000000	52	6300	138837218	18	거대 병정 개미	210
[2025-12-21 16시18분53초]	30.000000	52	4350	138841568	12	거대 개미	145
[2025-12-21 16시18분53초]	30.000000	52	8700	138850268	18	킹 버그베어	290
[2025-12-21 16시18분53초]	30.000000	52	8700	138858968	18	킹 버그베어	290
[2025-12-21 16시18분53초]	30.000000	52	8700	138867668	18	킹 버그베어	290
[2025-12-21 16시18분53초]	30.000000	52	8700	138876368	18	킹 버그베어	290
[2025-12-21 16시18분53초]	30.000000	52	8700	138885068	18	킹 버그베어	290
[2025-12-21 16시18분53초]	30.000000	52	8700	138893768	18	킹 버그베어	290
[2025-12-21 16시18분53초]	30.000000	52	8700	138902468	18	킹 버그베어	290
[2025-12-21 16시18분53초]	30.000000	52	7710	138910178	17	스파토이	257
[2025-12-21 16시18분53초]	30.000000	52	8700	138918878	18	킹 버그베어	290
[2025-12-21 16시18분53초]	30.000000	52	8700	138927578	18	킹 버그베어	290
[2025-12-21 16시18분53초]	30.000000	52	8700	138936278	18	킹 버그베어	290
[2025-12-21 16시19분07초]	30.000000	52	7710	138943988	17	스파토이	257
[2025-12-21 16시19분09초]	30.000000	52	6300	138950288	18	거대 병정 개미	210
[2025-12-21 16시19분13초]	30.000000	52	4350	138954638	12	거대 개미	145
[2025-12-21 16시19분16초]	30.000000	52	6300	138960938	18	거대 병정 개미	210
[2025-12-21 16시19분17초]	30.000000	52	5400	138966338	19	스콜피온	180
[2025-12-21 16시19분20초]	30.000000	52	4350	138970688	12	거대 개미	145
[2025-12-21 16시19분22초]	30.000000	52	5400	138976088	19	스콜피온	180
[2025-12-21 16시19분24초]	30.000000	52	6300	138982388	18	거대 병정 개미	210
[2025-12-21 16시20분00초]	30.000000	52	8700	138991088	18	킹 버그베어	290
[2025-12-21 16시20분00초]	30.000000	52	8700	138999788	18	킹 버그베어	290
[2025-12-21 16시20분00초]	30.000000	52	8700	139008488	18	킹 버그베어	290
[2025-12-21 16시20분00초]	30.000000	52	8700	139017188	18	킹 버그베어	290
[2025-12-21 16시20분01초]	30.000000	52	8700	139025888	18	킹 버그베어	290
[2025-12-21 16시20분01초]	30.000000	52	8700	139034588	18	킹 버그베어	290
[2025-12-21 16시20분01초]	30.000000	52	8700	139043288	18	킹 버그베어	290
[2025-12-21 16시20분01초]	30.000000	52	8700	139051988	18	킹 버그베어	290
[2025-12-21 16시20분01초]	30.000000	52	8700	139060688	18	킹 버그베어	290
[2025-12-21 16시20분01초]	30.000000	52	8700	139069388	18	킹 버그베어	290
[2025-12-21 16시20분54초]	30.000000	52	6300	139075688	18	거대 병정 개미	210
[2025-12-21 15시46분24초]	30.000000	52	3030	131660528	13	해골	101
[2025-12-21 15시46분26초]	30.000000	52	3030	131663558	13	해골	101
[2025-12-21 15시46분55초]	30.000000	52	1666	131665224	13	해골	101
[2025-12-21 15시46분57초]	30.000000	52	4125	131669349	13	버그베어	250
[2025-12-21 15시47분02초]	30.000000	52	4125	131673474	13	버그베어	250
[2025-12-21 15시47분05초]	30.000000	52	1666	131675141	13	해골	101
[2025-12-21 15시47분07초]	30.000000	52	2392	131677533	13	해골 궁수	145
[2025-12-21 15시47분19초]	30.000000	52	1666	131679200	13	해골	101
[2025-12-21 15시47분22초]	30.000000	52	1666	131680866	13	해골	101
[2025-12-21 15시47분24초]	30.000000	52	4125	131684991	12	구울	250
[2025-12-21 15시47분27초]	30.000000	52	2392	131687384	13	해골 궁수	145
[2025-12-21 15시47분29초]	30.000000	52	2475	131689859	10	좀비	150
[2025-12-21 15시47분33초]	30.000000	52	2475	131692334	10	좀비	150
[2025-12-21 15시47분49초]	30.000000	52	6352	131698686	25	데스	385
[2025-12-21 15시47분56초]	30.000000	52	7260	131705946	20	아이언 골렘	440
[2025-12-21 15시48분02초]	30.000000	52	7260	131713206	20	아이언 골렘	440
[2025-12-21 15시48분08초]	30.000000	52	7260	131720466	20	아이언 골렘	440
[2025-12-21 15시48분13초]	30.000000	52	7260	131727726	20	아이언 골렘	440
[2025-12-21 15시48분16초]	30.000000	52	7260	131734986	20	아이언 골렘	440
[2025-12-21 15시48분22초]	30.000000	52	7260	131742246	20	아이언 골렘	440
[2025-12-21 15시48분24초]	30.000000	52	6352	131748599	25	데스	385
[2025-12-21 15시48분49초]	30.000000	52	6270	131754869	18	리빙아머	380
[2025-12-21 15시49분01초]	30.000000	52	7260	131762129	20	아이언 골렘	440
[2025-12-21 15시49분05초]	30.000000	52	3725	131765854	20	아이언 골렘	440
[2025-12-21 15시49분05초]	30.000000	52	3534	131769389	20	아이언 골렘	440
[2025-12-21 15시49분06초]	30.000000	52	1888	131771277	25	데스	385
[2025-12-21 15시49분06초]	30.000000	52	4463	131775741	25	데스	385
[2025-12-21 15시49분08초]	30.000000	52	2445	131778187	25	데스	385
[2025-12-21 15시49분08초]	30.000000	52	3906	131782094	25	데스	385
[2025-12-21 15시49분12초]	30.000000	52	6270	131788364	18	리빙아머	380
[2025-12-21 15시49분15초]	30.000000	52	6352	131794716	25	데스	385
[2025-12-21 15시49분21초]	30.000000	52	7260	131801976	20	아이언 골렘	440
[2025-12-21 15시49분22초]	30.000000	52	6352	131808329	25	데스	385
[2025-12-21 15시49분26초]	30.000000	52	4240	131812569	16	실루엣	257
[2025-12-21 15시49분31초]	30.000000	52	4240	131816810	16	실루엣	257
[2025-12-21 15시55분24초]	30.000000	52	6352	131823162	25	데스	385
[2025-12-21 15시55분24초]	30.000000	52	6352	131829515	25	데스	385
[2025-12-21 15시55분24초]	30.000000	52	6352	131835867	25	데스	385
[2025-12-21 15시55분24초]	30.000000	52	6352	131842220	25	데스	385
[2025-12-21 15시55분25초]	30.000000	52	7260	131849480	20	아이언 골렘	440
[2025-12-21 15시55분25초]	30.000000	52	6270	131855750	18	리빙아머	380
[2025-12-21 15시55분25초]	30.000000	52	6270	131862020	18	리빙아머	380
[2025-12-21 15시55분25초]	30.000000	52	7260	131869280	20	아이언 골렘	440
[2025-12-21 15시55분26초]	30.000000	52	7260	131876540	20	아이언 골렘	440
[2025-12-21 16시35분12초]	30.000000	52	6300	139081989	18	거대 병정 개미	210
[2025-12-21 16시35분13초]	30.000000	52	6300	139088289	18	거대 병정 개미	210
[2025-12-21 16시35분16초]	30.000000	52	4350	139092639	12	거대 개미	145
[2025-12-21 16시35분18초]	30.000000	52	7710	139100349	17	스파토이	257
[2025-12-21 16시35분19초]	30.000000	52	6300	139106649	18	거대 병정 개미	210
[2025-12-21 16시35분23초]	30.000000	52	4350	139110999	12	거대 개미	145
[2025-12-21 16시35분25초]	30.000000	52	6300	139117299	18	거대 병정 개미	210
[2025-12-21 16시35분27초]	30.000000	52	4350	139121649	12	거대 개미	145
[2025-12-21 16시35분29초]	30.000000	52	7710	139129359	17	스파토이	257
[2025-12-21 16시35분36초]	30.000000	52	5400	139134759	19	스콜피온	180
[2025-12-21 16시35분38초]	30.000000	52	4350	139139109	12	거대 개미	145
[2025-12-21 16시35분39초]	30.000000	52	5400	139144509	19	스콜피온	180
[2025-12-21 16시35분55초]	30.000000	52	2460	139146969	9	늑대인간	82
[2025-12-21 16시36분14초]	30.000000	52	4545	139151514	15	돌골렘	200
[2025-12-21 16시36분40초]	30.000000	52	3248	139154762	15	돌골렘	200
[2025-12-21 19시40분17초]	30.000000	65	150	596787474	3	오크 궁수	10
[2025-12-21 19시40분20초]	30.000000	65	75	596787549	2	오크	5
[2025-12-21 19시40분21초]	30.000000	65	975	596788524	8	오크 전사	65
[2025-12-21 19시40분22초]	30.000000	65	975	596789499	8	오크 전사	65
[2025-12-21 19시40분25초]	30.000000	65	3375	596792874	16	웅골리언트	225
[2025-12-21 19시40분26초]	30.000000	65	1230	596794104	9	늑대인간	82
[2025-12-21 19시40분28초]	30.000000	65	975	596795079	8	오크 전사	65
[2025-12-21 19시40분33초]	30.000000	65	2955	596798034	14	셸로브	197
[2025-12-21 19시40분43초]	30.000000	65	3375	596801409	16	웅골리언트	225
[2025-12-21 19시40분46초]	30.000000	65	75	596801484	2	오크	5
[2025-12-21 19시40분54초]	30.000000	65	1230	596802714	9	난쟁이족 전사	82
[2025-12-21 19시40분54초]	30.000000	65	1230	596803944	9	난쟁이족 전사	82
[2025-12-21 19시40분54초]	30.000000	65	1230	596805174	9	난쟁이족 전사	82
[2025-12-21 19시40분54초]	30.000000	65	975	596806149	8	놀	65
[2025-12-21 19시40분55초]	30.000000	65	2250	596808399	14	눈사람	150
[2025-12-21 19시41분04초]	30.000000	65	4350	596812749	18	킹 버그베어	290
[2025-12-21 19시41분04초]	30.000000	65	4350	596817099	18	킹 버그베어	290
[2025-12-21 19시41분04초]	30.000000	65	4350	596821449	18	킹 버그베어	290
[2025-12-21 19시41분04초]	30.000000	65	4350	596825799	18	킹 버그베어	290
[2025-12-21 19시41분04초]	30.000000	65	4350	596830149	18	킹 버그베어	290
[2025-12-21 19시41분04초]	30.000000	65	4350	596834499	18	킹 버그베어	290
[2025-12-21 19시41분04초]	30.000000	65	4350	596838849	18	킹 버그베어	290
[2025-12-21 19시41분04초]	30.000000	65	4350	596843199	18	킹 버그베어	290
[2025-12-21 19시41분04초]	30.000000	65	975	596844174	8	놀	65
[2025-12-21 19시41분04초]	30.000000	65	4350	596848524	18	킹 버그베어	290
[2025-12-21 19시41분04초]	30.000000	65	4350	596852874	18	킹 버그베어	290
[2025-12-21 19시41분04초]	30.000000	65	1230	596854104	9	난쟁이족 전사	82
[2025-12-21 19시41분04초]	30.000000	65	975	596855079	8	놀	65
[2025-12-21 19시41분04초]	30.000000	65	975	596856054	8	놀	65
[2025-12-21 19시57분37초]	30.000000	65	6000	596862054	18	좀비 엘모어 병사	400
[2025-12-21 19시57분41초]	30.000000	65	6750	596868804	17	좀비 엘모어 마법사	450
[2025-12-21 19시57분42초]	30.000000	65	7500	596876304	19	좀비 엘모어 장군	500
[2025-12-21 19시57분44초]	30.000000	65	6750	596883054	17	좀비 엘모어 마법사	450
[2025-12-21 19시57분46초]	30.000000	65	6750	596889804	17	좀비 엘모어 마법사	450
[2025-12-21 19시57분48초]	30.000000	65	6750	596896554	17	좀비 엘모어 마법사	450
[2025-12-21 19시57분50초]	30.000000	65	7500	596904054	19	좀비 엘모어 장군	500
[2025-12-21 19시57분52초]	30.000000	65	6000	596910054	18	좀비 엘모어 병사	400
[2025-12-21 19시57분56초]	30.000000	65	7500	596917554	19	좀비 엘모어 장군	500
[2025-12-21 19시57분57초]	30.000000	65	6000	596923554	18	좀비 엘모어 병사	400
[2025-12-21 19시57분59초]	30.000000	65	7500	596931054	19	좀비 엘모어 장군	500
[2025-12-21 19시58분01초]	30.000000	65	6000	596937054	18	좀비 엘모어 병사	400
[2025-12-21 19시58분04초]	30.000000	65	6750	596943804	17	좀비 엘모어 마법사	450
[2025-12-21 19시58분08초]	30.000000	65	6750	596950554	17	좀비 엘모어 마법사	450
[2025-12-21 19시58분10초]	30.000000	65	6750	596957304	17	좀비 엘모어 마법사	450
[2025-12-21 19시58분11초]	30.000000	65	6750	596964054	17	좀비 엘모어 마법사	450
[2025-12-21 19시58분13초]	30.000000	65	3750	596967804	12	구울	250
[2025-12-21 19시58분14초]	30.000000	65	6000	596973804	18	좀비 엘모어 병사	400
[2025-12-21 19시58분17초]	30.000000	65	3750	596977554	12	구울	250
[2025-12-21 19시58분18초]	30.000000	65	6000	596983554	18	좀비 엘모어 병사	400
[2025-12-21 19시58분25초]	30.000000	65	4350	596987904	18	킹 버그베어	290
[2025-12-21 19시58분25초]	30.000000	65	4350	596992254	18	킹 버그베어	290
[2025-12-21 19시58분25초]	30.000000	65	4350	596996604	18	킹 버그베어	290
[2025-12-21 19시58분25초]	30.000000	65	4350	597000954	18	킹 버그베어	290
[2025-12-21 19시58분25초]	30.000000	65	4350	597005304	18	킹 버그베어	290
[2025-12-21 19시58분25초]	30.000000	65	4350	597009654	18	킹 버그베어	290
[2025-12-21 19시58분25초]	30.000000	65	4350	597014004	18	킹 버그베어	290
[2025-12-21 19시58분25초]	30.000000	65	4350	597018354	18	킹 버그베어	290
[2025-12-21 19시58분25초]	30.000000	65	4350	597022704	18	킹 버그베어	290
[2025-12-21 19시58분26초]	30.000000	65	6000	597028704	18	좀비 엘모어 병사	400
[2025-12-21 19시58분26초]	30.000000	65	6000	597034704	18	좀비 엘모어 병사	400
[2025-12-21 19시58분26초]	30.000000	65	4350	597039054	18	킹 버그베어	290
[2025-12-21 19시58분26초]	30.000000	65	3750	597042804	12	구울	250
[2025-12-21 19시59분15초]	30.000000	65	2250	597045054	14	눈사람	150
[2025-12-21 19시59분18초]	30.000000	65	6750	597051804	17	좀비 엘모어 마법사	450
[2025-12-21 19시59분20초]	30.000000	65	2250	597054054	14	눈사람	150
[2025-12-21 19시59분23초]	30.000000	65	2250	597056304	14	눈사람	150
[2025-12-21 19시59분25초]	30.000000	65	7500	597063804	19	좀비 엘모어 장군	500
[2025-12-21 19시59분28초]	30.000000	65	2250	597066054	14	눈사람	150
