[2025-12-20 14시18분59초]	30.000000	51	9000	99411318	15	아울베어	300
[2025-12-20 14시23분11초]	30.000000	51	7710	99419028	16	흑기사	257
[2025-12-20 14시27분06초]	30.000000	51	2935	99421963	12	거대 개미	145
[2025-12-20 14시27분53초]	30.000000	51	3038	99425001	12	거대 개미	145
[2025-12-20 14시28분09초]	30.000000	51	5080	99430082	18	거대 병정 개미	210
[2025-12-20 14시29분50초]	30.000000	51	5978	99436060	18	거대 병정 개미	210
[2025-12-20 14시30분03초]	30.000000	51	5336	99441396	18	거대 병정 개미	210
[2025-12-20 14시30분09초]	30.000000	51	4190	99445587	12	거대 개미	145
[2025-12-20 14시30분10초]	30.000000	51	4290	99449878	12	거대 개미	145
[2025-12-20 14시30분22초]	30.000000	51	6300	99456178	18	거대 병정 개미	210
[2025-12-20 14시30분23초]	30.000000	51	6059	99462237	18	거대 병정 개미	210
[2025-12-20 14시31분45초]	30.000000	51	315	99462553	12	거대 개미	145
[2025-12-20 14시34분48초]	30.000000	51	6300	99468853	18	거대 병정 개미	210
[2025-12-20 14시34분50초]	30.000000	51	6139	99474992	18	거대 병정 개미	210
[2025-12-20 14시34분56초]	30.000000	51	4350	99479342	12	거대 개미	145
[2025-12-20 14시35분22초]	30.000000	51	2774	99482116	12	거대 개미	145
[2025-12-20 14시35분34초]	30.000000	51	6300	99488416	18	거대 병정 개미	210
[2025-12-20 14시36분02초]	30.000000	51	2568	99490985	12	거대 개미	145
[2025-12-20 14시36분15초]	30.000000	51	5336	99496321	18	거대 병정 개미	210
[2025-12-20 14시37분31초]	30.000000	51	5969	99502290	16	흑기사	257
[2025-12-20 14시37분47초]	30.000000	51	6503	99508793	16	흑기사	257
[2025-12-20 14시38분02초]	30.000000	51	5666	99514460	16	웅골리언트	225
[2025-12-20 14시38분09초]	30.000000	51	6013	99520473	16	흑기사	257
[2025-12-20 14시38분21초]	30.000000	51	5446	99525920	16	흑기사	257
[2025-12-20 14시40분49초]	30.000000	51	4688	99530608	16	웅골리언트	225
[2025-12-20 14시41분57초]	30.000000	51	3458	99534067	16	웅골리언트	225
[2025-12-20 14시42분38초]	30.000000	51	4890	99538958	16	웅골리언트	225
[2025-12-20 14시43분50초]	30.000000	51	7013	99545972	15	아울베어	300
[2025-12-20 14시44분01초]	30.000000	51	7776	99553748	15	아울베어	300
[2025-12-20 14시44분08초]	30.000000	51	8430	99562178	15	아울베어	300
