[2026-03-11 00시04분14초]	50.000000	54	118250	200954563	32	파우스트의 악령(잔인)	2150
[2026-03-11 00시04분15초]	50.000000	54	118250	201072813	32	파우스트의 악령(악독)	2150
[2026-03-11 00시04분17초]	50.000000	54	118250	201191063	32	파우스트의 악령(악랄)	2150
[2026-03-11 00시04분19초]	50.000000	54	118250	201309313	32	파우스트의 악령(포악)	2150
[2026-03-11 00시04분23초]	50.000000	54	118250	201427563	32	파우스트의 악령(포악)	2150
[2026-03-11 00시04분23초]	50.000000	54	118250	201545813	32	파우스트의 악령(포악)	2150
[2026-03-11 00시04분25초]	50.000000	54	118250	201664063	32	파우스트의 악령(잔인)	2150
[2026-03-11 00시04분26초]	50.000000	54	118250	201782313	32	파우스트의 악령(포악)	2150
[2026-03-11 00시04분28초]	50.000000	54	118250	201900563	32	파우스트의 악령(악독)	2150
[2026-03-11 00시04분29초]	50.000000	54	118250	202018813	32	파우스트의 악령(악독)	2150
[2026-03-11 00시04분30초]	50.000000	54	118250	202137063	32	파우스트의 악령(잔인)	2150
[2026-03-11 00시04분31초]	50.000000	54	118250	202255313	32	파우스트의 악령(포악)	2150
[2026-03-11 00시04분35초]	50.000000	54	118250	202373563	32	파우스트의 악령(악랄)	2150
[2026-03-11 00시04분35초]	50.000000	54	118250	202491813	32	파우스트의 악령(악독)	2150
[2026-03-11 00시23분30초]	50.000000	54	118250	202610063	32	파우스트의 악령(악랄)	2150
[2026-03-11 00시23분38초]	50.000000	54	118250	202728313	32	파우스트의 악령(악랄)	2150
[2026-03-11 00시23분40초]	50.000000	54	118250	202846563	32	파우스트의 악령(악독)	2150
[2026-03-11 00시23분47초]	50.000000	54	118250	202964813	32	파우스트의 악령(잔인)	2150
[2026-03-11 00시23분50초]	50.000000	54	118250	203083063	32	파우스트의 악령(악랄)	2150
[2026-03-11 00시23분50초]	50.000000	54	118250	203201313	32	파우스트의 악령(악랄)	2150
[2026-03-11 00시23분50초]	50.000000	54	118250	203319563	32	파우스트의 악령(악랄)	2150
[2026-03-11 00시23분50초]	50.000000	54	118250	203437813	32	파우스트의 악령(악랄)	2150
[2026-03-11 00시23분50초]	50.000000	54	118250	203556063	32	파우스트의 악령(잔인)	2150
[2026-03-11 00시23분50초]	50.000000	54	118250	203674313	32	파우스트의 악령(악독)	2150
[2026-03-11 00시23분50초]	50.000000	54	118250	203792563	32	파우스트의 악령(포악)	2150
[2026-03-11 00시23분56초]	50.000000	54	118250	203910813	32	파우스트의 악령(악독)	2150
[2026-03-11 00시23분56초]	50.000000	54	118250	204029063	32	파우스트의 악령(악독)	2150
[2026-03-11 00시26분31초]	50.000000	54	118250	204147313	32	파우스트의 악령(악랄)	2150
[2026-03-11 00시26분34초]	50.000000	54	118250	204265563	32	파우스트의 악령(악랄)	2150
[2026-03-11 00시26분34초]	50.000000	54	118250	204383813	32	파우스트의 악령(악랄)	2150
[2026-03-11 00시26분34초]	50.000000	54	118250	204502063	32	파우스트의 악령(악랄)	2150
[2026-03-11 00시26분34초]	50.000000	54	118250	204620313	32	파우스트의 악령(악랄)	2150
[2026-03-11 00시26분34초]	50.000000	54	118250	204738563	32	파우스트의 악령(포악)	2150
[2026-03-11 00시26분34초]	50.000000	54	118250	204856813	32	파우스트의 악령(포악)	2150
[2026-03-11 00시26분34초]	50.000000	54	118250	204975063	32	파우스트의 악령(잔인)	2150
[2026-03-11 00시26분39초]	50.000000	54	118250	205093313	32	파우스트의 악령(악랄)	2150
[2026-03-11 00시26분42초]	50.000000	54	118250	205211563	32	파우스트의 악령(잔인)	2150
[2026-03-11 00시26분43초]	50.000000	54	118250	205329813	32	파우스트의 악령(악독)	2150
[2026-03-11 00시26분43초]	50.000000	54	118250	205448063	32	파우스트의 악령(악독)	2150
[2026-03-11 00시26분43초]	50.000000	54	118250	205566313	32	파우스트의 악령(악독)	2150
[2026-03-11 00시26분54초]	50.000000	54	118250	205684563	32	파우스트의 악령(악독)	2150
[2026-03-11 00시26분55초]	50.000000	54	118250	205802813	32	파우스트의 악령(잔인)	2150
[2026-03-11 00시27분10초]	50.000000	54	118250	205921063	32	파우스트의 악령(잔인)	2150
[2026-03-11 00시27분21초]	50.000000	54	118250	206039313	32	파우스트의 악령(악랄)	2150
[2026-03-11 00시27분23초]	50.000000	54	118250	206157563	32	파우스트의 악령(악랄)	2150
[2026-03-11 00시27분28초]	50.000000	54	118250	206275813	32	파우스트의 악령(잔인)	2150
[2026-03-11 00시27분30초]	50.000000	54	118250	206394063	32	파우스트의 악령(포악)	2150
[2026-03-11 00시27분32초]	50.000000	54	118250	206512313	32	파우스트의 악령(악랄)	2150
[2026-03-11 00시27분36초]	50.000000	54	118250	206630563	32	파우스트의 악령(악랄)	2150
[2026-03-11 00시27분39초]	50.000000	54	118250	206748813	32	파우스트의 악령(악독)	2150
[2026-03-11 00시27분40초]	50.000000	54	118250	206867063	32	파우스트의 악령(악랄)	2150
[2026-03-11 00시27분43초]	50.000000	54	118250	206985313	32	파우스트의 악령(잔인)	2150
[2026-03-11 00시27분48초]	50.000000	54	118250	207103563	32	파우스트의 악령(잔인)	2150
[2026-03-11 00시27분49초]	50.000000	54	118250	207221813	32	파우스트의 악령(악독)	2150
[2026-03-11 00시27분52초]	50.000000	54	118250	207340063	32	파우스트의 악령(잔인)	2150
[2026-03-11 00시27분56초]	50.000000	54	118250	207458313	32	파우스트의 악령(악랄)	2150
[2026-03-11 00시27분58초]	50.000000	54	118250	207576563	32	파우스트의 악령(잔인)	2150
[2026-03-11 00시27분58초]	50.000000	54	118250	207694813	32	파우스트의 악령(잔인)	2150
[2026-03-11 00시28분02초]	50.000000	54	118250	207813063	32	파우스트의 악령(악독)	2150
[2026-03-11 00시28분03초]	50.000000	54	118250	207931313	32	파우스트의 악령(악독)	2150
[2026-03-11 00시28분07초]	50.000000	54	118250	208049563	32	파우스트의 악령(포악)	2150
[2026-03-11 00시28분08초]	50.000000	54	118250	208167813	32	파우스트의 악령(포악)	2150
[2026-03-11 00시28분13초]	50.000000	54	118250	208286063	32	파우스트의 악령(악독)	2150
[2026-03-11 00시28분18초]	50.000000	54	118250	208404313	32	파우스트의 악령(악랄)	2150
[2026-03-11 00시28분25초]	50.000000	54	118250	208522563	32	파우스트의 악령(잔인)	2150
[2026-03-11 00시28분30초]	50.000000	54	118250	208640813	32	파우스트의 악령(잔인)	2150
[2026-03-11 00시28분35초]	50.000000	54	118250	208759063	32	파우스트의 악령(포악)	2150
[2026-03-11 00시28분49초]	50.000000	54	118250	208877313	32	파우스트의 악령(악독)	2150
[2026-03-11 00시28분50초]	50.000000	54	118250	208995563	32	파우스트의 악령(악랄)	2150
[2026-03-11 00시28분51초]	50.000000	54	118250	209113813	32	파우스트의 악령(포악)	2150
[2026-03-11 00시28분53초]	50.000000	54	118250	209232063	32	파우스트의 악령(포악)	2150
[2026-03-11 00시28분58초]	50.000000	54	118250	209350313	32	파우스트의 악령(잔인)	2150
[2026-03-11 00시29분15초]	50.000000	54	118250	209468563	32	파우스트의 악령(잔인)	2150
[2026-03-11 00시29분17초]	50.000000	54	118250	209586813	32	파우스트의 악령(잔인)	2150
[2026-03-11 00시29분28초]	50.000000	54	118250	209705063	32	파우스트의 악령(악독)	2150
[2026-03-11 00시29분35초]	50.000000	54	118250	209823313	32	파우스트의 악령(포악)	2150
[2026-03-11 00시29분44초]	50.000000	54	118250	209941563	32	파우스트의 악령(악독)	2150
[2026-03-11 00시29분57초]	50.000000	54	118250	210059813	32	파우스트의 악령(악랄)	2150
[2026-03-11 00시30분00초]	50.000000	54	118250	210178063	32	파우스트의 악령(악랄)	2150
[2026-03-11 00시30분21초]	50.000000	54	118250	210296313	32	파우스트의 악령(악랄)	2150
[2026-03-11 00시30분24초]	50.000000	54	118250	210414563	32	파우스트의 악령(잔인)	2150
[2026-03-11 00시30분29초]	50.000000	54	118250	210532813	32	파우스트의 악령(잔인)	2150
[2026-03-11 00시30분31초]	50.000000	54	118250	210651063	32	파우스트의 악령(포악)	2150
[2026-03-11 00시30분32초]	50.000000	54	118250	210769313	32	파우스트의 악령(악랄)	2150
[2026-03-11 00시30분36초]	50.000000	54	118250	210887563	32	파우스트의 악령(악랄)	2150
[2026-03-11 00시30분40초]	50.000000	54	118250	211005813	32	파우스트의 악령(악독)	2150
[2026-03-11 00시30분44초]	50.000000	54	118250	211124063	32	파우스트의 악령(악랄)	2150
[2026-03-11 00시30분45초]	50.000000	54	118250	211242313	32	파우스트의 악령(악랄)	2150
[2026-03-11 00시30분46초]	50.000000	54	118250	211360563	32	파우스트의 악령(포악)	2150
[2026-03-11 00시30분50초]	50.000000	54	118250	211478813	32	파우스트의 악령(악독)	2150
[2026-03-11 00시30분58초]	50.000000	54	118250	211597063	32	파우스트의 악령(포악)	2150
[2026-03-11 00시31분01초]	50.000000	54	118250	211715313	32	파우스트의 악령(악독)	2150
[2026-03-11 00시31분03초]	50.000000	54	118250	211833563	32	파우스트의 악령(포악)	2150
[2026-03-11 00시31분05초]	50.000000	54	118250	211951813	32	파우스트의 악령(잔인)	2150
[2026-03-11 00시31분12초]	50.000000	54	118250	212070063	32	파우스트의 악령(악독)	2150
[2026-03-11 00시31분14초]	50.000000	54	118250	212188313	32	파우스트의 악령(포악)	2150
[2026-03-11 00시31분15초]	50.000000	54	118250	212306563	32	파우스트의 악령(악독)	2150
[2026-03-11 00시31분17초]	50.000000	54	118250	212424813	32	파우스트의 악령(포악)	2150
[2026-03-11 00시31분18초]	50.000000	54	118250	212543063	32	파우스트의 악령(포악)	2150
[2026-03-11 00시31분21초]	50.000000	54	118250	212661313	32	파우스트의 악령(포악)	2150
[2026-03-11 00시31분22초]	50.000000	54	118250	212779563	32	파우스트의 악령(포악)	2150
[2026-03-11 00시31분25초]	50.000000	54	118250	212897813	32	파우스트의 악령(포악)	2150
[2026-03-11 00시31분34초]	50.000000	54	118250	213016063	32	파우스트의 악령(악독)	2150
[2026-03-11 00시31분39초]	50.000000	54	118250	213134313	32	파우스트의 악령(잔인)	2150
[2026-03-11 00시31분44초]	50.000000	54	118250	213252563	32	파우스트의 악령(잔인)	2150
[2026-03-11 00시31분48초]	50.000000	54	118250	213370813	32	파우스트의 악령(포악)	2150
[2026-03-11 00시31분54초]	50.000000	54	118250	213489063	32	파우스트의 악령(악독)	2150
[2026-03-11 00시31분58초]	50.000000	54	118250	213607313	32	파우스트의 악령(악독)	2150
[2026-03-11 00시32분02초]	50.000000	54	118250	213725563	32	파우스트의 악령(악독)	2150
[2026-03-11 00시32분06초]	50.000000	54	118250	213843813	32	파우스트의 악령(포악)	2150
[2026-03-11 00시32분10초]	50.000000	54	118250	213962063	32	파우스트의 악령(악랄)	2150
[2026-03-11 00시32분15초]	50.000000	54	118250	214080313	32	파우스트의 악령(잔인)	2150
[2026-03-11 00시32분18초]	50.000000	54	118250	214198563	32	파우스트의 악령(잔인)	2150
[2026-03-11 00시32분20초]	50.000000	54	118250	214316813	32	파우스트의 악령(악랄)	2150
[2026-03-11 00시32분22초]	50.000000	54	118250	214435063	32	파우스트의 악령(악독)	2150
[2026-03-11 00시32분26초]	50.000000	54	118250	214553313	32	파우스트의 악령(악랄)	2150
[2026-03-11 00시32분32초]	50.000000	54	118250	214671563	32	파우스트의 악령(악독)	2150
[2026-03-11 00시41분45초]	50.000000	54	63250	214734813	32	왜곡의 웅골리언트	1150
[2026-03-11 00시41분47초]	50.000000	54	63250	214798063	32	왜곡의 웅골리언트	1150
[2026-03-11 00시41분48초]	50.000000	54	63250	214861313	32	왜곡의 웅골리언트	1150
[2026-03-11 00시41분49초]	50.000000	54	63250	214924563	35	왜곡의 코카트리스	1150
[2026-03-11 00시41분51초]	50.000000	54	63250	214987813	32	왜곡의 웅골리언트	1150
[2026-03-11 00시41분52초]	50.000000	54	63250	215051063	33	왜곡의 라미아	1150
[2026-03-11 00시42분13초]	50.000000	54	63250	215114313	34	왜곡의 키메라	1150
[2026-03-11 00시42분13초]	50.000000	54	63250	215177563	32	왜곡의 웅골리언트	1150
[2026-03-11 00시42분16초]	50.000000	54	63250	215240813	32	왜곡의 웅골리언트	1150
[2026-03-11 00시42분18초]	50.000000	54	63250	215304063	33	왜곡의 라미아	1150
[2026-03-11 00시42분18초]	50.000000	54	63250	215367313	35	왜곡의 코카트리스	1150
[2026-03-11 00시42분20초]	50.000000	54	63250	215430563	34	왜곡의 키메라	1150
[2026-03-11 00시42분21초]	50.000000	54	63250	215493813	34	왜곡의 키메라	1150
[2026-03-11 00시42분21초]	50.000000	54	63250	215557063	35	왜곡의 코카트리스	1150
[2026-03-11 00시42분39초]	50.000000	54	63250	215620313	35	왜곡의 코카트리스	1150
[2026-03-11 00시42분40초]	50.000000	54	63250	215683563	34	왜곡의 키메라	1150
[2026-03-11 00시42분42초]	50.000000	54	63250	215746813	34	왜곡의 키메라	1150
[2026-03-11 00시42분44초]	50.000000	54	63250	215810063	33	왜곡의 라미아	1150
[2026-03-11 00시43분08초]	50.000000	54	63250	215873313	32	왜곡의 웅골리언트	1150
[2026-03-11 00시43분10초]	50.000000	54	63250	215936563	34	왜곡의 키메라	1150
[2026-03-11 00시43분12초]	50.000000	54	63250	215999813	32	왜곡의 웅골리언트	1150
[2026-03-11 00시43분30초]	50.000000	54	63250	216063063	32	왜곡의 메두사	1150
[2026-03-11 00시43분32초]	50.000000	54	63250	216126313	32	왜곡의 메두사	1150
[2026-03-11 00시43분38초]	50.000000	54	63250	216189563	32	왜곡의 웅골리언트	1150
[2026-03-11 00시43분40초]	50.000000	54	63250	216252813	32	왜곡의 웅골리언트	1150
[2026-03-11 00시43분48초]	50.000000	54	63250	216316063	33	왜곡의 라미아	1150
[2026-03-11 00시43분49초]	50.000000	54	63250	216379313	33	왜곡의 라미아	1150
[2026-03-11 00시43분50초]	50.000000	54	63250	216442563	32	왜곡의 웅골리언트	1150
[2026-03-11 00시43분50초]	50.000000	54	63250	216505813	33	왜곡의 라미아	1150
[2026-03-11 00시44분13초]	50.000000	54	63250	216569063	32	왜곡의 메두사	1150
[2026-03-11 00시44분14초]	50.000000	54	63250	216632313	35	왜곡의 코카트리스	1150
[2026-03-11 00시44분38초]	50.000000	54	63250	216695563	32	왜곡의 메두사	1150
[2026-03-11 00시49분02초]	50.000000	54	118250	216813813	32	파우스트의 악령(악랄)	2150
[2026-03-11 00시49분03초]	50.000000	54	118250	216932063	32	파우스트의 악령(잔인)	2150
[2026-03-11 00시49분03초]	50.000000	54	118250	217050313	32	파우스트의 악령(잔인)	2150
[2026-03-11 00시49분13초]	50.000000	54	118250	217168563	32	파우스트의 악령(악독)	2150
[2026-03-11 00시49분13초]	50.000000	54	118250	217286813	32	파우스트의 악령(잔인)	2150
[2026-03-11 00시49분13초]	50.000000	54	118250	217405063	32	파우스트의 악령(잔인)	2150
[2026-03-11 00시49분30초]	50.000000	54	118250	217523313	32	파우스트의 악령(악랄)	2150
[2026-03-11 00시49분33초]	50.000000	54	118250	217641563	32	파우스트의 악령(잔인)	2150
[2026-03-11 00시49분41초]	50.000000	54	118250	217759813	32	파우스트의 악령(악독)	2150
[2026-03-11 00시49분41초]	50.000000	54	118250	217878063	32	파우스트의 악령(잔인)	2150
[2026-03-11 00시49분41초]	50.000000	54	118250	217996313	32	파우스트의 악령(악랄)	2150
[2026-03-11 00시49분41초]	50.000000	54	118250	218114563	32	파우스트의 악령(악독)	2150
[2026-03-11 00시49분41초]	50.000000	54	118250	218232813	32	파우스트의 악령(포악)	2150
[2026-03-11 00시55분09초]	50.000000	54	118250	218351063	32	파우스트의 악령(악랄)	2150
[2026-03-11 00시55분09초]	50.000000	54	118250	218469313	32	파우스트의 악령(악독)	2150
[2026-03-11 00시55분14초]	50.000000	54	118250	218587563	32	파우스트의 악령(포악)	2150
[2026-03-11 00시55분17초]	50.000000	54	118250	218705813	32	파우스트의 악령(악랄)	2150
[2026-03-11 00시55분25초]	50.000000	54	118250	218824063	32	파우스트의 악령(포악)	2150
[2026-03-11 00시55분39초]	50.000000	54	118250	218942313	32	파우스트의 악령(포악)	2150
[2026-03-11 00시55분39초]	50.000000	54	118250	219060563	32	파우스트의 악령(포악)	2150
[2026-03-11 00시55분40초]	50.000000	54	118250	219178813	32	파우스트의 악령(악랄)	2150
[2026-03-11 00시55분40초]	50.000000	54	118250	219297063	32	파우스트의 악령(악랄)	2150
[2026-03-11 00시55분40초]	50.000000	54	118250	219415313	32	파우스트의 악령(잔인)	2150
[2026-03-11 00시55분47초]	50.000000	54	118250	219533563	32	파우스트의 악령(포악)	2150
[2026-03-11 00시55분47초]	50.000000	54	118250	219651813	32	파우스트의 악령(잔인)	2150
[2026-03-11 00시55분55초]	50.000000	54	118250	219770063	32	파우스트의 악령(포악)	2150
[2026-03-11 00시56분50초]	50.000000	54	118250	219888313	32	파우스트의 악령(포악)	2150
[2026-03-11 00시56분51초]	50.000000	54	118250	220006563	32	파우스트의 악령(악랄)	2150
[2026-03-11 00시56분51초]	50.000000	54	118250	220124813	32	파우스트의 악령(포악)	2150
[2026-03-11 00시56분51초]	50.000000	54	118250	220243063	32	파우스트의 악령(포악)	2150
[2026-03-11 00시56분51초]	50.000000	54	118250	220361313	32	파우스트의 악령(악랄)	2150
[2026-03-11 00시56분51초]	50.000000	54	118250	220479563	32	파우스트의 악령(악랄)	2150
[2026-03-11 00시57분05초]	50.000000	54	118250	220597813	32	파우스트의 악령(잔인)	2150
[2026-03-11 00시57분06초]	50.000000	54	118250	220716063	32	파우스트의 악령(포악)	2150
[2026-03-11 00시57분10초]	50.000000	54	118250	220834313	32	파우스트의 악령(잔인)	2150
[2026-03-11 00시57분12초]	50.000000	54	118250	220952563	32	파우스트의 악령(포악)	2150
[2026-03-11 00시57분33초]	50.000000	54	118250	221070813	32	파우스트의 악령(악랄)	2150
[2026-03-11 00시57분36초]	50.000000	54	118250	221189063	32	파우스트의 악령(악독)	2150
[2026-03-11 00시57분38초]	50.000000	54	118250	221307313	32	파우스트의 악령(악랄)	2150
[2026-03-11 00시57분42초]	50.000000	54	63250	221370563	32	왜곡의 웅골리언트	1150
[2026-03-11 00시57분43초]	50.000000	54	63250	221433813	32	왜곡의 웅골리언트	1150
[2026-03-11 00시57분46초]	50.000000	54	63250	221497063	33	왜곡의 라미아	1150
[2026-03-11 00시57분49초]	50.000000	54	63250	221560313	32	왜곡의 웅골리언트	1150
[2026-03-11 00시57분51초]	50.000000	54	63250	221623563	32	왜곡의 메두사	1150
[2026-03-11 00시58분08초]	50.000000	54	63250	221686813	32	왜곡의 메두사	1150
[2026-03-11 00시58분09초]	50.000000	54	63250	221750063	32	왜곡의 웅골리언트	1150
[2026-03-11 00시58분10초]	50.000000	54	63250	221813313	34	왜곡의 키메라	1150
[2026-03-11 01시04분16초]	50.000000	54	63250	221876563	32	왜곡의 웅골리언트	1150
[2026-03-11 01시04분17초]	50.000000	54	63250	221939813	32	왜곡의 웅골리언트	1150
[2026-03-11 01시04분20초]	50.000000	54	63250	222003063	33	왜곡의 라미아	1150
[2026-03-11 01시04분25초]	50.000000	54	63250	222066313	34	왜곡의 키메라	1150
[2026-03-11 01시04분27초]	50.000000	54	63250	222129563	33	왜곡의 라미아	1150
[2026-03-11 01시04분28초]	50.000000	54	63250	222192813	35	왜곡의 코카트리스	1150
[2026-03-11 01시04분30초]	50.000000	54	63250	222256063	34	왜곡의 키메라	1150
[2026-03-11 01시04분33초]	50.000000	54	63250	222319313	34	왜곡의 키메라	1150
[2026-03-11 01시04분36초]	50.000000	54	63250	222382563	35	왜곡의 코카트리스	1150
[2026-03-11 01시04분36초]	50.000000	54	63250	222445813	34	왜곡의 키메라	1150
[2026-03-11 01시04분36초]	50.000000	54	63250	222509063	34	왜곡의 키메라	1150
[2026-03-11 01시04분37초]	50.000000	54	63250	222572313	32	왜곡의 웅골리언트	1150
[2026-03-11 01시04분42초]	50.000000	54	63250	222635563	32	왜곡의 웅골리언트	1150
[2026-03-11 01시04분44초]	50.000000	54	63250	222698813	32	왜곡의 웅골리언트	1150
[2026-03-11 01시04분44초]	50.000000	54	63250	222762063	32	왜곡의 웅골리언트	1150
[2026-03-11 01시04분44초]	50.000000	54	63250	222825313	35	왜곡의 코카트리스	1150
[2026-03-11 01시04분44초]	50.000000	54	63250	222888563	33	왜곡의 라미아	1150
[2026-03-11 01시04분50초]	50.000000	54	63250	222951813	33	왜곡의 라미아	1150
[2026-03-11 01시04분54초]	50.000000	54	63250	223015063	33	왜곡의 라미아	1150
[2026-03-11 01시05분03초]	50.000000	54	63250	223078313	35	왜곡의 코카트리스	1150
[2026-03-11 01시05분03초]	50.000000	54	63250	223141563	35	왜곡의 코카트리스	1150
[2026-03-11 01시05분16초]	50.000000	54	63250	223204813	34	왜곡의 키메라	1150
[2026-03-11 01시05분21초]	50.000000	54	63250	223268063	34	왜곡의 키메라	1150
[2026-03-11 01시05분25초]	50.000000	54	63250	223331313	35	왜곡의 코카트리스	1150
[2026-03-11 01시05분28초]	50.000000	54	63250	223394563	33	왜곡의 라미아	1150
[2026-03-11 01시05분33초]	50.000000	54	63250	223457813	33	왜곡의 라미아	1150
[2026-03-11 01시05분34초]	50.000000	54	63250	223521063	34	왜곡의 키메라	1150
[2026-03-11 01시05분36초]	50.000000	54	63250	223584313	33	왜곡의 라미아	1150
[2026-03-11 01시05분38초]	50.000000	54	63250	223647563	33	왜곡의 라미아	1150
[2026-03-11 01시05분41초]	50.000000	54	63250	223710813	32	왜곡의 웅골리언트	1150
[2026-03-11 01시05분48초]	50.000000	54	63250	223774063	35	왜곡의 코카트리스	1150
[2026-03-11 01시05분50초]	50.000000	54	63250	223837313	32	왜곡의 웅골리언트	1150
[2026-03-11 01시05분52초]	50.000000	54	63250	223900563	32	왜곡의 메두사	1150
[2026-03-11 01시05분55초]	50.000000	54	63250	223963813	34	왜곡의 키메라	1150
[2026-03-11 01시05분55초]	50.000000	54	63250	224027063	35	왜곡의 코카트리스	1150
[2026-03-11 01시05분55초]	50.000000	54	63250	224090313	32	왜곡의 메두사	1150
[2026-03-11 01시06분00초]	50.000000	54	63250	224153563	32	왜곡의 웅골리언트	1150
[2026-03-11 01시06분00초]	50.000000	54	63250	224216813	35	왜곡의 코카트리스	1150
[2026-03-11 01시06분05초]	50.000000	54	63250	224280063	33	왜곡의 라미아	1150
[2026-03-11 01시06분07초]	50.000000	54	63250	224343313	32	왜곡의 웅골리언트	1150
[2026-03-11 01시06분08초]	50.000000	54	63250	224406563	32	왜곡의 메두사	1150
[2026-03-11 08시37분33초]	50.000000	54	275	224406838	2	오크	5
[2026-03-11 08시37분37초]	50.000000	54	275	224407113	2	오크	5
[2026-03-11 08시37분44초]	50.000000	54	10835	224417948	14	셸로브	197
[2026-03-11 08시37분46초]	50.000000	54	16500	224434448	15	아울베어	300
[2026-03-11 08시37분47초]	50.000000	54	12375	224446823	16	웅골리언트	225
[2026-03-11 08시37분49초]	50.000000	54	41250	224488073	21	비홀더	750
[2026-03-11 08시37분53초]	50.000000	54	22000	224510073	18	좀비 엘모어 병사	400
[2026-03-11 08시38분10초]	50.000000	54	22000	224532073	18	좀비 엘모어 병사	400
[2026-03-11 08시38분11초]	50.000000	54	22000	224554073	18	좀비 엘모어 병사	400
[2026-03-11 08시38분14초]	50.000000	54	27500	224581573	19	좀비 엘모어 장군	500
[2026-03-11 15시21분42초]	50.000000	54	118250	224699823	32	파우스트의 악령(악랄)	2150
[2026-03-11 15시21분42초]	50.000000	54	118250	224818073	32	파우스트의 악령(악랄)	2150
[2026-03-11 15시21분42초]	50.000000	54	118250	224936323	32	파우스트의 악령(잔인)	2150
[2026-03-11 15시21분51초]	50.000000	54	118250	225054573	32	파우스트의 악령(악독)	2150
