[2026-02-14 10시12분26초]	30.000000	61	412	452614135	23	사라만다	550
[2026-02-14 10시12분32초]	30.000000	61	337	452614473	23	아시타지오	450
[2026-02-14 10시12분36초]	30.000000	61	360	452614833	18	불타는 궁수	480
[2026-02-14 10시12분41초]	30.000000	61	360	452615193	18	불타는 궁수	480
[2026-02-14 10시12분45초]	30.000000	61	337	452615530	23	아시타지오	450
[2026-02-14 10시12분48초]	30.000000	61	360	452615890	18	불타는 궁수	480
[2026-02-14 10시12분51초]	30.000000	61	507	452616398	26	폭탄꽃	677
[2026-02-14 10시13분00초]	30.000000	61	412	452616810	23	사라만다	550
[2026-02-14 10시13분04초]	30.000000	61	345	452617155	21	혼 켈베로스	460
[2026-02-14 10시13분11초]	30.000000	61	244	452617400	15	파이어 에그	326
[2026-02-14 10시13분16초]	30.000000	61	244	452617644	15	파이어 에그	326
[2026-02-14 10시13분23초]	30.000000	61	244	452617889	15	파이어 에그	326
[2026-02-14 10시13분29초]	30.000000	61	244	452618133	15	파이어 에그	326
[2026-02-14 10시13분31초]	30.000000	61	412	452618546	23	사라만다	550
[2026-02-14 10시13분35초]	30.000000	61	244	452618790	15	파이어 에그	326
[2026-02-14 10시13분51초]	30.000000	61	337	452619128	23	아시타지오	450
[2026-02-14 10시13분54초]	30.000000	61	360	452619488	18	불타는 궁수	480
[2026-02-14 10시13분57초]	30.000000	61	412	452619900	23	사라만다	550
[2026-02-14 10시14분06초]	30.000000	61	357	452620258	18	드래곤플라이	477
[2026-02-14 10시14분09초]	30.000000	61	357	452620616	18	드래곤플라이	477
[2026-02-14 10시14분16초]	30.000000	61	331	452620947	17	불타는 전사	442
[2026-02-14 10시14분18초]	30.000000	61	331	452621279	17	불타는 전사	442
[2026-02-14 10시14분58초]	30.000000	61	337	452621616	23	아시타지오	450
[2026-02-14 10시15분04초]	30.000000	61	244	452621861	15	파이어 에그	326
[2026-02-14 10시15분06초]	30.000000	61	360	452622221	18	불타는 궁수	480
[2026-02-14 10시15분09초]	30.000000	61	337	452622558	23	아시타지오	450
[2026-02-14 10시15분13초]	30.000000	61	244	452622803	15	파이어 에그	326
[2026-02-14 10시15분32초]	30.000000	61	345	452623148	21	혼 켈베로스	460
[2026-02-14 10시15분37초]	30.000000	61	412	452623560	23	사라만다	550
[2026-02-14 10시15분39초]	30.000000	61	360	452623920	18	불타는 궁수	480
[2026-02-14 10시23분56초]	30.000000	61	331	452624252	17	불타는 전사	442
[2026-02-14 10시24분12초]	30.000000	61	331	452624583	17	불타는 전사	442
[2026-02-14 10시24분16초]	30.000000	61	357	452624941	18	드래곤플라이	477
[2026-02-14 10시24분21초]	30.000000	61	357	452625299	18	드래곤플라이	477
[2026-02-14 10시24분31초]	30.000000	61	244	452625543	15	파이어 에그	326
[2026-02-14 10시24분35초]	30.000000	61	345	452625888	24	라바골렘	460
[2026-02-14 10시24분37초]	30.000000	61	360	452626248	18	불타는 궁수	480
[2026-02-14 10시24분41초]	30.000000	61	331	452626580	17	불타는 전사	442
[2026-02-14 10시24분42초]	30.000000	61	337	452626917	23	아시타지오	450
[2026-02-14 10시24분52초]	30.000000	61	337	452627255	23	아시타지오	450
[2026-02-14 10시25분00초]	30.000000	61	357	452627613	18	드래곤플라이	477
[2026-02-14 10시25분03초]	30.000000	61	331	452627944	17	불타는 전사	442
[2026-02-14 10시25분07초]	30.000000	61	331	452628276	17	불타는 전사	442
[2026-02-14 10시25분13초]	30.000000	61	331	452628607	17	불타는 전사	442
[2026-02-14 10시25분34초]	30.000000	61	360	452628967	18	불타는 궁수	480
[2026-02-14 10시25분52초]	30.000000	61	360	452629327	18	불타는 궁수	480
[2026-02-14 10시25분57초]	30.000000	61	357	452629685	18	드래곤플라이	477
[2026-02-14 10시25분59초]	30.000000	61	360	452630045	18	불타는 궁수	480
[2026-02-14 10시26분18초]	30.000000	61	337	452630382	23	아시타지오	450
[2026-02-14 10시26분20초]	30.000000	61	244	452630627	15	파이어 에그	326
[2026-02-14 10시26분24초]	30.000000	61	345	452630972	24	라바골렘	460
[2026-02-14 10시26분30초]	30.000000	61	507	452631480	26	폭탄꽃	677
[2026-02-14 10시29분16초]	30.000000	61	360	452631840	18	불타는 궁수	480
[2026-02-14 10시29분27초]	30.000000	61	337	452632177	23	아시타지오	450
[2026-02-14 10시29분34초]	30.000000	61	360	452632537	18	불타는 궁수	480
[2026-02-14 10시29분38초]	30.000000	61	357	452632895	18	드래곤플라이	477
[2026-02-14 10시29분43초]	30.000000	61	337	452633232	23	아시타지오	450
[2026-02-14 10시29분47초]	30.000000	61	360	452633592	18	불타는 궁수	480
[2026-02-14 10시29분51초]	30.000000	61	244	452633837	15	파이어 에그	326
[2026-02-14 10시29분53초]	30.000000	61	507	452634345	26	폭탄꽃	677
[2026-02-14 10시30분22초]	30.000000	61	244	452634589	15	파이어 에그	326
