[2026-03-09 13시29분17초]	 [캐릭터: 하하]	 [.인벤]
[2026-03-09 13시29분33초]	 [캐릭터: 하하]	 [.템 강철마나의지팡이 1 8 0]
[2026-03-09 13시29분41초]	 [캐릭터: 하하]	 [.템 강철마나의지팡이 1 8 0]
[2026-03-09 13시29분54초]	 [캐릭터: 하하]	 [.스킬올마]
[2026-03-09 13시30분58초]	 [캐릭터: 하하]	 [.템 1억아데나 1]
[2026-03-09 13시33분34초]	 [캐릭터: 하하]	 [.템 오만의탑1층이동주문서 10]
[2026-03-09 13시34분57초]	 [캐릭터: 하하]	 [.칠흑3층 시작]
[2026-03-09 13시35분23초]	 [캐릭터: 하하]	 [.수배 하하 3]
[2026-03-09 13시36분02초]	 [캐릭터: 하하]	 [.영자마크]
[2026-03-09 13시36분09초]	 [캐릭터: 하하]	 [.영자마크]
[2026-03-09 13시36분13초]	 [캐릭터: 하하]	 [..]
[2026-03-09 13시39분22초]	 [캐릭터: 혈맹없다]	 [.인벤]
[2026-03-09 13시40분14초]	 [캐릭터: 혈맹없다]	 [.무인혈맹]
[2026-03-09 13시40분37초]	 [캐릭터: 하히]	 [.수배 하히 3]
[2026-03-09 13시40분43초]	 [캐릭터: 하히]	 [..]
[2026-03-09 13시40분46초]	 [캐릭터: 하히]	 [..]
[2026-03-09 13시41분01초]	 [캐릭터: 하하]	 [.영자마크]
[2026-03-09 13시41분05초]	 [캐릭터: 하하]	 [.영자마크]
[2026-03-09 13시41분11초]	 [캐릭터: 하하]	 [..]
[2026-03-09 13시41분15초]	 [캐릭터: 하하]	 [.영자마크 끔]
[2026-03-09 13시41분17초]	 [캐릭터: 하하]	 [..]
[2026-03-09 13시41분33초]	 [캐릭터: 하하]	 [..]
[2026-03-09 13시47분23초]	 [캐릭터: 하하]	 [.칠흑3층 시작]
[2026-03-09 14시00분42초]	 [캐릭터: 하하]	 [.템 랭킹변신카드 1]
[2026-03-09 14시02분37초]	 [캐릭터: 하하]	 [.템 랭킹변신카드 1]
