[2025-12-21 16시34분46초	1766302486383]	Mysql..
[2025-12-21 16시34분46초	1766302486384]	2ms

[2025-12-21 16시34분46초	1766302486400]	lineage.conf file loading...
[2025-12-21 16시34분46초	1766302486432]	32ms

[2025-12-21 16시34분46초	1766302486438]	Lineage_Balance..
[2025-12-21 16시34분46초	1766302486447]	9ms

[2025-12-21 16시34분46초	1766302486448]	npc_promotion..
[2025-12-21 16시34분46초	1766302486448]	0ms

[2025-12-21 16시34분46초	1766302486449]	Socket..
[2025-12-21 16시34분46초	1766302486449]	0ms

[2025-12-21 16시34분46초	1766302486449]	Common..
[2025-12-21 16시34분46초	1766302486449]	0ms

[2025-12-21 16시34분46초	1766302486450]	EventThread..
[2025-12-21 16시34분46초	1766302486450]	0ms

[2025-12-21 16시34분46초	1766302486451]	AiExecuteThread..
[2025-12-21 16시34분46초	1766302486451]	0ms

[2025-12-21 16시34분46초	1766302486452]	AiThread..
[2025-12-21 16시34분46초	1766302486452]	0ms

[2025-12-21 16시34분46초	1766302486455]	World..
[2025-12-21 16시34분46초	1766302486541]	86ms

[2025-12-21 16시34분46초	1766302486543]	BookController..
[2025-12-21 16시34분46초	1766302486543]	0ms

[2025-12-21 16시34분46초	1766302486544]	InventoryController..
[2025-12-21 16시34분46초	1766302486544]	0ms

[2025-12-21 16시34분46초	1766302486545]	BasePacketPooling..
[2025-12-21 16시34분46초	1766302486545]	0ms

[2025-12-21 16시34분46초	1766302486547]	SkillController..
[2025-12-21 16시34분46초	1766302486547]	0ms

[2025-12-21 16시34분46초	1766302486553]	DamageController..
[2025-12-21 16시34분46초	1766302486553]	0ms

[2025-12-21 16시34분46초	1766302486554]	CharacterController..
[2025-12-21 16시34분46초	1766302486555]	1ms

[2025-12-21 16시34분46초	1766302486555]	TradeController..
[2025-12-21 16시34분46초	1766302486555]	0ms

[2025-12-21 16시34분46초	1766302486556]	DungeonController..
[2025-12-21 16시34분46초	1766302486556]	0ms

[2025-12-21 16시34분46초	1766302486557]	ShipController..
[2025-12-21 16시34분46초	1766302486557]	0ms

[2025-12-21 16시34분46초	1766302486557]	BuffController..
[2025-12-21 16시34분46초	1766302486557]	0ms

[2025-12-21 16시34분46초	1766302486561]	SummonController..
[2025-12-21 16시34분46초	1766302486561]	0ms

[2025-12-21 16시34분46초	1766302486562]	PartyController..
[2025-12-21 16시34분46초	1766302486562]	0ms

[2025-12-21 16시34분46초	1766302486563]	InnController..
[2025-12-21 16시34분46초	1766302486563]	0ms

[2025-12-21 16시34분46초	1766302486564]	BoardController..
[2025-12-21 16시34분46초	1766302486564]	0ms

[2025-12-21 16시34분46초	1766302486565]	LetterController..
[2025-12-21 16시34분46초	1766302486565]	0ms

[2025-12-21 16시34분46초	1766302486566]	UserShopController..
[2025-12-21 16시34분46초	1766302486566]	0ms

[2025-12-21 16시34분46초	1766302486575]	ChattingController..
[2025-12-21 16시34분46초	1766302486581]	6ms

[2025-12-21 16시34분46초	1766302486586]	ColosseumController..
[2025-12-21 16시34분46초	1766302486586]	0ms

[2025-12-21 16시34분46초	1766302486587]	CraftController..
[2025-12-21 16시34분46초	1766302486587]	0ms

[2025-12-21 16시34분46초	1766302486588]	BossController..
[2025-12-21 16시34분46초	1766302486588]	0ms

[2025-12-21 16시34분46초	1766302486589]	NoticeController..
[2025-12-21 16시34분46초	1766302486589]	0ms

[2025-12-21 16시34분46초	1766302486590]	FriendController..
[2025-12-21 16시34분46초	1766302486590]	0ms

[2025-12-21 16시34분46초	1766302486590]	BugScanningController..
[2025-12-21 16시34분46초	1766302486590]	0ms

[2025-12-21 16시34분46초	1766302486591]	MagicDollController..
[2025-12-21 16시34분46초	1766302486592]	1ms

[2025-12-21 16시34분46초	1766302486592]	ShopController..
[2025-12-21 16시34분46초	1766302486592]	0ms

[2025-12-21 16시34분46초	1766302486593]	WarehouseDatabase..
[2025-12-21 16시34분46초	1766302486593]	0ms

[2025-12-21 16시34분46초	1766302486594]	PakTools..
[2025-12-21 16시34분46초	1766302486596]	2ms

[2025-12-21 16시34분46초	1766302486596]	ScriptController...
[2025-12-21 16시34분46초	1766302486599]	3ms

[2025-12-21 16시34분46초	1766302486600]	GiranClanLordController..
[2025-12-21 16시34분46초	1766302486600]	0ms

[2025-12-21 16시34분46초	1766302486601]	TeamBattleController..
[2025-12-21 16시34분46초	1766302486601]	0ms

[2025-12-21 16시34분46초	1766302486602]	WorldClearController..
[2025-12-21 16시34분46초	1766302486602]	0ms

[2025-12-21 16시34분46초	1766302486602]	SpotController..
[2025-12-21 16시34분46초	1766302486605]	0ms

[2025-12-21 16시34분46초	1766302486606]	테베라스 컨트롤러..
[2025-12-21 16시34분46초	1766302486606]	0ms

[2025-12-21 16시34분46초	1766302486607]	지옥 컨트롤러..
[2025-12-21 16시34분46초	1766302486607]	0ms

[2025-12-21 16시34분46초	1766302486607]	지하수로 컨트롤러..
[2025-12-21 16시34분46초	1766302486607]	0ms

[2025-12-21 16시34분46초	1766302486608]	보물찾기컨트롤러..
[2025-12-21 16시34분46초	1766302486608]	0ms

[2025-12-21 16시34분46초	1766302486609]	마족신전 컨트롤러..
[2025-12-21 16시34분46초	1766302486609]	0ms

[2025-12-21 16시34분46초	1766302486609]	고무 컨트롤러..
[2025-12-21 16시34분46초	1766302486613]	4ms

[2025-12-21 16시34분46초	1766302486614]	정무던전 컨트롤러..
[2025-12-21 16시34분46초	1766302486614]	0ms

[2025-12-21 16시34분46초	1766302486615]	그신 컨트롤러..
[2025-12-21 16시34분46초	1766302486615]	0ms

[2025-12-21 16시34분46초	1766302486616]	라바던전 컨트롤러..
[2025-12-21 16시34분46초	1766302486616]	0ms

[2025-12-21 16시34분46초	1766302486616]	월드보스컨트롤러..
[2025-12-21 16시34분46초	1766302486616]	0ms

[2025-12-21 16시34분46초	1766302486617]	펭귄 사냥터 컨트롤러..
[2025-12-21 16시34분46초	1766302486617]	0ms

[2025-12-21 16시34분46초	1766302486618]	칠흑던전 컨트롤러..
[2025-12-21 16시34분46초	1766302486618]	0ms

[2025-12-21 16시34분46초	1766302486618]	악마왕의영토컨트롤러..
[2025-12-21 16시34분46초	1766302486618]	0ms

[2025-12-21 16시34분46초	1766302486619]	얼던컨트롤러..
[2025-12-21 16시34분46초	1766302486619]	0ms

[2025-12-21 16시34분46초	1766302486620]	기감 컨트롤러..
[2025-12-21 16시34분46초	1766302486620]	0ms

[2025-12-21 16시34분46초	1766302486620]	고라스컨트롤러..
[2025-12-21 16시34분46초	1766302486620]	0ms

[2025-12-21 16시34분46초	1766302486621]	드워프컨트롤러..
[2025-12-21 16시34분46초	1766302486621]	0ms

[2025-12-21 16시34분46초	1766302486622]	타임이벤트컨트롤러..
[2025-12-21 16시34분46초	1766302486622]	0ms

[2025-12-21 16시34분46초	1766302486622]	AutoHuntController..
[2025-12-21 16시34분46초	1766302486622]	0ms

[2025-12-21 16시34분46초	1766302486623]	DatabaseConnection..
[2025-12-21 16시34분46초	1766302486934]	311ms

[2025-12-21 16시34분46초	1766302486951]	ServerDatabase..
[2025-12-21 16시34분46초	1766302486988]	37ms

[2025-12-21 16시34분46초	1766302486991]	SlimeRaceController..
[2025-12-21 16시34분46초	1766302486993]	2ms

[2025-12-21 16시34분46초	1766302486995]	DogRaceController..
[2025-12-21 16시34분46초	1766302486997]	2ms

[2025-12-21 16시34분46초	1766302486999]	ClanController..
[2025-12-21 16시34분47초	1766302487004]	5ms

[2025-12-21 16시34분47초	1766302487007]	KingdomController..
[2025-12-21 16시34분47초	1766302487013]	6ms

[2025-12-21 16시34분47초	1766302487015]	AgitController..
[2025-12-21 16시34분47초	1766302487018]	3ms

[2025-12-21 16시34분47초	1766302487019]	AuctionController..
[2025-12-21 16시34분47초	1766302487025]	5ms

[2025-12-21 16시34분47초	1766302487030]	ItemDatabase..
[2025-12-21 16시34분47초	1766302487152]	122ms

[2025-12-21 16시34분47초	1766302487154]	ItemSetopionDatabase..
[2025-12-21 16시34분47초	1766302487156]	2ms

[2025-12-21 16시34분47초	1766302487158]	AutosellDatabase..
[2025-12-21 16시34분47초	1766302487177]	19ms

[2025-12-21 16시34분47초	1766302487178]	ItemSkillDatabase..
[2025-12-21 16시34분47초	1766302487181]	3ms

[2025-12-21 16시34분47초	1766302487182]	ItemBundleDatabase..
[2025-12-21 16시34분47초	1766302487185]	3ms

[2025-12-21 16시34분47초	1766302487186]	ItemChanceBundleDatabase..
[2025-12-21 16시34분47초	1766302487190]	4ms

[2025-12-21 16시34분47초	1766302487191]	FishItemListDatabase..
[2025-12-21 16시34분47초	1766302487192]	1ms

[2025-12-21 16시34분47초	1766302487194]	ItemTeleport..
[2025-12-21 16시34분47초	1766302487199]	5ms

[2025-12-21 16시34분47초	1766302487200]	PolyDatabase..
[2025-12-21 16시34분47초	1766302487204]	4ms

[2025-12-21 16시34분47초	1766302487204]	DungeonDatabase..
[2025-12-21 16시34분47초	1766302487209]	5ms

[2025-12-21 16시34분47초	1766302487210]	DefiniteDatabase..
[2025-12-21 16시34분47초	1766302487213]	3ms

[2025-12-21 16시34분47초	1766302487214]	ExpDatabase..
[2025-12-21 16시34분47초	1766302487216]	2ms

[2025-12-21 16시34분47초	1766302487216]	BackgroundDatabase..
[2025-12-21 16시34분47초	1766302487347]	131ms

[2025-12-21 16시34분47초	1766302487347]	SpriteFrameDatabase..
[2025-12-21 16시34분47초	1766302487404]	57ms

[2025-12-21 16시34분47초	1766302487405]	SkillDatabase..
[2025-12-21 16시34분47초	1766302487409]	4ms

[2025-12-21 16시34분47초	1766302487409]	NpcDatabase..
[2025-12-21 16시34분47초	1766302487418]	9ms

[2025-12-21 16시34분47초	1766302487419]	NpcShopDatabase..
[2025-12-21 16시34분47초	1766302487478]	59ms

[2025-12-21 16시34분47초	1766302487478]	NpcTeleportDatabase..
[2025-12-21 16시34분47초	1766302487481]	3ms

[2025-12-21 16시34분47초	1766302487632]	NpcSpawnlistDatabase..
[2025-12-21 16시34분47초	1766302487686]	54ms

[2025-12-21 16시34분47초	1766302487688]	EventController..
[2025-12-21 16시34분47초	1766302487688]	0ms

[2025-12-21 16시34분47초	1766302487690]	MonsterDatabase..
[2025-12-21 16시34분47초	1766302487706]	16ms

[2025-12-21 16시34분47초	1766302487714]	MonsterDropDatabase..
[2025-12-21 16시34분47초	1766302487741]	27ms

[2025-12-21 16시34분47초	1766302487742]	MonsterSkillDatabase..
[2025-12-21 16시34분47초	1766302487754]	12ms

[2025-12-21 16시34분47초	1766302487756]	MonsterSpawnlistDatabase..
[2025-12-21 16시34분48초	1766302488965]	1209ms

[2025-12-21 16시34분48초	1766302488966]	MonsterBossSpawnlistDatabase..
[2025-12-21 16시34분48초	1766302488973]	7ms

[2025-12-21 16시34분48초	1766302488974]	ServerDownBossListDatabase..
[2025-12-21 16시34분48초	1766302488975]	1ms

[2025-12-21 16시34분48초	1766302488976]	BadIpDatabase..
[2025-12-21 16시34분48초	1766302488978]	2ms

[2025-12-21 16시34분48초	1766302488978]	QuestController..
[2025-12-21 16시34분48초	1766302488980]	1ms

[2025-12-21 16시34분48초	1766302488980]	ServerOpcodesDatabase..
[2025-12-21 16시34분48초	1766302488984]	4ms

[2025-12-21 16시34분48초	1766302488985]	ServerNoticeDatabase..
[2025-12-21 16시34분48초	1766302488987]	2ms

[2025-12-21 16시34분48초	1766302488989]	RankController..
[2025-12-21 16시34분49초	1766302489007]	18ms

[2025-12-21 16시34분49초	1766302489008]	WantedController..
[2025-12-21 16시34분49초	1766302489010]	2ms

[2025-12-21 16시34분49초	1766302489011]	TeleportHomeDatabase..
[2025-12-21 16시34분49초	1766302489042]	31ms

[2025-12-21 16시34분49초	1766302489043]	TeleportResetDatabase..
[2025-12-21 16시34분49초	1766302489081]	38ms

[2025-12-21 16시34분49초	1766302489082]	ItemPinewandDatabase..
[2025-12-21 16시34분49초	1766302489085]	2ms

[2025-12-21 16시34분49초	1766302489085]	ItemMaplewandDatabase..
[2025-12-21 16시34분49초	1766302489088]	3ms

[2025-12-21 16시34분49초	1766302489089]	SummonListDatabase..
[2025-12-21 16시34분49초	1766302489091]	2ms

[2025-12-21 16시34분49초	1766302489092]	GmListDatabase..
[2025-12-21 16시34분49초	1766302489093]	1ms

[2025-12-21 16시34분49초	1766302489095]	MagicdollListDatabase..
[2025-12-21 16시34분49초	1766302489098]	3ms

[2025-12-21 16시34분49초	1766302489102]	PcMarketController..
[2025-12-21 16시34분49초	1766302489104]	2ms

[2025-12-21 16시34분49초	1766302489104]	ServerOptionDatabase..
[2025-12-21 16시34분49초	1766302489105]	1ms

[2025-12-21 16시34분49초	1766302489106]	TimeDungeonDatabase..
[2025-12-21 16시34분49초	1766302489107]	1ms

[2025-12-21 16시34분49초	1766302489107]	TeamBattleDatabase..
[2025-12-21 16시34분49초	1766302489109]	2ms

[2025-12-21 16시34분49초	1766302489110]	LifeLostItemDatabase..
[2025-12-21 16시34분49초	1766302489112]	2ms

[2025-12-21 16시34분49초	1766302489113]	GmTeleportDatabase..
[2025-12-21 16시34분49초	1766302489114]	1ms

[2025-12-21 16시34분49초	1766302489117]	무인혈맹컨트롤러..
[2025-12-21 16시34분49초	1766302489118]	1ms

[2025-12-21 16시34분49초	1766302489119]	HackNoCheckDatabase..
[2025-12-21 16시34분49초	1766302489120]	1ms

[2025-12-21 16시34분49초	1766302489121]	EnchantLostItemDatabase..
[2025-12-21 16시34분49초	1766302489125]	4ms

[2025-12-21 16시34분49초	1766302489126]	ItemDropMessageDatabase..
[2025-12-21 16시34분49초	1766302489127]	1ms

[2025-12-21 16시34분49초	1766302489129]	FishingController..
[2025-12-21 16시34분49초	1766302489141]	12ms

[2025-12-21 16시34분49초	1766302489149]	RobotController..
[2025-12-21 16시34분49초	1766302489247]	98ms

[2025-12-21 16시34분49초	1766302489249]	Server..
[2025-12-21 16시34분49초	1766302489316]	67ms

[2025-12-21 16시34분49초	1766302489317]	ServerThread..
[2025-12-21 16시34분49초	1766302489317]	0ms

[2025-12-21 16시34분49초	1766302489318]	ControllerTherad..
[2025-12-21 16시34분49초	1766302489318]	0ms

[2025-12-21 16시34분49초	1766302489318]	CharacterThread..
[2025-12-21 16시34분49초	1766302489319]	1ms

[2025-12-21 16시34분49초	1766302489319]	DatabaseThread..
[2025-12-21 16시34분49초	1766302489319]	0ms

[2025-12-21 16시34분49초	1766302489320]	CharacterControlThread..
[2025-12-21 16시34분49초	1766302489320]	0ms

[2025-12-21 16시34분49초	1766302489325]	FightController..
[2025-12-21 16시34분49초	1766302489368]	43ms

[2025-12-21 16시34분49초	1766302489369]	TimeThread..
[2025-12-21 16시34분49초	1766302489369]	0ms

[2025-12-21 16시34분49초	1766302489369]	AutoHuntThread..
[2025-12-21 16시34분49초	1766302489370]	1ms

[2025-12-21 16시34분49초	1766302489370]	======================================================================
[2025-12-21 16시34분49초	1766302489370]	Server Version  :  Lineage 2.0

[2025-12-21 16시34분49초	1766302489370]	Server Port      :  2000

[2025-12-21 16시34분49초	1766302489370]	계정 자동생성  :  on

[2025-12-21 16시34분49초	1766302489370]	인챈트 : 1.0배  ||  드랍 : 1.0배  ||  경험치 : 30.0배  ||  아데나 : 200.0배  ||  파티 : 1.1배

[2025-12-21 16시34분49초	1766302489370]	======================================================================
[2025-12-21 16시34분49초	1766302489370]	'서버' 가동되었습니다.

[2025-12-21 16시36분55초	1766302615854]	서버가 즉시 종료됩니다...
[2025-12-21 16시36분56초	1766302616854]	Thread close..
[2025-12-21 16시36분57초	1766302617854]	Save Database..
[2025-12-21 16시36분58초	1766302618396]	Socket close..
[2025-12-21 16시36분58초	1766302618396]	LineageServer Close...
[2025-12-21 16시36분58초	1766302618396]	0ms

[2025-12-21 16시36분58초	1766302618396]	ok..
