[2025-12-25 10시05분41초	1766624741531]	Mysql..
[2025-12-25 10시05분41초	1766624741532]	2ms

[2025-12-25 10시05분41초	1766624741549]	lineage.conf file loading...
[2025-12-25 10시05분41초	1766624741589]	40ms

[2025-12-25 10시05분41초	1766624741596]	Lineage_Balance..
[2025-12-25 10시05분41초	1766624741606]	10ms

[2025-12-25 10시05분41초	1766624741607]	npc_promotion..
[2025-12-25 10시05분41초	1766624741608]	1ms

[2025-12-25 10시05분41초	1766624741609]	Socket..
[2025-12-25 10시05분41초	1766624741609]	0ms

[2025-12-25 10시05분41초	1766624741609]	Common..
[2025-12-25 10시05분41초	1766624741609]	0ms

[2025-12-25 10시05분41초	1766624741610]	EventThread..
[2025-12-25 10시05분41초	1766624741611]	1ms

[2025-12-25 10시05분41초	1766624741612]	AiExecuteThread..
[2025-12-25 10시05분41초	1766624741612]	0ms

[2025-12-25 10시05분41초	1766624741613]	AiThread..
[2025-12-25 10시05분41초	1766624741613]	0ms

[2025-12-25 10시05분41초	1766624741623]	World..
[2025-12-25 10시05분41초	1766624741709]	86ms

[2025-12-25 10시05분41초	1766624741712]	BookController..
[2025-12-25 10시05분41초	1766624741712]	0ms

[2025-12-25 10시05분41초	1766624741713]	InventoryController..
[2025-12-25 10시05분41초	1766624741713]	0ms

[2025-12-25 10시05분41초	1766624741713]	BasePacketPooling..
[2025-12-25 10시05분41초	1766624741713]	0ms

[2025-12-25 10시05분41초	1766624741716]	SkillController..
[2025-12-25 10시05분41초	1766624741716]	0ms

[2025-12-25 10시05분41초	1766624741730]	DamageController..
[2025-12-25 10시05분41초	1766624741731]	0ms

[2025-12-25 10시05분41초	1766624741733]	CharacterController..
[2025-12-25 10시05분41초	1766624741733]	0ms

[2025-12-25 10시05분41초	1766624741734]	TradeController..
[2025-12-25 10시05분41초	1766624741734]	0ms

[2025-12-25 10시05분41초	1766624741735]	DungeonController..
[2025-12-25 10시05분41초	1766624741735]	0ms

[2025-12-25 10시05분41초	1766624741736]	ShipController..
[2025-12-25 10시05분41초	1766624741737]	1ms

[2025-12-25 10시05분41초	1766624741738]	BuffController..
[2025-12-25 10시05분41초	1766624741738]	0ms

[2025-12-25 10시05분41초	1766624741744]	SummonController..
[2025-12-25 10시05분41초	1766624741744]	0ms

[2025-12-25 10시05분41초	1766624741745]	PartyController..
[2025-12-25 10시05분41초	1766624741745]	0ms

[2025-12-25 10시05분41초	1766624741746]	InnController..
[2025-12-25 10시05분41초	1766624741746]	0ms

[2025-12-25 10시05분41초	1766624741748]	BoardController..
[2025-12-25 10시05분41초	1766624741748]	0ms

[2025-12-25 10시05분41초	1766624741751]	LetterController..
[2025-12-25 10시05분41초	1766624741751]	0ms

[2025-12-25 10시05분41초	1766624741751]	UserShopController..
[2025-12-25 10시05분41초	1766624741751]	0ms

[2025-12-25 10시05분41초	1766624741760]	ChattingController..
[2025-12-25 10시05분41초	1766624741764]	4ms

[2025-12-25 10시05분41초	1766624741766]	ColosseumController..
[2025-12-25 10시05분41초	1766624741766]	0ms

[2025-12-25 10시05분41초	1766624741767]	CraftController..
[2025-12-25 10시05분41초	1766624741767]	0ms

[2025-12-25 10시05분41초	1766624741769]	BossController..
[2025-12-25 10시05분41초	1766624741769]	0ms

[2025-12-25 10시05분41초	1766624741771]	NoticeController..
[2025-12-25 10시05분41초	1766624741771]	0ms

[2025-12-25 10시05분41초	1766624741773]	FriendController..
[2025-12-25 10시05분41초	1766624741773]	1ms

[2025-12-25 10시05분41초	1766624741773]	BugScanningController..
[2025-12-25 10시05분41초	1766624741773]	0ms

[2025-12-25 10시05분41초	1766624741777]	MagicDollController..
[2025-12-25 10시05분41초	1766624741777]	0ms

[2025-12-25 10시05분41초	1766624741778]	ShopController..
[2025-12-25 10시05분41초	1766624741778]	0ms

[2025-12-25 10시05분41초	1766624741780]	WarehouseDatabase..
[2025-12-25 10시05분41초	1766624741780]	0ms

[2025-12-25 10시05분41초	1766624741782]	PakTools..
[2025-12-25 10시05분41초	1766624741783]	1ms

[2025-12-25 10시05분41초	1766624741784]	ScriptController...
[2025-12-25 10시05분41초	1766624741788]	4ms

[2025-12-25 10시05분41초	1766624741788]	GiranClanLordController..
[2025-12-25 10시05분41초	1766624741788]	0ms

[2025-12-25 10시05분41초	1766624741791]	TeamBattleController..
[2025-12-25 10시05분41초	1766624741791]	0ms

[2025-12-25 10시05분41초	1766624741792]	WorldClearController..
[2025-12-25 10시05분41초	1766624741792]	0ms

[2025-12-25 10시05분41초	1766624741793]	SpotController..
[2025-12-25 10시05분41초	1766624741793]	0ms

[2025-12-25 10시05분41초	1766624741793]	테베라스 컨트롤러..
[2025-12-25 10시05분41초	1766624741793]	0ms

[2025-12-25 10시05분41초	1766624741795]	지옥 컨트롤러..
[2025-12-25 10시05분41초	1766624741795]	0ms

[2025-12-25 10시05분41초	1766624741796]	지하수로 컨트롤러..
[2025-12-25 10시05분41초	1766624741796]	0ms

[2025-12-25 10시05분41초	1766624741798]	보물찾기컨트롤러..
[2025-12-25 10시05분41초	1766624741798]	0ms

[2025-12-25 10시05분41초	1766624741799]	마족신전 컨트롤러..
[2025-12-25 10시05분41초	1766624741799]	0ms

[2025-12-25 10시05분41초	1766624741800]	고무 컨트롤러..
[2025-12-25 10시05분41초	1766624741806]	6ms

[2025-12-25 10시05분41초	1766624741807]	정무던전 컨트롤러..
[2025-12-25 10시05분41초	1766624741807]	0ms

[2025-12-25 10시05분41초	1766624741809]	그신 컨트롤러..
[2025-12-25 10시05분41초	1766624741809]	0ms

[2025-12-25 10시05분41초	1766624741810]	라바던전 컨트롤러..
[2025-12-25 10시05분41초	1766624741810]	0ms

[2025-12-25 10시05분41초	1766624741811]	월드보스컨트롤러..
[2025-12-25 10시05분41초	1766624741812]	1ms

[2025-12-25 10시05분41초	1766624741812]	펭귄 사냥터 컨트롤러..
[2025-12-25 10시05분41초	1766624741812]	0ms

[2025-12-25 10시05분41초	1766624741814]	칠흑던전 컨트롤러..
[2025-12-25 10시05분41초	1766624741814]	0ms

[2025-12-25 10시05분41초	1766624741815]	악마왕의영토컨트롤러..
[2025-12-25 10시05분41초	1766624741815]	0ms

[2025-12-25 10시05분41초	1766624741817]	얼던컨트롤러..
[2025-12-25 10시05분41초	1766624741818]	1ms

[2025-12-25 10시05분41초	1766624741819]	기감 컨트롤러..
[2025-12-25 10시05분41초	1766624741820]	1ms

[2025-12-25 10시05분41초	1766624741821]	고라스컨트롤러..
[2025-12-25 10시05분41초	1766624741821]	0ms

[2025-12-25 10시05분41초	1766624741822]	드워프컨트롤러..
[2025-12-25 10시05분41초	1766624741823]	1ms

[2025-12-25 10시05분41초	1766624741824]	타임이벤트컨트롤러..
[2025-12-25 10시05분41초	1766624741824]	0ms

[2025-12-25 10시05분41초	1766624741825]	AutoHuntController..
[2025-12-25 10시05분41초	1766624741825]	0ms

[2025-12-25 10시05분41초	1766624741826]	DatabaseConnection..
[2025-12-25 10시05분42초	1766624742155]	329ms

[2025-12-25 10시05분42초	1766624742170]	ServerDatabase..
[2025-12-25 10시05분42초	1766624742203]	33ms

[2025-12-25 10시05분42초	1766624742207]	SlimeRaceController..
[2025-12-25 10시05분42초	1766624742210]	3ms

[2025-12-25 10시05분42초	1766624742213]	DogRaceController..
[2025-12-25 10시05분42초	1766624742215]	2ms

[2025-12-25 10시05분42초	1766624742218]	ClanController..
[2025-12-25 10시05분42초	1766624742226]	8ms

[2025-12-25 10시05분42초	1766624742234]	KingdomController..
[2025-12-25 10시05분42초	1766624742245]	11ms

[2025-12-25 10시05분42초	1766624742246]	AgitController..
[2025-12-25 10시05분42초	1766624742252]	6ms

[2025-12-25 10시05분42초	1766624742254]	AuctionController..
[2025-12-25 10시05분42초	1766624742260]	6ms

[2025-12-25 10시05분42초	1766624742264]	ItemDatabase..
[2025-12-25 10시05분42초	1766624742363]	99ms

[2025-12-25 10시05분42초	1766624742364]	ItemSetopionDatabase..
[2025-12-25 10시05분42초	1766624742368]	4ms

[2025-12-25 10시05분42초	1766624742369]	AutosellDatabase..
[2025-12-25 10시05분42초	1766624742391]	22ms

[2025-12-25 10시05분42초	1766624742393]	ItemSkillDatabase..
[2025-12-25 10시05분42초	1766624742396]	4ms

[2025-12-25 10시05분42초	1766624742397]	ItemBundleDatabase..
[2025-12-25 10시05분42초	1766624742401]	4ms

[2025-12-25 10시05분42초	1766624742402]	ItemChanceBundleDatabase..
[2025-12-25 10시05분42초	1766624742405]	3ms

[2025-12-25 10시05분42초	1766624742406]	FishItemListDatabase..
[2025-12-25 10시05분42초	1766624742409]	3ms

[2025-12-25 10시05분42초	1766624742410]	ItemTeleport..
[2025-12-25 10시05분42초	1766624742414]	4ms

[2025-12-25 10시05분42초	1766624742416]	PolyDatabase..
[2025-12-25 10시05분42초	1766624742420]	4ms

[2025-12-25 10시05분42초	1766624742421]	DungeonDatabase..
[2025-12-25 10시05분42초	1766624742427]	6ms

[2025-12-25 10시05분42초	1766624742428]	DefiniteDatabase..
[2025-12-25 10시05분42초	1766624742430]	2ms

[2025-12-25 10시05분42초	1766624742431]	ExpDatabase..
[2025-12-25 10시05분42초	1766624742434]	3ms

[2025-12-25 10시05분42초	1766624742434]	BackgroundDatabase..
[2025-12-25 10시05분42초	1766624742583]	148ms

[2025-12-25 10시05분42초	1766624742583]	SpriteFrameDatabase..
[2025-12-25 10시05분42초	1766624742651]	68ms

[2025-12-25 10시05분42초	1766624742652]	SkillDatabase..
[2025-12-25 10시05분42초	1766624742656]	4ms

[2025-12-25 10시05분42초	1766624742665]	NpcDatabase..
[2025-12-25 10시05분42초	1766624742679]	14ms

[2025-12-25 10시05분42초	1766624742680]	NpcShopDatabase..
[2025-12-25 10시05분42초	1766624742753]	73ms

[2025-12-25 10시05분42초	1766624742754]	NpcTeleportDatabase..
[2025-12-25 10시05분42초	1766624742756]	2ms

[2025-12-25 10시05분43초	1766624743012]	NpcSpawnlistDatabase..
[2025-12-25 10시05분43초	1766624743063]	51ms

[2025-12-25 10시05분43초	1766624743066]	EventController..
[2025-12-25 10시05분43초	1766624743066]	0ms

[2025-12-25 10시05분43초	1766624743067]	MonsterDatabase..
[2025-12-25 10시05분43초	1766624743084]	17ms

[2025-12-25 10시05분43초	1766624743085]	MonsterDropDatabase..
[2025-12-25 10시05분43초	1766624743112]	27ms

[2025-12-25 10시05분43초	1766624743114]	MonsterSkillDatabase..
[2025-12-25 10시05분43초	1766624743127]	13ms

[2025-12-25 10시05분43초	1766624743129]	MonsterSpawnlistDatabase..
[2025-12-25 10시05분43초	1766624743958]	829ms

[2025-12-25 10시05분43초	1766624743959]	MonsterBossSpawnlistDatabase..
[2025-12-25 10시05분43초	1766624743962]	3ms

[2025-12-25 10시05분43초	1766624743963]	ServerDownBossListDatabase..
[2025-12-25 10시05분43초	1766624743965]	2ms

[2025-12-25 10시05분43초	1766624743966]	BadIpDatabase..
[2025-12-25 10시05분43초	1766624743970]	4ms

[2025-12-25 10시05분43초	1766624743970]	QuestController..
[2025-12-25 10시05분43초	1766624743971]	1ms

[2025-12-25 10시05분43초	1766624743972]	ServerOpcodesDatabase..
[2025-12-25 10시05분43초	1766624743977]	5ms

[2025-12-25 10시05분43초	1766624743978]	ServerNoticeDatabase..
[2025-12-25 10시05분43초	1766624743988]	10ms

[2025-12-25 10시05분43초	1766624743990]	RankController..
[2025-12-25 10시05분43초	1766624743998]	8ms

[2025-12-25 10시05분43초	1766624743999]	WantedController..
[2025-12-25 10시05분44초	1766624744000]	1ms

[2025-12-25 10시05분44초	1766624744001]	TeleportHomeDatabase..
[2025-12-25 10시05분44초	1766624744033]	32ms

[2025-12-25 10시05분44초	1766624744034]	TeleportResetDatabase..
[2025-12-25 10시05분44초	1766624744064]	30ms

[2025-12-25 10시05분44초	1766624744064]	ItemPinewandDatabase..
[2025-12-25 10시05분44초	1766624744067]	3ms

[2025-12-25 10시05분44초	1766624744067]	ItemMaplewandDatabase..
[2025-12-25 10시05분44초	1766624744069]	2ms

[2025-12-25 10시05분44초	1766624744070]	SummonListDatabase..
[2025-12-25 10시05분44초	1766624744073]	3ms

[2025-12-25 10시05분44초	1766624744074]	GmListDatabase..
[2025-12-25 10시05분44초	1766624744075]	1ms

[2025-12-25 10시05분44초	1766624744077]	MagicdollListDatabase..
[2025-12-25 10시05분44초	1766624744079]	2ms

[2025-12-25 10시05분44초	1766624744084]	PcMarketController..
[2025-12-25 10시05분44초	1766624744085]	1ms

[2025-12-25 10시05분44초	1766624744086]	ServerOptionDatabase..
[2025-12-25 10시05분44초	1766624744087]	1ms

[2025-12-25 10시05분44초	1766624744087]	TimeDungeonDatabase..
[2025-12-25 10시05분44초	1766624744088]	1ms

[2025-12-25 10시05분44초	1766624744089]	TeamBattleDatabase..
[2025-12-25 10시05분44초	1766624744090]	1ms

[2025-12-25 10시05분44초	1766624744092]	LifeLostItemDatabase..
[2025-12-25 10시05분44초	1766624744094]	2ms

[2025-12-25 10시05분44초	1766624744095]	GmTeleportDatabase..
[2025-12-25 10시05분44초	1766624744096]	1ms

[2025-12-25 10시05분44초	1766624744098]	무인혈맹컨트롤러..
[2025-12-25 10시05분44초	1766624744099]	1ms

[2025-12-25 10시05분44초	1766624744100]	HackNoCheckDatabase..
[2025-12-25 10시05분44초	1766624744101]	1ms

[2025-12-25 10시05분44초	1766624744102]	EnchantLostItemDatabase..
[2025-12-25 10시05분44초	1766624744103]	1ms

[2025-12-25 10시05분44초	1766624744105]	ItemDropMessageDatabase..
[2025-12-25 10시05분44초	1766624744106]	1ms

[2025-12-25 10시05분44초	1766624744109]	FishingController..
[2025-12-25 10시05분44초	1766624744121]	12ms

[2025-12-25 10시05분44초	1766624744130]	RobotController..
[2025-12-25 10시05분44초	1766624744226]	96ms

[2025-12-25 10시05분44초	1766624744228]	Server..
[2025-12-25 10시05분44초	1766624744308]	80ms

[2025-12-25 10시05분44초	1766624744309]	ServerThread..
[2025-12-25 10시05분44초	1766624744309]	0ms

[2025-12-25 10시05분44초	1766624744310]	ControllerTherad..
[2025-12-25 10시05분44초	1766624744310]	0ms

[2025-12-25 10시05분44초	1766624744311]	CharacterThread..
[2025-12-25 10시05분44초	1766624744311]	0ms

[2025-12-25 10시05분44초	1766624744312]	DatabaseThread..
[2025-12-25 10시05분44초	1766624744312]	0ms

[2025-12-25 10시05분44초	1766624744313]	CharacterControlThread..
[2025-12-25 10시05분44초	1766624744314]	1ms

[2025-12-25 10시05분44초	1766624744357]	FightController..
[2025-12-25 10시05분44초	1766624744378]	21ms

[2025-12-25 10시05분44초	1766624744379]	TimeThread..
[2025-12-25 10시05분44초	1766624744379]	0ms

[2025-12-25 10시05분44초	1766624744381]	AutoHuntThread..
[2025-12-25 10시05분44초	1766624744381]	0ms

[2025-12-25 10시05분44초	1766624744382]	======================================================================
[2025-12-25 10시05분44초	1766624744383]	Server Version  :  Lineage 2.0

[2025-12-25 10시05분44초	1766624744383]	Server Port      :  2000

[2025-12-25 10시05분44초	1766624744383]	계정 자동생성  :  on

[2025-12-25 10시05분44초	1766624744383]	인챈트 : 1.0배  ||  드랍 : 1.0배  ||  경험치 : 30.0배  ||  아데나 : 200.0배  ||  파티 : 1.1배

[2025-12-25 10시05분44초	1766624744383]	======================================================================
[2025-12-25 10시05분44초	1766624744383]	'서버' 가동되었습니다.

[2025-12-25 10시06분33초	1766624793090]	서버가 즉시 종료됩니다...
[2025-12-25 10시06분34초	1766624794092]	Thread close..
[2025-12-25 10시06분35초	1766624795093]	Save Database..
[2025-12-25 10시06분35초	1766624795635]	Socket close..
[2025-12-25 10시06분35초	1766624795635]	LineageServer Close...
[2025-12-25 10시06분35초	1766624795635]	0ms

[2025-12-25 10시06분35초	1766624795635]	ok..
