[2025-12-20 14시17분29초	1766207849098]	Mysql..
[2025-12-20 14시17분29초	1766207849099]	3ms

[2025-12-20 14시17분29초	1766207849114]	lineage.conf file loading...
[2025-12-20 14시17분29초	1766207849150]	36ms

[2025-12-20 14시17분29초	1766207849158]	Lineage_Balance..
[2025-12-20 14시17분29초	1766207849168]	10ms

[2025-12-20 14시17분29초	1766207849169]	npc_promotion..
[2025-12-20 14시17분29초	1766207849170]	1ms

[2025-12-20 14시17분29초	1766207849171]	Socket..
[2025-12-20 14시17분29초	1766207849172]	1ms

[2025-12-20 14시17분29초	1766207849172]	Common..
[2025-12-20 14시17분29초	1766207849172]	0ms

[2025-12-20 14시17분29초	1766207849173]	EventThread..
[2025-12-20 14시17분29초	1766207849173]	0ms

[2025-12-20 14시17분29초	1766207849174]	AiExecuteThread..
[2025-12-20 14시17분29초	1766207849174]	0ms

[2025-12-20 14시17분29초	1766207849175]	AiThread..
[2025-12-20 14시17분29초	1766207849175]	0ms

[2025-12-20 14시17분29초	1766207849180]	World..
[2025-12-20 14시17분29초	1766207849340]	160ms

[2025-12-20 14시17분29초	1766207849350]	BookController..
[2025-12-20 14시17분29초	1766207849350]	0ms

[2025-12-20 14시17분29초	1766207849351]	InventoryController..
[2025-12-20 14시17분29초	1766207849351]	0ms

[2025-12-20 14시17분29초	1766207849351]	BasePacketPooling..
[2025-12-20 14시17분29초	1766207849351]	0ms

[2025-12-20 14시17분29초	1766207849354]	SkillController..
[2025-12-20 14시17분29초	1766207849354]	0ms

[2025-12-20 14시17분29초	1766207849361]	DamageController..
[2025-12-20 14시17분29초	1766207849361]	0ms

[2025-12-20 14시17분29초	1766207849363]	CharacterController..
[2025-12-20 14시17분29초	1766207849363]	0ms

[2025-12-20 14시17분29초	1766207849364]	TradeController..
[2025-12-20 14시17분29초	1766207849364]	0ms

[2025-12-20 14시17분29초	1766207849364]	DungeonController..
[2025-12-20 14시17분29초	1766207849364]	0ms

[2025-12-20 14시17분29초	1766207849365]	ShipController..
[2025-12-20 14시17분29초	1766207849365]	0ms

[2025-12-20 14시17분29초	1766207849366]	BuffController..
[2025-12-20 14시17분29초	1766207849366]	0ms

[2025-12-20 14시17분29초	1766207849371]	SummonController..
[2025-12-20 14시17분29초	1766207849371]	0ms

[2025-12-20 14시17분29초	1766207849372]	PartyController..
[2025-12-20 14시17분29초	1766207849372]	0ms

[2025-12-20 14시17분29초	1766207849373]	InnController..
[2025-12-20 14시17분29초	1766207849373]	0ms

[2025-12-20 14시17분29초	1766207849374]	BoardController..
[2025-12-20 14시17분29초	1766207849374]	0ms

[2025-12-20 14시17분29초	1766207849376]	LetterController..
[2025-12-20 14시17분29초	1766207849376]	0ms

[2025-12-20 14시17분29초	1766207849385]	UserShopController..
[2025-12-20 14시17분29초	1766207849385]	1ms

[2025-12-20 14시17분29초	1766207849386]	ChattingController..
[2025-12-20 14시17분29초	1766207849393]	7ms

[2025-12-20 14시17분29초	1766207849394]	ColosseumController..
[2025-12-20 14시17분29초	1766207849394]	0ms

[2025-12-20 14시17분29초	1766207849395]	CraftController..
[2025-12-20 14시17분29초	1766207849395]	0ms

[2025-12-20 14시17분29초	1766207849396]	BossController..
[2025-12-20 14시17분29초	1766207849396]	0ms

[2025-12-20 14시17분29초	1766207849397]	NoticeController..
[2025-12-20 14시17분29초	1766207849398]	1ms

[2025-12-20 14시17분29초	1766207849399]	FriendController..
[2025-12-20 14시17분29초	1766207849399]	0ms

[2025-12-20 14시17분29초	1766207849399]	BugScanningController..
[2025-12-20 14시17분29초	1766207849399]	0ms

[2025-12-20 14시17분29초	1766207849400]	MagicDollController..
[2025-12-20 14시17분29초	1766207849400]	0ms

[2025-12-20 14시17분29초	1766207849401]	ShopController..
[2025-12-20 14시17분29초	1766207849401]	0ms

[2025-12-20 14시17분29초	1766207849402]	WarehouseDatabase..
[2025-12-20 14시17분29초	1766207849402]	0ms

[2025-12-20 14시17분29초	1766207849403]	PakTools..
[2025-12-20 14시17분29초	1766207849412]	9ms

[2025-12-20 14시17분29초	1766207849413]	ScriptController...
[2025-12-20 14시17분29초	1766207849417]	4ms

[2025-12-20 14시17분29초	1766207849417]	GiranClanLordController..
[2025-12-20 14시17분29초	1766207849417]	0ms

[2025-12-20 14시17분29초	1766207849419]	TeamBattleController..
[2025-12-20 14시17분29초	1766207849419]	0ms

[2025-12-20 14시17분29초	1766207849420]	WorldClearController..
[2025-12-20 14시17분29초	1766207849420]	0ms

[2025-12-20 14시17분29초	1766207849420]	SpotController..
[2025-12-20 14시17분29초	1766207849424]	4ms

[2025-12-20 14시17분29초	1766207849425]	테베라스 컨트롤러..
[2025-12-20 14시17분29초	1766207849425]	0ms

[2025-12-20 14시17분29초	1766207849425]	지옥 컨트롤러..
[2025-12-20 14시17분29초	1766207849425]	0ms

[2025-12-20 14시17분29초	1766207849426]	지하수로 컨트롤러..
[2025-12-20 14시17분29초	1766207849426]	0ms

[2025-12-20 14시17분29초	1766207849427]	보물찾기컨트롤러..
[2025-12-20 14시17분29초	1766207849427]	0ms

[2025-12-20 14시17분29초	1766207849427]	마족신전 컨트롤러..
[2025-12-20 14시17분29초	1766207849428]	1ms

[2025-12-20 14시17분29초	1766207849428]	고무 컨트롤러..
[2025-12-20 14시17분29초	1766207849434]	6ms

[2025-12-20 14시17분29초	1766207849435]	정무던전 컨트롤러..
[2025-12-20 14시17분29초	1766207849435]	0ms

[2025-12-20 14시17분29초	1766207849436]	그신 컨트롤러..
[2025-12-20 14시17분29초	1766207849436]	0ms

[2025-12-20 14시17분29초	1766207849437]	라바던전 컨트롤러..
[2025-12-20 14시17분29초	1766207849437]	0ms

[2025-12-20 14시17분29초	1766207849438]	월드보스컨트롤러..
[2025-12-20 14시17분29초	1766207849438]	0ms

[2025-12-20 14시17분29초	1766207849439]	펭귄 사냥터 컨트롤러..
[2025-12-20 14시17분29초	1766207849439]	0ms

[2025-12-20 14시17분29초	1766207849439]	칠흑던전 컨트롤러..
[2025-12-20 14시17분29초	1766207849440]	1ms

[2025-12-20 14시17분29초	1766207849440]	악마왕의영토컨트롤러..
[2025-12-20 14시17분29초	1766207849440]	0ms

[2025-12-20 14시17분29초	1766207849441]	얼던컨트롤러..
[2025-12-20 14시17분29초	1766207849441]	0ms

[2025-12-20 14시17분29초	1766207849442]	기감 컨트롤러..
[2025-12-20 14시17분29초	1766207849442]	0ms

[2025-12-20 14시17분29초	1766207849443]	고라스컨트롤러..
[2025-12-20 14시17분29초	1766207849443]	0ms

[2025-12-20 14시17분29초	1766207849444]	드워프컨트롤러..
[2025-12-20 14시17분29초	1766207849444]	0ms

[2025-12-20 14시17분29초	1766207849444]	타임이벤트컨트롤러..
[2025-12-20 14시17분29초	1766207849445]	1ms

[2025-12-20 14시17분29초	1766207849445]	AutoHuntController..
[2025-12-20 14시17분29초	1766207849445]	0ms

[2025-12-20 14시17분29초	1766207849446]	DatabaseConnection..
[2025-12-20 14시17분29초	1766207849777]	331ms

[2025-12-20 14시17분29초	1766207849799]	ServerDatabase..
[2025-12-20 14시17분29초	1766207849835]	36ms

[2025-12-20 14시17분29초	1766207849838]	SlimeRaceController..
[2025-12-20 14시17분29초	1766207849843]	5ms

[2025-12-20 14시17분29초	1766207849845]	DogRaceController..
[2025-12-20 14시17분29초	1766207849846]	2ms

[2025-12-20 14시17분29초	1766207849849]	ClanController..
[2025-12-20 14시17분29초	1766207849855]	6ms

[2025-12-20 14시17분29초	1766207849858]	KingdomController..
[2025-12-20 14시17분29초	1766207849869]	11ms

[2025-12-20 14시17분29초	1766207849870]	AgitController..
[2025-12-20 14시17분29초	1766207849877]	7ms

[2025-12-20 14시17분29초	1766207849879]	AuctionController..
[2025-12-20 14시17분29초	1766207849888]	9ms

[2025-12-20 14시17분29초	1766207849893]	ItemDatabase..
[2025-12-20 14시17분29초	1766207849993]	100ms

[2025-12-20 14시17분29초	1766207849994]	ItemSetopionDatabase..
[2025-12-20 14시17분29초	1766207849998]	4ms

[2025-12-20 14시17분29초	1766207849999]	AutosellDatabase..
[2025-12-20 14시17분30초	1766207850021]	21ms

[2025-12-20 14시17분30초	1766207850022]	ItemSkillDatabase..
[2025-12-20 14시17분30초	1766207850026]	4ms

[2025-12-20 14시17분30초	1766207850026]	ItemBundleDatabase..
[2025-12-20 14시17분30초	1766207850032]	6ms

[2025-12-20 14시17분30초	1766207850033]	ItemChanceBundleDatabase..
[2025-12-20 14시17분30초	1766207850039]	6ms

[2025-12-20 14시17분30초	1766207850040]	FishItemListDatabase..
[2025-12-20 14시17분30초	1766207850044]	4ms

[2025-12-20 14시17분30초	1766207850045]	ItemTeleport..
[2025-12-20 14시17분30초	1766207850051]	6ms

[2025-12-20 14시17분30초	1766207850053]	PolyDatabase..
[2025-12-20 14시17분30초	1766207850059]	6ms

[2025-12-20 14시17분30초	1766207850060]	DungeonDatabase..
[2025-12-20 14시17분30초	1766207850067]	7ms

[2025-12-20 14시17분30초	1766207850068]	DefiniteDatabase..
[2025-12-20 14시17분30초	1766207850073]	4ms

[2025-12-20 14시17분30초	1766207850073]	ExpDatabase..
[2025-12-20 14시17분30초	1766207850078]	5ms

[2025-12-20 14시17분30초	1766207850078]	BackgroundDatabase..
[2025-12-20 14시17분30초	1766207850201]	123ms

[2025-12-20 14시17분30초	1766207850201]	SpriteFrameDatabase..
[2025-12-20 14시17분30초	1766207850263]	62ms

[2025-12-20 14시17분30초	1766207850264]	SkillDatabase..
[2025-12-20 14시17분30초	1766207850270]	6ms

[2025-12-20 14시17분30초	1766207850271]	NpcDatabase..
[2025-12-20 14시17분30초	1766207850283]	12ms

[2025-12-20 14시17분30초	1766207850284]	NpcShopDatabase..
[2025-12-20 14시17분30초	1766207850345]	61ms

[2025-12-20 14시17분30초	1766207850346]	NpcTeleportDatabase..
[2025-12-20 14시17분30초	1766207850351]	5ms

[2025-12-20 14시17분30초	1766207850506]	NpcSpawnlistDatabase..
[2025-12-20 14시17분30초	1766207850566]	60ms

[2025-12-20 14시17분30초	1766207850568]	EventController..
[2025-12-20 14시17분30초	1766207850568]	0ms

[2025-12-20 14시17분30초	1766207850570]	MonsterDatabase..
[2025-12-20 14시17분30초	1766207850587]	17ms

[2025-12-20 14시17분30초	1766207850588]	MonsterDropDatabase..
[2025-12-20 14시17분30초	1766207850618]	30ms

[2025-12-20 14시17분30초	1766207850619]	MonsterSkillDatabase..
[2025-12-20 14시17분30초	1766207850637]	18ms

[2025-12-20 14시17분30초	1766207850639]	MonsterSpawnlistDatabase..
[2025-12-20 14시17분31초	1766207851897]	1258ms

[2025-12-20 14시17분31초	1766207851899]	MonsterBossSpawnlistDatabase..
[2025-12-20 14시17분31초	1766207851905]	6ms

[2025-12-20 14시17분31초	1766207851906]	ServerDownBossListDatabase..
[2025-12-20 14시17분31초	1766207851922]	16ms

[2025-12-20 14시17분31초	1766207851923]	BadIpDatabase..
[2025-12-20 14시17분31초	1766207851932]	9ms

[2025-12-20 14시17분31초	1766207851932]	QuestController..
[2025-12-20 14시17분31초	1766207851935]	3ms

[2025-12-20 14시17분31초	1766207851936]	ServerOpcodesDatabase..
[2025-12-20 14시17분31초	1766207851942]	6ms

[2025-12-20 14시17분31초	1766207851943]	ServerNoticeDatabase..
[2025-12-20 14시17분31초	1766207851954]	11ms

[2025-12-20 14시17분31초	1766207851956]	RankController..
[2025-12-20 14시17분31초	1766207851986]	30ms

[2025-12-20 14시17분31초	1766207851990]	WantedController..
[2025-12-20 14시17분31초	1766207851994]	4ms

[2025-12-20 14시17분31초	1766207851995]	TeleportHomeDatabase..
[2025-12-20 14시17분32초	1766207852057]	62ms

[2025-12-20 14시17분32초	1766207852058]	TeleportResetDatabase..
[2025-12-20 14시17분32초	1766207852094]	36ms

[2025-12-20 14시17분32초	1766207852095]	ItemPinewandDatabase..
[2025-12-20 14시17분32초	1766207852100]	5ms

[2025-12-20 14시17분32초	1766207852100]	ItemMaplewandDatabase..
[2025-12-20 14시17분32초	1766207852106]	6ms

[2025-12-20 14시17분32초	1766207852107]	SummonListDatabase..
[2025-12-20 14시17분32초	1766207852110]	3ms

[2025-12-20 14시17분32초	1766207852111]	GmListDatabase..
[2025-12-20 14시17분32초	1766207852113]	2ms

[2025-12-20 14시17분32초	1766207852115]	MagicdollListDatabase..
[2025-12-20 14시17분32초	1766207852119]	4ms

[2025-12-20 14시17분32초	1766207852124]	PcMarketController..
[2025-12-20 14시17분32초	1766207852129]	5ms

[2025-12-20 14시17분32초	1766207852130]	ServerOptionDatabase..
[2025-12-20 14시17분32초	1766207852132]	2ms

[2025-12-20 14시17분32초	1766207852133]	TimeDungeonDatabase..
[2025-12-20 14시17분32초	1766207852135]	2ms

[2025-12-20 14시17분32초	1766207852137]	TeamBattleDatabase..
[2025-12-20 14시17분32초	1766207852139]	2ms

[2025-12-20 14시17분32초	1766207852140]	LifeLostItemDatabase..
[2025-12-20 14시17분32초	1766207852143]	3ms

[2025-12-20 14시17분32초	1766207852144]	GmTeleportDatabase..
[2025-12-20 14시17분32초	1766207852147]	3ms

[2025-12-20 14시17분32초	1766207852150]	무인혈맹컨트롤러..
[2025-12-20 14시17분32초	1766207852152]	2ms

[2025-12-20 14시17분32초	1766207852153]	HackNoCheckDatabase..
[2025-12-20 14시17분32초	1766207852155]	2ms

[2025-12-20 14시17분32초	1766207852157]	EnchantLostItemDatabase..
[2025-12-20 14시17분32초	1766207852167]	10ms

[2025-12-20 14시17분32초	1766207852168]	ItemDropMessageDatabase..
[2025-12-20 14시17분32초	1766207852172]	4ms

[2025-12-20 14시17분32초	1766207852173]	FishingController..
[2025-12-20 14시17분32초	1766207852187]	14ms

[2025-12-20 14시17분32초	1766207852196]	RobotController..
[2025-12-20 14시17분32초	1766207852223]	27ms

[2025-12-20 14시17분32초	1766207852226]	Server..
[2025-12-20 14시17분32초	1766207852324]	98ms

[2025-12-20 14시17분32초	1766207852324]	ServerThread..
[2025-12-20 14시17분32초	1766207852324]	0ms

[2025-12-20 14시17분32초	1766207852325]	ControllerTherad..
[2025-12-20 14시17분32초	1766207852326]	0ms

[2025-12-20 14시17분32초	1766207852327]	CharacterThread..
[2025-12-20 14시17분32초	1766207852327]	0ms

[2025-12-20 14시17분32초	1766207852329]	DatabaseThread..
[2025-12-20 14시17분32초	1766207852331]	1ms

[2025-12-20 14시17분32초	1766207852332]	CharacterControlThread..
[2025-12-20 14시17분32초	1766207852332]	0ms

[2025-12-20 14시17분32초	1766207852374]	FightController..
[2025-12-20 14시17분32초	1766207852394]	20ms

[2025-12-20 14시17분32초	1766207852407]	TimeThread..
[2025-12-20 14시17분32초	1766207852407]	0ms

[2025-12-20 14시17분32초	1766207852409]	AutoHuntThread..
[2025-12-20 14시17분32초	1766207852409]	0ms

[2025-12-20 14시17분32초	1766207852409]	======================================================================
[2025-12-20 14시17분32초	1766207852412]	Server Version  :  Lineage 2.0

[2025-12-20 14시17분32초	1766207852412]	Server Port      :  2000

[2025-12-20 14시17분32초	1766207852412]	계정 자동생성  :  on

[2025-12-20 14시17분32초	1766207852412]	인챈트 : 1.0배  ||  드랍 : 1.0배  ||  경험치 : 30.0배  ||  아데나 : 200.0배  ||  파티 : 1.1배

[2025-12-20 14시17분32초	1766207852412]	======================================================================
[2025-12-20 14시17분32초	1766207852412]	'서버' 가동되었습니다.

[2025-12-20 14시20분33초	1766208033058]	자동 저장완료 2025-12-20 14시20분33초
[2025-12-20 14시23분33초	1766208213713]	자동 저장완료 2025-12-20 14시23분33초
[2025-12-20 14시26분34초	1766208394315]	자동 저장완료 2025-12-20 14시26분34초
[2025-12-20 14시29분34초	1766208574963]	자동 저장완료 2025-12-20 14시29분34초
[2025-12-20 14시32분35초	1766208755591]	자동 저장완료 2025-12-20 14시32분35초
[2025-12-20 14시35분36초	1766208936194]	자동 저장완료 2025-12-20 14시35분36초
[2025-12-20 14시38분36초	1766209116857]	자동 저장완료 2025-12-20 14시38분36초
[2025-12-20 14시41분37초	1766209297603]	자동 저장완료 2025-12-20 14시41분37초
[2025-12-20 14시42분56초	1766209376332]	class lineage.world.object.instance.PetMasterInstance : toPush(PcInstance pc)
[2025-12-20 14시42분56초	1766209376332]	java.lang.ClassCastException: lineage.world.object.instance.PetInstance cannot be cast to lineage.world.object.instance.PcInstance
[2025-12-20 14시44분38초	1766209478188]	자동 저장완료 2025-12-20 14시44분38초
[2025-12-20 14시45분22초	1766209522120]	class lineage.world.object.instance.PetMasterInstance : toPush(PcInstance pc)
[2025-12-20 14시45분22초	1766209522120]	java.lang.ClassCastException: lineage.world.object.instance.PetInstance cannot be cast to lineage.world.object.instance.PcInstance
[2025-12-20 14시45분29초	1766209529007]	서버가 즉시 종료됩니다...
[2025-12-20 14시45분30초	1766209530007]	Thread close..
[2025-12-20 14시45분31초	1766209531007]	Save Database..
[2025-12-20 14시45분31초	1766209531553]	Socket close..
[2025-12-20 14시45분31초	1766209531553]	LineageServer Close...
[2025-12-20 14시45분31초	1766209531553]	0ms

[2025-12-20 14시45분31초	1766209531553]	ok..
