[2025-12-16 15시16분45초	1765865805120]	Mysql..
[2025-12-16 15시16분45초	1765865805121]	2ms

[2025-12-16 15시16분45초	1765865805138]	lineage.conf file loading...
[2025-12-16 15시16분45초	1765865805171]	33ms

[2025-12-16 15시16분45초	1765865805175]	Lineage_Balance..
[2025-12-16 15시16분45초	1765865805184]	9ms

[2025-12-16 15시16분45초	1765865805185]	npc_promotion..
[2025-12-16 15시16분45초	1765865805186]	1ms

[2025-12-16 15시16분45초	1765865805186]	Socket..
[2025-12-16 15시16분45초	1765865805187]	1ms

[2025-12-16 15시16분45초	1765865805187]	Common..
[2025-12-16 15시16분45초	1765865805187]	0ms

[2025-12-16 15시16분45초	1765865805188]	EventThread..
[2025-12-16 15시16분45초	1765865805188]	0ms

[2025-12-16 15시16분45초	1765865805188]	AiExecuteThread..
[2025-12-16 15시16분45초	1765865805189]	1ms

[2025-12-16 15시16분45초	1765865805189]	AiThread..
[2025-12-16 15시16분45초	1765865805189]	0ms

[2025-12-16 15시16분45초	1765865805200]	World..
[2025-12-16 15시16분45초	1765865805281]	81ms

[2025-12-16 15시16분45초	1765865805282]	BookController..
[2025-12-16 15시16분45초	1765865805283]	1ms

[2025-12-16 15시16분45초	1765865805283]	InventoryController..
[2025-12-16 15시16분45초	1765865805283]	0ms

[2025-12-16 15시16분45초	1765865805284]	BasePacketPooling..
[2025-12-16 15시16분45초	1765865805284]	0ms

[2025-12-16 15시16분45초	1765865805286]	SkillController..
[2025-12-16 15시16분45초	1765865805286]	0ms

[2025-12-16 15시16분45초	1765865805294]	DamageController..
[2025-12-16 15시16분45초	1765865805294]	0ms

[2025-12-16 15시16분45초	1765865805302]	CharacterController..
[2025-12-16 15시16분45초	1765865805303]	1ms

[2025-12-16 15시16분45초	1765865805303]	TradeController..
[2025-12-16 15시16분45초	1765865805304]	1ms

[2025-12-16 15시16분45초	1765865805304]	DungeonController..
[2025-12-16 15시16분45초	1765865805304]	0ms

[2025-12-16 15시16분45초	1765865805305]	ShipController..
[2025-12-16 15시16분45초	1765865805305]	0ms

[2025-12-16 15시16분45초	1765865805305]	BuffController..
[2025-12-16 15시16분45초	1765865805305]	0ms

[2025-12-16 15시16분45초	1765865805309]	SummonController..
[2025-12-16 15시16분45초	1765865805309]	0ms

[2025-12-16 15시16분45초	1765865805310]	PartyController..
[2025-12-16 15시16분45초	1765865805310]	0ms

[2025-12-16 15시16분45초	1765865805311]	InnController..
[2025-12-16 15시16분45초	1765865805311]	0ms

[2025-12-16 15시16분45초	1765865805312]	BoardController..
[2025-12-16 15시16분45초	1765865805312]	0ms

[2025-12-16 15시16분45초	1765865805313]	LetterController..
[2025-12-16 15시16분45초	1765865805314]	1ms

[2025-12-16 15시16분45초	1765865805314]	UserShopController..
[2025-12-16 15시16분45초	1765865805314]	0ms

[2025-12-16 15시16분45초	1765865805315]	ChattingController..
[2025-12-16 15시16분45초	1765865805319]	4ms

[2025-12-16 15시16분45초	1765865805321]	ColosseumController..
[2025-12-16 15시16분45초	1765865805321]	0ms

[2025-12-16 15시16분45초	1765865805322]	CraftController..
[2025-12-16 15시16분45초	1765865805322]	0ms

[2025-12-16 15시16분45초	1765865805323]	BossController..
[2025-12-16 15시16분45초	1765865805323]	0ms

[2025-12-16 15시16분45초	1765865805324]	NoticeController..
[2025-12-16 15시16분45초	1765865805324]	0ms

[2025-12-16 15시16분45초	1765865805333]	FriendController..
[2025-12-16 15시16분45초	1765865805333]	0ms

[2025-12-16 15시16분45초	1765865805333]	BugScanningController..
[2025-12-16 15시16분45초	1765865805333]	0ms

[2025-12-16 15시16분45초	1765865805341]	MagicDollController..
[2025-12-16 15시16분45초	1765865805341]	0ms

[2025-12-16 15시16분45초	1765865805342]	ShopController..
[2025-12-16 15시16분45초	1765865805342]	0ms

[2025-12-16 15시16분45초	1765865805343]	WarehouseDatabase..
[2025-12-16 15시16분45초	1765865805343]	0ms

[2025-12-16 15시16분45초	1765865805344]	PakTools..
[2025-12-16 15시16분45초	1765865805345]	1ms

[2025-12-16 15시16분45초	1765865805346]	ScriptController...
[2025-12-16 15시16분45초	1765865805348]	2ms

[2025-12-16 15시16분45초	1765865805350]	GiranClanLordController..
[2025-12-16 15시16분45초	1765865805350]	0ms

[2025-12-16 15시16분45초	1765865805354]	TeamBattleController..
[2025-12-16 15시16분45초	1765865805354]	0ms

[2025-12-16 15시16분45초	1765865805356]	WorldClearController..
[2025-12-16 15시16분45초	1765865805356]	0ms

[2025-12-16 15시16분45초	1765865805357]	SpotController..
[2025-12-16 15시16분45초	1765865805357]	0ms

[2025-12-16 15시16분45초	1765865805359]	테베라스 컨트롤러..
[2025-12-16 15시16분45초	1765865805363]	4ms

[2025-12-16 15시16분45초	1765865805364]	지옥 컨트롤러..
[2025-12-16 15시16분45초	1765865805364]	0ms

[2025-12-16 15시16분45초	1765865805365]	지하수로 컨트롤러..
[2025-12-16 15시16분45초	1765865805365]	0ms

[2025-12-16 15시16분45초	1765865805365]	보물찾기컨트롤러..
[2025-12-16 15시16분45초	1765865805366]	1ms

[2025-12-16 15시16분45초	1765865805366]	마족신전 컨트롤러..
[2025-12-16 15시16분45초	1765865805366]	0ms

[2025-12-16 15시16분45초	1765865805367]	고무 컨트롤러..
[2025-12-16 15시16분45초	1765865805367]	0ms

[2025-12-16 15시16분45초	1765865805368]	정무던전 컨트롤러..
[2025-12-16 15시16분45초	1765865805368]	0ms

[2025-12-16 15시16분45초	1765865805369]	그신 컨트롤러..
[2025-12-16 15시16분45초	1765865805369]	0ms

[2025-12-16 15시16분45초	1765865805369]	라바던전 컨트롤러..
[2025-12-16 15시16분45초	1765865805369]	0ms

[2025-12-16 15시16분45초	1765865805370]	월드보스컨트롤러..
[2025-12-16 15시16분45초	1765865805370]	0ms

[2025-12-16 15시16분45초	1765865805371]	펭귄 사냥터 컨트롤러..
[2025-12-16 15시16분45초	1765865805371]	0ms

[2025-12-16 15시16분45초	1765865805371]	칠흑던전 컨트롤러..
[2025-12-16 15시16분45초	1765865805371]	0ms

[2025-12-16 15시16분45초	1765865805372]	악마왕의영토컨트롤러..
[2025-12-16 15시16분45초	1765865805372]	0ms

[2025-12-16 15시16분45초	1765865805373]	얼던컨트롤러..
[2025-12-16 15시16분45초	1765865805373]	0ms

[2025-12-16 15시16분45초	1765865805374]	기감 컨트롤러..
[2025-12-16 15시16분45초	1765865805374]	0ms

[2025-12-16 15시16분45초	1765865805374]	고라스컨트롤러..
[2025-12-16 15시16분45초	1765865805374]	0ms

[2025-12-16 15시16분45초	1765865805375]	드워프컨트롤러..
[2025-12-16 15시16분45초	1765865805375]	0ms

[2025-12-16 15시16분45초	1765865805376]	타임이벤트컨트롤러..
[2025-12-16 15시16분45초	1765865805376]	0ms

[2025-12-16 15시16분45초	1765865805376]	AutoHuntController..
[2025-12-16 15시16분45초	1765865805376]	0ms

[2025-12-16 15시16분45초	1765865805377]	DatabaseConnection..
[2025-12-16 15시16분45초	1765865805655]	278ms

[2025-12-16 15시16분45초	1765865805676]	ServerDatabase..
[2025-12-16 15시16분45초	1765865805704]	28ms

[2025-12-16 15시16분45초	1765865805706]	SlimeRaceController..
[2025-12-16 15시16분45초	1765865805708]	2ms

[2025-12-16 15시16분45초	1765865805710]	DogRaceController..
[2025-12-16 15시16분45초	1765865805711]	1ms

[2025-12-16 15시16분45초	1765865805713]	ClanController..
[2025-12-16 15시16분45초	1765865805718]	5ms

[2025-12-16 15시16분45초	1765865805720]	KingdomController..
[2025-12-16 15시16분45초	1765865805725]	5ms

[2025-12-16 15시16분45초	1765865805726]	AgitController..
[2025-12-16 15시16분45초	1765865805731]	5ms

[2025-12-16 15시16분45초	1765865805732]	AuctionController..
[2025-12-16 15시16분45초	1765865805736]	4ms

[2025-12-16 15시16분45초	1765865805741]	ItemDatabase..
[2025-12-16 15시16분45초	1765865805832]	91ms

[2025-12-16 15시16분45초	1765865805846]	ItemSetopionDatabase..
[2025-12-16 15시16분45초	1765865805848]	2ms

[2025-12-16 15시16분45초	1765865805849]	AutosellDatabase..
[2025-12-16 15시16분45초	1765865805876]	26ms

[2025-12-16 15시16분45초	1765865805876]	ItemSkillDatabase..
[2025-12-16 15시16분45초	1765865805878]	2ms

[2025-12-16 15시16분45초	1765865805879]	ItemBundleDatabase..
[2025-12-16 15시16분45초	1765865805881]	2ms

[2025-12-16 15시16분45초	1765865805882]	ItemChanceBundleDatabase..
[2025-12-16 15시16분45초	1765865805885]	3ms

[2025-12-16 15시16분45초	1765865805886]	FishItemListDatabase..
[2025-12-16 15시16분45초	1765865805887]	1ms

[2025-12-16 15시16분45초	1765865805888]	ItemTeleport..
[2025-12-16 15시16분45초	1765865805891]	3ms

[2025-12-16 15시16분45초	1765865805892]	PolyDatabase..
[2025-12-16 15시16분45초	1765865805894]	2ms

[2025-12-16 15시16분45초	1765865805895]	DungeonDatabase..
[2025-12-16 15시16분45초	1765865805898]	3ms

[2025-12-16 15시16분45초	1765865805899]	DefiniteDatabase..
[2025-12-16 15시16분45초	1765865805900]	1ms

[2025-12-16 15시16분45초	1765865805901]	ExpDatabase..
[2025-12-16 15시16분45초	1765865805902]	1ms

[2025-12-16 15시16분45초	1765865805902]	BackgroundDatabase..
[2025-12-16 15시16분46초	1765865806014]	112ms

[2025-12-16 15시16분46초	1765865806014]	SpriteFrameDatabase..
[2025-12-16 15시16분46초	1765865806068]	54ms

[2025-12-16 15시16분46초	1765865806069]	SkillDatabase..
[2025-12-16 15시16분46초	1765865806071]	2ms

[2025-12-16 15시16분46초	1765865806072]	NpcDatabase..
[2025-12-16 15시16분46초	1765865806078]	6ms

[2025-12-16 15시16분46초	1765865806086]	NpcShopDatabase..
[2025-12-16 15시16분46초	1765865806134]	48ms

[2025-12-16 15시16분46초	1765865806135]	NpcTeleportDatabase..
[2025-12-16 15시16분46초	1765865806136]	1ms

[2025-12-16 15시16분46초	1765865806261]	NpcSpawnlistDatabase..
[2025-12-16 15시16분46초	1765865806307]	46ms

[2025-12-16 15시16분46초	1765865806309]	EventController..
[2025-12-16 15시16분46초	1765865806309]	0ms

[2025-12-16 15시16분46초	1765865806310]	MonsterDatabase..
[2025-12-16 15시16분46초	1765865806324]	14ms

[2025-12-16 15시16분46초	1765865806331]	MonsterDropDatabase..
[2025-12-16 15시16분46초	1765865806356]	25ms

[2025-12-16 15시16분46초	1765865806357]	MonsterSkillDatabase..
[2025-12-16 15시16분46초	1765865806368]	11ms

[2025-12-16 15시16분46초	1765865806370]	MonsterSpawnlistDatabase..
[2025-12-16 15시16분47초	1765865807262]	892ms

[2025-12-16 15시16분47초	1765865807263]	MonsterBossSpawnlistDatabase..
[2025-12-16 15시16분47초	1765865807265]	2ms

[2025-12-16 15시16분47초	1765865807266]	ServerDownBossListDatabase..
[2025-12-16 15시16분47초	1765865807266]	0ms

[2025-12-16 15시16분47초	1765865807267]	BadIpDatabase..
[2025-12-16 15시16분47초	1765865807269]	2ms

[2025-12-16 15시16분47초	1765865807269]	QuestController..
[2025-12-16 15시16분47초	1765865807269]	0ms

[2025-12-16 15시16분47초	1765865807270]	ServerOpcodesDatabase..
[2025-12-16 15시16분47초	1765865807273]	3ms

[2025-12-16 15시16분47초	1765865807274]	ServerNoticeDatabase..
[2025-12-16 15시16분47초	1765865807275]	1ms

[2025-12-16 15시16분47초	1765865807276]	RankController..
[2025-12-16 15시16분47초	1765865807290]	14ms

[2025-12-16 15시16분47초	1765865807292]	WantedController..
[2025-12-16 15시16분47초	1765865807295]	3ms

[2025-12-16 15시16분47초	1765865807296]	TeleportHomeDatabase..
[2025-12-16 15시16분47초	1765865807325]	29ms

[2025-12-16 15시16분47초	1765865807326]	TeleportResetDatabase..
[2025-12-16 15시16분47초	1765865807353]	27ms

[2025-12-16 15시16분47초	1765865807354]	ItemPinewandDatabase..
[2025-12-16 15시16분47초	1765865807355]	1ms

[2025-12-16 15시16분47초	1765865807355]	ItemMaplewandDatabase..
[2025-12-16 15시16분47초	1765865807357]	2ms

[2025-12-16 15시16분47초	1765865807357]	SummonListDatabase..
[2025-12-16 15시16분47초	1765865807359]	2ms

[2025-12-16 15시16분47초	1765865807359]	GmListDatabase..
[2025-12-16 15시16분47초	1765865807360]	1ms

[2025-12-16 15시16분47초	1765865807361]	MagicdollListDatabase..
[2025-12-16 15시16분47초	1765865807362]	1ms

[2025-12-16 15시16분47초	1765865807366]	PcMarketController..
[2025-12-16 15시16분47초	1765865807367]	1ms

[2025-12-16 15시16분47초	1765865807368]	ServerOptionDatabase..
[2025-12-16 15시16분47초	1765865807368]	0ms

[2025-12-16 15시16분47초	1765865807369]	TimeDungeonDatabase..
[2025-12-16 15시16분47초	1765865807370]	1ms

[2025-12-16 15시16분47초	1765865807370]	TeamBattleDatabase..
[2025-12-16 15시16분47초	1765865807372]	2ms

[2025-12-16 15시16분47초	1765865807373]	LifeLostItemDatabase..
[2025-12-16 15시16분47초	1765865807374]	2ms

[2025-12-16 15시16분47초	1765865807375]	GmTeleportDatabase..
[2025-12-16 15시16분47초	1765865807376]	1ms

[2025-12-16 15시16분47초	1765865807378]	무인혈맹컨트롤러..
[2025-12-16 15시16분47초	1765865807379]	1ms

[2025-12-16 15시16분47초	1765865807380]	HackNoCheckDatabase..
[2025-12-16 15시16분47초	1765865807380]	0ms

[2025-12-16 15시16분47초	1765865807381]	EnchantLostItemDatabase..
[2025-12-16 15시16분47초	1765865807388]	7ms

[2025-12-16 15시16분47초	1765865807390]	ItemDropMessageDatabase..
[2025-12-16 15시16분47초	1765865807391]	1ms

[2025-12-16 15시16분47초	1765865807393]	FishingController..
[2025-12-16 15시16분47초	1765865807405]	12ms

[2025-12-16 15시16분47초	1765865807413]	RobotController..
[2025-12-16 15시16분47초	1765865807436]	23ms

[2025-12-16 15시16분47초	1765865807438]	Server..
[2025-12-16 15시16분47초	1765865807504]	66ms

[2025-12-16 15시16분47초	1765865807505]	ServerThread..
[2025-12-16 15시16분47초	1765865807505]	0ms

[2025-12-16 15시16분47초	1765865807505]	ControllerTherad..
[2025-12-16 15시16분47초	1765865807506]	1ms

[2025-12-16 15시16분47초	1765865807506]	CharacterThread..
[2025-12-16 15시16분47초	1765865807506]	0ms

[2025-12-16 15시16분47초	1765865807508]	DatabaseThread..
[2025-12-16 15시16분47초	1765865807508]	0ms

[2025-12-16 15시16분47초	1765865807509]	CharacterControlThread..
[2025-12-16 15시16분47초	1765865807509]	0ms

[2025-12-16 15시16분47초	1765865807550]	FightController..
[2025-12-16 15시16분47초	1765865807568]	18ms

[2025-12-16 15시16분47초	1765865807568]	TimeThread..
[2025-12-16 15시16분47초	1765865807569]	0ms

[2025-12-16 15시16분47초	1765865807569]	AutoHuntThread..
[2025-12-16 15시16분47초	1765865807569]	0ms

[2025-12-16 15시16분47초	1765865807569]	======================================================================
[2025-12-16 15시16분47초	1765865807570]	Server Version  :  Lineage 2.0

[2025-12-16 15시16분47초	1765865807570]	Server Port      :  2000

[2025-12-16 15시16분47초	1765865807570]	계정 자동생성  :  on

[2025-12-16 15시16분47초	1765865807570]	인챈트 : 1.0배  ||  드랍 : 1.0배  ||  경험치 : 30.0배  ||  아데나 : 200.0배  ||  파티 : 1.1배

[2025-12-16 15시16분47초	1765865807570]	======================================================================
[2025-12-16 15시16분47초	1765865807570]	'서버' 가동되었습니다.

[2025-12-16 15시19분48초	1765865988200]	자동 저장완료 2025-12-16 15시19분48초
[2025-12-16 15시22분48초	1765866168799]	자동 저장완료 2025-12-16 15시22분48초
[2025-12-16 15시25분49초	1765866349460]	자동 저장완료 2025-12-16 15시25분49초
[2025-12-16 15시28분50초	1765866530244]	자동 저장완료 2025-12-16 15시28분50초
[2025-12-16 15시31분50초	1765866710927]	자동 저장완료 2025-12-16 15시31분50초
[2025-12-16 15시34분51초	1765866891556]	자동 저장완료 2025-12-16 15시34분51초
[2025-12-16 15시37분52초	1765867072150]	자동 저장완료 2025-12-16 15시37분52초
[2025-12-16 15시40분52초	1765867252773]	자동 저장완료 2025-12-16 15시40분52초
[2025-12-16 15시43분53초	1765867433381]	자동 저장완료 2025-12-16 15시43분53초
[2025-12-16 15시46분53초	1765867613993]	자동 저장완료 2025-12-16 15시46분53초
[2025-12-16 15시49분54초	1765867794597]	자동 저장완료 2025-12-16 15시49분54초
[2025-12-16 15시52분55초	1765867975203]	자동 저장완료 2025-12-16 15시52분55초
[2025-12-16 15시55분55초	1765868155798]	자동 저장완료 2025-12-16 15시55분55초
[2025-12-16 15시58분56초	1765868336383]	자동 저장완료 2025-12-16 15시58분56초
[2025-12-16 16시01분56초	1765868516982]	자동 저장완료 2025-12-16 16시01분56초
[2025-12-16 16시04분57초	1765868697598]	자동 저장완료 2025-12-16 16시04분57초
[2025-12-16 16시07분58초	1765868878185]	자동 저장완료 2025-12-16 16시07분58초
[2025-12-16 16시10분58초	1765869058811]	자동 저장완료 2025-12-16 16시10분58초
[2025-12-16 16시13분59초	1765869239386]	자동 저장완료 2025-12-16 16시13분59초
[2025-12-16 16시16분59초	1765869419980]	자동 저장완료 2025-12-16 16시16분59초
[2025-12-16 16시20분00초	1765869600557]	자동 저장완료 2025-12-16 16시20분00초
[2025-12-16 16시23분01초	1765869781161]	자동 저장완료 2025-12-16 16시23분01초
[2025-12-16 16시26분01초	1765869961759]	자동 저장완료 2025-12-16 16시26분01초
[2025-12-16 16시29분02초	1765870142343]	자동 저장완료 2025-12-16 16시29분02초
[2025-12-16 16시32분02초	1765870322999]	자동 저장완료 2025-12-16 16시32분02초
[2025-12-16 16시35분03초	1765870503610]	자동 저장완료 2025-12-16 16시35분03초
[2025-12-16 16시38분04초	1765870684195]	자동 저장완료 2025-12-16 16시38분04초
[2025-12-16 16시41분04초	1765870864816]	자동 저장완료 2025-12-16 16시41분04초
[2025-12-16 16시44분05초	1765871045402]	자동 저장완료 2025-12-16 16시44분05초
[2025-12-16 16시47분06초	1765871226000]	자동 저장완료 2025-12-16 16시47분06초
[2025-12-16 16시47분15초	1765871235351]	서버가 즉시 종료됩니다...
[2025-12-16 16시47분16초	1765871236352]	Thread close..
[2025-12-16 16시47분17초	1765871237353]	Save Database..
[2025-12-16 16시47분17초	1765871237904]	Socket close..
[2025-12-16 16시47분17초	1765871237904]	LineageServer Close...
[2025-12-16 16시47분17초	1765871237904]	0ms

[2025-12-16 16시47분17초	1765871237904]	ok..
