[2025-12-21 01시38분41초	1766248721351]	Mysql..
[2025-12-21 01시38분41초	1766248721352]	3ms

[2025-12-21 01시38분41초	1766248721369]	lineage.conf file loading...
[2025-12-21 01시38분41초	1766248721404]	35ms

[2025-12-21 01시38분41초	1766248721410]	Lineage_Balance..
[2025-12-21 01시38분41초	1766248721420]	10ms

[2025-12-21 01시38분41초	1766248721421]	npc_promotion..
[2025-12-21 01시38분41초	1766248721421]	0ms

[2025-12-21 01시38분41초	1766248721422]	Socket..
[2025-12-21 01시38분41초	1766248721423]	1ms

[2025-12-21 01시38분41초	1766248721423]	Common..
[2025-12-21 01시38분41초	1766248721423]	0ms

[2025-12-21 01시38분41초	1766248721424]	EventThread..
[2025-12-21 01시38분41초	1766248721424]	0ms

[2025-12-21 01시38분41초	1766248721425]	AiExecuteThread..
[2025-12-21 01시38분41초	1766248721426]	1ms

[2025-12-21 01시38분41초	1766248721427]	AiThread..
[2025-12-21 01시38분41초	1766248721427]	0ms

[2025-12-21 01시38분41초	1766248721431]	World..
[2025-12-21 01시38분41초	1766248721515]	84ms

[2025-12-21 01시38분41초	1766248721525]	BookController..
[2025-12-21 01시38분41초	1766248721525]	0ms

[2025-12-21 01시38분41초	1766248721525]	InventoryController..
[2025-12-21 01시38분41초	1766248721526]	1ms

[2025-12-21 01시38분41초	1766248721526]	BasePacketPooling..
[2025-12-21 01시38분41초	1766248721526]	0ms

[2025-12-21 01시38분41초	1766248721529]	SkillController..
[2025-12-21 01시38분41초	1766248721529]	0ms

[2025-12-21 01시38분41초	1766248721535]	DamageController..
[2025-12-21 01시38분41초	1766248721535]	0ms

[2025-12-21 01시38분41초	1766248721537]	CharacterController..
[2025-12-21 01시38분41초	1766248721537]	0ms

[2025-12-21 01시38분41초	1766248721538]	TradeController..
[2025-12-21 01시38분41초	1766248721538]	0ms

[2025-12-21 01시38분41초	1766248721538]	DungeonController..
[2025-12-21 01시38분41초	1766248721539]	0ms

[2025-12-21 01시38분41초	1766248721539]	ShipController..
[2025-12-21 01시38분41초	1766248721539]	0ms

[2025-12-21 01시38분41초	1766248721540]	BuffController..
[2025-12-21 01시38분41초	1766248721540]	0ms

[2025-12-21 01시38분41초	1766248721544]	SummonController..
[2025-12-21 01시38분41초	1766248721544]	0ms

[2025-12-21 01시38분41초	1766248721545]	PartyController..
[2025-12-21 01시38분41초	1766248721545]	0ms

[2025-12-21 01시38분41초	1766248721554]	InnController..
[2025-12-21 01시38분41초	1766248721554]	0ms

[2025-12-21 01시38분41초	1766248721563]	BoardController..
[2025-12-21 01시38분41초	1766248721563]	0ms

[2025-12-21 01시38분41초	1766248721565]	LetterController..
[2025-12-21 01시38분41초	1766248721565]	0ms

[2025-12-21 01시38분41초	1766248721566]	UserShopController..
[2025-12-21 01시38분41초	1766248721566]	0ms

[2025-12-21 01시38분41초	1766248721567]	ChattingController..
[2025-12-21 01시38분41초	1766248721571]	4ms

[2025-12-21 01시38분41초	1766248721572]	ColosseumController..
[2025-12-21 01시38분41초	1766248721573]	1ms

[2025-12-21 01시38분41초	1766248721574]	CraftController..
[2025-12-21 01시38분41초	1766248721574]	0ms

[2025-12-21 01시38분41초	1766248721574]	BossController..
[2025-12-21 01시38분41초	1766248721575]	1ms

[2025-12-21 01시38분41초	1766248721576]	NoticeController..
[2025-12-21 01시38분41초	1766248721576]	0ms

[2025-12-21 01시38분41초	1766248721577]	FriendController..
[2025-12-21 01시38분41초	1766248721577]	0ms

[2025-12-21 01시38분41초	1766248721577]	BugScanningController..
[2025-12-21 01시38분41초	1766248721577]	0ms

[2025-12-21 01시38분41초	1766248721579]	MagicDollController..
[2025-12-21 01시38분41초	1766248721579]	0ms

[2025-12-21 01시38분41초	1766248721581]	ShopController..
[2025-12-21 01시38분41초	1766248721581]	0ms

[2025-12-21 01시38분41초	1766248721582]	WarehouseDatabase..
[2025-12-21 01시38분41초	1766248721582]	0ms

[2025-12-21 01시38분41초	1766248721583]	PakTools..
[2025-12-21 01시38분41초	1766248721584]	1ms

[2025-12-21 01시38분41초	1766248721585]	ScriptController...
[2025-12-21 01시38분41초	1766248721588]	3ms

[2025-12-21 01시38분41초	1766248721589]	GiranClanLordController..
[2025-12-21 01시38분41초	1766248721589]	0ms

[2025-12-21 01시38분41초	1766248721590]	TeamBattleController..
[2025-12-21 01시38분41초	1766248721590]	0ms

[2025-12-21 01시38분41초	1766248721591]	WorldClearController..
[2025-12-21 01시38분41초	1766248721591]	0ms

[2025-12-21 01시38분41초	1766248721595]	SpotController..
[2025-12-21 01시38분41초	1766248721595]	0ms

[2025-12-21 01시38분41초	1766248721596]	테베라스 컨트롤러..
[2025-12-21 01시38분41초	1766248721596]	0ms

[2025-12-21 01시38분41초	1766248721596]	지옥 컨트롤러..
[2025-12-21 01시38분41초	1766248721596]	0ms

[2025-12-21 01시38분41초	1766248721597]	지하수로 컨트롤러..
[2025-12-21 01시38분41초	1766248721597]	0ms

[2025-12-21 01시38분41초	1766248721598]	보물찾기컨트롤러..
[2025-12-21 01시38분41초	1766248721598]	0ms

[2025-12-21 01시38분41초	1766248721599]	마족신전 컨트롤러..
[2025-12-21 01시38분41초	1766248721599]	0ms

[2025-12-21 01시38분41초	1766248721600]	고무 컨트롤러..
[2025-12-21 01시38분41초	1766248721604]	4ms

[2025-12-21 01시38분41초	1766248721605]	정무던전 컨트롤러..
[2025-12-21 01시38분41초	1766248721605]	0ms

[2025-12-21 01시38분41초	1766248721606]	그신 컨트롤러..
[2025-12-21 01시38분41초	1766248721606]	0ms

[2025-12-21 01시38분41초	1766248721606]	라바던전 컨트롤러..
[2025-12-21 01시38분41초	1766248721606]	0ms

[2025-12-21 01시38분41초	1766248721607]	월드보스컨트롤러..
[2025-12-21 01시38분41초	1766248721607]	0ms

[2025-12-21 01시38분41초	1766248721608]	펭귄 사냥터 컨트롤러..
[2025-12-21 01시38분41초	1766248721608]	0ms

[2025-12-21 01시38분41초	1766248721608]	칠흑던전 컨트롤러..
[2025-12-21 01시38분41초	1766248721609]	1ms

[2025-12-21 01시38분41초	1766248721609]	악마왕의영토컨트롤러..
[2025-12-21 01시38분41초	1766248721609]	0ms

[2025-12-21 01시38분41초	1766248721610]	얼던컨트롤러..
[2025-12-21 01시38분41초	1766248721610]	0ms

[2025-12-21 01시38분41초	1766248721611]	기감 컨트롤러..
[2025-12-21 01시38분41초	1766248721611]	0ms

[2025-12-21 01시38분41초	1766248721612]	고라스컨트롤러..
[2025-12-21 01시38분41초	1766248721612]	0ms

[2025-12-21 01시38분41초	1766248721613]	드워프컨트롤러..
[2025-12-21 01시38분41초	1766248721613]	0ms

[2025-12-21 01시38분41초	1766248721614]	타임이벤트컨트롤러..
[2025-12-21 01시38분41초	1766248721614]	0ms

[2025-12-21 01시38분41초	1766248721614]	AutoHuntController..
[2025-12-21 01시38분41초	1766248721615]	1ms

[2025-12-21 01시38분41초	1766248721615]	DatabaseConnection..
[2025-12-21 01시38분41초	1766248721893]	278ms

[2025-12-21 01시38분41초	1766248721908]	ServerDatabase..
[2025-12-21 01시38분41초	1766248721943]	35ms

[2025-12-21 01시38분41초	1766248721946]	SlimeRaceController..
[2025-12-21 01시38분41초	1766248721949]	3ms

[2025-12-21 01시38분41초	1766248721951]	DogRaceController..
[2025-12-21 01시38분41초	1766248721953]	2ms

[2025-12-21 01시38분41초	1766248721955]	ClanController..
[2025-12-21 01시38분41초	1766248721961]	5ms

[2025-12-21 01시38분41초	1766248721963]	KingdomController..
[2025-12-21 01시38분41초	1766248721970]	7ms

[2025-12-21 01시38분41초	1766248721972]	AgitController..
[2025-12-21 01시38분41초	1766248721977]	5ms

[2025-12-21 01시38분41초	1766248721979]	AuctionController..
[2025-12-21 01시38분41초	1766248721985]	6ms

[2025-12-21 01시38분41초	1766248721989]	ItemDatabase..
[2025-12-21 01시38분42초	1766248722113]	124ms

[2025-12-21 01시38분42초	1766248722114]	ItemSetopionDatabase..
[2025-12-21 01시38분42초	1766248722116]	2ms

[2025-12-21 01시38분42초	1766248722118]	AutosellDatabase..
[2025-12-21 01시38분42초	1766248722138]	20ms

[2025-12-21 01시38분42초	1766248722139]	ItemSkillDatabase..
[2025-12-21 01시38분42초	1766248722141]	2ms

[2025-12-21 01시38분42초	1766248722142]	ItemBundleDatabase..
[2025-12-21 01시38분42초	1766248722145]	3ms

[2025-12-21 01시38분42초	1766248722146]	ItemChanceBundleDatabase..
[2025-12-21 01시38분42초	1766248722149]	3ms

[2025-12-21 01시38분42초	1766248722150]	FishItemListDatabase..
[2025-12-21 01시38분42초	1766248722152]	2ms

[2025-12-21 01시38분42초	1766248722153]	ItemTeleport..
[2025-12-21 01시38분42초	1766248722156]	3ms

[2025-12-21 01시38분42초	1766248722157]	PolyDatabase..
[2025-12-21 01시38분42초	1766248722160]	3ms

[2025-12-21 01시38분42초	1766248722161]	DungeonDatabase..
[2025-12-21 01시38분42초	1766248722167]	6ms

[2025-12-21 01시38분42초	1766248722168]	DefiniteDatabase..
[2025-12-21 01시38분42초	1766248722170]	2ms

[2025-12-21 01시38분42초	1766248722171]	ExpDatabase..
[2025-12-21 01시38분42초	1766248722173]	2ms

[2025-12-21 01시38분42초	1766248722173]	BackgroundDatabase..
[2025-12-21 01시38분42초	1766248722311]	138ms

[2025-12-21 01시38분42초	1766248722312]	SpriteFrameDatabase..
[2025-12-21 01시38분42초	1766248722370]	58ms

[2025-12-21 01시38분42초	1766248722372]	SkillDatabase..
[2025-12-21 01시38분42초	1766248722374]	2ms

[2025-12-21 01시38분42초	1766248722375]	NpcDatabase..
[2025-12-21 01시38분42초	1766248722383]	8ms

[2025-12-21 01시38분42초	1766248722388]	NpcShopDatabase..
[2025-12-21 01시38분42초	1766248722449]	61ms

[2025-12-21 01시38분42초	1766248722450]	NpcTeleportDatabase..
[2025-12-21 01시38분42초	1766248722452]	2ms

[2025-12-21 01시38분42초	1766248722614]	NpcSpawnlistDatabase..
[2025-12-21 01시38분42초	1766248722674]	60ms

[2025-12-21 01시38분42초	1766248722675]	EventController..
[2025-12-21 01시38분42초	1766248722676]	1ms

[2025-12-21 01시38분42초	1766248722677]	MonsterDatabase..
[2025-12-21 01시38분42초	1766248722692]	15ms

[2025-12-21 01시38분42초	1766248722693]	MonsterDropDatabase..
[2025-12-21 01시38분42초	1766248722720]	26ms

[2025-12-21 01시38분42초	1766248722721]	MonsterSkillDatabase..
[2025-12-21 01시38분42초	1766248722733]	12ms

[2025-12-21 01시38분42초	1766248722735]	MonsterSpawnlistDatabase..
[2025-12-21 01시38분43초	1766248723520]	785ms

[2025-12-21 01시38분43초	1766248723521]	MonsterBossSpawnlistDatabase..
[2025-12-21 01시38분43초	1766248723525]	4ms

[2025-12-21 01시38분43초	1766248723526]	ServerDownBossListDatabase..
[2025-12-21 01시38분43초	1766248723527]	1ms

[2025-12-21 01시38분43초	1766248723528]	BadIpDatabase..
[2025-12-21 01시38분43초	1766248723531]	3ms

[2025-12-21 01시38분43초	1766248723531]	QuestController..
[2025-12-21 01시38분43초	1766248723532]	1ms

[2025-12-21 01시38분43초	1766248723533]	ServerOpcodesDatabase..
[2025-12-21 01시38분43초	1766248723538]	4ms

[2025-12-21 01시38분43초	1766248723539]	ServerNoticeDatabase..
[2025-12-21 01시38분43초	1766248723541]	2ms

[2025-12-21 01시38분43초	1766248723543]	RankController..
[2025-12-21 01시38분43초	1766248723563]	20ms

[2025-12-21 01시38분43초	1766248723565]	WantedController..
[2025-12-21 01시38분43초	1766248723567]	2ms

[2025-12-21 01시38분43초	1766248723568]	TeleportHomeDatabase..
[2025-12-21 01시38분43초	1766248723596]	28ms

[2025-12-21 01시38분43초	1766248723597]	TeleportResetDatabase..
[2025-12-21 01시38분43초	1766248723625]	28ms

[2025-12-21 01시38분43초	1766248723626]	ItemPinewandDatabase..
[2025-12-21 01시38분43초	1766248723628]	2ms

[2025-12-21 01시38분43초	1766248723629]	ItemMaplewandDatabase..
[2025-12-21 01시38분43초	1766248723631]	2ms

[2025-12-21 01시38분43초	1766248723632]	SummonListDatabase..
[2025-12-21 01시38분43초	1766248723634]	2ms

[2025-12-21 01시38분43초	1766248723635]	GmListDatabase..
[2025-12-21 01시38분43초	1766248723635]	0ms

[2025-12-21 01시38분43초	1766248723636]	MagicdollListDatabase..
[2025-12-21 01시38분43초	1766248723638]	2ms

[2025-12-21 01시38분43초	1766248723642]	PcMarketController..
[2025-12-21 01시38분43초	1766248723643]	1ms

[2025-12-21 01시38분43초	1766248723644]	ServerOptionDatabase..
[2025-12-21 01시38분43초	1766248723645]	1ms

[2025-12-21 01시38분43초	1766248723646]	TimeDungeonDatabase..
[2025-12-21 01시38분43초	1766248723646]	0ms

[2025-12-21 01시38분43초	1766248723647]	TeamBattleDatabase..
[2025-12-21 01시38분43초	1766248723648]	1ms

[2025-12-21 01시38분43초	1766248723649]	LifeLostItemDatabase..
[2025-12-21 01시38분43초	1766248723650]	1ms

[2025-12-21 01시38분43초	1766248723651]	GmTeleportDatabase..
[2025-12-21 01시38분43초	1766248723652]	1ms

[2025-12-21 01시38분43초	1766248723654]	무인혈맹컨트롤러..
[2025-12-21 01시38분43초	1766248723656]	1ms

[2025-12-21 01시38분43초	1766248723656]	HackNoCheckDatabase..
[2025-12-21 01시38분43초	1766248723657]	1ms

[2025-12-21 01시38분43초	1766248723658]	EnchantLostItemDatabase..
[2025-12-21 01시38분43초	1766248723666]	8ms

[2025-12-21 01시38분43초	1766248723667]	ItemDropMessageDatabase..
[2025-12-21 01시38분43초	1766248723668]	1ms

[2025-12-21 01시38분43초	1766248723670]	FishingController..
[2025-12-21 01시38분43초	1766248723682]	12ms

[2025-12-21 01시38분43초	1766248723690]	RobotController..
[2025-12-21 01시38분43초	1766248723714]	24ms

[2025-12-21 01시38분43초	1766248723716]	Server..
[2025-12-21 01시38분43초	1766248723782]	66ms

[2025-12-21 01시38분43초	1766248723783]	ServerThread..
[2025-12-21 01시38분43초	1766248723783]	0ms

[2025-12-21 01시38분43초	1766248723785]	ControllerTherad..
[2025-12-21 01시38분43초	1766248723785]	0ms

[2025-12-21 01시38분43초	1766248723786]	CharacterThread..
[2025-12-21 01시38분43초	1766248723786]	0ms

[2025-12-21 01시38분43초	1766248723787]	DatabaseThread..
[2025-12-21 01시38분43초	1766248723787]	0ms

[2025-12-21 01시38분43초	1766248723788]	CharacterControlThread..
[2025-12-21 01시38분43초	1766248723788]	0ms

[2025-12-21 01시38분43초	1766248723830]	FightController..
[2025-12-21 01시38분43초	1766248723848]	18ms

[2025-12-21 01시38분43초	1766248723849]	TimeThread..
[2025-12-21 01시38분43초	1766248723849]	0ms

[2025-12-21 01시38분43초	1766248723850]	AutoHuntThread..
[2025-12-21 01시38분43초	1766248723850]	0ms

[2025-12-21 01시38분43초	1766248723850]	======================================================================
[2025-12-21 01시38분43초	1766248723850]	Server Version  :  Lineage 2.0

[2025-12-21 01시38분43초	1766248723850]	Server Port      :  2000

[2025-12-21 01시38분43초	1766248723850]	계정 자동생성  :  on

[2025-12-21 01시38분43초	1766248723851]	인챈트 : 1.0배  ||  드랍 : 1.0배  ||  경험치 : 30.0배  ||  아데나 : 200.0배  ||  파티 : 1.1배

[2025-12-21 01시38분43초	1766248723851]	======================================================================
[2025-12-21 01시38분43초	1766248723851]	'서버' 가동되었습니다.

[2025-12-21 01시41분44초	1766248904493]	자동 저장완료 2025-12-21 01시41분44초
[2025-12-21 01시44분45초	1766249085130]	자동 저장완료 2025-12-21 01시44분45초
[2025-12-21 01시47분45초	1766249265769]	자동 저장완료 2025-12-21 01시47분45초
[2025-12-21 01시50분46초	1766249446400]	자동 저장완료 2025-12-21 01시50분46초
[2025-12-21 01시53분47초	1766249627049]	자동 저장완료 2025-12-21 01시53분47초
[2025-12-21 01시56분47초	1766249807682]	자동 저장완료 2025-12-21 01시56분47초
[2025-12-21 01시59분48초	1766249988288]	자동 저장완료 2025-12-21 01시59분48초
[2025-12-21 02시02분48초	1766250168921]	자동 저장완료 2025-12-21 02시02분48초
[2025-12-21 02시04분45초	1766250285301]	item 테이블 리로드 완료 - 
[2025-12-21 02시04분45초	1766250285369]	68ms

[2025-12-21 02시05분49초	1766250349597]	자동 저장완료 2025-12-21 02시05분49초
[2025-12-21 02시06분06초	1766250366976]	item 테이블 리로드 완료 - 
[2025-12-21 02시06분07초	1766250367039]	63ms

[2025-12-21 02시08분50초	1766250530228]	자동 저장완료 2025-12-21 02시08분50초
[2025-12-21 02시11분50초	1766250710833]	자동 저장완료 2025-12-21 02시11분50초
[2025-12-21 02시14분51초	1766250891447]	자동 저장완료 2025-12-21 02시14분51초
[2025-12-21 02시16분33초	1766250993237]	서버가 즉시 종료됩니다...
[2025-12-21 02시16분34초	1766250994239]	Thread close..
[2025-12-21 02시16분35초	1766250995239]	Save Database..
[2025-12-21 02시16분35초	1766250995783]	Socket close..
[2025-12-21 02시16분35초	1766250995783]	LineageServer Close...
[2025-12-21 02시16분35초	1766250995783]	0ms

[2025-12-21 02시16분35초	1766250995783]	ok..
