[2025-12-15 15시15분47초	1765779347669]	Mysql..
[2025-12-15 15시15분47초	1765779347670]	1ms

[2025-12-15 15시15분47초	1765779347687]	lineage.conf file loading...
[2025-12-15 15시15분47초	1765779347720]	33ms

[2025-12-15 15시15분47초	1765779347727]	Lineage_Balance..
[2025-12-15 15시15분47초	1765779347737]	9ms

[2025-12-15 15시15분47초	1765779347737]	npc_promotion..
[2025-12-15 15시15분47초	1765779347738]	1ms

[2025-12-15 15시15분47초	1765779347739]	Socket..
[2025-12-15 15시15분47초	1765779347739]	0ms

[2025-12-15 15시15분47초	1765779347739]	Common..
[2025-12-15 15시15분47초	1765779347739]	0ms

[2025-12-15 15시15분47초	1765779347740]	EventThread..
[2025-12-15 15시15분47초	1765779347740]	0ms

[2025-12-15 15시15분47초	1765779347741]	AiExecuteThread..
[2025-12-15 15시15분47초	1765779347741]	0ms

[2025-12-15 15시15분47초	1765779347742]	AiThread..
[2025-12-15 15시15분47초	1765779347742]	0ms

[2025-12-15 15시15분47초	1765779347745]	World..
[2025-12-15 15시15분47초	1765779347824]	79ms

[2025-12-15 15시15분47초	1765779347826]	BookController..
[2025-12-15 15시15분47초	1765779347826]	0ms

[2025-12-15 15시15분47초	1765779347826]	InventoryController..
[2025-12-15 15시15분47초	1765779347826]	0ms

[2025-12-15 15시15분47초	1765779347827]	BasePacketPooling..
[2025-12-15 15시15분47초	1765779347827]	0ms

[2025-12-15 15시15분47초	1765779347835]	SkillController..
[2025-12-15 15시15분47초	1765779347837]	0ms

[2025-12-15 15시15분47초	1765779347843]	DamageController..
[2025-12-15 15시15분47초	1765779347843]	0ms

[2025-12-15 15시15분47초	1765779347845]	CharacterController..
[2025-12-15 15시15분47초	1765779347845]	0ms

[2025-12-15 15시15분47초	1765779347846]	TradeController..
[2025-12-15 15시15분47초	1765779347846]	0ms

[2025-12-15 15시15분47초	1765779347846]	DungeonController..
[2025-12-15 15시15분47초	1765779347846]	0ms

[2025-12-15 15시15분47초	1765779347847]	ShipController..
[2025-12-15 15시15분47초	1765779347847]	0ms

[2025-12-15 15시15분47초	1765779347848]	BuffController..
[2025-12-15 15시15분47초	1765779347848]	0ms

[2025-12-15 15시15분47초	1765779347851]	SummonController..
[2025-12-15 15시15분47초	1765779347851]	0ms

[2025-12-15 15시15분47초	1765779347852]	PartyController..
[2025-12-15 15시15분47초	1765779347852]	0ms

[2025-12-15 15시15분47초	1765779347853]	InnController..
[2025-12-15 15시15분47초	1765779347853]	0ms

[2025-12-15 15시15분47초	1765779347861]	BoardController..
[2025-12-15 15시15분47초	1765779347861]	0ms

[2025-12-15 15시15분47초	1765779347863]	LetterController..
[2025-12-15 15시15분47초	1765779347863]	0ms

[2025-12-15 15시15분47초	1765779347863]	UserShopController..
[2025-12-15 15시15분47초	1765779347863]	0ms

[2025-12-15 15시15분47초	1765779347872]	ChattingController..
[2025-12-15 15시15분47초	1765779347878]	6ms

[2025-12-15 15시15분47초	1765779347880]	ColosseumController..
[2025-12-15 15시15분47초	1765779347880]	0ms

[2025-12-15 15시15분47초	1765779347881]	CraftController..
[2025-12-15 15시15분47초	1765779347881]	0ms

[2025-12-15 15시15분47초	1765779347882]	BossController..
[2025-12-15 15시15분47초	1765779347882]	0ms

[2025-12-15 15시15분47초	1765779347883]	NoticeController..
[2025-12-15 15시15분47초	1765779347883]	0ms

[2025-12-15 15시15분47초	1765779347884]	FriendController..
[2025-12-15 15시15분47초	1765779347884]	0ms

[2025-12-15 15시15분47초	1765779347884]	BugScanningController..
[2025-12-15 15시15분47초	1765779347884]	0ms

[2025-12-15 15시15분47초	1765779347885]	MagicDollController..
[2025-12-15 15시15분47초	1765779347885]	0ms

[2025-12-15 15시15분47초	1765779347886]	ShopController..
[2025-12-15 15시15분47초	1765779347886]	0ms

[2025-12-15 15시15분47초	1765779347887]	WarehouseDatabase..
[2025-12-15 15시15분47초	1765779347887]	0ms

[2025-12-15 15시15분47초	1765779347888]	PakTools..
[2025-12-15 15시15분47초	1765779347889]	1ms

[2025-12-15 15시15분47초	1765779347889]	ScriptController...
[2025-12-15 15시15분47초	1765779347892]	3ms

[2025-12-15 15시15분47초	1765779347893]	GiranClanLordController..
[2025-12-15 15시15분47초	1765779347893]	0ms

[2025-12-15 15시15분47초	1765779347894]	TeamBattleController..
[2025-12-15 15시15분47초	1765779347894]	0ms

[2025-12-15 15시15분47초	1765779347895]	WorldClearController..
[2025-12-15 15시15분47초	1765779347895]	0ms

[2025-12-15 15시15분47초	1765779347896]	SpotController..
[2025-12-15 15시15분47초	1765779347896]	0ms

[2025-12-15 15시15분47초	1765779347896]	테베라스 컨트롤러..
[2025-12-15 15시15분47초	1765779347900]	4ms

[2025-12-15 15시15분47초	1765779347901]	지옥 컨트롤러..
[2025-12-15 15시15분47초	1765779347901]	0ms

[2025-12-15 15시15분47초	1765779347902]	지하수로 컨트롤러..
[2025-12-15 15시15분47초	1765779347902]	0ms

[2025-12-15 15시15분47초	1765779347902]	보물찾기컨트롤러..
[2025-12-15 15시15분47초	1765779347902]	0ms

[2025-12-15 15시15분47초	1765779347903]	마족신전 컨트롤러..
[2025-12-15 15시15분47초	1765779347903]	0ms

[2025-12-15 15시15분47초	1765779347904]	고무 컨트롤러..
[2025-12-15 15시15분47초	1765779347904]	0ms

[2025-12-15 15시15분47초	1765779347904]	정무던전 컨트롤러..
[2025-12-15 15시15분47초	1765779347904]	0ms

[2025-12-15 15시15분47초	1765779347905]	그신 컨트롤러..
[2025-12-15 15시15분47초	1765779347905]	0ms

[2025-12-15 15시15분47초	1765779347906]	라바던전 컨트롤러..
[2025-12-15 15시15분47초	1765779347906]	0ms

[2025-12-15 15시15분47초	1765779347907]	월드보스컨트롤러..
[2025-12-15 15시15분47초	1765779347907]	0ms

[2025-12-15 15시15분47초	1765779347907]	펭귄 사냥터 컨트롤러..
[2025-12-15 15시15분47초	1765779347907]	0ms

[2025-12-15 15시15분47초	1765779347908]	칠흑던전 컨트롤러..
[2025-12-15 15시15분47초	1765779347908]	0ms

[2025-12-15 15시15분47초	1765779347909]	악마왕의영토컨트롤러..
[2025-12-15 15시15분47초	1765779347909]	0ms

[2025-12-15 15시15분47초	1765779347909]	얼던컨트롤러..
[2025-12-15 15시15분47초	1765779347909]	0ms

[2025-12-15 15시15분47초	1765779347910]	기감 컨트롤러..
[2025-12-15 15시15분47초	1765779347910]	0ms

[2025-12-15 15시15분47초	1765779347911]	고라스컨트롤러..
[2025-12-15 15시15분47초	1765779347911]	0ms

[2025-12-15 15시15분47초	1765779347911]	드워프컨트롤러..
[2025-12-15 15시15분47초	1765779347911]	0ms

[2025-12-15 15시15분47초	1765779347912]	타임이벤트컨트롤러..
[2025-12-15 15시15분47초	1765779347912]	0ms

[2025-12-15 15시15분47초	1765779347913]	AutoHuntController..
[2025-12-15 15시15분47초	1765779347913]	0ms

[2025-12-15 15시15분47초	1765779347913]	DatabaseConnection..
[2025-12-15 15시15분48초	1765779348208]	295ms

[2025-12-15 15시15분48초	1765779348227]	ServerDatabase..
[2025-12-15 15시15분48초	1765779348257]	30ms

[2025-12-15 15시15분48초	1765779348260]	SlimeRaceController..
[2025-12-15 15시15분48초	1765779348262]	2ms

[2025-12-15 15시15분48초	1765779348264]	DogRaceController..
[2025-12-15 15시15분48초	1765779348265]	1ms

[2025-12-15 15시15분48초	1765779348268]	ClanController..
[2025-12-15 15시15분48초	1765779348272]	4ms

[2025-12-15 15시15분48초	1765779348275]	KingdomController..
[2025-12-15 15시15분48초	1765779348281]	6ms

[2025-12-15 15시15분48초	1765779348282]	AgitController..
[2025-12-15 15시15분48초	1765779348286]	4ms

[2025-12-15 15시15분48초	1765779348287]	AuctionController..
[2025-12-15 15시15분48초	1765779348291]	4ms

[2025-12-15 15시15분48초	1765779348296]	ItemDatabase..
[2025-12-15 15시15분48초	1765779348395]	99ms

[2025-12-15 15시15분48초	1765779348396]	ItemSetopionDatabase..
[2025-12-15 15시15분48초	1765779348398]	2ms

[2025-12-15 15시15분48초	1765779348399]	AutosellDatabase..
[2025-12-15 15시15분48초	1765779348418]	19ms

[2025-12-15 15시15분48초	1765779348419]	ItemSkillDatabase..
[2025-12-15 15시15분48초	1765779348420]	1ms

[2025-12-15 15시15분48초	1765779348421]	ItemBundleDatabase..
[2025-12-15 15시15분48초	1765779348424]	3ms

[2025-12-15 15시15분48초	1765779348425]	ItemChanceBundleDatabase..
[2025-12-15 15시15분48초	1765779348428]	3ms

[2025-12-15 15시15분48초	1765779348429]	FishItemListDatabase..
[2025-12-15 15시15분48초	1765779348430]	1ms

[2025-12-15 15시15분48초	1765779348431]	ItemTeleport..
[2025-12-15 15시15분48초	1765779348433]	2ms

[2025-12-15 15시15분48초	1765779348434]	PolyDatabase..
[2025-12-15 15시15분48초	1765779348436]	2ms

[2025-12-15 15시15분48초	1765779348437]	DungeonDatabase..
[2025-12-15 15시15분48초	1765779348441]	4ms

[2025-12-15 15시15분48초	1765779348442]	DefiniteDatabase..
[2025-12-15 15시15분48초	1765779348444]	2ms

[2025-12-15 15시15분48초	1765779348444]	ExpDatabase..
[2025-12-15 15시15분48초	1765779348446]	2ms

[2025-12-15 15시15분48초	1765779348446]	BackgroundDatabase..
[2025-12-15 15시15분48초	1765779348556]	110ms

[2025-12-15 15시15분48초	1765779348556]	SpriteFrameDatabase..
[2025-12-15 15시15분48초	1765779348616]	60ms

[2025-12-15 15시15분48초	1765779348617]	SkillDatabase..
[2025-12-15 15시15분48초	1765779348619]	2ms

[2025-12-15 15시15분48초	1765779348620]	NpcDatabase..
[2025-12-15 15시15분48초	1765779348626]	6ms

[2025-12-15 15시15분48초	1765779348627]	NpcShopDatabase..
[2025-12-15 15시15분48초	1765779348687]	60ms

[2025-12-15 15시15분48초	1765779348688]	NpcTeleportDatabase..
[2025-12-15 15시15분48초	1765779348690]	2ms

[2025-12-15 15시15분48초	1765779348822]	NpcSpawnlistDatabase..
[2025-12-15 15시15분48초	1765779348880]	58ms

[2025-12-15 15시15분48초	1765779348882]	EventController..
[2025-12-15 15시15분48초	1765779348882]	0ms

[2025-12-15 15시15분48초	1765779348884]	MonsterDatabase..
[2025-12-15 15시15분48초	1765779348898]	14ms

[2025-12-15 15시15분48초	1765779348907]	MonsterDropDatabase..
[2025-12-15 15시15분48초	1765779348933]	26ms

[2025-12-15 15시15분48초	1765779348933]	MonsterSkillDatabase..
[2025-12-15 15시15분48초	1765779348947]	14ms

[2025-12-15 15시15분48초	1765779348949]	MonsterSpawnlistDatabase..
[2025-12-15 15시15분49초	1765779349846]	897ms

[2025-12-15 15시15분49초	1765779349848]	MonsterBossSpawnlistDatabase..
[2025-12-15 15시15분49초	1765779349850]	2ms

[2025-12-15 15시15분49초	1765779349851]	ServerDownBossListDatabase..
[2025-12-15 15시15분49초	1765779349851]	0ms

[2025-12-15 15시15분49초	1765779349852]	BadIpDatabase..
[2025-12-15 15시15분49초	1765779349854]	2ms

[2025-12-15 15시15분49초	1765779349854]	QuestController..
[2025-12-15 15시15분49초	1765779349855]	1ms

[2025-12-15 15시15분49초	1765779349855]	ServerOpcodesDatabase..
[2025-12-15 15시15분49초	1765779349859]	3ms

[2025-12-15 15시15분49초	1765779349859]	ServerNoticeDatabase..
[2025-12-15 15시15분49초	1765779349861]	2ms

[2025-12-15 15시15분49초	1765779349862]	RankController..
[2025-12-15 15시15분49초	1765779349876]	14ms

[2025-12-15 15시15분49초	1765779349878]	WantedController..
[2025-12-15 15시15분49초	1765779349879]	1ms

[2025-12-15 15시15분49초	1765779349880]	TeleportHomeDatabase..
[2025-12-15 15시15분49초	1765779349910]	30ms

[2025-12-15 15시15분49초	1765779349911]	TeleportResetDatabase..
[2025-12-15 15시15분49초	1765779349940]	29ms

[2025-12-15 15시15분49초	1765779349941]	ItemPinewandDatabase..
[2025-12-15 15시15분49초	1765779349942]	1ms

[2025-12-15 15시15분49초	1765779349942]	ItemMaplewandDatabase..
[2025-12-15 15시15분49초	1765779349944]	2ms

[2025-12-15 15시15분49초	1765779349945]	SummonListDatabase..
[2025-12-15 15시15분49초	1765779349946]	1ms

[2025-12-15 15시15분49초	1765779349947]	GmListDatabase..
[2025-12-15 15시15분49초	1765779349947]	0ms

[2025-12-15 15시15분49초	1765779349949]	MagicdollListDatabase..
[2025-12-15 15시15분49초	1765779349950]	1ms

[2025-12-15 15시15분49초	1765779349954]	PcMarketController..
[2025-12-15 15시15분49초	1765779349955]	1ms

[2025-12-15 15시15분49초	1765779349956]	ServerOptionDatabase..
[2025-12-15 15시15분49초	1765779349956]	0ms

[2025-12-15 15시15분49초	1765779349957]	TimeDungeonDatabase..
[2025-12-15 15시15분49초	1765779349958]	1ms

[2025-12-15 15시15분49초	1765779349959]	TeamBattleDatabase..
[2025-12-15 15시15분49초	1765779349960]	1ms

[2025-12-15 15시15분49초	1765779349960]	LifeLostItemDatabase..
[2025-12-15 15시15분49초	1765779349962]	2ms

[2025-12-15 15시15분49초	1765779349963]	GmTeleportDatabase..
[2025-12-15 15시15분49초	1765779349964]	1ms

[2025-12-15 15시15분49초	1765779349966]	무인혈맹컨트롤러..
[2025-12-15 15시15분49초	1765779349967]	1ms

[2025-12-15 15시15분49초	1765779349968]	HackNoCheckDatabase..
[2025-12-15 15시15분49초	1765779349968]	0ms

[2025-12-15 15시15분49초	1765779349970]	EnchantLostItemDatabase..
[2025-12-15 15시15분49초	1765779349976]	6ms

[2025-12-15 15시15분49초	1765779349978]	ItemDropMessageDatabase..
[2025-12-15 15시15분49초	1765779349979]	1ms

[2025-12-15 15시15분49초	1765779349981]	FishingController..
[2025-12-15 15시15분49초	1765779349993]	12ms

[2025-12-15 15시15분50초	1765779350002]	RobotController..
[2025-12-15 15시15분50초	1765779350083]	81ms

[2025-12-15 15시15분50초	1765779350085]	Server..
[2025-12-15 15시15분50초	1765779350160]	75ms

[2025-12-15 15시15분50초	1765779350161]	ServerThread..
[2025-12-15 15시15분50초	1765779350161]	0ms

[2025-12-15 15시15분50초	1765779350163]	ControllerTherad..
[2025-12-15 15시15분50초	1765779350163]	0ms

[2025-12-15 15시15분50초	1765779350164]	CharacterThread..
[2025-12-15 15시15분50초	1765779350164]	0ms

[2025-12-15 15시15분50초	1765779350165]	DatabaseThread..
[2025-12-15 15시15분50초	1765779350165]	0ms

[2025-12-15 15시15분50초	1765779350166]	CharacterControlThread..
[2025-12-15 15시15분50초	1765779350166]	0ms

[2025-12-15 15시15분50초	1765779350210]	FightController..
[2025-12-15 15시15분50초	1765779350235]	25ms

[2025-12-15 15시15분50초	1765779350235]	TimeThread..
[2025-12-15 15시15분50초	1765779350236]	1ms

[2025-12-15 15시15분50초	1765779350236]	AutoHuntThread..
[2025-12-15 15시15분50초	1765779350236]	0ms

[2025-12-15 15시15분50초	1765779350236]	======================================================================
[2025-12-15 15시15분50초	1765779350237]	Server Version  :  Lineage 2.0

[2025-12-15 15시15분50초	1765779350237]	Server Port      :  2000

[2025-12-15 15시15분50초	1765779350237]	계정 자동생성  :  on

[2025-12-15 15시15분50초	1765779350237]	인챈트 : 1.0배  ||  드랍 : 1.0배  ||  경험치 : 30.0배  ||  아데나 : 200.0배  ||  파티 : 1.1배

[2025-12-15 15시15분50초	1765779350237]	======================================================================
[2025-12-15 15시15분50초	1765779350237]	'서버' 가동되었습니다.

[2025-12-15 15시18분50초	1765779530887]	자동 저장완료 2025-12-15 15시18분50초
[2025-12-15 15시21분51초	1765779711569]	자동 저장완료 2025-12-15 15시21분51초
[2025-12-15 15시24분52초	1765779892215]	자동 저장완료 2025-12-15 15시24분52초
[2025-12-15 15시27분52초	1765780072912]	자동 저장완료 2025-12-15 15시27분52초
[2025-12-15 15시28분44초	1765780124544]	class lineage.world.object.instance.PetMasterInstance : toPush(PcInstance pc)
[2025-12-15 15시28분44초	1765780124544]	java.lang.ClassCastException: lineage.world.object.instance.PetInstance cannot be cast to lineage.world.object.instance.PcInstance
[2025-12-15 15시29분25초	1765780165297]	Thread close..
[2025-12-15 15시29분26초	1765780166297]	Save Database..
[2025-12-15 15시29분26초	1765780166872]	Socket close..
[2025-12-15 15시29분26초	1765780166872]	LineageServer Close...
[2025-12-15 15시29분26초	1765780166872]	0ms

[2025-12-15 15시29분26초	1765780166872]	ok..
