[2025-12-30 10시39분00초	1767058740931]	Mysql..
[2025-12-30 10시39분00초	1767058740933]	2ms

[2025-12-30 10시39분00초	1767058740953]	lineage.conf file loading...
[2025-12-30 10시39분00초	1767058740982]	29ms

[2025-12-30 10시39분00초	1767058740989]	Lineage_Balance..
[2025-12-30 10시39분00초	1767058740998]	9ms

[2025-12-30 10시39분00초	1767058740999]	npc_promotion..
[2025-12-30 10시39분00초	1767058740999]	0ms

[2025-12-30 10시39분01초	1767058741000]	Socket..
[2025-12-30 10시39분01초	1767058741001]	1ms

[2025-12-30 10시39분01초	1767058741001]	Common..
[2025-12-30 10시39분01초	1767058741001]	0ms

[2025-12-30 10시39분01초	1767058741002]	EventThread..
[2025-12-30 10시39분01초	1767058741003]	1ms

[2025-12-30 10시39분01초	1767058741003]	AiExecuteThread..
[2025-12-30 10시39분01초	1767058741004]	1ms

[2025-12-30 10시39분01초	1767058741004]	AiThread..
[2025-12-30 10시39분01초	1767058741005]	0ms

[2025-12-30 10시39분01초	1767058741008]	World..
[2025-12-30 10시39분01초	1767058741168]	160ms

[2025-12-30 10시39분01초	1767058741170]	BookController..
[2025-12-30 10시39분01초	1767058741170]	0ms

[2025-12-30 10시39분01초	1767058741170]	InventoryController..
[2025-12-30 10시39분01초	1767058741170]	0ms

[2025-12-30 10시39분01초	1767058741171]	BasePacketPooling..
[2025-12-30 10시39분01초	1767058741174]	3ms

[2025-12-30 10시39분01초	1767058741176]	SkillController..
[2025-12-30 10시39분01초	1767058741176]	0ms

[2025-12-30 10시39분01초	1767058741182]	DamageController..
[2025-12-30 10시39분01초	1767058741182]	0ms

[2025-12-30 10시39분01초	1767058741184]	CharacterController..
[2025-12-30 10시39분01초	1767058741184]	0ms

[2025-12-30 10시39분01초	1767058741185]	TradeController..
[2025-12-30 10시39분01초	1767058741185]	0ms

[2025-12-30 10시39분01초	1767058741186]	DungeonController..
[2025-12-30 10시39분01초	1767058741186]	0ms

[2025-12-30 10시39분01초	1767058741187]	ShipController..
[2025-12-30 10시39분01초	1767058741187]	1ms

[2025-12-30 10시39분01초	1767058741187]	BuffController..
[2025-12-30 10시39분01초	1767058741188]	1ms

[2025-12-30 10시39분01초	1767058741192]	SummonController..
[2025-12-30 10시39분01초	1767058741192]	0ms

[2025-12-30 10시39분01초	1767058741193]	PartyController..
[2025-12-30 10시39분01초	1767058741193]	0ms

[2025-12-30 10시39분01초	1767058741193]	InnController..
[2025-12-30 10시39분01초	1767058741193]	0ms

[2025-12-30 10시39분01초	1767058741195]	BoardController..
[2025-12-30 10시39분01초	1767058741195]	0ms

[2025-12-30 10시39분01초	1767058741196]	LetterController..
[2025-12-30 10시39분01초	1767058741196]	0ms

[2025-12-30 10시39분01초	1767058741197]	UserShopController..
[2025-12-30 10시39분01초	1767058741197]	0ms

[2025-12-30 10시39분01초	1767058741199]	ChattingController..
[2025-12-30 10시39분01초	1767058741201]	2ms

[2025-12-30 10시39분01초	1767058741203]	ColosseumController..
[2025-12-30 10시39분01초	1767058741203]	0ms

[2025-12-30 10시39분01초	1767058741204]	CraftController..
[2025-12-30 10시39분01초	1767058741204]	0ms

[2025-12-30 10시39분01초	1767058741205]	BossController..
[2025-12-30 10시39분01초	1767058741205]	0ms

[2025-12-30 10시39분01초	1767058741206]	NoticeController..
[2025-12-30 10시39분01초	1767058741206]	0ms

[2025-12-30 10시39분01초	1767058741207]	FriendController..
[2025-12-30 10시39분01초	1767058741207]	0ms

[2025-12-30 10시39분01초	1767058741208]	BugScanningController..
[2025-12-30 10시39분01초	1767058741208]	0ms

[2025-12-30 10시39분01초	1767058741218]	MagicDollController..
[2025-12-30 10시39분01초	1767058741218]	0ms

[2025-12-30 10시39분01초	1767058741219]	ShopController..
[2025-12-30 10시39분01초	1767058741219]	0ms

[2025-12-30 10시39분01초	1767058741220]	WarehouseDatabase..
[2025-12-30 10시39분01초	1767058741220]	0ms

[2025-12-30 10시39분01초	1767058741221]	PakTools..
[2025-12-30 10시39분01초	1767058741222]	1ms

[2025-12-30 10시39분01초	1767058741223]	ScriptController...
[2025-12-30 10시39분01초	1767058741226]	3ms

[2025-12-30 10시39분01초	1767058741226]	GiranClanLordController..
[2025-12-30 10시39분01초	1767058741226]	0ms

[2025-12-30 10시39분01초	1767058741228]	TeamBattleController..
[2025-12-30 10시39분01초	1767058741228]	0ms

[2025-12-30 10시39분01초	1767058741229]	WorldClearController..
[2025-12-30 10시39분01초	1767058741229]	0ms

[2025-12-30 10시39분01초	1767058741229]	SpotController..
[2025-12-30 10시39분01초	1767058741229]	0ms

[2025-12-30 10시39분01초	1767058741230]	테베라스 컨트롤러..
[2025-12-30 10시39분01초	1767058741230]	0ms

[2025-12-30 10시39분01초	1767058741231]	지옥 컨트롤러..
[2025-12-30 10시39분01초	1767058741231]	0ms

[2025-12-30 10시39분01초	1767058741231]	지하수로 컨트롤러..
[2025-12-30 10시39분01초	1767058741231]	0ms

[2025-12-30 10시39분01초	1767058741232]	보물찾기컨트롤러..
[2025-12-30 10시39분01초	1767058741232]	0ms

[2025-12-30 10시39분01초	1767058741233]	마족신전 컨트롤러..
[2025-12-30 10시39분01초	1767058741233]	0ms

[2025-12-30 10시39분01초	1767058741233]	고무 컨트롤러..
[2025-12-30 10시39분01초	1767058741237]	4ms

[2025-12-30 10시39분01초	1767058741238]	정무던전 컨트롤러..
[2025-12-30 10시39분01초	1767058741238]	0ms

[2025-12-30 10시39분01초	1767058741239]	그신 컨트롤러..
[2025-12-30 10시39분01초	1767058741239]	0ms

[2025-12-30 10시39분01초	1767058741240]	라바던전 컨트롤러..
[2025-12-30 10시39분01초	1767058741240]	0ms

[2025-12-30 10시39분01초	1767058741240]	월드보스컨트롤러..
[2025-12-30 10시39분01초	1767058741240]	0ms

[2025-12-30 10시39분01초	1767058741241]	펭귄 사냥터 컨트롤러..
[2025-12-30 10시39분01초	1767058741241]	0ms

[2025-12-30 10시39분01초	1767058741241]	칠흑던전 컨트롤러..
[2025-12-30 10시39분01초	1767058741242]	1ms

[2025-12-30 10시39분01초	1767058741242]	악마왕의영토컨트롤러..
[2025-12-30 10시39분01초	1767058741242]	0ms

[2025-12-30 10시39분01초	1767058741243]	얼던컨트롤러..
[2025-12-30 10시39분01초	1767058741243]	0ms

[2025-12-30 10시39분01초	1767058741244]	기감 컨트롤러..
[2025-12-30 10시39분01초	1767058741244]	0ms

[2025-12-30 10시39분01초	1767058741244]	고라스컨트롤러..
[2025-12-30 10시39분01초	1767058741244]	0ms

[2025-12-30 10시39분01초	1767058741245]	드워프컨트롤러..
[2025-12-30 10시39분01초	1767058741245]	0ms

[2025-12-30 10시39분01초	1767058741246]	타임이벤트컨트롤러..
[2025-12-30 10시39분01초	1767058741246]	0ms

[2025-12-30 10시39분01초	1767058741246]	AutoHuntController..
[2025-12-30 10시39분01초	1767058741246]	0ms

[2025-12-30 10시39분01초	1767058741247]	DatabaseConnection..
[2025-12-30 10시39분01초	1767058741560]	313ms

[2025-12-30 10시39분01초	1767058741575]	ServerDatabase..
[2025-12-30 10시39분01초	1767058741614]	39ms

[2025-12-30 10시39분01초	1767058741617]	SlimeRaceController..
[2025-12-30 10시39분01초	1767058741621]	4ms

[2025-12-30 10시39분01초	1767058741622]	DogRaceController..
[2025-12-30 10시39분01초	1767058741624]	2ms

[2025-12-30 10시39분01초	1767058741626]	ClanController..
[2025-12-30 10시39분01초	1767058741634]	8ms

[2025-12-30 10시39분01초	1767058741637]	KingdomController..
[2025-12-30 10시39분01초	1767058741649]	11ms

[2025-12-30 10시39분01초	1767058741650]	AgitController..
[2025-12-30 10시39분01초	1767058741659]	9ms

[2025-12-30 10시39분01초	1767058741661]	AuctionController..
[2025-12-30 10시39분01초	1767058741668]	7ms

[2025-12-30 10시39분01초	1767058741673]	ItemDatabase..
[2025-12-30 10시39분01초	1767058741777]	103ms

[2025-12-30 10시39분01초	1767058741778]	ItemSetopionDatabase..
[2025-12-30 10시39분01초	1767058741781]	3ms

[2025-12-30 10시39분01초	1767058741782]	AutosellDatabase..
[2025-12-30 10시39분01초	1767058741805]	23ms

[2025-12-30 10시39분01초	1767058741806]	ItemSkillDatabase..
[2025-12-30 10시39분01초	1767058741809]	3ms

[2025-12-30 10시39분01초	1767058741810]	ItemBundleDatabase..
[2025-12-30 10시39분01초	1767058741814]	4ms

[2025-12-30 10시39분01초	1767058741815]	ItemChanceBundleDatabase..
[2025-12-30 10시39분01초	1767058741819]	4ms

[2025-12-30 10시39분01초	1767058741819]	FishItemListDatabase..
[2025-12-30 10시39분01초	1767058741821]	2ms

[2025-12-30 10시39분01초	1767058741823]	ItemTeleport..
[2025-12-30 10시39분01초	1767058741832]	9ms

[2025-12-30 10시39분01초	1767058741834]	PolyDatabase..
[2025-12-30 10시39분01초	1767058741838]	4ms

[2025-12-30 10시39분01초	1767058741839]	DungeonDatabase..
[2025-12-30 10시39분01초	1767058741846]	7ms

[2025-12-30 10시39분01초	1767058741846]	DefiniteDatabase..
[2025-12-30 10시39분01초	1767058741849]	3ms

[2025-12-30 10시39분01초	1767058741850]	ExpDatabase..
[2025-12-30 10시39분01초	1767058741853]	3ms

[2025-12-30 10시39분01초	1767058741853]	BackgroundDatabase..
[2025-12-30 10시39분02초	1767058742004]	151ms

[2025-12-30 10시39분02초	1767058742004]	SpriteFrameDatabase..
[2025-12-30 10시39분02초	1767058742068]	64ms

[2025-12-30 10시39분02초	1767058742069]	SkillDatabase..
[2025-12-30 10시39분02초	1767058742073]	4ms

[2025-12-30 10시39분02초	1767058742074]	NpcDatabase..
[2025-12-30 10시39분02초	1767058742083]	9ms

[2025-12-30 10시39분02초	1767058742084]	NpcShopDatabase..
[2025-12-30 10시39분02초	1767058742165]	81ms

[2025-12-30 10시39분02초	1767058742166]	NpcTeleportDatabase..
[2025-12-30 10시39분02초	1767058742169]	3ms

[2025-12-30 10시39분02초	1767058742325]	NpcSpawnlistDatabase..
[2025-12-30 10시39분02초	1767058742389]	64ms

[2025-12-30 10시39분02초	1767058742390]	EventController..
[2025-12-30 10시39분02초	1767058742391]	1ms

[2025-12-30 10시39분02초	1767058742392]	MonsterDatabase..
[2025-12-30 10시39분02초	1767058742408]	16ms

[2025-12-30 10시39분02초	1767058742409]	MonsterDropDatabase..
[2025-12-30 10시39분02초	1767058742435]	26ms

[2025-12-30 10시39분02초	1767058742436]	MonsterSkillDatabase..
[2025-12-30 10시39분02초	1767058742451]	15ms

[2025-12-30 10시39분02초	1767058742453]	MonsterSpawnlistDatabase..
[2025-12-30 10시39분03초	1767058743627]	1174ms

[2025-12-30 10시39분03초	1767058743628]	MonsterBossSpawnlistDatabase..
[2025-12-30 10시39분03초	1767058743632]	4ms

[2025-12-30 10시39분03초	1767058743633]	ServerDownBossListDatabase..
[2025-12-30 10시39분03초	1767058743634]	1ms

[2025-12-30 10시39분03초	1767058743635]	BadIpDatabase..
[2025-12-30 10시39분03초	1767058743638]	3ms

[2025-12-30 10시39분03초	1767058743638]	QuestController..
[2025-12-30 10시39분03초	1767058743641]	3ms

[2025-12-30 10시39분03초	1767058743642]	ServerOpcodesDatabase..
[2025-12-30 10시39분03초	1767058743646]	4ms

[2025-12-30 10시39분03초	1767058743647]	ServerNoticeDatabase..
[2025-12-30 10시39분03초	1767058743650]	3ms

[2025-12-30 10시39분03초	1767058743651]	RankController..
[2025-12-30 10시39분03초	1767058743673]	22ms

[2025-12-30 10시39분03초	1767058743675]	WantedController..
[2025-12-30 10시39분03초	1767058743679]	4ms

[2025-12-30 10시39분03초	1767058743680]	TeleportHomeDatabase..
[2025-12-30 10시39분03초	1767058743712]	32ms

[2025-12-30 10시39분03초	1767058743713]	TeleportResetDatabase..
[2025-12-30 10시39분03초	1767058743743]	30ms

[2025-12-30 10시39분03초	1767058743743]	ItemPinewandDatabase..
[2025-12-30 10시39분03초	1767058743746]	3ms

[2025-12-30 10시39분03초	1767058743746]	ItemMaplewandDatabase..
[2025-12-30 10시39분03초	1767058743749]	3ms

[2025-12-30 10시39분03초	1767058743750]	SummonListDatabase..
[2025-12-30 10시39분03초	1767058743753]	3ms

[2025-12-30 10시39분03초	1767058743753]	GmListDatabase..
[2025-12-30 10시39분03초	1767058743756]	3ms

[2025-12-30 10시39분03초	1767058743757]	MagicdollListDatabase..
[2025-12-30 10시39분03초	1767058743760]	3ms

[2025-12-30 10시39분03초	1767058743763]	PcMarketController..
[2025-12-30 10시39분03초	1767058743766]	3ms

[2025-12-30 10시39분03초	1767058743767]	ServerOptionDatabase..
[2025-12-30 10시39분03초	1767058743768]	1ms

[2025-12-30 10시39분03초	1767058743768]	TimeDungeonDatabase..
[2025-12-30 10시39분03초	1767058743769]	1ms

[2025-12-30 10시39분03초	1767058743770]	TeamBattleDatabase..
[2025-12-30 10시39분03초	1767058743771]	1ms

[2025-12-30 10시39분03초	1767058743772]	LifeLostItemDatabase..
[2025-12-30 10시39분03초	1767058743773]	1ms

[2025-12-30 10시39분03초	1767058743774]	GmTeleportDatabase..
[2025-12-30 10시39분03초	1767058743775]	1ms

[2025-12-30 10시39분03초	1767058743777]	무인혈맹컨트롤러..
[2025-12-30 10시39분03초	1767058743778]	1ms

[2025-12-30 10시39분03초	1767058743779]	HackNoCheckDatabase..
[2025-12-30 10시39분03초	1767058743781]	1ms

[2025-12-30 10시39분03초	1767058743782]	EnchantLostItemDatabase..
[2025-12-30 10시39분03초	1767058743794]	12ms

[2025-12-30 10시39분03초	1767058743795]	ItemDropMessageDatabase..
[2025-12-30 10시39분03초	1767058743797]	2ms

[2025-12-30 10시39분03초	1767058743798]	FishingController..
[2025-12-30 10시39분03초	1767058743919]	121ms

[2025-12-30 10시39분03초	1767058743927]	RobotController..
[2025-12-30 10시39분04초	1767058744020]	93ms

[2025-12-30 10시39분04초	1767058744022]	Server..
[2025-12-30 10시39분04초	1767058744084]	62ms

[2025-12-30 10시39분04초	1767058744085]	ServerThread..
[2025-12-30 10시39분04초	1767058744085]	0ms

[2025-12-30 10시39분04초	1767058744086]	ControllerTherad..
[2025-12-30 10시39분04초	1767058744086]	0ms

[2025-12-30 10시39분04초	1767058744087]	CharacterThread..
[2025-12-30 10시39분04초	1767058744087]	0ms

[2025-12-30 10시39분04초	1767058744088]	DatabaseThread..
[2025-12-30 10시39분04초	1767058744088]	0ms

[2025-12-30 10시39분04초	1767058744089]	CharacterControlThread..
[2025-12-30 10시39분04초	1767058744126]	37ms

[2025-12-30 10시39분04초	1767058744133]	FightController..
[2025-12-30 10시39분04초	1767058744148]	15ms

[2025-12-30 10시39분04초	1767058744154]	TimeThread..
[2025-12-30 10시39분04초	1767058744154]	0ms

[2025-12-30 10시39분04초	1767058744155]	AutoHuntThread..
[2025-12-30 10시39분04초	1767058744155]	0ms

[2025-12-30 10시39분04초	1767058744155]	======================================================================
[2025-12-30 10시39분04초	1767058744155]	Server Version  :  Lineage 2.0

[2025-12-30 10시39분04초	1767058744155]	Server Port      :  2000

[2025-12-30 10시39분04초	1767058744155]	계정 자동생성  :  on

[2025-12-30 10시39분04초	1767058744156]	인챈트 : 1.0배  ||  드랍 : 3.0배  ||  경험치 : 30.0배  ||  아데나 : 12.0배  ||  파티 : 1.1배

[2025-12-30 10시39분04초	1767058744156]	======================================================================
[2025-12-30 10시39분04초	1767058744156]	'서버' 가동되었습니다.

[2025-12-30 10시41분34초	1767058894332]	서버가 즉시 종료됩니다...
[2025-12-30 10시41분35초	1767058895332]	Thread close..
[2025-12-30 10시41분36초	1767058896332]	Save Database..
[2025-12-30 10시41분37초	1767058897027]	Socket close..
[2025-12-30 10시41분37초	1767058897027]	LineageServer Close...
[2025-12-30 10시41분37초	1767058897027]	0ms

[2025-12-30 10시41분37초	1767058897027]	ok..
