[2025-12-22 11시06분27초	1766369187671]	Mysql..
[2025-12-22 11시06분27초	1766369187672]	4ms

[2025-12-22 11시06분27초	1766369187689]	lineage.conf file loading...
[2025-12-22 11시06분27초	1766369187726]	37ms

[2025-12-22 11시06분27초	1766369187733]	Lineage_Balance..
[2025-12-22 11시06분27초	1766369187742]	9ms

[2025-12-22 11시06분27초	1766369187744]	npc_promotion..
[2025-12-22 11시06분27초	1766369187744]	0ms

[2025-12-22 11시06분27초	1766369187745]	Socket..
[2025-12-22 11시06분27초	1766369187746]	0ms

[2025-12-22 11시06분27초	1766369187746]	Common..
[2025-12-22 11시06분27초	1766369187746]	0ms

[2025-12-22 11시06분27초	1766369187747]	EventThread..
[2025-12-22 11시06분27초	1766369187747]	0ms

[2025-12-22 11시06분27초	1766369187748]	AiExecuteThread..
[2025-12-22 11시06분27초	1766369187748]	0ms

[2025-12-22 11시06분27초	1766369187749]	AiThread..
[2025-12-22 11시06분27초	1766369187749]	0ms

[2025-12-22 11시06분27초	1766369187753]	World..
[2025-12-22 11시06분27초	1766369187857]	104ms

[2025-12-22 11시06분27초	1766369187859]	BookController..
[2025-12-22 11시06분27초	1766369187859]	0ms

[2025-12-22 11시06분27초	1766369187859]	InventoryController..
[2025-12-22 11시06분27초	1766369187859]	0ms

[2025-12-22 11시06분27초	1766369187860]	BasePacketPooling..
[2025-12-22 11시06분27초	1766369187860]	0ms

[2025-12-22 11시06분27초	1766369187862]	SkillController..
[2025-12-22 11시06분27초	1766369187862]	0ms

[2025-12-22 11시06분27초	1766369187870]	DamageController..
[2025-12-22 11시06분27초	1766369187870]	0ms

[2025-12-22 11시06분27초	1766369187879]	CharacterController..
[2025-12-22 11시06분27초	1766369187879]	0ms

[2025-12-22 11시06분27초	1766369187880]	TradeController..
[2025-12-22 11시06분27초	1766369187880]	0ms

[2025-12-22 11시06분27초	1766369187881]	DungeonController..
[2025-12-22 11시06분27초	1766369187881]	0ms

[2025-12-22 11시06분27초	1766369187881]	ShipController..
[2025-12-22 11시06분27초	1766369187881]	0ms

[2025-12-22 11시06분27초	1766369187882]	BuffController..
[2025-12-22 11시06분27초	1766369187882]	0ms

[2025-12-22 11시06분27초	1766369187886]	SummonController..
[2025-12-22 11시06분27초	1766369187886]	0ms

[2025-12-22 11시06분27초	1766369187887]	PartyController..
[2025-12-22 11시06분27초	1766369187887]	0ms

[2025-12-22 11시06분27초	1766369187888]	InnController..
[2025-12-22 11시06분27초	1766369187888]	0ms

[2025-12-22 11시06분27초	1766369187890]	BoardController..
[2025-12-22 11시06분27초	1766369187890]	0ms

[2025-12-22 11시06분27초	1766369187892]	LetterController..
[2025-12-22 11시06분27초	1766369187892]	0ms

[2025-12-22 11시06분27초	1766369187892]	UserShopController..
[2025-12-22 11시06분27초	1766369187893]	1ms

[2025-12-22 11시06분27초	1766369187894]	ChattingController..
[2025-12-22 11시06분27초	1766369187897]	3ms

[2025-12-22 11시06분27초	1766369187899]	ColosseumController..
[2025-12-22 11시06분27초	1766369187899]	0ms

[2025-12-22 11시06분27초	1766369187900]	CraftController..
[2025-12-22 11시06분27초	1766369187900]	0ms

[2025-12-22 11시06분27초	1766369187909]	BossController..
[2025-12-22 11시06분27초	1766369187909]	0ms

[2025-12-22 11시06분27초	1766369187910]	NoticeController..
[2025-12-22 11시06분27초	1766369187911]	1ms

[2025-12-22 11시06분27초	1766369187912]	FriendController..
[2025-12-22 11시06분27초	1766369187912]	0ms

[2025-12-22 11시06분27초	1766369187912]	BugScanningController..
[2025-12-22 11시06분27초	1766369187912]	0ms

[2025-12-22 11시06분27초	1766369187914]	MagicDollController..
[2025-12-22 11시06분27초	1766369187914]	0ms

[2025-12-22 11시06분27초	1766369187915]	ShopController..
[2025-12-22 11시06분27초	1766369187915]	0ms

[2025-12-22 11시06분27초	1766369187916]	WarehouseDatabase..
[2025-12-22 11시06분27초	1766369187916]	0ms

[2025-12-22 11시06분27초	1766369187917]	PakTools..
[2025-12-22 11시06분27초	1766369187919]	2ms

[2025-12-22 11시06분27초	1766369187920]	ScriptController...
[2025-12-22 11시06분27초	1766369187923]	3ms

[2025-12-22 11시06분27초	1766369187924]	GiranClanLordController..
[2025-12-22 11시06분27초	1766369187924]	0ms

[2025-12-22 11시06분27초	1766369187925]	TeamBattleController..
[2025-12-22 11시06분27초	1766369187926]	1ms

[2025-12-22 11시06분27초	1766369187926]	WorldClearController..
[2025-12-22 11시06분27초	1766369187926]	0ms

[2025-12-22 11시06분27초	1766369187927]	SpotController..
[2025-12-22 11시06분27초	1766369187927]	0ms

[2025-12-22 11시06분27초	1766369187928]	테베라스 컨트롤러..
[2025-12-22 11시06분27초	1766369187928]	0ms

[2025-12-22 11시06분27초	1766369187929]	지옥 컨트롤러..
[2025-12-22 11시06분27초	1766369187929]	0ms

[2025-12-22 11시06분27초	1766369187930]	지하수로 컨트롤러..
[2025-12-22 11시06분27초	1766369187930]	0ms

[2025-12-22 11시06분27초	1766369187931]	보물찾기컨트롤러..
[2025-12-22 11시06분27초	1766369187931]	0ms

[2025-12-22 11시06분27초	1766369187932]	마족신전 컨트롤러..
[2025-12-22 11시06분27초	1766369187932]	0ms

[2025-12-22 11시06분27초	1766369187933]	고무 컨트롤러..
[2025-12-22 11시06분27초	1766369187937]	4ms

[2025-12-22 11시06분27초	1766369187938]	정무던전 컨트롤러..
[2025-12-22 11시06분27초	1766369187938]	0ms

[2025-12-22 11시06분27초	1766369187939]	그신 컨트롤러..
[2025-12-22 11시06분27초	1766369187939]	0ms

[2025-12-22 11시06분27초	1766369187940]	라바던전 컨트롤러..
[2025-12-22 11시06분27초	1766369187940]	0ms

[2025-12-22 11시06분27초	1766369187941]	월드보스컨트롤러..
[2025-12-22 11시06분27초	1766369187941]	0ms

[2025-12-22 11시06분27초	1766369187942]	펭귄 사냥터 컨트롤러..
[2025-12-22 11시06분27초	1766369187942]	1ms

[2025-12-22 11시06분27초	1766369187942]	칠흑던전 컨트롤러..
[2025-12-22 11시06분27초	1766369187943]	0ms

[2025-12-22 11시06분27초	1766369187951]	악마왕의영토컨트롤러..
[2025-12-22 11시06분27초	1766369187951]	1ms

[2025-12-22 11시06분27초	1766369187952]	얼던컨트롤러..
[2025-12-22 11시06분27초	1766369187952]	0ms

[2025-12-22 11시06분27초	1766369187953]	기감 컨트롤러..
[2025-12-22 11시06분27초	1766369187953]	0ms

[2025-12-22 11시06분27초	1766369187953]	고라스컨트롤러..
[2025-12-22 11시06분27초	1766369187953]	0ms

[2025-12-22 11시06분27초	1766369187953]	드워프컨트롤러..
[2025-12-22 11시06분27초	1766369187954]	1ms

[2025-12-22 11시06분27초	1766369187954]	타임이벤트컨트롤러..
[2025-12-22 11시06분27초	1766369187954]	0ms

[2025-12-22 11시06분27초	1766369187955]	AutoHuntController..
[2025-12-22 11시06분27초	1766369187955]	0ms

[2025-12-22 11시06분27초	1766369187956]	DatabaseConnection..
[2025-12-22 11시06분28초	1766369188236]	280ms

[2025-12-22 11시06분28초	1766369188250]	ServerDatabase..
[2025-12-22 11시06분28초	1766369188289]	38ms

[2025-12-22 11시06분28초	1766369188292]	SlimeRaceController..
[2025-12-22 11시06분28초	1766369188295]	3ms

[2025-12-22 11시06분28초	1766369188297]	DogRaceController..
[2025-12-22 11시06분28초	1766369188299]	2ms

[2025-12-22 11시06분28초	1766369188301]	ClanController..
[2025-12-22 11시06분28초	1766369188308]	7ms

[2025-12-22 11시06분28초	1766369188310]	KingdomController..
[2025-12-22 11시06분28초	1766369188318]	8ms

[2025-12-22 11시06분28초	1766369188320]	AgitController..
[2025-12-22 11시06분28초	1766369188326]	6ms

[2025-12-22 11시06분28초	1766369188327]	AuctionController..
[2025-12-22 11시06분28초	1766369188332]	5ms

[2025-12-22 11시06분28초	1766369188337]	ItemDatabase..
[2025-12-22 11시06분28초	1766369188480]	143ms

[2025-12-22 11시06분28초	1766369188482]	ItemSetopionDatabase..
[2025-12-22 11시06분28초	1766369188485]	3ms

[2025-12-22 11시06분28초	1766369188486]	AutosellDatabase..
[2025-12-22 11시06분28초	1766369188506]	20ms

[2025-12-22 11시06분28초	1766369188507]	ItemSkillDatabase..
[2025-12-22 11시06분28초	1766369188511]	3ms

[2025-12-22 11시06분28초	1766369188511]	ItemBundleDatabase..
[2025-12-22 11시06분28초	1766369188518]	7ms

[2025-12-22 11시06분28초	1766369188519]	ItemChanceBundleDatabase..
[2025-12-22 11시06분28초	1766369188525]	6ms

[2025-12-22 11시06분28초	1766369188526]	FishItemListDatabase..
[2025-12-22 11시06분28초	1766369188528]	2ms

[2025-12-22 11시06분28초	1766369188530]	ItemTeleport..
[2025-12-22 11시06분28초	1766369188533]	3ms

[2025-12-22 11시06분28초	1766369188535]	PolyDatabase..
[2025-12-22 11시06분28초	1766369188539]	4ms

[2025-12-22 11시06분28초	1766369188540]	DungeonDatabase..
[2025-12-22 11시06분28초	1766369188547]	7ms

[2025-12-22 11시06분28초	1766369188548]	DefiniteDatabase..
[2025-12-22 11시06분28초	1766369188551]	3ms

[2025-12-22 11시06분28초	1766369188552]	ExpDatabase..
[2025-12-22 11시06분28초	1766369188554]	2ms

[2025-12-22 11시06분28초	1766369188554]	BackgroundDatabase..
[2025-12-22 11시06분28초	1766369188704]	150ms

[2025-12-22 11시06분28초	1766369188704]	SpriteFrameDatabase..
[2025-12-22 11시06분28초	1766369188779]	75ms

[2025-12-22 11시06분28초	1766369188780]	SkillDatabase..
[2025-12-22 11시06분28초	1766369188784]	4ms

[2025-12-22 11시06분28초	1766369188785]	NpcDatabase..
[2025-12-22 11시06분28초	1766369188797]	12ms

[2025-12-22 11시06분28초	1766369188798]	NpcShopDatabase..
[2025-12-22 11시06분28초	1766369188875]	77ms

[2025-12-22 11시06분28초	1766369188876]	NpcTeleportDatabase..
[2025-12-22 11시06분28초	1766369188879]	3ms

[2025-12-22 11시06분29초	1766369189068]	NpcSpawnlistDatabase..
[2025-12-22 11시06분29초	1766369189127]	59ms

[2025-12-22 11시06분29초	1766369189129]	EventController..
[2025-12-22 11시06분29초	1766369189129]	0ms

[2025-12-22 11시06분29초	1766369189130]	MonsterDatabase..
[2025-12-22 11시06분29초	1766369189147]	17ms

[2025-12-22 11시06분29초	1766369189148]	MonsterDropDatabase..
[2025-12-22 11시06분29초	1766369189174]	26ms

[2025-12-22 11시06분29초	1766369189175]	MonsterSkillDatabase..
[2025-12-22 11시06분29초	1766369189187]	11ms

[2025-12-22 11시06분29초	1766369189188]	MonsterSpawnlistDatabase..
[2025-12-22 11시06분30초	1766369190646]	1458ms

[2025-12-22 11시06분30초	1766369190648]	MonsterBossSpawnlistDatabase..
[2025-12-22 11시06분30초	1766369190651]	3ms

[2025-12-22 11시06분30초	1766369190652]	ServerDownBossListDatabase..
[2025-12-22 11시06분30초	1766369190653]	1ms

[2025-12-22 11시06분30초	1766369190654]	BadIpDatabase..
[2025-12-22 11시06분30초	1766369190656]	2ms

[2025-12-22 11시06분30초	1766369190656]	QuestController..
[2025-12-22 11시06분30초	1766369190657]	1ms

[2025-12-22 11시06분30초	1766369190658]	ServerOpcodesDatabase..
[2025-12-22 11시06분30초	1766369190663]	5ms

[2025-12-22 11시06분30초	1766369190664]	ServerNoticeDatabase..
[2025-12-22 11시06분30초	1766369190666]	2ms

[2025-12-22 11시06분30초	1766369190668]	RankController..
[2025-12-22 11시06분30초	1766369190675]	7ms

[2025-12-22 11시06분30초	1766369190677]	WantedController..
[2025-12-22 11시06분30초	1766369190678]	1ms

[2025-12-22 11시06분30초	1766369190679]	TeleportHomeDatabase..
[2025-12-22 11시06분30초	1766369190700]	21ms

[2025-12-22 11시06분30초	1766369190701]	TeleportResetDatabase..
[2025-12-22 11시06분30초	1766369190732]	31ms

[2025-12-22 11시06분30초	1766369190733]	ItemPinewandDatabase..
[2025-12-22 11시06분30초	1766369190735]	2ms

[2025-12-22 11시06분30초	1766369190736]	ItemMaplewandDatabase..
[2025-12-22 11시06분30초	1766369190739]	3ms

[2025-12-22 11시06분30초	1766369190740]	SummonListDatabase..
[2025-12-22 11시06분30초	1766369190742]	2ms

[2025-12-22 11시06분30초	1766369190743]	GmListDatabase..
[2025-12-22 11시06분30초	1766369190744]	1ms

[2025-12-22 11시06분30초	1766369190746]	MagicdollListDatabase..
[2025-12-22 11시06분30초	1766369190748]	2ms

[2025-12-22 11시06분30초	1766369190752]	PcMarketController..
[2025-12-22 11시06분30초	1766369190753]	1ms

[2025-12-22 11시06분30초	1766369190754]	ServerOptionDatabase..
[2025-12-22 11시06분30초	1766369190754]	0ms

[2025-12-22 11시06분30초	1766369190755]	TimeDungeonDatabase..
[2025-12-22 11시06분30초	1766369190756]	1ms

[2025-12-22 11시06분30초	1766369190757]	TeamBattleDatabase..
[2025-12-22 11시06분30초	1766369190758]	1ms

[2025-12-22 11시06분30초	1766369190759]	LifeLostItemDatabase..
[2025-12-22 11시06분30초	1766369190760]	1ms

[2025-12-22 11시06분30초	1766369190761]	GmTeleportDatabase..
[2025-12-22 11시06분30초	1766369190763]	1ms

[2025-12-22 11시06분30초	1766369190765]	무인혈맹컨트롤러..
[2025-12-22 11시06분30초	1766369190765]	0ms

[2025-12-22 11시06분30초	1766369190766]	HackNoCheckDatabase..
[2025-12-22 11시06분30초	1766369190767]	1ms

[2025-12-22 11시06분30초	1766369190768]	EnchantLostItemDatabase..
[2025-12-22 11시06분30초	1766369190768]	0ms

[2025-12-22 11시06분30초	1766369190769]	ItemDropMessageDatabase..
[2025-12-22 11시06분30초	1766369190771]	1ms

[2025-12-22 11시06분30초	1766369190772]	FishingController..
[2025-12-22 11시06분30초	1766369190784]	12ms

[2025-12-22 11시06분30초	1766369190793]	RobotController..
[2025-12-22 11시06분30초	1766369190891]	98ms

[2025-12-22 11시06분30초	1766369190893]	Server..
[2025-12-22 11시06분30초	1766369190957]	64ms

[2025-12-22 11시06분30초	1766369190958]	ServerThread..
[2025-12-22 11시06분30초	1766369190958]	0ms

[2025-12-22 11시06분30초	1766369190959]	ControllerTherad..
[2025-12-22 11시06분30초	1766369190959]	0ms

[2025-12-22 11시06분30초	1766369190960]	CharacterThread..
[2025-12-22 11시06분30초	1766369190961]	1ms

[2025-12-22 11시06분30초	1766369190963]	DatabaseThread..
[2025-12-22 11시06분30초	1766369190963]	0ms

[2025-12-22 11시06분30초	1766369190964]	CharacterControlThread..
[2025-12-22 11시06분30초	1766369190964]	0ms

[2025-12-22 11시06분31초	1766369191009]	FightController..
[2025-12-22 11시06분31초	1766369191027]	18ms

[2025-12-22 11시06분31초	1766369191028]	TimeThread..
[2025-12-22 11시06분31초	1766369191028]	0ms

[2025-12-22 11시06분31초	1766369191029]	AutoHuntThread..
[2025-12-22 11시06분31초	1766369191029]	0ms

[2025-12-22 11시06분31초	1766369191029]	======================================================================
[2025-12-22 11시06분31초	1766369191030]	Server Version  :  Lineage 2.0

[2025-12-22 11시06분31초	1766369191030]	Server Port      :  2000

[2025-12-22 11시06분31초	1766369191030]	계정 자동생성  :  on

[2025-12-22 11시06분31초	1766369191030]	인챈트 : 1.0배  ||  드랍 : 1.0배  ||  경험치 : 30.0배  ||  아데나 : 200.0배  ||  파티 : 1.1배

[2025-12-22 11시06분31초	1766369191030]	======================================================================
[2025-12-22 11시06분31초	1766369191030]	'서버' 가동되었습니다.

[2025-12-22 11시09분04초	1766369344877]	서버가 즉시 종료됩니다...
[2025-12-22 11시09분05초	1766369345879]	Thread close..
[2025-12-22 11시09분06초	1766369346879]	Save Database..
[2025-12-22 11시09분07초	1766369347417]	Socket close..
[2025-12-22 11시09분07초	1766369347417]	LineageServer Close...
[2025-12-22 11시09분07초	1766369347417]	0ms

[2025-12-22 11시09분07초	1766369347417]	ok..
