[2025-12-22 13시33분12초	1766377992207]	Mysql..
[2025-12-22 13시33분12초	1766377992207]	2ms

[2025-12-22 13시33분12초	1766377992225]	lineage.conf file loading...
[2025-12-22 13시33분12초	1766377992259]	34ms

[2025-12-22 13시33분12초	1766377992266]	Lineage_Balance..
[2025-12-22 13시33분12초	1766377992276]	10ms

[2025-12-22 13시33분12초	1766377992277]	npc_promotion..
[2025-12-22 13시33분12초	1766377992278]	1ms

[2025-12-22 13시33분12초	1766377992279]	Socket..
[2025-12-22 13시33분12초	1766377992279]	0ms

[2025-12-22 13시33분12초	1766377992279]	Common..
[2025-12-22 13시33분12초	1766377992279]	0ms

[2025-12-22 13시33분12초	1766377992280]	EventThread..
[2025-12-22 13시33분12초	1766377992280]	0ms

[2025-12-22 13시33분12초	1766377992281]	AiExecuteThread..
[2025-12-22 13시33분12초	1766377992281]	0ms

[2025-12-22 13시33분12초	1766377992282]	AiThread..
[2025-12-22 13시33분12초	1766377992282]	0ms

[2025-12-22 13시33분12초	1766377992286]	World..
[2025-12-22 13시33분12초	1766377992367]	81ms

[2025-12-22 13시33분12초	1766377992369]	BookController..
[2025-12-22 13시33분12초	1766377992369]	0ms

[2025-12-22 13시33분12초	1766377992370]	InventoryController..
[2025-12-22 13시33분12초	1766377992370]	0ms

[2025-12-22 13시33분12초	1766377992371]	BasePacketPooling..
[2025-12-22 13시33분12초	1766377992371]	0ms

[2025-12-22 13시33분12초	1766377992373]	SkillController..
[2025-12-22 13시33분12초	1766377992374]	1ms

[2025-12-22 13시33분12초	1766377992383]	DamageController..
[2025-12-22 13시33분12초	1766377992383]	0ms

[2025-12-22 13시33분12초	1766377992391]	CharacterController..
[2025-12-22 13시33분12초	1766377992391]	0ms

[2025-12-22 13시33분12초	1766377992392]	TradeController..
[2025-12-22 13시33분12초	1766377992392]	0ms

[2025-12-22 13시33분12초	1766377992393]	DungeonController..
[2025-12-22 13시33분12초	1766377992393]	0ms

[2025-12-22 13시33분12초	1766377992393]	ShipController..
[2025-12-22 13시33분12초	1766377992393]	0ms

[2025-12-22 13시33분12초	1766377992394]	BuffController..
[2025-12-22 13시33분12초	1766377992394]	0ms

[2025-12-22 13시33분12초	1766377992398]	SummonController..
[2025-12-22 13시33분12초	1766377992398]	0ms

[2025-12-22 13시33분12초	1766377992398]	PartyController..
[2025-12-22 13시33분12초	1766377992398]	0ms

[2025-12-22 13시33분12초	1766377992399]	InnController..
[2025-12-22 13시33분12초	1766377992399]	0ms

[2025-12-22 13시33분12초	1766377992400]	BoardController..
[2025-12-22 13시33분12초	1766377992400]	0ms

[2025-12-22 13시33분12초	1766377992402]	LetterController..
[2025-12-22 13시33분12초	1766377992402]	0ms

[2025-12-22 13시33분12초	1766377992403]	UserShopController..
[2025-12-22 13시33분12초	1766377992403]	0ms

[2025-12-22 13시33분12초	1766377992404]	ChattingController..
[2025-12-22 13시33분12초	1766377992406]	2ms

[2025-12-22 13시33분12초	1766377992408]	ColosseumController..
[2025-12-22 13시33분12초	1766377992408]	0ms

[2025-12-22 13시33분12초	1766377992409]	CraftController..
[2025-12-22 13시33분12초	1766377992409]	0ms

[2025-12-22 13시33분12초	1766377992410]	BossController..
[2025-12-22 13시33분12초	1766377992410]	0ms

[2025-12-22 13시33분12초	1766377992411]	NoticeController..
[2025-12-22 13시33분12초	1766377992412]	1ms

[2025-12-22 13시33분12초	1766377992412]	FriendController..
[2025-12-22 13시33분12초	1766377992412]	0ms

[2025-12-22 13시33분12초	1766377992413]	BugScanningController..
[2025-12-22 13시33분12초	1766377992413]	0ms

[2025-12-22 13시33분12초	1766377992414]	MagicDollController..
[2025-12-22 13시33분12초	1766377992414]	0ms

[2025-12-22 13시33분12초	1766377992415]	ShopController..
[2025-12-22 13시33분12초	1766377992415]	0ms

[2025-12-22 13시33분12초	1766377992423]	WarehouseDatabase..
[2025-12-22 13시33분12초	1766377992423]	0ms

[2025-12-22 13시33분12초	1766377992425]	PakTools..
[2025-12-22 13시33분12초	1766377992426]	1ms

[2025-12-22 13시33분12초	1766377992427]	ScriptController...
[2025-12-22 13시33분12초	1766377992430]	3ms

[2025-12-22 13시33분12초	1766377992430]	GiranClanLordController..
[2025-12-22 13시33분12초	1766377992430]	0ms

[2025-12-22 13시33분12초	1766377992432]	TeamBattleController..
[2025-12-22 13시33분12초	1766377992432]	0ms

[2025-12-22 13시33분12초	1766377992433]	WorldClearController..
[2025-12-22 13시33분12초	1766377992433]	0ms

[2025-12-22 13시33분12초	1766377992434]	SpotController..
[2025-12-22 13시33분12초	1766377992434]	0ms

[2025-12-22 13시33분12초	1766377992435]	테베라스 컨트롤러..
[2025-12-22 13시33분12초	1766377992435]	0ms

[2025-12-22 13시33분12초	1766377992436]	지옥 컨트롤러..
[2025-12-22 13시33분12초	1766377992436]	0ms

[2025-12-22 13시33분12초	1766377992437]	지하수로 컨트롤러..
[2025-12-22 13시33분12초	1766377992437]	0ms

[2025-12-22 13시33분12초	1766377992437]	보물찾기컨트롤러..
[2025-12-22 13시33분12초	1766377992437]	0ms

[2025-12-22 13시33분12초	1766377992438]	마족신전 컨트롤러..
[2025-12-22 13시33분12초	1766377992438]	0ms

[2025-12-22 13시33분12초	1766377992439]	고무 컨트롤러..
[2025-12-22 13시33분12초	1766377992443]	4ms

[2025-12-22 13시33분12초	1766377992443]	정무던전 컨트롤러..
[2025-12-22 13시33분12초	1766377992443]	0ms

[2025-12-22 13시33분12초	1766377992444]	그신 컨트롤러..
[2025-12-22 13시33분12초	1766377992444]	0ms

[2025-12-22 13시33분12초	1766377992445]	라바던전 컨트롤러..
[2025-12-22 13시33분12초	1766377992445]	0ms

[2025-12-22 13시33분12초	1766377992445]	월드보스컨트롤러..
[2025-12-22 13시33분12초	1766377992445]	0ms

[2025-12-22 13시33분12초	1766377992446]	펭귄 사냥터 컨트롤러..
[2025-12-22 13시33분12초	1766377992446]	0ms

[2025-12-22 13시33분12초	1766377992447]	칠흑던전 컨트롤러..
[2025-12-22 13시33분12초	1766377992447]	0ms

[2025-12-22 13시33분12초	1766377992447]	악마왕의영토컨트롤러..
[2025-12-22 13시33분12초	1766377992447]	0ms

[2025-12-22 13시33분12초	1766377992448]	얼던컨트롤러..
[2025-12-22 13시33분12초	1766377992448]	0ms

[2025-12-22 13시33분12초	1766377992449]	기감 컨트롤러..
[2025-12-22 13시33분12초	1766377992449]	0ms

[2025-12-22 13시33분12초	1766377992449]	고라스컨트롤러..
[2025-12-22 13시33분12초	1766377992449]	0ms

[2025-12-22 13시33분12초	1766377992450]	드워프컨트롤러..
[2025-12-22 13시33분12초	1766377992450]	0ms

[2025-12-22 13시33분12초	1766377992450]	타임이벤트컨트롤러..
[2025-12-22 13시33분12초	1766377992451]	0ms

[2025-12-22 13시33분12초	1766377992451]	AutoHuntController..
[2025-12-22 13시33분12초	1766377992451]	0ms

[2025-12-22 13시33분12초	1766377992451]	DatabaseConnection..
[2025-12-22 13시33분12초	1766377992769]	318ms

[2025-12-22 13시33분12초	1766377992784]	ServerDatabase..
[2025-12-22 13시33분12초	1766377992815]	31ms

[2025-12-22 13시33분12초	1766377992818]	SlimeRaceController..
[2025-12-22 13시33분12초	1766377992820]	2ms

[2025-12-22 13시33분12초	1766377992822]	DogRaceController..
[2025-12-22 13시33분12초	1766377992823]	1ms

[2025-12-22 13시33분12초	1766377992826]	ClanController..
[2025-12-22 13시33분12초	1766377992831]	5ms

[2025-12-22 13시33분12초	1766377992833]	KingdomController..
[2025-12-22 13시33분12초	1766377992840]	7ms

[2025-12-22 13시33분12초	1766377992841]	AgitController..
[2025-12-22 13시33분12초	1766377992845]	4ms

[2025-12-22 13시33분12초	1766377992847]	AuctionController..
[2025-12-22 13시33분12초	1766377992851]	4ms

[2025-12-22 13시33분12초	1766377992855]	ItemDatabase..
[2025-12-22 13시33분12초	1766377992971]	116ms

[2025-12-22 13시33분12초	1766377992975]	ItemSetopionDatabase..
[2025-12-22 13시33분12초	1766377992977]	2ms

[2025-12-22 13시33분12초	1766377992978]	AutosellDatabase..
[2025-12-22 13시33분12초	1766377992999]	21ms

[2025-12-22 13시33분12초	1766377992999]	ItemSkillDatabase..
[2025-12-22 13시33분13초	1766377993001]	2ms

[2025-12-22 13시33분13초	1766377993002]	ItemBundleDatabase..
[2025-12-22 13시33분13초	1766377993005]	3ms

[2025-12-22 13시33분13초	1766377993007]	ItemChanceBundleDatabase..
[2025-12-22 13시33분13초	1766377993010]	3ms

[2025-12-22 13시33분13초	1766377993011]	FishItemListDatabase..
[2025-12-22 13시33분13초	1766377993013]	2ms

[2025-12-22 13시33분13초	1766377993014]	ItemTeleport..
[2025-12-22 13시33분13초	1766377993015]	1ms

[2025-12-22 13시33분13초	1766377993017]	PolyDatabase..
[2025-12-22 13시33분13초	1766377993019]	2ms

[2025-12-22 13시33분13초	1766377993022]	DungeonDatabase..
[2025-12-22 13시33분13초	1766377993026]	4ms

[2025-12-22 13시33분13초	1766377993027]	DefiniteDatabase..
[2025-12-22 13시33분13초	1766377993029]	2ms

[2025-12-22 13시33분13초	1766377993030]	ExpDatabase..
[2025-12-22 13시33분13초	1766377993031]	1ms

[2025-12-22 13시33분13초	1766377993031]	BackgroundDatabase..
[2025-12-22 13시33분13초	1766377993148]	116ms

[2025-12-22 13시33분13초	1766377993148]	SpriteFrameDatabase..
[2025-12-22 13시33분13초	1766377993208]	60ms

[2025-12-22 13시33분13초	1766377993209]	SkillDatabase..
[2025-12-22 13시33분13초	1766377993212]	3ms

[2025-12-22 13시33분13초	1766377993213]	NpcDatabase..
[2025-12-22 13시33분13초	1766377993220]	7ms

[2025-12-22 13시33분13초	1766377993221]	NpcShopDatabase..
[2025-12-22 13시33분13초	1766377993287]	66ms

[2025-12-22 13시33분13초	1766377993288]	NpcTeleportDatabase..
[2025-12-22 13시33분13초	1766377993289]	1ms

[2025-12-22 13시33분13초	1766377993437]	NpcSpawnlistDatabase..
[2025-12-22 13시33분13초	1766377993496]	60ms

[2025-12-22 13시33분13초	1766377993498]	EventController..
[2025-12-22 13시33분13초	1766377993498]	0ms

[2025-12-22 13시33분13초	1766377993499]	MonsterDatabase..
[2025-12-22 13시33분13초	1766377993516]	17ms

[2025-12-22 13시33분13초	1766377993522]	MonsterDropDatabase..
[2025-12-22 13시33분13초	1766377993551]	29ms

[2025-12-22 13시33분13초	1766377993552]	MonsterSkillDatabase..
[2025-12-22 13시33분13초	1766377993567]	15ms

[2025-12-22 13시33분13초	1766377993569]	MonsterSpawnlistDatabase..
[2025-12-22 13시33분14초	1766377994890]	1321ms

[2025-12-22 13시33분14초	1766377994891]	MonsterBossSpawnlistDatabase..
[2025-12-22 13시33분14초	1766377994893]	2ms

[2025-12-22 13시33분14초	1766377994894]	ServerDownBossListDatabase..
[2025-12-22 13시33분14초	1766377994894]	0ms

[2025-12-22 13시33분14초	1766377994895]	BadIpDatabase..
[2025-12-22 13시33분14초	1766377994897]	2ms

[2025-12-22 13시33분14초	1766377994897]	QuestController..
[2025-12-22 13시33분14초	1766377994897]	0ms

[2025-12-22 13시33분14초	1766377994898]	ServerOpcodesDatabase..
[2025-12-22 13시33분14초	1766377994901]	3ms

[2025-12-22 13시33분14초	1766377994902]	ServerNoticeDatabase..
[2025-12-22 13시33분14초	1766377994904]	2ms

[2025-12-22 13시33분14초	1766377994905]	RankController..
[2025-12-22 13시33분14초	1766377994913]	8ms

[2025-12-22 13시33분14초	1766377994914]	WantedController..
[2025-12-22 13시33분14초	1766377994915]	1ms

[2025-12-22 13시33분14초	1766377994916]	TeleportHomeDatabase..
[2025-12-22 13시33분14초	1766377994945]	28ms

[2025-12-22 13시33분14초	1766377994945]	TeleportResetDatabase..
[2025-12-22 13시33분14초	1766377994975]	30ms

[2025-12-22 13시33분14초	1766377994976]	ItemPinewandDatabase..
[2025-12-22 13시33분14초	1766377994977]	1ms

[2025-12-22 13시33분14초	1766377994977]	ItemMaplewandDatabase..
[2025-12-22 13시33분14초	1766377994978]	1ms

[2025-12-22 13시33분14초	1766377994979]	SummonListDatabase..
[2025-12-22 13시33분14초	1766377994980]	1ms

[2025-12-22 13시33분14초	1766377994981]	GmListDatabase..
[2025-12-22 13시33분14초	1766377994981]	0ms

[2025-12-22 13시33분14초	1766377994982]	MagicdollListDatabase..
[2025-12-22 13시33분14초	1766377994983]	1ms

[2025-12-22 13시33분14초	1766377994988]	PcMarketController..
[2025-12-22 13시33분14초	1766377994988]	0ms

[2025-12-22 13시33분14초	1766377994989]	ServerOptionDatabase..
[2025-12-22 13시33분14초	1766377994990]	1ms

[2025-12-22 13시33분14초	1766377994990]	TimeDungeonDatabase..
[2025-12-22 13시33분14초	1766377994991]	1ms

[2025-12-22 13시33분14초	1766377994992]	TeamBattleDatabase..
[2025-12-22 13시33분14초	1766377994993]	1ms

[2025-12-22 13시33분14초	1766377994993]	LifeLostItemDatabase..
[2025-12-22 13시33분14초	1766377994995]	2ms

[2025-12-22 13시33분14초	1766377994995]	GmTeleportDatabase..
[2025-12-22 13시33분14초	1766377994996]	1ms

[2025-12-22 13시33분14초	1766377994998]	무인혈맹컨트롤러..
[2025-12-22 13시33분14초	1766377994998]	0ms

[2025-12-22 13시33분14초	1766377994999]	HackNoCheckDatabase..
[2025-12-22 13시33분14초	1766377994999]	0ms

[2025-12-22 13시33분15초	1766377995000]	EnchantLostItemDatabase..
[2025-12-22 13시33분15초	1766377995000]	0ms

[2025-12-22 13시33분15초	1766377995001]	ItemDropMessageDatabase..
[2025-12-22 13시33분15초	1766377995002]	1ms

[2025-12-22 13시33분15초	1766377995003]	FishingController..
[2025-12-22 13시33분15초	1766377995015]	12ms

[2025-12-22 13시33분15초	1766377995022]	RobotController..
[2025-12-22 13시33분15초	1766377995116]	94ms

[2025-12-22 13시33분15초	1766377995118]	Server..
[2025-12-22 13시33분15초	1766377995184]	66ms

[2025-12-22 13시33분15초	1766377995185]	ServerThread..
[2025-12-22 13시33분15초	1766377995185]	0ms

[2025-12-22 13시33분15초	1766377995185]	ControllerTherad..
[2025-12-22 13시33분15초	1766377995185]	0ms

[2025-12-22 13시33분15초	1766377995186]	CharacterThread..
[2025-12-22 13시33분15초	1766377995186]	0ms

[2025-12-22 13시33분15초	1766377995187]	DatabaseThread..
[2025-12-22 13시33분15초	1766377995187]	0ms

[2025-12-22 13시33분15초	1766377995188]	CharacterControlThread..
[2025-12-22 13시33분15초	1766377995188]	0ms

[2025-12-22 13시33분15초	1766377995194]	FightController..
[2025-12-22 13시33분15초	1766377995247]	53ms

[2025-12-22 13시33분15초	1766377995247]	TimeThread..
[2025-12-22 13시33분15초	1766377995248]	1ms

[2025-12-22 13시33분15초	1766377995248]	AutoHuntThread..
[2025-12-22 13시33분15초	1766377995248]	0ms

[2025-12-22 13시33분15초	1766377995248]	======================================================================
[2025-12-22 13시33분15초	1766377995249]	Server Version  :  Lineage 2.0

[2025-12-22 13시33분15초	1766377995249]	Server Port      :  2000

[2025-12-22 13시33분15초	1766377995249]	계정 자동생성  :  on

[2025-12-22 13시33분15초	1766377995249]	인챈트 : 1.0배  ||  드랍 : 1.0배  ||  경험치 : 30.0배  ||  아데나 : 200.0배  ||  파티 : 1.1배

[2025-12-22 13시33분15초	1766377995249]	======================================================================
[2025-12-22 13시33분15초	1766377995249]	'서버' 가동되었습니다.

[2025-12-22 13시35분38초	1766378138625]	Thread close..
[2025-12-22 13시35분39초	1766378139625]	Save Database..
[2025-12-22 13시35분40초	1766378140174]	Socket close..
[2025-12-22 13시35분40초	1766378140174]	LineageServer Close...
[2025-12-22 13시35분40초	1766378140174]	0ms

[2025-12-22 13시35분40초	1766378140174]	ok..
