[2025-12-25 10시29분56초	1766626196998]	Mysql..
[2025-12-25 10시29분56초	1766626196999]	2ms

[2025-12-25 10시29분57초	1766626197016]	lineage.conf file loading...
[2025-12-25 10시29분57초	1766626197045]	28ms

[2025-12-25 10시29분57초	1766626197049]	Lineage_Balance..
[2025-12-25 10시29분57초	1766626197056]	7ms

[2025-12-25 10시29분57초	1766626197057]	npc_promotion..
[2025-12-25 10시29분57초	1766626197058]	1ms

[2025-12-25 10시29분57초	1766626197058]	Socket..
[2025-12-25 10시29분57초	1766626197059]	1ms

[2025-12-25 10시29분57초	1766626197059]	Common..
[2025-12-25 10시29분57초	1766626197059]	0ms

[2025-12-25 10시29분57초	1766626197060]	EventThread..
[2025-12-25 10시29분57초	1766626197060]	0ms

[2025-12-25 10시29분57초	1766626197061]	AiExecuteThread..
[2025-12-25 10시29분57초	1766626197061]	0ms

[2025-12-25 10시29분57초	1766626197062]	AiThread..
[2025-12-25 10시29분57초	1766626197062]	0ms

[2025-12-25 10시29분57초	1766626197073]	World..
[2025-12-25 10시29분57초	1766626197148]	75ms

[2025-12-25 10시29분57초	1766626197149]	BookController..
[2025-12-25 10시29분57초	1766626197149]	0ms

[2025-12-25 10시29분57초	1766626197150]	InventoryController..
[2025-12-25 10시29분57초	1766626197150]	0ms

[2025-12-25 10시29분57초	1766626197150]	BasePacketPooling..
[2025-12-25 10시29분57초	1766626197150]	0ms

[2025-12-25 10시29분57초	1766626197153]	SkillController..
[2025-12-25 10시29분57초	1766626197153]	0ms

[2025-12-25 10시29분57초	1766626197159]	DamageController..
[2025-12-25 10시29분57초	1766626197159]	0ms

[2025-12-25 10시29분57초	1766626197161]	CharacterController..
[2025-12-25 10시29분57초	1766626197161]	0ms

[2025-12-25 10시29분57초	1766626197162]	TradeController..
[2025-12-25 10시29분57초	1766626197162]	0ms

[2025-12-25 10시29분57초	1766626197163]	DungeonController..
[2025-12-25 10시29분57초	1766626197163]	0ms

[2025-12-25 10시29분57초	1766626197164]	ShipController..
[2025-12-25 10시29분57초	1766626197164]	0ms

[2025-12-25 10시29분57초	1766626197165]	BuffController..
[2025-12-25 10시29분57초	1766626197165]	0ms

[2025-12-25 10시29분57초	1766626197168]	SummonController..
[2025-12-25 10시29분57초	1766626197168]	0ms

[2025-12-25 10시29분57초	1766626197169]	PartyController..
[2025-12-25 10시29분57초	1766626197169]	0ms

[2025-12-25 10시29분57초	1766626197170]	InnController..
[2025-12-25 10시29분57초	1766626197170]	0ms

[2025-12-25 10시29분57초	1766626197171]	BoardController..
[2025-12-25 10시29분57초	1766626197171]	0ms

[2025-12-25 10시29분57초	1766626197173]	LetterController..
[2025-12-25 10시29분57초	1766626197173]	0ms

[2025-12-25 10시29분57초	1766626197174]	UserShopController..
[2025-12-25 10시29분57초	1766626197174]	1ms

[2025-12-25 10시29분57초	1766626197182]	ChattingController..
[2025-12-25 10시29분57초	1766626197183]	1ms

[2025-12-25 10시29분57초	1766626197192]	ColosseumController..
[2025-12-25 10시29분57초	1766626197192]	0ms

[2025-12-25 10시29분57초	1766626197193]	CraftController..
[2025-12-25 10시29분57초	1766626197193]	0ms

[2025-12-25 10시29분57초	1766626197201]	BossController..
[2025-12-25 10시29분57초	1766626197201]	0ms

[2025-12-25 10시29분57초	1766626197202]	NoticeController..
[2025-12-25 10시29분57초	1766626197202]	0ms

[2025-12-25 10시29분57초	1766626197203]	FriendController..
[2025-12-25 10시29분57초	1766626197203]	0ms

[2025-12-25 10시29분57초	1766626197204]	BugScanningController..
[2025-12-25 10시29분57초	1766626197204]	0ms

[2025-12-25 10시29분57초	1766626197205]	MagicDollController..
[2025-12-25 10시29분57초	1766626197205]	0ms

[2025-12-25 10시29분57초	1766626197205]	ShopController..
[2025-12-25 10시29분57초	1766626197205]	0ms

[2025-12-25 10시29분57초	1766626197206]	WarehouseDatabase..
[2025-12-25 10시29분57초	1766626197206]	0ms

[2025-12-25 10시29분57초	1766626197207]	PakTools..
[2025-12-25 10시29분57초	1766626197208]	1ms

[2025-12-25 10시29분57초	1766626197209]	ScriptController...
[2025-12-25 10시29분57초	1766626197211]	2ms

[2025-12-25 10시29분57초	1766626197212]	GiranClanLordController..
[2025-12-25 10시29분57초	1766626197212]	0ms

[2025-12-25 10시29분57초	1766626197213]	TeamBattleController..
[2025-12-25 10시29분57초	1766626197214]	1ms

[2025-12-25 10시29분57초	1766626197214]	WorldClearController..
[2025-12-25 10시29분57초	1766626197214]	0ms

[2025-12-25 10시29분57초	1766626197215]	SpotController..
[2025-12-25 10시29분57초	1766626197215]	0ms

[2025-12-25 10시29분57초	1766626197218]	테베라스 컨트롤러..
[2025-12-25 10시29분57초	1766626197218]	0ms

[2025-12-25 10시29분57초	1766626197219]	지옥 컨트롤러..
[2025-12-25 10시29분57초	1766626197219]	0ms

[2025-12-25 10시29분57초	1766626197220]	지하수로 컨트롤러..
[2025-12-25 10시29분57초	1766626197220]	0ms

[2025-12-25 10시29분57초	1766626197220]	보물찾기컨트롤러..
[2025-12-25 10시29분57초	1766626197220]	0ms

[2025-12-25 10시29분57초	1766626197221]	마족신전 컨트롤러..
[2025-12-25 10시29분57초	1766626197221]	0ms

[2025-12-25 10시29분57초	1766626197222]	고무 컨트롤러..
[2025-12-25 10시29분57초	1766626197226]	4ms

[2025-12-25 10시29분57초	1766626197227]	정무던전 컨트롤러..
[2025-12-25 10시29분57초	1766626197227]	0ms

[2025-12-25 10시29분57초	1766626197227]	그신 컨트롤러..
[2025-12-25 10시29분57초	1766626197227]	0ms

[2025-12-25 10시29분57초	1766626197228]	라바던전 컨트롤러..
[2025-12-25 10시29분57초	1766626197228]	0ms

[2025-12-25 10시29분57초	1766626197229]	월드보스컨트롤러..
[2025-12-25 10시29분57초	1766626197229]	0ms

[2025-12-25 10시29분57초	1766626197230]	펭귄 사냥터 컨트롤러..
[2025-12-25 10시29분57초	1766626197230]	0ms

[2025-12-25 10시29분57초	1766626197231]	칠흑던전 컨트롤러..
[2025-12-25 10시29분57초	1766626197231]	1ms

[2025-12-25 10시29분57초	1766626197231]	악마왕의영토컨트롤러..
[2025-12-25 10시29분57초	1766626197231]	0ms

[2025-12-25 10시29분57초	1766626197232]	얼던컨트롤러..
[2025-12-25 10시29분57초	1766626197232]	0ms

[2025-12-25 10시29분57초	1766626197233]	기감 컨트롤러..
[2025-12-25 10시29분57초	1766626197233]	0ms

[2025-12-25 10시29분57초	1766626197233]	고라스컨트롤러..
[2025-12-25 10시29분57초	1766626197233]	0ms

[2025-12-25 10시29분57초	1766626197234]	드워프컨트롤러..
[2025-12-25 10시29분57초	1766626197234]	0ms

[2025-12-25 10시29분57초	1766626197235]	타임이벤트컨트롤러..
[2025-12-25 10시29분57초	1766626197235]	0ms

[2025-12-25 10시29분57초	1766626197235]	AutoHuntController..
[2025-12-25 10시29분57초	1766626197235]	0ms

[2025-12-25 10시29분57초	1766626197236]	DatabaseConnection..
[2025-12-25 10시29분57초	1766626197530]	294ms

[2025-12-25 10시29분57초	1766626197552]	ServerDatabase..
[2025-12-25 10시29분57초	1766626197590]	37ms

[2025-12-25 10시29분57초	1766626197599]	SlimeRaceController..
[2025-12-25 10시29분57초	1766626197601]	2ms

[2025-12-25 10시29분57초	1766626197603]	DogRaceController..
[2025-12-25 10시29분57초	1766626197604]	1ms

[2025-12-25 10시29분57초	1766626197607]	ClanController..
[2025-12-25 10시29분57초	1766626197612]	5ms

[2025-12-25 10시29분57초	1766626197615]	KingdomController..
[2025-12-25 10시29분57초	1766626197620]	5ms

[2025-12-25 10시29분57초	1766626197621]	AgitController..
[2025-12-25 10시29분57초	1766626197625]	4ms

[2025-12-25 10시29분57초	1766626197626]	AuctionController..
[2025-12-25 10시29분57초	1766626197631]	5ms

[2025-12-25 10시29분57초	1766626197636]	ItemDatabase..
[2025-12-25 10시29분57초	1766626197732]	96ms

[2025-12-25 10시29분57초	1766626197735]	ItemSetopionDatabase..
[2025-12-25 10시29분57초	1766626197738]	2ms

[2025-12-25 10시29분57초	1766626197739]	AutosellDatabase..
[2025-12-25 10시29분57초	1766626197758]	19ms

[2025-12-25 10시29분57초	1766626197759]	ItemSkillDatabase..
[2025-12-25 10시29분57초	1766626197761]	2ms

[2025-12-25 10시29분57초	1766626197762]	ItemBundleDatabase..
[2025-12-25 10시29분57초	1766626197765]	3ms

[2025-12-25 10시29분57초	1766626197766]	ItemChanceBundleDatabase..
[2025-12-25 10시29분57초	1766626197769]	3ms

[2025-12-25 10시29분57초	1766626197770]	FishItemListDatabase..
[2025-12-25 10시29분57초	1766626197772]	2ms

[2025-12-25 10시29분57초	1766626197773]	ItemTeleport..
[2025-12-25 10시29분57초	1766626197775]	2ms

[2025-12-25 10시29분57초	1766626197777]	PolyDatabase..
[2025-12-25 10시29분57초	1766626197779]	2ms

[2025-12-25 10시29분57초	1766626197780]	DungeonDatabase..
[2025-12-25 10시29분57초	1766626197784]	4ms

[2025-12-25 10시29분57초	1766626197785]	DefiniteDatabase..
[2025-12-25 10시29분57초	1766626197787]	2ms

[2025-12-25 10시29분57초	1766626197788]	ExpDatabase..
[2025-12-25 10시29분57초	1766626197789]	1ms

[2025-12-25 10시29분57초	1766626197789]	BackgroundDatabase..
[2025-12-25 10시29분57초	1766626197913]	124ms

[2025-12-25 10시29분57초	1766626197913]	SpriteFrameDatabase..
[2025-12-25 10시29분57초	1766626197973]	60ms

[2025-12-25 10시29분57초	1766626197974]	SkillDatabase..
[2025-12-25 10시29분57초	1766626197977]	3ms

[2025-12-25 10시29분57초	1766626197978]	NpcDatabase..
[2025-12-25 10시29분57초	1766626197993]	15ms

[2025-12-25 10시29분57초	1766626197997]	NpcShopDatabase..
[2025-12-25 10시29분58초	1766626198058]	61ms

[2025-12-25 10시29분58초	1766626198059]	NpcTeleportDatabase..
[2025-12-25 10시29분58초	1766626198061]	2ms

[2025-12-25 10시29분58초	1766626198196]	NpcSpawnlistDatabase..
[2025-12-25 10시29분58초	1766626198252]	56ms

[2025-12-25 10시29분58초	1766626198253]	EventController..
[2025-12-25 10시29분58초	1766626198254]	1ms

[2025-12-25 10시29분58초	1766626198255]	MonsterDatabase..
[2025-12-25 10시29분58초	1766626198269]	14ms

[2025-12-25 10시29분58초	1766626198271]	MonsterDropDatabase..
[2025-12-25 10시29분58초	1766626198292]	21ms

[2025-12-25 10시29분58초	1766626198293]	MonsterSkillDatabase..
[2025-12-25 10시29분58초	1766626198306]	13ms

[2025-12-25 10시29분58초	1766626198308]	MonsterSpawnlistDatabase..
[2025-12-25 10시29분59초	1766626199212]	904ms

[2025-12-25 10시29분59초	1766626199213]	MonsterBossSpawnlistDatabase..
[2025-12-25 10시29분59초	1766626199216]	3ms

[2025-12-25 10시29분59초	1766626199217]	ServerDownBossListDatabase..
[2025-12-25 10시29분59초	1766626199218]	1ms

[2025-12-25 10시29분59초	1766626199219]	BadIpDatabase..
[2025-12-25 10시29분59초	1766626199221]	2ms

[2025-12-25 10시29분59초	1766626199221]	QuestController..
[2025-12-25 10시29분59초	1766626199221]	0ms

[2025-12-25 10시29분59초	1766626199222]	ServerOpcodesDatabase..
[2025-12-25 10시29분59초	1766626199226]	4ms

[2025-12-25 10시29분59초	1766626199226]	ServerNoticeDatabase..
[2025-12-25 10시29분59초	1766626199228]	2ms

[2025-12-25 10시29분59초	1766626199230]	RankController..
[2025-12-25 10시29분59초	1766626199237]	7ms

[2025-12-25 10시29분59초	1766626199244]	WantedController..
[2025-12-25 10시29분59초	1766626199245]	1ms

[2025-12-25 10시29분59초	1766626199246]	TeleportHomeDatabase..
[2025-12-25 10시29분59초	1766626199270]	24ms

[2025-12-25 10시29분59초	1766626199271]	TeleportResetDatabase..
[2025-12-25 10시29분59초	1766626199303]	32ms

[2025-12-25 10시29분59초	1766626199303]	ItemPinewandDatabase..
[2025-12-25 10시29분59초	1766626199305]	2ms

[2025-12-25 10시29분59초	1766626199306]	ItemMaplewandDatabase..
[2025-12-25 10시29분59초	1766626199308]	2ms

[2025-12-25 10시29분59초	1766626199309]	SummonListDatabase..
[2025-12-25 10시29분59초	1766626199311]	1ms

[2025-12-25 10시29분59초	1766626199311]	GmListDatabase..
[2025-12-25 10시29분59초	1766626199312]	1ms

[2025-12-25 10시29분59초	1766626199313]	MagicdollListDatabase..
[2025-12-25 10시29분59초	1766626199315]	2ms

[2025-12-25 10시29분59초	1766626199319]	PcMarketController..
[2025-12-25 10시29분59초	1766626199320]	1ms

[2025-12-25 10시29분59초	1766626199321]	ServerOptionDatabase..
[2025-12-25 10시29분59초	1766626199322]	1ms

[2025-12-25 10시29분59초	1766626199323]	TimeDungeonDatabase..
[2025-12-25 10시29분59초	1766626199323]	0ms

[2025-12-25 10시29분59초	1766626199324]	TeamBattleDatabase..
[2025-12-25 10시29분59초	1766626199325]	1ms

[2025-12-25 10시29분59초	1766626199326]	LifeLostItemDatabase..
[2025-12-25 10시29분59초	1766626199327]	1ms

[2025-12-25 10시29분59초	1766626199328]	GmTeleportDatabase..
[2025-12-25 10시29분59초	1766626199330]	2ms

[2025-12-25 10시29분59초	1766626199332]	무인혈맹컨트롤러..
[2025-12-25 10시29분59초	1766626199332]	0ms

[2025-12-25 10시29분59초	1766626199333]	HackNoCheckDatabase..
[2025-12-25 10시29분59초	1766626199334]	1ms

[2025-12-25 10시29분59초	1766626199335]	EnchantLostItemDatabase..
[2025-12-25 10시29분59초	1766626199336]	1ms

[2025-12-25 10시29분59초	1766626199338]	ItemDropMessageDatabase..
[2025-12-25 10시29분59초	1766626199338]	0ms

[2025-12-25 10시29분59초	1766626199339]	FishingController..
[2025-12-25 10시29분59초	1766626199351]	12ms

[2025-12-25 10시29분59초	1766626199358]	RobotController..
[2025-12-25 10시29분59초	1766626199448]	90ms

[2025-12-25 10시29분59초	1766626199450]	Server..
[2025-12-25 10시29분59초	1766626199513]	63ms

[2025-12-25 10시29분59초	1766626199514]	ServerThread..
[2025-12-25 10시29분59초	1766626199514]	0ms

[2025-12-25 10시29분59초	1766626199514]	ControllerTherad..
[2025-12-25 10시29분59초	1766626199515]	1ms

[2025-12-25 10시29분59초	1766626199515]	CharacterThread..
[2025-12-25 10시29분59초	1766626199515]	0ms

[2025-12-25 10시29분59초	1766626199516]	DatabaseThread..
[2025-12-25 10시29분59초	1766626199516]	0ms

[2025-12-25 10시29분59초	1766626199517]	CharacterControlThread..
[2025-12-25 10시29분59초	1766626199518]	0ms

[2025-12-25 10시29분59초	1766626199558]	FightController..
[2025-12-25 10시29분59초	1766626199571]	13ms

[2025-12-25 10시29분59초	1766626199572]	TimeThread..
[2025-12-25 10시29분59초	1766626199572]	0ms

[2025-12-25 10시29분59초	1766626199573]	AutoHuntThread..
[2025-12-25 10시29분59초	1766626199573]	0ms

[2025-12-25 10시29분59초	1766626199573]	======================================================================
[2025-12-25 10시29분59초	1766626199575]	Server Version  :  Lineage 2.0

[2025-12-25 10시29분59초	1766626199575]	Server Port      :  2000

[2025-12-25 10시29분59초	1766626199575]	계정 자동생성  :  on

[2025-12-25 10시29분59초	1766626199575]	인챈트 : 1.0배  ||  드랍 : 1.0배  ||  경험치 : 30.0배  ||  아데나 : 200.0배  ||  파티 : 1.1배

[2025-12-25 10시29분59초	1766626199576]	======================================================================
[2025-12-25 10시29분59초	1766626199576]	'서버' 가동되었습니다.

[2025-12-25 10시30분41초	1766626241687]	서버가 즉시 종료됩니다...
[2025-12-25 10시30분42초	1766626242687]	Thread close..
[2025-12-25 10시30분43초	1766626243688]	Save Database..
[2025-12-25 10시30분44초	1766626244230]	Socket close..
[2025-12-25 10시30분44초	1766626244230]	LineageServer Close...
[2025-12-25 10시30분44초	1766626244230]	0ms

[2025-12-25 10시30분44초	1766626244230]	ok..
