[2025-12-30 11시42분28초	1767062548037]	Mysql..
[2025-12-30 11시42분28초	1767062548038]	2ms

[2025-12-30 11시42분28초	1767062548055]	lineage.conf file loading...
[2025-12-30 11시42분28초	1767062548087]	32ms

[2025-12-30 11시42분28초	1767062548094]	Lineage_Balance..
[2025-12-30 11시42분28초	1767062548102]	8ms

[2025-12-30 11시42분28초	1767062548103]	npc_promotion..
[2025-12-30 11시42분28초	1767062548103]	0ms

[2025-12-30 11시42분28초	1767062548104]	Socket..
[2025-12-30 11시42분28초	1767062548104]	0ms

[2025-12-30 11시42분28초	1767062548105]	Common..
[2025-12-30 11시42분28초	1767062548105]	0ms

[2025-12-30 11시42분28초	1767062548105]	EventThread..
[2025-12-30 11시42분28초	1767062548106]	1ms

[2025-12-30 11시42분28초	1767062548106]	AiExecuteThread..
[2025-12-30 11시42분28초	1767062548107]	1ms

[2025-12-30 11시42분28초	1767062548108]	AiThread..
[2025-12-30 11시42분28초	1767062548108]	0ms

[2025-12-30 11시42분28초	1767062548118]	World..
[2025-12-30 11시42분28초	1767062548227]	109ms

[2025-12-30 11시42분28초	1767062548230]	BookController..
[2025-12-30 11시42분28초	1767062548230]	0ms

[2025-12-30 11시42분28초	1767062548230]	InventoryController..
[2025-12-30 11시42분28초	1767062548231]	1ms

[2025-12-30 11시42분28초	1767062548231]	BasePacketPooling..
[2025-12-30 11시42분28초	1767062548231]	0ms

[2025-12-30 11시42분28초	1767062548234]	SkillController..
[2025-12-30 11시42분28초	1767062548234]	0ms

[2025-12-30 11시42분28초	1767062548246]	DamageController..
[2025-12-30 11시42분28초	1767062548246]	0ms

[2025-12-30 11시42분28초	1767062548248]	CharacterController..
[2025-12-30 11시42분28초	1767062548248]	0ms

[2025-12-30 11시42분28초	1767062548249]	TradeController..
[2025-12-30 11시42분28초	1767062548249]	0ms

[2025-12-30 11시42분28초	1767062548250]	DungeonController..
[2025-12-30 11시42분28초	1767062548250]	0ms

[2025-12-30 11시42분28초	1767062548251]	ShipController..
[2025-12-30 11시42분28초	1767062548252]	0ms

[2025-12-30 11시42분28초	1767062548253]	BuffController..
[2025-12-30 11시42분28초	1767062548253]	0ms

[2025-12-30 11시42분28초	1767062548257]	SummonController..
[2025-12-30 11시42분28초	1767062548258]	0ms

[2025-12-30 11시42분28초	1767062548259]	PartyController..
[2025-12-30 11시42분28초	1767062548259]	0ms

[2025-12-30 11시42분28초	1767062548259]	InnController..
[2025-12-30 11시42분28초	1767062548260]	0ms

[2025-12-30 11시42분28초	1767062548261]	BoardController..
[2025-12-30 11시42분28초	1767062548261]	0ms

[2025-12-30 11시42분28초	1767062548263]	LetterController..
[2025-12-30 11시42분28초	1767062548263]	0ms

[2025-12-30 11시42분28초	1767062548264]	UserShopController..
[2025-12-30 11시42분28초	1767062548264]	0ms

[2025-12-30 11시42분28초	1767062548265]	ChattingController..
[2025-12-30 11시42분28초	1767062548267]	2ms

[2025-12-30 11시42분28초	1767062548268]	ColosseumController..
[2025-12-30 11시42분28초	1767062548268]	0ms

[2025-12-30 11시42분28초	1767062548269]	CraftController..
[2025-12-30 11시42분28초	1767062548270]	1ms

[2025-12-30 11시42분28초	1767062548271]	BossController..
[2025-12-30 11시42분28초	1767062548271]	0ms

[2025-12-30 11시42분28초	1767062548279]	NoticeController..
[2025-12-30 11시42분28초	1767062548280]	1ms

[2025-12-30 11시42분28초	1767062548281]	FriendController..
[2025-12-30 11시42분28초	1767062548281]	0ms

[2025-12-30 11시42분28초	1767062548281]	BugScanningController..
[2025-12-30 11시42분28초	1767062548281]	0ms

[2025-12-30 11시42분28초	1767062548283]	MagicDollController..
[2025-12-30 11시42분28초	1767062548283]	0ms

[2025-12-30 11시42분28초	1767062548284]	ShopController..
[2025-12-30 11시42분28초	1767062548284]	0ms

[2025-12-30 11시42분28초	1767062548285]	WarehouseDatabase..
[2025-12-30 11시42분28초	1767062548285]	0ms

[2025-12-30 11시42분28초	1767062548286]	PakTools..
[2025-12-30 11시42분28초	1767062548288]	2ms

[2025-12-30 11시42분28초	1767062548295]	ScriptController...
[2025-12-30 11시42분28초	1767062548298]	3ms

[2025-12-30 11시42분28초	1767062548299]	GiranClanLordController..
[2025-12-30 11시42분28초	1767062548299]	0ms

[2025-12-30 11시42분28초	1767062548301]	TeamBattleController..
[2025-12-30 11시42분28초	1767062548301]	0ms

[2025-12-30 11시42분28초	1767062548301]	WorldClearController..
[2025-12-30 11시42분28초	1767062548301]	0ms

[2025-12-30 11시42분28초	1767062548302]	SpotController..
[2025-12-30 11시42분28초	1767062548305]	0ms

[2025-12-30 11시42분28초	1767062548306]	테베라스 컨트롤러..
[2025-12-30 11시42분28초	1767062548306]	0ms

[2025-12-30 11시42분28초	1767062548307]	지옥 컨트롤러..
[2025-12-30 11시42분28초	1767062548307]	0ms

[2025-12-30 11시42분28초	1767062548308]	지하수로 컨트롤러..
[2025-12-30 11시42분28초	1767062548308]	0ms

[2025-12-30 11시42분28초	1767062548308]	보물찾기컨트롤러..
[2025-12-30 11시42분28초	1767062548308]	0ms

[2025-12-30 11시42분28초	1767062548308]	마족신전 컨트롤러..
[2025-12-30 11시42분28초	1767062548308]	0ms

[2025-12-30 11시42분28초	1767062548309]	고무 컨트롤러..
[2025-12-30 11시42분28초	1767062548314]	5ms

[2025-12-30 11시42분28초	1767062548315]	정무던전 컨트롤러..
[2025-12-30 11시42분28초	1767062548315]	0ms

[2025-12-30 11시42분28초	1767062548316]	그신 컨트롤러..
[2025-12-30 11시42분28초	1767062548316]	0ms

[2025-12-30 11시42분28초	1767062548317]	라바던전 컨트롤러..
[2025-12-30 11시42분28초	1767062548317]	0ms

[2025-12-30 11시42분28초	1767062548318]	월드보스컨트롤러..
[2025-12-30 11시42분28초	1767062548318]	0ms

[2025-12-30 11시42분28초	1767062548319]	펭귄 사냥터 컨트롤러..
[2025-12-30 11시42분28초	1767062548319]	0ms

[2025-12-30 11시42분28초	1767062548320]	칠흑던전 컨트롤러..
[2025-12-30 11시42분28초	1767062548320]	0ms

[2025-12-30 11시42분28초	1767062548321]	악마왕의영토컨트롤러..
[2025-12-30 11시42분28초	1767062548321]	0ms

[2025-12-30 11시42분28초	1767062548322]	얼던컨트롤러..
[2025-12-30 11시42분28초	1767062548322]	0ms

[2025-12-30 11시42분28초	1767062548323]	기감 컨트롤러..
[2025-12-30 11시42분28초	1767062548323]	0ms

[2025-12-30 11시42분28초	1767062548324]	고라스컨트롤러..
[2025-12-30 11시42분28초	1767062548324]	0ms

[2025-12-30 11시42분28초	1767062548325]	드워프컨트롤러..
[2025-12-30 11시42분28초	1767062548325]	0ms

[2025-12-30 11시42분28초	1767062548326]	타임이벤트컨트롤러..
[2025-12-30 11시42분28초	1767062548326]	0ms

[2025-12-30 11시42분28초	1767062548327]	AutoHuntController..
[2025-12-30 11시42분28초	1767062548327]	0ms

[2025-12-30 11시42분28초	1767062548327]	DatabaseConnection..
[2025-12-30 11시42분28초	1767062548649]	322ms

[2025-12-30 11시42분28초	1767062548670]	ServerDatabase..
[2025-12-30 11시42분28초	1767062548701]	31ms

[2025-12-30 11시42분28초	1767062548704]	SlimeRaceController..
[2025-12-30 11시42분28초	1767062548707]	3ms

[2025-12-30 11시42분28초	1767062548709]	DogRaceController..
[2025-12-30 11시42분28초	1767062548710]	1ms

[2025-12-30 11시42분28초	1767062548713]	ClanController..
[2025-12-30 11시42분28초	1767062548720]	7ms

[2025-12-30 11시42분28초	1767062548723]	KingdomController..
[2025-12-30 11시42분28초	1767062548732]	9ms

[2025-12-30 11시42분28초	1767062548734]	AgitController..
[2025-12-30 11시42분28초	1767062548739]	5ms

[2025-12-30 11시42분28초	1767062548740]	AuctionController..
[2025-12-30 11시42분28초	1767062548746]	6ms

[2025-12-30 11시42분28초	1767062548751]	ItemDatabase..
[2025-12-30 11시42분28초	1767062548847]	96ms

[2025-12-30 11시42분28초	1767062548848]	ItemSetopionDatabase..
[2025-12-30 11시42분28초	1767062548851]	3ms

[2025-12-30 11시42분28초	1767062548853]	AutosellDatabase..
[2025-12-30 11시42분28초	1767062548872]	19ms

[2025-12-30 11시42분28초	1767062548873]	ItemSkillDatabase..
[2025-12-30 11시42분28초	1767062548876]	3ms

[2025-12-30 11시42분28초	1767062548877]	ItemBundleDatabase..
[2025-12-30 11시42분28초	1767062548880]	3ms

[2025-12-30 11시42분28초	1767062548881]	ItemChanceBundleDatabase..
[2025-12-30 11시42분28초	1767062548884]	3ms

[2025-12-30 11시42분28초	1767062548885]	FishItemListDatabase..
[2025-12-30 11시42분28초	1767062548887]	2ms

[2025-12-30 11시42분28초	1767062548889]	ItemTeleport..
[2025-12-30 11시42분28초	1767062548892]	3ms

[2025-12-30 11시42분28초	1767062548894]	PolyDatabase..
[2025-12-30 11시42분28초	1767062548898]	4ms

[2025-12-30 11시42분28초	1767062548899]	DungeonDatabase..
[2025-12-30 11시42분28초	1767062548904]	5ms

[2025-12-30 11시42분28초	1767062548905]	DefiniteDatabase..
[2025-12-30 11시42분28초	1767062548908]	3ms

[2025-12-30 11시42분28초	1767062548909]	ExpDatabase..
[2025-12-30 11시42분28초	1767062548912]	3ms

[2025-12-30 11시42분28초	1767062548912]	BackgroundDatabase..
[2025-12-30 11시42분29초	1767062549040]	128ms

[2025-12-30 11시42분29초	1767062549040]	SpriteFrameDatabase..
[2025-12-30 11시42분29초	1767062549107]	67ms

[2025-12-30 11시42분29초	1767062549109]	SkillDatabase..
[2025-12-30 11시42분29초	1767062549112]	3ms

[2025-12-30 11시42분29초	1767062549120]	NpcDatabase..
[2025-12-30 11시42분29초	1767062549134]	14ms

[2025-12-30 11시42분29초	1767062549135]	NpcShopDatabase..
[2025-12-30 11시42분29초	1767062549208]	73ms

[2025-12-30 11시42분29초	1767062549209]	NpcTeleportDatabase..
[2025-12-30 11시42분29초	1767062549211]	2ms

[2025-12-30 11시42분29초	1767062549374]	NpcSpawnlistDatabase..
[2025-12-30 11시42분29초	1767062549431]	57ms

[2025-12-30 11시42분29초	1767062549433]	EventController..
[2025-12-30 11시42분29초	1767062549433]	0ms

[2025-12-30 11시42분29초	1767062549434]	MonsterDatabase..
[2025-12-30 11시42분29초	1767062549450]	15ms

[2025-12-30 11시42분29초	1767062549451]	MonsterDropDatabase..
[2025-12-30 11시42분29초	1767062549478]	27ms

[2025-12-30 11시42분29초	1767062549479]	MonsterSkillDatabase..
[2025-12-30 11시42분29초	1767062549494]	15ms

[2025-12-30 11시42분29초	1767062549496]	MonsterSpawnlistDatabase..
[2025-12-30 11시42분30초	1767062550586]	1090ms

[2025-12-30 11시42분30초	1767062550587]	MonsterBossSpawnlistDatabase..
[2025-12-30 11시42분30초	1767062550590]	3ms

[2025-12-30 11시42분30초	1767062550591]	ServerDownBossListDatabase..
[2025-12-30 11시42분30초	1767062550592]	1ms

[2025-12-30 11시42분30초	1767062550593]	BadIpDatabase..
[2025-12-30 11시42분30초	1767062550596]	2ms

[2025-12-30 11시42분30초	1767062550596]	QuestController..
[2025-12-30 11시42분30초	1767062550598]	2ms

[2025-12-30 11시42분30초	1767062550599]	ServerOpcodesDatabase..
[2025-12-30 11시42분30초	1767062550603]	4ms

[2025-12-30 11시42분30초	1767062550603]	ServerNoticeDatabase..
[2025-12-30 11시42분30초	1767062550605]	2ms

[2025-12-30 11시42분30초	1767062550607]	RankController..
[2025-12-30 11시42분30초	1767062550631]	24ms

[2025-12-30 11시42분30초	1767062550633]	WantedController..
[2025-12-30 11시42분30초	1767062550637]	4ms

[2025-12-30 11시42분30초	1767062550645]	TeleportHomeDatabase..
[2025-12-30 11시42분30초	1767062550675]	30ms

[2025-12-30 11시42분30초	1767062550676]	TeleportResetDatabase..
[2025-12-30 11시42분30초	1767062550705]	29ms

[2025-12-30 11시42분30초	1767062550706]	ItemPinewandDatabase..
[2025-12-30 11시42분30초	1767062550708]	2ms

[2025-12-30 11시42분30초	1767062550708]	ItemMaplewandDatabase..
[2025-12-30 11시42분30초	1767062550710]	2ms

[2025-12-30 11시42분30초	1767062550711]	SummonListDatabase..
[2025-12-30 11시42분30초	1767062550713]	2ms

[2025-12-30 11시42분30초	1767062550714]	GmListDatabase..
[2025-12-30 11시42분30초	1767062550715]	1ms

[2025-12-30 11시42분30초	1767062550716]	MagicdollListDatabase..
[2025-12-30 11시42분30초	1767062550718]	2ms

[2025-12-30 11시42분30초	1767062550721]	PcMarketController..
[2025-12-30 11시42분30초	1767062550722]	1ms

[2025-12-30 11시42분30초	1767062550723]	ServerOptionDatabase..
[2025-12-30 11시42분30초	1767062550724]	1ms

[2025-12-30 11시42분30초	1767062550724]	TimeDungeonDatabase..
[2025-12-30 11시42분30초	1767062550725]	1ms

[2025-12-30 11시42분30초	1767062550726]	TeamBattleDatabase..
[2025-12-30 11시42분30초	1767062550727]	1ms

[2025-12-30 11시42분30초	1767062550727]	LifeLostItemDatabase..
[2025-12-30 11시42분30초	1767062550728]	1ms

[2025-12-30 11시42분30초	1767062550729]	GmTeleportDatabase..
[2025-12-30 11시42분30초	1767062550730]	1ms

[2025-12-30 11시42분30초	1767062550732]	무인혈맹컨트롤러..
[2025-12-30 11시42분30초	1767062550734]	2ms

[2025-12-30 11시42분30초	1767062550735]	HackNoCheckDatabase..
[2025-12-30 11시42분30초	1767062550736]	1ms

[2025-12-30 11시42분30초	1767062550737]	EnchantLostItemDatabase..
[2025-12-30 11시42분30초	1767062550749]	12ms

[2025-12-30 11시42분30초	1767062550750]	ItemDropMessageDatabase..
[2025-12-30 11시42분30초	1767062550751]	1ms

[2025-12-30 11시42분30초	1767062550753]	FishingController..
[2025-12-30 11시42분30초	1767062550877]	123ms

[2025-12-30 11시42분30초	1767062550887]	RobotController..
[2025-12-30 11시42분30초	1767062550991]	104ms

[2025-12-30 11시42분30초	1767062550996]	Server..
[2025-12-30 11시42분31초	1767062551063]	67ms

[2025-12-30 11시42분31초	1767062551064]	ServerThread..
[2025-12-30 11시42분31초	1767062551064]	0ms

[2025-12-30 11시42분31초	1767062551065]	ControllerTherad..
[2025-12-30 11시42분31초	1767062551066]	1ms

[2025-12-30 11시42분31초	1767062551067]	CharacterThread..
[2025-12-30 11시42분31초	1767062551067]	0ms

[2025-12-30 11시42분31초	1767062551068]	DatabaseThread..
[2025-12-30 11시42분31초	1767062551068]	0ms

[2025-12-30 11시42분31초	1767062551070]	CharacterControlThread..
[2025-12-30 11시42분31초	1767062551070]	0ms

[2025-12-30 11시42분31초	1767062551112]	FightController..
[2025-12-30 11시42분31초	1767062551126]	13ms

[2025-12-30 11시42분31초	1767062551127]	TimeThread..
[2025-12-30 11시42분31초	1767062551127]	0ms

[2025-12-30 11시42분31초	1767062551131]	AutoHuntThread..
[2025-12-30 11시42분31초	1767062551136]	5ms

[2025-12-30 11시42분31초	1767062551136]	======================================================================
[2025-12-30 11시42분31초	1767062551148]	Server Version  :  Lineage 2.0

[2025-12-30 11시42분31초	1767062551149]	Server Port      :  2000

[2025-12-30 11시42분31초	1767062551149]	계정 자동생성  :  on

[2025-12-30 11시42분31초	1767062551149]	인챈트 : 1.0배  ||  드랍 : 3.0배  ||  경험치 : 30.0배  ||  아데나 : 12.0배  ||  파티 : 1.1배

[2025-12-30 11시42분31초	1767062551149]	======================================================================
[2025-12-30 11시42분31초	1767062551149]	'서버' 가동되었습니다.

[2025-12-30 11시43분10초	1767062590715]	_robot 테이블 리로드 완료 - 
[2025-12-30 11시43분10초	1767062590729]	14ms

[2025-12-30 11시45분31초	1767062731751]	자동 저장완료 2025-12-30 11시45분31초
[2025-12-30 11시46분14초	1767062774071]	확대 : zoom(2)
[2025-12-30 11시46분14초	1767062774100]	확대 : zoom(3)
[2025-12-30 11시46분14초	1767062774129]	확대 : zoom(4)
[2025-12-30 11시46분14초	1767062774192]	확대 : zoom(5)
[2025-12-30 11시47분58초	1767062878645]	확대 : zoom(2)
[2025-12-30 11시48분14초	1767062894899]	확대 : zoom(2)
[2025-12-30 11시48분32초	1767062912367]	자동 저장완료 2025-12-30 11시48분32초
[2025-12-30 11시48분44초	1767062924026]	확대 : zoom(2)
[2025-12-30 11시48분44초	1767062924083]	확대 : zoom(3)
[2025-12-30 11시48분44초	1767062924170]	확대 : zoom(4)
[2025-12-30 11시51분32초	1767063092964]	자동 저장완료 2025-12-30 11시51분32초
[2025-12-30 11시52분24초	1767063144471]	확대 : zoom(2)
[2025-12-30 11시54분33초	1767063273568]	자동 저장완료 2025-12-30 11시54분33초
[2025-12-30 11시54분44초	1767063284267]	확대 : zoom(2)
[2025-12-30 11시54분44초	1767063284318]	확대 : zoom(3)
[2025-12-30 11시55분03초	1767063303856]	축소 : zoom(2)
[2025-12-30 11시55분03초	1767063303925]	축소 : zoom(1)
[2025-12-30 11시55분45초	1767063345663]	확대 : zoom(2)
[2025-12-30 11시55분45초	1767063345805]	확대 : zoom(3)
[2025-12-30 11시56분59초	1767063419040]	확대 : zoom(2)
[2025-12-30 11시56분59초	1767063419107]	확대 : zoom(3)
[2025-12-30 11시57분34초	1767063454145]	자동 저장완료 2025-12-30 11시57분34초
[2025-12-30 11시58분12초	1767063492945]	확대 : zoom(2)
[2025-12-30 11시59분28초	1767063568069]	축소 : zoom(1)
[2025-12-30 11시59분40초	1767063580878]	확대 : zoom(2)
[2025-12-30 11시59분40초	1767063580926]	확대 : zoom(3)
[2025-12-30 11시59분54초	1767063594052]	확대 : zoom(2)
[2025-12-30 11시59분54초	1767063594139]	확대 : zoom(3)
[2025-12-30 12시00분22초	1767063622935]	확대 : zoom(2)
[2025-12-30 12시00분23초	1767063623001]	확대 : zoom(3)
[2025-12-30 12시00분23초	1767063623124]	확대 : zoom(4)
[2025-12-30 12시00분32초	1767063632791]	확대 : zoom(2)
[2025-12-30 12시00분32초	1767063632850]	확대 : zoom(3)
[2025-12-30 12시00분34초	1767063634716]	자동 저장완료 2025-12-30 12시00분34초
[2025-12-30 12시00분43초	1767063643665]	축소 : zoom(2)
[2025-12-30 12시00분55초	1767063655959]	확대 : zoom(2)
[2025-12-30 12시00분56초	1767063656004]	확대 : zoom(3)
[2025-12-30 12시03분35초	1767063815346]	자동 저장완료 2025-12-30 12시03분35초
[2025-12-30 12시06분35초	1767063995932]	자동 저장완료 2025-12-30 12시06분35초
[2025-12-30 12시09분36초	1767064176467]	자동 저장완료 2025-12-30 12시09분36초
[2025-12-30 12시11분18초	1767064278606]	item 테이블 리로드 완료 - 
[2025-12-30 12시11분18초	1767064278674]	68ms

[2025-12-30 12시12분37초	1767064357002]	자동 저장완료 2025-12-30 12시12분37초
[2025-12-30 12시13분38초	1767064418253]	item 테이블 리로드 완료 - 
[2025-12-30 12시13분38초	1767064418314]	61ms

[2025-12-30 12시14분46초	1767064486491]	item 테이블 리로드 완료 - 
[2025-12-30 12시14분46초	1767064486550]	59ms

[2025-12-30 12시15분07초	1767064507391]	item 테이블 리로드 완료 - 
[2025-12-30 12시15분07초	1767064507447]	56ms

[2025-12-30 12시15분37초	1767064537552]	자동 저장완료 2025-12-30 12시15분37초
[2025-12-30 12시16분21초	1767064581805]	item 테이블 리로드 완료 - 
[2025-12-30 12시16분21초	1767064581864]	59ms

[2025-12-30 12시17분08초	1767064628957]	item 테이블 리로드 완료 - 
[2025-12-30 12시17분09초	1767064629018]	61ms

[2025-12-30 12시18분38초	1767064718106]	자동 저장완료 2025-12-30 12시18분38초
[2025-12-30 12시21분38초	1767064898642]	자동 저장완료 2025-12-30 12시21분38초
[2025-12-30 12시23분00초	1767064980044]	item 테이블 리로드 완료 - 
[2025-12-30 12시23분00초	1767064980107]	63ms

[2025-12-30 12시24분39초	1767065079194]	자동 저장완료 2025-12-30 12시24분39초
[2025-12-30 12시26분52초	1767065212588]	item 테이블 리로드 완료 - 
[2025-12-30 12시26분52초	1767065212647]	59ms

[2025-12-30 12시27분39초	1767065259797]	자동 저장완료 2025-12-30 12시27분39초
[2025-12-30 12시28분43초	1767065323895]	item_skill 테이블 리로드 완료 - 
[2025-12-30 12시28분43초	1767065323906]	11ms

[2025-12-30 12시30분40초	1767065440425]	자동 저장완료 2025-12-30 12시30분40초
[2025-12-30 12시33분41초	1767065621281]	자동 저장완료 2025-12-30 12시33분41초
[2025-12-30 12시36분42초	1767065802199]	자동 저장완료 2025-12-30 12시36분42초
[2025-12-30 12시39분43초	1767065983056]	자동 저장완료 2025-12-30 12시39분43초
[2025-12-30 12시42분43초	1767066163918]	자동 저장완료 2025-12-30 12시42분43초
[2025-12-30 12시45분44초	1767066344732]	자동 저장완료 2025-12-30 12시45분44초
[2025-12-30 12시48분45초	1767066525628]	자동 저장완료 2025-12-30 12시48분45초
[2025-12-30 12시51분46초	1767066706509]	자동 저장완료 2025-12-30 12시51분46초
[2025-12-30 12시54분47초	1767066887396]	자동 저장완료 2025-12-30 12시54분47초
[2025-12-30 12시57분48초	1767067068303]	자동 저장완료 2025-12-30 12시57분48초
[2025-12-30 13시00분49초	1767067249164]	자동 저장완료 2025-12-30 13시00분49초
[2025-12-30 13시03분50초	1767067430076]	자동 저장완료 2025-12-30 13시03분50초
[2025-12-30 13시06분50초	1767067610932]	자동 저장완료 2025-12-30 13시06분50초
[2025-12-30 13시09분51초	1767067791811]	자동 저장완료 2025-12-30 13시09분51초
[2025-12-30 13시12분52초	1767067972657]	자동 저장완료 2025-12-30 13시12분52초
[2025-12-30 13시15분53초	1767068153590]	자동 저장완료 2025-12-30 13시15분53초
[2025-12-30 13시18분54초	1767068334423]	자동 저장완료 2025-12-30 13시18분54초
[2025-12-30 13시21분55초	1767068515255]	자동 저장완료 2025-12-30 13시21분55초
[2025-12-30 13시24분56초	1767068696149]	자동 저장완료 2025-12-30 13시24분56초
[2025-12-30 13시27분57초	1767068877008]	자동 저장완료 2025-12-30 13시27분57초
[2025-12-30 13시30분57초	1767069057895]	자동 저장완료 2025-12-30 13시30분57초
[2025-12-30 13시33분58초	1767069238724]	자동 저장완료 2025-12-30 13시33분58초
[2025-12-30 13시36분59초	1767069419598]	자동 저장완료 2025-12-30 13시36분59초
[2025-12-30 13시40분00초	1767069600539]	자동 저장완료 2025-12-30 13시40분00초
[2025-12-30 13시43분01초	1767069781389]	자동 저장완료 2025-12-30 13시43분01초
[2025-12-30 13시46분02초	1767069962281]	자동 저장완료 2025-12-30 13시46분02초
[2025-12-30 13시49분03초	1767070143168]	자동 저장완료 2025-12-30 13시49분03초
[2025-12-30 13시52분04초	1767070324005]	자동 저장완료 2025-12-30 13시52분04초
[2025-12-30 13시55분04초	1767070504887]	자동 저장완료 2025-12-30 13시55분04초
[2025-12-30 13시58분05초	1767070685726]	자동 저장완료 2025-12-30 13시58분05초
[2025-12-30 14시01분06초	1767070866578]	자동 저장완료 2025-12-30 14시01분06초
[2025-12-30 14시04분07초	1767071047404]	자동 저장완료 2025-12-30 14시04분07초
[2025-12-30 14시07분08초	1767071228269]	자동 저장완료 2025-12-30 14시07분08초
[2025-12-30 14시10분08초	1767071408927]	자동 저장완료 2025-12-30 14시10분08초
[2025-12-30 14시13분09초	1767071589565]	자동 저장완료 2025-12-30 14시13분09초
[2025-12-30 14시16분10초	1767071770125]	자동 저장완료 2025-12-30 14시16분10초
[2025-12-30 14시19분10초	1767071950834]	자동 저장완료 2025-12-30 14시19분10초
[2025-12-30 14시22분11초	1767072131533]	자동 저장완료 2025-12-30 14시22분11초
[2025-12-30 14시25분12초	1767072312196]	자동 저장완료 2025-12-30 14시25분12초
[2025-12-30 14시28분12초	1767072492819]	자동 저장완료 2025-12-30 14시28분12초
[2025-12-30 14시31분13초	1767072673480]	자동 저장완료 2025-12-30 14시31분13초
[2025-12-30 14시34분14초	1767072854081]	자동 저장완료 2025-12-30 14시34분14초
[2025-12-30 14시37분14초	1767073034705]	자동 저장완료 2025-12-30 14시37분14초
[2025-12-30 14시40분15초	1767073215366]	자동 저장완료 2025-12-30 14시40분15초
[2025-12-30 14시43분16초	1767073396276]	자동 저장완료 2025-12-30 14시43분16초
[2025-12-30 14시46분16초	1767073576981]	자동 저장완료 2025-12-30 14시46분16초
[2025-12-30 14시49분17초	1767073757879]	자동 저장완료 2025-12-30 14시49분17초
[2025-12-30 14시52분18초	1767073938790]	자동 저장완료 2025-12-30 14시52분18초
[2025-12-30 14시55분19초	1767074119643]	자동 저장완료 2025-12-30 14시55분19초
[2025-12-30 14시58분19초	1767074299680]	자동 저장완료 2025-12-30 14시58분19초
[2025-12-30 15시01분14초	1767074474998]	서버가 즉시 종료됩니다...
[2025-12-30 15시01분16초	1767074476000]	Thread close..
[2025-12-30 15시01분17초	1767074477000]	Save Database..
[2025-12-30 15시01분17초	1767074477697]	Socket close..
[2025-12-30 15시01분17초	1767074477697]	LineageServer Close...
[2025-12-30 15시01분17초	1767074477697]	0ms

[2025-12-30 15시01분17초	1767074477697]	ok..
