[2025-12-21 15시26분27초	1766298387369]	Mysql..
[2025-12-21 15시26분27초	1766298387371]	4ms

[2025-12-21 15시26분27초	1766298387389]	lineage.conf file loading...
[2025-12-21 15시26분27초	1766298387436]	47ms

[2025-12-21 15시26분27초	1766298387443]	Lineage_Balance..
[2025-12-21 15시26분27초	1766298387456]	13ms

[2025-12-21 15시26분27초	1766298387458]	npc_promotion..
[2025-12-21 15시26분27초	1766298387459]	1ms

[2025-12-21 15시26분27초	1766298387460]	Socket..
[2025-12-21 15시26분27초	1766298387461]	0ms

[2025-12-21 15시26분27초	1766298387461]	Common..
[2025-12-21 15시26분27초	1766298387461]	0ms

[2025-12-21 15시26분27초	1766298387462]	EventThread..
[2025-12-21 15시26분27초	1766298387462]	0ms

[2025-12-21 15시26분27초	1766298387463]	AiExecuteThread..
[2025-12-21 15시26분27초	1766298387463]	0ms

[2025-12-21 15시26분27초	1766298387464]	AiThread..
[2025-12-21 15시26분27초	1766298387465]	1ms

[2025-12-21 15시26분27초	1766298387473]	World..
[2025-12-21 15시26분27초	1766298387744]	271ms

[2025-12-21 15시26분27초	1766298387754]	BookController..
[2025-12-21 15시26분27초	1766298387754]	0ms

[2025-12-21 15시26분27초	1766298387754]	InventoryController..
[2025-12-21 15시26분27초	1766298387754]	0ms

[2025-12-21 15시26분27초	1766298387755]	BasePacketPooling..
[2025-12-21 15시26분27초	1766298387755]	0ms

[2025-12-21 15시26분27초	1766298387760]	SkillController..
[2025-12-21 15시26분27초	1766298387760]	0ms

[2025-12-21 15시26분27초	1766298387766]	DamageController..
[2025-12-21 15시26분27초	1766298387766]	0ms

[2025-12-21 15시26분27초	1766298387768]	CharacterController..
[2025-12-21 15시26분27초	1766298387768]	0ms

[2025-12-21 15시26분27초	1766298387771]	TradeController..
[2025-12-21 15시26분27초	1766298387771]	0ms

[2025-12-21 15시26분27초	1766298387772]	DungeonController..
[2025-12-21 15시26분27초	1766298387772]	0ms

[2025-12-21 15시26분27초	1766298387773]	ShipController..
[2025-12-21 15시26분27초	1766298387773]	0ms

[2025-12-21 15시26분27초	1766298387774]	BuffController..
[2025-12-21 15시26분27초	1766298387774]	0ms

[2025-12-21 15시26분27초	1766298387784]	SummonController..
[2025-12-21 15시26분27초	1766298387784]	0ms

[2025-12-21 15시26분27초	1766298387785]	PartyController..
[2025-12-21 15시26분27초	1766298387785]	0ms

[2025-12-21 15시26분27초	1766298387786]	InnController..
[2025-12-21 15시26분27초	1766298387786]	0ms

[2025-12-21 15시26분27초	1766298387789]	BoardController..
[2025-12-21 15시26분27초	1766298387789]	0ms

[2025-12-21 15시26분27초	1766298387794]	LetterController..
[2025-12-21 15시26분27초	1766298387794]	0ms

[2025-12-21 15시26분27초	1766298387795]	UserShopController..
[2025-12-21 15시26분27초	1766298387795]	0ms

[2025-12-21 15시26분27초	1766298387797]	ChattingController..
[2025-12-21 15시26분27초	1766298387804]	7ms

[2025-12-21 15시26분27초	1766298387807]	ColosseumController..
[2025-12-21 15시26분27초	1766298387807]	0ms

[2025-12-21 15시26분27초	1766298387809]	CraftController..
[2025-12-21 15시26분27초	1766298387809]	0ms

[2025-12-21 15시26분27초	1766298387810]	BossController..
[2025-12-21 15시26분27초	1766298387810]	0ms

[2025-12-21 15시26분27초	1766298387812]	NoticeController..
[2025-12-21 15시26분27초	1766298387813]	1ms

[2025-12-21 15시26분27초	1766298387815]	FriendController..
[2025-12-21 15시26분27초	1766298387815]	0ms

[2025-12-21 15시26분27초	1766298387816]	BugScanningController..
[2025-12-21 15시26분27초	1766298387816]	0ms

[2025-12-21 15시26분27초	1766298387819]	MagicDollController..
[2025-12-21 15시26분27초	1766298387819]	0ms

[2025-12-21 15시26분27초	1766298387821]	ShopController..
[2025-12-21 15시26분27초	1766298387821]	0ms

[2025-12-21 15시26분27초	1766298387823]	WarehouseDatabase..
[2025-12-21 15시26분27초	1766298387823]	0ms

[2025-12-21 15시26분27초	1766298387825]	PakTools..
[2025-12-21 15시26분27초	1766298387830]	5ms

[2025-12-21 15시26분27초	1766298387831]	ScriptController...
[2025-12-21 15시26분27초	1766298387834]	3ms

[2025-12-21 15시26분27초	1766298387835]	GiranClanLordController..
[2025-12-21 15시26분27초	1766298387835]	0ms

[2025-12-21 15시26분27초	1766298387838]	TeamBattleController..
[2025-12-21 15시26분27초	1766298387841]	0ms

[2025-12-21 15시26분27초	1766298387843]	WorldClearController..
[2025-12-21 15시26분27초	1766298387843]	0ms

[2025-12-21 15시26분27초	1766298387844]	SpotController..
[2025-12-21 15시26분27초	1766298387844]	0ms

[2025-12-21 15시26분27초	1766298387846]	테베라스 컨트롤러..
[2025-12-21 15시26분27초	1766298387846]	0ms

[2025-12-21 15시26분27초	1766298387848]	지옥 컨트롤러..
[2025-12-21 15시26분27초	1766298387848]	0ms

[2025-12-21 15시26분27초	1766298387849]	지하수로 컨트롤러..
[2025-12-21 15시26분27초	1766298387849]	0ms

[2025-12-21 15시26분27초	1766298387850]	보물찾기컨트롤러..
[2025-12-21 15시26분27초	1766298387850]	0ms

[2025-12-21 15시26분27초	1766298387852]	마족신전 컨트롤러..
[2025-12-21 15시26분27초	1766298387852]	0ms

[2025-12-21 15시26분27초	1766298387853]	고무 컨트롤러..
[2025-12-21 15시26분27초	1766298387859]	6ms

[2025-12-21 15시26분27초	1766298387861]	정무던전 컨트롤러..
[2025-12-21 15시26분27초	1766298387861]	0ms

[2025-12-21 15시26분27초	1766298387863]	그신 컨트롤러..
[2025-12-21 15시26분27초	1766298387864]	1ms

[2025-12-21 15시26분27초	1766298387866]	라바던전 컨트롤러..
[2025-12-21 15시26분27초	1766298387866]	0ms

[2025-12-21 15시26분27초	1766298387866]	월드보스컨트롤러..
[2025-12-21 15시26분27초	1766298387866]	0ms

[2025-12-21 15시26분27초	1766298387867]	펭귄 사냥터 컨트롤러..
[2025-12-21 15시26분27초	1766298387868]	1ms

[2025-12-21 15시26분27초	1766298387869]	칠흑던전 컨트롤러..
[2025-12-21 15시26분27초	1766298387869]	0ms

[2025-12-21 15시26분27초	1766298387871]	악마왕의영토컨트롤러..
[2025-12-21 15시26분27초	1766298387871]	0ms

[2025-12-21 15시26분27초	1766298387872]	얼던컨트롤러..
[2025-12-21 15시26분27초	1766298387872]	0ms

[2025-12-21 15시26분27초	1766298387874]	기감 컨트롤러..
[2025-12-21 15시26분27초	1766298387874]	0ms

[2025-12-21 15시26분27초	1766298387875]	고라스컨트롤러..
[2025-12-21 15시26분27초	1766298387875]	0ms

[2025-12-21 15시26분27초	1766298387877]	드워프컨트롤러..
[2025-12-21 15시26분27초	1766298387877]	0ms

[2025-12-21 15시26분27초	1766298387878]	타임이벤트컨트롤러..
[2025-12-21 15시26분27초	1766298387878]	0ms

[2025-12-21 15시26분27초	1766298387879]	AutoHuntController..
[2025-12-21 15시26분27초	1766298387879]	0ms

[2025-12-21 15시26분27초	1766298387880]	DatabaseConnection..
[2025-12-21 15시26분28초	1766298388210]	330ms

[2025-12-21 15시26분28초	1766298388224]	ServerDatabase..
[2025-12-21 15시26분28초	1766298388255]	31ms

[2025-12-21 15시26분28초	1766298388260]	SlimeRaceController..
[2025-12-21 15시26분28초	1766298388264]	4ms

[2025-12-21 15시26분28초	1766298388266]	DogRaceController..
[2025-12-21 15시26분28초	1766298388268]	2ms

[2025-12-21 15시26분28초	1766298388276]	ClanController..
[2025-12-21 15시26분28초	1766298388284]	8ms

[2025-12-21 15시26분28초	1766298388286]	KingdomController..
[2025-12-21 15시26분28초	1766298388306]	20ms

[2025-12-21 15시26분28초	1766298388307]	AgitController..
[2025-12-21 15시26분28초	1766298388315]	8ms

[2025-12-21 15시26분28초	1766298388317]	AuctionController..
[2025-12-21 15시26분28초	1766298388324]	7ms

[2025-12-21 15시26분28초	1766298388328]	ItemDatabase..
[2025-12-21 15시26분28초	1766298388423]	95ms

[2025-12-21 15시26분28초	1766298388425]	ItemSetopionDatabase..
[2025-12-21 15시26분28초	1766298388429]	4ms

[2025-12-21 15시26분28초	1766298388431]	AutosellDatabase..
[2025-12-21 15시26분28초	1766298388452]	21ms

[2025-12-21 15시26분28초	1766298388454]	ItemSkillDatabase..
[2025-12-21 15시26분28초	1766298388458]	4ms

[2025-12-21 15시26분28초	1766298388459]	ItemBundleDatabase..
[2025-12-21 15시26분28초	1766298388464]	5ms

[2025-12-21 15시26분28초	1766298388465]	ItemChanceBundleDatabase..
[2025-12-21 15시26분28초	1766298388469]	4ms

[2025-12-21 15시26분28초	1766298388471]	FishItemListDatabase..
[2025-12-21 15시26분28초	1766298388473]	2ms

[2025-12-21 15시26분28초	1766298388475]	ItemTeleport..
[2025-12-21 15시26분28초	1766298388478]	3ms

[2025-12-21 15시26분28초	1766298388480]	PolyDatabase..
[2025-12-21 15시26분28초	1766298388485]	5ms

[2025-12-21 15시26분28초	1766298388486]	DungeonDatabase..
[2025-12-21 15시26분28초	1766298388492]	6ms

[2025-12-21 15시26분28초	1766298388493]	DefiniteDatabase..
[2025-12-21 15시26분28초	1766298388497]	4ms

[2025-12-21 15시26분28초	1766298388497]	ExpDatabase..
[2025-12-21 15시26분28초	1766298388500]	3ms

[2025-12-21 15시26분28초	1766298388500]	BackgroundDatabase..
[2025-12-21 15시26분28초	1766298388635]	135ms

[2025-12-21 15시26분28초	1766298388635]	SpriteFrameDatabase..
[2025-12-21 15시26분28초	1766298388702]	67ms

[2025-12-21 15시26분28초	1766298388704]	SkillDatabase..
[2025-12-21 15시26분28초	1766298388708]	4ms

[2025-12-21 15시26분28초	1766298388710]	NpcDatabase..
[2025-12-21 15시26분28초	1766298388719]	9ms

[2025-12-21 15시26분28초	1766298388721]	NpcShopDatabase..
[2025-12-21 15시26분28초	1766298388790]	69ms

[2025-12-21 15시26분28초	1766298388791]	NpcTeleportDatabase..
[2025-12-21 15시26분28초	1766298388794]	3ms

[2025-12-21 15시26분29초	1766298389123]	NpcSpawnlistDatabase..
[2025-12-21 15시26분29초	1766298389182]	59ms

[2025-12-21 15시26분29초	1766298389185]	EventController..
[2025-12-21 15시26분29초	1766298389186]	1ms

[2025-12-21 15시26분29초	1766298389187]	MonsterDatabase..
[2025-12-21 15시26분29초	1766298389209]	22ms

[2025-12-21 15시26분29초	1766298389210]	MonsterDropDatabase..
[2025-12-21 15시26분29초	1766298389235]	25ms

[2025-12-21 15시26분29초	1766298389237]	MonsterSkillDatabase..
[2025-12-21 15시26분29초	1766298389250]	13ms

[2025-12-21 15시26분29초	1766298389251]	MonsterSpawnlistDatabase..
[2025-12-21 15시26분30초	1766298390109]	858ms

[2025-12-21 15시26분30초	1766298390112]	MonsterBossSpawnlistDatabase..
[2025-12-21 15시26분30초	1766298390116]	4ms

[2025-12-21 15시26분30초	1766298390118]	ServerDownBossListDatabase..
[2025-12-21 15시26분30초	1766298390119]	1ms

[2025-12-21 15시26분30초	1766298390121]	BadIpDatabase..
[2025-12-21 15시26분30초	1766298390124]	3ms

[2025-12-21 15시26분30초	1766298390124]	QuestController..
[2025-12-21 15시26분30초	1766298390127]	3ms

[2025-12-21 15시26분30초	1766298390128]	ServerOpcodesDatabase..
[2025-12-21 15시26분30초	1766298390134]	6ms

[2025-12-21 15시26분30초	1766298390135]	ServerNoticeDatabase..
[2025-12-21 15시26분30초	1766298390139]	4ms

[2025-12-21 15시26분30초	1766298390142]	RankController..
[2025-12-21 15시26분30초	1766298390161]	19ms

[2025-12-21 15시26분30초	1766298390163]	WantedController..
[2025-12-21 15시26분30초	1766298390165]	2ms

[2025-12-21 15시26분30초	1766298390166]	TeleportHomeDatabase..
[2025-12-21 15시26분30초	1766298390199]	33ms

[2025-12-21 15시26분30초	1766298390200]	TeleportResetDatabase..
[2025-12-21 15시26분30초	1766298390231]	31ms

[2025-12-21 15시26분30초	1766298390232]	ItemPinewandDatabase..
[2025-12-21 15시26분30초	1766298390236]	4ms

[2025-12-21 15시26분30초	1766298390237]	ItemMaplewandDatabase..
[2025-12-21 15시26분30초	1766298390240]	3ms

[2025-12-21 15시26분30초	1766298390241]	SummonListDatabase..
[2025-12-21 15시26분30초	1766298390244]	3ms

[2025-12-21 15시26분30초	1766298390246]	GmListDatabase..
[2025-12-21 15시26분30초	1766298390247]	1ms

[2025-12-21 15시26분30초	1766298390250]	MagicdollListDatabase..
[2025-12-21 15시26분30초	1766298390253]	3ms

[2025-12-21 15시26분30초	1766298390261]	PcMarketController..
[2025-12-21 15시26분30초	1766298390262]	1ms

[2025-12-21 15시26분30초	1766298390264]	ServerOptionDatabase..
[2025-12-21 15시26분30초	1766298390264]	0ms

[2025-12-21 15시26분30초	1766298390266]	TimeDungeonDatabase..
[2025-12-21 15시26분30초	1766298390267]	1ms

[2025-12-21 15시26분30초	1766298390268]	TeamBattleDatabase..
[2025-12-21 15시26분30초	1766298390270]	2ms

[2025-12-21 15시26분30초	1766298390272]	LifeLostItemDatabase..
[2025-12-21 15시26분30초	1766298390274]	2ms

[2025-12-21 15시26분30초	1766298390275]	GmTeleportDatabase..
[2025-12-21 15시26분30초	1766298390277]	2ms

[2025-12-21 15시26분30초	1766298390282]	무인혈맹컨트롤러..
[2025-12-21 15시26분30초	1766298390283]	1ms

[2025-12-21 15시26분30초	1766298390285]	HackNoCheckDatabase..
[2025-12-21 15시26분30초	1766298390286]	1ms

[2025-12-21 15시26분30초	1766298390290]	EnchantLostItemDatabase..
[2025-12-21 15시26분30초	1766298390294]	4ms

[2025-12-21 15시26분30초	1766298390295]	ItemDropMessageDatabase..
[2025-12-21 15시26분30초	1766298390296]	1ms

[2025-12-21 15시26분30초	1766298390299]	FishingController..
[2025-12-21 15시26분30초	1766298390311]	12ms

[2025-12-21 15시26분30초	1766298390322]	RobotController..
[2025-12-21 15시26분30초	1766298390434]	111ms

[2025-12-21 15시26분30초	1766298390437]	Server..
[2025-12-21 15시26분30초	1766298390529]	92ms

[2025-12-21 15시26분30초	1766298390530]	ServerThread..
[2025-12-21 15시26분30초	1766298390530]	0ms

[2025-12-21 15시26분30초	1766298390532]	ControllerTherad..
[2025-12-21 15시26분30초	1766298390532]	0ms

[2025-12-21 15시26분30초	1766298390533]	CharacterThread..
[2025-12-21 15시26분30초	1766298390533]	0ms

[2025-12-21 15시26분30초	1766298390535]	DatabaseThread..
[2025-12-21 15시26분30초	1766298390536]	1ms

[2025-12-21 15시26분30초	1766298390537]	CharacterControlThread..
[2025-12-21 15시26분30초	1766298390537]	0ms

[2025-12-21 15시26분30초	1766298390587]	FightController..
[2025-12-21 15시26분30초	1766298390605]	18ms

[2025-12-21 15시26분30초	1766298390606]	TimeThread..
[2025-12-21 15시26분30초	1766298390607]	1ms

[2025-12-21 15시26분30초	1766298390608]	AutoHuntThread..
[2025-12-21 15시26분30초	1766298390608]	0ms

[2025-12-21 15시26분30초	1766298390608]	======================================================================
[2025-12-21 15시26분30초	1766298390609]	Server Version  :  Lineage 2.0

[2025-12-21 15시26분30초	1766298390609]	Server Port      :  2000

[2025-12-21 15시26분30초	1766298390609]	계정 자동생성  :  on

[2025-12-21 15시26분30초	1766298390609]	인챈트 : 1.0배  ||  드랍 : 1.0배  ||  경험치 : 30.0배  ||  아데나 : 200.0배  ||  파티 : 1.1배

[2025-12-21 15시26분30초	1766298390609]	======================================================================
[2025-12-21 15시26분30초	1766298390609]	'서버' 가동되었습니다.

[2025-12-21 15시29분31초	1766298571370]	자동 저장완료 2025-12-21 15시29분31초
[2025-12-21 15시32분31초	1766298751936]	자동 저장완료 2025-12-21 15시32분31초
[2025-12-21 15시35분32초	1766298932536]	자동 저장완료 2025-12-21 15시35분32초
[2025-12-21 15시38분33초	1766299113175]	자동 저장완료 2025-12-21 15시38분33초
[2025-12-21 15시41분33초	1766299293810]	자동 저장완료 2025-12-21 15시41분33초
[2025-12-21 15시42분01초	1766299321419]	서버가 즉시 종료됩니다...
[2025-12-21 15시42분02초	1766299322419]	Thread close..
[2025-12-21 15시42분03초	1766299323420]	Save Database..
[2025-12-21 15시42분03초	1766299323962]	Socket close..
[2025-12-21 15시42분03초	1766299323962]	LineageServer Close...
[2025-12-21 15시42분03초	1766299323962]	0ms

[2025-12-21 15시42분03초	1766299323962]	ok..
