[2025-12-15 19시11분55초	1765793515177]	Mysql..
[2025-12-15 19시11분55초	1765793515178]	2ms

[2025-12-15 19시11분55초	1765793515195]	lineage.conf file loading...
[2025-12-15 19시11분55초	1765793515228]	33ms

[2025-12-15 19시11분55초	1765793515235]	Lineage_Balance..
[2025-12-15 19시11분55초	1765793515245]	9ms

[2025-12-15 19시11분55초	1765793515246]	npc_promotion..
[2025-12-15 19시11분55초	1765793515246]	1ms

[2025-12-15 19시11분55초	1765793515247]	Socket..
[2025-12-15 19시11분55초	1765793515247]	0ms

[2025-12-15 19시11분55초	1765793515247]	Common..
[2025-12-15 19시11분55초	1765793515247]	0ms

[2025-12-15 19시11분55초	1765793515248]	EventThread..
[2025-12-15 19시11분55초	1765793515248]	0ms

[2025-12-15 19시11분55초	1765793515249]	AiExecuteThread..
[2025-12-15 19시11분55초	1765793515249]	0ms

[2025-12-15 19시11분55초	1765793515250]	AiThread..
[2025-12-15 19시11분55초	1765793515250]	0ms

[2025-12-15 19시11분55초	1765793515254]	World..
[2025-12-15 19시11분55초	1765793515333]	79ms

[2025-12-15 19시11분55초	1765793515335]	BookController..
[2025-12-15 19시11분55초	1765793515335]	0ms

[2025-12-15 19시11분55초	1765793515336]	InventoryController..
[2025-12-15 19시11분55초	1765793515336]	0ms

[2025-12-15 19시11분55초	1765793515337]	BasePacketPooling..
[2025-12-15 19시11분55초	1765793515337]	0ms

[2025-12-15 19시11분55초	1765793515339]	SkillController..
[2025-12-15 19시11분55초	1765793515339]	0ms

[2025-12-15 19시11분55초	1765793515345]	DamageController..
[2025-12-15 19시11분55초	1765793515345]	0ms

[2025-12-15 19시11분55초	1765793515353]	CharacterController..
[2025-12-15 19시11분55초	1765793515354]	1ms

[2025-12-15 19시11분55초	1765793515354]	TradeController..
[2025-12-15 19시11분55초	1765793515355]	1ms

[2025-12-15 19시11분55초	1765793515355]	DungeonController..
[2025-12-15 19시11분55초	1765793515355]	0ms

[2025-12-15 19시11분55초	1765793515355]	ShipController..
[2025-12-15 19시11분55초	1765793515356]	1ms

[2025-12-15 19시11분55초	1765793515356]	BuffController..
[2025-12-15 19시11분55초	1765793515356]	0ms

[2025-12-15 19시11분55초	1765793515360]	SummonController..
[2025-12-15 19시11분55초	1765793515360]	0ms

[2025-12-15 19시11분55초	1765793515360]	PartyController..
[2025-12-15 19시11분55초	1765793515361]	1ms

[2025-12-15 19시11분55초	1765793515361]	InnController..
[2025-12-15 19시11분55초	1765793515361]	0ms

[2025-12-15 19시11분55초	1765793515362]	BoardController..
[2025-12-15 19시11분55초	1765793515362]	0ms

[2025-12-15 19시11분55초	1765793515364]	LetterController..
[2025-12-15 19시11분55초	1765793515364]	0ms

[2025-12-15 19시11분55초	1765793515365]	UserShopController..
[2025-12-15 19시11분55초	1765793515365]	0ms

[2025-12-15 19시11분55초	1765793515366]	ChattingController..
[2025-12-15 19시11분55초	1765793515370]	4ms

[2025-12-15 19시11분55초	1765793515372]	ColosseumController..
[2025-12-15 19시11분55초	1765793515372]	0ms

[2025-12-15 19시11분55초	1765793515373]	CraftController..
[2025-12-15 19시11분55초	1765793515373]	0ms

[2025-12-15 19시11분55초	1765793515374]	BossController..
[2025-12-15 19시11분55초	1765793515374]	0ms

[2025-12-15 19시11분55초	1765793515375]	NoticeController..
[2025-12-15 19시11분55초	1765793515375]	0ms

[2025-12-15 19시11분55초	1765793515376]	FriendController..
[2025-12-15 19시11분55초	1765793515376]	0ms

[2025-12-15 19시11분55초	1765793515376]	BugScanningController..
[2025-12-15 19시11분55초	1765793515376]	0ms

[2025-12-15 19시11분55초	1765793515378]	MagicDollController..
[2025-12-15 19시11분55초	1765793515378]	0ms

[2025-12-15 19시11분55초	1765793515378]	ShopController..
[2025-12-15 19시11분55초	1765793515378]	0ms

[2025-12-15 19시11분55초	1765793515379]	WarehouseDatabase..
[2025-12-15 19시11분55초	1765793515380]	1ms

[2025-12-15 19시11분55초	1765793515380]	PakTools..
[2025-12-15 19시11분55초	1765793515382]	2ms

[2025-12-15 19시11분55초	1765793515382]	ScriptController...
[2025-12-15 19시11분55초	1765793515388]	6ms

[2025-12-15 19시11분55초	1765793515388]	GiranClanLordController..
[2025-12-15 19시11분55초	1765793515388]	0ms

[2025-12-15 19시11분55초	1765793515390]	TeamBattleController..
[2025-12-15 19시11분55초	1765793515390]	0ms

[2025-12-15 19시11분55초	1765793515391]	WorldClearController..
[2025-12-15 19시11분55초	1765793515391]	0ms

[2025-12-15 19시11분55초	1765793515391]	SpotController..
[2025-12-15 19시11분55초	1765793515392]	1ms

[2025-12-15 19시11분55초	1765793515392]	테베라스 컨트롤러..
[2025-12-15 19시11분55초	1765793515404]	12ms

[2025-12-15 19시11분55초	1765793515405]	지옥 컨트롤러..
[2025-12-15 19시11분55초	1765793515405]	0ms

[2025-12-15 19시11분55초	1765793515406]	지하수로 컨트롤러..
[2025-12-15 19시11분55초	1765793515406]	0ms

[2025-12-15 19시11분55초	1765793515406]	보물찾기컨트롤러..
[2025-12-15 19시11분55초	1765793515406]	0ms

[2025-12-15 19시11분55초	1765793515407]	마족신전 컨트롤러..
[2025-12-15 19시11분55초	1765793515407]	0ms

[2025-12-15 19시11분55초	1765793515408]	고무 컨트롤러..
[2025-12-15 19시11분55초	1765793515408]	0ms

[2025-12-15 19시11분55초	1765793515408]	정무던전 컨트롤러..
[2025-12-15 19시11분55초	1765793515409]	1ms

[2025-12-15 19시11분55초	1765793515409]	그신 컨트롤러..
[2025-12-15 19시11분55초	1765793515409]	0ms

[2025-12-15 19시11분55초	1765793515410]	라바던전 컨트롤러..
[2025-12-15 19시11분55초	1765793515410]	0ms

[2025-12-15 19시11분55초	1765793515410]	월드보스컨트롤러..
[2025-12-15 19시11분55초	1765793515411]	1ms

[2025-12-15 19시11분55초	1765793515411]	펭귄 사냥터 컨트롤러..
[2025-12-15 19시11분55초	1765793515411]	0ms

[2025-12-15 19시11분55초	1765793515412]	칠흑던전 컨트롤러..
[2025-12-15 19시11분55초	1765793515412]	0ms

[2025-12-15 19시11분55초	1765793515412]	악마왕의영토컨트롤러..
[2025-12-15 19시11분55초	1765793515413]	0ms

[2025-12-15 19시11분55초	1765793515413]	얼던컨트롤러..
[2025-12-15 19시11분55초	1765793515413]	0ms

[2025-12-15 19시11분55초	1765793515414]	기감 컨트롤러..
[2025-12-15 19시11분55초	1765793515414]	0ms

[2025-12-15 19시11분55초	1765793515415]	고라스컨트롤러..
[2025-12-15 19시11분55초	1765793515415]	0ms

[2025-12-15 19시11분55초	1765793515415]	드워프컨트롤러..
[2025-12-15 19시11분55초	1765793515416]	1ms

[2025-12-15 19시11분55초	1765793515416]	타임이벤트컨트롤러..
[2025-12-15 19시11분55초	1765793515416]	0ms

[2025-12-15 19시11분55초	1765793515417]	AutoHuntController..
[2025-12-15 19시11분55초	1765793515417]	0ms

[2025-12-15 19시11분55초	1765793515417]	DatabaseConnection..
[2025-12-15 19시11분55초	1765793515716]	299ms

[2025-12-15 19시11분55초	1765793515738]	ServerDatabase..
[2025-12-15 19시11분55초	1765793515776]	38ms

[2025-12-15 19시11분55초	1765793515778]	SlimeRaceController..
[2025-12-15 19시11분55초	1765793515781]	3ms

[2025-12-15 19시11분55초	1765793515783]	DogRaceController..
[2025-12-15 19시11분55초	1765793515784]	1ms

[2025-12-15 19시11분55초	1765793515787]	ClanController..
[2025-12-15 19시11분55초	1765793515793]	6ms

[2025-12-15 19시11분55초	1765793515795]	KingdomController..
[2025-12-15 19시11분55초	1765793515804]	9ms

[2025-12-15 19시11분55초	1765793515805]	AgitController..
[2025-12-15 19시11분55초	1765793515810]	5ms

[2025-12-15 19시11분55초	1765793515812]	AuctionController..
[2025-12-15 19시11분55초	1765793515821]	9ms

[2025-12-15 19시11분55초	1765793515825]	ItemDatabase..
[2025-12-15 19시11분55초	1765793515923]	98ms

[2025-12-15 19시11분55초	1765793515924]	ItemSetopionDatabase..
[2025-12-15 19시11분55초	1765793515928]	4ms

[2025-12-15 19시11분55초	1765793515929]	AutosellDatabase..
[2025-12-15 19시11분55초	1765793515951]	22ms

[2025-12-15 19시11분55초	1765793515952]	ItemSkillDatabase..
[2025-12-15 19시11분55초	1765793515956]	4ms

[2025-12-15 19시11분55초	1765793515956]	ItemBundleDatabase..
[2025-12-15 19시11분55초	1765793515961]	5ms

[2025-12-15 19시11분55초	1765793515962]	ItemChanceBundleDatabase..
[2025-12-15 19시11분55초	1765793515967]	5ms

[2025-12-15 19시11분55초	1765793515967]	FishItemListDatabase..
[2025-12-15 19시11분55초	1765793515970]	3ms

[2025-12-15 19시11분55초	1765793515971]	ItemTeleport..
[2025-12-15 19시11분55초	1765793515974]	3ms

[2025-12-15 19시11분55초	1765793515985]	PolyDatabase..
[2025-12-15 19시11분55초	1765793515990]	5ms

[2025-12-15 19시11분55초	1765793515990]	DungeonDatabase..
[2025-12-15 19시11분55초	1765793515996]	6ms

[2025-12-15 19시11분55초	1765793515997]	DefiniteDatabase..
[2025-12-15 19시11분56초	1765793516000]	3ms

[2025-12-15 19시11분56초	1765793516001]	ExpDatabase..
[2025-12-15 19시11분56초	1765793516005]	4ms

[2025-12-15 19시11분56초	1765793516005]	BackgroundDatabase..
[2025-12-15 19시11분56초	1765793516158]	153ms

[2025-12-15 19시11분56초	1765793516158]	SpriteFrameDatabase..
[2025-12-15 19시11분56초	1765793516227]	69ms

[2025-12-15 19시11분56초	1765793516228]	SkillDatabase..
[2025-12-15 19시11분56초	1765793516232]	4ms

[2025-12-15 19시11분56초	1765793516233]	NpcDatabase..
[2025-12-15 19시11분56초	1765793516242]	9ms

[2025-12-15 19시11분56초	1765793516243]	NpcShopDatabase..
[2025-12-15 19시11분56초	1765793516311]	68ms

[2025-12-15 19시11분56초	1765793516311]	NpcTeleportDatabase..
[2025-12-15 19시11분56초	1765793516314]	3ms

[2025-12-15 19시11분56초	1765793516452]	NpcSpawnlistDatabase..
[2025-12-15 19시11분56초	1765793516515]	63ms

[2025-12-15 19시11분56초	1765793516517]	EventController..
[2025-12-15 19시11분56초	1765793516517]	0ms

[2025-12-15 19시11분56초	1765793516518]	MonsterDatabase..
[2025-12-15 19시11분56초	1765793516534]	16ms

[2025-12-15 19시11분56초	1765793516535]	MonsterDropDatabase..
[2025-12-15 19시11분56초	1765793516566]	31ms

[2025-12-15 19시11분56초	1765793516567]	MonsterSkillDatabase..
[2025-12-15 19시11분56초	1765793516584]	17ms

[2025-12-15 19시11분56초	1765793516585]	MonsterSpawnlistDatabase..
[2025-12-15 19시11분57초	1765793517554]	969ms

[2025-12-15 19시11분57초	1765793517555]	MonsterBossSpawnlistDatabase..
[2025-12-15 19시11분57초	1765793517560]	5ms

[2025-12-15 19시11분57초	1765793517561]	ServerDownBossListDatabase..
[2025-12-15 19시11분57초	1765793517561]	0ms

[2025-12-15 19시11분57초	1765793517562]	BadIpDatabase..
[2025-12-15 19시11분57초	1765793517565]	3ms

[2025-12-15 19시11분57초	1765793517565]	QuestController..
[2025-12-15 19시11분57초	1765793517567]	2ms

[2025-12-15 19시11분57초	1765793517568]	ServerOpcodesDatabase..
[2025-12-15 19시11분57초	1765793517573]	5ms

[2025-12-15 19시11분57초	1765793517573]	ServerNoticeDatabase..
[2025-12-15 19시11분57초	1765793517576]	3ms

[2025-12-15 19시11분57초	1765793517577]	RankController..
[2025-12-15 19시11분57초	1765793517593]	16ms

[2025-12-15 19시11분57초	1765793517595]	WantedController..
[2025-12-15 19시11분57초	1765793517599]	4ms

[2025-12-15 19시11분57초	1765793517600]	TeleportHomeDatabase..
[2025-12-15 19시11분57초	1765793517632]	32ms

[2025-12-15 19시11분57초	1765793517633]	TeleportResetDatabase..
[2025-12-15 19시11분57초	1765793517664]	31ms

[2025-12-15 19시11분57초	1765793517665]	ItemPinewandDatabase..
[2025-12-15 19시11분57초	1765793517667]	2ms

[2025-12-15 19시11분57초	1765793517668]	ItemMaplewandDatabase..
[2025-12-15 19시11분57초	1765793517670]	2ms

[2025-12-15 19시11분57초	1765793517671]	SummonListDatabase..
[2025-12-15 19시11분57초	1765793517674]	3ms

[2025-12-15 19시11분57초	1765793517674]	GmListDatabase..
[2025-12-15 19시11분57초	1765793517675]	1ms

[2025-12-15 19시11분57초	1765793517677]	MagicdollListDatabase..
[2025-12-15 19시11분57초	1765793517679]	2ms

[2025-12-15 19시11분57초	1765793517683]	PcMarketController..
[2025-12-15 19시11분57초	1765793517684]	1ms

[2025-12-15 19시11분57초	1765793517685]	ServerOptionDatabase..
[2025-12-15 19시11분57초	1765793517685]	0ms

[2025-12-15 19시11분57초	1765793517686]	TimeDungeonDatabase..
[2025-12-15 19시11분57초	1765793517687]	1ms

[2025-12-15 19시11분57초	1765793517688]	TeamBattleDatabase..
[2025-12-15 19시11분57초	1765793517689]	1ms

[2025-12-15 19시11분57초	1765793517690]	LifeLostItemDatabase..
[2025-12-15 19시11분57초	1765793517692]	2ms

[2025-12-15 19시11분57초	1765793517692]	GmTeleportDatabase..
[2025-12-15 19시11분57초	1765793517694]	2ms

[2025-12-15 19시11분57초	1765793517696]	무인혈맹컨트롤러..
[2025-12-15 19시11분57초	1765793517697]	1ms

[2025-12-15 19시11분57초	1765793517698]	HackNoCheckDatabase..
[2025-12-15 19시11분57초	1765793517699]	1ms

[2025-12-15 19시11분57초	1765793517700]	EnchantLostItemDatabase..
[2025-12-15 19시11분57초	1765793517707]	7ms

[2025-12-15 19시11분57초	1765793517708]	ItemDropMessageDatabase..
[2025-12-15 19시11분57초	1765793517710]	2ms

[2025-12-15 19시11분57초	1765793517711]	FishingController..
[2025-12-15 19시11분57초	1765793517723]	12ms

[2025-12-15 19시11분57초	1765793517731]	RobotController..
[2025-12-15 19시11분57초	1765793517759]	27ms

[2025-12-15 19시11분57초	1765793517761]	Server..
[2025-12-15 19시11분57초	1765793517850]	89ms

[2025-12-15 19시11분57초	1765793517851]	ServerThread..
[2025-12-15 19시11분57초	1765793517851]	0ms

[2025-12-15 19시11분57초	1765793517852]	ControllerTherad..
[2025-12-15 19시11분57초	1765793517853]	1ms

[2025-12-15 19시11분57초	1765793517854]	CharacterThread..
[2025-12-15 19시11분57초	1765793517854]	0ms

[2025-12-15 19시11분57초	1765793517855]	DatabaseThread..
[2025-12-15 19시11분57초	1765793517855]	0ms

[2025-12-15 19시11분57초	1765793517856]	CharacterControlThread..
[2025-12-15 19시11분57초	1765793517857]	1ms

[2025-12-15 19시11분57초	1765793517861]	FightController..
[2025-12-15 19시11분57초	1765793517903]	42ms

[2025-12-15 19시11분57초	1765793517904]	TimeThread..
[2025-12-15 19시11분57초	1765793517904]	0ms

[2025-12-15 19시11분57초	1765793517906]	AutoHuntThread..
[2025-12-15 19시11분57초	1765793517906]	0ms

[2025-12-15 19시11분57초	1765793517906]	======================================================================
[2025-12-15 19시11분57초	1765793517907]	Server Version  :  Lineage 2.0

[2025-12-15 19시11분57초	1765793517907]	Server Port      :  2000

[2025-12-15 19시11분57초	1765793517907]	계정 자동생성  :  on

[2025-12-15 19시11분57초	1765793517908]	인챈트 : 1.0배  ||  드랍 : 1.0배  ||  경험치 : 30.0배  ||  아데나 : 200.0배  ||  파티 : 1.1배

[2025-12-15 19시11분57초	1765793517908]	======================================================================
[2025-12-15 19시11분57초	1765793517908]	'서버' 가동되었습니다.

[2025-12-15 19시13분19초	1765793599204]	Thread close..
[2025-12-15 19시13분20초	1765793600204]	Save Database..
[2025-12-15 19시13분20초	1765793600753]	Socket close..
[2025-12-15 19시13분20초	1765793600753]	LineageServer Close...
[2025-12-15 19시13분20초	1765793600753]	0ms

[2025-12-15 19시13분20초	1765793600753]	ok..
