[2025-12-16 14시54분14초	1765864454007]	Mysql..
[2025-12-16 14시54분14초	1765864454008]	2ms

[2025-12-16 14시54분14초	1765864454028]	lineage.conf file loading...
[2025-12-16 14시54분14초	1765864454063]	35ms

[2025-12-16 14시54분14초	1765864454069]	Lineage_Balance..
[2025-12-16 14시54분14초	1765864454079]	10ms

[2025-12-16 14시54분14초	1765864454080]	npc_promotion..
[2025-12-16 14시54분14초	1765864454080]	0ms

[2025-12-16 14시54분14초	1765864454081]	Socket..
[2025-12-16 14시54분14초	1765864454082]	1ms

[2025-12-16 14시54분14초	1765864454082]	Common..
[2025-12-16 14시54분14초	1765864454082]	0ms

[2025-12-16 14시54분14초	1765864454083]	EventThread..
[2025-12-16 14시54분14초	1765864454083]	0ms

[2025-12-16 14시54분14초	1765864454084]	AiExecuteThread..
[2025-12-16 14시54분14초	1765864454084]	0ms

[2025-12-16 14시54분14초	1765864454085]	AiThread..
[2025-12-16 14시54분14초	1765864454086]	1ms

[2025-12-16 14시54분14초	1765864454090]	World..
[2025-12-16 14시54분14초	1765864454179]	89ms

[2025-12-16 14시54분14초	1765864454180]	BookController..
[2025-12-16 14시54분14초	1765864454180]	0ms

[2025-12-16 14시54분14초	1765864454181]	InventoryController..
[2025-12-16 14시54분14초	1765864454181]	0ms

[2025-12-16 14시54분14초	1765864454182]	BasePacketPooling..
[2025-12-16 14시54분14초	1765864454182]	0ms

[2025-12-16 14시54분14초	1765864454184]	SkillController..
[2025-12-16 14시54분14초	1765864454188]	0ms

[2025-12-16 14시54분14초	1765864454196]	DamageController..
[2025-12-16 14시54분14초	1765864454196]	0ms

[2025-12-16 14시54분14초	1765864454197]	CharacterController..
[2025-12-16 14시54분14초	1765864454197]	0ms

[2025-12-16 14시54분14초	1765864454198]	TradeController..
[2025-12-16 14시54분14초	1765864454198]	0ms

[2025-12-16 14시54분14초	1765864454199]	DungeonController..
[2025-12-16 14시54분14초	1765864454199]	0ms

[2025-12-16 14시54분14초	1765864454200]	ShipController..
[2025-12-16 14시54분14초	1765864454200]	0ms

[2025-12-16 14시54분14초	1765864454201]	BuffController..
[2025-12-16 14시54분14초	1765864454201]	0ms

[2025-12-16 14시54분14초	1765864454205]	SummonController..
[2025-12-16 14시54분14초	1765864454205]	0ms

[2025-12-16 14시54분14초	1765864454205]	PartyController..
[2025-12-16 14시54분14초	1765864454205]	0ms

[2025-12-16 14시54분14초	1765864454206]	InnController..
[2025-12-16 14시54분14초	1765864454206]	0ms

[2025-12-16 14시54분14초	1765864454207]	BoardController..
[2025-12-16 14시54분14초	1765864454207]	0ms

[2025-12-16 14시54분14초	1765864454209]	LetterController..
[2025-12-16 14시54분14초	1765864454209]	0ms

[2025-12-16 14시54분14초	1765864454209]	UserShopController..
[2025-12-16 14시54분14초	1765864454209]	0ms

[2025-12-16 14시54분14초	1765864454211]	ChattingController..
[2025-12-16 14시54분14초	1765864454215]	3ms

[2025-12-16 14시54분14초	1765864454216]	ColosseumController..
[2025-12-16 14시54분14초	1765864454216]	0ms

[2025-12-16 14시54분14초	1765864454217]	CraftController..
[2025-12-16 14시54분14초	1765864454218]	1ms

[2025-12-16 14시54분14초	1765864454219]	BossController..
[2025-12-16 14시54분14초	1765864454219]	0ms

[2025-12-16 14시54분14초	1765864454227]	NoticeController..
[2025-12-16 14시54분14초	1765864454228]	1ms

[2025-12-16 14시54분14초	1765864454228]	FriendController..
[2025-12-16 14시54분14초	1765864454228]	0ms

[2025-12-16 14시54분14초	1765864454229]	BugScanningController..
[2025-12-16 14시54분14초	1765864454229]	0ms

[2025-12-16 14시54분14초	1765864454230]	MagicDollController..
[2025-12-16 14시54분14초	1765864454230]	0ms

[2025-12-16 14시54분14초	1765864454231]	ShopController..
[2025-12-16 14시54분14초	1765864454231]	0ms

[2025-12-16 14시54분14초	1765864454233]	WarehouseDatabase..
[2025-12-16 14시54분14초	1765864454233]	0ms

[2025-12-16 14시54분14초	1765864454234]	PakTools..
[2025-12-16 14시54분14초	1765864454236]	2ms

[2025-12-16 14시54분14초	1765864454236]	ScriptController...
[2025-12-16 14시54분14초	1765864454239]	3ms

[2025-12-16 14시54분14초	1765864454240]	GiranClanLordController..
[2025-12-16 14시54분14초	1765864454240]	0ms

[2025-12-16 14시54분14초	1765864454242]	TeamBattleController..
[2025-12-16 14시54분14초	1765864454242]	0ms

[2025-12-16 14시54분14초	1765864454243]	WorldClearController..
[2025-12-16 14시54분14초	1765864454243]	0ms

[2025-12-16 14시54분14초	1765864454244]	SpotController..
[2025-12-16 14시54분14초	1765864454244]	0ms

[2025-12-16 14시54분14초	1765864454244]	테베라스 컨트롤러..
[2025-12-16 14시54분14초	1765864454248]	4ms

[2025-12-16 14시54분14초	1765864454250]	지옥 컨트롤러..
[2025-12-16 14시54분14초	1765864454250]	0ms

[2025-12-16 14시54분14초	1765864454250]	지하수로 컨트롤러..
[2025-12-16 14시54분14초	1765864454251]	1ms

[2025-12-16 14시54분14초	1765864454251]	보물찾기컨트롤러..
[2025-12-16 14시54분14초	1765864454251]	0ms

[2025-12-16 14시54분14초	1765864454252]	마족신전 컨트롤러..
[2025-12-16 14시54분14초	1765864454252]	0ms

[2025-12-16 14시54분14초	1765864454253]	고무 컨트롤러..
[2025-12-16 14시54분14초	1765864454253]	0ms

[2025-12-16 14시54분14초	1765864454253]	정무던전 컨트롤러..
[2025-12-16 14시54분14초	1765864454253]	0ms

[2025-12-16 14시54분14초	1765864454254]	그신 컨트롤러..
[2025-12-16 14시54분14초	1765864454254]	0ms

[2025-12-16 14시54분14초	1765864454255]	라바던전 컨트롤러..
[2025-12-16 14시54분14초	1765864454255]	0ms

[2025-12-16 14시54분14초	1765864454255]	월드보스컨트롤러..
[2025-12-16 14시54분14초	1765864454255]	0ms

[2025-12-16 14시54분14초	1765864454256]	펭귄 사냥터 컨트롤러..
[2025-12-16 14시54분14초	1765864454256]	0ms

[2025-12-16 14시54분14초	1765864454257]	칠흑던전 컨트롤러..
[2025-12-16 14시54분14초	1765864454257]	1ms

[2025-12-16 14시54분14초	1765864454257]	악마왕의영토컨트롤러..
[2025-12-16 14시54분14초	1765864454257]	0ms

[2025-12-16 14시54분14초	1765864454258]	얼던컨트롤러..
[2025-12-16 14시54분14초	1765864454258]	0ms

[2025-12-16 14시54분14초	1765864454259]	기감 컨트롤러..
[2025-12-16 14시54분14초	1765864454259]	0ms

[2025-12-16 14시54분14초	1765864454259]	고라스컨트롤러..
[2025-12-16 14시54분14초	1765864454260]	1ms

[2025-12-16 14시54분14초	1765864454260]	드워프컨트롤러..
[2025-12-16 14시54분14초	1765864454260]	0ms

[2025-12-16 14시54분14초	1765864454261]	타임이벤트컨트롤러..
[2025-12-16 14시54분14초	1765864454261]	0ms

[2025-12-16 14시54분14초	1765864454261]	AutoHuntController..
[2025-12-16 14시54분14초	1765864454262]	1ms

[2025-12-16 14시54분14초	1765864454262]	DatabaseConnection..
[2025-12-16 14시54분14초	1765864454602]	340ms

[2025-12-16 14시54분14초	1765864454623]	ServerDatabase..
[2025-12-16 14시54분14초	1765864454655]	32ms

[2025-12-16 14시54분14초	1765864454658]	SlimeRaceController..
[2025-12-16 14시54분14초	1765864454668]	10ms

[2025-12-16 14시54분14초	1765864454670]	DogRaceController..
[2025-12-16 14시54분14초	1765864454671]	1ms

[2025-12-16 14시54분14초	1765864454674]	ClanController..
[2025-12-16 14시54분14초	1765864454679]	5ms

[2025-12-16 14시54분14초	1765864454682]	KingdomController..
[2025-12-16 14시54분14초	1765864454690]	8ms

[2025-12-16 14시54분14초	1765864454691]	AgitController..
[2025-12-16 14시54분14초	1765864454695]	4ms

[2025-12-16 14시54분14초	1765864454697]	AuctionController..
[2025-12-16 14시54분14초	1765864454702]	5ms

[2025-12-16 14시54분14초	1765864454707]	ItemDatabase..
[2025-12-16 14시54분14초	1765864454795]	88ms

[2025-12-16 14시54분14초	1765864454796]	ItemSetopionDatabase..
[2025-12-16 14시54분14초	1765864454799]	3ms

[2025-12-16 14시54분14초	1765864454800]	AutosellDatabase..
[2025-12-16 14시54분14초	1765864454826]	26ms

[2025-12-16 14시54분14초	1765864454827]	ItemSkillDatabase..
[2025-12-16 14시54분14초	1765864454829]	2ms

[2025-12-16 14시54분14초	1765864454830]	ItemBundleDatabase..
[2025-12-16 14시54분14초	1765864454834]	4ms

[2025-12-16 14시54분14초	1765864454835]	ItemChanceBundleDatabase..
[2025-12-16 14시54분14초	1765864454840]	5ms

[2025-12-16 14시54분14초	1765864454841]	FishItemListDatabase..
[2025-12-16 14시54분14초	1765864454843]	2ms

[2025-12-16 14시54분14초	1765864454844]	ItemTeleport..
[2025-12-16 14시54분14초	1765864454846]	2ms

[2025-12-16 14시54분14초	1765864454848]	PolyDatabase..
[2025-12-16 14시54분14초	1765864454852]	4ms

[2025-12-16 14시54분14초	1765864454853]	DungeonDatabase..
[2025-12-16 14시54분14초	1765864454858]	5ms

[2025-12-16 14시54분14초	1765864454859]	DefiniteDatabase..
[2025-12-16 14시54분14초	1765864454862]	3ms

[2025-12-16 14시54분14초	1765864454862]	ExpDatabase..
[2025-12-16 14시54분14초	1765864454865]	3ms

[2025-12-16 14시54분14초	1765864454865]	BackgroundDatabase..
[2025-12-16 14시54분14초	1765864454988]	123ms

[2025-12-16 14시54분14초	1765864454988]	SpriteFrameDatabase..
[2025-12-16 14시54분15초	1765864455054]	65ms

[2025-12-16 14시54분15초	1765864455055]	SkillDatabase..
[2025-12-16 14시54분15초	1765864455058]	3ms

[2025-12-16 14시54분15초	1765864455059]	NpcDatabase..
[2025-12-16 14시54분15초	1765864455065]	6ms

[2025-12-16 14시54분15초	1765864455066]	NpcShopDatabase..
[2025-12-16 14시54분15초	1765864455134]	67ms

[2025-12-16 14시54분15초	1765864455134]	NpcTeleportDatabase..
[2025-12-16 14시54분15초	1765864455137]	3ms

[2025-12-16 14시54분15초	1765864455290]	NpcSpawnlistDatabase..
[2025-12-16 14시54분15초	1765864455355]	65ms

[2025-12-16 14시54분15초	1765864455357]	EventController..
[2025-12-16 14시54분15초	1765864455357]	0ms

[2025-12-16 14시54분15초	1765864455358]	MonsterDatabase..
[2025-12-16 14시54분15초	1765864455375]	17ms

[2025-12-16 14시54분15초	1765864455376]	MonsterDropDatabase..
[2025-12-16 14시54분15초	1765864455404]	28ms

[2025-12-16 14시54분15초	1765864455405]	MonsterSkillDatabase..
[2025-12-16 14시54분15초	1765864455421]	16ms

[2025-12-16 14시54분15초	1765864455423]	MonsterSpawnlistDatabase..
[2025-12-16 14시54분16초	1765864456833]	1410ms

[2025-12-16 14시54분16초	1765864456834]	MonsterBossSpawnlistDatabase..
[2025-12-16 14시54분16초	1765864456838]	4ms

[2025-12-16 14시54분16초	1765864456838]	ServerDownBossListDatabase..
[2025-12-16 14시54분16초	1765864456840]	2ms

[2025-12-16 14시54분16초	1765864456840]	BadIpDatabase..
[2025-12-16 14시54분16초	1765864456843]	3ms

[2025-12-16 14시54분16초	1765864456843]	QuestController..
[2025-12-16 14시54분16초	1765864456844]	1ms

[2025-12-16 14시54분16초	1765864456845]	ServerOpcodesDatabase..
[2025-12-16 14시54분16초	1765864456849]	4ms

[2025-12-16 14시54분16초	1765864456850]	ServerNoticeDatabase..
[2025-12-16 14시54분16초	1765864456853]	3ms

[2025-12-16 14시54분16초	1765864456854]	RankController..
[2025-12-16 14시54분16초	1765864456870]	16ms

[2025-12-16 14시54분16초	1765864456872]	WantedController..
[2025-12-16 14시54분16초	1765864456873]	1ms

[2025-12-16 14시54분16초	1765864456874]	TeleportHomeDatabase..
[2025-12-16 14시54분16초	1765864456907]	33ms

[2025-12-16 14시54분16초	1765864456908]	TeleportResetDatabase..
[2025-12-16 14시54분16초	1765864456942]	34ms

[2025-12-16 14시54분16초	1765864456943]	ItemPinewandDatabase..
[2025-12-16 14시54분16초	1765864456945]	2ms

[2025-12-16 14시54분16초	1765864456946]	ItemMaplewandDatabase..
[2025-12-16 14시54분16초	1765864456948]	2ms

[2025-12-16 14시54분16초	1765864456949]	SummonListDatabase..
[2025-12-16 14시54분16초	1765864456951]	2ms

[2025-12-16 14시54분16초	1765864456952]	GmListDatabase..
[2025-12-16 14시54분16초	1765864456953]	2ms

[2025-12-16 14시54분16초	1765864456954]	MagicdollListDatabase..
[2025-12-16 14시54분16초	1765864456956]	2ms

[2025-12-16 14시54분16초	1765864456960]	PcMarketController..
[2025-12-16 14시54분16초	1765864456961]	1ms

[2025-12-16 14시54분16초	1765864456962]	ServerOptionDatabase..
[2025-12-16 14시54분16초	1765864456962]	0ms

[2025-12-16 14시54분16초	1765864456963]	TimeDungeonDatabase..
[2025-12-16 14시54분16초	1765864456964]	1ms

[2025-12-16 14시54분16초	1765864456965]	TeamBattleDatabase..
[2025-12-16 14시54분16초	1765864456966]	1ms

[2025-12-16 14시54분16초	1765864456966]	LifeLostItemDatabase..
[2025-12-16 14시54분16초	1765864456968]	2ms

[2025-12-16 14시54분16초	1765864456969]	GmTeleportDatabase..
[2025-12-16 14시54분16초	1765864456970]	1ms

[2025-12-16 14시54분16초	1765864456972]	무인혈맹컨트롤러..
[2025-12-16 14시54분16초	1765864456973]	1ms

[2025-12-16 14시54분16초	1765864456974]	HackNoCheckDatabase..
[2025-12-16 14시54분16초	1765864456974]	0ms

[2025-12-16 14시54분16초	1765864456975]	EnchantLostItemDatabase..
[2025-12-16 14시54분16초	1765864456982]	7ms

[2025-12-16 14시54분16초	1765864456984]	ItemDropMessageDatabase..
[2025-12-16 14시54분16초	1765864456986]	2ms

[2025-12-16 14시54분16초	1765864456987]	FishingController..
[2025-12-16 14시54분16초	1765864456999]	12ms

[2025-12-16 14시54분17초	1765864457008]	RobotController..
[2025-12-16 14시54분17초	1765864457032]	24ms

[2025-12-16 14시54분17초	1765864457035]	Server..
[2025-12-16 14시54분17초	1765864457106]	71ms

[2025-12-16 14시54분17초	1765864457107]	ServerThread..
[2025-12-16 14시54분17초	1765864457107]	0ms

[2025-12-16 14시54분17초	1765864457109]	ControllerTherad..
[2025-12-16 14시54분17초	1765864457110]	1ms

[2025-12-16 14시54분17초	1765864457110]	CharacterThread..
[2025-12-16 14시54분17초	1765864457111]	1ms

[2025-12-16 14시54분17초	1765864457111]	DatabaseThread..
[2025-12-16 14시54분17초	1765864457112]	1ms

[2025-12-16 14시54분17초	1765864457114]	CharacterControlThread..
[2025-12-16 14시54분17초	1765864457114]	0ms

[2025-12-16 14시54분17초	1765864457120]	FightController..
[2025-12-16 14시54분17초	1765864457181]	61ms

[2025-12-16 14시54분17초	1765864457182]	TimeThread..
[2025-12-16 14시54분17초	1765864457182]	0ms

[2025-12-16 14시54분17초	1765864457184]	AutoHuntThread..
[2025-12-16 14시54분17초	1765864457184]	0ms

[2025-12-16 14시54분17초	1765864457184]	======================================================================
[2025-12-16 14시54분17초	1765864457186]	Server Version  :  Lineage 2.0

[2025-12-16 14시54분17초	1765864457186]	Server Port      :  2000

[2025-12-16 14시54분17초	1765864457186]	계정 자동생성  :  on

[2025-12-16 14시54분17초	1765864457187]	인챈트 : 1.0배  ||  드랍 : 1.0배  ||  경험치 : 30.0배  ||  아데나 : 200.0배  ||  파티 : 1.1배

[2025-12-16 14시54분17초	1765864457187]	======================================================================
[2025-12-16 14시54분17초	1765864457187]	'서버' 가동되었습니다.

[2025-12-16 14시57분17초	1765864637813]	자동 저장완료 2025-12-16 14시57분17초
[2025-12-16 15시00분18초	1765864818406]	자동 저장완료 2025-12-16 15시00분18초
[2025-12-16 15시03분19초	1765864999059]	자동 저장완료 2025-12-16 15시03분19초
[2025-12-16 15시06분19초	1765865179646]	자동 저장완료 2025-12-16 15시06분19초
[2025-12-16 15시09분20초	1765865360352]	자동 저장완료 2025-12-16 15시09분20초
[2025-12-16 15시12분21초	1765865541076]	자동 저장완료 2025-12-16 15시12분21초
[2025-12-16 15시15분21초	1765865721726]	자동 저장완료 2025-12-16 15시15분21초
[2025-12-16 15시16분05초	1765865765684]	class lineage.world.object.instance.PetMasterInstance : toPush(PcInstance pc)
[2025-12-16 15시16분05초	1765865765684]	java.lang.ClassCastException: lineage.world.object.instance.PetInstance cannot be cast to lineage.world.object.instance.PcInstance
[2025-12-16 15시16분11초	1765865771612]	서버가 즉시 종료됩니다...
[2025-12-16 15시16분12초	1765865772613]	Thread close..
[2025-12-16 15시16분13초	1765865773614]	Save Database..
[2025-12-16 15시16분14초	1765865774151]	Socket close..
[2025-12-16 15시16분14초	1765865774151]	LineageServer Close...
[2025-12-16 15시16분14초	1765865774151]	0ms

[2025-12-16 15시16분14초	1765865774151]	ok..
