[2025-12-15 15시41분50초	1765780910028]	Mysql..
[2025-12-15 15시41분50초	1765780910029]	2ms

[2025-12-15 15시41분50초	1765780910047]	lineage.conf file loading...
[2025-12-15 15시41분50초	1765780910084]	37ms

[2025-12-15 15시41분50초	1765780910091]	Lineage_Balance..
[2025-12-15 15시41분50초	1765780910102]	11ms

[2025-12-15 15시41분50초	1765780910103]	npc_promotion..
[2025-12-15 15시41분50초	1765780910103]	0ms

[2025-12-15 15시41분50초	1765780910104]	Socket..
[2025-12-15 15시41분50초	1765780910105]	1ms

[2025-12-15 15시41분50초	1765780910105]	Common..
[2025-12-15 15시41분50초	1765780910105]	0ms

[2025-12-15 15시41분50초	1765780910106]	EventThread..
[2025-12-15 15시41분50초	1765780910106]	0ms

[2025-12-15 15시41분50초	1765780910107]	AiExecuteThread..
[2025-12-15 15시41분50초	1765780910108]	1ms

[2025-12-15 15시41분50초	1765780910108]	AiThread..
[2025-12-15 15시41분50초	1765780910108]	0ms

[2025-12-15 15시41분50초	1765780910113]	World..
[2025-12-15 15시41분50초	1765780910225]	112ms

[2025-12-15 15시41분50초	1765780910227]	BookController..
[2025-12-15 15시41분50초	1765780910227]	0ms

[2025-12-15 15시41분50초	1765780910228]	InventoryController..
[2025-12-15 15시41분50초	1765780910228]	0ms

[2025-12-15 15시41분50초	1765780910228]	BasePacketPooling..
[2025-12-15 15시41분50초	1765780910228]	0ms

[2025-12-15 15시41분50초	1765780910231]	SkillController..
[2025-12-15 15시41분50초	1765780910231]	0ms

[2025-12-15 15시41분50초	1765780910246]	DamageController..
[2025-12-15 15시41분50초	1765780910246]	0ms

[2025-12-15 15시41분50초	1765780910248]	CharacterController..
[2025-12-15 15시41분50초	1765780910248]	0ms

[2025-12-15 15시41분50초	1765780910249]	TradeController..
[2025-12-15 15시41분50초	1765780910249]	0ms

[2025-12-15 15시41분50초	1765780910250]	DungeonController..
[2025-12-15 15시41분50초	1765780910250]	0ms

[2025-12-15 15시41분50초	1765780910251]	ShipController..
[2025-12-15 15시41분50초	1765780910252]	1ms

[2025-12-15 15시41분50초	1765780910253]	BuffController..
[2025-12-15 15시41분50초	1765780910253]	0ms

[2025-12-15 15시41분50초	1765780910257]	SummonController..
[2025-12-15 15시41분50초	1765780910257]	0ms

[2025-12-15 15시41분50초	1765780910258]	PartyController..
[2025-12-15 15시41분50초	1765780910258]	0ms

[2025-12-15 15시41분50초	1765780910259]	InnController..
[2025-12-15 15시41분50초	1765780910259]	0ms

[2025-12-15 15시41분50초	1765780910261]	BoardController..
[2025-12-15 15시41분50초	1765780910261]	0ms

[2025-12-15 15시41분50초	1765780910262]	LetterController..
[2025-12-15 15시41분50초	1765780910262]	0ms

[2025-12-15 15시41분50초	1765780910263]	UserShopController..
[2025-12-15 15시41분50초	1765780910263]	0ms

[2025-12-15 15시41분50초	1765780910264]	ChattingController..
[2025-12-15 15시41분50초	1765780910275]	11ms

[2025-12-15 15시41분50초	1765780910276]	ColosseumController..
[2025-12-15 15시41분50초	1765780910277]	0ms

[2025-12-15 15시41분50초	1765780910277]	CraftController..
[2025-12-15 15시41분50초	1765780910277]	0ms

[2025-12-15 15시41분50초	1765780910278]	BossController..
[2025-12-15 15시41분50초	1765780910278]	0ms

[2025-12-15 15시41분50초	1765780910279]	NoticeController..
[2025-12-15 15시41분50초	1765780910280]	1ms

[2025-12-15 15시41분50초	1765780910281]	FriendController..
[2025-12-15 15시41분50초	1765780910281]	0ms

[2025-12-15 15시41분50초	1765780910281]	BugScanningController..
[2025-12-15 15시41분50초	1765780910281]	0ms

[2025-12-15 15시41분50초	1765780910283]	MagicDollController..
[2025-12-15 15시41분50초	1765780910283]	0ms

[2025-12-15 15시41분50초	1765780910284]	ShopController..
[2025-12-15 15시41분50초	1765780910284]	0ms

[2025-12-15 15시41분50초	1765780910285]	WarehouseDatabase..
[2025-12-15 15시41분50초	1765780910286]	1ms

[2025-12-15 15시41분50초	1765780910286]	PakTools..
[2025-12-15 15시41분50초	1765780910288]	2ms

[2025-12-15 15시41분50초	1765780910289]	ScriptController...
[2025-12-15 15시41분50초	1765780910292]	3ms

[2025-12-15 15시41분50초	1765780910292]	GiranClanLordController..
[2025-12-15 15시41분50초	1765780910292]	0ms

[2025-12-15 15시41분50초	1765780910294]	TeamBattleController..
[2025-12-15 15시41분50초	1765780910294]	0ms

[2025-12-15 15시41분50초	1765780910295]	WorldClearController..
[2025-12-15 15시41분50초	1765780910295]	0ms

[2025-12-15 15시41분50초	1765780910296]	SpotController..
[2025-12-15 15시41분50초	1765780910297]	1ms

[2025-12-15 15시41분50초	1765780910298]	테베라스 컨트롤러..
[2025-12-15 15시41분50초	1765780910302]	4ms

[2025-12-15 15시41분50초	1765780910303]	지옥 컨트롤러..
[2025-12-15 15시41분50초	1765780910303]	0ms

[2025-12-15 15시41분50초	1765780910303]	지하수로 컨트롤러..
[2025-12-15 15시41분50초	1765780910303]	0ms

[2025-12-15 15시41분50초	1765780910304]	보물찾기컨트롤러..
[2025-12-15 15시41분50초	1765780910304]	0ms

[2025-12-15 15시41분50초	1765780910305]	마족신전 컨트롤러..
[2025-12-15 15시41분50초	1765780910305]	0ms

[2025-12-15 15시41분50초	1765780910305]	고무 컨트롤러..
[2025-12-15 15시41분50초	1765780910305]	0ms

[2025-12-15 15시41분50초	1765780910306]	정무던전 컨트롤러..
[2025-12-15 15시41분50초	1765780910306]	0ms

[2025-12-15 15시41분50초	1765780910307]	그신 컨트롤러..
[2025-12-15 15시41분50초	1765780910307]	0ms

[2025-12-15 15시41분50초	1765780910307]	라바던전 컨트롤러..
[2025-12-15 15시41분50초	1765780910308]	1ms

[2025-12-15 15시41분50초	1765780910308]	월드보스컨트롤러..
[2025-12-15 15시41분50초	1765780910308]	0ms

[2025-12-15 15시41분50초	1765780910309]	펭귄 사냥터 컨트롤러..
[2025-12-15 15시41분50초	1765780910309]	0ms

[2025-12-15 15시41분50초	1765780910309]	칠흑던전 컨트롤러..
[2025-12-15 15시41분50초	1765780910310]	1ms

[2025-12-15 15시41분50초	1765780910310]	악마왕의영토컨트롤러..
[2025-12-15 15시41분50초	1765780910310]	0ms

[2025-12-15 15시41분50초	1765780910311]	얼던컨트롤러..
[2025-12-15 15시41분50초	1765780910311]	0ms

[2025-12-15 15시41분50초	1765780910312]	기감 컨트롤러..
[2025-12-15 15시41분50초	1765780910312]	0ms

[2025-12-15 15시41분50초	1765780910313]	고라스컨트롤러..
[2025-12-15 15시41분50초	1765780910313]	0ms

[2025-12-15 15시41분50초	1765780910313]	드워프컨트롤러..
[2025-12-15 15시41분50초	1765780910314]	1ms

[2025-12-15 15시41분50초	1765780910314]	타임이벤트컨트롤러..
[2025-12-15 15시41분50초	1765780910314]	0ms

[2025-12-15 15시41분50초	1765780910315]	AutoHuntController..
[2025-12-15 15시41분50초	1765780910315]	0ms

[2025-12-15 15시41분50초	1765780910316]	DatabaseConnection..
[2025-12-15 15시41분50초	1765780910604]	288ms

[2025-12-15 15시41분50초	1765780910625]	ServerDatabase..
[2025-12-15 15시41분50초	1765780910664]	39ms

[2025-12-15 15시41분50초	1765780910668]	SlimeRaceController..
[2025-12-15 15시41분50초	1765780910671]	3ms

[2025-12-15 15시41분50초	1765780910673]	DogRaceController..
[2025-12-15 15시41분50초	1765780910675]	2ms

[2025-12-15 15시41분50초	1765780910678]	ClanController..
[2025-12-15 15시41분50초	1765780910682]	4ms

[2025-12-15 15시41분50초	1765780910686]	KingdomController..
[2025-12-15 15시41분50초	1765780910692]	6ms

[2025-12-15 15시41분50초	1765780910693]	AgitController..
[2025-12-15 15시41분50초	1765780910698]	5ms

[2025-12-15 15시41분50초	1765780910700]	AuctionController..
[2025-12-15 15시41분50초	1765780910705]	5ms

[2025-12-15 15시41분50초	1765780910710]	ItemDatabase..
[2025-12-15 15시41분50초	1765780910848]	138ms

[2025-12-15 15시41분50초	1765780910850]	ItemSetopionDatabase..
[2025-12-15 15시41분50초	1765780910852]	2ms

[2025-12-15 15시41분50초	1765780910853]	AutosellDatabase..
[2025-12-15 15시41분50초	1765780910874]	21ms

[2025-12-15 15시41분50초	1765780910875]	ItemSkillDatabase..
[2025-12-15 15시41분50초	1765780910876]	1ms

[2025-12-15 15시41분50초	1765780910877]	ItemBundleDatabase..
[2025-12-15 15시41분50초	1765780910880]	3ms

[2025-12-15 15시41분50초	1765780910881]	ItemChanceBundleDatabase..
[2025-12-15 15시41분50초	1765780910885]	4ms

[2025-12-15 15시41분50초	1765780910886]	FishItemListDatabase..
[2025-12-15 15시41분50초	1765780910888]	2ms

[2025-12-15 15시41분50초	1765780910889]	ItemTeleport..
[2025-12-15 15시41분50초	1765780910891]	2ms

[2025-12-15 15시41분50초	1765780910892]	PolyDatabase..
[2025-12-15 15시41분50초	1765780910895]	3ms

[2025-12-15 15시41분50초	1765780910896]	DungeonDatabase..
[2025-12-15 15시41분50초	1765780910901]	5ms

[2025-12-15 15시41분50초	1765780910902]	DefiniteDatabase..
[2025-12-15 15시41분50초	1765780910904]	2ms

[2025-12-15 15시41분50초	1765780910905]	ExpDatabase..
[2025-12-15 15시41분50초	1765780910906]	1ms

[2025-12-15 15시41분50초	1765780910906]	BackgroundDatabase..
[2025-12-15 15시41분51초	1765780911047]	141ms

[2025-12-15 15시41분51초	1765780911047]	SpriteFrameDatabase..
[2025-12-15 15시41분51초	1765780911104]	57ms

[2025-12-15 15시41분51초	1765780911106]	SkillDatabase..
[2025-12-15 15시41분51초	1765780911109]	3ms

[2025-12-15 15시41분51초	1765780911110]	NpcDatabase..
[2025-12-15 15시41분51초	1765780911120]	10ms

[2025-12-15 15시41분51초	1765780911121]	NpcShopDatabase..
[2025-12-15 15시41분51초	1765780911209]	88ms

[2025-12-15 15시41분51초	1765780911210]	NpcTeleportDatabase..
[2025-12-15 15시41분51초	1765780911211]	1ms

[2025-12-15 15시41분51초	1765780911416]	NpcSpawnlistDatabase..
[2025-12-15 15시41분51초	1765780911503]	87ms

[2025-12-15 15시41분51초	1765780911505]	EventController..
[2025-12-15 15시41분51초	1765780911505]	0ms

[2025-12-15 15시41분51초	1765780911506]	MonsterDatabase..
[2025-12-15 15시41분51초	1765780911529]	23ms

[2025-12-15 15시41분51초	1765780911530]	MonsterDropDatabase..
[2025-12-15 15시41분51초	1765780911582]	52ms

[2025-12-15 15시41분51초	1765780911583]	MonsterSkillDatabase..
[2025-12-15 15시41분51초	1765780911604]	21ms

[2025-12-15 15시41분51초	1765780911606]	MonsterSpawnlistDatabase..
[2025-12-15 15시41분53초	1765780913233]	1627ms

[2025-12-15 15시41분53초	1765780913234]	MonsterBossSpawnlistDatabase..
[2025-12-15 15시41분53초	1765780913237]	3ms

[2025-12-15 15시41분53초	1765780913238]	ServerDownBossListDatabase..
[2025-12-15 15시41분53초	1765780913238]	0ms

[2025-12-15 15시41분53초	1765780913239]	BadIpDatabase..
[2025-12-15 15시41분53초	1765780913241]	2ms

[2025-12-15 15시41분53초	1765780913241]	QuestController..
[2025-12-15 15시41분53초	1765780913242]	1ms

[2025-12-15 15시41분53초	1765780913243]	ServerOpcodesDatabase..
[2025-12-15 15시41분53초	1765780913247]	4ms

[2025-12-15 15시41분53초	1765780913247]	ServerNoticeDatabase..
[2025-12-15 15시41분53초	1765780913249]	2ms

[2025-12-15 15시41분53초	1765780913250]	RankController..
[2025-12-15 15시41분53초	1765780913266]	16ms

[2025-12-15 15시41분53초	1765780913268]	WantedController..
[2025-12-15 15시41분53초	1765780913270]	2ms

[2025-12-15 15시41분53초	1765780913271]	TeleportHomeDatabase..
[2025-12-15 15시41분53초	1765780913304]	33ms

[2025-12-15 15시41분53초	1765780913304]	TeleportResetDatabase..
[2025-12-15 15시41분53초	1765780913335]	31ms

[2025-12-15 15시41분53초	1765780913336]	ItemPinewandDatabase..
[2025-12-15 15시41분53초	1765780913337]	1ms

[2025-12-15 15시41분53초	1765780913337]	ItemMaplewandDatabase..
[2025-12-15 15시41분53초	1765780913339]	2ms

[2025-12-15 15시41분53초	1765780913340]	SummonListDatabase..
[2025-12-15 15시41분53초	1765780913341]	2ms

[2025-12-15 15시41분53초	1765780913342]	GmListDatabase..
[2025-12-15 15시41분53초	1765780913342]	0ms

[2025-12-15 15시41분53초	1765780913343]	MagicdollListDatabase..
[2025-12-15 15시41분53초	1765780913345]	2ms

[2025-12-15 15시41분53초	1765780913348]	PcMarketController..
[2025-12-15 15시41분53초	1765780913349]	1ms

[2025-12-15 15시41분53초	1765780913350]	ServerOptionDatabase..
[2025-12-15 15시41분53초	1765780913350]	0ms

[2025-12-15 15시41분53초	1765780913351]	TimeDungeonDatabase..
[2025-12-15 15시41분53초	1765780913352]	1ms

[2025-12-15 15시41분53초	1765780913352]	TeamBattleDatabase..
[2025-12-15 15시41분53초	1765780913353]	1ms

[2025-12-15 15시41분53초	1765780913354]	LifeLostItemDatabase..
[2025-12-15 15시41분53초	1765780913356]	2ms

[2025-12-15 15시41분53초	1765780913356]	GmTeleportDatabase..
[2025-12-15 15시41분53초	1765780913357]	1ms

[2025-12-15 15시41분53초	1765780913359]	무인혈맹컨트롤러..
[2025-12-15 15시41분53초	1765780913360]	1ms

[2025-12-15 15시41분53초	1765780913361]	HackNoCheckDatabase..
[2025-12-15 15시41분53초	1765780913362]	1ms

[2025-12-15 15시41분53초	1765780913363]	EnchantLostItemDatabase..
[2025-12-15 15시41분53초	1765780913371]	8ms

[2025-12-15 15시41분53초	1765780913372]	ItemDropMessageDatabase..
[2025-12-15 15시41분53초	1765780913373]	1ms

[2025-12-15 15시41분53초	1765780913375]	FishingController..
[2025-12-15 15시41분53초	1765780913387]	12ms

[2025-12-15 15시41분53초	1765780913397]	RobotController..
[2025-12-15 15시41분53초	1765780913420]	23ms

[2025-12-15 15시41분53초	1765780913422]	Server..
[2025-12-15 15시41분53초	1765780913501]	79ms

[2025-12-15 15시41분53초	1765780913502]	ServerThread..
[2025-12-15 15시41분53초	1765780913503]	1ms

[2025-12-15 15시41분53초	1765780913504]	ControllerTherad..
[2025-12-15 15시41분53초	1765780913504]	0ms

[2025-12-15 15시41분53초	1765780913505]	CharacterThread..
[2025-12-15 15시41분53초	1765780913505]	0ms

[2025-12-15 15시41분53초	1765780913506]	DatabaseThread..
[2025-12-15 15시41분53초	1765780913506]	0ms

[2025-12-15 15시41분53초	1765780913507]	CharacterControlThread..
[2025-12-15 15시41분53초	1765780913507]	0ms

[2025-12-15 15시41분53초	1765780913512]	FightController..
[2025-12-15 15시41분53초	1765780913598]	86ms

[2025-12-15 15시41분53초	1765780913599]	TimeThread..
[2025-12-15 15시41분53초	1765780913599]	0ms

[2025-12-15 15시41분53초	1765780913605]	AutoHuntThread..
[2025-12-15 15시41분53초	1765780913605]	0ms

[2025-12-15 15시41분53초	1765780913605]	======================================================================
[2025-12-15 15시41분53초	1765780913608]	Server Version  :  Lineage 2.0

[2025-12-15 15시41분53초	1765780913611]	Server Port      :  2000

[2025-12-15 15시41분53초	1765780913611]	계정 자동생성  :  on

[2025-12-15 15시41분53초	1765780913611]	인챈트 : 1.0배  ||  드랍 : 1.0배  ||  경험치 : 30.0배  ||  아데나 : 200.0배  ||  파티 : 1.1배

[2025-12-15 15시41분53초	1765780913611]	======================================================================
[2025-12-15 15시41분53초	1765780913611]	'서버' 가동되었습니다.

[2025-12-15 15시44분54초	1765781094199]	자동 저장완료 2025-12-15 15시44분54초
[2025-12-15 15시47분54초	1765781274804]	자동 저장완료 2025-12-15 15시47분54초
[2025-12-15 15시50분55초	1765781455655]	자동 저장완료 2025-12-15 15시50분55초
[2025-12-15 15시53분56초	1765781636264]	자동 저장완료 2025-12-15 15시53분56초
[2025-12-15 15시56분09초	1765781769184]	서버가 즉시 종료됩니다...
[2025-12-15 15시56분10초	1765781770185]	Thread close..
[2025-12-15 15시56분11초	1765781771185]	Save Database..
[2025-12-15 15시56분11초	1765781771727]	Socket close..
[2025-12-15 15시56분11초	1765781771727]	LineageServer Close...
[2025-12-15 15시56분11초	1765781771727]	0ms

[2025-12-15 15시56분11초	1765781771727]	ok..
