[2025-12-22 13시37분00초	1766378220941]	Mysql..
[2025-12-22 13시37분00초	1766378220941]	1ms

[2025-12-22 13시37분00초	1766378220956]	lineage.conf file loading...
[2025-12-22 13시37분00초	1766378220978]	22ms

[2025-12-22 13시37분00초	1766378220982]	Lineage_Balance..
[2025-12-22 13시37분00초	1766378220989]	7ms

[2025-12-22 13시37분00초	1766378220989]	npc_promotion..
[2025-12-22 13시37분00초	1766378220990]	1ms

[2025-12-22 13시37분00초	1766378220990]	Socket..
[2025-12-22 13시37분00초	1766378220991]	1ms

[2025-12-22 13시37분00초	1766378220991]	Common..
[2025-12-22 13시37분00초	1766378220991]	0ms

[2025-12-22 13시37분00초	1766378220991]	EventThread..
[2025-12-22 13시37분00초	1766378220991]	0ms

[2025-12-22 13시37분00초	1766378220992]	AiExecuteThread..
[2025-12-22 13시37분00초	1766378220992]	0ms

[2025-12-22 13시37분00초	1766378220992]	AiThread..
[2025-12-22 13시37분00초	1766378220992]	0ms

[2025-12-22 13시37분00초	1766378220994]	World..
[2025-12-22 13시37분01초	1766378221060]	66ms

[2025-12-22 13시37분01초	1766378221061]	BookController..
[2025-12-22 13시37분01초	1766378221061]	0ms

[2025-12-22 13시37분01초	1766378221061]	InventoryController..
[2025-12-22 13시37분01초	1766378221061]	0ms

[2025-12-22 13시37분01초	1766378221061]	BasePacketPooling..
[2025-12-22 13시37분01초	1766378221061]	0ms

[2025-12-22 13시37분01초	1766378221063]	SkillController..
[2025-12-22 13시37분01초	1766378221063]	0ms

[2025-12-22 13시37분01초	1766378221065]	DamageController..
[2025-12-22 13시37분01초	1766378221065]	0ms

[2025-12-22 13시37분01초	1766378221066]	CharacterController..
[2025-12-22 13시37분01초	1766378221066]	0ms

[2025-12-22 13시37분01초	1766378221069]	TradeController..
[2025-12-22 13시37분01초	1766378221069]	0ms

[2025-12-22 13시37분01초	1766378221070]	DungeonController..
[2025-12-22 13시37분01초	1766378221070]	0ms

[2025-12-22 13시37분01초	1766378221074]	ShipController..
[2025-12-22 13시37분01초	1766378221074]	0ms

[2025-12-22 13시37분01초	1766378221075]	BuffController..
[2025-12-22 13시37분01초	1766378221075]	0ms

[2025-12-22 13시37분01초	1766378221076]	SummonController..
[2025-12-22 13시37분01초	1766378221076]	0ms

[2025-12-22 13시37분01초	1766378221077]	PartyController..
[2025-12-22 13시37분01초	1766378221077]	0ms

[2025-12-22 13시37분01초	1766378221077]	InnController..
[2025-12-22 13시37분01초	1766378221077]	0ms

[2025-12-22 13시37분01초	1766378221078]	BoardController..
[2025-12-22 13시37분01초	1766378221078]	0ms

[2025-12-22 13시37분01초	1766378221078]	LetterController..
[2025-12-22 13시37분01초	1766378221078]	0ms

[2025-12-22 13시37분01초	1766378221079]	UserShopController..
[2025-12-22 13시37분01초	1766378221079]	0ms

[2025-12-22 13시37분01초	1766378221079]	ChattingController..
[2025-12-22 13시37분01초	1766378221080]	1ms

[2025-12-22 13시37분01초	1766378221081]	ColosseumController..
[2025-12-22 13시37분01초	1766378221081]	0ms

[2025-12-22 13시37분01초	1766378221082]	CraftController..
[2025-12-22 13시37분01초	1766378221082]	0ms

[2025-12-22 13시37분01초	1766378221082]	BossController..
[2025-12-22 13시37분01초	1766378221082]	0ms

[2025-12-22 13시37분01초	1766378221083]	NoticeController..
[2025-12-22 13시37분01초	1766378221083]	0ms

[2025-12-22 13시37분01초	1766378221083]	FriendController..
[2025-12-22 13시37분01초	1766378221083]	0ms

[2025-12-22 13시37분01초	1766378221083]	BugScanningController..
[2025-12-22 13시37분01초	1766378221084]	0ms

[2025-12-22 13시37분01초	1766378221084]	MagicDollController..
[2025-12-22 13시37분01초	1766378221084]	0ms

[2025-12-22 13시37분01초	1766378221084]	ShopController..
[2025-12-22 13시37분01초	1766378221084]	0ms

[2025-12-22 13시37분01초	1766378221085]	WarehouseDatabase..
[2025-12-22 13시37분01초	1766378221085]	0ms

[2025-12-22 13시37분01초	1766378221085]	PakTools..
[2025-12-22 13시37분01초	1766378221086]	1ms

[2025-12-22 13시37분01초	1766378221087]	ScriptController...
[2025-12-22 13시37분01초	1766378221089]	2ms

[2025-12-22 13시37분01초	1766378221089]	GiranClanLordController..
[2025-12-22 13시37분01초	1766378221089]	0ms

[2025-12-22 13시37분01초	1766378221090]	TeamBattleController..
[2025-12-22 13시37분01초	1766378221090]	0ms

[2025-12-22 13시37분01초	1766378221091]	WorldClearController..
[2025-12-22 13시37분01초	1766378221091]	0ms

[2025-12-22 13시37분01초	1766378221091]	SpotController..
[2025-12-22 13시37분01초	1766378221091]	0ms

[2025-12-22 13시37분01초	1766378221091]	테베라스 컨트롤러..
[2025-12-22 13시37분01초	1766378221092]	1ms

[2025-12-22 13시37분01초	1766378221092]	지옥 컨트롤러..
[2025-12-22 13시37분01초	1766378221092]	0ms

[2025-12-22 13시37분01초	1766378221092]	지하수로 컨트롤러..
[2025-12-22 13시37분01초	1766378221092]	0ms

[2025-12-22 13시37분01초	1766378221093]	보물찾기컨트롤러..
[2025-12-22 13시37분01초	1766378221093]	0ms

[2025-12-22 13시37분01초	1766378221093]	마족신전 컨트롤러..
[2025-12-22 13시37분01초	1766378221093]	0ms

[2025-12-22 13시37분01초	1766378221093]	고무 컨트롤러..
[2025-12-22 13시37분01초	1766378221096]	3ms

[2025-12-22 13시37분01초	1766378221097]	정무던전 컨트롤러..
[2025-12-22 13시37분01초	1766378221097]	0ms

[2025-12-22 13시37분01초	1766378221097]	그신 컨트롤러..
[2025-12-22 13시37분01초	1766378221097]	0ms

[2025-12-22 13시37분01초	1766378221097]	라바던전 컨트롤러..
[2025-12-22 13시37분01초	1766378221098]	1ms

[2025-12-22 13시37분01초	1766378221098]	월드보스컨트롤러..
[2025-12-22 13시37분01초	1766378221098]	0ms

[2025-12-22 13시37분01초	1766378221098]	펭귄 사냥터 컨트롤러..
[2025-12-22 13시37분01초	1766378221098]	0ms

[2025-12-22 13시37분01초	1766378221098]	칠흑던전 컨트롤러..
[2025-12-22 13시37분01초	1766378221099]	1ms

[2025-12-22 13시37분01초	1766378221099]	악마왕의영토컨트롤러..
[2025-12-22 13시37분01초	1766378221099]	0ms

[2025-12-22 13시37분01초	1766378221099]	얼던컨트롤러..
[2025-12-22 13시37분01초	1766378221099]	0ms

[2025-12-22 13시37분01초	1766378221099]	기감 컨트롤러..
[2025-12-22 13시37분01초	1766378221100]	1ms

[2025-12-22 13시37분01초	1766378221100]	고라스컨트롤러..
[2025-12-22 13시37분01초	1766378221100]	0ms

[2025-12-22 13시37분01초	1766378221100]	드워프컨트롤러..
[2025-12-22 13시37분01초	1766378221100]	0ms

[2025-12-22 13시37분01초	1766378221101]	타임이벤트컨트롤러..
[2025-12-22 13시37분01초	1766378221101]	1ms

[2025-12-22 13시37분01초	1766378221101]	AutoHuntController..
[2025-12-22 13시37분01초	1766378221101]	0ms

[2025-12-22 13시37분01초	1766378221101]	DatabaseConnection..
[2025-12-22 13시37분01초	1766378221303]	202ms

[2025-12-22 13시37분01초	1766378221315]	ServerDatabase..
[2025-12-22 13시37분01초	1766378221343]	28ms

[2025-12-22 13시37분01초	1766378221344]	SlimeRaceController..
[2025-12-22 13시37분01초	1766378221345]	1ms

[2025-12-22 13시37분01초	1766378221353]	DogRaceController..
[2025-12-22 13시37분01초	1766378221354]	1ms

[2025-12-22 13시37분01초	1766378221356]	ClanController..
[2025-12-22 13시37분01초	1766378221360]	4ms

[2025-12-22 13시37분01초	1766378221361]	KingdomController..
[2025-12-22 13시37분01초	1766378221365]	4ms

[2025-12-22 13시37분01초	1766378221366]	AgitController..
[2025-12-22 13시37분01초	1766378221370]	4ms

[2025-12-22 13시37분01초	1766378221370]	AuctionController..
[2025-12-22 13시37분01초	1766378221375]	5ms

[2025-12-22 13시37분01초	1766378221377]	ItemDatabase..
[2025-12-22 13시37분01초	1766378221438]	61ms

[2025-12-22 13시37분01초	1766378221468]	ItemSetopionDatabase..
[2025-12-22 13시37분01초	1766378221470]	2ms

[2025-12-22 13시37분01초	1766378221471]	AutosellDatabase..
[2025-12-22 13시37분01초	1766378221488]	17ms

[2025-12-22 13시37분01초	1766378221489]	ItemSkillDatabase..
[2025-12-22 13시37분01초	1766378221490]	1ms

[2025-12-22 13시37분01초	1766378221491]	ItemBundleDatabase..
[2025-12-22 13시37분01초	1766378221493]	2ms

[2025-12-22 13시37분01초	1766378221493]	ItemChanceBundleDatabase..
[2025-12-22 13시37분01초	1766378221496]	3ms

[2025-12-22 13시37분01초	1766378221496]	FishItemListDatabase..
[2025-12-22 13시37분01초	1766378221497]	1ms

[2025-12-22 13시37분01초	1766378221498]	ItemTeleport..
[2025-12-22 13시37분01초	1766378221499]	1ms

[2025-12-22 13시37분01초	1766378221500]	PolyDatabase..
[2025-12-22 13시37분01초	1766378221508]	8ms

[2025-12-22 13시37분01초	1766378221508]	DungeonDatabase..
[2025-12-22 13시37분01초	1766378221511]	3ms

[2025-12-22 13시37분01초	1766378221511]	DefiniteDatabase..
[2025-12-22 13시37분01초	1766378221512]	1ms

[2025-12-22 13시37분01초	1766378221513]	ExpDatabase..
[2025-12-22 13시37분01초	1766378221514]	0ms

[2025-12-22 13시37분01초	1766378221514]	BackgroundDatabase..
[2025-12-22 13시37분01초	1766378221631]	117ms

[2025-12-22 13시37분01초	1766378221631]	SpriteFrameDatabase..
[2025-12-22 13시37분01초	1766378221705]	74ms

[2025-12-22 13시37분01초	1766378221706]	SkillDatabase..
[2025-12-22 13시37분01초	1766378221708]	2ms

[2025-12-22 13시37분01초	1766378221708]	NpcDatabase..
[2025-12-22 13시37분01초	1766378221712]	4ms

[2025-12-22 13시37분01초	1766378221713]	NpcShopDatabase..
[2025-12-22 13시37분01초	1766378221774]	61ms

[2025-12-22 13시37분01초	1766378221775]	NpcTeleportDatabase..
[2025-12-22 13시37분01초	1766378221776]	0ms

[2025-12-22 13시37분01초	1766378221831]	NpcSpawnlistDatabase..
[2025-12-22 13시37분01초	1766378221889]	58ms

[2025-12-22 13시37분01초	1766378221890]	EventController..
[2025-12-22 13시37분01초	1766378221890]	0ms

[2025-12-22 13시37분01초	1766378221891]	MonsterDatabase..
[2025-12-22 13시37분01초	1766378221900]	9ms

[2025-12-22 13시37분01초	1766378221903]	MonsterDropDatabase..
[2025-12-22 13시37분01초	1766378221928]	25ms

[2025-12-22 13시37분01초	1766378221928]	MonsterSkillDatabase..
[2025-12-22 13시37분01초	1766378221938]	10ms

[2025-12-22 13시37분01초	1766378221939]	MonsterSpawnlistDatabase..
[2025-12-22 13시37분02초	1766378222817]	878ms

[2025-12-22 13시37분02초	1766378222818]	MonsterBossSpawnlistDatabase..
[2025-12-22 13시37분02초	1766378222819]	1ms

[2025-12-22 13시37분02초	1766378222820]	ServerDownBossListDatabase..
[2025-12-22 13시37분02초	1766378222820]	0ms

[2025-12-22 13시37분02초	1766378222820]	BadIpDatabase..
[2025-12-22 13시37분02초	1766378222821]	1ms

[2025-12-22 13시37분02초	1766378222821]	QuestController..
[2025-12-22 13시37분02초	1766378222822]	1ms

[2025-12-22 13시37분02초	1766378222822]	ServerOpcodesDatabase..
[2025-12-22 13시37분02초	1766378222824]	2ms

[2025-12-22 13시37분02초	1766378222824]	ServerNoticeDatabase..
[2025-12-22 13시37분02초	1766378222825]	1ms

[2025-12-22 13시37분02초	1766378222825]	RankController..
[2025-12-22 13시37분02초	1766378222833]	8ms

[2025-12-22 13시37분02초	1766378222834]	WantedController..
[2025-12-22 13시37분02초	1766378222834]	0ms

[2025-12-22 13시37분02초	1766378222834]	TeleportHomeDatabase..
[2025-12-22 13시37분02초	1766378222840]	6ms

[2025-12-22 13시37분02초	1766378222840]	TeleportResetDatabase..
[2025-12-22 13시37분02초	1766378222845]	5ms

[2025-12-22 13시37분02초	1766378222846]	ItemPinewandDatabase..
[2025-12-22 13시37분02초	1766378222851]	5ms

[2025-12-22 13시37분02초	1766378222851]	ItemMaplewandDatabase..
[2025-12-22 13시37분02초	1766378222852]	1ms

[2025-12-22 13시37분02초	1766378222853]	SummonListDatabase..
[2025-12-22 13시37분02초	1766378222853]	0ms

[2025-12-22 13시37분02초	1766378222854]	GmListDatabase..
[2025-12-22 13시37분02초	1766378222854]	0ms

[2025-12-22 13시37분02초	1766378222855]	MagicdollListDatabase..
[2025-12-22 13시37분02초	1766378222856]	1ms

[2025-12-22 13시37분02초	1766378222858]	PcMarketController..
[2025-12-22 13시37분02초	1766378222859]	1ms

[2025-12-22 13시37분02초	1766378222859]	ServerOptionDatabase..
[2025-12-22 13시37분02초	1766378222859]	0ms

[2025-12-22 13시37분02초	1766378222860]	TimeDungeonDatabase..
[2025-12-22 13시37분02초	1766378222860]	0ms

[2025-12-22 13시37분02초	1766378222860]	TeamBattleDatabase..
[2025-12-22 13시37분02초	1766378222861]	1ms

[2025-12-22 13시37분02초	1766378222862]	LifeLostItemDatabase..
[2025-12-22 13시37분02초	1766378222863]	1ms

[2025-12-22 13시37분02초	1766378222863]	GmTeleportDatabase..
[2025-12-22 13시37분02초	1766378222864]	1ms

[2025-12-22 13시37분02초	1766378222865]	무인혈맹컨트롤러..
[2025-12-22 13시37분02초	1766378222866]	1ms

[2025-12-22 13시37분02초	1766378222866]	HackNoCheckDatabase..
[2025-12-22 13시37분02초	1766378222866]	0ms

[2025-12-22 13시37분02초	1766378222867]	EnchantLostItemDatabase..
[2025-12-22 13시37분02초	1766378222868]	1ms

[2025-12-22 13시37분02초	1766378222868]	ItemDropMessageDatabase..
[2025-12-22 13시37분02초	1766378222869]	1ms

[2025-12-22 13시37분02초	1766378222870]	FishingController..
[2025-12-22 13시37분02초	1766378222880]	10ms

[2025-12-22 13시37분02초	1766378222885]	RobotController..
[2025-12-22 13시37분02초	1766378222973]	88ms

[2025-12-22 13시37분02초	1766378222975]	Server..
[2025-12-22 13시37분03초	1766378223022]	47ms

[2025-12-22 13시37분03초	1766378223022]	ServerThread..
[2025-12-22 13시37분03초	1766378223022]	0ms

[2025-12-22 13시37분03초	1766378223022]	ControllerTherad..
[2025-12-22 13시37분03초	1766378223023]	1ms

[2025-12-22 13시37분03초	1766378223023]	CharacterThread..
[2025-12-22 13시37분03초	1766378223023]	0ms

[2025-12-22 13시37분03초	1766378223023]	DatabaseThread..
[2025-12-22 13시37분03초	1766378223024]	1ms

[2025-12-22 13시37분03초	1766378223025]	CharacterControlThread..
[2025-12-22 13시37분03초	1766378223025]	0ms

[2025-12-22 13시37분03초	1766378223029]	FightController..
[2025-12-22 13시37분03초	1766378223068]	38ms

[2025-12-22 13시37분03초	1766378223068]	TimeThread..
[2025-12-22 13시37분03초	1766378223068]	0ms

[2025-12-22 13시37분03초	1766378223068]	AutoHuntThread..
[2025-12-22 13시37분03초	1766378223069]	1ms

[2025-12-22 13시37분03초	1766378223069]	======================================================================
[2025-12-22 13시37분03초	1766378223070]	Server Version  :  Lineage 2.0

[2025-12-22 13시37분03초	1766378223070]	Server Port      :  2000

[2025-12-22 13시37분03초	1766378223070]	계정 자동생성  :  on

[2025-12-22 13시37분03초	1766378223070]	인챈트 : 1.0배  ||  드랍 : 1.0배  ||  경험치 : 30.0배  ||  아데나 : 200.0배  ||  파티 : 1.1배

[2025-12-22 13시37분03초	1766378223070]	======================================================================
[2025-12-22 13시37분03초	1766378223070]	'서버' 가동되었습니다.

[2025-12-22 13시37분35초	1766378255554]	서버가 즉시 종료됩니다...
[2025-12-22 13시37분36초	1766378256554]	Thread close..
[2025-12-22 13시37분37초	1766378257554]	Save Database..
[2025-12-22 13시37분38초	1766378258098]	Socket close..
[2025-12-22 13시37분38초	1766378258098]	LineageServer Close...
[2025-12-22 13시37분38초	1766378258098]	0ms

[2025-12-22 13시37분38초	1766378258098]	ok..
