[2025-12-15 15시08분44초	1765778924131]	Mysql..
[2025-12-15 15시08분44초	1765778924132]	2ms

[2025-12-15 15시08분44초	1765778924148]	lineage.conf file loading...
[2025-12-15 15시08분44초	1765778924180]	32ms

[2025-12-15 15시08분44초	1765778924187]	Lineage_Balance..
[2025-12-15 15시08분44초	1765778924196]	8ms

[2025-12-15 15시08분44초	1765778924196]	npc_promotion..
[2025-12-15 15시08분44초	1765778924197]	1ms

[2025-12-15 15시08분44초	1765778924197]	Socket..
[2025-12-15 15시08분44초	1765778924198]	1ms

[2025-12-15 15시08분44초	1765778924198]	Common..
[2025-12-15 15시08분44초	1765778924198]	0ms

[2025-12-15 15시08분44초	1765778924199]	EventThread..
[2025-12-15 15시08분44초	1765778924199]	0ms

[2025-12-15 15시08분44초	1765778924200]	AiExecuteThread..
[2025-12-15 15시08분44초	1765778924200]	0ms

[2025-12-15 15시08분44초	1765778924200]	AiThread..
[2025-12-15 15시08분44초	1765778924201]	1ms

[2025-12-15 15시08분44초	1765778924204]	World..
[2025-12-15 15시08분44초	1765778924281]	77ms

[2025-12-15 15시08분44초	1765778924283]	BookController..
[2025-12-15 15시08분44초	1765778924283]	0ms

[2025-12-15 15시08분44초	1765778924284]	InventoryController..
[2025-12-15 15시08분44초	1765778924284]	0ms

[2025-12-15 15시08분44초	1765778924285]	BasePacketPooling..
[2025-12-15 15시08분44초	1765778924285]	0ms

[2025-12-15 15시08분44초	1765778924287]	SkillController..
[2025-12-15 15시08분44초	1765778924287]	0ms

[2025-12-15 15시08분44초	1765778924299]	DamageController..
[2025-12-15 15시08분44초	1765778924299]	0ms

[2025-12-15 15시08분44초	1765778924301]	CharacterController..
[2025-12-15 15시08분44초	1765778924301]	0ms

[2025-12-15 15시08분44초	1765778924302]	TradeController..
[2025-12-15 15시08분44초	1765778924302]	0ms

[2025-12-15 15시08분44초	1765778924303]	DungeonController..
[2025-12-15 15시08분44초	1765778924303]	0ms

[2025-12-15 15시08분44초	1765778924303]	ShipController..
[2025-12-15 15시08분44초	1765778924304]	1ms

[2025-12-15 15시08분44초	1765778924304]	BuffController..
[2025-12-15 15시08분44초	1765778924304]	0ms

[2025-12-15 15시08분44초	1765778924308]	SummonController..
[2025-12-15 15시08분44초	1765778924308]	0ms

[2025-12-15 15시08분44초	1765778924309]	PartyController..
[2025-12-15 15시08분44초	1765778924309]	0ms

[2025-12-15 15시08분44초	1765778924310]	InnController..
[2025-12-15 15시08분44초	1765778924310]	0ms

[2025-12-15 15시08분44초	1765778924311]	BoardController..
[2025-12-15 15시08분44초	1765778924311]	0ms

[2025-12-15 15시08분44초	1765778924313]	LetterController..
[2025-12-15 15시08분44초	1765778924313]	0ms

[2025-12-15 15시08분44초	1765778924314]	UserShopController..
[2025-12-15 15시08분44초	1765778924314]	0ms

[2025-12-15 15시08분44초	1765778924316]	ChattingController..
[2025-12-15 15시08분44초	1765778924320]	4ms

[2025-12-15 15시08분44초	1765778924329]	ColosseumController..
[2025-12-15 15시08분44초	1765778924329]	0ms

[2025-12-15 15시08분44초	1765778924330]	CraftController..
[2025-12-15 15시08분44초	1765778924330]	0ms

[2025-12-15 15시08분44초	1765778924331]	BossController..
[2025-12-15 15시08분44초	1765778924331]	0ms

[2025-12-15 15시08분44초	1765778924332]	NoticeController..
[2025-12-15 15시08분44초	1765778924332]	0ms

[2025-12-15 15시08분44초	1765778924333]	FriendController..
[2025-12-15 15시08분44초	1765778924333]	0ms

[2025-12-15 15시08분44초	1765778924334]	BugScanningController..
[2025-12-15 15시08분44초	1765778924334]	0ms

[2025-12-15 15시08분44초	1765778924342]	MagicDollController..
[2025-12-15 15시08분44초	1765778924342]	0ms

[2025-12-15 15시08분44초	1765778924343]	ShopController..
[2025-12-15 15시08분44초	1765778924343]	0ms

[2025-12-15 15시08분44초	1765778924344]	WarehouseDatabase..
[2025-12-15 15시08분44초	1765778924344]	0ms

[2025-12-15 15시08분44초	1765778924345]	PakTools..
[2025-12-15 15시08분44초	1765778924346]	1ms

[2025-12-15 15시08분44초	1765778924347]	ScriptController...
[2025-12-15 15시08분44초	1765778924353]	6ms

[2025-12-15 15시08분44초	1765778924353]	GiranClanLordController..
[2025-12-15 15시08분44초	1765778924354]	1ms

[2025-12-15 15시08분44초	1765778924355]	TeamBattleController..
[2025-12-15 15시08분44초	1765778924355]	0ms

[2025-12-15 15시08분44초	1765778924356]	WorldClearController..
[2025-12-15 15시08분44초	1765778924356]	0ms

[2025-12-15 15시08분44초	1765778924356]	SpotController..
[2025-12-15 15시08분44초	1765778924356]	0ms

[2025-12-15 15시08분44초	1765778924357]	테베라스 컨트롤러..
[2025-12-15 15시08분44초	1765778924361]	4ms

[2025-12-15 15시08분44초	1765778924362]	지옥 컨트롤러..
[2025-12-15 15시08분44초	1765778924362]	0ms

[2025-12-15 15시08분44초	1765778924362]	지하수로 컨트롤러..
[2025-12-15 15시08분44초	1765778924362]	0ms

[2025-12-15 15시08분44초	1765778924363]	보물찾기컨트롤러..
[2025-12-15 15시08분44초	1765778924363]	0ms

[2025-12-15 15시08분44초	1765778924364]	마족신전 컨트롤러..
[2025-12-15 15시08분44초	1765778924364]	0ms

[2025-12-15 15시08분44초	1765778924364]	고무 컨트롤러..
[2025-12-15 15시08분44초	1765778924365]	1ms

[2025-12-15 15시08분44초	1765778924365]	정무던전 컨트롤러..
[2025-12-15 15시08분44초	1765778924365]	0ms

[2025-12-15 15시08분44초	1765778924366]	그신 컨트롤러..
[2025-12-15 15시08분44초	1765778924366]	0ms

[2025-12-15 15시08분44초	1765778924367]	라바던전 컨트롤러..
[2025-12-15 15시08분44초	1765778924367]	0ms

[2025-12-15 15시08분44초	1765778924368]	월드보스컨트롤러..
[2025-12-15 15시08분44초	1765778924368]	0ms

[2025-12-15 15시08분44초	1765778924368]	펭귄 사냥터 컨트롤러..
[2025-12-15 15시08분44초	1765778924368]	0ms

[2025-12-15 15시08분44초	1765778924369]	칠흑던전 컨트롤러..
[2025-12-15 15시08분44초	1765778924369]	0ms

[2025-12-15 15시08분44초	1765778924370]	악마왕의영토컨트롤러..
[2025-12-15 15시08분44초	1765778924370]	0ms

[2025-12-15 15시08분44초	1765778924371]	얼던컨트롤러..
[2025-12-15 15시08분44초	1765778924371]	1ms

[2025-12-15 15시08분44초	1765778924371]	기감 컨트롤러..
[2025-12-15 15시08분44초	1765778924371]	0ms

[2025-12-15 15시08분44초	1765778924372]	고라스컨트롤러..
[2025-12-15 15시08분44초	1765778924372]	0ms

[2025-12-15 15시08분44초	1765778924373]	드워프컨트롤러..
[2025-12-15 15시08분44초	1765778924373]	0ms

[2025-12-15 15시08분44초	1765778924373]	타임이벤트컨트롤러..
[2025-12-15 15시08분44초	1765778924374]	1ms

[2025-12-15 15시08분44초	1765778924374]	AutoHuntController..
[2025-12-15 15시08분44초	1765778924374]	0ms

[2025-12-15 15시08분44초	1765778924375]	DatabaseConnection..
[2025-12-15 15시08분44초	1765778924698]	323ms

[2025-12-15 15시08분44초	1765778924713]	ServerDatabase..
[2025-12-15 15시08분44초	1765778924752]	39ms

[2025-12-15 15시08분44초	1765778924755]	SlimeRaceController..
[2025-12-15 15시08분44초	1765778924760]	5ms

[2025-12-15 15시08분44초	1765778924762]	DogRaceController..
[2025-12-15 15시08분44초	1765778924764]	2ms

[2025-12-15 15시08분44초	1765778924767]	ClanController..
[2025-12-15 15시08분44초	1765778924776]	8ms

[2025-12-15 15시08분44초	1765778924778]	KingdomController..
[2025-12-15 15시08분44초	1765778924789]	11ms

[2025-12-15 15시08분44초	1765778924790]	AgitController..
[2025-12-15 15시08분44초	1765778924798]	8ms

[2025-12-15 15시08분44초	1765778924800]	AuctionController..
[2025-12-15 15시08분44초	1765778924811]	11ms

[2025-12-15 15시08분44초	1765778924817]	ItemDatabase..
[2025-12-15 15시08분44초	1765778924910]	93ms

[2025-12-15 15시08분44초	1765778924911]	ItemSetopionDatabase..
[2025-12-15 15시08분44초	1765778924917]	6ms

[2025-12-15 15시08분44초	1765778924918]	AutosellDatabase..
[2025-12-15 15시08분44초	1765778924955]	37ms

[2025-12-15 15시08분44초	1765778924956]	ItemSkillDatabase..
[2025-12-15 15시08분44초	1765778924961]	5ms

[2025-12-15 15시08분44초	1765778924961]	ItemBundleDatabase..
[2025-12-15 15시08분44초	1765778924970]	9ms

[2025-12-15 15시08분44초	1765778924971]	ItemChanceBundleDatabase..
[2025-12-15 15시08분44초	1765778924979]	8ms

[2025-12-15 15시08분44초	1765778924980]	FishItemListDatabase..
[2025-12-15 15시08분44초	1765778924985]	5ms

[2025-12-15 15시08분44초	1765778924986]	ItemTeleport..
[2025-12-15 15시08분44초	1765778924992]	6ms

[2025-12-15 15시08분44초	1765778924994]	PolyDatabase..
[2025-12-15 15시08분45초	1765778925002]	7ms

[2025-12-15 15시08분45초	1765778925002]	DungeonDatabase..
[2025-12-15 15시08분45초	1765778925013]	11ms

[2025-12-15 15시08분45초	1765778925014]	DefiniteDatabase..
[2025-12-15 15시08분45초	1765778925022]	8ms

[2025-12-15 15시08분45초	1765778925023]	ExpDatabase..
[2025-12-15 15시08분45초	1765778925028]	5ms

[2025-12-15 15시08분45초	1765778925029]	BackgroundDatabase..
[2025-12-15 15시08분45초	1765778925146]	117ms

[2025-12-15 15시08분45초	1765778925146]	SpriteFrameDatabase..
[2025-12-15 15시08분45초	1765778925204]	58ms

[2025-12-15 15시08분45초	1765778925205]	SkillDatabase..
[2025-12-15 15시08분45초	1765778925211]	6ms

[2025-12-15 15시08분45초	1765778925212]	NpcDatabase..
[2025-12-15 15시08분45초	1765778925224]	12ms

[2025-12-15 15시08분45초	1765778925225]	NpcShopDatabase..
[2025-12-15 15시08분45초	1765778925283]	58ms

[2025-12-15 15시08분45초	1765778925284]	NpcTeleportDatabase..
[2025-12-15 15시08분45초	1765778925288]	4ms

[2025-12-15 15시08분45초	1765778925414]	NpcSpawnlistDatabase..
[2025-12-15 15시08분45초	1765778925463]	49ms

[2025-12-15 15시08분45초	1765778925464]	EventController..
[2025-12-15 15시08분45초	1765778925464]	0ms

[2025-12-15 15시08분45초	1765778925465]	MonsterDatabase..
[2025-12-15 15시08분45초	1765778925484]	19ms

[2025-12-15 15시08분45초	1765778925484]	MonsterDropDatabase..
[2025-12-15 15시08분45초	1765778925514]	30ms

[2025-12-15 15시08분45초	1765778925515]	MonsterSkillDatabase..
[2025-12-15 15시08분45초	1765778925529]	14ms

[2025-12-15 15시08분45초	1765778925530]	MonsterSpawnlistDatabase..
[2025-12-15 15시08분46초	1765778926326]	796ms

[2025-12-15 15시08분46초	1765778926327]	MonsterBossSpawnlistDatabase..
[2025-12-15 15시08분46초	1765778926333]	6ms

[2025-12-15 15시08분46초	1765778926334]	ServerDownBossListDatabase..
[2025-12-15 15시08분46초	1765778926336]	2ms

[2025-12-15 15시08분46초	1765778926336]	BadIpDatabase..
[2025-12-15 15시08분46초	1765778926342]	6ms

[2025-12-15 15시08분46초	1765778926342]	QuestController..
[2025-12-15 15시08분46초	1765778926345]	3ms

[2025-12-15 15시08분46초	1765778926346]	ServerOpcodesDatabase..
[2025-12-15 15시08분46초	1765778926353]	7ms

[2025-12-15 15시08분46초	1765778926353]	ServerNoticeDatabase..
[2025-12-15 15시08분46초	1765778926362]	9ms

[2025-12-15 15시08분46초	1765778926363]	RankController..
[2025-12-15 15시08분46초	1765778926383]	20ms

[2025-12-15 15시08분46초	1765778926384]	WantedController..
[2025-12-15 15시08분46초	1765778926388]	4ms

[2025-12-15 15시08분46초	1765778926389]	TeleportHomeDatabase..
[2025-12-15 15시08분46초	1765778926421]	32ms

[2025-12-15 15시08분46초	1765778926422]	TeleportResetDatabase..
[2025-12-15 15시08분46초	1765778926452]	30ms

[2025-12-15 15시08분46초	1765778926453]	ItemPinewandDatabase..
[2025-12-15 15시08분46초	1765778926457]	4ms

[2025-12-15 15시08분46초	1765778926457]	ItemMaplewandDatabase..
[2025-12-15 15시08분46초	1765778926462]	5ms

[2025-12-15 15시08분46초	1765778926462]	SummonListDatabase..
[2025-12-15 15시08분46초	1765778926466]	4ms

[2025-12-15 15시08분46초	1765778926466]	GmListDatabase..
[2025-12-15 15시08분46초	1765778926469]	3ms

[2025-12-15 15시08분46초	1765778926471]	MagicdollListDatabase..
[2025-12-15 15시08분46초	1765778926475]	4ms

[2025-12-15 15시08분46초	1765778926478]	PcMarketController..
[2025-12-15 15시08분46초	1765778926483]	5ms

[2025-12-15 15시08분46초	1765778926484]	ServerOptionDatabase..
[2025-12-15 15시08분46초	1765778926486]	2ms

[2025-12-15 15시08분46초	1765778926487]	TimeDungeonDatabase..
[2025-12-15 15시08분46초	1765778926489]	2ms

[2025-12-15 15시08분46초	1765778926490]	TeamBattleDatabase..
[2025-12-15 15시08분46초	1765778926493]	3ms

[2025-12-15 15시08분46초	1765778926493]	LifeLostItemDatabase..
[2025-12-15 15시08분46초	1765778926496]	3ms

[2025-12-15 15시08분46초	1765778926497]	GmTeleportDatabase..
[2025-12-15 15시08분46초	1765778926500]	3ms

[2025-12-15 15시08분46초	1765778926502]	무인혈맹컨트롤러..
[2025-12-15 15시08분46초	1765778926504]	2ms

[2025-12-15 15시08분46초	1765778926505]	HackNoCheckDatabase..
[2025-12-15 15시08분46초	1765778926508]	3ms

[2025-12-15 15시08분46초	1765778926509]	EnchantLostItemDatabase..
[2025-12-15 15시08분46초	1765778926520]	11ms

[2025-12-15 15시08분46초	1765778926522]	ItemDropMessageDatabase..
[2025-12-15 15시08분46초	1765778926525]	3ms

[2025-12-15 15시08분46초	1765778926526]	FishingController..
[2025-12-15 15시08분46초	1765778926538]	12ms

[2025-12-15 15시08분46초	1765778926545]	RobotController..
[2025-12-15 15시08분46초	1765778926631]	86ms

[2025-12-15 15시08분46초	1765778926635]	Server..
[2025-12-15 15시08분46초	1765778926717]	82ms

[2025-12-15 15시08분46초	1765778926718]	ServerThread..
[2025-12-15 15시08분46초	1765778926718]	0ms

[2025-12-15 15시08분46초	1765778926719]	ControllerTherad..
[2025-12-15 15시08분46초	1765778926719]	0ms

[2025-12-15 15시08분46초	1765778926720]	CharacterThread..
[2025-12-15 15시08분46초	1765778926720]	0ms

[2025-12-15 15시08분46초	1765778926721]	DatabaseThread..
[2025-12-15 15시08분46초	1765778926722]	1ms

[2025-12-15 15시08분46초	1765778926722]	CharacterControlThread..
[2025-12-15 15시08분46초	1765778926723]	1ms

[2025-12-15 15시08분46초	1765778926765]	FightController..
[2025-12-15 15시08분46초	1765778926785]	20ms

[2025-12-15 15시08분46초	1765778926785]	TimeThread..
[2025-12-15 15시08분46초	1765778926786]	1ms

[2025-12-15 15시08분46초	1765778926786]	AutoHuntThread..
[2025-12-15 15시08분46초	1765778926787]	1ms

[2025-12-15 15시08분46초	1765778926787]	======================================================================
[2025-12-15 15시08분46초	1765778926788]	Server Version  :  Lineage 2.0

[2025-12-15 15시08분46초	1765778926788]	Server Port      :  2000

[2025-12-15 15시08분46초	1765778926789]	계정 자동생성  :  on

[2025-12-15 15시08분46초	1765778926789]	인챈트 : 1.0배  ||  드랍 : 1.0배  ||  경험치 : 30.0배  ||  아데나 : 200.0배  ||  파티 : 1.1배

[2025-12-15 15시08분46초	1765778926789]	======================================================================
[2025-12-15 15시08분46초	1765778926789]	'서버' 가동되었습니다.

[2025-12-15 15시11분47초	1765779107396]	자동 저장완료 2025-12-15 15시11분47초
[2025-12-15 15시14분47초	1765779287993]	자동 저장완료 2025-12-15 15시14분47초
[2025-12-15 15시15분11초	1765779311709]	서버가 즉시 종료됩니다...
[2025-12-15 15시15분12초	1765779312710]	Thread close..
[2025-12-15 15시15분13초	1765779313710]	Save Database..
[2025-12-15 15시15분14초	1765779314249]	Socket close..
[2025-12-15 15시15분14초	1765779314249]	LineageServer Close...
[2025-12-15 15시15분14초	1765779314249]	0ms

[2025-12-15 15시15분14초	1765779314249]	ok..
