[2025-12-20 13시55분43초	1766206543206]	Mysql..
[2025-12-20 13시55분43초	1766206543206]	2ms

[2025-12-20 13시55분43초	1766206543223]	lineage.conf file loading...
[2025-12-20 13시55분43초	1766206543261]	38ms

[2025-12-20 13시55분43초	1766206543265]	Lineage_Balance..
[2025-12-20 13시55분43초	1766206543274]	9ms

[2025-12-20 13시55분43초	1766206543276]	npc_promotion..
[2025-12-20 13시55분43초	1766206543276]	0ms

[2025-12-20 13시55분43초	1766206543284]	Socket..
[2025-12-20 13시55분43초	1766206543285]	0ms

[2025-12-20 13시55분43초	1766206543285]	Common..
[2025-12-20 13시55분43초	1766206543285]	0ms

[2025-12-20 13시55분43초	1766206543286]	EventThread..
[2025-12-20 13시55분43초	1766206543286]	0ms

[2025-12-20 13시55분43초	1766206543287]	AiExecuteThread..
[2025-12-20 13시55분43초	1766206543288]	1ms

[2025-12-20 13시55분43초	1766206543289]	AiThread..
[2025-12-20 13시55분43초	1766206543289]	0ms

[2025-12-20 13시55분43초	1766206543294]	World..
[2025-12-20 13시55분43초	1766206543386]	92ms

[2025-12-20 13시55분43초	1766206543388]	BookController..
[2025-12-20 13시55분43초	1766206543388]	0ms

[2025-12-20 13시55분43초	1766206543388]	InventoryController..
[2025-12-20 13시55분43초	1766206543388]	0ms

[2025-12-20 13시55분43초	1766206543389]	BasePacketPooling..
[2025-12-20 13시55분43초	1766206543389]	0ms

[2025-12-20 13시55분43초	1766206543399]	SkillController..
[2025-12-20 13시55분43초	1766206543401]	0ms

[2025-12-20 13시55분43초	1766206543408]	DamageController..
[2025-12-20 13시55분43초	1766206543408]	0ms

[2025-12-20 13시55분43초	1766206543410]	CharacterController..
[2025-12-20 13시55분43초	1766206543410]	0ms

[2025-12-20 13시55분43초	1766206543412]	TradeController..
[2025-12-20 13시55분43초	1766206543412]	0ms

[2025-12-20 13시55분43초	1766206543412]	DungeonController..
[2025-12-20 13시55분43초	1766206543413]	1ms

[2025-12-20 13시55분43초	1766206543413]	ShipController..
[2025-12-20 13시55분43초	1766206543413]	0ms

[2025-12-20 13시55분43초	1766206543415]	BuffController..
[2025-12-20 13시55분43초	1766206543415]	0ms

[2025-12-20 13시55분43초	1766206543419]	SummonController..
[2025-12-20 13시55분43초	1766206543420]	1ms

[2025-12-20 13시55분43초	1766206543420]	PartyController..
[2025-12-20 13시55분43초	1766206543421]	1ms

[2025-12-20 13시55분43초	1766206543422]	InnController..
[2025-12-20 13시55분43초	1766206543422]	1ms

[2025-12-20 13시55분43초	1766206543423]	BoardController..
[2025-12-20 13시55분43초	1766206543424]	1ms

[2025-12-20 13시55분43초	1766206543432]	LetterController..
[2025-12-20 13시55분43초	1766206543432]	0ms

[2025-12-20 13시55분43초	1766206543433]	UserShopController..
[2025-12-20 13시55분43초	1766206543433]	0ms

[2025-12-20 13시55분43초	1766206543434]	ChattingController..
[2025-12-20 13시55분43초	1766206543440]	6ms

[2025-12-20 13시55분43초	1766206543442]	ColosseumController..
[2025-12-20 13시55분43초	1766206543442]	0ms

[2025-12-20 13시55분43초	1766206543443]	CraftController..
[2025-12-20 13시55분43초	1766206543443]	0ms

[2025-12-20 13시55분43초	1766206543444]	BossController..
[2025-12-20 13시55분43초	1766206543444]	0ms

[2025-12-20 13시55분43초	1766206543445]	NoticeController..
[2025-12-20 13시55분43초	1766206543446]	1ms

[2025-12-20 13시55분43초	1766206543447]	FriendController..
[2025-12-20 13시55분43초	1766206543447]	0ms

[2025-12-20 13시55분43초	1766206543448]	BugScanningController..
[2025-12-20 13시55분43초	1766206543448]	0ms

[2025-12-20 13시55분43초	1766206543449]	MagicDollController..
[2025-12-20 13시55분43초	1766206543449]	0ms

[2025-12-20 13시55분43초	1766206543450]	ShopController..
[2025-12-20 13시55분43초	1766206543450]	0ms

[2025-12-20 13시55분43초	1766206543451]	WarehouseDatabase..
[2025-12-20 13시55분43초	1766206543451]	0ms

[2025-12-20 13시55분43초	1766206543452]	PakTools..
[2025-12-20 13시55분43초	1766206543454]	2ms

[2025-12-20 13시55분43초	1766206543454]	ScriptController...
[2025-12-20 13시55분43초	1766206543457]	3ms

[2025-12-20 13시55분43초	1766206543458]	GiranClanLordController..
[2025-12-20 13시55분43초	1766206543458]	0ms

[2025-12-20 13시55분43초	1766206543460]	TeamBattleController..
[2025-12-20 13시55분43초	1766206543460]	0ms

[2025-12-20 13시55분43초	1766206543461]	WorldClearController..
[2025-12-20 13시55분43초	1766206543461]	0ms

[2025-12-20 13시55분43초	1766206543462]	SpotController..
[2025-12-20 13시55분43초	1766206543462]	0ms

[2025-12-20 13시55분43초	1766206543463]	테베라스 컨트롤러..
[2025-12-20 13시55분43초	1766206543463]	0ms

[2025-12-20 13시55분43초	1766206543463]	지옥 컨트롤러..
[2025-12-20 13시55분43초	1766206543463]	0ms

[2025-12-20 13시55분43초	1766206543464]	지하수로 컨트롤러..
[2025-12-20 13시55분43초	1766206543464]	0ms

[2025-12-20 13시55분43초	1766206543465]	보물찾기컨트롤러..
[2025-12-20 13시55분43초	1766206543465]	0ms

[2025-12-20 13시55분43초	1766206543466]	마족신전 컨트롤러..
[2025-12-20 13시55분43초	1766206543466]	0ms

[2025-12-20 13시55분43초	1766206543467]	고무 컨트롤러..
[2025-12-20 13시55분43초	1766206543471]	4ms

[2025-12-20 13시55분43초	1766206543472]	정무던전 컨트롤러..
[2025-12-20 13시55분43초	1766206543473]	1ms

[2025-12-20 13시55분43초	1766206543474]	그신 컨트롤러..
[2025-12-20 13시55분43초	1766206543474]	0ms

[2025-12-20 13시55분43초	1766206543475]	라바던전 컨트롤러..
[2025-12-20 13시55분43초	1766206543475]	0ms

[2025-12-20 13시55분43초	1766206543475]	월드보스컨트롤러..
[2025-12-20 13시55분43초	1766206543476]	1ms

[2025-12-20 13시55분43초	1766206543484]	펭귄 사냥터 컨트롤러..
[2025-12-20 13시55분43초	1766206543484]	0ms

[2025-12-20 13시55분43초	1766206543485]	칠흑던전 컨트롤러..
[2025-12-20 13시55분43초	1766206543485]	0ms

[2025-12-20 13시55분43초	1766206543486]	악마왕의영토컨트롤러..
[2025-12-20 13시55분43초	1766206543486]	0ms

[2025-12-20 13시55분43초	1766206543487]	얼던컨트롤러..
[2025-12-20 13시55분43초	1766206543487]	0ms

[2025-12-20 13시55분43초	1766206543488]	기감 컨트롤러..
[2025-12-20 13시55분43초	1766206543488]	0ms

[2025-12-20 13시55분43초	1766206543489]	고라스컨트롤러..
[2025-12-20 13시55분43초	1766206543489]	0ms

[2025-12-20 13시55분43초	1766206543491]	드워프컨트롤러..
[2025-12-20 13시55분43초	1766206543491]	0ms

[2025-12-20 13시55분43초	1766206543492]	타임이벤트컨트롤러..
[2025-12-20 13시55분43초	1766206543492]	0ms

[2025-12-20 13시55분43초	1766206543493]	AutoHuntController..
[2025-12-20 13시55분43초	1766206543493]	0ms

[2025-12-20 13시55분43초	1766206543494]	DatabaseConnection..
[2025-12-20 13시55분43초	1766206543820]	326ms

[2025-12-20 13시55분43초	1766206543835]	ServerDatabase..
[2025-12-20 13시55분43초	1766206543874]	39ms

[2025-12-20 13시55분43초	1766206543878]	SlimeRaceController..
[2025-12-20 13시55분43초	1766206543882]	4ms

[2025-12-20 13시55분43초	1766206543884]	DogRaceController..
[2025-12-20 13시55분43초	1766206543886]	2ms

[2025-12-20 13시55분43초	1766206543889]	ClanController..
[2025-12-20 13시55분43초	1766206543898]	9ms

[2025-12-20 13시55분43초	1766206543901]	KingdomController..
[2025-12-20 13시55분43초	1766206543913]	12ms

[2025-12-20 13시55분43초	1766206543915]	AgitController..
[2025-12-20 13시55분43초	1766206543922]	7ms

[2025-12-20 13시55분43초	1766206543924]	AuctionController..
[2025-12-20 13시55분43초	1766206543931]	7ms

[2025-12-20 13시55분43초	1766206543936]	ItemDatabase..
[2025-12-20 13시55분44초	1766206544059]	122ms

[2025-12-20 13시55분44초	1766206544060]	ItemSetopionDatabase..
[2025-12-20 13시55분44초	1766206544063]	3ms

[2025-12-20 13시55분44초	1766206544064]	AutosellDatabase..
[2025-12-20 13시55분44초	1766206544085]	21ms

[2025-12-20 13시55분44초	1766206544086]	ItemSkillDatabase..
[2025-12-20 13시55분44초	1766206544090]	4ms

[2025-12-20 13시55분44초	1766206544091]	ItemBundleDatabase..
[2025-12-20 13시55분44초	1766206544097]	6ms

[2025-12-20 13시55분44초	1766206544098]	ItemChanceBundleDatabase..
[2025-12-20 13시55분44초	1766206544103]	5ms

[2025-12-20 13시55분44초	1766206544104]	FishItemListDatabase..
[2025-12-20 13시55분44초	1766206544106]	2ms

[2025-12-20 13시55분44초	1766206544107]	ItemTeleport..
[2025-12-20 13시55분44초	1766206544111]	4ms

[2025-12-20 13시55분44초	1766206544113]	PolyDatabase..
[2025-12-20 13시55분44초	1766206544117]	4ms

[2025-12-20 13시55분44초	1766206544118]	DungeonDatabase..
[2025-12-20 13시55분44초	1766206544124]	6ms

[2025-12-20 13시55분44초	1766206544125]	DefiniteDatabase..
[2025-12-20 13시55분44초	1766206544129]	4ms

[2025-12-20 13시55분44초	1766206544130]	ExpDatabase..
[2025-12-20 13시55분44초	1766206544133]	3ms

[2025-12-20 13시55분44초	1766206544133]	BackgroundDatabase..
[2025-12-20 13시55분44초	1766206544238]	105ms

[2025-12-20 13시55분44초	1766206544238]	SpriteFrameDatabase..
[2025-12-20 13시55분44초	1766206544300]	62ms

[2025-12-20 13시55분44초	1766206544302]	SkillDatabase..
[2025-12-20 13시55분44초	1766206544307]	5ms

[2025-12-20 13시55분44초	1766206544308]	NpcDatabase..
[2025-12-20 13시55분44초	1766206544318]	10ms

[2025-12-20 13시55분44초	1766206544319]	NpcShopDatabase..
[2025-12-20 13시55분44초	1766206544373]	54ms

[2025-12-20 13시55분44초	1766206544374]	NpcTeleportDatabase..
[2025-12-20 13시55분44초	1766206544378]	4ms

[2025-12-20 13시55분44초	1766206544536]	NpcSpawnlistDatabase..
[2025-12-20 13시55분44초	1766206544591]	55ms

[2025-12-20 13시55분44초	1766206544592]	EventController..
[2025-12-20 13시55분44초	1766206544593]	1ms

[2025-12-20 13시55분44초	1766206544594]	MonsterDatabase..
[2025-12-20 13시55분44초	1766206544610]	16ms

[2025-12-20 13시55분44초	1766206544611]	MonsterDropDatabase..
[2025-12-20 13시55분44초	1766206544642]	31ms

[2025-12-20 13시55분44초	1766206544643]	MonsterSkillDatabase..
[2025-12-20 13시55분44초	1766206544658]	15ms

[2025-12-20 13시55분44초	1766206544660]	MonsterSpawnlistDatabase..
[2025-12-20 13시55분45초	1766206545518]	858ms

[2025-12-20 13시55분45초	1766206545519]	MonsterBossSpawnlistDatabase..
[2025-12-20 13시55분45초	1766206545527]	8ms

[2025-12-20 13시55분45초	1766206545528]	ServerDownBossListDatabase..
[2025-12-20 13시55분45초	1766206545529]	1ms

[2025-12-20 13시55분45초	1766206545530]	BadIpDatabase..
[2025-12-20 13시55분45초	1766206545534]	4ms

[2025-12-20 13시55분45초	1766206545534]	QuestController..
[2025-12-20 13시55분45초	1766206545535]	1ms

[2025-12-20 13시55분45초	1766206545536]	ServerOpcodesDatabase..
[2025-12-20 13시55분45초	1766206545542]	6ms

[2025-12-20 13시55분45초	1766206545543]	ServerNoticeDatabase..
[2025-12-20 13시55분45초	1766206545545]	2ms

[2025-12-20 13시55분45초	1766206545547]	RankController..
[2025-12-20 13시55분45초	1766206545563]	16ms

[2025-12-20 13시55분45초	1766206545568]	WantedController..
[2025-12-20 13시55분45초	1766206545571]	3ms

[2025-12-20 13시55분45초	1766206545572]	TeleportHomeDatabase..
[2025-12-20 13시55분45초	1766206545604]	32ms

[2025-12-20 13시55분45초	1766206545605]	TeleportResetDatabase..
[2025-12-20 13시55분45초	1766206545633]	28ms

[2025-12-20 13시55분45초	1766206545634]	ItemPinewandDatabase..
[2025-12-20 13시55분45초	1766206545636]	2ms

[2025-12-20 13시55분45초	1766206545637]	ItemMaplewandDatabase..
[2025-12-20 13시55분45초	1766206545640]	3ms

[2025-12-20 13시55분45초	1766206545640]	SummonListDatabase..
[2025-12-20 13시55분45초	1766206545643]	3ms

[2025-12-20 13시55분45초	1766206545644]	GmListDatabase..
[2025-12-20 13시55분45초	1766206545645]	1ms

[2025-12-20 13시55분45초	1766206545646]	MagicdollListDatabase..
[2025-12-20 13시55분45초	1766206545650]	4ms

[2025-12-20 13시55분45초	1766206545653]	PcMarketController..
[2025-12-20 13시55분45초	1766206545655]	2ms

[2025-12-20 13시55분45초	1766206545655]	ServerOptionDatabase..
[2025-12-20 13시55분45초	1766206545656]	1ms

[2025-12-20 13시55분45초	1766206545657]	TimeDungeonDatabase..
[2025-12-20 13시55분45초	1766206545658]	1ms

[2025-12-20 13시55분45초	1766206545658]	TeamBattleDatabase..
[2025-12-20 13시55분45초	1766206545660]	2ms

[2025-12-20 13시55분45초	1766206545661]	LifeLostItemDatabase..
[2025-12-20 13시55분45초	1766206545662]	1ms

[2025-12-20 13시55분45초	1766206545663]	GmTeleportDatabase..
[2025-12-20 13시55분45초	1766206545664]	1ms

[2025-12-20 13시55분45초	1766206545666]	무인혈맹컨트롤러..
[2025-12-20 13시55분45초	1766206545668]	2ms

[2025-12-20 13시55분45초	1766206545668]	HackNoCheckDatabase..
[2025-12-20 13시55분45초	1766206545669]	1ms

[2025-12-20 13시55분45초	1766206545670]	EnchantLostItemDatabase..
[2025-12-20 13시55분45초	1766206545677]	7ms

[2025-12-20 13시55분45초	1766206545678]	ItemDropMessageDatabase..
[2025-12-20 13시55분45초	1766206545680]	2ms

[2025-12-20 13시55분45초	1766206545681]	FishingController..
[2025-12-20 13시55분45초	1766206545693]	12ms

[2025-12-20 13시55분45초	1766206545701]	RobotController..
[2025-12-20 13시55분45초	1766206545726]	25ms

[2025-12-20 13시55분45초	1766206545728]	Server..
[2025-12-20 13시55분45초	1766206545789]	61ms

[2025-12-20 13시55분45초	1766206545790]	ServerThread..
[2025-12-20 13시55분45초	1766206545790]	0ms

[2025-12-20 13시55분45초	1766206545791]	ControllerTherad..
[2025-12-20 13시55분45초	1766206545791]	0ms

[2025-12-20 13시55분45초	1766206545792]	CharacterThread..
[2025-12-20 13시55분45초	1766206545792]	0ms

[2025-12-20 13시55분45초	1766206545793]	DatabaseThread..
[2025-12-20 13시55분45초	1766206545794]	1ms

[2025-12-20 13시55분45초	1766206545794]	CharacterControlThread..
[2025-12-20 13시55분45초	1766206545795]	1ms

[2025-12-20 13시55분45초	1766206545837]	FightController..
[2025-12-20 13시55분45초	1766206545860]	23ms

[2025-12-20 13시55분45초	1766206545862]	TimeThread..
[2025-12-20 13시55분45초	1766206545862]	0ms

[2025-12-20 13시55분45초	1766206545863]	AutoHuntThread..
[2025-12-20 13시55분45초	1766206545863]	0ms

[2025-12-20 13시55분45초	1766206545864]	======================================================================
[2025-12-20 13시55분45초	1766206545864]	Server Version  :  Lineage 2.0

[2025-12-20 13시55분45초	1766206545864]	Server Port      :  2000

[2025-12-20 13시55분45초	1766206545864]	계정 자동생성  :  on

[2025-12-20 13시55분45초	1766206545864]	인챈트 : 1.0배  ||  드랍 : 1.0배  ||  경험치 : 30.0배  ||  아데나 : 200.0배  ||  파티 : 1.1배

[2025-12-20 13시55분45초	1766206545864]	======================================================================
[2025-12-20 13시55분45초	1766206545864]	'서버' 가동되었습니다.

