[2025-12-22 11시28분59초	1766370539606]	Mysql..
[2025-12-22 11시28분59초	1766370539607]	2ms

[2025-12-22 11시28분59초	1766370539624]	lineage.conf file loading...
[2025-12-22 11시28분59초	1766370539660]	36ms

[2025-12-22 11시28분59초	1766370539667]	Lineage_Balance..
[2025-12-22 11시28분59초	1766370539677]	10ms

[2025-12-22 11시28분59초	1766370539686]	npc_promotion..
[2025-12-22 11시28분59초	1766370539687]	1ms

[2025-12-22 11시28분59초	1766370539687]	Socket..
[2025-12-22 11시28분59초	1766370539688]	1ms

[2025-12-22 11시28분59초	1766370539688]	Common..
[2025-12-22 11시28분59초	1766370539688]	0ms

[2025-12-22 11시28분59초	1766370539689]	EventThread..
[2025-12-22 11시28분59초	1766370539689]	0ms

[2025-12-22 11시28분59초	1766370539690]	AiExecuteThread..
[2025-12-22 11시28분59초	1766370539690]	0ms

[2025-12-22 11시28분59초	1766370539692]	AiThread..
[2025-12-22 11시28분59초	1766370539692]	0ms

[2025-12-22 11시28분59초	1766370539705]	World..
[2025-12-22 11시28분59초	1766370539790]	85ms

[2025-12-22 11시28분59초	1766370539792]	BookController..
[2025-12-22 11시28분59초	1766370539793]	1ms

[2025-12-22 11시28분59초	1766370539793]	InventoryController..
[2025-12-22 11시28분59초	1766370539793]	0ms

[2025-12-22 11시28분59초	1766370539794]	BasePacketPooling..
[2025-12-22 11시28분59초	1766370539794]	0ms

[2025-12-22 11시28분59초	1766370539796]	SkillController..
[2025-12-22 11시28분59초	1766370539796]	0ms

[2025-12-22 11시28분59초	1766370539805]	DamageController..
[2025-12-22 11시28분59초	1766370539805]	0ms

[2025-12-22 11시28분59초	1766370539807]	CharacterController..
[2025-12-22 11시28분59초	1766370539807]	0ms

[2025-12-22 11시28분59초	1766370539808]	TradeController..
[2025-12-22 11시28분59초	1766370539808]	0ms

[2025-12-22 11시28분59초	1766370539809]	DungeonController..
[2025-12-22 11시28분59초	1766370539809]	0ms

[2025-12-22 11시28분59초	1766370539810]	ShipController..
[2025-12-22 11시28분59초	1766370539810]	0ms

[2025-12-22 11시28분59초	1766370539811]	BuffController..
[2025-12-22 11시28분59초	1766370539811]	0ms

[2025-12-22 11시28분59초	1766370539815]	SummonController..
[2025-12-22 11시28분59초	1766370539815]	0ms

[2025-12-22 11시28분59초	1766370539816]	PartyController..
[2025-12-22 11시28분59초	1766370539816]	0ms

[2025-12-22 11시28분59초	1766370539816]	InnController..
[2025-12-22 11시28분59초	1766370539816]	0ms

[2025-12-22 11시28분59초	1766370539818]	BoardController..
[2025-12-22 11시28분59초	1766370539818]	0ms

[2025-12-22 11시28분59초	1766370539819]	LetterController..
[2025-12-22 11시28분59초	1766370539820]	1ms

[2025-12-22 11시28분59초	1766370539820]	UserShopController..
[2025-12-22 11시28분59초	1766370539820]	0ms

[2025-12-22 11시28분59초	1766370539822]	ChattingController..
[2025-12-22 11시28분59초	1766370539834]	12ms

[2025-12-22 11시28분59초	1766370539836]	ColosseumController..
[2025-12-22 11시28분59초	1766370539836]	0ms

[2025-12-22 11시28분59초	1766370539845]	CraftController..
[2025-12-22 11시28분59초	1766370539845]	0ms

[2025-12-22 11시28분59초	1766370539846]	BossController..
[2025-12-22 11시28분59초	1766370539846]	0ms

[2025-12-22 11시28분59초	1766370539847]	NoticeController..
[2025-12-22 11시28분59초	1766370539848]	1ms

[2025-12-22 11시28분59초	1766370539849]	FriendController..
[2025-12-22 11시28분59초	1766370539849]	0ms

[2025-12-22 11시28분59초	1766370539849]	BugScanningController..
[2025-12-22 11시28분59초	1766370539849]	0ms

[2025-12-22 11시28분59초	1766370539851]	MagicDollController..
[2025-12-22 11시28분59초	1766370539851]	0ms

[2025-12-22 11시28분59초	1766370539851]	ShopController..
[2025-12-22 11시28분59초	1766370539852]	1ms

[2025-12-22 11시28분59초	1766370539853]	WarehouseDatabase..
[2025-12-22 11시28분59초	1766370539853]	0ms

[2025-12-22 11시28분59초	1766370539853]	PakTools..
[2025-12-22 11시28분59초	1766370539855]	2ms

[2025-12-22 11시28분59초	1766370539855]	ScriptController...
[2025-12-22 11시28분59초	1766370539858]	3ms

[2025-12-22 11시28분59초	1766370539859]	GiranClanLordController..
[2025-12-22 11시28분59초	1766370539859]	0ms

[2025-12-22 11시28분59초	1766370539860]	TeamBattleController..
[2025-12-22 11시28분59초	1766370539861]	0ms

[2025-12-22 11시28분59초	1766370539861]	WorldClearController..
[2025-12-22 11시28분59초	1766370539861]	0ms

[2025-12-22 11시28분59초	1766370539862]	SpotController..
[2025-12-22 11시28분59초	1766370539865]	0ms

[2025-12-22 11시28분59초	1766370539866]	테베라스 컨트롤러..
[2025-12-22 11시28분59초	1766370539866]	0ms

[2025-12-22 11시28분59초	1766370539866]	지옥 컨트롤러..
[2025-12-22 11시28분59초	1766370539867]	0ms

[2025-12-22 11시28분59초	1766370539867]	지하수로 컨트롤러..
[2025-12-22 11시28분59초	1766370539867]	0ms

[2025-12-22 11시28분59초	1766370539868]	보물찾기컨트롤러..
[2025-12-22 11시28분59초	1766370539868]	0ms

[2025-12-22 11시28분59초	1766370539868]	마족신전 컨트롤러..
[2025-12-22 11시28분59초	1766370539869]	1ms

[2025-12-22 11시28분59초	1766370539869]	고무 컨트롤러..
[2025-12-22 11시28분59초	1766370539873]	4ms

[2025-12-22 11시28분59초	1766370539874]	정무던전 컨트롤러..
[2025-12-22 11시28분59초	1766370539874]	0ms

[2025-12-22 11시28분59초	1766370539875]	그신 컨트롤러..
[2025-12-22 11시28분59초	1766370539875]	0ms

[2025-12-22 11시28분59초	1766370539875]	라바던전 컨트롤러..
[2025-12-22 11시28분59초	1766370539875]	0ms

[2025-12-22 11시28분59초	1766370539876]	월드보스컨트롤러..
[2025-12-22 11시28분59초	1766370539876]	0ms

[2025-12-22 11시28분59초	1766370539877]	펭귄 사냥터 컨트롤러..
[2025-12-22 11시28분59초	1766370539877]	0ms

[2025-12-22 11시28분59초	1766370539878]	칠흑던전 컨트롤러..
[2025-12-22 11시28분59초	1766370539878]	0ms

[2025-12-22 11시28분59초	1766370539878]	악마왕의영토컨트롤러..
[2025-12-22 11시28분59초	1766370539879]	1ms

[2025-12-22 11시28분59초	1766370539879]	얼던컨트롤러..
[2025-12-22 11시28분59초	1766370539879]	0ms

[2025-12-22 11시28분59초	1766370539880]	기감 컨트롤러..
[2025-12-22 11시28분59초	1766370539880]	0ms

[2025-12-22 11시28분59초	1766370539881]	고라스컨트롤러..
[2025-12-22 11시28분59초	1766370539881]	0ms

[2025-12-22 11시28분59초	1766370539882]	드워프컨트롤러..
[2025-12-22 11시28분59초	1766370539882]	0ms

[2025-12-22 11시28분59초	1766370539882]	타임이벤트컨트롤러..
[2025-12-22 11시28분59초	1766370539882]	0ms

[2025-12-22 11시28분59초	1766370539883]	AutoHuntController..
[2025-12-22 11시28분59초	1766370539883]	0ms

[2025-12-22 11시28분59초	1766370539884]	DatabaseConnection..
[2025-12-22 11시29분00초	1766370540178]	294ms

[2025-12-22 11시29분00초	1766370540192]	ServerDatabase..
[2025-12-22 11시29분00초	1766370540234]	42ms

[2025-12-22 11시29분00초	1766370540237]	SlimeRaceController..
[2025-12-22 11시29분00초	1766370540239]	2ms

[2025-12-22 11시29분00초	1766370540241]	DogRaceController..
[2025-12-22 11시29분00초	1766370540242]	1ms

[2025-12-22 11시29분00초	1766370540245]	ClanController..
[2025-12-22 11시29분00초	1766370540250]	5ms

[2025-12-22 11시29분00초	1766370540253]	KingdomController..
[2025-12-22 11시29분00초	1766370540260]	7ms

[2025-12-22 11시29분00초	1766370540261]	AgitController..
[2025-12-22 11시29분00초	1766370540266]	5ms

[2025-12-22 11시29분00초	1766370540268]	AuctionController..
[2025-12-22 11시29분00초	1766370540273]	5ms

[2025-12-22 11시29분00초	1766370540278]	ItemDatabase..
[2025-12-22 11시29분00초	1766370540405]	127ms

[2025-12-22 11시29분00초	1766370540411]	ItemSetopionDatabase..
[2025-12-22 11시29분00초	1766370540414]	3ms

[2025-12-22 11시29분00초	1766370540415]	AutosellDatabase..
[2025-12-22 11시29분00초	1766370540436]	21ms

[2025-12-22 11시29분00초	1766370540436]	ItemSkillDatabase..
[2025-12-22 11시29분00초	1766370540439]	3ms

[2025-12-22 11시29분00초	1766370540440]	ItemBundleDatabase..
[2025-12-22 11시29분00초	1766370540444]	4ms

[2025-12-22 11시29분00초	1766370540445]	ItemChanceBundleDatabase..
[2025-12-22 11시29분00초	1766370540448]	4ms

[2025-12-22 11시29분00초	1766370540448]	FishItemListDatabase..
[2025-12-22 11시29분00초	1766370540450]	2ms

[2025-12-22 11시29분00초	1766370540451]	ItemTeleport..
[2025-12-22 11시29분00초	1766370540454]	3ms

[2025-12-22 11시29분00초	1766370540455]	PolyDatabase..
[2025-12-22 11시29분00초	1766370540458]	3ms

[2025-12-22 11시29분00초	1766370540458]	DungeonDatabase..
[2025-12-22 11시29분00초	1766370540463]	5ms

[2025-12-22 11시29분00초	1766370540464]	DefiniteDatabase..
[2025-12-22 11시29분00초	1766370540466]	2ms

[2025-12-22 11시29분00초	1766370540467]	ExpDatabase..
[2025-12-22 11시29분00초	1766370540469]	2ms

[2025-12-22 11시29분00초	1766370540469]	BackgroundDatabase..
[2025-12-22 11시29분00초	1766370540622]	153ms

[2025-12-22 11시29분00초	1766370540622]	SpriteFrameDatabase..
[2025-12-22 11시29분00초	1766370540689]	67ms

[2025-12-22 11시29분00초	1766370540690]	SkillDatabase..
[2025-12-22 11시29분00초	1766370540694]	4ms

[2025-12-22 11시29분00초	1766370540695]	NpcDatabase..
[2025-12-22 11시29분00초	1766370540704]	8ms

[2025-12-22 11시29분00초	1766370540704]	NpcShopDatabase..
[2025-12-22 11시29분00초	1766370540767]	63ms

[2025-12-22 11시29분00초	1766370540768]	NpcTeleportDatabase..
[2025-12-22 11시29분00초	1766370540770]	2ms

[2025-12-22 11시29분00초	1766370540905]	NpcSpawnlistDatabase..
[2025-12-22 11시29분00초	1766370540963]	58ms

[2025-12-22 11시29분00초	1766370540965]	EventController..
[2025-12-22 11시29분00초	1766370540965]	0ms

[2025-12-22 11시29분00초	1766370540966]	MonsterDatabase..
[2025-12-22 11시29분00초	1766370540982]	16ms

[2025-12-22 11시29분00초	1766370540983]	MonsterDropDatabase..
[2025-12-22 11시29분01초	1766370541006]	23ms

[2025-12-22 11시29분01초	1766370541007]	MonsterSkillDatabase..
[2025-12-22 11시29분01초	1766370541019]	12ms

[2025-12-22 11시29분01초	1766370541020]	MonsterSpawnlistDatabase..
[2025-12-22 11시29분02초	1766370542108]	1088ms

[2025-12-22 11시29분02초	1766370542109]	MonsterBossSpawnlistDatabase..
[2025-12-22 11시29분02초	1766370542112]	3ms

[2025-12-22 11시29분02초	1766370542113]	ServerDownBossListDatabase..
[2025-12-22 11시29분02초	1766370542113]	0ms

[2025-12-22 11시29분02초	1766370542114]	BadIpDatabase..
[2025-12-22 11시29분02초	1766370542116]	2ms

[2025-12-22 11시29분02초	1766370542116]	QuestController..
[2025-12-22 11시29분02초	1766370542117]	1ms

[2025-12-22 11시29분02초	1766370542118]	ServerOpcodesDatabase..
[2025-12-22 11시29분02초	1766370542122]	4ms

[2025-12-22 11시29분02초	1766370542123]	ServerNoticeDatabase..
[2025-12-22 11시29분02초	1766370542125]	2ms

[2025-12-22 11시29분02초	1766370542126]	RankController..
[2025-12-22 11시29분02초	1766370542133]	7ms

[2025-12-22 11시29분02초	1766370542135]	WantedController..
[2025-12-22 11시29분02초	1766370542136]	1ms

[2025-12-22 11시29분02초	1766370542136]	TeleportHomeDatabase..
[2025-12-22 11시29분02초	1766370542165]	29ms

[2025-12-22 11시29분02초	1766370542165]	TeleportResetDatabase..
[2025-12-22 11시29분02초	1766370542194]	29ms

[2025-12-22 11시29분02초	1766370542195]	ItemPinewandDatabase..
[2025-12-22 11시29분02초	1766370542197]	2ms

[2025-12-22 11시29분02초	1766370542198]	ItemMaplewandDatabase..
[2025-12-22 11시29분02초	1766370542200]	2ms

[2025-12-22 11시29분02초	1766370542201]	SummonListDatabase..
[2025-12-22 11시29분02초	1766370542203]	2ms

[2025-12-22 11시29분02초	1766370542203]	GmListDatabase..
[2025-12-22 11시29분02초	1766370542204]	1ms

[2025-12-22 11시29분02초	1766370542206]	MagicdollListDatabase..
[2025-12-22 11시29분02초	1766370542208]	2ms

[2025-12-22 11시29분02초	1766370542212]	PcMarketController..
[2025-12-22 11시29분02초	1766370542213]	1ms

[2025-12-22 11시29분02초	1766370542214]	ServerOptionDatabase..
[2025-12-22 11시29분02초	1766370542214]	1ms

[2025-12-22 11시29분02초	1766370542215]	TimeDungeonDatabase..
[2025-12-22 11시29분02초	1766370542215]	0ms

[2025-12-22 11시29분02초	1766370542216]	TeamBattleDatabase..
[2025-12-22 11시29분02초	1766370542217]	1ms

[2025-12-22 11시29분02초	1766370542218]	LifeLostItemDatabase..
[2025-12-22 11시29분02초	1766370542219]	1ms

[2025-12-22 11시29분02초	1766370542220]	GmTeleportDatabase..
[2025-12-22 11시29분02초	1766370542221]	1ms

[2025-12-22 11시29분02초	1766370542223]	무인혈맹컨트롤러..
[2025-12-22 11시29분02초	1766370542224]	1ms

[2025-12-22 11시29분02초	1766370542225]	HackNoCheckDatabase..
[2025-12-22 11시29분02초	1766370542225]	0ms

[2025-12-22 11시29분02초	1766370542226]	EnchantLostItemDatabase..
[2025-12-22 11시29분02초	1766370542227]	1ms

[2025-12-22 11시29분02초	1766370542228]	ItemDropMessageDatabase..
[2025-12-22 11시29분02초	1766370542229]	1ms

[2025-12-22 11시29분02초	1766370542230]	FishingController..
[2025-12-22 11시29분02초	1766370542243]	13ms

[2025-12-22 11시29분02초	1766370542251]	RobotController..
[2025-12-22 11시29분02초	1766370542349]	98ms

[2025-12-22 11시29분02초	1766370542351]	Server..
[2025-12-22 11시29분02초	1766370542416]	65ms

[2025-12-22 11시29분02초	1766370542417]	ServerThread..
[2025-12-22 11시29분02초	1766370542417]	0ms

[2025-12-22 11시29분02초	1766370542418]	ControllerTherad..
[2025-12-22 11시29분02초	1766370542418]	0ms

[2025-12-22 11시29분02초	1766370542419]	CharacterThread..
[2025-12-22 11시29분02초	1766370542419]	0ms

[2025-12-22 11시29분02초	1766370542420]	DatabaseThread..
[2025-12-22 11시29분02초	1766370542421]	1ms

[2025-12-22 11시29분02초	1766370542422]	CharacterControlThread..
[2025-12-22 11시29분02초	1766370542422]	0ms

[2025-12-22 11시29분02초	1766370542469]	FightController..
[2025-12-22 11시29분02초	1766370542489]	20ms

[2025-12-22 11시29분02초	1766370542490]	TimeThread..
[2025-12-22 11시29분02초	1766370542490]	1ms

[2025-12-22 11시29분02초	1766370542490]	AutoHuntThread..
[2025-12-22 11시29분02초	1766370542490]	0ms

[2025-12-22 11시29분02초	1766370542491]	======================================================================
[2025-12-22 11시29분02초	1766370542491]	Server Version  :  Lineage 2.0

[2025-12-22 11시29분02초	1766370542491]	Server Port      :  2000

[2025-12-22 11시29분02초	1766370542491]	계정 자동생성  :  on

[2025-12-22 11시29분02초	1766370542491]	인챈트 : 1.0배  ||  드랍 : 1.0배  ||  경험치 : 30.0배  ||  아데나 : 200.0배  ||  파티 : 1.1배

[2025-12-22 11시29분02초	1766370542491]	======================================================================
[2025-12-22 11시29분02초	1766370542491]	'서버' 가동되었습니다.

[2025-12-22 11시32분03초	1766370723101]	자동 저장완료 2025-12-22 11시32분03초
[2025-12-22 11시35분03초	1766370903879]	자동 저장완료 2025-12-22 11시35분03초
[2025-12-22 11시38분04초	1766371084553]	자동 저장완료 2025-12-22 11시38분04초
[2025-12-22 11시40분49초	1766371249399]	서버가 즉시 종료됩니다...
[2025-12-22 11시40분50초	1766371250400]	Thread close..
[2025-12-22 11시40분51초	1766371251401]	Save Database..
[2025-12-22 11시40분51초	1766371251941]	Socket close..
[2025-12-22 11시40분51초	1766371251941]	LineageServer Close...
[2025-12-22 11시40분51초	1766371251941]	0ms

[2025-12-22 11시40분51초	1766371251941]	ok..
