[2025-12-31 12시34분10초	1767152050040]	Mysql..
[2025-12-31 12시34분10초	1767152050040]	2ms

[2025-12-31 12시34분10초	1767152050057]	lineage.conf file loading...
[2025-12-31 12시34분10초	1767152050090]	33ms

[2025-12-31 12시34분10초	1767152050096]	Lineage_Balance..
[2025-12-31 12시34분10초	1767152050105]	9ms

[2025-12-31 12시34분10초	1767152050106]	npc_promotion..
[2025-12-31 12시34분10초	1767152050107]	1ms

[2025-12-31 12시34분10초	1767152050108]	Socket..
[2025-12-31 12시34분10초	1767152050108]	0ms

[2025-12-31 12시34분10초	1767152050108]	Common..
[2025-12-31 12시34분10초	1767152050108]	0ms

[2025-12-31 12시34분10초	1767152050109]	EventThread..
[2025-12-31 12시34분10초	1767152050110]	0ms

[2025-12-31 12시34분10초	1767152050111]	AiExecuteThread..
[2025-12-31 12시34분10초	1767152050111]	0ms

[2025-12-31 12시34분10초	1767152050112]	AiThread..
[2025-12-31 12시34분10초	1767152050112]	0ms

[2025-12-31 12시34분10초	1767152050124]	World..
[2025-12-31 12시34분10초	1767152050229]	105ms

[2025-12-31 12시34분10초	1767152050232]	BookController..
[2025-12-31 12시34분10초	1767152050232]	0ms

[2025-12-31 12시34분10초	1767152050233]	InventoryController..
[2025-12-31 12시34분10초	1767152050233]	0ms

[2025-12-31 12시34분10초	1767152050233]	BasePacketPooling..
[2025-12-31 12시34분10초	1767152050234]	1ms

[2025-12-31 12시34분10초	1767152050243]	SkillController..
[2025-12-31 12시34분10초	1767152050246]	3ms

[2025-12-31 12시34분10초	1767152050253]	DamageController..
[2025-12-31 12시34분10초	1767152050253]	0ms

[2025-12-31 12시34분10초	1767152050254]	CharacterController..
[2025-12-31 12시34분10초	1767152050255]	1ms

[2025-12-31 12시34분10초	1767152050256]	TradeController..
[2025-12-31 12시34분10초	1767152050256]	0ms

[2025-12-31 12시34분10초	1767152050256]	DungeonController..
[2025-12-31 12시34분10초	1767152050256]	0ms

[2025-12-31 12시34분10초	1767152050257]	ShipController..
[2025-12-31 12시34분10초	1767152050257]	0ms

[2025-12-31 12시34분10초	1767152050258]	BuffController..
[2025-12-31 12시34분10초	1767152050258]	0ms

[2025-12-31 12시34분10초	1767152050262]	SummonController..
[2025-12-31 12시34분10초	1767152050262]	0ms

[2025-12-31 12시34분10초	1767152050263]	PartyController..
[2025-12-31 12시34분10초	1767152050263]	0ms

[2025-12-31 12시34분10초	1767152050264]	InnController..
[2025-12-31 12시34분10초	1767152050264]	0ms

[2025-12-31 12시34분10초	1767152050273]	BoardController..
[2025-12-31 12시34분10초	1767152050273]	0ms

[2025-12-31 12시34분10초	1767152050275]	LetterController..
[2025-12-31 12시34분10초	1767152050275]	0ms

[2025-12-31 12시34분10초	1767152050275]	UserShopController..
[2025-12-31 12시34분10초	1767152050275]	0ms

[2025-12-31 12시34분10초	1767152050277]	ChattingController..
[2025-12-31 12시34분10초	1767152050278]	1ms

[2025-12-31 12시34분10초	1767152050280]	ColosseumController..
[2025-12-31 12시34분10초	1767152050280]	0ms

[2025-12-31 12시34분10초	1767152050281]	CraftController..
[2025-12-31 12시34분10초	1767152050281]	0ms

[2025-12-31 12시34분10초	1767152050282]	BossController..
[2025-12-31 12시34분10초	1767152050282]	0ms

[2025-12-31 12시34분10초	1767152050283]	NoticeController..
[2025-12-31 12시34분10초	1767152050284]	1ms

[2025-12-31 12시34분10초	1767152050284]	FriendController..
[2025-12-31 12시34분10초	1767152050284]	0ms

[2025-12-31 12시34분10초	1767152050285]	BugScanningController..
[2025-12-31 12시34분10초	1767152050285]	0ms

[2025-12-31 12시34분10초	1767152050287]	MagicDollController..
[2025-12-31 12시34분10초	1767152050287]	0ms

[2025-12-31 12시34분10초	1767152050287]	ShopController..
[2025-12-31 12시34분10초	1767152050287]	0ms

[2025-12-31 12시34분10초	1767152050288]	WarehouseDatabase..
[2025-12-31 12시34분10초	1767152050289]	1ms

[2025-12-31 12시34분10초	1767152050289]	PakTools..
[2025-12-31 12시34분10초	1767152050291]	2ms

[2025-12-31 12시34분10초	1767152050292]	ScriptController...
[2025-12-31 12시34분10초	1767152050295]	2ms

[2025-12-31 12시34분10초	1767152050295]	GiranClanLordController..
[2025-12-31 12시34분10초	1767152050295]	0ms

[2025-12-31 12시34분10초	1767152050297]	TeamBattleController..
[2025-12-31 12시34분10초	1767152050297]	0ms

[2025-12-31 12시34분10초	1767152050298]	WorldClearController..
[2025-12-31 12시34분10초	1767152050298]	0ms

[2025-12-31 12시34분10초	1767152050298]	SpotController..
[2025-12-31 12시34분10초	1767152050299]	1ms

[2025-12-31 12시34분10초	1767152050299]	테베라스 컨트롤러..
[2025-12-31 12시34분10초	1767152050299]	0ms

[2025-12-31 12시34분10초	1767152050300]	지옥 컨트롤러..
[2025-12-31 12시34분10초	1767152050300]	0ms

[2025-12-31 12시34분10초	1767152050301]	지하수로 컨트롤러..
[2025-12-31 12시34분10초	1767152050301]	0ms

[2025-12-31 12시34분10초	1767152050301]	보물찾기컨트롤러..
[2025-12-31 12시34분10초	1767152050302]	1ms

[2025-12-31 12시34분10초	1767152050302]	마족신전 컨트롤러..
[2025-12-31 12시34분10초	1767152050302]	0ms

[2025-12-31 12시34분10초	1767152050303]	고무 컨트롤러..
[2025-12-31 12시34분10초	1767152050304]	정무던전 컨트롤러..
[2025-12-31 12시34분10초	1767152050308]	4ms

[2025-12-31 12시34분10초	1767152050309]	그신 컨트롤러..
[2025-12-31 12시34분10초	1767152050309]	0ms

[2025-12-31 12시34분10초	1767152050310]	라바던전 컨트롤러..
[2025-12-31 12시34분10초	1767152050310]	0ms

[2025-12-31 12시34분10초	1767152050311]	월드보스컨트롤러..
[2025-12-31 12시34분10초	1767152050311]	0ms

[2025-12-31 12시34분10초	1767152050311]	펭귄 사냥터 컨트롤러..
[2025-12-31 12시34분10초	1767152050311]	0ms

[2025-12-31 12시34분10초	1767152050312]	칠흑던전 컨트롤러..
[2025-12-31 12시34분10초	1767152050320]	악마왕의영토컨트롤러..
[2025-12-31 12시34분10초	1767152050320]	0ms

[2025-12-31 12시34분10초	1767152050321]	얼던컨트롤러..
[2025-12-31 12시34분10초	1767152050321]	0ms

[2025-12-31 12시34분10초	1767152050322]	기감 컨트롤러..
[2025-12-31 12시34분10초	1767152050322]	0ms

[2025-12-31 12시34분10초	1767152050323]	고라스컨트롤러..
[2025-12-31 12시34분10초	1767152050323]	0ms

[2025-12-31 12시34분10초	1767152050324]	드워프컨트롤러..
[2025-12-31 12시34분10초	1767152050324]	0ms

[2025-12-31 12시34분10초	1767152050325]	타임이벤트컨트롤러..
[2025-12-31 12시34분10초	1767152050325]	0ms

[2025-12-31 12시34분10초	1767152050325]	AutoHuntController..
[2025-12-31 12시34분10초	1767152050326]	1ms

[2025-12-31 12시34분10초	1767152050326]	DatabaseConnection..
[2025-12-31 12시34분10초	1767152050614]	288ms

[2025-12-31 12시34분10초	1767152050628]	ServerDatabase..
[2025-12-31 12시34분10초	1767152050665]	37ms

[2025-12-31 12시34분10초	1767152050669]	SlimeRaceController..
[2025-12-31 12시34분10초	1767152050672]	3ms

[2025-12-31 12시34분10초	1767152050674]	DogRaceController..
[2025-12-31 12시34분10초	1767152050676]	2ms

[2025-12-31 12시34분10초	1767152050679]	ClanController..
[2025-12-31 12시34분10초	1767152050688]	9ms

[2025-12-31 12시34분10초	1767152050691]	KingdomController..
[2025-12-31 12시34분10초	1767152050701]	10ms

[2025-12-31 12시34분10초	1767152050702]	AgitController..
[2025-12-31 12시34분10초	1767152050708]	6ms

[2025-12-31 12시34분10초	1767152050709]	AuctionController..
[2025-12-31 12시34분10초	1767152050716]	7ms

[2025-12-31 12시34분10초	1767152050721]	ItemDatabase..
[2025-12-31 12시34분10초	1767152050812]	91ms

[2025-12-31 12시34분10초	1767152050814]	ItemSetopionDatabase..
[2025-12-31 12시34분10초	1767152050819]	5ms

[2025-12-31 12시34분10초	1767152050820]	AutosellDatabase..
[2025-12-31 12시34분10초	1767152050852]	32ms

[2025-12-31 12시34분10초	1767152050854]	ItemSkillDatabase..
[2025-12-31 12시34분10초	1767152050857]	3ms

[2025-12-31 12시34분10초	1767152050858]	ItemBundleDatabase..
[2025-12-31 12시34분10초	1767152050862]	4ms

[2025-12-31 12시34분10초	1767152050863]	ItemChanceBundleDatabase..
[2025-12-31 12시34분10초	1767152050868]	5ms

[2025-12-31 12시34분10초	1767152050869]	FishItemListDatabase..
[2025-12-31 12시34분10초	1767152050871]	2ms

[2025-12-31 12시34분10초	1767152050873]	ItemTeleport..
[2025-12-31 12시34분10초	1767152050886]	12ms

[2025-12-31 12시34분10초	1767152050887]	PolyDatabase..
[2025-12-31 12시34분10초	1767152050891]	4ms

[2025-12-31 12시34분10초	1767152050892]	DungeonDatabase..
[2025-12-31 12시34분10초	1767152050898]	6ms

[2025-12-31 12시34분10초	1767152050899]	DefiniteDatabase..
[2025-12-31 12시34분10초	1767152050902]	3ms

[2025-12-31 12시34분10초	1767152050903]	ExpDatabase..
[2025-12-31 12시34분10초	1767152050905]	2ms

[2025-12-31 12시34분10초	1767152050905]	BackgroundDatabase..
[2025-12-31 12시34분11초	1767152051039]	134ms

[2025-12-31 12시34분11초	1767152051039]	SpriteFrameDatabase..
[2025-12-31 12시34분11초	1767152051108]	69ms

[2025-12-31 12시34분11초	1767152051109]	SkillDatabase..
[2025-12-31 12시34분11초	1767152051112]	3ms

[2025-12-31 12시34분11초	1767152051114]	NpcDatabase..
[2025-12-31 12시34분11초	1767152051121]	7ms

[2025-12-31 12시34분11초	1767152051123]	NpcShopDatabase..
[2025-12-31 12시34분11초	1767152051184]	61ms

[2025-12-31 12시34분11초	1767152051185]	NpcTeleportDatabase..
[2025-12-31 12시34분11초	1767152051187]	2ms

[2025-12-31 12시34분11초	1767152051400]	NpcSpawnlistDatabase..
[2025-12-31 12시34분11초	1767152051463]	63ms

[2025-12-31 12시34분11초	1767152051465]	EventController..
[2025-12-31 12시34분11초	1767152051465]	0ms

[2025-12-31 12시34분11초	1767152051467]	MonsterDatabase..
[2025-12-31 12시34분11초	1767152051486]	19ms

[2025-12-31 12시34분11초	1767152051487]	MonsterDropDatabase..
[2025-12-31 12시34분11초	1767152051511]	24ms

[2025-12-31 12시34분11초	1767152051513]	MonsterSkillDatabase..
[2025-12-31 12시34분11초	1767152051527]	14ms

[2025-12-31 12시34분11초	1767152051529]	MonsterSpawnlistDatabase..
[2025-12-31 12시34분12초	1767152052703]	1174ms

[2025-12-31 12시34분12초	1767152052705]	MonsterBossSpawnlistDatabase..
[2025-12-31 12시34분12초	1767152052709]	4ms

[2025-12-31 12시34분12초	1767152052711]	ServerDownBossListDatabase..
[2025-12-31 12시34분12초	1767152052712]	1ms

[2025-12-31 12시34분12초	1767152052714]	BadIpDatabase..
[2025-12-31 12시34분12초	1767152052736]	22ms

[2025-12-31 12시34분12초	1767152052736]	QuestController..
[2025-12-31 12시34분12초	1767152052743]	7ms

[2025-12-31 12시34분12초	1767152052744]	ServerOpcodesDatabase..
[2025-12-31 12시34분12초	1767152052756]	12ms

[2025-12-31 12시34분12초	1767152052796]	ServerNoticeDatabase..
[2025-12-31 12시34분12초	1767152052804]	8ms

[2025-12-31 12시34분12초	1767152052812]	RankController..
[2025-12-31 12시34분12초	1767152052839]	27ms

[2025-12-31 12시34분12초	1767152052841]	WantedController..
[2025-12-31 12시34분12초	1767152052847]	5ms

[2025-12-31 12시34분12초	1767152052848]	TeleportHomeDatabase..
[2025-12-31 12시34분12초	1767152052880]	32ms

[2025-12-31 12시34분12초	1767152052882]	TeleportResetDatabase..
[2025-12-31 12시34분12초	1767152052918]	36ms

[2025-12-31 12시34분12초	1767152052919]	ItemPinewandDatabase..
[2025-12-31 12시34분12초	1767152052922]	3ms

[2025-12-31 12시34분12초	1767152052923]	ItemMaplewandDatabase..
[2025-12-31 12시34분12초	1767152052927]	4ms

[2025-12-31 12시34분12초	1767152052928]	SummonListDatabase..
[2025-12-31 12시34분12초	1767152052932]	3ms

[2025-12-31 12시34분12초	1767152052932]	GmListDatabase..
[2025-12-31 12시34분12초	1767152052934]	2ms

[2025-12-31 12시34분12초	1767152052936]	MagicdollListDatabase..
[2025-12-31 12시34분12초	1767152052939]	3ms

[2025-12-31 12시34분12초	1767152052944]	PcMarketController..
[2025-12-31 12시34분12초	1767152052945]	1ms

[2025-12-31 12시34분12초	1767152052946]	ServerOptionDatabase..
[2025-12-31 12시34분12초	1767152052947]	1ms

[2025-12-31 12시34분12초	1767152052948]	TimeDungeonDatabase..
[2025-12-31 12시34분12초	1767152052949]	1ms

[2025-12-31 12시34분12초	1767152052950]	TeamBattleDatabase..
[2025-12-31 12시34분12초	1767152052952]	2ms

[2025-12-31 12시34분12초	1767152052953]	LifeLostItemDatabase..
[2025-12-31 12시34분12초	1767152052955]	2ms

[2025-12-31 12시34분12초	1767152052958]	GmTeleportDatabase..
[2025-12-31 12시34분12초	1767152052959]	1ms

[2025-12-31 12시34분12초	1767152052964]	무인혈맹컨트롤러..
[2025-12-31 12시34분12초	1767152052968]	4ms

[2025-12-31 12시34분12초	1767152052971]	HackNoCheckDatabase..
[2025-12-31 12시34분12초	1767152052972]	1ms

[2025-12-31 12시34분12초	1767152052974]	EnchantLostItemDatabase..
[2025-12-31 12시34분12초	1767152052989]	16ms

[2025-12-31 12시34분12초	1767152052992]	ItemDropMessageDatabase..
[2025-12-31 12시34분12초	1767152052993]	1ms

[2025-12-31 12시34분12초	1767152052996]	FishingController..
[2025-12-31 12시34분13초	1767152053155]	159ms

[2025-12-31 12시34분13초	1767152053166]	RobotController..
[2025-12-31 12시34분13초	1767152053189]	23ms

[2025-12-31 12시34분13초	1767152053191]	Server..
[2025-12-31 12시34분13초	1767152053263]	72ms

[2025-12-31 12시34분13초	1767152053264]	ServerThread..
[2025-12-31 12시34분13초	1767152053264]	0ms

[2025-12-31 12시34분13초	1767152053265]	ControllerTherad..
[2025-12-31 12시34분13초	1767152053265]	0ms

[2025-12-31 12시34분13초	1767152053267]	CharacterThread..
[2025-12-31 12시34분13초	1767152053267]	1ms

[2025-12-31 12시34분13초	1767152053268]	DatabaseThread..
[2025-12-31 12시34분13초	1767152053268]	0ms

[2025-12-31 12시34분13초	1767152053306]	CharacterControlThread..
[2025-12-31 12시34분13초	1767152053306]	0ms

[2025-12-31 12시34분13초	1767152053320]	FightController..
[2025-12-31 12시34분13초	1767152053340]	19ms

[2025-12-31 12시34분13초	1767152053341]	TimeThread..
[2025-12-31 12시34분13초	1767152053341]	0ms

[2025-12-31 12시34분13초	1767152053351]	AutoHuntThread..
[2025-12-31 12시34분13초	1767152053352]	1ms

[2025-12-31 12시34분13초	1767152053352]	======================================================================
[2025-12-31 12시34분13초	1767152053352]	Server Version  :  Lineage 2.0

[2025-12-31 12시34분13초	1767152053352]	Server Port      :  2000

[2025-12-31 12시34분13초	1767152053352]	계정 자동생성  :  on

[2025-12-31 12시34분13초	1767152053352]	인챈트 : 1.0배  ||  드랍 : 3.0배  ||  경험치 : 30.0배  ||  아데나 : 12.0배  ||  파티 : 1.1배

[2025-12-31 12시34분13초	1767152053352]	======================================================================
[2025-12-31 12시34분13초	1767152053352]	'서버' 가동되었습니다.

[2025-12-31 12시37분13초	1767152233910]	자동 저장완료 2025-12-31 12시37분13초
[2025-12-31 12시40분14초	1767152414473]	자동 저장완료 2025-12-31 12시40분14초
[2025-12-31 12시43분15초	1767152595041]	자동 저장완료 2025-12-31 12시43분15초
[2025-12-31 12시46분15초	1767152775602]	자동 저장완료 2025-12-31 12시46분15초
[2025-12-31 12시49분16초	1767152956163]	자동 저장완료 2025-12-31 12시49분16초
[2025-12-31 12시52분16초	1767153136734]	자동 저장완료 2025-12-31 12시52분16초
[2025-12-31 12시55분17초	1767153317299]	자동 저장완료 2025-12-31 12시55분17초
[2025-12-31 12시58분17초	1767153497864]	자동 저장완료 2025-12-31 12시58분17초
[2025-12-31 13시01분18초	1767153678433]	자동 저장완료 2025-12-31 13시01분18초
[2025-12-31 13시04분18초	1767153858995]	자동 저장완료 2025-12-31 13시04분18초
[2025-12-31 13시07분19초	1767154039563]	자동 저장완료 2025-12-31 13시07분19초
[2025-12-31 13시10분20초	1767154220141]	자동 저장완료 2025-12-31 13시10분20초
[2025-12-31 13시13분20초	1767154400726]	자동 저장완료 2025-12-31 13시13분20초
[2025-12-31 13시16분21초	1767154581278]	자동 저장완료 2025-12-31 13시16분21초
[2025-12-31 13시19분21초	1767154761863]	자동 저장완료 2025-12-31 13시19분21초
[2025-12-31 13시22분22초	1767154942425]	자동 저장완료 2025-12-31 13시22분22초
[2025-12-31 13시25분22초	1767155122996]	자동 저장완료 2025-12-31 13시25분22초
[2025-12-31 13시28분23초	1767155303577]	자동 저장완료 2025-12-31 13시28분23초
[2025-12-31 13시31분24초	1767155484152]	자동 저장완료 2025-12-31 13시31분24초
[2025-12-31 13시34분24초	1767155664731]	자동 저장완료 2025-12-31 13시34분24초
[2025-12-31 13시37분08초	1767155828529]	서버가 즉시 종료됩니다...
[2025-12-31 13시37분09초	1767155829529]	Thread close..
[2025-12-31 13시37분10초	1767155830529]	Save Database..
[2025-12-31 13시37분11초	1767155831252]	Socket close..
[2025-12-31 13시37분11초	1767155831252]	LineageServer Close...
[2025-12-31 13시37분11초	1767155831252]	0ms

[2025-12-31 13시37분11초	1767155831252]	ok..
