[2025-12-22 11시46분33초	1766371593661]	Mysql..
[2025-12-22 11시46분33초	1766371593662]	3ms

[2025-12-22 11시46분33초	1766371593679]	lineage.conf file loading...
[2025-12-22 11시46분33초	1766371593712]	33ms

[2025-12-22 11시46분33초	1766371593719]	Lineage_Balance..
[2025-12-22 11시46분33초	1766371593727]	8ms

[2025-12-22 11시46분33초	1766371593728]	npc_promotion..
[2025-12-22 11시46분33초	1766371593728]	0ms

[2025-12-22 11시46분33초	1766371593729]	Socket..
[2025-12-22 11시46분33초	1766371593729]	0ms

[2025-12-22 11시46분33초	1766371593729]	Common..
[2025-12-22 11시46분33초	1766371593730]	0ms

[2025-12-22 11시46분33초	1766371593730]	EventThread..
[2025-12-22 11시46분33초	1766371593731]	0ms

[2025-12-22 11시46분33초	1766371593731]	AiExecuteThread..
[2025-12-22 11시46분33초	1766371593732]	1ms

[2025-12-22 11시46분33초	1766371593733]	AiThread..
[2025-12-22 11시46분33초	1766371593733]	1ms

[2025-12-22 11시46분33초	1766371593738]	World..
[2025-12-22 11시46분33초	1766371593836]	98ms

[2025-12-22 11시46분33초	1766371593837]	BookController..
[2025-12-22 11시46분33초	1766371593837]	0ms

[2025-12-22 11시46분33초	1766371593838]	InventoryController..
[2025-12-22 11시46분33초	1766371593838]	0ms

[2025-12-22 11시46분33초	1766371593838]	BasePacketPooling..
[2025-12-22 11시46분33초	1766371593838]	0ms

[2025-12-22 11시46분33초	1766371593841]	SkillController..
[2025-12-22 11시46분33초	1766371593841]	0ms

[2025-12-22 11시46분33초	1766371593851]	DamageController..
[2025-12-22 11시46분33초	1766371593851]	0ms

[2025-12-22 11시46분33초	1766371593853]	CharacterController..
[2025-12-22 11시46분33초	1766371593853]	0ms

[2025-12-22 11시46분33초	1766371593854]	TradeController..
[2025-12-22 11시46분33초	1766371593854]	0ms

[2025-12-22 11시46분33초	1766371593854]	DungeonController..
[2025-12-22 11시46분33초	1766371593854]	0ms

[2025-12-22 11시46분33초	1766371593855]	ShipController..
[2025-12-22 11시46분33초	1766371593855]	0ms

[2025-12-22 11시46분33초	1766371593856]	BuffController..
[2025-12-22 11시46분33초	1766371593856]	0ms

[2025-12-22 11시46분33초	1766371593860]	SummonController..
[2025-12-22 11시46분33초	1766371593860]	0ms

[2025-12-22 11시46분33초	1766371593868]	PartyController..
[2025-12-22 11시46분33초	1766371593868]	0ms

[2025-12-22 11시46분33초	1766371593869]	InnController..
[2025-12-22 11시46분33초	1766371593869]	0ms

[2025-12-22 11시46분33초	1766371593870]	BoardController..
[2025-12-22 11시46분33초	1766371593871]	1ms

[2025-12-22 11시46분33초	1766371593872]	LetterController..
[2025-12-22 11시46분33초	1766371593872]	0ms

[2025-12-22 11시46분33초	1766371593873]	UserShopController..
[2025-12-22 11시46분33초	1766371593873]	0ms

[2025-12-22 11시46분33초	1766371593874]	ChattingController..
[2025-12-22 11시46분33초	1766371593881]	7ms

[2025-12-22 11시46분33초	1766371593883]	ColosseumController..
[2025-12-22 11시46분33초	1766371593883]	0ms

[2025-12-22 11시46분33초	1766371593891]	CraftController..
[2025-12-22 11시46분33초	1766371593891]	0ms

[2025-12-22 11시46분33초	1766371593892]	BossController..
[2025-12-22 11시46분33초	1766371593892]	0ms

[2025-12-22 11시46분33초	1766371593894]	NoticeController..
[2025-12-22 11시46분33초	1766371593894]	0ms

[2025-12-22 11시46분33초	1766371593895]	FriendController..
[2025-12-22 11시46분33초	1766371593895]	0ms

[2025-12-22 11시46분33초	1766371593896]	BugScanningController..
[2025-12-22 11시46분33초	1766371593896]	0ms

[2025-12-22 11시46분33초	1766371593897]	MagicDollController..
[2025-12-22 11시46분33초	1766371593897]	0ms

[2025-12-22 11시46분33초	1766371593898]	ShopController..
[2025-12-22 11시46분33초	1766371593898]	0ms

[2025-12-22 11시46분33초	1766371593899]	WarehouseDatabase..
[2025-12-22 11시46분33초	1766371593899]	0ms

[2025-12-22 11시46분33초	1766371593900]	PakTools..
[2025-12-22 11시46분33초	1766371593901]	1ms

[2025-12-22 11시46분33초	1766371593902]	ScriptController...
[2025-12-22 11시46분33초	1766371593905]	3ms

[2025-12-22 11시46분33초	1766371593905]	GiranClanLordController..
[2025-12-22 11시46분33초	1766371593905]	0ms

[2025-12-22 11시46분33초	1766371593907]	TeamBattleController..
[2025-12-22 11시46분33초	1766371593907]	0ms

[2025-12-22 11시46분33초	1766371593907]	WorldClearController..
[2025-12-22 11시46분33초	1766371593908]	1ms

[2025-12-22 11시46분33초	1766371593908]	SpotController..
[2025-12-22 11시46분33초	1766371593911]	0ms

[2025-12-22 11시46분33초	1766371593912]	테베라스 컨트롤러..
[2025-12-22 11시46분33초	1766371593912]	0ms

[2025-12-22 11시46분33초	1766371593913]	지옥 컨트롤러..
[2025-12-22 11시46분33초	1766371593913]	0ms

[2025-12-22 11시46분33초	1766371593914]	지하수로 컨트롤러..
[2025-12-22 11시46분33초	1766371593914]	0ms

[2025-12-22 11시46분33초	1766371593915]	보물찾기컨트롤러..
[2025-12-22 11시46분33초	1766371593915]	1ms

[2025-12-22 11시46분33초	1766371593915]	마족신전 컨트롤러..
[2025-12-22 11시46분33초	1766371593915]	0ms

[2025-12-22 11시46분33초	1766371593916]	고무 컨트롤러..
[2025-12-22 11시46분33초	1766371593920]	4ms

[2025-12-22 11시46분33초	1766371593921]	정무던전 컨트롤러..
[2025-12-22 11시46분33초	1766371593921]	0ms

[2025-12-22 11시46분33초	1766371593922]	그신 컨트롤러..
[2025-12-22 11시46분33초	1766371593922]	0ms

[2025-12-22 11시46분33초	1766371593923]	라바던전 컨트롤러..
[2025-12-22 11시46분33초	1766371593923]	0ms

[2025-12-22 11시46분33초	1766371593924]	월드보스컨트롤러..
[2025-12-22 11시46분33초	1766371593924]	0ms

[2025-12-22 11시46분33초	1766371593925]	펭귄 사냥터 컨트롤러..
[2025-12-22 11시46분33초	1766371593925]	0ms

[2025-12-22 11시46분33초	1766371593925]	칠흑던전 컨트롤러..
[2025-12-22 11시46분33초	1766371593925]	0ms

[2025-12-22 11시46분33초	1766371593926]	악마왕의영토컨트롤러..
[2025-12-22 11시46분33초	1766371593926]	0ms

[2025-12-22 11시46분33초	1766371593927]	얼던컨트롤러..
[2025-12-22 11시46분33초	1766371593927]	0ms

[2025-12-22 11시46분33초	1766371593928]	기감 컨트롤러..
[2025-12-22 11시46분33초	1766371593928]	0ms

[2025-12-22 11시46분33초	1766371593929]	고라스컨트롤러..
[2025-12-22 11시46분33초	1766371593929]	0ms

[2025-12-22 11시46분33초	1766371593930]	드워프컨트롤러..
[2025-12-22 11시46분33초	1766371593930]	0ms

[2025-12-22 11시46분33초	1766371593930]	타임이벤트컨트롤러..
[2025-12-22 11시46분33초	1766371593930]	0ms

[2025-12-22 11시46분33초	1766371593931]	AutoHuntController..
[2025-12-22 11시46분33초	1766371593931]	0ms

[2025-12-22 11시46분33초	1766371593932]	DatabaseConnection..
[2025-12-22 11시46분34초	1766371594230]	298ms

[2025-12-22 11시46분34초	1766371594244]	ServerDatabase..
[2025-12-22 11시46분34초	1766371594280]	36ms

[2025-12-22 11시46분34초	1766371594283]	SlimeRaceController..
[2025-12-22 11시46분34초	1766371594285]	2ms

[2025-12-22 11시46분34초	1766371594287]	DogRaceController..
[2025-12-22 11시46분34초	1766371594288]	1ms

[2025-12-22 11시46분34초	1766371594291]	ClanController..
[2025-12-22 11시46분34초	1766371594297]	6ms

[2025-12-22 11시46분34초	1766371594299]	KingdomController..
[2025-12-22 11시46분34초	1766371594306]	7ms

[2025-12-22 11시46분34초	1766371594307]	AgitController..
[2025-12-22 11시46분34초	1766371594313]	6ms

[2025-12-22 11시46분34초	1766371594314]	AuctionController..
[2025-12-22 11시46분34초	1766371594320]	6ms

[2025-12-22 11시46분34초	1766371594324]	ItemDatabase..
[2025-12-22 11시46분34초	1766371594457]	133ms

[2025-12-22 11시46분34초	1766371594458]	ItemSetopionDatabase..
[2025-12-22 11시46분34초	1766371594469]	11ms

[2025-12-22 11시46분34초	1766371594470]	AutosellDatabase..
[2025-12-22 11시46분34초	1766371594493]	23ms

[2025-12-22 11시46분34초	1766371594494]	ItemSkillDatabase..
[2025-12-22 11시46분34초	1766371594496]	2ms

[2025-12-22 11시46분34초	1766371594497]	ItemBundleDatabase..
[2025-12-22 11시46분34초	1766371594502]	5ms

[2025-12-22 11시46분34초	1766371594503]	ItemChanceBundleDatabase..
[2025-12-22 11시46분34초	1766371594506]	3ms

[2025-12-22 11시46분34초	1766371594507]	FishItemListDatabase..
[2025-12-22 11시46분34초	1766371594509]	2ms

[2025-12-22 11시46분34초	1766371594510]	ItemTeleport..
[2025-12-22 11시46분34초	1766371594513]	3ms

[2025-12-22 11시46분34초	1766371594514]	PolyDatabase..
[2025-12-22 11시46분34초	1766371594518]	4ms

[2025-12-22 11시46분34초	1766371594518]	DungeonDatabase..
[2025-12-22 11시46분34초	1766371594523]	5ms

[2025-12-22 11시46분34초	1766371594524]	DefiniteDatabase..
[2025-12-22 11시46분34초	1766371594527]	3ms

[2025-12-22 11시46분34초	1766371594528]	ExpDatabase..
[2025-12-22 11시46분34초	1766371594530]	2ms

[2025-12-22 11시46분34초	1766371594530]	BackgroundDatabase..
[2025-12-22 11시46분34초	1766371594649]	119ms

[2025-12-22 11시46분34초	1766371594649]	SpriteFrameDatabase..
[2025-12-22 11시46분34초	1766371594705]	56ms

[2025-12-22 11시46분34초	1766371594706]	SkillDatabase..
[2025-12-22 11시46분34초	1766371594709]	3ms

[2025-12-22 11시46분34초	1766371594710]	NpcDatabase..
[2025-12-22 11시46분34초	1766371594718]	8ms

[2025-12-22 11시46분34초	1766371594724]	NpcShopDatabase..
[2025-12-22 11시46분34초	1766371594784]	60ms

[2025-12-22 11시46분34초	1766371594785]	NpcTeleportDatabase..
[2025-12-22 11시46분34초	1766371594787]	2ms

[2025-12-22 11시46분34초	1766371594920]	NpcSpawnlistDatabase..
[2025-12-22 11시46분34초	1766371594973]	53ms

[2025-12-22 11시46분34초	1766371594974]	EventController..
[2025-12-22 11시46분34초	1766371594975]	1ms

[2025-12-22 11시46분34초	1766371594976]	MonsterDatabase..
[2025-12-22 11시46분34초	1766371594991]	15ms

[2025-12-22 11시46분34초	1766371594999]	MonsterDropDatabase..
[2025-12-22 11시46분35초	1766371595024]	25ms

[2025-12-22 11시46분35초	1766371595025]	MonsterSkillDatabase..
[2025-12-22 11시46분35초	1766371595040]	15ms

[2025-12-22 11시46분35초	1766371595041]	MonsterSpawnlistDatabase..
[2025-12-22 11시46분36초	1766371596021]	980ms

[2025-12-22 11시46분36초	1766371596023]	MonsterBossSpawnlistDatabase..
[2025-12-22 11시46분36초	1766371596026]	2ms

[2025-12-22 11시46분36초	1766371596026]	ServerDownBossListDatabase..
[2025-12-22 11시46분36초	1766371596027]	1ms

[2025-12-22 11시46분36초	1766371596028]	BadIpDatabase..
[2025-12-22 11시46분36초	1766371596030]	2ms

[2025-12-22 11시46분36초	1766371596030]	QuestController..
[2025-12-22 11시46분36초	1766371596032]	2ms

[2025-12-22 11시46분36초	1766371596032]	ServerOpcodesDatabase..
[2025-12-22 11시46분36초	1766371596036]	4ms

[2025-12-22 11시46분36초	1766371596037]	ServerNoticeDatabase..
[2025-12-22 11시46분36초	1766371596040]	3ms

[2025-12-22 11시46분36초	1766371596041]	RankController..
[2025-12-22 11시46분36초	1766371596049]	8ms

[2025-12-22 11시46분36초	1766371596050]	WantedController..
[2025-12-22 11시46분36초	1766371596051]	1ms

[2025-12-22 11시46분36초	1766371596052]	TeleportHomeDatabase..
[2025-12-22 11시46분36초	1766371596084]	32ms

[2025-12-22 11시46분36초	1766371596085]	TeleportResetDatabase..
[2025-12-22 11시46분36초	1766371596113]	28ms

[2025-12-22 11시46분36초	1766371596114]	ItemPinewandDatabase..
[2025-12-22 11시46분36초	1766371596116]	2ms

[2025-12-22 11시46분36초	1766371596117]	ItemMaplewandDatabase..
[2025-12-22 11시46분36초	1766371596119]	2ms

[2025-12-22 11시46분36초	1766371596120]	SummonListDatabase..
[2025-12-22 11시46분36초	1766371596122]	2ms

[2025-12-22 11시46분36초	1766371596122]	GmListDatabase..
[2025-12-22 11시46분36초	1766371596124]	2ms

[2025-12-22 11시46분36초	1766371596125]	MagicdollListDatabase..
[2025-12-22 11시46분36초	1766371596128]	2ms

[2025-12-22 11시46분36초	1766371596131]	PcMarketController..
[2025-12-22 11시46분36초	1766371596132]	1ms

[2025-12-22 11시46분36초	1766371596133]	ServerOptionDatabase..
[2025-12-22 11시46분36초	1766371596133]	0ms

[2025-12-22 11시46분36초	1766371596134]	TimeDungeonDatabase..
[2025-12-22 11시46분36초	1766371596135]	1ms

[2025-12-22 11시46분36초	1766371596136]	TeamBattleDatabase..
[2025-12-22 11시46분36초	1766371596137]	1ms

[2025-12-22 11시46분36초	1766371596137]	LifeLostItemDatabase..
[2025-12-22 11시46분36초	1766371596139]	2ms

[2025-12-22 11시46분36초	1766371596140]	GmTeleportDatabase..
[2025-12-22 11시46분36초	1766371596141]	1ms

[2025-12-22 11시46분36초	1766371596143]	무인혈맹컨트롤러..
[2025-12-22 11시46분36초	1766371596144]	1ms

[2025-12-22 11시46분36초	1766371596144]	HackNoCheckDatabase..
[2025-12-22 11시46분36초	1766371596145]	1ms

[2025-12-22 11시46분36초	1766371596146]	EnchantLostItemDatabase..
[2025-12-22 11시46분36초	1766371596147]	1ms

[2025-12-22 11시46분36초	1766371596148]	ItemDropMessageDatabase..
[2025-12-22 11시46분36초	1766371596148]	0ms

[2025-12-22 11시46분36초	1766371596150]	FishingController..
[2025-12-22 11시46분36초	1766371596162]	12ms

[2025-12-22 11시46분36초	1766371596170]	RobotController..
[2025-12-22 11시46분36초	1766371596267]	97ms

[2025-12-22 11시46분36초	1766371596272]	Server..
[2025-12-22 11시46분36초	1766371596348]	76ms

[2025-12-22 11시46분36초	1766371596349]	ServerThread..
[2025-12-22 11시46분36초	1766371596349]	0ms

[2025-12-22 11시46분36초	1766371596350]	ControllerTherad..
[2025-12-22 11시46분36초	1766371596350]	0ms

[2025-12-22 11시46분36초	1766371596351]	CharacterThread..
[2025-12-22 11시46분36초	1766371596351]	1ms

[2025-12-22 11시46분36초	1766371596352]	DatabaseThread..
[2025-12-22 11시46분36초	1766371596352]	0ms

[2025-12-22 11시46분36초	1766371596354]	CharacterControlThread..
[2025-12-22 11시46분36초	1766371596354]	0ms

[2025-12-22 11시46분36초	1766371596358]	FightController..
[2025-12-22 11시46분36초	1766371596413]	55ms

[2025-12-22 11시46분36초	1766371596413]	TimeThread..
[2025-12-22 11시46분36초	1766371596414]	1ms

[2025-12-22 11시46분36초	1766371596414]	AutoHuntThread..
[2025-12-22 11시46분36초	1766371596414]	0ms

[2025-12-22 11시46분36초	1766371596414]	======================================================================
[2025-12-22 11시46분36초	1766371596415]	Server Version  :  Lineage 2.0

[2025-12-22 11시46분36초	1766371596415]	Server Port      :  2000

[2025-12-22 11시46분36초	1766371596415]	계정 자동생성  :  on

[2025-12-22 11시46분36초	1766371596415]	인챈트 : 1.0배  ||  드랍 : 1.0배  ||  경험치 : 30.0배  ||  아데나 : 200.0배  ||  파티 : 1.1배

[2025-12-22 11시46분36초	1766371596415]	======================================================================
[2025-12-22 11시46분36초	1766371596415]	'서버' 가동되었습니다.

[2025-12-22 11시49분37초	1766371777112]	자동 저장완료 2025-12-22 11시49분37초
[2025-12-22 11시52분37초	1766371957872]	자동 저장완료 2025-12-22 11시52분37초
[2025-12-22 11시55분38초	1766372138425]	자동 저장완료 2025-12-22 11시55분38초
[2025-12-22 11시58분38초	1766372318973]	자동 저장완료 2025-12-22 11시58분38초
[2025-12-22 12시01분39초	1766372499700]	자동 저장완료 2025-12-22 12시01분39초
[2025-12-22 12시04분40초	1766372680364]	자동 저장완료 2025-12-22 12시04분40초
[2025-12-22 12시07분40초	1766372860918]	자동 저장완료 2025-12-22 12시07분40초
[2025-12-22 12시10분41초	1766373041480]	자동 저장완료 2025-12-22 12시10분41초
[2025-12-22 12시13분42초	1766373222030]	자동 저장완료 2025-12-22 12시13분42초
[2025-12-22 12시16분42초	1766373402571]	자동 저장완료 2025-12-22 12시16분42초
[2025-12-22 12시19분43초	1766373583166]	자동 저장완료 2025-12-22 12시19분43초
[2025-12-22 12시22분43초	1766373763716]	자동 저장완료 2025-12-22 12시22분43초
[2025-12-22 12시25분44초	1766373944253]	자동 저장완료 2025-12-22 12시25분44초
[2025-12-22 12시28분44초	1766374124787]	자동 저장완료 2025-12-22 12시28분44초
[2025-12-22 12시31분45초	1766374305344]	자동 저장완료 2025-12-22 12시31분45초
[2025-12-22 12시34분45초	1766374485995]	자동 저장완료 2025-12-22 12시34분45초
[2025-12-22 12시37분46초	1766374666663]	자동 저장완료 2025-12-22 12시37분46초
[2025-12-22 12시40분47초	1766374847216]	자동 저장완료 2025-12-22 12시40분47초
[2025-12-22 12시43분47초	1766375027791]	자동 저장완료 2025-12-22 12시43분47초
[2025-12-22 12시46분48초	1766375208338]	자동 저장완료 2025-12-22 12시46분48초
[2025-12-22 12시49분48초	1766375388890]	자동 저장완료 2025-12-22 12시49분48초
[2025-12-22 12시52분49초	1766375569429]	자동 저장완료 2025-12-22 12시52분49초
[2025-12-22 12시55분50초	1766375750014]	자동 저장완료 2025-12-22 12시55분50초
[2025-12-22 12시58분50초	1766375930573]	자동 저장완료 2025-12-22 12시58분50초
[2025-12-22 13시01분17초	1766376077594]	서버가 즉시 종료됩니다...
[2025-12-22 13시01분18초	1766376078594]	Thread close..
[2025-12-22 13시01분19초	1766376079594]	Save Database..
[2025-12-22 13시01분20초	1766376080135]	Socket close..
[2025-12-22 13시01분20초	1766376080135]	LineageServer Close...
[2025-12-22 13시01분20초	1766376080135]	0ms

[2025-12-22 13시01분20초	1766376080135]	ok..
