[2025-12-22 13시41분59초	1766378519000]	Mysql..
[2025-12-22 13시41분59초	1766378519001]	2ms

[2025-12-22 13시41분59초	1766378519020]	lineage.conf file loading...
[2025-12-22 13시41분59초	1766378519054]	34ms

[2025-12-22 13시41분59초	1766378519061]	Lineage_Balance..
[2025-12-22 13시41분59초	1766378519072]	11ms

[2025-12-22 13시41분59초	1766378519073]	npc_promotion..
[2025-12-22 13시41분59초	1766378519073]	0ms

[2025-12-22 13시41분59초	1766378519074]	Socket..
[2025-12-22 13시41분59초	1766378519074]	0ms

[2025-12-22 13시41분59초	1766378519074]	Common..
[2025-12-22 13시41분59초	1766378519075]	1ms

[2025-12-22 13시41분59초	1766378519075]	EventThread..
[2025-12-22 13시41분59초	1766378519076]	1ms

[2025-12-22 13시41분59초	1766378519077]	AiExecuteThread..
[2025-12-22 13시41분59초	1766378519077]	0ms

[2025-12-22 13시41분59초	1766378519078]	AiThread..
[2025-12-22 13시41분59초	1766378519078]	0ms

[2025-12-22 13시41분59초	1766378519081]	World..
[2025-12-22 13시41분59초	1766378519171]	90ms

[2025-12-22 13시41분59초	1766378519173]	BookController..
[2025-12-22 13시41분59초	1766378519173]	0ms

[2025-12-22 13시41분59초	1766378519173]	InventoryController..
[2025-12-22 13시41분59초	1766378519173]	0ms

[2025-12-22 13시41분59초	1766378519174]	BasePacketPooling..
[2025-12-22 13시41분59초	1766378519174]	0ms

[2025-12-22 13시41분59초	1766378519176]	SkillController..
[2025-12-22 13시41분59초	1766378519177]	0ms

[2025-12-22 13시41분59초	1766378519184]	DamageController..
[2025-12-22 13시41분59초	1766378519184]	0ms

[2025-12-22 13시41분59초	1766378519186]	CharacterController..
[2025-12-22 13시41분59초	1766378519186]	0ms

[2025-12-22 13시41분59초	1766378519187]	TradeController..
[2025-12-22 13시41분59초	1766378519187]	0ms

[2025-12-22 13시41분59초	1766378519188]	DungeonController..
[2025-12-22 13시41분59초	1766378519188]	0ms

[2025-12-22 13시41분59초	1766378519189]	ShipController..
[2025-12-22 13시41분59초	1766378519189]	0ms

[2025-12-22 13시41분59초	1766378519190]	BuffController..
[2025-12-22 13시41분59초	1766378519190]	0ms

[2025-12-22 13시41분59초	1766378519193]	SummonController..
[2025-12-22 13시41분59초	1766378519193]	0ms

[2025-12-22 13시41분59초	1766378519194]	PartyController..
[2025-12-22 13시41분59초	1766378519195]	1ms

[2025-12-22 13시41분59초	1766378519195]	InnController..
[2025-12-22 13시41분59초	1766378519195]	0ms

[2025-12-22 13시41분59초	1766378519197]	BoardController..
[2025-12-22 13시41분59초	1766378519197]	0ms

[2025-12-22 13시41분59초	1766378519198]	LetterController..
[2025-12-22 13시41분59초	1766378519198]	0ms

[2025-12-22 13시41분59초	1766378519199]	UserShopController..
[2025-12-22 13시41분59초	1766378519199]	0ms

[2025-12-22 13시41분59초	1766378519200]	ChattingController..
[2025-12-22 13시41분59초	1766378519204]	4ms

[2025-12-22 13시41분59초	1766378519206]	ColosseumController..
[2025-12-22 13시41분59초	1766378519206]	0ms

[2025-12-22 13시41분59초	1766378519207]	CraftController..
[2025-12-22 13시41분59초	1766378519207]	0ms

[2025-12-22 13시41분59초	1766378519216]	BossController..
[2025-12-22 13시41분59초	1766378519216]	0ms

[2025-12-22 13시41분59초	1766378519225]	NoticeController..
[2025-12-22 13시41분59초	1766378519225]	0ms

[2025-12-22 13시41분59초	1766378519226]	FriendController..
[2025-12-22 13시41분59초	1766378519226]	0ms

[2025-12-22 13시41분59초	1766378519227]	BugScanningController..
[2025-12-22 13시41분59초	1766378519227]	0ms

[2025-12-22 13시41분59초	1766378519228]	MagicDollController..
[2025-12-22 13시41분59초	1766378519228]	0ms

[2025-12-22 13시41분59초	1766378519229]	ShopController..
[2025-12-22 13시41분59초	1766378519229]	0ms

[2025-12-22 13시41분59초	1766378519231]	WarehouseDatabase..
[2025-12-22 13시41분59초	1766378519231]	0ms

[2025-12-22 13시41분59초	1766378519232]	PakTools..
[2025-12-22 13시41분59초	1766378519233]	1ms

[2025-12-22 13시41분59초	1766378519234]	ScriptController...
[2025-12-22 13시41분59초	1766378519237]	3ms

[2025-12-22 13시41분59초	1766378519238]	GiranClanLordController..
[2025-12-22 13시41분59초	1766378519238]	0ms

[2025-12-22 13시41분59초	1766378519239]	TeamBattleController..
[2025-12-22 13시41분59초	1766378519239]	0ms

[2025-12-22 13시41분59초	1766378519240]	WorldClearController..
[2025-12-22 13시41분59초	1766378519240]	0ms

[2025-12-22 13시41분59초	1766378519241]	SpotController..
[2025-12-22 13시41분59초	1766378519241]	0ms

[2025-12-22 13시41분59초	1766378519242]	테베라스 컨트롤러..
[2025-12-22 13시41분59초	1766378519242]	0ms

[2025-12-22 13시41분59초	1766378519243]	지옥 컨트롤러..
[2025-12-22 13시41분59초	1766378519243]	0ms

[2025-12-22 13시41분59초	1766378519244]	지하수로 컨트롤러..
[2025-12-22 13시41분59초	1766378519244]	0ms

[2025-12-22 13시41분59초	1766378519245]	보물찾기컨트롤러..
[2025-12-22 13시41분59초	1766378519245]	0ms

[2025-12-22 13시41분59초	1766378519246]	마족신전 컨트롤러..
[2025-12-22 13시41분59초	1766378519246]	0ms

[2025-12-22 13시41분59초	1766378519247]	고무 컨트롤러..
[2025-12-22 13시41분59초	1766378519252]	5ms

[2025-12-22 13시41분59초	1766378519253]	정무던전 컨트롤러..
[2025-12-22 13시41분59초	1766378519253]	0ms

[2025-12-22 13시41분59초	1766378519254]	그신 컨트롤러..
[2025-12-22 13시41분59초	1766378519254]	0ms

[2025-12-22 13시41분59초	1766378519255]	라바던전 컨트롤러..
[2025-12-22 13시41분59초	1766378519255]	0ms

[2025-12-22 13시41분59초	1766378519255]	월드보스컨트롤러..
[2025-12-22 13시41분59초	1766378519255]	0ms

[2025-12-22 13시41분59초	1766378519256]	펭귄 사냥터 컨트롤러..
[2025-12-22 13시41분59초	1766378519256]	0ms

[2025-12-22 13시41분59초	1766378519257]	칠흑던전 컨트롤러..
[2025-12-22 13시41분59초	1766378519257]	0ms

[2025-12-22 13시41분59초	1766378519258]	악마왕의영토컨트롤러..
[2025-12-22 13시41분59초	1766378519258]	0ms

[2025-12-22 13시41분59초	1766378519259]	얼던컨트롤러..
[2025-12-22 13시41분59초	1766378519259]	0ms

[2025-12-22 13시41분59초	1766378519260]	기감 컨트롤러..
[2025-12-22 13시41분59초	1766378519260]	0ms

[2025-12-22 13시41분59초	1766378519260]	고라스컨트롤러..
[2025-12-22 13시41분59초	1766378519260]	0ms

[2025-12-22 13시41분59초	1766378519261]	드워프컨트롤러..
[2025-12-22 13시41분59초	1766378519261]	0ms

[2025-12-22 13시41분59초	1766378519262]	타임이벤트컨트롤러..
[2025-12-22 13시41분59초	1766378519262]	0ms

[2025-12-22 13시41분59초	1766378519262]	AutoHuntController..
[2025-12-22 13시41분59초	1766378519262]	0ms

[2025-12-22 13시41분59초	1766378519263]	DatabaseConnection..
[2025-12-22 13시41분59초	1766378519581]	318ms

[2025-12-22 13시41분59초	1766378519605]	ServerDatabase..
[2025-12-22 13시41분59초	1766378519642]	37ms

[2025-12-22 13시41분59초	1766378519645]	SlimeRaceController..
[2025-12-22 13시41분59초	1766378519647]	2ms

[2025-12-22 13시41분59초	1766378519649]	DogRaceController..
[2025-12-22 13시41분59초	1766378519650]	1ms

[2025-12-22 13시41분59초	1766378519653]	ClanController..
[2025-12-22 13시41분59초	1766378519657]	4ms

[2025-12-22 13시41분59초	1766378519660]	KingdomController..
[2025-12-22 13시41분59초	1766378519666]	6ms

[2025-12-22 13시41분59초	1766378519667]	AgitController..
[2025-12-22 13시41분59초	1766378519672]	4ms

[2025-12-22 13시41분59초	1766378519673]	AuctionController..
[2025-12-22 13시41분59초	1766378519678]	5ms

[2025-12-22 13시41분59초	1766378519683]	ItemDatabase..
[2025-12-22 13시41분59초	1766378519784]	101ms

[2025-12-22 13시41분59초	1766378519785]	ItemSetopionDatabase..
[2025-12-22 13시41분59초	1766378519787]	2ms

[2025-12-22 13시41분59초	1766378519788]	AutosellDatabase..
[2025-12-22 13시41분59초	1766378519808]	20ms

[2025-12-22 13시41분59초	1766378519809]	ItemSkillDatabase..
[2025-12-22 13시41분59초	1766378519811]	2ms

[2025-12-22 13시41분59초	1766378519812]	ItemBundleDatabase..
[2025-12-22 13시41분59초	1766378519815]	3ms

[2025-12-22 13시41분59초	1766378519825]	ItemChanceBundleDatabase..
[2025-12-22 13시41분59초	1766378519828]	3ms

[2025-12-22 13시41분59초	1766378519828]	FishItemListDatabase..
[2025-12-22 13시41분59초	1766378519830]	2ms

[2025-12-22 13시41분59초	1766378519831]	ItemTeleport..
[2025-12-22 13시41분59초	1766378519833]	2ms

[2025-12-22 13시41분59초	1766378519834]	PolyDatabase..
[2025-12-22 13시41분59초	1766378519837]	3ms

[2025-12-22 13시41분59초	1766378519838]	DungeonDatabase..
[2025-12-22 13시41분59초	1766378519842]	4ms

[2025-12-22 13시41분59초	1766378519842]	DefiniteDatabase..
[2025-12-22 13시41분59초	1766378519844]	2ms

[2025-12-22 13시41분59초	1766378519845]	ExpDatabase..
[2025-12-22 13시41분59초	1766378519846]	1ms

[2025-12-22 13시41분59초	1766378519846]	BackgroundDatabase..
[2025-12-22 13시42분00초	1766378520006]	160ms

[2025-12-22 13시42분00초	1766378520006]	SpriteFrameDatabase..
[2025-12-22 13시42분00초	1766378520070]	64ms

[2025-12-22 13시42분00초	1766378520071]	SkillDatabase..
[2025-12-22 13시42분00초	1766378520073]	2ms

[2025-12-22 13시42분00초	1766378520074]	NpcDatabase..
[2025-12-22 13시42분00초	1766378520081]	7ms

[2025-12-22 13시42분00초	1766378520082]	NpcShopDatabase..
[2025-12-22 13시42분00초	1766378520142]	60ms

[2025-12-22 13시42분00초	1766378520143]	NpcTeleportDatabase..
[2025-12-22 13시42분00초	1766378520145]	1ms

[2025-12-22 13시42분00초	1766378520294]	NpcSpawnlistDatabase..
[2025-12-22 13시42분00초	1766378520362]	68ms

[2025-12-22 13시42분00초	1766378520364]	EventController..
[2025-12-22 13시42분00초	1766378520364]	0ms

[2025-12-22 13시42분00초	1766378520366]	MonsterDatabase..
[2025-12-22 13시42분00초	1766378520380]	14ms

[2025-12-22 13시42분00초	1766378520381]	MonsterDropDatabase..
[2025-12-22 13시42분00초	1766378520404]	23ms

[2025-12-22 13시42분00초	1766378520406]	MonsterSkillDatabase..
[2025-12-22 13시42분00초	1766378520419]	13ms

[2025-12-22 13시42분00초	1766378520421]	MonsterSpawnlistDatabase..
[2025-12-22 13시42분01초	1766378521720]	1299ms

[2025-12-22 13시42분01초	1766378521721]	MonsterBossSpawnlistDatabase..
[2025-12-22 13시42분01초	1766378521723]	2ms

[2025-12-22 13시42분01초	1766378521724]	ServerDownBossListDatabase..
[2025-12-22 13시42분01초	1766378521725]	1ms

[2025-12-22 13시42분01초	1766378521726]	BadIpDatabase..
[2025-12-22 13시42분01초	1766378521728]	2ms

[2025-12-22 13시42분01초	1766378521728]	QuestController..
[2025-12-22 13시42분01초	1766378521729]	1ms

[2025-12-22 13시42분01초	1766378521730]	ServerOpcodesDatabase..
[2025-12-22 13시42분01초	1766378521733]	3ms

[2025-12-22 13시42분01초	1766378521734]	ServerNoticeDatabase..
[2025-12-22 13시42분01초	1766378521735]	1ms

[2025-12-22 13시42분01초	1766378521737]	RankController..
[2025-12-22 13시42분01초	1766378521744]	7ms

[2025-12-22 13시42분01초	1766378521745]	WantedController..
[2025-12-22 13시42분01초	1766378521746]	1ms

[2025-12-22 13시42분01초	1766378521754]	TeleportHomeDatabase..
[2025-12-22 13시42분01초	1766378521788]	34ms

[2025-12-22 13시42분01초	1766378521789]	TeleportResetDatabase..
[2025-12-22 13시42분01초	1766378521822]	33ms

[2025-12-22 13시42분01초	1766378521823]	ItemPinewandDatabase..
[2025-12-22 13시42분01초	1766378521825]	2ms

[2025-12-22 13시42분01초	1766378521826]	ItemMaplewandDatabase..
[2025-12-22 13시42분01초	1766378521829]	3ms

[2025-12-22 13시42분01초	1766378521830]	SummonListDatabase..
[2025-12-22 13시42분01초	1766378521831]	1ms

[2025-12-22 13시42분01초	1766378521832]	GmListDatabase..
[2025-12-22 13시42분01초	1766378521833]	1ms

[2025-12-22 13시42분01초	1766378521834]	MagicdollListDatabase..
[2025-12-22 13시42분01초	1766378521836]	2ms

[2025-12-22 13시42분01초	1766378521840]	PcMarketController..
[2025-12-22 13시42분01초	1766378521841]	1ms

[2025-12-22 13시42분01초	1766378521841]	ServerOptionDatabase..
[2025-12-22 13시42분01초	1766378521842]	1ms

[2025-12-22 13시42분01초	1766378521844]	TimeDungeonDatabase..
[2025-12-22 13시42분01초	1766378521844]	0ms

[2025-12-22 13시42분01초	1766378521845]	TeamBattleDatabase..
[2025-12-22 13시42분01초	1766378521846]	1ms

[2025-12-22 13시42분01초	1766378521847]	LifeLostItemDatabase..
[2025-12-22 13시42분01초	1766378521849]	2ms

[2025-12-22 13시42분01초	1766378521850]	GmTeleportDatabase..
[2025-12-22 13시42분01초	1766378521852]	2ms

[2025-12-22 13시42분01초	1766378521854]	무인혈맹컨트롤러..
[2025-12-22 13시42분01초	1766378521855]	1ms

[2025-12-22 13시42분01초	1766378521855]	HackNoCheckDatabase..
[2025-12-22 13시42분01초	1766378521856]	1ms

[2025-12-22 13시42분01초	1766378521857]	EnchantLostItemDatabase..
[2025-12-22 13시42분01초	1766378521857]	0ms

[2025-12-22 13시42분01초	1766378521858]	ItemDropMessageDatabase..
[2025-12-22 13시42분01초	1766378521858]	0ms

[2025-12-22 13시42분01초	1766378521860]	FishingController..
[2025-12-22 13시42분01초	1766378521871]	11ms

[2025-12-22 13시42분01초	1766378521881]	RobotController..
[2025-12-22 13시42분01초	1766378521981]	100ms

[2025-12-22 13시42분01초	1766378521982]	Server..
[2025-12-22 13시42분02초	1766378522051]	69ms

[2025-12-22 13시42분02초	1766378522051]	ServerThread..
[2025-12-22 13시42분02초	1766378522052]	1ms

[2025-12-22 13시42분02초	1766378522052]	ControllerTherad..
[2025-12-22 13시42분02초	1766378522053]	1ms

[2025-12-22 13시42분02초	1766378522053]	CharacterThread..
[2025-12-22 13시42분02초	1766378522054]	1ms

[2025-12-22 13시42분02초	1766378522055]	DatabaseThread..
[2025-12-22 13시42분02초	1766378522055]	0ms

[2025-12-22 13시42분02초	1766378522056]	CharacterControlThread..
[2025-12-22 13시42분02초	1766378522057]	1ms

[2025-12-22 13시42분02초	1766378522100]	FightController..
[2025-12-22 13시42분02초	1766378522115]	15ms

[2025-12-22 13시42분02초	1766378522116]	TimeThread..
[2025-12-22 13시42분02초	1766378522119]	3ms

[2025-12-22 13시42분02초	1766378522121]	AutoHuntThread..
[2025-12-22 13시42분02초	1766378522121]	0ms

[2025-12-22 13시42분02초	1766378522121]	======================================================================
[2025-12-22 13시42분02초	1766378522123]	Server Version  :  Lineage 2.0

[2025-12-22 13시42분02초	1766378522123]	Server Port      :  2000

[2025-12-22 13시42분02초	1766378522123]	계정 자동생성  :  on

[2025-12-22 13시42분02초	1766378522123]	인챈트 : 1.0배  ||  드랍 : 1.0배  ||  경험치 : 30.0배  ||  아데나 : 200.0배  ||  파티 : 1.1배

[2025-12-22 13시42분02초	1766378522123]	======================================================================
[2025-12-22 13시42분02초	1766378522123]	'서버' 가동되었습니다.

[2025-12-22 13시45분02초	1766378702702]	자동 저장완료 2025-12-22 13시45분02초
[2025-12-22 13시48분03초	1766378883235]	자동 저장완료 2025-12-22 13시48분03초
[2025-12-22 13시50분08초	1766379008543]	서버가 즉시 종료됩니다...
[2025-12-22 13시50분09초	1766379009544]	Thread close..
[2025-12-22 13시50분10초	1766379010544]	Save Database..
[2025-12-22 13시50분11초	1766379011085]	Socket close..
[2025-12-22 13시50분11초	1766379011085]	LineageServer Close...
[2025-12-22 13시50분11초	1766379011085]	0ms

[2025-12-22 13시50분11초	1766379011085]	ok..
