[2025-12-22 14시38분18초	1766381898839]	Mysql..
[2025-12-22 14시38분18초	1766381898840]	3ms

[2025-12-22 14시38분18초	1766381898858]	lineage.conf file loading...
[2025-12-22 14시38분18초	1766381898899]	41ms

[2025-12-22 14시38분18초	1766381898907]	Lineage_Balance..
[2025-12-22 14시38분18초	1766381898917]	10ms

[2025-12-22 14시38분18초	1766381898919]	npc_promotion..
[2025-12-22 14시38분18초	1766381898920]	1ms

[2025-12-22 14시38분18초	1766381898921]	Socket..
[2025-12-22 14시38분18초	1766381898922]	1ms

[2025-12-22 14시38분18초	1766381898922]	Common..
[2025-12-22 14시38분18초	1766381898922]	0ms

[2025-12-22 14시38분18초	1766381898923]	EventThread..
[2025-12-22 14시38분18초	1766381898923]	0ms

[2025-12-22 14시38분18초	1766381898924]	AiExecuteThread..
[2025-12-22 14시38분18초	1766381898925]	1ms

[2025-12-22 14시38분18초	1766381898926]	AiThread..
[2025-12-22 14시38분18초	1766381898926]	0ms

[2025-12-22 14시38분18초	1766381898938]	World..
[2025-12-22 14시38분19초	1766381899230]	292ms

[2025-12-22 14시38분19초	1766381899233]	BookController..
[2025-12-22 14시38분19초	1766381899233]	0ms

[2025-12-22 14시38분19초	1766381899235]	InventoryController..
[2025-12-22 14시38분19초	1766381899235]	0ms

[2025-12-22 14시38분19초	1766381899236]	BasePacketPooling..
[2025-12-22 14시38분19초	1766381899236]	0ms

[2025-12-22 14시38분19초	1766381899247]	SkillController..
[2025-12-22 14시38분19초	1766381899249]	0ms

[2025-12-22 14시38분19초	1766381899260]	DamageController..
[2025-12-22 14시38분19초	1766381899260]	0ms

[2025-12-22 14시38분19초	1766381899263]	CharacterController..
[2025-12-22 14시38분19초	1766381899263]	0ms

[2025-12-22 14시38분19초	1766381899265]	TradeController..
[2025-12-22 14시38분19초	1766381899265]	0ms

[2025-12-22 14시38분19초	1766381899267]	DungeonController..
[2025-12-22 14시38분19초	1766381899267]	0ms

[2025-12-22 14시38분19초	1766381899276]	ShipController..
[2025-12-22 14시38분19초	1766381899276]	0ms

[2025-12-22 14시38분19초	1766381899277]	BuffController..
[2025-12-22 14시38분19초	1766381899278]	1ms

[2025-12-22 14시38분19초	1766381899286]	SummonController..
[2025-12-22 14시38분19초	1766381899286]	0ms

[2025-12-22 14시38분19초	1766381899288]	PartyController..
[2025-12-22 14시38분19초	1766381899288]	0ms

[2025-12-22 14시38분19초	1766381899289]	InnController..
[2025-12-22 14시38분19초	1766381899289]	0ms

[2025-12-22 14시38분19초	1766381899292]	BoardController..
[2025-12-22 14시38분19초	1766381899292]	0ms

[2025-12-22 14시38분19초	1766381899296]	LetterController..
[2025-12-22 14시38분19초	1766381899296]	0ms

[2025-12-22 14시38분19초	1766381899297]	UserShopController..
[2025-12-22 14시38분19초	1766381899297]	0ms

[2025-12-22 14시38분19초	1766381899300]	ChattingController..
[2025-12-22 14시38분19초	1766381899306]	6ms

[2025-12-22 14시38분19초	1766381899309]	ColosseumController..
[2025-12-22 14시38분19초	1766381899309]	0ms

[2025-12-22 14시38분19초	1766381899311]	CraftController..
[2025-12-22 14시38분19초	1766381899311]	0ms

[2025-12-22 14시38분19초	1766381899314]	BossController..
[2025-12-22 14시38분19초	1766381899314]	0ms

[2025-12-22 14시38분19초	1766381899317]	NoticeController..
[2025-12-22 14시38분19초	1766381899317]	0ms

[2025-12-22 14시38분19초	1766381899319]	FriendController..
[2025-12-22 14시38분19초	1766381899319]	0ms

[2025-12-22 14시38분19초	1766381899320]	BugScanningController..
[2025-12-22 14시38분19초	1766381899320]	0ms

[2025-12-22 14시38분19초	1766381899323]	MagicDollController..
[2025-12-22 14시38분19초	1766381899323]	0ms

[2025-12-22 14시38분19초	1766381899324]	ShopController..
[2025-12-22 14시38분19초	1766381899324]	0ms

[2025-12-22 14시38분19초	1766381899327]	WarehouseDatabase..
[2025-12-22 14시38분19초	1766381899327]	0ms

[2025-12-22 14시38분19초	1766381899328]	PakTools..
[2025-12-22 14시38분19초	1766381899333]	5ms

[2025-12-22 14시38분19초	1766381899334]	ScriptController...
[2025-12-22 14시38분19초	1766381899339]	5ms

[2025-12-22 14시38분19초	1766381899340]	GiranClanLordController..
[2025-12-22 14시38분19초	1766381899340]	0ms

[2025-12-22 14시38분19초	1766381899343]	TeamBattleController..
[2025-12-22 14시38분19초	1766381899343]	0ms

[2025-12-22 14시38분19초	1766381899344]	WorldClearController..
[2025-12-22 14시38분19초	1766381899345]	1ms

[2025-12-22 14시38분19초	1766381899346]	SpotController..
[2025-12-22 14시38분19초	1766381899346]	0ms

[2025-12-22 14시38분19초	1766381899347]	테베라스 컨트롤러..
[2025-12-22 14시38분19초	1766381899347]	0ms

[2025-12-22 14시38분19초	1766381899349]	지옥 컨트롤러..
[2025-12-22 14시38분19초	1766381899350]	0ms

[2025-12-22 14시38분19초	1766381899351]	지하수로 컨트롤러..
[2025-12-22 14시38분19초	1766381899352]	1ms

[2025-12-22 14시38분19초	1766381899353]	보물찾기컨트롤러..
[2025-12-22 14시38분19초	1766381899353]	0ms

[2025-12-22 14시38분19초	1766381899355]	마족신전 컨트롤러..
[2025-12-22 14시38분19초	1766381899355]	0ms

[2025-12-22 14시38분19초	1766381899356]	고무 컨트롤러..
[2025-12-22 14시38분19초	1766381899364]	8ms

[2025-12-22 14시38분19초	1766381899365]	정무던전 컨트롤러..
[2025-12-22 14시38분19초	1766381899366]	1ms

[2025-12-22 14시38분19초	1766381899367]	그신 컨트롤러..
[2025-12-22 14시38분19초	1766381899368]	1ms

[2025-12-22 14시38분19초	1766381899369]	라바던전 컨트롤러..
[2025-12-22 14시38분19초	1766381899369]	0ms

[2025-12-22 14시38분19초	1766381899371]	월드보스컨트롤러..
[2025-12-22 14시38분19초	1766381899371]	0ms

[2025-12-22 14시38분19초	1766381899372]	펭귄 사냥터 컨트롤러..
[2025-12-22 14시38분19초	1766381899373]	1ms

[2025-12-22 14시38분19초	1766381899374]	칠흑던전 컨트롤러..
[2025-12-22 14시38분19초	1766381899375]	1ms

[2025-12-22 14시38분19초	1766381899376]	악마왕의영토컨트롤러..
[2025-12-22 14시38분19초	1766381899376]	0ms

[2025-12-22 14시38분19초	1766381899378]	얼던컨트롤러..
[2025-12-22 14시38분19초	1766381899378]	0ms

[2025-12-22 14시38분19초	1766381899379]	기감 컨트롤러..
[2025-12-22 14시38분19초	1766381899380]	1ms

[2025-12-22 14시38분19초	1766381899381]	고라스컨트롤러..
[2025-12-22 14시38분19초	1766381899381]	0ms

[2025-12-22 14시38분19초	1766381899382]	드워프컨트롤러..
[2025-12-22 14시38분19초	1766381899382]	0ms

[2025-12-22 14시38분19초	1766381899384]	타임이벤트컨트롤러..
[2025-12-22 14시38분19초	1766381899384]	0ms

[2025-12-22 14시38분19초	1766381899385]	AutoHuntController..
[2025-12-22 14시38분19초	1766381899385]	0ms

[2025-12-22 14시38분19초	1766381899386]	DatabaseConnection..
[2025-12-22 14시38분19초	1766381899745]	359ms

[2025-12-22 14시38분19초	1766381899760]	ServerDatabase..
[2025-12-22 14시38분19초	1766381899791]	31ms

[2025-12-22 14시38분19초	1766381899797]	SlimeRaceController..
[2025-12-22 14시38분19초	1766381899800]	2ms

[2025-12-22 14시38분19초	1766381899802]	DogRaceController..
[2025-12-22 14시38분19초	1766381899804]	2ms

[2025-12-22 14시38분19초	1766381899807]	ClanController..
[2025-12-22 14시38분19초	1766381899815]	8ms

[2025-12-22 14시38분19초	1766381899818]	KingdomController..
[2025-12-22 14시38분19초	1766381899836]	18ms

[2025-12-22 14시38분19초	1766381899838]	AgitController..
[2025-12-22 14시38분19초	1766381899844]	6ms

[2025-12-22 14시38분19초	1766381899847]	AuctionController..
[2025-12-22 14시38분19초	1766381899852]	5ms

[2025-12-22 14시38분19초	1766381899859]	ItemDatabase..
[2025-12-22 14시38분19초	1766381899973]	114ms

[2025-12-22 14시38분19초	1766381899975]	ItemSetopionDatabase..
[2025-12-22 14시38분19초	1766381899978]	3ms

[2025-12-22 14시38분19초	1766381899981]	AutosellDatabase..
[2025-12-22 14시38분20초	1766381900002]	21ms

[2025-12-22 14시38분20초	1766381900003]	ItemSkillDatabase..
[2025-12-22 14시38분20초	1766381900007]	4ms

[2025-12-22 14시38분20초	1766381900008]	ItemBundleDatabase..
[2025-12-22 14시38분20초	1766381900012]	4ms

[2025-12-22 14시38분20초	1766381900014]	ItemChanceBundleDatabase..
[2025-12-22 14시38분20초	1766381900017]	3ms

[2025-12-22 14시38분20초	1766381900018]	FishItemListDatabase..
[2025-12-22 14시38분20초	1766381900021]	2ms

[2025-12-22 14시38분20초	1766381900023]	ItemTeleport..
[2025-12-22 14시38분20초	1766381900026]	3ms

[2025-12-22 14시38분20초	1766381900029]	PolyDatabase..
[2025-12-22 14시38분20초	1766381900033]	4ms

[2025-12-22 14시38분20초	1766381900034]	DungeonDatabase..
[2025-12-22 14시38분20초	1766381900040]	6ms

[2025-12-22 14시38분20초	1766381900041]	DefiniteDatabase..
[2025-12-22 14시38분20초	1766381900044]	3ms

[2025-12-22 14시38분20초	1766381900045]	ExpDatabase..
[2025-12-22 14시38분20초	1766381900048]	3ms

[2025-12-22 14시38분20초	1766381900048]	BackgroundDatabase..
[2025-12-22 14시38분20초	1766381900183]	135ms

[2025-12-22 14시38분20초	1766381900183]	SpriteFrameDatabase..
[2025-12-22 14시38분20초	1766381900247]	64ms

[2025-12-22 14시38분20초	1766381900249]	SkillDatabase..
[2025-12-22 14시38분20초	1766381900253]	4ms

[2025-12-22 14시38분20초	1766381900255]	NpcDatabase..
[2025-12-22 14시38분20초	1766381900269]	14ms

[2025-12-22 14시38분20초	1766381900273]	NpcShopDatabase..
[2025-12-22 14시38분20초	1766381900338]	64ms

[2025-12-22 14시38분20초	1766381900339]	NpcTeleportDatabase..
[2025-12-22 14시38분20초	1766381900342]	3ms

[2025-12-22 14시38분20초	1766381900650]	NpcSpawnlistDatabase..
[2025-12-22 14시38분20초	1766381900721]	71ms

[2025-12-22 14시38분20초	1766381900724]	EventController..
[2025-12-22 14시38분20초	1766381900724]	0ms

[2025-12-22 14시38분20초	1766381900727]	MonsterDatabase..
[2025-12-22 14시38분20초	1766381900743]	16ms

[2025-12-22 14시38분20초	1766381900746]	MonsterDropDatabase..
[2025-12-22 14시38분20초	1766381900773]	27ms

[2025-12-22 14시38분20초	1766381900774]	MonsterSkillDatabase..
[2025-12-22 14시38분20초	1766381900790]	16ms

[2025-12-22 14시38분20초	1766381900793]	MonsterSpawnlistDatabase..
[2025-12-22 14시38분22초	1766381902425]	1632ms

[2025-12-22 14시38분22초	1766381902428]	MonsterBossSpawnlistDatabase..
[2025-12-22 14시38분22초	1766381902433]	5ms

[2025-12-22 14시38분22초	1766381902434]	ServerDownBossListDatabase..
[2025-12-22 14시38분22초	1766381902435]	1ms

[2025-12-22 14시38분22초	1766381902436]	BadIpDatabase..
[2025-12-22 14시38분22초	1766381902440]	3ms

[2025-12-22 14시38분22초	1766381902440]	QuestController..
[2025-12-22 14시38분22초	1766381902441]	1ms

[2025-12-22 14시38분22초	1766381902442]	ServerOpcodesDatabase..
[2025-12-22 14시38분22초	1766381902448]	6ms

[2025-12-22 14시38분22초	1766381902449]	ServerNoticeDatabase..
[2025-12-22 14시38분22초	1766381902458]	9ms

[2025-12-22 14시38분22초	1766381902460]	RankController..
[2025-12-22 14시38분22초	1766381902468]	8ms

[2025-12-22 14시38분22초	1766381902471]	WantedController..
[2025-12-22 14시38분22초	1766381902472]	1ms

[2025-12-22 14시38분22초	1766381902473]	TeleportHomeDatabase..
[2025-12-22 14시38분22초	1766381902504]	31ms

[2025-12-22 14시38분22초	1766381902505]	TeleportResetDatabase..
[2025-12-22 14시38분22초	1766381902534]	29ms

[2025-12-22 14시38분22초	1766381902536]	ItemPinewandDatabase..
[2025-12-22 14시38분22초	1766381902538]	2ms

[2025-12-22 14시38분22초	1766381902539]	ItemMaplewandDatabase..
[2025-12-22 14시38분22초	1766381902542]	3ms

[2025-12-22 14시38분22초	1766381902543]	SummonListDatabase..
[2025-12-22 14시38분22초	1766381902546]	3ms

[2025-12-22 14시38분22초	1766381902547]	GmListDatabase..
[2025-12-22 14시38분22초	1766381902548]	1ms

[2025-12-22 14시38분22초	1766381902550]	MagicdollListDatabase..
[2025-12-22 14시38분22초	1766381902553]	3ms

[2025-12-22 14시38분22초	1766381902560]	PcMarketController..
[2025-12-22 14시38분22초	1766381902561]	1ms

[2025-12-22 14시38분22초	1766381902562]	ServerOptionDatabase..
[2025-12-22 14시38분22초	1766381902563]	1ms

[2025-12-22 14시38분22초	1766381902564]	TimeDungeonDatabase..
[2025-12-22 14시38분22초	1766381902565]	1ms

[2025-12-22 14시38분22초	1766381902566]	TeamBattleDatabase..
[2025-12-22 14시38분22초	1766381902568]	2ms

[2025-12-22 14시38분22초	1766381902569]	LifeLostItemDatabase..
[2025-12-22 14시38분22초	1766381902571]	2ms

[2025-12-22 14시38분22초	1766381902572]	GmTeleportDatabase..
[2025-12-22 14시38분22초	1766381902574]	2ms

[2025-12-22 14시38분22초	1766381902578]	무인혈맹컨트롤러..
[2025-12-22 14시38분22초	1766381902579]	1ms

[2025-12-22 14시38분22초	1766381902580]	HackNoCheckDatabase..
[2025-12-22 14시38분22초	1766381902581]	1ms

[2025-12-22 14시38분22초	1766381902583]	EnchantLostItemDatabase..
[2025-12-22 14시38분22초	1766381902584]	1ms

[2025-12-22 14시38분22초	1766381902587]	ItemDropMessageDatabase..
[2025-12-22 14시38분22초	1766381902587]	0ms

[2025-12-22 14시38분22초	1766381902590]	FishingController..
[2025-12-22 14시38분22초	1766381902603]	13ms

[2025-12-22 14시38분22초	1766381902614]	RobotController..
[2025-12-22 14시38분22초	1766381902727]	113ms

[2025-12-22 14시38분22초	1766381902731]	Server..
[2025-12-22 14시38분22초	1766381902819]	88ms

[2025-12-22 14시38분22초	1766381902820]	ServerThread..
[2025-12-22 14시38분22초	1766381902821]	1ms

[2025-12-22 14시38분22초	1766381902822]	ControllerTherad..
[2025-12-22 14시38분22초	1766381902822]	0ms

[2025-12-22 14시38분22초	1766381902823]	CharacterThread..
[2025-12-22 14시38분22초	1766381902823]	0ms

[2025-12-22 14시38분22초	1766381902825]	DatabaseThread..
[2025-12-22 14시38분22초	1766381902825]	0ms

[2025-12-22 14시38분22초	1766381902864]	CharacterControlThread..
[2025-12-22 14시38분22초	1766381902865]	1ms

[2025-12-22 14시38분22초	1766381902874]	FightController..
[2025-12-22 14시38분22초	1766381902896]	22ms

[2025-12-22 14시38분22초	1766381902897]	TimeThread..
[2025-12-22 14시38분22초	1766381902897]	0ms

[2025-12-22 14시38분22초	1766381902899]	AutoHuntThread..
[2025-12-22 14시38분22초	1766381902902]	3ms

[2025-12-22 14시38분22초	1766381902902]	======================================================================
[2025-12-22 14시38분22초	1766381902903]	Server Version  :  Lineage 2.0

[2025-12-22 14시38분22초	1766381902903]	Server Port      :  2000

[2025-12-22 14시38분22초	1766381902903]	계정 자동생성  :  on

[2025-12-22 14시38분22초	1766381902903]	인챈트 : 1.0배  ||  드랍 : 1.0배  ||  경험치 : 30.0배  ||  아데나 : 200.0배  ||  파티 : 1.1배

[2025-12-22 14시38분22초	1766381902903]	======================================================================
[2025-12-22 14시38분22초	1766381902903]	'서버' 가동되었습니다.

[2025-12-22 14시41분23초	1766382083575]	자동 저장완료 2025-12-22 14시41분23초
[2025-12-22 14시44분24초	1766382264351]	자동 저장완료 2025-12-22 14시44분24초
[2025-12-22 14시47분25초	1766382445357]	자동 저장완료 2025-12-22 14시47분25초
[2025-12-22 14시50분26초	1766382626105]	자동 저장완료 2025-12-22 14시50분26초
[2025-12-22 14시52분16초	1766382736553]	서버가 즉시 종료됩니다...
[2025-12-22 14시52분17초	1766382737553]	Thread close..
[2025-12-22 14시52분18초	1766382738553]	Save Database..
[2025-12-22 14시52분19초	1766382739090]	Socket close..
[2025-12-22 14시52분19초	1766382739090]	LineageServer Close...
[2025-12-22 14시52분19초	1766382739090]	0ms

[2025-12-22 14시52분19초	1766382739090]	ok..
