[2025-12-30 16시24분47초	1767079487050]	Mysql..
[2025-12-30 16시24분47초	1767079487051]	4ms

[2025-12-30 16시24분47초	1767079487069]	lineage.conf file loading...
[2025-12-30 16시24분47초	1767079487111]	42ms

[2025-12-30 16시24분47초	1767079487120]	Lineage_Balance..
[2025-12-30 16시24분47초	1767079487131]	11ms

[2025-12-30 16시24분47초	1767079487132]	npc_promotion..
[2025-12-30 16시24분47초	1767079487133]	1ms

[2025-12-30 16시24분47초	1767079487134]	Socket..
[2025-12-30 16시24분47초	1767079487135]	1ms

[2025-12-30 16시24분47초	1767079487135]	Common..
[2025-12-30 16시24분47초	1767079487135]	0ms

[2025-12-30 16시24분47초	1767079487136]	EventThread..
[2025-12-30 16시24분47초	1767079487137]	1ms

[2025-12-30 16시24분47초	1767079487138]	AiExecuteThread..
[2025-12-30 16시24분47초	1767079487138]	0ms

[2025-12-30 16시24분47초	1767079487139]	AiThread..
[2025-12-30 16시24분47초	1767079487139]	0ms

[2025-12-30 16시24분47초	1767079487153]	World..
[2025-12-30 16시24분47초	1767079487466]	313ms

[2025-12-30 16시24분47초	1767079487469]	BookController..
[2025-12-30 16시24분47초	1767079487469]	0ms

[2025-12-30 16시24분47초	1767079487470]	InventoryController..
[2025-12-30 16시24분47초	1767079487470]	0ms

[2025-12-30 16시24분47초	1767079487471]	BasePacketPooling..
[2025-12-30 16시24분47초	1767079487471]	0ms

[2025-12-30 16시24분47초	1767079487482]	SkillController..
[2025-12-30 16시24분47초	1767079487485]	0ms

[2025-12-30 16시24분47초	1767079487495]	DamageController..
[2025-12-30 16시24분47초	1767079487495]	0ms

[2025-12-30 16시24분47초	1767079487498]	CharacterController..
[2025-12-30 16시24분47초	1767079487499]	1ms

[2025-12-30 16시24분47초	1767079487500]	TradeController..
[2025-12-30 16시24분47초	1767079487500]	0ms

[2025-12-30 16시24분47초	1767079487501]	DungeonController..
[2025-12-30 16시24분47초	1767079487501]	0ms

[2025-12-30 16시24분47초	1767079487502]	ShipController..
[2025-12-30 16시24분47초	1767079487502]	0ms

[2025-12-30 16시24분47초	1767079487511]	BuffController..
[2025-12-30 16시24분47초	1767079487511]	0ms

[2025-12-30 16시24분47초	1767079487517]	SummonController..
[2025-12-30 16시24분47초	1767079487517]	0ms

[2025-12-30 16시24분47초	1767079487519]	PartyController..
[2025-12-30 16시24분47초	1767079487519]	0ms

[2025-12-30 16시24분47초	1767079487520]	InnController..
[2025-12-30 16시24분47초	1767079487520]	0ms

[2025-12-30 16시24분47초	1767079487522]	BoardController..
[2025-12-30 16시24분47초	1767079487522]	0ms

[2025-12-30 16시24분47초	1767079487525]	LetterController..
[2025-12-30 16시24분47초	1767079487525]	0ms

[2025-12-30 16시24분47초	1767079487526]	UserShopController..
[2025-12-30 16시24분47초	1767079487526]	0ms

[2025-12-30 16시24분47초	1767079487528]	ChattingController..
[2025-12-30 16시24분47초	1767079487530]	2ms

[2025-12-30 16시24분47초	1767079487532]	ColosseumController..
[2025-12-30 16시24분47초	1767079487533]	1ms

[2025-12-30 16시24분47초	1767079487534]	CraftController..
[2025-12-30 16시24분47초	1767079487534]	0ms

[2025-12-30 16시24분47초	1767079487536]	BossController..
[2025-12-30 16시24분47초	1767079487536]	0ms

[2025-12-30 16시24분47초	1767079487537]	NoticeController..
[2025-12-30 16시24분47초	1767079487538]	1ms

[2025-12-30 16시24분47초	1767079487539]	FriendController..
[2025-12-30 16시24분47초	1767079487539]	0ms

[2025-12-30 16시24분47초	1767079487540]	BugScanningController..
[2025-12-30 16시24분47초	1767079487540]	0ms

[2025-12-30 16시24분47초	1767079487542]	MagicDollController..
[2025-12-30 16시24분47초	1767079487543]	1ms

[2025-12-30 16시24분47초	1767079487544]	ShopController..
[2025-12-30 16시24분47초	1767079487544]	0ms

[2025-12-30 16시24분47초	1767079487546]	WarehouseDatabase..
[2025-12-30 16시24분47초	1767079487546]	0ms

[2025-12-30 16시24분47초	1767079487547]	PakTools..
[2025-12-30 16시24분47초	1767079487551]	4ms

[2025-12-30 16시24분47초	1767079487552]	ScriptController...
[2025-12-30 16시24분47초	1767079487554]	2ms

[2025-12-30 16시24분47초	1767079487555]	GiranClanLordController..
[2025-12-30 16시24분47초	1767079487555]	0ms

[2025-12-30 16시24분47초	1767079487557]	TeamBattleController..
[2025-12-30 16시24분47초	1767079487557]	0ms

[2025-12-30 16시24분47초	1767079487558]	WorldClearController..
[2025-12-30 16시24분47초	1767079487558]	0ms

[2025-12-30 16시24분47초	1767079487559]	SpotController..
[2025-12-30 16시24분47초	1767079487559]	0ms

[2025-12-30 16시24분47초	1767079487561]	테베라스 컨트롤러..
[2025-12-30 16시24분47초	1767079487561]	0ms

[2025-12-30 16시24분47초	1767079487562]	지옥 컨트롤러..
[2025-12-30 16시24분47초	1767079487562]	0ms

[2025-12-30 16시24분47초	1767079487564]	지하수로 컨트롤러..
[2025-12-30 16시24분47초	1767079487564]	0ms

[2025-12-30 16시24분47초	1767079487565]	보물찾기컨트롤러..
[2025-12-30 16시24분47초	1767079487565]	0ms

[2025-12-30 16시24분47초	1767079487566]	마족신전 컨트롤러..
[2025-12-30 16시24분47초	1767079487566]	0ms

[2025-12-30 16시24분47초	1767079487568]	고무 컨트롤러..
[2025-12-30 16시24분47초	1767079487574]	6ms

[2025-12-30 16시24분47초	1767079487575]	정무던전 컨트롤러..
[2025-12-30 16시24분47초	1767079487575]	0ms

[2025-12-30 16시24분47초	1767079487576]	그신 컨트롤러..
[2025-12-30 16시24분47초	1767079487577]	1ms

[2025-12-30 16시24분47초	1767079487578]	라바던전 컨트롤러..
[2025-12-30 16시24분47초	1767079487578]	0ms

[2025-12-30 16시24분47초	1767079487579]	월드보스컨트롤러..
[2025-12-30 16시24분47초	1767079487579]	0ms

[2025-12-30 16시24분47초	1767079487580]	펭귄 사냥터 컨트롤러..
[2025-12-30 16시24분47초	1767079487581]	1ms

[2025-12-30 16시24분47초	1767079487582]	칠흑던전 컨트롤러..
[2025-12-30 16시24분47초	1767079487582]	0ms

[2025-12-30 16시24분47초	1767079487584]	악마왕의영토컨트롤러..
[2025-12-30 16시24분47초	1767079487584]	0ms

[2025-12-30 16시24분47초	1767079487585]	얼던컨트롤러..
[2025-12-30 16시24분47초	1767079487585]	0ms

[2025-12-30 16시24분47초	1767079487587]	기감 컨트롤러..
[2025-12-30 16시24분47초	1767079487587]	0ms

[2025-12-30 16시24분47초	1767079487588]	고라스컨트롤러..
[2025-12-30 16시24분47초	1767079487588]	0ms

[2025-12-30 16시24분47초	1767079487590]	드워프컨트롤러..
[2025-12-30 16시24분47초	1767079487590]	0ms

[2025-12-30 16시24분47초	1767079487591]	타임이벤트컨트롤러..
[2025-12-30 16시24분47초	1767079487592]	1ms

[2025-12-30 16시24분47초	1767079487593]	AutoHuntController..
[2025-12-30 16시24분47초	1767079487593]	0ms

[2025-12-30 16시24분47초	1767079487594]	DatabaseConnection..
[2025-12-30 16시24분47초	1767079487905]	311ms

[2025-12-30 16시24분47초	1767079487921]	ServerDatabase..
[2025-12-30 16시24분47초	1767079487951]	30ms

[2025-12-30 16시24분47초	1767079487955]	SlimeRaceController..
[2025-12-30 16시24분47초	1767079487959]	4ms

[2025-12-30 16시24분47초	1767079487961]	DogRaceController..
[2025-12-30 16시24분47초	1767079487963]	2ms

[2025-12-30 16시24분47초	1767079487966]	ClanController..
[2025-12-30 16시24분47초	1767079487973]	7ms

[2025-12-30 16시24분47초	1767079487976]	KingdomController..
[2025-12-30 16시24분47초	1767079487986]	10ms

[2025-12-30 16시24분47초	1767079487995]	AgitController..
[2025-12-30 16시24분48초	1767079488001]	6ms

[2025-12-30 16시24분48초	1767079488003]	AuctionController..
[2025-12-30 16시24분48초	1767079488009]	6ms

[2025-12-30 16시24분48초	1767079488014]	ItemDatabase..
[2025-12-30 16시24분48초	1767079488101]	87ms

[2025-12-30 16시24분48초	1767079488102]	ItemSetopionDatabase..
[2025-12-30 16시24분48초	1767079488106]	4ms

[2025-12-30 16시24분48초	1767079488108]	AutosellDatabase..
[2025-12-30 16시24분48초	1767079488132]	24ms

[2025-12-30 16시24분48초	1767079488133]	ItemSkillDatabase..
[2025-12-30 16시24분48초	1767079488136]	3ms

[2025-12-30 16시24분48초	1767079488137]	ItemBundleDatabase..
[2025-12-30 16시24분48초	1767079488141]	4ms

[2025-12-30 16시24분48초	1767079488142]	ItemChanceBundleDatabase..
[2025-12-30 16시24분48초	1767079488146]	4ms

[2025-12-30 16시24분48초	1767079488147]	FishItemListDatabase..
[2025-12-30 16시24분48초	1767079488150]	3ms

[2025-12-30 16시24분48초	1767079488151]	ItemTeleport..
[2025-12-30 16시24분48초	1767079488155]	4ms

[2025-12-30 16시24분48초	1767079488157]	PolyDatabase..
[2025-12-30 16시24분48초	1767079488161]	4ms

[2025-12-30 16시24분48초	1767079488162]	DungeonDatabase..
[2025-12-30 16시24분48초	1767079488168]	6ms

[2025-12-30 16시24분48초	1767079488169]	DefiniteDatabase..
[2025-12-30 16시24분48초	1767079488172]	3ms

[2025-12-30 16시24분48초	1767079488173]	ExpDatabase..
[2025-12-30 16시24분48초	1767079488176]	3ms

[2025-12-30 16시24분48초	1767079488176]	BackgroundDatabase..
[2025-12-30 16시24분48초	1767079488305]	129ms

[2025-12-30 16시24분48초	1767079488305]	SpriteFrameDatabase..
[2025-12-30 16시24분48초	1767079488366]	61ms

[2025-12-30 16시24분48초	1767079488367]	SkillDatabase..
[2025-12-30 16시24분48초	1767079488371]	3ms

[2025-12-30 16시24분48초	1767079488372]	NpcDatabase..
[2025-12-30 16시24분48초	1767079488387]	15ms

[2025-12-30 16시24분48초	1767079488391]	NpcShopDatabase..
[2025-12-30 16시24분48초	1767079488467]	76ms

[2025-12-30 16시24분48초	1767079488468]	NpcTeleportDatabase..
[2025-12-30 16시24분48초	1767079488471]	3ms

[2025-12-30 16시24분48초	1767079488780]	NpcSpawnlistDatabase..
[2025-12-30 16시24분48초	1767079488840]	60ms

[2025-12-30 16시24분48초	1767079488843]	EventController..
[2025-12-30 16시24분48초	1767079488843]	0ms

[2025-12-30 16시24분48초	1767079488845]	MonsterDatabase..
[2025-12-30 16시24분48초	1767079488862]	17ms

[2025-12-30 16시24분48초	1767079488865]	MonsterDropDatabase..
[2025-12-30 16시24분48초	1767079488892]	27ms

[2025-12-30 16시24분48초	1767079488893]	MonsterSkillDatabase..
[2025-12-30 16시24분48초	1767079488910]	17ms

[2025-12-30 16시24분48초	1767079488912]	MonsterSpawnlistDatabase..
[2025-12-30 16시24분50초	1767079490377]	1465ms

[2025-12-30 16시24분50초	1767079490379]	MonsterBossSpawnlistDatabase..
[2025-12-30 16시24분50초	1767079490384]	5ms

[2025-12-30 16시24분50초	1767079490385]	ServerDownBossListDatabase..
[2025-12-30 16시24분50초	1767079490386]	1ms

[2025-12-30 16시24분50초	1767079490388]	BadIpDatabase..
[2025-12-30 16시24분50초	1767079490390]	2ms

[2025-12-30 16시24분50초	1767079490390]	QuestController..
[2025-12-30 16시24분50초	1767079490393]	3ms

[2025-12-30 16시24분50초	1767079490394]	ServerOpcodesDatabase..
[2025-12-30 16시24분50초	1767079490400]	6ms

[2025-12-30 16시24분50초	1767079490401]	ServerNoticeDatabase..
[2025-12-30 16시24분50초	1767079490410]	9ms

[2025-12-30 16시24분50초	1767079490412]	RankController..
[2025-12-30 16시24분50초	1767079490439]	26ms

[2025-12-30 16시24분50초	1767079490440]	WantedController..
[2025-12-30 16시24분50초	1767079490445]	5ms

[2025-12-30 16시24분50초	1767079490447]	TeleportHomeDatabase..
[2025-12-30 16시24분50초	1767079490478]	31ms

[2025-12-30 16시24분50초	1767079490480]	TeleportResetDatabase..
[2025-12-30 16시24분50초	1767079490508]	28ms

[2025-12-30 16시24분50초	1767079490509]	ItemPinewandDatabase..
[2025-12-30 16시24분50초	1767079490512]	3ms

[2025-12-30 16시24분50초	1767079490513]	ItemMaplewandDatabase..
[2025-12-30 16시24분50초	1767079490516]	4ms

[2025-12-30 16시24분50초	1767079490517]	SummonListDatabase..
[2025-12-30 16시24분50초	1767079490519]	2ms

[2025-12-30 16시24분50초	1767079490520]	GmListDatabase..
[2025-12-30 16시24분50초	1767079490521]	1ms

[2025-12-30 16시24분50초	1767079490523]	MagicdollListDatabase..
[2025-12-30 16시24분50초	1767079490525]	2ms

[2025-12-30 16시24분50초	1767079490531]	PcMarketController..
[2025-12-30 16시24분50초	1767079490532]	1ms

[2025-12-30 16시24분50초	1767079490533]	ServerOptionDatabase..
[2025-12-30 16시24분50초	1767079490534]	1ms

[2025-12-30 16시24분50초	1767079490536]	TimeDungeonDatabase..
[2025-12-30 16시24분50초	1767079490537]	0ms

[2025-12-30 16시24분50초	1767079490538]	TeamBattleDatabase..
[2025-12-30 16시24분50초	1767079490539]	1ms

[2025-12-30 16시24분50초	1767079490540]	LifeLostItemDatabase..
[2025-12-30 16시24분50초	1767079490543]	3ms

[2025-12-30 16시24분50초	1767079490544]	GmTeleportDatabase..
[2025-12-30 16시24분50초	1767079490546]	2ms

[2025-12-30 16시24분50초	1767079490549]	무인혈맹컨트롤러..
[2025-12-30 16시24분50초	1767079490551]	2ms

[2025-12-30 16시24분50초	1767079490553]	HackNoCheckDatabase..
[2025-12-30 16시24분50초	1767079490553]	0ms

[2025-12-30 16시24분50초	1767079490556]	EnchantLostItemDatabase..
[2025-12-30 16시24분50초	1767079490569]	13ms

[2025-12-30 16시24분50초	1767079490571]	ItemDropMessageDatabase..
[2025-12-30 16시24분50초	1767079490571]	0ms

[2025-12-30 16시24분50초	1767079490574]	FishingController..
[2025-12-30 16시24분50초	1767079490710]	136ms

[2025-12-30 16시24분50초	1767079490721]	RobotController..
[2025-12-30 16시24분50초	1767079490745]	24ms

[2025-12-30 16시24분50초	1767079490747]	Server..
[2025-12-30 16시24분50초	1767079490831]	84ms

[2025-12-30 16시24분50초	1767079490832]	ServerThread..
[2025-12-30 16시24분50초	1767079490832]	0ms

[2025-12-30 16시24분50초	1767079490833]	ControllerTherad..
[2025-12-30 16시24분50초	1767079490833]	0ms

[2025-12-30 16시24분50초	1767079490834]	CharacterThread..
[2025-12-30 16시24분50초	1767079490834]	0ms

[2025-12-30 16시24분50초	1767079490836]	DatabaseThread..
[2025-12-30 16시24분50초	1767079490836]	0ms

[2025-12-30 16시24분50초	1767079490875]	CharacterControlThread..
[2025-12-30 16시24분50초	1767079490875]	0ms

[2025-12-30 16시24분50초	1767079490882]	FightController..
[2025-12-30 16시24분50초	1767079490906]	24ms

[2025-12-30 16시24분50초	1767079490908]	TimeThread..
[2025-12-30 16시24분50초	1767079490908]	1ms

[2025-12-30 16시24분50초	1767079490909]	AutoHuntThread..
[2025-12-30 16시24분50초	1767079490909]	0ms

[2025-12-30 16시24분50초	1767079490909]	======================================================================
[2025-12-30 16시24분50초	1767079490910]	Server Version  :  Lineage 2.0

[2025-12-30 16시24분50초	1767079490910]	Server Port      :  2000

[2025-12-30 16시24분50초	1767079490910]	계정 자동생성  :  on

[2025-12-30 16시24분50초	1767079490910]	인챈트 : 1.0배  ||  드랍 : 3.0배  ||  경험치 : 30.0배  ||  아데나 : 12.0배  ||  파티 : 1.1배

[2025-12-30 16시24분50초	1767079490910]	======================================================================
[2025-12-30 16시24분50초	1767079490910]	'서버' 가동되었습니다.

[2025-12-30 16시27분51초	1767079671504]	자동 저장완료 2025-12-30 16시27분51초
[2025-12-30 16시29분18초	1767079758460]	item_skill 테이블 리로드 완료 - 
[2025-12-30 16시29분18초	1767079758471]	11ms

[2025-12-30 16시30분52초	1767079852094]	자동 저장완료 2025-12-30 16시30분52초
[2025-12-30 16시31분35초	1767079895566]	item_skill 테이블 리로드 완료 - 
[2025-12-30 16시31분35초	1767079895577]	11ms

[2025-12-30 16시33분52초	1767080032682]	자동 저장완료 2025-12-30 16시33분52초
[2025-12-30 16시36분53초	1767080213274]	자동 저장완료 2025-12-30 16시36분53초
[2025-12-30 16시39분53초	1767080393856]	자동 저장완료 2025-12-30 16시39분53초
[2025-12-30 16시42분54초	1767080574424]	자동 저장완료 2025-12-30 16시42분54초
[2025-12-30 16시45분54초	1767080754992]	자동 저장완료 2025-12-30 16시45분54초
[2025-12-30 16시47분48초	1767080868401]	서버가 즉시 종료됩니다...
[2025-12-30 16시47분49초	1767080869402]	Thread close..
[2025-12-30 16시47분50초	1767080870403]	Save Database..
[2025-12-30 16시47분51초	1767080871125]	Socket close..
[2025-12-30 16시47분51초	1767080871125]	LineageServer Close...
[2025-12-30 16시47분51초	1767080871125]	0ms

[2025-12-30 16시47분51초	1767080871125]	ok..
