[2025-12-21 19시38분49초	1766313529138]	Mysql..
[2025-12-21 19시38분49초	1766313529139]	2ms

[2025-12-21 19시38분49초	1766313529156]	lineage.conf file loading...
[2025-12-21 19시38분49초	1766313529189]	33ms

[2025-12-21 19시38분49초	1766313529195]	Lineage_Balance..
[2025-12-21 19시38분49초	1766313529212]	17ms

[2025-12-21 19시38분49초	1766313529215]	npc_promotion..
[2025-12-21 19시38분49초	1766313529215]	0ms

[2025-12-21 19시38분49초	1766313529216]	Socket..
[2025-12-21 19시38분49초	1766313529216]	0ms

[2025-12-21 19시38분49초	1766313529216]	Common..
[2025-12-21 19시38분49초	1766313529217]	0ms

[2025-12-21 19시38분49초	1766313529217]	EventThread..
[2025-12-21 19시38분49초	1766313529218]	0ms

[2025-12-21 19시38분49초	1766313529218]	AiExecuteThread..
[2025-12-21 19시38분49초	1766313529219]	0ms

[2025-12-21 19시38분49초	1766313529219]	AiThread..
[2025-12-21 19시38분49초	1766313529219]	0ms

[2025-12-21 19시38분49초	1766313529223]	World..
[2025-12-21 19시38분49초	1766313529308]	85ms

[2025-12-21 19시38분49초	1766313529310]	BookController..
[2025-12-21 19시38분49초	1766313529310]	0ms

[2025-12-21 19시38분49초	1766313529310]	InventoryController..
[2025-12-21 19시38분49초	1766313529310]	0ms

[2025-12-21 19시38분49초	1766313529319]	BasePacketPooling..
[2025-12-21 19시38분49초	1766313529320]	1ms

[2025-12-21 19시38분49초	1766313529322]	SkillController..
[2025-12-21 19시38분49초	1766313529325]	0ms

[2025-12-21 19시38분49초	1766313529331]	DamageController..
[2025-12-21 19시38분49초	1766313529331]	0ms

[2025-12-21 19시38분49초	1766313529333]	CharacterController..
[2025-12-21 19시38분49초	1766313529333]	0ms

[2025-12-21 19시38분49초	1766313529334]	TradeController..
[2025-12-21 19시38분49초	1766313529334]	0ms

[2025-12-21 19시38분49초	1766313529334]	DungeonController..
[2025-12-21 19시38분49초	1766313529334]	0ms

[2025-12-21 19시38분49초	1766313529335]	ShipController..
[2025-12-21 19시38분49초	1766313529335]	0ms

[2025-12-21 19시38분49초	1766313529336]	BuffController..
[2025-12-21 19시38분49초	1766313529336]	0ms

[2025-12-21 19시38분49초	1766313529346]	SummonController..
[2025-12-21 19시38분49초	1766313529346]	0ms

[2025-12-21 19시38분49초	1766313529348]	PartyController..
[2025-12-21 19시38분49초	1766313529348]	0ms

[2025-12-21 19시38분49초	1766313529349]	InnController..
[2025-12-21 19시38분49초	1766313529349]	0ms

[2025-12-21 19시38분49초	1766313529350]	BoardController..
[2025-12-21 19시38분49초	1766313529350]	0ms

[2025-12-21 19시38분49초	1766313529359]	LetterController..
[2025-12-21 19시38분49초	1766313529359]	0ms

[2025-12-21 19시38분49초	1766313529360]	UserShopController..
[2025-12-21 19시38분49초	1766313529360]	0ms

[2025-12-21 19시38분49초	1766313529361]	ChattingController..
[2025-12-21 19시38분49초	1766313529368]	7ms

[2025-12-21 19시38분49초	1766313529370]	ColosseumController..
[2025-12-21 19시38분49초	1766313529371]	1ms

[2025-12-21 19시38분49초	1766313529372]	CraftController..
[2025-12-21 19시38분49초	1766313529372]	1ms

[2025-12-21 19시38분49초	1766313529373]	BossController..
[2025-12-21 19시38분49초	1766313529373]	0ms

[2025-12-21 19시38분49초	1766313529374]	NoticeController..
[2025-12-21 19시38분49초	1766313529374]	0ms

[2025-12-21 19시38분49초	1766313529375]	FriendController..
[2025-12-21 19시38분49초	1766313529375]	0ms

[2025-12-21 19시38분49초	1766313529375]	BugScanningController..
[2025-12-21 19시38분49초	1766313529375]	0ms

[2025-12-21 19시38분49초	1766313529377]	MagicDollController..
[2025-12-21 19시38분49초	1766313529377]	0ms

[2025-12-21 19시38분49초	1766313529377]	ShopController..
[2025-12-21 19시38분49초	1766313529377]	0ms

[2025-12-21 19시38분49초	1766313529378]	WarehouseDatabase..
[2025-12-21 19시38분49초	1766313529379]	1ms

[2025-12-21 19시38분49초	1766313529379]	PakTools..
[2025-12-21 19시38분49초	1766313529381]	2ms

[2025-12-21 19시38분49초	1766313529381]	ScriptController...
[2025-12-21 19시38분49초	1766313529384]	3ms

[2025-12-21 19시38분49초	1766313529385]	GiranClanLordController..
[2025-12-21 19시38분49초	1766313529385]	0ms

[2025-12-21 19시38분49초	1766313529386]	TeamBattleController..
[2025-12-21 19시38분49초	1766313529386]	0ms

[2025-12-21 19시38분49초	1766313529387]	WorldClearController..
[2025-12-21 19시38분49초	1766313529387]	0ms

[2025-12-21 19시38분49초	1766313529388]	SpotController..
[2025-12-21 19시38분49초	1766313529388]	0ms

[2025-12-21 19시38분49초	1766313529389]	테베라스 컨트롤러..
[2025-12-21 19시38분49초	1766313529389]	0ms

[2025-12-21 19시38분49초	1766313529389]	지옥 컨트롤러..
[2025-12-21 19시38분49초	1766313529389]	0ms

[2025-12-21 19시38분49초	1766313529390]	지하수로 컨트롤러..
[2025-12-21 19시38분49초	1766313529390]	0ms

[2025-12-21 19시38분49초	1766313529391]	보물찾기컨트롤러..
[2025-12-21 19시38분49초	1766313529391]	0ms

[2025-12-21 19시38분49초	1766313529391]	마족신전 컨트롤러..
[2025-12-21 19시38분49초	1766313529391]	0ms

[2025-12-21 19시38분49초	1766313529392]	고무 컨트롤러..
[2025-12-21 19시38분49초	1766313529396]	4ms

[2025-12-21 19시38분49초	1766313529397]	정무던전 컨트롤러..
[2025-12-21 19시38분49초	1766313529397]	0ms

[2025-12-21 19시38분49초	1766313529398]	그신 컨트롤러..
[2025-12-21 19시38분49초	1766313529398]	0ms

[2025-12-21 19시38분49초	1766313529399]	라바던전 컨트롤러..
[2025-12-21 19시38분49초	1766313529399]	0ms

[2025-12-21 19시38분49초	1766313529399]	월드보스컨트롤러..
[2025-12-21 19시38분49초	1766313529400]	1ms

[2025-12-21 19시38분49초	1766313529400]	펭귄 사냥터 컨트롤러..
[2025-12-21 19시38분49초	1766313529400]	0ms

[2025-12-21 19시38분49초	1766313529401]	칠흑던전 컨트롤러..
[2025-12-21 19시38분49초	1766313529401]	0ms

[2025-12-21 19시38분49초	1766313529402]	악마왕의영토컨트롤러..
[2025-12-21 19시38분49초	1766313529402]	0ms

[2025-12-21 19시38분49초	1766313529402]	얼던컨트롤러..
[2025-12-21 19시38분49초	1766313529403]	1ms

[2025-12-21 19시38분49초	1766313529403]	기감 컨트롤러..
[2025-12-21 19시38분49초	1766313529403]	0ms

[2025-12-21 19시38분49초	1766313529404]	고라스컨트롤러..
[2025-12-21 19시38분49초	1766313529404]	0ms

[2025-12-21 19시38분49초	1766313529405]	드워프컨트롤러..
[2025-12-21 19시38분49초	1766313529405]	0ms

[2025-12-21 19시38분49초	1766313529405]	타임이벤트컨트롤러..
[2025-12-21 19시38분49초	1766313529405]	0ms

[2025-12-21 19시38분49초	1766313529406]	AutoHuntController..
[2025-12-21 19시38분49초	1766313529406]	0ms

[2025-12-21 19시38분49초	1766313529407]	DatabaseConnection..
[2025-12-21 19시38분49초	1766313529696]	289ms

[2025-12-21 19시38분49초	1766313529710]	ServerDatabase..
[2025-12-21 19시38분49초	1766313529750]	40ms

[2025-12-21 19시38분49초	1766313529753]	SlimeRaceController..
[2025-12-21 19시38분49초	1766313529755]	2ms

[2025-12-21 19시38분49초	1766313529757]	DogRaceController..
[2025-12-21 19시38분49초	1766313529758]	1ms

[2025-12-21 19시38분49초	1766313529760]	ClanController..
[2025-12-21 19시38분49초	1766313529766]	6ms

[2025-12-21 19시38분49초	1766313529768]	KingdomController..
[2025-12-21 19시38분49초	1766313529775]	7ms

[2025-12-21 19시38분49초	1766313529776]	AgitController..
[2025-12-21 19시38분49초	1766313529782]	6ms

[2025-12-21 19시38분49초	1766313529783]	AuctionController..
[2025-12-21 19시38분49초	1766313529789]	6ms

[2025-12-21 19시38분49초	1766313529793]	ItemDatabase..
[2025-12-21 19시38분49초	1766313529916]	123ms

[2025-12-21 19시38분49초	1766313529917]	ItemSetopionDatabase..
[2025-12-21 19시38분49초	1766313529920]	3ms

[2025-12-21 19시38분49초	1766313529921]	AutosellDatabase..
[2025-12-21 19시38분49초	1766313529940]	19ms

[2025-12-21 19시38분49초	1766313529941]	ItemSkillDatabase..
[2025-12-21 19시38분49초	1766313529944]	3ms

[2025-12-21 19시38분49초	1766313529945]	ItemBundleDatabase..
[2025-12-21 19시38분49초	1766313529954]	9ms

[2025-12-21 19시38분49초	1766313529955]	ItemChanceBundleDatabase..
[2025-12-21 19시38분49초	1766313529960]	5ms

[2025-12-21 19시38분49초	1766313529961]	FishItemListDatabase..
[2025-12-21 19시38분49초	1766313529963]	2ms

[2025-12-21 19시38분49초	1766313529964]	ItemTeleport..
[2025-12-21 19시38분49초	1766313529967]	3ms

[2025-12-21 19시38분49초	1766313529969]	PolyDatabase..
[2025-12-21 19시38분49초	1766313529972]	3ms

[2025-12-21 19시38분49초	1766313529973]	DungeonDatabase..
[2025-12-21 19시38분49초	1766313529979]	6ms

[2025-12-21 19시38분49초	1766313529980]	DefiniteDatabase..
[2025-12-21 19시38분49초	1766313529982]	2ms

[2025-12-21 19시38분49초	1766313529983]	ExpDatabase..
[2025-12-21 19시38분49초	1766313529985]	2ms

[2025-12-21 19시38분49초	1766313529985]	BackgroundDatabase..
[2025-12-21 19시38분50초	1766313530103]	117ms

[2025-12-21 19시38분50초	1766313530103]	SpriteFrameDatabase..
[2025-12-21 19시38분50초	1766313530166]	62ms

[2025-12-21 19시38분50초	1766313530166]	SkillDatabase..
[2025-12-21 19시38분50초	1766313530169]	3ms

[2025-12-21 19시38분50초	1766313530170]	NpcDatabase..
[2025-12-21 19시38분50초	1766313530178]	8ms

[2025-12-21 19시38분50초	1766313530179]	NpcShopDatabase..
[2025-12-21 19시38분50초	1766313530235]	56ms

[2025-12-21 19시38분50초	1766313530236]	NpcTeleportDatabase..
[2025-12-21 19시38분50초	1766313530238]	2ms

[2025-12-21 19시38분50초	1766313530369]	NpcSpawnlistDatabase..
[2025-12-21 19시38분50초	1766313530416]	47ms

[2025-12-21 19시38분50초	1766313530417]	EventController..
[2025-12-21 19시38분50초	1766313530417]	0ms

[2025-12-21 19시38분50초	1766313530419]	MonsterDatabase..
[2025-12-21 19시38분50초	1766313530432]	13ms

[2025-12-21 19시38분50초	1766313530439]	MonsterDropDatabase..
[2025-12-21 19시38분50초	1766313530466]	27ms

[2025-12-21 19시38분50초	1766313530467]	MonsterSkillDatabase..
[2025-12-21 19시38분50초	1766313530479]	12ms

[2025-12-21 19시38분50초	1766313530480]	MonsterSpawnlistDatabase..
[2025-12-21 19시38분51초	1766313531593]	1113ms

[2025-12-21 19시38분51초	1766313531594]	MonsterBossSpawnlistDatabase..
[2025-12-21 19시38분51초	1766313531597]	3ms

[2025-12-21 19시38분51초	1766313531598]	ServerDownBossListDatabase..
[2025-12-21 19시38분51초	1766313531599]	1ms

[2025-12-21 19시38분51초	1766313531600]	BadIpDatabase..
[2025-12-21 19시38분51초	1766313531602]	2ms

[2025-12-21 19시38분51초	1766313531602]	QuestController..
[2025-12-21 19시38분51초	1766313531604]	2ms

[2025-12-21 19시38분51초	1766313531605]	ServerOpcodesDatabase..
[2025-12-21 19시38분51초	1766313531609]	4ms

[2025-12-21 19시38분51초	1766313531610]	ServerNoticeDatabase..
[2025-12-21 19시38분51초	1766313531612]	2ms

[2025-12-21 19시38분51초	1766313531614]	RankController..
[2025-12-21 19시38분51초	1766313531619]	5ms

[2025-12-21 19시38분51초	1766313531621]	WantedController..
[2025-12-21 19시38분51초	1766313531622]	1ms

[2025-12-21 19시38분51초	1766313531623]	TeleportHomeDatabase..
[2025-12-21 19시38분51초	1766313531654]	31ms

[2025-12-21 19시38분51초	1766313531654]	TeleportResetDatabase..
[2025-12-21 19시38분51초	1766313531683]	29ms

[2025-12-21 19시38분51초	1766313531684]	ItemPinewandDatabase..
[2025-12-21 19시38분51초	1766313531686]	2ms

[2025-12-21 19시38분51초	1766313531686]	ItemMaplewandDatabase..
[2025-12-21 19시38분51초	1766313531688]	2ms

[2025-12-21 19시38분51초	1766313531689]	SummonListDatabase..
[2025-12-21 19시38분51초	1766313531691]	2ms

[2025-12-21 19시38분51초	1766313531692]	GmListDatabase..
[2025-12-21 19시38분51초	1766313531693]	1ms

[2025-12-21 19시38분51초	1766313531694]	MagicdollListDatabase..
[2025-12-21 19시38분51초	1766313531697]	3ms

[2025-12-21 19시38분51초	1766313531701]	PcMarketController..
[2025-12-21 19시38분51초	1766313531703]	1ms

[2025-12-21 19시38분51초	1766313531703]	ServerOptionDatabase..
[2025-12-21 19시38분51초	1766313531704]	1ms

[2025-12-21 19시38분51초	1766313531704]	TimeDungeonDatabase..
[2025-12-21 19시38분51초	1766313531705]	1ms

[2025-12-21 19시38분51초	1766313531706]	TeamBattleDatabase..
[2025-12-21 19시38분51초	1766313531707]	1ms

[2025-12-21 19시38분51초	1766313531707]	LifeLostItemDatabase..
[2025-12-21 19시38분51초	1766313531709]	2ms

[2025-12-21 19시38분51초	1766313531709]	GmTeleportDatabase..
[2025-12-21 19시38분51초	1766313531710]	1ms

[2025-12-21 19시38분51초	1766313531712]	무인혈맹컨트롤러..
[2025-12-21 19시38분51초	1766313531714]	1ms

[2025-12-21 19시38분51초	1766313531714]	HackNoCheckDatabase..
[2025-12-21 19시38분51초	1766313531715]	1ms

[2025-12-21 19시38분51초	1766313531716]	EnchantLostItemDatabase..
[2025-12-21 19시38분51초	1766313531717]	1ms

[2025-12-21 19시38분51초	1766313531718]	ItemDropMessageDatabase..
[2025-12-21 19시38분51초	1766313531719]	1ms

[2025-12-21 19시38분51초	1766313531721]	FishingController..
[2025-12-21 19시38분51초	1766313531733]	12ms

[2025-12-21 19시38분51초	1766313531741]	RobotController..
[2025-12-21 19시38분51초	1766313531845]	104ms

[2025-12-21 19시38분51초	1766313531847]	Server..
[2025-12-21 19시38분51초	1766313531912]	65ms

[2025-12-21 19시38분51초	1766313531913]	ServerThread..
[2025-12-21 19시38분51초	1766313531913]	0ms

[2025-12-21 19시38분51초	1766313531913]	ControllerTherad..
[2025-12-21 19시38분51초	1766313531914]	1ms

[2025-12-21 19시38분51초	1766313531914]	CharacterThread..
[2025-12-21 19시38분51초	1766313531914]	0ms

[2025-12-21 19시38분51초	1766313531915]	DatabaseThread..
[2025-12-21 19시38분51초	1766313531915]	0ms

[2025-12-21 19시38분51초	1766313531916]	CharacterControlThread..
[2025-12-21 19시38분51초	1766313531916]	0ms

[2025-12-21 19시38분51초	1766313531921]	FightController..
[2025-12-21 19시38분51초	1766313531972]	51ms

[2025-12-21 19시38분51초	1766313531973]	TimeThread..
[2025-12-21 19시38분51초	1766313531973]	0ms

[2025-12-21 19시38분51초	1766313531977]	AutoHuntThread..
[2025-12-21 19시38분51초	1766313531978]	1ms

[2025-12-21 19시38분51초	1766313531978]	======================================================================
[2025-12-21 19시38분51초	1766313531979]	Server Version  :  Lineage 2.0

[2025-12-21 19시38분51초	1766313531979]	Server Port      :  2000

[2025-12-21 19시38분51초	1766313531979]	계정 자동생성  :  on

[2025-12-21 19시38분51초	1766313531979]	인챈트 : 1.0배  ||  드랍 : 1.0배  ||  경험치 : 30.0배  ||  아데나 : 200.0배  ||  파티 : 1.1배

[2025-12-21 19시38분51초	1766313531979]	======================================================================
[2025-12-21 19시38분51초	1766313531979]	'서버' 가동되었습니다.

[2025-12-21 19시41분25초	1766313685750]	서버가 즉시 종료됩니다...
[2025-12-21 19시41분26초	1766313686751]	Thread close..
[2025-12-21 19시41분27초	1766313687061]	class lineage.gui.composite.ScreenRenderComposite : run()

[2025-12-21 19시41분27초	1766313687061]	java.lang.IllegalStateException: Component must have a valid peer
[2025-12-21 19시41분27초	1766313687764]	Save Database..
[2025-12-21 19시41분28초	1766313688325]	Socket close..
[2025-12-21 19시41분28초	1766313688325]	LineageServer Close...
[2025-12-21 19시41분28초	1766313688325]	0ms

[2025-12-21 19시41분28초	1766313688325]	ok..
