[2025-12-22 13시01분28초	1766376088391]	Mysql..
[2025-12-22 13시01분28초	1766376088391]	2ms

[2025-12-22 13시01분28초	1766376088408]	lineage.conf file loading...
[2025-12-22 13시01분28초	1766376088445]	37ms

[2025-12-22 13시01분28초	1766376088457]	Lineage_Balance..
[2025-12-22 13시01분28초	1766376088466]	9ms

[2025-12-22 13시01분28초	1766376088467]	npc_promotion..
[2025-12-22 13시01분28초	1766376088468]	1ms

[2025-12-22 13시01분28초	1766376088469]	Socket..
[2025-12-22 13시01분28초	1766376088469]	0ms

[2025-12-22 13시01분28초	1766376088469]	Common..
[2025-12-22 13시01분28초	1766376088469]	0ms

[2025-12-22 13시01분28초	1766376088478]	EventThread..
[2025-12-22 13시01분28초	1766376088478]	0ms

[2025-12-22 13시01분28초	1766376088479]	AiExecuteThread..
[2025-12-22 13시01분28초	1766376088479]	0ms

[2025-12-22 13시01분28초	1766376088480]	AiThread..
[2025-12-22 13시01분28초	1766376088480]	0ms

[2025-12-22 13시01분28초	1766376088490]	World..
[2025-12-22 13시01분28초	1766376088577]	87ms

[2025-12-22 13시01분28초	1766376088579]	BookController..
[2025-12-22 13시01분28초	1766376088579]	0ms

[2025-12-22 13시01분28초	1766376088579]	InventoryController..
[2025-12-22 13시01분28초	1766376088579]	0ms

[2025-12-22 13시01분28초	1766376088580]	BasePacketPooling..
[2025-12-22 13시01분28초	1766376088580]	0ms

[2025-12-22 13시01분28초	1766376088589]	SkillController..
[2025-12-22 13시01분28초	1766376088592]	0ms

[2025-12-22 13시01분28초	1766376088597]	DamageController..
[2025-12-22 13시01분28초	1766376088598]	1ms

[2025-12-22 13시01분28초	1766376088599]	CharacterController..
[2025-12-22 13시01분28초	1766376088600]	1ms

[2025-12-22 13시01분28초	1766376088600]	TradeController..
[2025-12-22 13시01분28초	1766376088600]	0ms

[2025-12-22 13시01분28초	1766376088601]	DungeonController..
[2025-12-22 13시01분28초	1766376088601]	0ms

[2025-12-22 13시01분28초	1766376088601]	ShipController..
[2025-12-22 13시01분28초	1766376088601]	0ms

[2025-12-22 13시01분28초	1766376088602]	BuffController..
[2025-12-22 13시01분28초	1766376088602]	0ms

[2025-12-22 13시01분28초	1766376088606]	SummonController..
[2025-12-22 13시01분28초	1766376088606]	0ms

[2025-12-22 13시01분28초	1766376088607]	PartyController..
[2025-12-22 13시01분28초	1766376088607]	0ms

[2025-12-22 13시01분28초	1766376088608]	InnController..
[2025-12-22 13시01분28초	1766376088608]	0ms

[2025-12-22 13시01분28초	1766376088609]	BoardController..
[2025-12-22 13시01분28초	1766376088609]	0ms

[2025-12-22 13시01분28초	1766376088611]	LetterController..
[2025-12-22 13시01분28초	1766376088611]	0ms

[2025-12-22 13시01분28초	1766376088612]	UserShopController..
[2025-12-22 13시01분28초	1766376088612]	1ms

[2025-12-22 13시01분28초	1766376088620]	ChattingController..
[2025-12-22 13시01분28초	1766376088626]	6ms

[2025-12-22 13시01분28초	1766376088627]	ColosseumController..
[2025-12-22 13시01분28초	1766376088628]	1ms

[2025-12-22 13시01분28초	1766376088628]	CraftController..
[2025-12-22 13시01분28초	1766376088628]	0ms

[2025-12-22 13시01분28초	1766376088629]	BossController..
[2025-12-22 13시01분28초	1766376088629]	0ms

[2025-12-22 13시01분28초	1766376088630]	NoticeController..
[2025-12-22 13시01분28초	1766376088631]	1ms

[2025-12-22 13시01분28초	1766376088631]	FriendController..
[2025-12-22 13시01분28초	1766376088631]	0ms

[2025-12-22 13시01분28초	1766376088632]	BugScanningController..
[2025-12-22 13시01분28초	1766376088632]	0ms

[2025-12-22 13시01분28초	1766376088633]	MagicDollController..
[2025-12-22 13시01분28초	1766376088633]	0ms

[2025-12-22 13시01분28초	1766376088633]	ShopController..
[2025-12-22 13시01분28초	1766376088634]	1ms

[2025-12-22 13시01분28초	1766376088635]	WarehouseDatabase..
[2025-12-22 13시01분28초	1766376088635]	0ms

[2025-12-22 13시01분28초	1766376088635]	PakTools..
[2025-12-22 13시01분28초	1766376088637]	2ms

[2025-12-22 13시01분28초	1766376088637]	ScriptController...
[2025-12-22 13시01분28초	1766376088640]	3ms

[2025-12-22 13시01분28초	1766376088641]	GiranClanLordController..
[2025-12-22 13시01분28초	1766376088641]	0ms

[2025-12-22 13시01분28초	1766376088642]	TeamBattleController..
[2025-12-22 13시01분28초	1766376088642]	0ms

[2025-12-22 13시01분28초	1766376088643]	WorldClearController..
[2025-12-22 13시01분28초	1766376088643]	0ms

[2025-12-22 13시01분28초	1766376088643]	SpotController..
[2025-12-22 13시01분28초	1766376088644]	0ms

[2025-12-22 13시01분28초	1766376088644]	테베라스 컨트롤러..
[2025-12-22 13시01분28초	1766376088644]	0ms

[2025-12-22 13시01분28초	1766376088645]	지옥 컨트롤러..
[2025-12-22 13시01분28초	1766376088645]	0ms

[2025-12-22 13시01분28초	1766376088645]	지하수로 컨트롤러..
[2025-12-22 13시01분28초	1766376088645]	0ms

[2025-12-22 13시01분28초	1766376088646]	보물찾기컨트롤러..
[2025-12-22 13시01분28초	1766376088646]	0ms

[2025-12-22 13시01분28초	1766376088647]	마족신전 컨트롤러..
[2025-12-22 13시01분28초	1766376088647]	0ms

[2025-12-22 13시01분28초	1766376088647]	고무 컨트롤러..
[2025-12-22 13시01분28초	1766376088651]	4ms

[2025-12-22 13시01분28초	1766376088652]	정무던전 컨트롤러..
[2025-12-22 13시01분28초	1766376088652]	0ms

[2025-12-22 13시01분28초	1766376088653]	그신 컨트롤러..
[2025-12-22 13시01분28초	1766376088653]	0ms

[2025-12-22 13시01분28초	1766376088653]	라바던전 컨트롤러..
[2025-12-22 13시01분28초	1766376088653]	0ms

[2025-12-22 13시01분28초	1766376088654]	월드보스컨트롤러..
[2025-12-22 13시01분28초	1766376088654]	0ms

[2025-12-22 13시01분28초	1766376088655]	펭귄 사냥터 컨트롤러..
[2025-12-22 13시01분28초	1766376088655]	0ms

[2025-12-22 13시01분28초	1766376088655]	칠흑던전 컨트롤러..
[2025-12-22 13시01분28초	1766376088656]	1ms

[2025-12-22 13시01분28초	1766376088656]	악마왕의영토컨트롤러..
[2025-12-22 13시01분28초	1766376088656]	0ms

[2025-12-22 13시01분28초	1766376088657]	얼던컨트롤러..
[2025-12-22 13시01분28초	1766376088657]	0ms

[2025-12-22 13시01분28초	1766376088658]	기감 컨트롤러..
[2025-12-22 13시01분28초	1766376088658]	0ms

[2025-12-22 13시01분28초	1766376088659]	고라스컨트롤러..
[2025-12-22 13시01분28초	1766376088659]	0ms

[2025-12-22 13시01분28초	1766376088659]	드워프컨트롤러..
[2025-12-22 13시01분28초	1766376088660]	0ms

[2025-12-22 13시01분28초	1766376088660]	타임이벤트컨트롤러..
[2025-12-22 13시01분28초	1766376088660]	0ms

[2025-12-22 13시01분28초	1766376088661]	AutoHuntController..
[2025-12-22 13시01분28초	1766376088661]	0ms

[2025-12-22 13시01분28초	1766376088661]	DatabaseConnection..
[2025-12-22 13시01분28초	1766376088953]	292ms

[2025-12-22 13시01분28초	1766376088969]	ServerDatabase..
[2025-12-22 13시01분28초	1766376088999]	30ms

[2025-12-22 13시01분29초	1766376089002]	SlimeRaceController..
[2025-12-22 13시01분29초	1766376089005]	3ms

[2025-12-22 13시01분29초	1766376089007]	DogRaceController..
[2025-12-22 13시01분29초	1766376089008]	1ms

[2025-12-22 13시01분29초	1766376089011]	ClanController..
[2025-12-22 13시01분29초	1766376089016]	5ms

[2025-12-22 13시01분29초	1766376089018]	KingdomController..
[2025-12-22 13시01분29초	1766376089024]	6ms

[2025-12-22 13시01분29초	1766376089025]	AgitController..
[2025-12-22 13시01분29초	1766376089029]	4ms

[2025-12-22 13시01분29초	1766376089031]	AuctionController..
[2025-12-22 13시01분29초	1766376089035]	4ms

[2025-12-22 13시01분29초	1766376089040]	ItemDatabase..
[2025-12-22 13시01분29초	1766376089128]	88ms

[2025-12-22 13시01분29초	1766376089130]	ItemSetopionDatabase..
[2025-12-22 13시01분29초	1766376089132]	2ms

[2025-12-22 13시01분29초	1766376089134]	AutosellDatabase..
[2025-12-22 13시01분29초	1766376089155]	21ms

[2025-12-22 13시01분29초	1766376089156]	ItemSkillDatabase..
[2025-12-22 13시01분29초	1766376089159]	3ms

[2025-12-22 13시01분29초	1766376089160]	ItemBundleDatabase..
[2025-12-22 13시01분29초	1766376089163]	3ms

[2025-12-22 13시01분29초	1766376089164]	ItemChanceBundleDatabase..
[2025-12-22 13시01분29초	1766376089167]	3ms

[2025-12-22 13시01분29초	1766376089168]	FishItemListDatabase..
[2025-12-22 13시01분29초	1766376089170]	2ms

[2025-12-22 13시01분29초	1766376089171]	ItemTeleport..
[2025-12-22 13시01분29초	1766376089175]	4ms

[2025-12-22 13시01분29초	1766376089176]	PolyDatabase..
[2025-12-22 13시01분29초	1766376089180]	4ms

[2025-12-22 13시01분29초	1766376089181]	DungeonDatabase..
[2025-12-22 13시01분29초	1766376089185]	4ms

[2025-12-22 13시01분29초	1766376089186]	DefiniteDatabase..
[2025-12-22 13시01분29초	1766376089189]	3ms

[2025-12-22 13시01분29초	1766376089190]	ExpDatabase..
[2025-12-22 13시01분29초	1766376089193]	3ms

[2025-12-22 13시01분29초	1766376089193]	BackgroundDatabase..
[2025-12-22 13시01분29초	1766376089340]	147ms

[2025-12-22 13시01분29초	1766376089340]	SpriteFrameDatabase..
[2025-12-22 13시01분29초	1766376089408]	68ms

[2025-12-22 13시01분29초	1766376089409]	SkillDatabase..
[2025-12-22 13시01분29초	1766376089413]	3ms

[2025-12-22 13시01분29초	1766376089413]	NpcDatabase..
[2025-12-22 13시01분29초	1766376089422]	9ms

[2025-12-22 13시01분29초	1766376089423]	NpcShopDatabase..
[2025-12-22 13시01분29초	1766376089487]	64ms

[2025-12-22 13시01분29초	1766376089488]	NpcTeleportDatabase..
[2025-12-22 13시01분29초	1766376089490]	2ms

[2025-12-22 13시01분29초	1766376089632]	NpcSpawnlistDatabase..
[2025-12-22 13시01분29초	1766376089688]	56ms

[2025-12-22 13시01분29초	1766376089689]	EventController..
[2025-12-22 13시01분29초	1766376089690]	1ms

[2025-12-22 13시01분29초	1766376089691]	MonsterDatabase..
[2025-12-22 13시01분29초	1766376089706]	15ms

[2025-12-22 13시01분29초	1766376089712]	MonsterDropDatabase..
[2025-12-22 13시01분29초	1766376089736]	24ms

[2025-12-22 13시01분29초	1766376089737]	MonsterSkillDatabase..
[2025-12-22 13시01분29초	1766376089752]	15ms

[2025-12-22 13시01분29초	1766376089754]	MonsterSpawnlistDatabase..
[2025-12-22 13시01분31초	1766376091012]	1258ms

[2025-12-22 13시01분31초	1766376091013]	MonsterBossSpawnlistDatabase..
[2025-12-22 13시01분31초	1766376091017]	4ms

[2025-12-22 13시01분31초	1766376091017]	ServerDownBossListDatabase..
[2025-12-22 13시01분31초	1766376091018]	1ms

[2025-12-22 13시01분31초	1766376091019]	BadIpDatabase..
[2025-12-22 13시01분31초	1766376091021]	1ms

[2025-12-22 13시01분31초	1766376091021]	QuestController..
[2025-12-22 13시01분31초	1766376091021]	0ms

[2025-12-22 13시01분31초	1766376091022]	ServerOpcodesDatabase..
[2025-12-22 13시01분31초	1766376091026]	3ms

[2025-12-22 13시01분31초	1766376091026]	ServerNoticeDatabase..
[2025-12-22 13시01분31초	1766376091028]	2ms

[2025-12-22 13시01분31초	1766376091030]	RankController..
[2025-12-22 13시01분31초	1766376091037]	7ms

[2025-12-22 13시01분31초	1766376091043]	WantedController..
[2025-12-22 13시01분31초	1766376091043]	0ms

[2025-12-22 13시01분31초	1766376091044]	TeleportHomeDatabase..
[2025-12-22 13시01분31초	1766376091065]	21ms

[2025-12-22 13시01분31초	1766376091068]	TeleportResetDatabase..
[2025-12-22 13시01분31초	1766376091097]	29ms

[2025-12-22 13시01분31초	1766376091098]	ItemPinewandDatabase..
[2025-12-22 13시01분31초	1766376091100]	2ms

[2025-12-22 13시01분31초	1766376091101]	ItemMaplewandDatabase..
[2025-12-22 13시01분31초	1766376091103]	2ms

[2025-12-22 13시01분31초	1766376091103]	SummonListDatabase..
[2025-12-22 13시01분31초	1766376091105]	2ms

[2025-12-22 13시01분31초	1766376091106]	GmListDatabase..
[2025-12-22 13시01분31초	1766376091107]	1ms

[2025-12-22 13시01분31초	1766376091108]	MagicdollListDatabase..
[2025-12-22 13시01분31초	1766376091110]	2ms

[2025-12-22 13시01분31초	1766376091114]	PcMarketController..
[2025-12-22 13시01분31초	1766376091115]	1ms

[2025-12-22 13시01분31초	1766376091116]	ServerOptionDatabase..
[2025-12-22 13시01분31초	1766376091116]	0ms

[2025-12-22 13시01분31초	1766376091117]	TimeDungeonDatabase..
[2025-12-22 13시01분31초	1766376091118]	1ms

[2025-12-22 13시01분31초	1766376091119]	TeamBattleDatabase..
[2025-12-22 13시01분31초	1766376091120]	1ms

[2025-12-22 13시01분31초	1766376091120]	LifeLostItemDatabase..
[2025-12-22 13시01분31초	1766376091123]	3ms

[2025-12-22 13시01분31초	1766376091124]	GmTeleportDatabase..
[2025-12-22 13시01분31초	1766376091125]	1ms

[2025-12-22 13시01분31초	1766376091127]	무인혈맹컨트롤러..
[2025-12-22 13시01분31초	1766376091128]	1ms

[2025-12-22 13시01분31초	1766376091128]	HackNoCheckDatabase..
[2025-12-22 13시01분31초	1766376091129]	1ms

[2025-12-22 13시01분31초	1766376091130]	EnchantLostItemDatabase..
[2025-12-22 13시01분31초	1766376091131]	1ms

[2025-12-22 13시01분31초	1766376091132]	ItemDropMessageDatabase..
[2025-12-22 13시01분31초	1766376091132]	0ms

[2025-12-22 13시01분31초	1766376091134]	FishingController..
[2025-12-22 13시01분31초	1766376091146]	12ms

[2025-12-22 13시01분31초	1766376091152]	RobotController..
[2025-12-22 13시01분31초	1766376091245]	93ms

[2025-12-22 13시01분31초	1766376091247]	Server..
[2025-12-22 13시01분31초	1766376091307]	60ms

[2025-12-22 13시01분31초	1766376091308]	ServerThread..
[2025-12-22 13시01분31초	1766376091308]	0ms

[2025-12-22 13시01분31초	1766376091309]	ControllerTherad..
[2025-12-22 13시01분31초	1766376091309]	0ms

[2025-12-22 13시01분31초	1766376091310]	CharacterThread..
[2025-12-22 13시01분31초	1766376091310]	0ms

[2025-12-22 13시01분31초	1766376091311]	DatabaseThread..
[2025-12-22 13시01분31초	1766376091311]	0ms

[2025-12-22 13시01분31초	1766376091312]	CharacterControlThread..
[2025-12-22 13시01분31초	1766376091312]	0ms

[2025-12-22 13시01분31초	1766376091354]	FightController..
[2025-12-22 13시01분31초	1766376091370]	16ms

[2025-12-22 13시01분31초	1766376091370]	TimeThread..
[2025-12-22 13시01분31초	1766376091370]	0ms

[2025-12-22 13시01분31초	1766376091371]	AutoHuntThread..
[2025-12-22 13시01분31초	1766376091371]	0ms

[2025-12-22 13시01분31초	1766376091371]	======================================================================
[2025-12-22 13시01분31초	1766376091372]	Server Version  :  Lineage 2.0

[2025-12-22 13시01분31초	1766376091374]	Server Port      :  2000

[2025-12-22 13시01분31초	1766376091374]	계정 자동생성  :  on

[2025-12-22 13시01분31초	1766376091374]	인챈트 : 1.0배  ||  드랍 : 1.0배  ||  경험치 : 30.0배  ||  아데나 : 200.0배  ||  파티 : 1.1배

[2025-12-22 13시01분31초	1766376091374]	======================================================================
[2025-12-22 13시01분31초	1766376091374]	'서버' 가동되었습니다.

[2025-12-22 13시04분31초	1766376271977]	자동 저장완료 2025-12-22 13시04분31초
[2025-12-22 13시07분32초	1766376452539]	자동 저장완료 2025-12-22 13시07분32초
[2025-12-22 13시10분33초	1766376633257]	자동 저장완료 2025-12-22 13시10분33초
[2025-12-22 13시11분57초	1766376717727]	서버가 즉시 종료됩니다...
[2025-12-22 13시11분58초	1766376718729]	Thread close..
[2025-12-22 13시11분59초	1766376719729]	Save Database..
[2025-12-22 13시12분00초	1766376720285]	Socket close..
[2025-12-22 13시12분00초	1766376720285]	LineageServer Close...
[2025-12-22 13시12분00초	1766376720285]	0ms

[2025-12-22 13시12분00초	1766376720285]	ok..
