[2025-12-22 15시57분14초	1766386634837]	Mysql..
[2025-12-22 15시57분14초	1766386634838]	2ms

[2025-12-22 15시57분14초	1766386634856]	lineage.conf file loading...
[2025-12-22 15시57분14초	1766386634889]	33ms

[2025-12-22 15시57분14초	1766386634893]	Lineage_Balance..
[2025-12-22 15시57분14초	1766386634902]	9ms

[2025-12-22 15시57분14초	1766386634911]	npc_promotion..
[2025-12-22 15시57분14초	1766386634911]	0ms

[2025-12-22 15시57분14초	1766386634912]	Socket..
[2025-12-22 15시57분14초	1766386634912]	0ms

[2025-12-22 15시57분14초	1766386634912]	Common..
[2025-12-22 15시57분14초	1766386634912]	0ms

[2025-12-22 15시57분14초	1766386634913]	EventThread..
[2025-12-22 15시57분14초	1766386634913]	0ms

[2025-12-22 15시57분14초	1766386634914]	AiExecuteThread..
[2025-12-22 15시57분14초	1766386634915]	1ms

[2025-12-22 15시57분14초	1766386634915]	AiThread..
[2025-12-22 15시57분14초	1766386634915]	0ms

[2025-12-22 15시57분14초	1766386634919]	World..
[2025-12-22 15시57분14초	1766386634994]	75ms

[2025-12-22 15시57분14초	1766386634995]	BookController..
[2025-12-22 15시57분14초	1766386634996]	1ms

[2025-12-22 15시57분14초	1766386634996]	InventoryController..
[2025-12-22 15시57분14초	1766386634996]	0ms

[2025-12-22 15시57분14초	1766386634997]	BasePacketPooling..
[2025-12-22 15시57분14초	1766386634997]	0ms

[2025-12-22 15시57분14초	1766386634999]	SkillController..
[2025-12-22 15시57분14초	1766386634999]	0ms

[2025-12-22 15시57분15초	1766386635005]	DamageController..
[2025-12-22 15시57분15초	1766386635005]	0ms

[2025-12-22 15시57분15초	1766386635006]	CharacterController..
[2025-12-22 15시57분15초	1766386635007]	0ms

[2025-12-22 15시57분15초	1766386635007]	TradeController..
[2025-12-22 15시57분15초	1766386635007]	0ms

[2025-12-22 15시57분15초	1766386635008]	DungeonController..
[2025-12-22 15시57분15초	1766386635008]	0ms

[2025-12-22 15시57분15초	1766386635009]	ShipController..
[2025-12-22 15시57분15초	1766386635009]	0ms

[2025-12-22 15시57분15초	1766386635009]	BuffController..
[2025-12-22 15시57분15초	1766386635009]	0ms

[2025-12-22 15시57분15초	1766386635013]	SummonController..
[2025-12-22 15시57분15초	1766386635013]	0ms

[2025-12-22 15시57분15초	1766386635014]	PartyController..
[2025-12-22 15시57분15초	1766386635014]	0ms

[2025-12-22 15시57분15초	1766386635014]	InnController..
[2025-12-22 15시57분15초	1766386635014]	0ms

[2025-12-22 15시57분15초	1766386635015]	BoardController..
[2025-12-22 15시57분15초	1766386635015]	0ms

[2025-12-22 15시57분15초	1766386635017]	LetterController..
[2025-12-22 15시57분15초	1766386635017]	0ms

[2025-12-22 15시57분15초	1766386635018]	UserShopController..
[2025-12-22 15시57분15초	1766386635018]	0ms

[2025-12-22 15시57분15초	1766386635019]	ChattingController..
[2025-12-22 15시57분15초	1766386635023]	4ms

[2025-12-22 15시57분15초	1766386635028]	ColosseumController..
[2025-12-22 15시57분15초	1766386635028]	0ms

[2025-12-22 15시57분15초	1766386635030]	CraftController..
[2025-12-22 15시57분15초	1766386635030]	0ms

[2025-12-22 15시57분15초	1766386635031]	BossController..
[2025-12-22 15시57분15초	1766386635031]	0ms

[2025-12-22 15시57분15초	1766386635039]	NoticeController..
[2025-12-22 15시57분15초	1766386635039]	0ms

[2025-12-22 15시57분15초	1766386635040]	FriendController..
[2025-12-22 15시57분15초	1766386635040]	0ms

[2025-12-22 15시57분15초	1766386635041]	BugScanningController..
[2025-12-22 15시57분15초	1766386635041]	0ms

[2025-12-22 15시57분15초	1766386635042]	MagicDollController..
[2025-12-22 15시57분15초	1766386635042]	0ms

[2025-12-22 15시57분15초	1766386635042]	ShopController..
[2025-12-22 15시57분15초	1766386635042]	0ms

[2025-12-22 15시57분15초	1766386635043]	WarehouseDatabase..
[2025-12-22 15시57분15초	1766386635043]	0ms

[2025-12-22 15시57분15초	1766386635044]	PakTools..
[2025-12-22 15시57분15초	1766386635045]	1ms

[2025-12-22 15시57분15초	1766386635046]	ScriptController...
[2025-12-22 15시57분15초	1766386635049]	3ms

[2025-12-22 15시57분15초	1766386635050]	GiranClanLordController..
[2025-12-22 15시57분15초	1766386635050]	0ms

[2025-12-22 15시57분15초	1766386635051]	TeamBattleController..
[2025-12-22 15시57분15초	1766386635051]	0ms

[2025-12-22 15시57분15초	1766386635052]	WorldClearController..
[2025-12-22 15시57분15초	1766386635052]	0ms

[2025-12-22 15시57분15초	1766386635053]	SpotController..
[2025-12-22 15시57분15초	1766386635053]	0ms

[2025-12-22 15시57분15초	1766386635056]	테베라스 컨트롤러..
[2025-12-22 15시57분15초	1766386635056]	1ms

[2025-12-22 15시57분15초	1766386635056]	지옥 컨트롤러..
[2025-12-22 15시57분15초	1766386635056]	0ms

[2025-12-22 15시57분15초	1766386635057]	지하수로 컨트롤러..
[2025-12-22 15시57분15초	1766386635057]	0ms

[2025-12-22 15시57분15초	1766386635058]	보물찾기컨트롤러..
[2025-12-22 15시57분15초	1766386635058]	0ms

[2025-12-22 15시57분15초	1766386635058]	마족신전 컨트롤러..
[2025-12-22 15시57분15초	1766386635058]	0ms

[2025-12-22 15시57분15초	1766386635059]	고무 컨트롤러..
[2025-12-22 15시57분15초	1766386635063]	4ms

[2025-12-22 15시57분15초	1766386635063]	정무던전 컨트롤러..
[2025-12-22 15시57분15초	1766386635064]	0ms

[2025-12-22 15시57분15초	1766386635064]	그신 컨트롤러..
[2025-12-22 15시57분15초	1766386635064]	0ms

[2025-12-22 15시57분15초	1766386635065]	라바던전 컨트롤러..
[2025-12-22 15시57분15초	1766386635065]	0ms

[2025-12-22 15시57분15초	1766386635066]	월드보스컨트롤러..
[2025-12-22 15시57분15초	1766386635066]	0ms

[2025-12-22 15시57분15초	1766386635066]	펭귄 사냥터 컨트롤러..
[2025-12-22 15시57분15초	1766386635066]	0ms

[2025-12-22 15시57분15초	1766386635067]	칠흑던전 컨트롤러..
[2025-12-22 15시57분15초	1766386635067]	0ms

[2025-12-22 15시57분15초	1766386635068]	악마왕의영토컨트롤러..
[2025-12-22 15시57분15초	1766386635068]	0ms

[2025-12-22 15시57분15초	1766386635068]	얼던컨트롤러..
[2025-12-22 15시57분15초	1766386635069]	1ms

[2025-12-22 15시57분15초	1766386635069]	기감 컨트롤러..
[2025-12-22 15시57분15초	1766386635069]	0ms

[2025-12-22 15시57분15초	1766386635070]	고라스컨트롤러..
[2025-12-22 15시57분15초	1766386635070]	0ms

[2025-12-22 15시57분15초	1766386635071]	드워프컨트롤러..
[2025-12-22 15시57분15초	1766386635071]	0ms

[2025-12-22 15시57분15초	1766386635071]	타임이벤트컨트롤러..
[2025-12-22 15시57분15초	1766386635071]	0ms

[2025-12-22 15시57분15초	1766386635072]	AutoHuntController..
[2025-12-22 15시57분15초	1766386635072]	0ms

[2025-12-22 15시57분15초	1766386635072]	DatabaseConnection..
[2025-12-22 15시57분15초	1766386635369]	297ms

[2025-12-22 15시57분15초	1766386635397]	ServerDatabase..
[2025-12-22 15시57분15초	1766386635428]	31ms

[2025-12-22 15시57분15초	1766386635431]	SlimeRaceController..
[2025-12-22 15시57분15초	1766386635433]	2ms

[2025-12-22 15시57분15초	1766386635435]	DogRaceController..
[2025-12-22 15시57분15초	1766386635436]	1ms

[2025-12-22 15시57분15초	1766386635439]	ClanController..
[2025-12-22 15시57분15초	1766386635445]	5ms

[2025-12-22 15시57분15초	1766386635447]	KingdomController..
[2025-12-22 15시57분15초	1766386635454]	7ms

[2025-12-22 15시57분15초	1766386635455]	AgitController..
[2025-12-22 15시57분15초	1766386635460]	5ms

[2025-12-22 15시57분15초	1766386635461]	AuctionController..
[2025-12-22 15시57분15초	1766386635467]	6ms

[2025-12-22 15시57분15초	1766386635472]	ItemDatabase..
[2025-12-22 15시57분15초	1766386635566]	93ms

[2025-12-22 15시57분15초	1766386635567]	ItemSetopionDatabase..
[2025-12-22 15시57분15초	1766386635570]	3ms

[2025-12-22 15시57분15초	1766386635571]	AutosellDatabase..
[2025-12-22 15시57분15초	1766386635590]	19ms

[2025-12-22 15시57분15초	1766386635591]	ItemSkillDatabase..
[2025-12-22 15시57분15초	1766386635593]	2ms

[2025-12-22 15시57분15초	1766386635594]	ItemBundleDatabase..
[2025-12-22 15시57분15초	1766386635597]	3ms

[2025-12-22 15시57분15초	1766386635599]	ItemChanceBundleDatabase..
[2025-12-22 15시57분15초	1766386635602]	3ms

[2025-12-22 15시57분15초	1766386635603]	FishItemListDatabase..
[2025-12-22 15시57분15초	1766386635604]	1ms

[2025-12-22 15시57분15초	1766386635605]	ItemTeleport..
[2025-12-22 15시57분15초	1766386635608]	3ms

[2025-12-22 15시57분15초	1766386635610]	PolyDatabase..
[2025-12-22 15시57분15초	1766386635613]	3ms

[2025-12-22 15시57분15초	1766386635614]	DungeonDatabase..
[2025-12-22 15시57분15초	1766386635618]	4ms

[2025-12-22 15시57분15초	1766386635619]	DefiniteDatabase..
[2025-12-22 15시57분15초	1766386635621]	2ms

[2025-12-22 15시57분15초	1766386635622]	ExpDatabase..
[2025-12-22 15시57분15초	1766386635625]	2ms

[2025-12-22 15시57분15초	1766386635625]	BackgroundDatabase..
[2025-12-22 15시57분15초	1766386635762]	137ms

[2025-12-22 15시57분15초	1766386635762]	SpriteFrameDatabase..
[2025-12-22 15시57분15초	1766386635832]	70ms

[2025-12-22 15시57분15초	1766386635833]	SkillDatabase..
[2025-12-22 15시57분15초	1766386635836]	3ms

[2025-12-22 15시57분15초	1766386635837]	NpcDatabase..
[2025-12-22 15시57분15초	1766386635845]	8ms

[2025-12-22 15시57분15초	1766386635846]	NpcShopDatabase..
[2025-12-22 15시57분15초	1766386635903]	57ms

[2025-12-22 15시57분15초	1766386635903]	NpcTeleportDatabase..
[2025-12-22 15시57분15초	1766386635905]	2ms

[2025-12-22 15시57분16초	1766386636039]	NpcSpawnlistDatabase..
[2025-12-22 15시57분16초	1766386636094]	55ms

[2025-12-22 15시57분16초	1766386636096]	EventController..
[2025-12-22 15시57분16초	1766386636096]	0ms

[2025-12-22 15시57분16초	1766386636098]	MonsterDatabase..
[2025-12-22 15시57분16초	1766386636113]	15ms

[2025-12-22 15시57분16초	1766386636119]	MonsterDropDatabase..
[2025-12-22 15시57분16초	1766386636144]	25ms

[2025-12-22 15시57분16초	1766386636145]	MonsterSkillDatabase..
[2025-12-22 15시57분16초	1766386636159]	14ms

[2025-12-22 15시57분16초	1766386636161]	MonsterSpawnlistDatabase..
[2025-12-22 15시57분17초	1766386637575]	1414ms

[2025-12-22 15시57분17초	1766386637576]	MonsterBossSpawnlistDatabase..
[2025-12-22 15시57분17초	1766386637579]	3ms

[2025-12-22 15시57분17초	1766386637580]	ServerDownBossListDatabase..
[2025-12-22 15시57분17초	1766386637580]	0ms

[2025-12-22 15시57분17초	1766386637581]	BadIpDatabase..
[2025-12-22 15시57분17초	1766386637584]	3ms

[2025-12-22 15시57분17초	1766386637584]	QuestController..
[2025-12-22 15시57분17초	1766386637585]	1ms

[2025-12-22 15시57분17초	1766386637586]	ServerOpcodesDatabase..
[2025-12-22 15시57분17초	1766386637590]	4ms

[2025-12-22 15시57분17초	1766386637591]	ServerNoticeDatabase..
[2025-12-22 15시57분17초	1766386637593]	2ms

[2025-12-22 15시57분17초	1766386637595]	RankController..
[2025-12-22 15시57분17초	1766386637611]	16ms

[2025-12-22 15시57분17초	1766386637612]	WantedController..
[2025-12-22 15시57분17초	1766386637613]	1ms

[2025-12-22 15시57분17초	1766386637614]	TeleportHomeDatabase..
[2025-12-22 15시57분17초	1766386637645]	31ms

[2025-12-22 15시57분17초	1766386637646]	TeleportResetDatabase..
[2025-12-22 15시57분17초	1766386637677]	31ms

[2025-12-22 15시57분17초	1766386637677]	ItemPinewandDatabase..
[2025-12-22 15시57분17초	1766386637679]	2ms

[2025-12-22 15시57분17초	1766386637680]	ItemMaplewandDatabase..
[2025-12-22 15시57분17초	1766386637682]	2ms

[2025-12-22 15시57분17초	1766386637683]	SummonListDatabase..
[2025-12-22 15시57분17초	1766386637686]	2ms

[2025-12-22 15시57분17초	1766386637686]	GmListDatabase..
[2025-12-22 15시57분17초	1766386637687]	1ms

[2025-12-22 15시57분17초	1766386637689]	MagicdollListDatabase..
[2025-12-22 15시57분17초	1766386637690]	1ms

[2025-12-22 15시57분17초	1766386637694]	PcMarketController..
[2025-12-22 15시57분17초	1766386637696]	1ms

[2025-12-22 15시57분17초	1766386637696]	ServerOptionDatabase..
[2025-12-22 15시57분17초	1766386637697]	1ms

[2025-12-22 15시57분17초	1766386637698]	TimeDungeonDatabase..
[2025-12-22 15시57분17초	1766386637698]	0ms

[2025-12-22 15시57분17초	1766386637699]	TeamBattleDatabase..
[2025-12-22 15시57분17초	1766386637700]	1ms

[2025-12-22 15시57분17초	1766386637701]	LifeLostItemDatabase..
[2025-12-22 15시57분17초	1766386637702]	1ms

[2025-12-22 15시57분17초	1766386637703]	GmTeleportDatabase..
[2025-12-22 15시57분17초	1766386637704]	1ms

[2025-12-22 15시57분17초	1766386637706]	무인혈맹컨트롤러..
[2025-12-22 15시57분17초	1766386637707]	1ms

[2025-12-22 15시57분17초	1766386637707]	HackNoCheckDatabase..
[2025-12-22 15시57분17초	1766386637708]	1ms

[2025-12-22 15시57분17초	1766386637709]	EnchantLostItemDatabase..
[2025-12-22 15시57분17초	1766386637709]	0ms

[2025-12-22 15시57분17초	1766386637711]	ItemDropMessageDatabase..
[2025-12-22 15시57분17초	1766386637711]	0ms

[2025-12-22 15시57분17초	1766386637713]	FishingController..
[2025-12-22 15시57분17초	1766386637725]	12ms

[2025-12-22 15시57분17초	1766386637733]	RobotController..
[2025-12-22 15시57분17초	1766386637828]	95ms

[2025-12-22 15시57분17초	1766386637830]	Server..
[2025-12-22 15시57분17초	1766386637903]	73ms

[2025-12-22 15시57분17초	1766386637903]	ServerThread..
[2025-12-22 15시57분17초	1766386637904]	1ms

[2025-12-22 15시57분17초	1766386637904]	ControllerTherad..
[2025-12-22 15시57분17초	1766386637904]	0ms

[2025-12-22 15시57분17초	1766386637905]	CharacterThread..
[2025-12-22 15시57분17초	1766386637905]	0ms

[2025-12-22 15시57분17초	1766386637906]	DatabaseThread..
[2025-12-22 15시57분17초	1766386637906]	0ms

[2025-12-22 15시57분17초	1766386637907]	CharacterControlThread..
[2025-12-22 15시57분17초	1766386637908]	1ms

[2025-12-22 15시57분17초	1766386637949]	FightController..
[2025-12-22 15시57분17초	1766386637963]	14ms

[2025-12-22 15시57분17초	1766386637964]	TimeThread..
[2025-12-22 15시57분17초	1766386637964]	0ms

[2025-12-22 15시57분17초	1766386637964]	AutoHuntThread..
[2025-12-22 15시57분17초	1766386637964]	0ms

[2025-12-22 15시57분17초	1766386637965]	======================================================================
[2025-12-22 15시57분17초	1766386637965]	Server Version  :  Lineage 2.0

[2025-12-22 15시57분17초	1766386637965]	Server Port      :  2000

[2025-12-22 15시57분17초	1766386637965]	계정 자동생성  :  on

[2025-12-22 15시57분17초	1766386637965]	인챈트 : 1.0배  ||  드랍 : 1.0배  ||  경험치 : 30.0배  ||  아데나 : 200.0배  ||  파티 : 1.1배

[2025-12-22 15시57분17초	1766386637965]	======================================================================
[2025-12-22 15시57분17초	1766386637965]	'서버' 가동되었습니다.

[2025-12-22 16시00분18초	1766386818514]	자동 저장완료 2025-12-22 16시00분18초
[2025-12-22 16시03분19초	1766386999043]	자동 저장완료 2025-12-22 16시03분19초
[2025-12-22 16시03분33초	1766387013543]	class lineage.world.object.instance.PetMasterInstance : toPush(PcInstance pc)
[2025-12-22 16시03분33초	1766387013543]	java.lang.ClassCastException: lineage.world.object.instance.PetInstance cannot be cast to lineage.world.object.instance.PcInstance
[2025-12-22 16시03분40초	1766387020205]	서버가 즉시 종료됩니다...
[2025-12-22 16시03분41초	1766387021206]	Thread close..
[2025-12-22 16시03분42초	1766387022206]	Save Database..
[2025-12-22 16시03분42초	1766387022753]	Socket close..
[2025-12-22 16시03분42초	1766387022753]	LineageServer Close...
[2025-12-22 16시03분42초	1766387022753]	0ms

[2025-12-22 16시03분42초	1766387022753]	ok..
