[2025-12-21 15시42분58초	1766299378616]	Mysql..
[2025-12-21 15시42분58초	1766299378616]	2ms

[2025-12-21 15시42분58초	1766299378634]	lineage.conf file loading...
[2025-12-21 15시42분58초	1766299378666]	32ms

[2025-12-21 15시42분58초	1766299378674]	Lineage_Balance..
[2025-12-21 15시42분58초	1766299378683]	9ms

[2025-12-21 15시42분58초	1766299378689]	npc_promotion..
[2025-12-21 15시42분58초	1766299378689]	0ms

[2025-12-21 15시42분58초	1766299378690]	Socket..
[2025-12-21 15시42분58초	1766299378690]	0ms

[2025-12-21 15시42분58초	1766299378690]	Common..
[2025-12-21 15시42분58초	1766299378690]	0ms

[2025-12-21 15시42분58초	1766299378691]	EventThread..
[2025-12-21 15시42분58초	1766299378691]	0ms

[2025-12-21 15시42분58초	1766299378692]	AiExecuteThread..
[2025-12-21 15시42분58초	1766299378692]	0ms

[2025-12-21 15시42분58초	1766299378693]	AiThread..
[2025-12-21 15시42분58초	1766299378693]	0ms

[2025-12-21 15시42분58초	1766299378697]	World..
[2025-12-21 15시42분58초	1766299378775]	78ms

[2025-12-21 15시42분58초	1766299378777]	BookController..
[2025-12-21 15시42분58초	1766299378777]	0ms

[2025-12-21 15시42분58초	1766299378778]	InventoryController..
[2025-12-21 15시42분58초	1766299378778]	0ms

[2025-12-21 15시42분58초	1766299378778]	BasePacketPooling..
[2025-12-21 15시42분58초	1766299378778]	0ms

[2025-12-21 15시42분58초	1766299378781]	SkillController..
[2025-12-21 15시42분58초	1766299378781]	0ms

[2025-12-21 15시42분58초	1766299378789]	DamageController..
[2025-12-21 15시42분58초	1766299378789]	0ms

[2025-12-21 15시42분58초	1766299378791]	CharacterController..
[2025-12-21 15시42분58초	1766299378791]	0ms

[2025-12-21 15시42분58초	1766299378792]	TradeController..
[2025-12-21 15시42분58초	1766299378792]	0ms

[2025-12-21 15시42분58초	1766299378793]	DungeonController..
[2025-12-21 15시42분58초	1766299378793]	0ms

[2025-12-21 15시42분58초	1766299378793]	ShipController..
[2025-12-21 15시42분58초	1766299378793]	0ms

[2025-12-21 15시42분58초	1766299378794]	BuffController..
[2025-12-21 15시42분58초	1766299378794]	0ms

[2025-12-21 15시42분58초	1766299378798]	SummonController..
[2025-12-21 15시42분58초	1766299378798]	0ms

[2025-12-21 15시42분58초	1766299378799]	PartyController..
[2025-12-21 15시42분58초	1766299378799]	0ms

[2025-12-21 15시42분58초	1766299378799]	InnController..
[2025-12-21 15시42분58초	1766299378800]	1ms

[2025-12-21 15시42분58초	1766299378801]	BoardController..
[2025-12-21 15시42분58초	1766299378801]	0ms

[2025-12-21 15시42분58초	1766299378802]	LetterController..
[2025-12-21 15시42분58초	1766299378802]	0ms

[2025-12-21 15시42분58초	1766299378803]	UserShopController..
[2025-12-21 15시42분58초	1766299378803]	0ms

[2025-12-21 15시42분58초	1766299378804]	ChattingController..
[2025-12-21 15시42분58초	1766299378808]	4ms

[2025-12-21 15시42분58초	1766299378810]	ColosseumController..
[2025-12-21 15시42분58초	1766299378810]	0ms

[2025-12-21 15시42분58초	1766299378810]	CraftController..
[2025-12-21 15시42분58초	1766299378810]	0ms

[2025-12-21 15시42분58초	1766299378818]	BossController..
[2025-12-21 15시42분58초	1766299378818]	0ms

[2025-12-21 15시42분58초	1766299378827]	NoticeController..
[2025-12-21 15시42분58초	1766299378827]	0ms

[2025-12-21 15시42분58초	1766299378828]	FriendController..
[2025-12-21 15시42분58초	1766299378828]	0ms

[2025-12-21 15시42분58초	1766299378829]	BugScanningController..
[2025-12-21 15시42분58초	1766299378829]	0ms

[2025-12-21 15시42분58초	1766299378830]	MagicDollController..
[2025-12-21 15시42분58초	1766299378830]	0ms

[2025-12-21 15시42분58초	1766299378831]	ShopController..
[2025-12-21 15시42분58초	1766299378831]	0ms

[2025-12-21 15시42분58초	1766299378832]	WarehouseDatabase..
[2025-12-21 15시42분58초	1766299378832]	0ms

[2025-12-21 15시42분58초	1766299378833]	PakTools..
[2025-12-21 15시42분58초	1766299378834]	1ms

[2025-12-21 15시42분58초	1766299378835]	ScriptController...
[2025-12-21 15시42분58초	1766299378837]	2ms

[2025-12-21 15시42분58초	1766299378838]	GiranClanLordController..
[2025-12-21 15시42분58초	1766299378838]	0ms

[2025-12-21 15시42분58초	1766299378840]	TeamBattleController..
[2025-12-21 15시42분58초	1766299378840]	0ms

[2025-12-21 15시42분58초	1766299378840]	WorldClearController..
[2025-12-21 15시42분58초	1766299378841]	1ms

[2025-12-21 15시42분58초	1766299378841]	SpotController..
[2025-12-21 15시42분58초	1766299378844]	0ms

[2025-12-21 15시42분58초	1766299378845]	테베라스 컨트롤러..
[2025-12-21 15시42분58초	1766299378845]	0ms

[2025-12-21 15시42분58초	1766299378846]	지옥 컨트롤러..
[2025-12-21 15시42분58초	1766299378846]	0ms

[2025-12-21 15시42분58초	1766299378846]	지하수로 컨트롤러..
[2025-12-21 15시42분58초	1766299378846]	0ms

[2025-12-21 15시42분58초	1766299378847]	보물찾기컨트롤러..
[2025-12-21 15시42분58초	1766299378847]	0ms

[2025-12-21 15시42분58초	1766299378848]	마족신전 컨트롤러..
[2025-12-21 15시42분58초	1766299378848]	0ms

[2025-12-21 15시42분58초	1766299378848]	고무 컨트롤러..
[2025-12-21 15시42분58초	1766299378852]	4ms

[2025-12-21 15시42분58초	1766299378853]	정무던전 컨트롤러..
[2025-12-21 15시42분58초	1766299378853]	0ms

[2025-12-21 15시42분58초	1766299378854]	그신 컨트롤러..
[2025-12-21 15시42분58초	1766299378854]	0ms

[2025-12-21 15시42분58초	1766299378855]	라바던전 컨트롤러..
[2025-12-21 15시42분58초	1766299378855]	0ms

[2025-12-21 15시42분58초	1766299378856]	월드보스컨트롤러..
[2025-12-21 15시42분58초	1766299378856]	0ms

[2025-12-21 15시42분58초	1766299378856]	펭귄 사냥터 컨트롤러..
[2025-12-21 15시42분58초	1766299378856]	0ms

[2025-12-21 15시42분58초	1766299378857]	칠흑던전 컨트롤러..
[2025-12-21 15시42분58초	1766299378857]	0ms

[2025-12-21 15시42분58초	1766299378858]	악마왕의영토컨트롤러..
[2025-12-21 15시42분58초	1766299378858]	0ms

[2025-12-21 15시42분58초	1766299378859]	얼던컨트롤러..
[2025-12-21 15시42분58초	1766299378859]	0ms

[2025-12-21 15시42분58초	1766299378859]	기감 컨트롤러..
[2025-12-21 15시42분58초	1766299378859]	0ms

[2025-12-21 15시42분58초	1766299378860]	고라스컨트롤러..
[2025-12-21 15시42분58초	1766299378860]	0ms

[2025-12-21 15시42분58초	1766299378861]	드워프컨트롤러..
[2025-12-21 15시42분58초	1766299378861]	0ms

[2025-12-21 15시42분58초	1766299378862]	타임이벤트컨트롤러..
[2025-12-21 15시42분58초	1766299378862]	0ms

[2025-12-21 15시42분58초	1766299378862]	AutoHuntController..
[2025-12-21 15시42분58초	1766299378862]	0ms

[2025-12-21 15시42분58초	1766299378863]	DatabaseConnection..
[2025-12-21 15시42분59초	1766299379168]	305ms

[2025-12-21 15시42분59초	1766299379183]	ServerDatabase..
[2025-12-21 15시42분59초	1766299379211]	28ms

[2025-12-21 15시42분59초	1766299379214]	SlimeRaceController..
[2025-12-21 15시42분59초	1766299379216]	2ms

[2025-12-21 15시42분59초	1766299379218]	DogRaceController..
[2025-12-21 15시42분59초	1766299379219]	1ms

[2025-12-21 15시42분59초	1766299379222]	ClanController..
[2025-12-21 15시42분59초	1766299379227]	5ms

[2025-12-21 15시42분59초	1766299379229]	KingdomController..
[2025-12-21 15시42분59초	1766299379235]	6ms

[2025-12-21 15시42분59초	1766299379236]	AgitController..
[2025-12-21 15시42분59초	1766299379239]	3ms

[2025-12-21 15시42분59초	1766299379241]	AuctionController..
[2025-12-21 15시42분59초	1766299379245]	4ms

[2025-12-21 15시42분59초	1766299379250]	ItemDatabase..
[2025-12-21 15시42분59초	1766299379360]	110ms

[2025-12-21 15시42분59초	1766299379361]	ItemSetopionDatabase..
[2025-12-21 15시42분59초	1766299379362]	1ms

[2025-12-21 15시42분59초	1766299379363]	AutosellDatabase..
[2025-12-21 15시42분59초	1766299379381]	18ms

[2025-12-21 15시42분59초	1766299379382]	ItemSkillDatabase..
[2025-12-21 15시42분59초	1766299379384]	2ms

[2025-12-21 15시42분59초	1766299379384]	ItemBundleDatabase..
[2025-12-21 15시42분59초	1766299379387]	2ms

[2025-12-21 15시42분59초	1766299379388]	ItemChanceBundleDatabase..
[2025-12-21 15시42분59초	1766299379390]	2ms

[2025-12-21 15시42분59초	1766299379391]	FishItemListDatabase..
[2025-12-21 15시42분59초	1766299379393]	2ms

[2025-12-21 15시42분59초	1766299379394]	ItemTeleport..
[2025-12-21 15시42분59초	1766299379395]	1ms

[2025-12-21 15시42분59초	1766299379397]	PolyDatabase..
[2025-12-21 15시42분59초	1766299379398]	1ms

[2025-12-21 15시42분59초	1766299379399]	DungeonDatabase..
[2025-12-21 15시42분59초	1766299379403]	4ms

[2025-12-21 15시42분59초	1766299379403]	DefiniteDatabase..
[2025-12-21 15시42분59초	1766299379405]	2ms

[2025-12-21 15시42분59초	1766299379406]	ExpDatabase..
[2025-12-21 15시42분59초	1766299379407]	1ms

[2025-12-21 15시42분59초	1766299379407]	BackgroundDatabase..
[2025-12-21 15시42분59초	1766299379515]	108ms

[2025-12-21 15시42분59초	1766299379515]	SpriteFrameDatabase..
[2025-12-21 15시42분59초	1766299379575]	60ms

[2025-12-21 15시42분59초	1766299379576]	SkillDatabase..
[2025-12-21 15시42분59초	1766299379579]	3ms

[2025-12-21 15시42분59초	1766299379580]	NpcDatabase..
[2025-12-21 15시42분59초	1766299379589]	9ms

[2025-12-21 15시42분59초	1766299379589]	NpcShopDatabase..
[2025-12-21 15시42분59초	1766299379646]	57ms

[2025-12-21 15시42분59초	1766299379647]	NpcTeleportDatabase..
[2025-12-21 15시42분59초	1766299379648]	1ms

[2025-12-21 15시42분59초	1766299379779]	NpcSpawnlistDatabase..
[2025-12-21 15시42분59초	1766299379826]	47ms

[2025-12-21 15시42분59초	1766299379828]	EventController..
[2025-12-21 15시42분59초	1766299379828]	0ms

[2025-12-21 15시42분59초	1766299379829]	MonsterDatabase..
[2025-12-21 15시42분59초	1766299379844]	15ms

[2025-12-21 15시42분59초	1766299379851]	MonsterDropDatabase..
[2025-12-21 15시42분59초	1766299379875]	24ms

[2025-12-21 15시42분59초	1766299379876]	MonsterSkillDatabase..
[2025-12-21 15시42분59초	1766299379888]	12ms

[2025-12-21 15시42분59초	1766299379889]	MonsterSpawnlistDatabase..
[2025-12-21 15시43분00초	1766299380893]	1004ms

[2025-12-21 15시43분00초	1766299380894]	MonsterBossSpawnlistDatabase..
[2025-12-21 15시43분00초	1766299380896]	2ms

[2025-12-21 15시43분00초	1766299380896]	ServerDownBossListDatabase..
[2025-12-21 15시43분00초	1766299380897]	1ms

[2025-12-21 15시43분00초	1766299380898]	BadIpDatabase..
[2025-12-21 15시43분00초	1766299380899]	1ms

[2025-12-21 15시43분00초	1766299380899]	QuestController..
[2025-12-21 15시43분00초	1766299380900]	1ms

[2025-12-21 15시43분00초	1766299380901]	ServerOpcodesDatabase..
[2025-12-21 15시43분00초	1766299380904]	3ms

[2025-12-21 15시43분00초	1766299380905]	ServerNoticeDatabase..
[2025-12-21 15시43분00초	1766299380906]	1ms

[2025-12-21 15시43분00초	1766299380908]	RankController..
[2025-12-21 15시43분00초	1766299380924]	17ms

[2025-12-21 15시43분00초	1766299380926]	WantedController..
[2025-12-21 15시43분00초	1766299380927]	1ms

[2025-12-21 15시43분00초	1766299380928]	TeleportHomeDatabase..
[2025-12-21 15시43분00초	1766299380961]	33ms

[2025-12-21 15시43분00초	1766299380961]	TeleportResetDatabase..
[2025-12-21 15시43분00초	1766299380990]	29ms

[2025-12-21 15시43분00초	1766299380990]	ItemPinewandDatabase..
[2025-12-21 15시43분00초	1766299380992]	2ms

[2025-12-21 15시43분00초	1766299380992]	ItemMaplewandDatabase..
[2025-12-21 15시43분00초	1766299380993]	1ms

[2025-12-21 15시43분00초	1766299380994]	SummonListDatabase..
[2025-12-21 15시43분00초	1766299380995]	1ms

[2025-12-21 15시43분00초	1766299380995]	GmListDatabase..
[2025-12-21 15시43분00초	1766299380996]	1ms

[2025-12-21 15시43분00초	1766299380997]	MagicdollListDatabase..
[2025-12-21 15시43분00초	1766299380998]	1ms

[2025-12-21 15시43분01초	1766299381001]	PcMarketController..
[2025-12-21 15시43분01초	1766299381001]	0ms

[2025-12-21 15시43분01초	1766299381002]	ServerOptionDatabase..
[2025-12-21 15시43분01초	1766299381002]	0ms

[2025-12-21 15시43분01초	1766299381003]	TimeDungeonDatabase..
[2025-12-21 15시43분01초	1766299381003]	0ms

[2025-12-21 15시43분01초	1766299381004]	TeamBattleDatabase..
[2025-12-21 15시43분01초	1766299381005]	1ms

[2025-12-21 15시43분01초	1766299381005]	LifeLostItemDatabase..
[2025-12-21 15시43분01초	1766299381007]	2ms

[2025-12-21 15시43분01초	1766299381007]	GmTeleportDatabase..
[2025-12-21 15시43분01초	1766299381008]	1ms

[2025-12-21 15시43분01초	1766299381010]	무인혈맹컨트롤러..
[2025-12-21 15시43분01초	1766299381011]	1ms

[2025-12-21 15시43분01초	1766299381012]	HackNoCheckDatabase..
[2025-12-21 15시43분01초	1766299381012]	0ms

[2025-12-21 15시43분01초	1766299381013]	EnchantLostItemDatabase..
[2025-12-21 15시43분01초	1766299381016]	3ms

[2025-12-21 15시43분01초	1766299381017]	ItemDropMessageDatabase..
[2025-12-21 15시43분01초	1766299381018]	1ms

[2025-12-21 15시43분01초	1766299381019]	FishingController..
[2025-12-21 15시43분01초	1766299381031]	12ms

[2025-12-21 15시43분01초	1766299381038]	RobotController..
[2025-12-21 15시43분01초	1766299381131]	93ms

[2025-12-21 15시43분01초	1766299381132]	Server..
[2025-12-21 15시43분01초	1766299381197]	65ms

[2025-12-21 15시43분01초	1766299381198]	ServerThread..
[2025-12-21 15시43분01초	1766299381198]	0ms

[2025-12-21 15시43분01초	1766299381198]	ControllerTherad..
[2025-12-21 15시43분01초	1766299381198]	0ms

[2025-12-21 15시43분01초	1766299381199]	CharacterThread..
[2025-12-21 15시43분01초	1766299381199]	0ms

[2025-12-21 15시43분01초	1766299381201]	DatabaseThread..
[2025-12-21 15시43분01초	1766299381201]	0ms

[2025-12-21 15시43분01초	1766299381201]	CharacterControlThread..
[2025-12-21 15시43분01초	1766299381202]	1ms

[2025-12-21 15시43분01초	1766299381242]	FightController..
[2025-12-21 15시43분01초	1766299381257]	15ms

[2025-12-21 15시43분01초	1766299381258]	TimeThread..
[2025-12-21 15시43분01초	1766299381258]	0ms

[2025-12-21 15시43분01초	1766299381258]	AutoHuntThread..
[2025-12-21 15시43분01초	1766299381259]	1ms

[2025-12-21 15시43분01초	1766299381259]	======================================================================
[2025-12-21 15시43분01초	1766299381259]	Server Version  :  Lineage 2.0

[2025-12-21 15시43분01초	1766299381259]	Server Port      :  2000

[2025-12-21 15시43분01초	1766299381259]	계정 자동생성  :  on

[2025-12-21 15시43분01초	1766299381259]	인챈트 : 1.0배  ||  드랍 : 1.0배  ||  경험치 : 30.0배  ||  아데나 : 200.0배  ||  파티 : 1.1배

[2025-12-21 15시43분01초	1766299381259]	======================================================================
[2025-12-21 15시43분01초	1766299381259]	'서버' 가동되었습니다.

[2025-12-21 15시46분01초	1766299561876]	자동 저장완료 2025-12-21 15시46분01초
[2025-12-21 15시49분02초	1766299742637]	자동 저장완료 2025-12-21 15시49분02초
[2025-12-21 15시52분03초	1766299923238]	자동 저장완료 2025-12-21 15시52분03초
[2025-12-21 15시55분03초	1766300103292]	자동 저장완료 2025-12-21 15시55분03초
[2025-12-21 15시58분04초	1766300284159]	자동 저장완료 2025-12-21 15시58분04초
[2025-12-21 16시01분05초	1766300465082]	자동 저장완료 2025-12-21 16시01분05초
[2025-12-21 16시04분06초	1766300646036]	자동 저장완료 2025-12-21 16시04분06초
[2025-12-21 16시07분06초	1766300826416]	자동 저장완료 2025-12-21 16시07분06초
[2025-12-21 16시10분07초	1766301007244]	자동 저장완료 2025-12-21 16시10분07초
[2025-12-21 16시13분07초	1766301187984]	자동 저장완료 2025-12-21 16시13분07초
[2025-12-21 16시16분08초	1766301368767]	자동 저장완료 2025-12-21 16시16분08초
[2025-12-21 16시19분09초	1766301549494]	자동 저장완료 2025-12-21 16시19분09초
[2025-12-21 16시22분08초	1766301728969]	서버가 즉시 종료됩니다...
[2025-12-21 16시22분09초	1766301729969]	Thread close..
[2025-12-21 16시22분10초	1766301730970]	Save Database..
[2025-12-21 16시22분11초	1766301731521]	Socket close..
[2025-12-21 16시22분11초	1766301731521]	LineageServer Close...
[2025-12-21 16시22분11초	1766301731521]	0ms

[2025-12-21 16시22분11초	1766301731521]	ok..
