[2025-12-27 14시34분58초	1766813698130]	Mysql..
[2025-12-27 14시34분58초	1766813698130]	1ms

[2025-12-27 14시34분58초	1766813698148]	lineage.conf file loading...
[2025-12-27 14시34분58초	1766813698177]	29ms

[2025-12-27 14시34분58초	1766813698184]	Lineage_Balance..
[2025-12-27 14시34분58초	1766813698192]	8ms

[2025-12-27 14시34분58초	1766813698193]	npc_promotion..
[2025-12-27 14시34분58초	1766813698193]	0ms

[2025-12-27 14시34분58초	1766813698194]	Socket..
[2025-12-27 14시34분58초	1766813698194]	0ms

[2025-12-27 14시34분58초	1766813698194]	Common..
[2025-12-27 14시34분58초	1766813698194]	0ms

[2025-12-27 14시34분58초	1766813698195]	EventThread..
[2025-12-27 14시34분58초	1766813698195]	0ms

[2025-12-27 14시34분58초	1766813698196]	AiExecuteThread..
[2025-12-27 14시34분58초	1766813698196]	0ms

[2025-12-27 14시34분58초	1766813698197]	AiThread..
[2025-12-27 14시34분58초	1766813698197]	0ms

[2025-12-27 14시34분58초	1766813698201]	World..
[2025-12-27 14시34분58초	1766813698279]	78ms

[2025-12-27 14시34분58초	1766813698281]	BookController..
[2025-12-27 14시34분58초	1766813698281]	0ms

[2025-12-27 14시34분58초	1766813698282]	InventoryController..
[2025-12-27 14시34분58초	1766813698282]	0ms

[2025-12-27 14시34분58초	1766813698282]	BasePacketPooling..
[2025-12-27 14시34분58초	1766813698282]	0ms

[2025-12-27 14시34분58초	1766813698292]	SkillController..
[2025-12-27 14시34분58초	1766813698295]	0ms

[2025-12-27 14시34분58초	1766813698300]	DamageController..
[2025-12-27 14시34분58초	1766813698300]	0ms

[2025-12-27 14시34분58초	1766813698302]	CharacterController..
[2025-12-27 14시34분58초	1766813698302]	0ms

[2025-12-27 14시34분58초	1766813698303]	TradeController..
[2025-12-27 14시34분58초	1766813698303]	0ms

[2025-12-27 14시34분58초	1766813698303]	DungeonController..
[2025-12-27 14시34분58초	1766813698303]	0ms

[2025-12-27 14시34분58초	1766813698304]	ShipController..
[2025-12-27 14시34분58초	1766813698304]	0ms

[2025-12-27 14시34분58초	1766813698305]	BuffController..
[2025-12-27 14시34분58초	1766813698305]	0ms

[2025-12-27 14시34분58초	1766813698308]	SummonController..
[2025-12-27 14시34분58초	1766813698308]	0ms

[2025-12-27 14시34분58초	1766813698309]	PartyController..
[2025-12-27 14시34분58초	1766813698309]	0ms

[2025-12-27 14시34분58초	1766813698310]	InnController..
[2025-12-27 14시34분58초	1766813698310]	0ms

[2025-12-27 14시34분58초	1766813698311]	BoardController..
[2025-12-27 14시34분58초	1766813698311]	0ms

[2025-12-27 14시34분58초	1766813698312]	LetterController..
[2025-12-27 14시34분58초	1766813698312]	0ms

[2025-12-27 14시34분58초	1766813698321]	UserShopController..
[2025-12-27 14시34분58초	1766813698321]	0ms

[2025-12-27 14시34분58초	1766813698330]	ChattingController..
[2025-12-27 14시34분58초	1766813698331]	1ms

[2025-12-27 14시34분58초	1766813698332]	ColosseumController..
[2025-12-27 14시34분58초	1766813698333]	1ms

[2025-12-27 14시34분58초	1766813698333]	CraftController..
[2025-12-27 14시34분58초	1766813698333]	0ms

[2025-12-27 14시34분58초	1766813698334]	BossController..
[2025-12-27 14시34분58초	1766813698334]	0ms

[2025-12-27 14시34분58초	1766813698335]	NoticeController..
[2025-12-27 14시34분58초	1766813698336]	1ms

[2025-12-27 14시34분58초	1766813698336]	FriendController..
[2025-12-27 14시34분58초	1766813698336]	0ms

[2025-12-27 14시34분58초	1766813698337]	BugScanningController..
[2025-12-27 14시34분58초	1766813698337]	0ms

[2025-12-27 14시34분58초	1766813698338]	MagicDollController..
[2025-12-27 14시34분58초	1766813698338]	0ms

[2025-12-27 14시34분58초	1766813698339]	ShopController..
[2025-12-27 14시34분58초	1766813698339]	0ms

[2025-12-27 14시34분58초	1766813698340]	WarehouseDatabase..
[2025-12-27 14시34분58초	1766813698340]	0ms

[2025-12-27 14시34분58초	1766813698341]	PakTools..
[2025-12-27 14시34분58초	1766813698342]	1ms

[2025-12-27 14시34분58초	1766813698343]	ScriptController...
[2025-12-27 14시34분58초	1766813698346]	3ms

[2025-12-27 14시34분58초	1766813698347]	GiranClanLordController..
[2025-12-27 14시34분58초	1766813698347]	0ms

[2025-12-27 14시34분58초	1766813698348]	TeamBattleController..
[2025-12-27 14시34분58초	1766813698348]	0ms

[2025-12-27 14시34분58초	1766813698349]	WorldClearController..
[2025-12-27 14시34분58초	1766813698349]	0ms

[2025-12-27 14시34분58초	1766813698350]	SpotController..
[2025-12-27 14시34분58초	1766813698350]	0ms

[2025-12-27 14시34분58초	1766813698351]	테베라스 컨트롤러..
[2025-12-27 14시34분58초	1766813698351]	0ms

[2025-12-27 14시34분58초	1766813698352]	지옥 컨트롤러..
[2025-12-27 14시34분58초	1766813698352]	0ms

[2025-12-27 14시34분58초	1766813698352]	지하수로 컨트롤러..
[2025-12-27 14시34분58초	1766813698352]	0ms

[2025-12-27 14시34분58초	1766813698353]	보물찾기컨트롤러..
[2025-12-27 14시34분58초	1766813698353]	0ms

[2025-12-27 14시34분58초	1766813698353]	마족신전 컨트롤러..
[2025-12-27 14시34분58초	1766813698353]	0ms

[2025-12-27 14시34분58초	1766813698354]	고무 컨트롤러..
[2025-12-27 14시34분58초	1766813698358]	4ms

[2025-12-27 14시34분58초	1766813698359]	정무던전 컨트롤러..
[2025-12-27 14시34분58초	1766813698359]	0ms

[2025-12-27 14시34분58초	1766813698359]	그신 컨트롤러..
[2025-12-27 14시34분58초	1766813698360]	1ms

[2025-12-27 14시34분58초	1766813698360]	라바던전 컨트롤러..
[2025-12-27 14시34분58초	1766813698360]	0ms

[2025-12-27 14시34분58초	1766813698361]	월드보스컨트롤러..
[2025-12-27 14시34분58초	1766813698361]	0ms

[2025-12-27 14시34분58초	1766813698361]	펭귄 사냥터 컨트롤러..
[2025-12-27 14시34분58초	1766813698362]	1ms

[2025-12-27 14시34분58초	1766813698362]	칠흑던전 컨트롤러..
[2025-12-27 14시34분58초	1766813698362]	0ms

[2025-12-27 14시34분58초	1766813698363]	악마왕의영토컨트롤러..
[2025-12-27 14시34분58초	1766813698363]	0ms

[2025-12-27 14시34분58초	1766813698363]	얼던컨트롤러..
[2025-12-27 14시34분58초	1766813698364]	0ms

[2025-12-27 14시34분58초	1766813698364]	기감 컨트롤러..
[2025-12-27 14시34분58초	1766813698364]	0ms

[2025-12-27 14시34분58초	1766813698365]	고라스컨트롤러..
[2025-12-27 14시34분58초	1766813698365]	0ms

[2025-12-27 14시34분58초	1766813698366]	드워프컨트롤러..
[2025-12-27 14시34분58초	1766813698366]	0ms

[2025-12-27 14시34분58초	1766813698366]	타임이벤트컨트롤러..
[2025-12-27 14시34분58초	1766813698366]	0ms

[2025-12-27 14시34분58초	1766813698367]	AutoHuntController..
[2025-12-27 14시34분58초	1766813698367]	0ms

[2025-12-27 14시34분58초	1766813698367]	DatabaseConnection..
[2025-12-27 14시34분58초	1766813698668]	301ms

[2025-12-27 14시34분58초	1766813698684]	ServerDatabase..
[2025-12-27 14시34분58초	1766813698722]	38ms

[2025-12-27 14시34분58초	1766813698725]	SlimeRaceController..
[2025-12-27 14시34분58초	1766813698728]	3ms

[2025-12-27 14시34분58초	1766813698730]	DogRaceController..
[2025-12-27 14시34분58초	1766813698732]	1ms

[2025-12-27 14시34분58초	1766813698734]	ClanController..
[2025-12-27 14시34분58초	1766813698742]	8ms

[2025-12-27 14시34분58초	1766813698745]	KingdomController..
[2025-12-27 14시34분58초	1766813698754]	9ms

[2025-12-27 14시34분58초	1766813698755]	AgitController..
[2025-12-27 14시34분58초	1766813698760]	5ms

[2025-12-27 14시34분58초	1766813698762]	AuctionController..
[2025-12-27 14시34분58초	1766813698769]	7ms

[2025-12-27 14시34분58초	1766813698773]	ItemDatabase..
[2025-12-27 14시34분58초	1766813698873]	100ms

[2025-12-27 14시34분58초	1766813698874]	ItemSetopionDatabase..
[2025-12-27 14시34분58초	1766813698877]	3ms

[2025-12-27 14시34분58초	1766813698878]	AutosellDatabase..
[2025-12-27 14시34분58초	1766813698897]	19ms

[2025-12-27 14시34분58초	1766813698899]	ItemSkillDatabase..
[2025-12-27 14시34분58초	1766813698902]	3ms

[2025-12-27 14시34분58초	1766813698903]	ItemBundleDatabase..
[2025-12-27 14시34분58초	1766813698907]	4ms

[2025-12-27 14시34분58초	1766813698908]	ItemChanceBundleDatabase..
[2025-12-27 14시34분58초	1766813698911]	3ms

[2025-12-27 14시34분58초	1766813698912]	FishItemListDatabase..
[2025-12-27 14시34분58초	1766813698913]	1ms

[2025-12-27 14시34분58초	1766813698915]	ItemTeleport..
[2025-12-27 14시34분58초	1766813698919]	4ms

[2025-12-27 14시34분58초	1766813698920]	PolyDatabase..
[2025-12-27 14시34분58초	1766813698924]	4ms

[2025-12-27 14시34분58초	1766813698925]	DungeonDatabase..
[2025-12-27 14시34분58초	1766813698931]	6ms

[2025-12-27 14시34분58초	1766813698932]	DefiniteDatabase..
[2025-12-27 14시34분58초	1766813698936]	4ms

[2025-12-27 14시34분58초	1766813698937]	ExpDatabase..
[2025-12-27 14시34분58초	1766813698940]	3ms

[2025-12-27 14시34분58초	1766813698940]	BackgroundDatabase..
[2025-12-27 14시34분59초	1766813699072]	132ms

[2025-12-27 14시34분59초	1766813699072]	SpriteFrameDatabase..
[2025-12-27 14시34분59초	1766813699150]	78ms

[2025-12-27 14시34분59초	1766813699151]	SkillDatabase..
[2025-12-27 14시34분59초	1766813699155]	4ms

[2025-12-27 14시34분59초	1766813699163]	NpcDatabase..
[2025-12-27 14시34분59초	1766813699177]	14ms

[2025-12-27 14시34분59초	1766813699178]	NpcShopDatabase..
[2025-12-27 14시34분59초	1766813699242]	64ms

[2025-12-27 14시34분59초	1766813699242]	NpcTeleportDatabase..
[2025-12-27 14시34분59초	1766813699245]	3ms

[2025-12-27 14시34분59초	1766813699381]	NpcSpawnlistDatabase..
[2025-12-27 14시34분59초	1766813699434]	53ms

[2025-12-27 14시34분59초	1766813699436]	EventController..
[2025-12-27 14시34분59초	1766813699436]	0ms

[2025-12-27 14시34분59초	1766813699437]	MonsterDatabase..
[2025-12-27 14시34분59초	1766813699453]	16ms

[2025-12-27 14시34분59초	1766813699455]	MonsterDropDatabase..
[2025-12-27 14시34분59초	1766813699479]	23ms

[2025-12-27 14시34분59초	1766813699480]	MonsterSkillDatabase..
[2025-12-27 14시34분59초	1766813699493]	13ms

[2025-12-27 14시34분59초	1766813699495]	MonsterSpawnlistDatabase..
[2025-12-27 14시35분00초	1766813700522]	1027ms

[2025-12-27 14시35분00초	1766813700523]	MonsterBossSpawnlistDatabase..
[2025-12-27 14시35분00초	1766813700528]	5ms

[2025-12-27 14시35분00초	1766813700528]	ServerDownBossListDatabase..
[2025-12-27 14시35분00초	1766813700530]	2ms

[2025-12-27 14시35분00초	1766813700530]	BadIpDatabase..
[2025-12-27 14시35분00초	1766813700534]	4ms

[2025-12-27 14시35분00초	1766813700534]	QuestController..
[2025-12-27 14시35분00초	1766813700536]	2ms

[2025-12-27 14시35분00초	1766813700536]	ServerOpcodesDatabase..
[2025-12-27 14시35분00초	1766813700541]	5ms

[2025-12-27 14시35분00초	1766813700541]	ServerNoticeDatabase..
[2025-12-27 14시35분00초	1766813700544]	3ms

[2025-12-27 14시35분00초	1766813700545]	RankController..
[2025-12-27 14시35분00초	1766813700561]	16ms

[2025-12-27 14시35분00초	1766813700562]	WantedController..
[2025-12-27 14시35분00초	1766813700563]	1ms

[2025-12-27 14시35분00초	1766813700564]	TeleportHomeDatabase..
[2025-12-27 14시35분00초	1766813700587]	23ms

[2025-12-27 14시35분00초	1766813700588]	TeleportResetDatabase..
[2025-12-27 14시35분00초	1766813700617]	29ms

[2025-12-27 14시35분00초	1766813700618]	ItemPinewandDatabase..
[2025-12-27 14시35분00초	1766813700620]	2ms

[2025-12-27 14시35분00초	1766813700620]	ItemMaplewandDatabase..
[2025-12-27 14시35분00초	1766813700622]	2ms

[2025-12-27 14시35분00초	1766813700622]	SummonListDatabase..
[2025-12-27 14시35분00초	1766813700624]	2ms

[2025-12-27 14시35분00초	1766813700625]	GmListDatabase..
[2025-12-27 14시35분00초	1766813700626]	1ms

[2025-12-27 14시35분00초	1766813700627]	MagicdollListDatabase..
[2025-12-27 14시35분00초	1766813700630]	3ms

[2025-12-27 14시35분00초	1766813700633]	PcMarketController..
[2025-12-27 14시35분00초	1766813700634]	1ms

[2025-12-27 14시35분00초	1766813700635]	ServerOptionDatabase..
[2025-12-27 14시35분00초	1766813700635]	0ms

[2025-12-27 14시35분00초	1766813700636]	TimeDungeonDatabase..
[2025-12-27 14시35분00초	1766813700636]	0ms

[2025-12-27 14시35분00초	1766813700637]	TeamBattleDatabase..
[2025-12-27 14시35분00초	1766813700638]	1ms

[2025-12-27 14시35분00초	1766813700639]	LifeLostItemDatabase..
[2025-12-27 14시35분00초	1766813700640]	1ms

[2025-12-27 14시35분00초	1766813700640]	GmTeleportDatabase..
[2025-12-27 14시35분00초	1766813700641]	1ms

[2025-12-27 14시35분00초	1766813700643]	무인혈맹컨트롤러..
[2025-12-27 14시35분00초	1766813700644]	1ms

[2025-12-27 14시35분00초	1766813700644]	HackNoCheckDatabase..
[2025-12-27 14시35분00초	1766813700645]	1ms

[2025-12-27 14시35분00초	1766813700646]	EnchantLostItemDatabase..
[2025-12-27 14시35분00초	1766813700647]	1ms

[2025-12-27 14시35분00초	1766813700648]	ItemDropMessageDatabase..
[2025-12-27 14시35분00초	1766813700649]	1ms

[2025-12-27 14시35분00초	1766813700651]	FishingController..
[2025-12-27 14시35분00초	1766813700663]	13ms

[2025-12-27 14시35분00초	1766813700671]	RobotController..
[2025-12-27 14시35분00초	1766813700765]	94ms

[2025-12-27 14시35분00초	1766813700769]	Server..
[2025-12-27 14시35분00초	1766813700838]	69ms

[2025-12-27 14시35분00초	1766813700839]	ServerThread..
[2025-12-27 14시35분00초	1766813700839]	0ms

[2025-12-27 14시35분00초	1766813700840]	ControllerTherad..
[2025-12-27 14시35분00초	1766813700840]	0ms

[2025-12-27 14시35분00초	1766813700841]	CharacterThread..
[2025-12-27 14시35분00초	1766813700841]	0ms

[2025-12-27 14시35분00초	1766813700842]	DatabaseThread..
[2025-12-27 14시35분00초	1766813700843]	1ms

[2025-12-27 14시35분00초	1766813700843]	CharacterControlThread..
[2025-12-27 14시35분00초	1766813700843]	0ms

[2025-12-27 14시35분00초	1766813700886]	FightController..
[2025-12-27 14시35분00초	1766813700899]	13ms

[2025-12-27 14시35분00초	1766813700900]	TimeThread..
[2025-12-27 14시35분00초	1766813700900]	0ms

[2025-12-27 14시35분00초	1766813700901]	AutoHuntThread..
[2025-12-27 14시35분00초	1766813700901]	0ms

[2025-12-27 14시35분00초	1766813700901]	======================================================================
[2025-12-27 14시35분00초	1766813700902]	Server Version  :  Lineage 2.0

[2025-12-27 14시35분00초	1766813700902]	Server Port      :  2000

[2025-12-27 14시35분00초	1766813700902]	계정 자동생성  :  on

[2025-12-27 14시35분00초	1766813700902]	인챈트 : 1.0배  ||  드랍 : 1.0배  ||  경험치 : 30.0배  ||  아데나 : 200.0배  ||  파티 : 1.1배

[2025-12-27 14시35분00초	1766813700902]	======================================================================
[2025-12-27 14시35분00초	1766813700902]	'서버' 가동되었습니다.

[2025-12-27 14시36분56초	1766813816031]	서버가 즉시 종료됩니다...
[2025-12-27 14시36분57초	1766813817032]	Thread close..
[2025-12-27 14시36분58초	1766813818032]	Save Database..
[2025-12-27 14시36분58초	1766813818580]	Socket close..
[2025-12-27 14시36분58초	1766813818580]	LineageServer Close...
[2025-12-27 14시36분58초	1766813818580]	0ms

[2025-12-27 14시36분58초	1766813818580]	ok..
