[2025-12-21 03시09분45초	1766254185430]	Mysql..
[2025-12-21 03시09분45초	1766254185431]	3ms

[2025-12-21 03시09분45초	1766254185447]	lineage.conf file loading...
[2025-12-21 03시09분45초	1766254185482]	35ms

[2025-12-21 03시09분45초	1766254185489]	Lineage_Balance..
[2025-12-21 03시09분45초	1766254185504]	15ms

[2025-12-21 03시09분45초	1766254185505]	npc_promotion..
[2025-12-21 03시09분45초	1766254185505]	0ms

[2025-12-21 03시09분45초	1766254185506]	Socket..
[2025-12-21 03시09분45초	1766254185506]	0ms

[2025-12-21 03시09분45초	1766254185506]	Common..
[2025-12-21 03시09분45초	1766254185507]	1ms

[2025-12-21 03시09분45초	1766254185507]	EventThread..
[2025-12-21 03시09분45초	1766254185507]	0ms

[2025-12-21 03시09분45초	1766254185508]	AiExecuteThread..
[2025-12-21 03시09분45초	1766254185508]	0ms

[2025-12-21 03시09분45초	1766254185509]	AiThread..
[2025-12-21 03시09분45초	1766254185509]	0ms

[2025-12-21 03시09분45초	1766254185513]	World..
[2025-12-21 03시09분45초	1766254185607]	94ms

[2025-12-21 03시09분45초	1766254185611]	BookController..
[2025-12-21 03시09분45초	1766254185611]	2ms

[2025-12-21 03시09분45초	1766254185619]	InventoryController..
[2025-12-21 03시09분45초	1766254185620]	1ms

[2025-12-21 03시09분45초	1766254185620]	BasePacketPooling..
[2025-12-21 03시09분45초	1766254185620]	0ms

[2025-12-21 03시09분45초	1766254185629]	SkillController..
[2025-12-21 03시09분45초	1766254185629]	0ms

[2025-12-21 03시09분45초	1766254185635]	DamageController..
[2025-12-21 03시09분45초	1766254185635]	0ms

[2025-12-21 03시09분45초	1766254185637]	CharacterController..
[2025-12-21 03시09분45초	1766254185637]	0ms

[2025-12-21 03시09분45초	1766254185638]	TradeController..
[2025-12-21 03시09분45초	1766254185638]	0ms

[2025-12-21 03시09분45초	1766254185638]	DungeonController..
[2025-12-21 03시09분45초	1766254185638]	0ms

[2025-12-21 03시09분45초	1766254185639]	ShipController..
[2025-12-21 03시09분45초	1766254185639]	0ms

[2025-12-21 03시09분45초	1766254185640]	BuffController..
[2025-12-21 03시09분45초	1766254185640]	0ms

[2025-12-21 03시09분45초	1766254185643]	SummonController..
[2025-12-21 03시09분45초	1766254185644]	1ms

[2025-12-21 03시09분45초	1766254185645]	PartyController..
[2025-12-21 03시09분45초	1766254185645]	0ms

[2025-12-21 03시09분45초	1766254185646]	InnController..
[2025-12-21 03시09분45초	1766254185646]	0ms

[2025-12-21 03시09분45초	1766254185647]	BoardController..
[2025-12-21 03시09분45초	1766254185647]	0ms

[2025-12-21 03시09분45초	1766254185649]	LetterController..
[2025-12-21 03시09분45초	1766254185649]	0ms

[2025-12-21 03시09분45초	1766254185650]	UserShopController..
[2025-12-21 03시09분45초	1766254185650]	0ms

[2025-12-21 03시09분45초	1766254185651]	ChattingController..
[2025-12-21 03시09분45초	1766254185662]	11ms

[2025-12-21 03시09분45초	1766254185663]	ColosseumController..
[2025-12-21 03시09분45초	1766254185663]	0ms

[2025-12-21 03시09분45초	1766254185664]	CraftController..
[2025-12-21 03시09분45초	1766254185664]	0ms

[2025-12-21 03시09분45초	1766254185665]	BossController..
[2025-12-21 03시09분45초	1766254185665]	0ms

[2025-12-21 03시09분45초	1766254185667]	NoticeController..
[2025-12-21 03시09분45초	1766254185668]	1ms

[2025-12-21 03시09분45초	1766254185668]	FriendController..
[2025-12-21 03시09분45초	1766254185668]	0ms

[2025-12-21 03시09분45초	1766254185669]	BugScanningController..
[2025-12-21 03시09분45초	1766254185669]	0ms

[2025-12-21 03시09분45초	1766254185670]	MagicDollController..
[2025-12-21 03시09분45초	1766254185670]	0ms

[2025-12-21 03시09분45초	1766254185671]	ShopController..
[2025-12-21 03시09분45초	1766254185671]	0ms

[2025-12-21 03시09분45초	1766254185672]	WarehouseDatabase..
[2025-12-21 03시09분45초	1766254185672]	0ms

[2025-12-21 03시09분45초	1766254185673]	PakTools..
[2025-12-21 03시09분45초	1766254185682]	10ms

[2025-12-21 03시09분45초	1766254185683]	ScriptController...
[2025-12-21 03시09분45초	1766254185686]	3ms

[2025-12-21 03시09분45초	1766254185687]	GiranClanLordController..
[2025-12-21 03시09분45초	1766254185687]	0ms

[2025-12-21 03시09분45초	1766254185688]	TeamBattleController..
[2025-12-21 03시09분45초	1766254185688]	0ms

[2025-12-21 03시09분45초	1766254185689]	WorldClearController..
[2025-12-21 03시09분45초	1766254185689]	0ms

[2025-12-21 03시09분45초	1766254185690]	SpotController..
[2025-12-21 03시09분45초	1766254185690]	0ms

[2025-12-21 03시09분45초	1766254185690]	테베라스 컨트롤러..
[2025-12-21 03시09분45초	1766254185690]	0ms

[2025-12-21 03시09분45초	1766254185691]	지옥 컨트롤러..
[2025-12-21 03시09분45초	1766254185691]	0ms

[2025-12-21 03시09분45초	1766254185692]	지하수로 컨트롤러..
[2025-12-21 03시09분45초	1766254185692]	0ms

[2025-12-21 03시09분45초	1766254185692]	보물찾기컨트롤러..
[2025-12-21 03시09분45초	1766254185692]	0ms

[2025-12-21 03시09분45초	1766254185693]	마족신전 컨트롤러..
[2025-12-21 03시09분45초	1766254185693]	0ms

[2025-12-21 03시09분45초	1766254185694]	고무 컨트롤러..
[2025-12-21 03시09분45초	1766254185698]	3ms

[2025-12-21 03시09분45초	1766254185698]	정무던전 컨트롤러..
[2025-12-21 03시09분45초	1766254185698]	0ms

[2025-12-21 03시09분45초	1766254185699]	그신 컨트롤러..
[2025-12-21 03시09분45초	1766254185699]	0ms

[2025-12-21 03시09분45초	1766254185700]	라바던전 컨트롤러..
[2025-12-21 03시09분45초	1766254185700]	0ms

[2025-12-21 03시09분45초	1766254185701]	월드보스컨트롤러..
[2025-12-21 03시09분45초	1766254185701]	0ms

[2025-12-21 03시09분45초	1766254185701]	펭귄 사냥터 컨트롤러..
[2025-12-21 03시09분45초	1766254185701]	0ms

[2025-12-21 03시09분45초	1766254185702]	칠흑던전 컨트롤러..
[2025-12-21 03시09분45초	1766254185702]	0ms

[2025-12-21 03시09분45초	1766254185703]	악마왕의영토컨트롤러..
[2025-12-21 03시09분45초	1766254185703]	0ms

[2025-12-21 03시09분45초	1766254185704]	얼던컨트롤러..
[2025-12-21 03시09분45초	1766254185704]	0ms

[2025-12-21 03시09분45초	1766254185704]	기감 컨트롤러..
[2025-12-21 03시09분45초	1766254185705]	1ms

[2025-12-21 03시09분45초	1766254185705]	고라스컨트롤러..
[2025-12-21 03시09분45초	1766254185705]	0ms

[2025-12-21 03시09분45초	1766254185706]	드워프컨트롤러..
[2025-12-21 03시09분45초	1766254185706]	0ms

[2025-12-21 03시09분45초	1766254185706]	타임이벤트컨트롤러..
[2025-12-21 03시09분45초	1766254185707]	0ms

[2025-12-21 03시09분45초	1766254185707]	AutoHuntController..
[2025-12-21 03시09분45초	1766254185707]	0ms

[2025-12-21 03시09분45초	1766254185708]	DatabaseConnection..
[2025-12-21 03시09분46초	1766254186013]	305ms

[2025-12-21 03시09분46초	1766254186028]	ServerDatabase..
[2025-12-21 03시09분46초	1766254186065]	37ms

[2025-12-21 03시09분46초	1766254186067]	SlimeRaceController..
[2025-12-21 03시09분46초	1766254186070]	3ms

[2025-12-21 03시09분46초	1766254186072]	DogRaceController..
[2025-12-21 03시09분46초	1766254186073]	1ms

[2025-12-21 03시09분46초	1766254186076]	ClanController..
[2025-12-21 03시09분46초	1766254186080]	4ms

[2025-12-21 03시09분46초	1766254186083]	KingdomController..
[2025-12-21 03시09분46초	1766254186089]	6ms

[2025-12-21 03시09분46초	1766254186090]	AgitController..
[2025-12-21 03시09분46초	1766254186094]	4ms

[2025-12-21 03시09분46초	1766254186096]	AuctionController..
[2025-12-21 03시09분46초	1766254186101]	5ms

[2025-12-21 03시09분46초	1766254186107]	ItemDatabase..
[2025-12-21 03시09분46초	1766254186236]	129ms

[2025-12-21 03시09분46초	1766254186237]	ItemSetopionDatabase..
[2025-12-21 03시09분46초	1766254186239]	2ms

[2025-12-21 03시09분46초	1766254186240]	AutosellDatabase..
[2025-12-21 03시09분46초	1766254186260]	20ms

[2025-12-21 03시09분46초	1766254186261]	ItemSkillDatabase..
[2025-12-21 03시09분46초	1766254186264]	2ms

[2025-12-21 03시09분46초	1766254186264]	ItemBundleDatabase..
[2025-12-21 03시09분46초	1766254186268]	4ms

[2025-12-21 03시09분46초	1766254186269]	ItemChanceBundleDatabase..
[2025-12-21 03시09분46초	1766254186273]	4ms

[2025-12-21 03시09분46초	1766254186273]	FishItemListDatabase..
[2025-12-21 03시09분46초	1766254186275]	2ms

[2025-12-21 03시09분46초	1766254186276]	ItemTeleport..
[2025-12-21 03시09분46초	1766254186278]	2ms

[2025-12-21 03시09분46초	1766254186279]	PolyDatabase..
[2025-12-21 03시09분46초	1766254186283]	4ms

[2025-12-21 03시09분46초	1766254186284]	DungeonDatabase..
[2025-12-21 03시09분46초	1766254186288]	4ms

[2025-12-21 03시09분46초	1766254186289]	DefiniteDatabase..
[2025-12-21 03시09분46초	1766254186291]	2ms

[2025-12-21 03시09분46초	1766254186291]	ExpDatabase..
[2025-12-21 03시09분46초	1766254186293]	2ms

[2025-12-21 03시09분46초	1766254186293]	BackgroundDatabase..
[2025-12-21 03시09분46초	1766254186446]	153ms

[2025-12-21 03시09분46초	1766254186446]	SpriteFrameDatabase..
[2025-12-21 03시09분46초	1766254186508]	62ms

[2025-12-21 03시09분46초	1766254186509]	SkillDatabase..
[2025-12-21 03시09분46초	1766254186511]	2ms

[2025-12-21 03시09분46초	1766254186512]	NpcDatabase..
[2025-12-21 03시09분46초	1766254186519]	7ms

[2025-12-21 03시09분46초	1766254186520]	NpcShopDatabase..
[2025-12-21 03시09분46초	1766254186590]	70ms

[2025-12-21 03시09분46초	1766254186591]	NpcTeleportDatabase..
[2025-12-21 03시09분46초	1766254186592]	1ms

[2025-12-21 03시09분46초	1766254186715]	NpcSpawnlistDatabase..
[2025-12-21 03시09분46초	1766254186766]	50ms

[2025-12-21 03시09분46초	1766254186767]	EventController..
[2025-12-21 03시09분46초	1766254186767]	0ms

[2025-12-21 03시09분46초	1766254186768]	MonsterDatabase..
[2025-12-21 03시09분46초	1766254186781]	13ms

[2025-12-21 03시09분46초	1766254186782]	MonsterDropDatabase..
[2025-12-21 03시09분46초	1766254186804]	22ms

[2025-12-21 03시09분46초	1766254186805]	MonsterSkillDatabase..
[2025-12-21 03시09분46초	1766254186815]	10ms

[2025-12-21 03시09분46초	1766254186817]	MonsterSpawnlistDatabase..
[2025-12-21 03시09분47초	1766254187608]	791ms

[2025-12-21 03시09분47초	1766254187609]	MonsterBossSpawnlistDatabase..
[2025-12-21 03시09분47초	1766254187611]	2ms

[2025-12-21 03시09분47초	1766254187612]	ServerDownBossListDatabase..
[2025-12-21 03시09분47초	1766254187613]	1ms

[2025-12-21 03시09분47초	1766254187613]	BadIpDatabase..
[2025-12-21 03시09분47초	1766254187615]	2ms

[2025-12-21 03시09분47초	1766254187615]	QuestController..
[2025-12-21 03시09분47초	1766254187617]	2ms

[2025-12-21 03시09분47초	1766254187617]	ServerOpcodesDatabase..
[2025-12-21 03시09분47초	1766254187620]	3ms

[2025-12-21 03시09분47초	1766254187621]	ServerNoticeDatabase..
[2025-12-21 03시09분47초	1766254187622]	1ms

[2025-12-21 03시09분47초	1766254187623]	RankController..
[2025-12-21 03시09분47초	1766254187638]	15ms

[2025-12-21 03시09분47초	1766254187640]	WantedController..
[2025-12-21 03시09분47초	1766254187641]	1ms

[2025-12-21 03시09분47초	1766254187641]	TeleportHomeDatabase..
[2025-12-21 03시09분47초	1766254187667]	26ms

[2025-12-21 03시09분47초	1766254187668]	TeleportResetDatabase..
[2025-12-21 03시09분47초	1766254187694]	26ms

[2025-12-21 03시09분47초	1766254187695]	ItemPinewandDatabase..
[2025-12-21 03시09분47초	1766254187696]	1ms

[2025-12-21 03시09분47초	1766254187696]	ItemMaplewandDatabase..
[2025-12-21 03시09분47초	1766254187697]	1ms

[2025-12-21 03시09분47초	1766254187698]	SummonListDatabase..
[2025-12-21 03시09분47초	1766254187699]	1ms

[2025-12-21 03시09분47초	1766254187700]	GmListDatabase..
[2025-12-21 03시09분47초	1766254187701]	1ms

[2025-12-21 03시09분47초	1766254187702]	MagicdollListDatabase..
[2025-12-21 03시09분47초	1766254187703]	1ms

[2025-12-21 03시09분47초	1766254187706]	PcMarketController..
[2025-12-21 03시09분47초	1766254187708]	2ms

[2025-12-21 03시09분47초	1766254187709]	ServerOptionDatabase..
[2025-12-21 03시09분47초	1766254187709]	0ms

[2025-12-21 03시09분47초	1766254187710]	TimeDungeonDatabase..
[2025-12-21 03시09분47초	1766254187710]	0ms

[2025-12-21 03시09분47초	1766254187711]	TeamBattleDatabase..
[2025-12-21 03시09분47초	1766254187712]	1ms

[2025-12-21 03시09분47초	1766254187712]	LifeLostItemDatabase..
[2025-12-21 03시09분47초	1766254187714]	2ms

[2025-12-21 03시09분47초	1766254187714]	GmTeleportDatabase..
[2025-12-21 03시09분47초	1766254187715]	1ms

[2025-12-21 03시09분47초	1766254187717]	무인혈맹컨트롤러..
[2025-12-21 03시09분47초	1766254187718]	1ms

[2025-12-21 03시09분47초	1766254187719]	HackNoCheckDatabase..
[2025-12-21 03시09분47초	1766254187720]	1ms

[2025-12-21 03시09분47초	1766254187721]	EnchantLostItemDatabase..
[2025-12-21 03시09분47초	1766254187724]	3ms

[2025-12-21 03시09분47초	1766254187725]	ItemDropMessageDatabase..
[2025-12-21 03시09분47초	1766254187726]	1ms

[2025-12-21 03시09분47초	1766254187727]	FishingController..
[2025-12-21 03시09분47초	1766254187739]	12ms

[2025-12-21 03시09분47초	1766254187746]	RobotController..
[2025-12-21 03시09분47초	1766254187836]	90ms

[2025-12-21 03시09분47초	1766254187840]	Server..
[2025-12-21 03시09분47초	1766254187925]	85ms

[2025-12-21 03시09분47초	1766254187926]	ServerThread..
[2025-12-21 03시09분47초	1766254187926]	0ms

[2025-12-21 03시09분47초	1766254187927]	ControllerTherad..
[2025-12-21 03시09분47초	1766254187927]	0ms

[2025-12-21 03시09분47초	1766254187928]	CharacterThread..
[2025-12-21 03시09분47초	1766254187928]	0ms

[2025-12-21 03시09분47초	1766254187931]	DatabaseThread..
[2025-12-21 03시09분47초	1766254187931]	0ms

[2025-12-21 03시09분47초	1766254187933]	CharacterControlThread..
[2025-12-21 03시09분47초	1766254187933]	0ms

[2025-12-21 03시09분47초	1766254187972]	FightController..
[2025-12-21 03시09분47초	1766254187990]	18ms

[2025-12-21 03시09분47초	1766254187991]	TimeThread..
[2025-12-21 03시09분47초	1766254187991]	0ms

[2025-12-21 03시09분47초	1766254187991]	AutoHuntThread..
[2025-12-21 03시09분47초	1766254187992]	1ms

[2025-12-21 03시09분47초	1766254187992]	======================================================================
[2025-12-21 03시09분47초	1766254187992]	Server Version  :  Lineage 2.0

[2025-12-21 03시09분47초	1766254187992]	Server Port      :  2000

[2025-12-21 03시09분47초	1766254187992]	계정 자동생성  :  on

[2025-12-21 03시09분47초	1766254187992]	인챈트 : 1.0배  ||  드랍 : 1.0배  ||  경험치 : 30.0배  ||  아데나 : 200.0배  ||  파티 : 1.1배

[2025-12-21 03시09분47초	1766254187992]	======================================================================
[2025-12-21 03시09분47초	1766254187992]	'서버' 가동되었습니다.

[2025-12-21 03시12분48초	1766254368608]	자동 저장완료 2025-12-21 03시12분48초
[2025-12-21 03시13분08초	1766254388634]	서버가 즉시 종료됩니다...
[2025-12-21 03시13분09초	1766254389635]	Thread close..
[2025-12-21 03시13분10초	1766254390635]	Save Database..
[2025-12-21 03시13분11초	1766254391175]	Socket close..
[2025-12-21 03시13분11초	1766254391175]	LineageServer Close...
[2025-12-21 03시13분11초	1766254391175]	0ms

[2025-12-21 03시13분11초	1766254391175]	ok..
