[2025-12-15 15시29분27초	1765780167615]	Mysql..
[2025-12-15 15시29분27초	1765780167616]	2ms

[2025-12-15 15시29분27초	1765780167634]	lineage.conf file loading...
[2025-12-15 15시29분27초	1765780167667]	33ms

[2025-12-15 15시29분27초	1765780167675]	Lineage_Balance..
[2025-12-15 15시29분27초	1765780167684]	9ms

[2025-12-15 15시29분27초	1765780167694]	npc_promotion..
[2025-12-15 15시29분27초	1765780167694]	0ms

[2025-12-15 15시29분27초	1765780167695]	Socket..
[2025-12-15 15시29분27초	1765780167695]	0ms

[2025-12-15 15시29분27초	1765780167695]	Common..
[2025-12-15 15시29분27초	1765780167695]	0ms

[2025-12-15 15시29분27초	1765780167696]	EventThread..
[2025-12-15 15시29분27초	1765780167696]	0ms

[2025-12-15 15시29분27초	1765780167697]	AiExecuteThread..
[2025-12-15 15시29분27초	1765780167697]	0ms

[2025-12-15 15시29분27초	1765780167698]	AiThread..
[2025-12-15 15시29분27초	1765780167698]	0ms

[2025-12-15 15시29분27초	1765780167703]	World..
[2025-12-15 15시29분27초	1765780167792]	89ms

[2025-12-15 15시29분27초	1765780167793]	BookController..
[2025-12-15 15시29분27초	1765780167793]	0ms

[2025-12-15 15시29분27초	1765780167794]	InventoryController..
[2025-12-15 15시29분27초	1765780167794]	0ms

[2025-12-15 15시29분27초	1765780167795]	BasePacketPooling..
[2025-12-15 15시29분27초	1765780167795]	1ms

[2025-12-15 15시29분27초	1765780167797]	SkillController..
[2025-12-15 15시29분27초	1765780167797]	0ms

[2025-12-15 15시29분27초	1765780167804]	DamageController..
[2025-12-15 15시29분27초	1765780167804]	0ms

[2025-12-15 15시29분27초	1765780167812]	CharacterController..
[2025-12-15 15시29분27초	1765780167812]	0ms

[2025-12-15 15시29분27초	1765780167813]	TradeController..
[2025-12-15 15시29분27초	1765780167814]	0ms

[2025-12-15 15시29분27초	1765780167814]	DungeonController..
[2025-12-15 15시29분27초	1765780167814]	0ms

[2025-12-15 15시29분27초	1765780167815]	ShipController..
[2025-12-15 15시29분27초	1765780167815]	0ms

[2025-12-15 15시29분27초	1765780167816]	BuffController..
[2025-12-15 15시29분27초	1765780167816]	0ms

[2025-12-15 15시29분27초	1765780167820]	SummonController..
[2025-12-15 15시29분27초	1765780167820]	0ms

[2025-12-15 15시29분27초	1765780167821]	PartyController..
[2025-12-15 15시29분27초	1765780167821]	0ms

[2025-12-15 15시29분27초	1765780167822]	InnController..
[2025-12-15 15시29분27초	1765780167822]	0ms

[2025-12-15 15시29분27초	1765780167824]	BoardController..
[2025-12-15 15시29분27초	1765780167824]	1ms

[2025-12-15 15시29분27초	1765780167825]	LetterController..
[2025-12-15 15시29분27초	1765780167825]	0ms

[2025-12-15 15시29분27초	1765780167833]	UserShopController..
[2025-12-15 15시29분27초	1765780167834]	1ms

[2025-12-15 15시29분27초	1765780167835]	ChattingController..
[2025-12-15 15시29분27초	1765780167847]	12ms

[2025-12-15 15시29분27초	1765780167848]	ColosseumController..
[2025-12-15 15시29분27초	1765780167848]	0ms

[2025-12-15 15시29분27초	1765780167849]	CraftController..
[2025-12-15 15시29분27초	1765780167849]	0ms

[2025-12-15 15시29분27초	1765780167850]	BossController..
[2025-12-15 15시29분27초	1765780167850]	0ms

[2025-12-15 15시29분27초	1765780167851]	NoticeController..
[2025-12-15 15시29분27초	1765780167852]	1ms

[2025-12-15 15시29분27초	1765780167853]	FriendController..
[2025-12-15 15시29분27초	1765780167853]	0ms

[2025-12-15 15시29분27초	1765780167854]	BugScanningController..
[2025-12-15 15시29분27초	1765780167854]	0ms

[2025-12-15 15시29분27초	1765780167855]	MagicDollController..
[2025-12-15 15시29분27초	1765780167855]	0ms

[2025-12-15 15시29분27초	1765780167856]	ShopController..
[2025-12-15 15시29분27초	1765780167856]	0ms

[2025-12-15 15시29분27초	1765780167857]	WarehouseDatabase..
[2025-12-15 15시29분27초	1765780167857]	0ms

[2025-12-15 15시29분27초	1765780167858]	PakTools..
[2025-12-15 15시29분27초	1765780167859]	1ms

[2025-12-15 15시29분27초	1765780167860]	ScriptController...
[2025-12-15 15시29분27초	1765780167863]	3ms

[2025-12-15 15시29분27초	1765780167863]	GiranClanLordController..
[2025-12-15 15시29분27초	1765780167863]	0ms

[2025-12-15 15시29분27초	1765780167865]	TeamBattleController..
[2025-12-15 15시29분27초	1765780167865]	0ms

[2025-12-15 15시29분27초	1765780167865]	WorldClearController..
[2025-12-15 15시29분27초	1765780167865]	0ms

[2025-12-15 15시29분27초	1765780167866]	SpotController..
[2025-12-15 15시29분27초	1765780167869]	3ms

[2025-12-15 15시29분27초	1765780167870]	테베라스 컨트롤러..
[2025-12-15 15시29분27초	1765780167874]	4ms

[2025-12-15 15시29분27초	1765780167875]	지옥 컨트롤러..
[2025-12-15 15시29분27초	1765780167875]	0ms

[2025-12-15 15시29분27초	1765780167875]	지하수로 컨트롤러..
[2025-12-15 15시29분27초	1765780167875]	0ms

[2025-12-15 15시29분27초	1765780167876]	보물찾기컨트롤러..
[2025-12-15 15시29분27초	1765780167876]	0ms

[2025-12-15 15시29분27초	1765780167877]	마족신전 컨트롤러..
[2025-12-15 15시29분27초	1765780167877]	0ms

[2025-12-15 15시29분27초	1765780167878]	고무 컨트롤러..
[2025-12-15 15시29분27초	1765780167878]	0ms

[2025-12-15 15시29분27초	1765780167878]	정무던전 컨트롤러..
[2025-12-15 15시29분27초	1765780167878]	0ms

[2025-12-15 15시29분27초	1765780167879]	그신 컨트롤러..
[2025-12-15 15시29분27초	1765780167879]	0ms

[2025-12-15 15시29분27초	1765780167880]	라바던전 컨트롤러..
[2025-12-15 15시29분27초	1765780167880]	0ms

[2025-12-15 15시29분27초	1765780167880]	월드보스컨트롤러..
[2025-12-15 15시29분27초	1765780167880]	0ms

[2025-12-15 15시29분27초	1765780167881]	펭귄 사냥터 컨트롤러..
[2025-12-15 15시29분27초	1765780167881]	0ms

[2025-12-15 15시29분27초	1765780167882]	칠흑던전 컨트롤러..
[2025-12-15 15시29분27초	1765780167882]	0ms

[2025-12-15 15시29분27초	1765780167882]	악마왕의영토컨트롤러..
[2025-12-15 15시29분27초	1765780167882]	0ms

[2025-12-15 15시29분27초	1765780167883]	얼던컨트롤러..
[2025-12-15 15시29분27초	1765780167883]	0ms

[2025-12-15 15시29분27초	1765780167884]	기감 컨트롤러..
[2025-12-15 15시29분27초	1765780167884]	0ms

[2025-12-15 15시29분27초	1765780167884]	고라스컨트롤러..
[2025-12-15 15시29분27초	1765780167884]	0ms

[2025-12-15 15시29분27초	1765780167885]	드워프컨트롤러..
[2025-12-15 15시29분27초	1765780167885]	0ms

[2025-12-15 15시29분27초	1765780167886]	타임이벤트컨트롤러..
[2025-12-15 15시29분27초	1765780167886]	0ms

[2025-12-15 15시29분27초	1765780167886]	AutoHuntController..
[2025-12-15 15시29분27초	1765780167887]	1ms

[2025-12-15 15시29분27초	1765780167888]	DatabaseConnection..
[2025-12-15 15시29분28초	1765780168187]	299ms

[2025-12-15 15시29분28초	1765780168202]	ServerDatabase..
[2025-12-15 15시29분28초	1765780168232]	29ms

[2025-12-15 15시29분28초	1765780168234]	SlimeRaceController..
[2025-12-15 15시29분28초	1765780168237]	3ms

[2025-12-15 15시29분28초	1765780168239]	DogRaceController..
[2025-12-15 15시29분28초	1765780168240]	1ms

[2025-12-15 15시29분28초	1765780168243]	ClanController..
[2025-12-15 15시29분28초	1765780168247]	4ms

[2025-12-15 15시29분28초	1765780168249]	KingdomController..
[2025-12-15 15시29분28초	1765780168255]	6ms

[2025-12-15 15시29분28초	1765780168256]	AgitController..
[2025-12-15 15시29분28초	1765780168261]	5ms

[2025-12-15 15시29분28초	1765780168262]	AuctionController..
[2025-12-15 15시29분28초	1765780168266]	4ms

[2025-12-15 15시29분28초	1765780168270]	ItemDatabase..
[2025-12-15 15시29분28초	1765780168373]	103ms

[2025-12-15 15시29분28초	1765780168374]	ItemSetopionDatabase..
[2025-12-15 15시29분28초	1765780168377]	3ms

[2025-12-15 15시29분28초	1765780168378]	AutosellDatabase..
[2025-12-15 15시29분28초	1765780168398]	20ms

[2025-12-15 15시29분28초	1765780168399]	ItemSkillDatabase..
[2025-12-15 15시29분28초	1765780168401]	2ms

[2025-12-15 15시29분28초	1765780168402]	ItemBundleDatabase..
[2025-12-15 15시29분28초	1765780168407]	5ms

[2025-12-15 15시29분28초	1765780168407]	ItemChanceBundleDatabase..
[2025-12-15 15시29분28초	1765780168411]	4ms

[2025-12-15 15시29분28초	1765780168412]	FishItemListDatabase..
[2025-12-15 15시29분28초	1765780168413]	1ms

[2025-12-15 15시29분28초	1765780168414]	ItemTeleport..
[2025-12-15 15시29분28초	1765780168418]	4ms

[2025-12-15 15시29분28초	1765780168419]	PolyDatabase..
[2025-12-15 15시29분28초	1765780168423]	4ms

[2025-12-15 15시29분28초	1765780168424]	DungeonDatabase..
[2025-12-15 15시29분28초	1765780168430]	6ms

[2025-12-15 15시29분28초	1765780168431]	DefiniteDatabase..
[2025-12-15 15시29분28초	1765780168433]	2ms

[2025-12-15 15시29분28초	1765780168434]	ExpDatabase..
[2025-12-15 15시29분28초	1765780168436]	2ms

[2025-12-15 15시29분28초	1765780168436]	BackgroundDatabase..
[2025-12-15 15시29분28초	1765780168579]	143ms

[2025-12-15 15시29분28초	1765780168579]	SpriteFrameDatabase..
[2025-12-15 15시29분28초	1765780168642]	63ms

[2025-12-15 15시29분28초	1765780168643]	SkillDatabase..
[2025-12-15 15시29분28초	1765780168646]	3ms

[2025-12-15 15시29분28초	1765780168647]	NpcDatabase..
[2025-12-15 15시29분28초	1765780168656]	9ms

[2025-12-15 15시29분28초	1765780168657]	NpcShopDatabase..
[2025-12-15 15시29분28초	1765780168712]	55ms

[2025-12-15 15시29분28초	1765780168713]	NpcTeleportDatabase..
[2025-12-15 15시29분28초	1765780168715]	2ms

[2025-12-15 15시29분28초	1765780168848]	NpcSpawnlistDatabase..
[2025-12-15 15시29분28초	1765780168899]	51ms

[2025-12-15 15시29분28초	1765780168901]	EventController..
[2025-12-15 15시29분28초	1765780168901]	0ms

[2025-12-15 15시29분28초	1765780168902]	MonsterDatabase..
[2025-12-15 15시29분28초	1765780168918]	16ms

[2025-12-15 15시29분28초	1765780168919]	MonsterDropDatabase..
[2025-12-15 15시29분28초	1765780168944]	25ms

[2025-12-15 15시29분28초	1765780168945]	MonsterSkillDatabase..
[2025-12-15 15시29분28초	1765780168960]	15ms

[2025-12-15 15시29분28초	1765780168962]	MonsterSpawnlistDatabase..
[2025-12-15 15시29분30초	1765780170120]	1158ms

[2025-12-15 15시29분30초	1765780170122]	MonsterBossSpawnlistDatabase..
[2025-12-15 15시29분30초	1765780170124]	2ms

[2025-12-15 15시29분30초	1765780170125]	ServerDownBossListDatabase..
[2025-12-15 15시29분30초	1765780170126]	1ms

[2025-12-15 15시29분30초	1765780170127]	BadIpDatabase..
[2025-12-15 15시29분30초	1765780170128]	1ms

[2025-12-15 15시29분30초	1765780170128]	QuestController..
[2025-12-15 15시29분30초	1765780170129]	1ms

[2025-12-15 15시29분30초	1765780170129]	ServerOpcodesDatabase..
[2025-12-15 15시29분30초	1765780170133]	4ms

[2025-12-15 15시29분30초	1765780170134]	ServerNoticeDatabase..
[2025-12-15 15시29분30초	1765780170136]	2ms

[2025-12-15 15시29분30초	1765780170137]	RankController..
[2025-12-15 15시29분30초	1765780170152]	15ms

[2025-12-15 15시29분30초	1765780170153]	WantedController..
[2025-12-15 15시29분30초	1765780170158]	5ms

[2025-12-15 15시29분30초	1765780170158]	TeleportHomeDatabase..
[2025-12-15 15시29분30초	1765780170190]	32ms

[2025-12-15 15시29분30초	1765780170191]	TeleportResetDatabase..
[2025-12-15 15시29분30초	1765780170220]	29ms

[2025-12-15 15시29분30초	1765780170221]	ItemPinewandDatabase..
[2025-12-15 15시29분30초	1765780170223]	2ms

[2025-12-15 15시29분30초	1765780170224]	ItemMaplewandDatabase..
[2025-12-15 15시29분30초	1765780170226]	2ms

[2025-12-15 15시29분30초	1765780170227]	SummonListDatabase..
[2025-12-15 15시29분30초	1765780170229]	2ms

[2025-12-15 15시29분30초	1765780170229]	GmListDatabase..
[2025-12-15 15시29분30초	1765780170230]	1ms

[2025-12-15 15시29분30초	1765780170231]	MagicdollListDatabase..
[2025-12-15 15시29분30초	1765780170234]	3ms

[2025-12-15 15시29분30초	1765780170237]	PcMarketController..
[2025-12-15 15시29분30초	1765780170238]	1ms

[2025-12-15 15시29분30초	1765780170239]	ServerOptionDatabase..
[2025-12-15 15시29분30초	1765780170240]	1ms

[2025-12-15 15시29분30초	1765780170240]	TimeDungeonDatabase..
[2025-12-15 15시29분30초	1765780170241]	1ms

[2025-12-15 15시29분30초	1765780170242]	TeamBattleDatabase..
[2025-12-15 15시29분30초	1765780170243]	1ms

[2025-12-15 15시29분30초	1765780170243]	LifeLostItemDatabase..
[2025-12-15 15시29분30초	1765780170245]	2ms

[2025-12-15 15시29분30초	1765780170245]	GmTeleportDatabase..
[2025-12-15 15시29분30초	1765780170247]	2ms

[2025-12-15 15시29분30초	1765780170249]	무인혈맹컨트롤러..
[2025-12-15 15시29분30초	1765780170250]	1ms

[2025-12-15 15시29분30초	1765780170251]	HackNoCheckDatabase..
[2025-12-15 15시29분30초	1765780170251]	0ms

[2025-12-15 15시29분30초	1765780170252]	EnchantLostItemDatabase..
[2025-12-15 15시29분30초	1765780170259]	7ms

[2025-12-15 15시29분30초	1765780170260]	ItemDropMessageDatabase..
[2025-12-15 15시29분30초	1765780170261]	1ms

[2025-12-15 15시29분30초	1765780170263]	FishingController..
[2025-12-15 15시29분30초	1765780170275]	12ms

[2025-12-15 15시29분30초	1765780170282]	RobotController..
[2025-12-15 15시29분30초	1765780170361]	79ms

[2025-12-15 15시29분30초	1765780170363]	Server..
[2025-12-15 15시29분30초	1765780170429]	66ms

[2025-12-15 15시29분30초	1765780170430]	ServerThread..
[2025-12-15 15시29분30초	1765780170430]	0ms

[2025-12-15 15시29분30초	1765780170431]	ControllerTherad..
[2025-12-15 15시29분30초	1765780170431]	0ms

[2025-12-15 15시29분30초	1765780170432]	CharacterThread..
[2025-12-15 15시29분30초	1765780170432]	0ms

[2025-12-15 15시29분30초	1765780170433]	DatabaseThread..
[2025-12-15 15시29분30초	1765780170434]	1ms

[2025-12-15 15시29분30초	1765780170435]	CharacterControlThread..
[2025-12-15 15시29분30초	1765780170435]	0ms

[2025-12-15 15시29분30초	1765780170439]	FightController..
[2025-12-15 15시29분30초	1765780170501]	62ms

[2025-12-15 15시29분30초	1765780170504]	TimeThread..
[2025-12-15 15시29분30초	1765780170504]	0ms

[2025-12-15 15시29분30초	1765780170515]	AutoHuntThread..
[2025-12-15 15시29분30초	1765780170515]	0ms

[2025-12-15 15시29분30초	1765780170515]	======================================================================
[2025-12-15 15시29분30초	1765780170516]	Server Version  :  Lineage 2.0

[2025-12-15 15시29분30초	1765780170516]	Server Port      :  2000

[2025-12-15 15시29분30초	1765780170516]	계정 자동생성  :  on

[2025-12-15 15시29분30초	1765780170516]	인챈트 : 1.0배  ||  드랍 : 1.0배  ||  경험치 : 30.0배  ||  아데나 : 200.0배  ||  파티 : 1.1배

[2025-12-15 15시29분30초	1765780170517]	======================================================================
[2025-12-15 15시29분30초	1765780170517]	'서버' 가동되었습니다.

[2025-12-15 15시32분31초	1765780351137]	자동 저장완료 2025-12-15 15시32분31초
[2025-12-15 15시35분31초	1765780531807]	자동 저장완료 2025-12-15 15시35분31초
[2025-12-15 15시38분32초	1765780712425]	자동 저장완료 2025-12-15 15시38분32초
[2025-12-15 15시38분40초	1765780720141]	_robot 테이블 리로드 완료 - 
[2025-12-15 15시38분40초	1765780720154]	13ms

[2025-12-15 15시41분22초	1765780882739]	서버가 즉시 종료됩니다...
[2025-12-15 15시41분23초	1765780883740]	Thread close..
[2025-12-15 15시41분24초	1765780884740]	Save Database..
[2025-12-15 15시41분25초	1765780885292]	Socket close..
[2025-12-15 15시41분25초	1765780885292]	LineageServer Close...
[2025-12-15 15시41분25초	1765780885292]	0ms

[2025-12-15 15시41분25초	1765780885292]	ok..
