[2025-12-22 13시21분42초	1766377302572]	Mysql..
[2025-12-22 13시21분42초	1766377302573]	3ms

[2025-12-22 13시21분42초	1766377302591]	lineage.conf file loading...
[2025-12-22 13시21분42초	1766377302632]	41ms

[2025-12-22 13시21분42초	1766377302639]	Lineage_Balance..
[2025-12-22 13시21분42초	1766377302651]	12ms

[2025-12-22 13시21분42초	1766377302652]	npc_promotion..
[2025-12-22 13시21분42초	1766377302653]	1ms

[2025-12-22 13시21분42초	1766377302654]	Socket..
[2025-12-22 13시21분42초	1766377302654]	0ms

[2025-12-22 13시21분42초	1766377302654]	Common..
[2025-12-22 13시21분42초	1766377302654]	0ms

[2025-12-22 13시21분42초	1766377302656]	EventThread..
[2025-12-22 13시21분42초	1766377302656]	0ms

[2025-12-22 13시21분42초	1766377302658]	AiExecuteThread..
[2025-12-22 13시21분42초	1766377302658]	0ms

[2025-12-22 13시21분42초	1766377302659]	AiThread..
[2025-12-22 13시21분42초	1766377302659]	0ms

[2025-12-22 13시21분42초	1766377302671]	World..
[2025-12-22 13시21분42초	1766377302779]	108ms

[2025-12-22 13시21분42초	1766377302781]	BookController..
[2025-12-22 13시21분42초	1766377302781]	0ms

[2025-12-22 13시21분42초	1766377302782]	InventoryController..
[2025-12-22 13시21분42초	1766377302782]	0ms

[2025-12-22 13시21분42초	1766377302783]	BasePacketPooling..
[2025-12-22 13시21분42초	1766377302783]	0ms

[2025-12-22 13시21분42초	1766377302786]	SkillController..
[2025-12-22 13시21분42초	1766377302786]	0ms

[2025-12-22 13시21분42초	1766377302798]	DamageController..
[2025-12-22 13시21분42초	1766377302798]	0ms

[2025-12-22 13시21분42초	1766377302800]	CharacterController..
[2025-12-22 13시21분42초	1766377302801]	1ms

[2025-12-22 13시21분42초	1766377302802]	TradeController..
[2025-12-22 13시21분42초	1766377302802]	0ms

[2025-12-22 13시21분42초	1766377302803]	DungeonController..
[2025-12-22 13시21분42초	1766377302803]	0ms

[2025-12-22 13시21분42초	1766377302804]	ShipController..
[2025-12-22 13시21분42초	1766377302804]	0ms

[2025-12-22 13시21분42초	1766377302805]	BuffController..
[2025-12-22 13시21분42초	1766377302805]	0ms

[2025-12-22 13시21분42초	1766377302810]	SummonController..
[2025-12-22 13시21분42초	1766377302810]	0ms

[2025-12-22 13시21분42초	1766377302811]	PartyController..
[2025-12-22 13시21분42초	1766377302811]	0ms

[2025-12-22 13시21분42초	1766377302812]	InnController..
[2025-12-22 13시21분42초	1766377302812]	0ms

[2025-12-22 13시21분42초	1766377302814]	BoardController..
[2025-12-22 13시21분42초	1766377302814]	0ms

[2025-12-22 13시21분42초	1766377302816]	LetterController..
[2025-12-22 13시21분42초	1766377302816]	1ms

[2025-12-22 13시21분42초	1766377302816]	UserShopController..
[2025-12-22 13시21분42초	1766377302817]	1ms

[2025-12-22 13시21분42초	1766377302818]	ChattingController..
[2025-12-22 13시21분42초	1766377302824]	6ms

[2025-12-22 13시21분42초	1766377302832]	ColosseumController..
[2025-12-22 13시21분42초	1766377302832]	0ms

[2025-12-22 13시21분42초	1766377302833]	CraftController..
[2025-12-22 13시21분42초	1766377302833]	0ms

[2025-12-22 13시21분42초	1766377302835]	BossController..
[2025-12-22 13시21분42초	1766377302835]	0ms

[2025-12-22 13시21분42초	1766377302836]	NoticeController..
[2025-12-22 13시21분42초	1766377302837]	1ms

[2025-12-22 13시21분42초	1766377302838]	FriendController..
[2025-12-22 13시21분42초	1766377302838]	0ms

[2025-12-22 13시21분42초	1766377302838]	BugScanningController..
[2025-12-22 13시21분42초	1766377302838]	0ms

[2025-12-22 13시21분42초	1766377302840]	MagicDollController..
[2025-12-22 13시21분42초	1766377302840]	0ms

[2025-12-22 13시21분42초	1766377302841]	ShopController..
[2025-12-22 13시21분42초	1766377302841]	0ms

[2025-12-22 13시21분42초	1766377302843]	WarehouseDatabase..
[2025-12-22 13시21분42초	1766377302843]	0ms

[2025-12-22 13시21분42초	1766377302844]	PakTools..
[2025-12-22 13시21분42초	1766377302847]	3ms

[2025-12-22 13시21분42초	1766377302848]	ScriptController...
[2025-12-22 13시21분42초	1766377302852]	4ms

[2025-12-22 13시21분42초	1766377302853]	GiranClanLordController..
[2025-12-22 13시21분42초	1766377302853]	0ms

[2025-12-22 13시21분42초	1766377302855]	TeamBattleController..
[2025-12-22 13시21분42초	1766377302855]	0ms

[2025-12-22 13시21분42초	1766377302856]	WorldClearController..
[2025-12-22 13시21분42초	1766377302856]	0ms

[2025-12-22 13시21분42초	1766377302857]	SpotController..
[2025-12-22 13시21분42초	1766377302857]	0ms

[2025-12-22 13시21분42초	1766377302858]	테베라스 컨트롤러..
[2025-12-22 13시21분42초	1766377302858]	0ms

[2025-12-22 13시21분42초	1766377302859]	지옥 컨트롤러..
[2025-12-22 13시21분42초	1766377302859]	0ms

[2025-12-22 13시21분42초	1766377302860]	지하수로 컨트롤러..
[2025-12-22 13시21분42초	1766377302860]	0ms

[2025-12-22 13시21분42초	1766377302861]	보물찾기컨트롤러..
[2025-12-22 13시21분42초	1766377302861]	0ms

[2025-12-22 13시21분42초	1766377302862]	마족신전 컨트롤러..
[2025-12-22 13시21분42초	1766377302863]	1ms

[2025-12-22 13시21분42초	1766377302864]	고무 컨트롤러..
[2025-12-22 13시21분42초	1766377302868]	4ms

[2025-12-22 13시21분42초	1766377302869]	정무던전 컨트롤러..
[2025-12-22 13시21분42초	1766377302869]	0ms

[2025-12-22 13시21분42초	1766377302870]	그신 컨트롤러..
[2025-12-22 13시21분42초	1766377302870]	0ms

[2025-12-22 13시21분42초	1766377302871]	라바던전 컨트롤러..
[2025-12-22 13시21분42초	1766377302871]	0ms

[2025-12-22 13시21분42초	1766377302872]	월드보스컨트롤러..
[2025-12-22 13시21분42초	1766377302872]	0ms

[2025-12-22 13시21분42초	1766377302872]	펭귄 사냥터 컨트롤러..
[2025-12-22 13시21분42초	1766377302873]	1ms

[2025-12-22 13시21분42초	1766377302873]	칠흑던전 컨트롤러..
[2025-12-22 13시21분42초	1766377302873]	0ms

[2025-12-22 13시21분42초	1766377302874]	악마왕의영토컨트롤러..
[2025-12-22 13시21분42초	1766377302874]	0ms

[2025-12-22 13시21분42초	1766377302875]	얼던컨트롤러..
[2025-12-22 13시21분42초	1766377302875]	0ms

[2025-12-22 13시21분42초	1766377302876]	기감 컨트롤러..
[2025-12-22 13시21분42초	1766377302876]	0ms

[2025-12-22 13시21분42초	1766377302877]	고라스컨트롤러..
[2025-12-22 13시21분42초	1766377302877]	0ms

[2025-12-22 13시21분42초	1766377302878]	드워프컨트롤러..
[2025-12-22 13시21분42초	1766377302878]	0ms

[2025-12-22 13시21분42초	1766377302879]	타임이벤트컨트롤러..
[2025-12-22 13시21분42초	1766377302879]	0ms

[2025-12-22 13시21분42초	1766377302880]	AutoHuntController..
[2025-12-22 13시21분42초	1766377302880]	0ms

[2025-12-22 13시21분42초	1766377302881]	DatabaseConnection..
[2025-12-22 13시21분43초	1766377303206]	325ms

[2025-12-22 13시21분43초	1766377303219]	ServerDatabase..
[2025-12-22 13시21분43초	1766377303256]	37ms

[2025-12-22 13시21분43초	1766377303260]	SlimeRaceController..
[2025-12-22 13시21분43초	1766377303263]	3ms

[2025-12-22 13시21분43초	1766377303266]	DogRaceController..
[2025-12-22 13시21분43초	1766377303267]	1ms

[2025-12-22 13시21분43초	1766377303271]	ClanController..
[2025-12-22 13시21분43초	1766377303277]	6ms

[2025-12-22 13시21분43초	1766377303280]	KingdomController..
[2025-12-22 13시21분43초	1766377303289]	9ms

[2025-12-22 13시21분43초	1766377303291]	AgitController..
[2025-12-22 13시21분43초	1766377303296]	5ms

[2025-12-22 13시21분43초	1766377303298]	AuctionController..
[2025-12-22 13시21분43초	1766377303304]	6ms

[2025-12-22 13시21분43초	1766377303308]	ItemDatabase..
[2025-12-22 13시21분43초	1766377303470]	162ms

[2025-12-22 13시21분43초	1766377303472]	ItemSetopionDatabase..
[2025-12-22 13시21분43초	1766377303476]	4ms

[2025-12-22 13시21분43초	1766377303478]	AutosellDatabase..
[2025-12-22 13시21분43초	1766377303514]	36ms

[2025-12-22 13시21분43초	1766377303517]	ItemSkillDatabase..
[2025-12-22 13시21분43초	1766377303524]	7ms

[2025-12-22 13시21분43초	1766377303526]	ItemBundleDatabase..
[2025-12-22 13시21분43초	1766377303531]	5ms

[2025-12-22 13시21분43초	1766377303532]	ItemChanceBundleDatabase..
[2025-12-22 13시21분43초	1766377303537]	5ms

[2025-12-22 13시21분43초	1766377303538]	FishItemListDatabase..
[2025-12-22 13시21분43초	1766377303540]	2ms

[2025-12-22 13시21분43초	1766377303541]	ItemTeleport..
[2025-12-22 13시21분43초	1766377303544]	3ms

[2025-12-22 13시21분43초	1766377303546]	PolyDatabase..
[2025-12-22 13시21분43초	1766377303551]	5ms

[2025-12-22 13시21분43초	1766377303560]	DungeonDatabase..
[2025-12-22 13시21분43초	1766377303568]	8ms

[2025-12-22 13시21분43초	1766377303573]	DefiniteDatabase..
[2025-12-22 13시21분43초	1766377303576]	3ms

[2025-12-22 13시21분43초	1766377303577]	ExpDatabase..
[2025-12-22 13시21분43초	1766377303579]	2ms

[2025-12-22 13시21분43초	1766377303579]	BackgroundDatabase..
[2025-12-22 13시21분43초	1766377303699]	119ms

[2025-12-22 13시21분43초	1766377303699]	SpriteFrameDatabase..
[2025-12-22 13시21분43초	1766377303756]	57ms

[2025-12-22 13시21분43초	1766377303758]	SkillDatabase..
[2025-12-22 13시21분43초	1766377303761]	3ms

[2025-12-22 13시21분43초	1766377303763]	NpcDatabase..
[2025-12-22 13시21분43초	1766377303771]	8ms

[2025-12-22 13시21분43초	1766377303772]	NpcShopDatabase..
[2025-12-22 13시21분43초	1766377303834]	62ms

[2025-12-22 13시21분43초	1766377303835]	NpcTeleportDatabase..
[2025-12-22 13시21분43초	1766377303837]	2ms

[2025-12-22 13시21분44초	1766377304065]	NpcSpawnlistDatabase..
[2025-12-22 13시21분44초	1766377304115]	50ms

[2025-12-22 13시21분44초	1766377304118]	EventController..
[2025-12-22 13시21분44초	1766377304118]	0ms

[2025-12-22 13시21분44초	1766377304120]	MonsterDatabase..
[2025-12-22 13시21분44초	1766377304135]	15ms

[2025-12-22 13시21분44초	1766377304136]	MonsterDropDatabase..
[2025-12-22 13시21분44초	1766377304161]	25ms

[2025-12-22 13시21분44초	1766377304163]	MonsterSkillDatabase..
[2025-12-22 13시21분44초	1766377304177]	14ms

[2025-12-22 13시21분44초	1766377304180]	MonsterSpawnlistDatabase..
[2025-12-22 13시21분45초	1766377305756]	1576ms

[2025-12-22 13시21분45초	1766377305757]	MonsterBossSpawnlistDatabase..
[2025-12-22 13시21분45초	1766377305760]	3ms

[2025-12-22 13시21분45초	1766377305761]	ServerDownBossListDatabase..
[2025-12-22 13시21분45초	1766377305762]	1ms

[2025-12-22 13시21분45초	1766377305763]	BadIpDatabase..
[2025-12-22 13시21분45초	1766377305765]	2ms

[2025-12-22 13시21분45초	1766377305765]	QuestController..
[2025-12-22 13시21분45초	1766377305767]	2ms

[2025-12-22 13시21분45초	1766377305767]	ServerOpcodesDatabase..
[2025-12-22 13시21분45초	1766377305772]	5ms

[2025-12-22 13시21분45초	1766377305773]	ServerNoticeDatabase..
[2025-12-22 13시21분45초	1766377305776]	3ms

[2025-12-22 13시21분45초	1766377305778]	RankController..
[2025-12-22 13시21분45초	1766377305790]	12ms

[2025-12-22 13시21분45초	1766377305791]	WantedController..
[2025-12-22 13시21분45초	1766377305792]	1ms

[2025-12-22 13시21분45초	1766377305793]	TeleportHomeDatabase..
[2025-12-22 13시21분45초	1766377305834]	41ms

[2025-12-22 13시21분45초	1766377305837]	TeleportResetDatabase..
[2025-12-22 13시21분45초	1766377305868]	31ms

[2025-12-22 13시21분45초	1766377305869]	ItemPinewandDatabase..
[2025-12-22 13시21분45초	1766377305871]	2ms

[2025-12-22 13시21분45초	1766377305872]	ItemMaplewandDatabase..
[2025-12-22 13시21분45초	1766377305874]	2ms

[2025-12-22 13시21분45초	1766377305874]	SummonListDatabase..
[2025-12-22 13시21분45초	1766377305876]	2ms

[2025-12-22 13시21분45초	1766377305877]	GmListDatabase..
[2025-12-22 13시21분45초	1766377305879]	2ms

[2025-12-22 13시21분45초	1766377305880]	MagicdollListDatabase..
[2025-12-22 13시21분45초	1766377305883]	3ms

[2025-12-22 13시21분45초	1766377305887]	PcMarketController..
[2025-12-22 13시21분45초	1766377305888]	1ms

[2025-12-22 13시21분45초	1766377305889]	ServerOptionDatabase..
[2025-12-22 13시21분45초	1766377305890]	1ms

[2025-12-22 13시21분45초	1766377305891]	TimeDungeonDatabase..
[2025-12-22 13시21분45초	1766377305891]	0ms

[2025-12-22 13시21분45초	1766377305892]	TeamBattleDatabase..
[2025-12-22 13시21분45초	1766377305894]	2ms

[2025-12-22 13시21분45초	1766377305895]	LifeLostItemDatabase..
[2025-12-22 13시21분45초	1766377305897]	2ms

[2025-12-22 13시21분45초	1766377305898]	GmTeleportDatabase..
[2025-12-22 13시21분45초	1766377305899]	1ms

[2025-12-22 13시21분45초	1766377305901]	무인혈맹컨트롤러..
[2025-12-22 13시21분45초	1766377305902]	1ms

[2025-12-22 13시21분45초	1766377305903]	HackNoCheckDatabase..
[2025-12-22 13시21분45초	1766377305904]	1ms

[2025-12-22 13시21분45초	1766377305905]	EnchantLostItemDatabase..
[2025-12-22 13시21분45초	1766377305906]	1ms

[2025-12-22 13시21분45초	1766377305907]	ItemDropMessageDatabase..
[2025-12-22 13시21분45초	1766377305908]	1ms

[2025-12-22 13시21분45초	1766377305910]	FishingController..
[2025-12-22 13시21분45초	1766377305922]	12ms

[2025-12-22 13시21분45초	1766377305931]	RobotController..
[2025-12-22 13시21분46초	1766377306037]	106ms

[2025-12-22 13시21분46초	1766377306039]	Server..
[2025-12-22 13시21분46초	1766377306117]	78ms

[2025-12-22 13시21분46초	1766377306118]	ServerThread..
[2025-12-22 13시21분46초	1766377306118]	0ms

[2025-12-22 13시21분46초	1766377306119]	ControllerTherad..
[2025-12-22 13시21분46초	1766377306119]	0ms

[2025-12-22 13시21분46초	1766377306120]	CharacterThread..
[2025-12-22 13시21분46초	1766377306120]	0ms

[2025-12-22 13시21분46초	1766377306121]	DatabaseThread..
[2025-12-22 13시21분46초	1766377306121]	0ms

[2025-12-22 13시21분46초	1766377306123]	CharacterControlThread..
[2025-12-22 13시21분46초	1766377306123]	0ms

[2025-12-22 13시21분46초	1766377306169]	FightController..
[2025-12-22 13시21분46초	1766377306248]	79ms

[2025-12-22 13시21분46초	1766377306249]	TimeThread..
[2025-12-22 13시21분46초	1766377306250]	1ms

[2025-12-22 13시21분46초	1766377306251]	AutoHuntThread..
[2025-12-22 13시21분46초	1766377306252]	1ms

[2025-12-22 13시21분46초	1766377306252]	======================================================================
[2025-12-22 13시21분46초	1766377306252]	Server Version  :  Lineage 2.0

[2025-12-22 13시21분46초	1766377306252]	Server Port      :  2000

[2025-12-22 13시21분46초	1766377306252]	계정 자동생성  :  on

[2025-12-22 13시21분46초	1766377306253]	인챈트 : 1.0배  ||  드랍 : 1.0배  ||  경험치 : 30.0배  ||  아데나 : 200.0배  ||  파티 : 1.1배

[2025-12-22 13시21분46초	1766377306253]	======================================================================
[2025-12-22 13시21분46초	1766377306253]	'서버' 가동되었습니다.

[2025-12-22 13시24분46초	1766377486825]	자동 저장완료 2025-12-22 13시24분46초
[2025-12-22 13시27분47초	1766377667439]	자동 저장완료 2025-12-22 13시27분47초
[2025-12-22 13시30분47초	1766377847988]	자동 저장완료 2025-12-22 13시30분47초
[2025-12-22 13시33분05초	1766377985987]	Thread close..
[2025-12-22 13시33분06초	1766377986988]	Save Database..
[2025-12-22 13시33분07초	1766377987533]	Socket close..
[2025-12-22 13시33분07초	1766377987533]	LineageServer Close...
[2025-12-22 13시33분07초	1766377987533]	0ms

[2025-12-22 13시33분07초	1766377987533]	ok..
