[2025-12-25 10시08분29초	1766624909035]	Mysql..
[2025-12-25 10시08분29초	1766624909036]	2ms

[2025-12-25 10시08분29초	1766624909052]	lineage.conf file loading...
[2025-12-25 10시08분29초	1766624909084]	32ms

[2025-12-25 10시08분29초	1766624909091]	Lineage_Balance..
[2025-12-25 10시08분29초	1766624909100]	9ms

[2025-12-25 10시08분29초	1766624909100]	npc_promotion..
[2025-12-25 10시08분29초	1766624909101]	1ms

[2025-12-25 10시08분29초	1766624909101]	Socket..
[2025-12-25 10시08분29초	1766624909102]	1ms

[2025-12-25 10시08분29초	1766624909102]	Common..
[2025-12-25 10시08분29초	1766624909102]	0ms

[2025-12-25 10시08분29초	1766624909103]	EventThread..
[2025-12-25 10시08분29초	1766624909103]	0ms

[2025-12-25 10시08분29초	1766624909103]	AiExecuteThread..
[2025-12-25 10시08분29초	1766624909104]	1ms

[2025-12-25 10시08분29초	1766624909104]	AiThread..
[2025-12-25 10시08분29초	1766624909104]	0ms

[2025-12-25 10시08분29초	1766624909108]	World..
[2025-12-25 10시08분29초	1766624909183]	75ms

[2025-12-25 10시08분29초	1766624909185]	BookController..
[2025-12-25 10시08분29초	1766624909185]	0ms

[2025-12-25 10시08분29초	1766624909185]	InventoryController..
[2025-12-25 10시08분29초	1766624909185]	0ms

[2025-12-25 10시08분29초	1766624909186]	BasePacketPooling..
[2025-12-25 10시08분29초	1766624909186]	0ms

[2025-12-25 10시08분29초	1766624909188]	SkillController..
[2025-12-25 10시08분29초	1766624909188]	0ms

[2025-12-25 10시08분29초	1766624909202]	DamageController..
[2025-12-25 10시08분29초	1766624909202]	0ms

[2025-12-25 10시08분29초	1766624909204]	CharacterController..
[2025-12-25 10시08분29초	1766624909204]	0ms

[2025-12-25 10시08분29초	1766624909205]	TradeController..
[2025-12-25 10시08분29초	1766624909205]	0ms

[2025-12-25 10시08분29초	1766624909205]	DungeonController..
[2025-12-25 10시08분29초	1766624909205]	0ms

[2025-12-25 10시08분29초	1766624909206]	ShipController..
[2025-12-25 10시08분29초	1766624909206]	0ms

[2025-12-25 10시08분29초	1766624909207]	BuffController..
[2025-12-25 10시08분29초	1766624909207]	0ms

[2025-12-25 10시08분29초	1766624909210]	SummonController..
[2025-12-25 10시08분29초	1766624909210]	0ms

[2025-12-25 10시08분29초	1766624909211]	PartyController..
[2025-12-25 10시08분29초	1766624909211]	0ms

[2025-12-25 10시08분29초	1766624909212]	InnController..
[2025-12-25 10시08분29초	1766624909212]	0ms

[2025-12-25 10시08분29초	1766624909213]	BoardController..
[2025-12-25 10시08분29초	1766624909213]	0ms

[2025-12-25 10시08분29초	1766624909215]	LetterController..
[2025-12-25 10시08분29초	1766624909215]	0ms

[2025-12-25 10시08분29초	1766624909215]	UserShopController..
[2025-12-25 10시08분29초	1766624909215]	0ms

[2025-12-25 10시08분29초	1766624909217]	ChattingController..
[2025-12-25 10시08분29초	1766624909220]	3ms

[2025-12-25 10시08분29초	1766624909222]	ColosseumController..
[2025-12-25 10시08분29초	1766624909222]	0ms

[2025-12-25 10시08분29초	1766624909223]	CraftController..
[2025-12-25 10시08분29초	1766624909223]	0ms

[2025-12-25 10시08분29초	1766624909224]	BossController..
[2025-12-25 10시08분29초	1766624909224]	0ms

[2025-12-25 10시08분29초	1766624909232]	NoticeController..
[2025-12-25 10시08분29초	1766624909233]	1ms

[2025-12-25 10시08분29초	1766624909241]	FriendController..
[2025-12-25 10시08분29초	1766624909242]	1ms

[2025-12-25 10시08분29초	1766624909242]	BugScanningController..
[2025-12-25 10시08분29초	1766624909242]	0ms

[2025-12-25 10시08분29초	1766624909243]	MagicDollController..
[2025-12-25 10시08분29초	1766624909243]	0ms

[2025-12-25 10시08분29초	1766624909244]	ShopController..
[2025-12-25 10시08분29초	1766624909244]	0ms

[2025-12-25 10시08분29초	1766624909245]	WarehouseDatabase..
[2025-12-25 10시08분29초	1766624909245]	0ms

[2025-12-25 10시08분29초	1766624909246]	PakTools..
[2025-12-25 10시08분29초	1766624909247]	1ms

[2025-12-25 10시08분29초	1766624909248]	ScriptController...
[2025-12-25 10시08분29초	1766624909251]	3ms

[2025-12-25 10시08분29초	1766624909251]	GiranClanLordController..
[2025-12-25 10시08분29초	1766624909251]	0ms

[2025-12-25 10시08분29초	1766624909253]	TeamBattleController..
[2025-12-25 10시08분29초	1766624909253]	0ms

[2025-12-25 10시08분29초	1766624909253]	WorldClearController..
[2025-12-25 10시08분29초	1766624909254]	0ms

[2025-12-25 10시08분29초	1766624909254]	SpotController..
[2025-12-25 10시08분29초	1766624909254]	0ms

[2025-12-25 10시08분29초	1766624909255]	테베라스 컨트롤러..
[2025-12-25 10시08분29초	1766624909255]	0ms

[2025-12-25 10시08분29초	1766624909256]	지옥 컨트롤러..
[2025-12-25 10시08분29초	1766624909256]	0ms

[2025-12-25 10시08분29초	1766624909256]	지하수로 컨트롤러..
[2025-12-25 10시08분29초	1766624909256]	0ms

[2025-12-25 10시08분29초	1766624909257]	보물찾기컨트롤러..
[2025-12-25 10시08분29초	1766624909257]	0ms

[2025-12-25 10시08분29초	1766624909258]	마족신전 컨트롤러..
[2025-12-25 10시08분29초	1766624909258]	0ms

[2025-12-25 10시08분29초	1766624909258]	고무 컨트롤러..
[2025-12-25 10시08분29초	1766624909262]	4ms

[2025-12-25 10시08분29초	1766624909263]	정무던전 컨트롤러..
[2025-12-25 10시08분29초	1766624909263]	0ms

[2025-12-25 10시08분29초	1766624909264]	그신 컨트롤러..
[2025-12-25 10시08분29초	1766624909264]	0ms

[2025-12-25 10시08분29초	1766624909264]	라바던전 컨트롤러..
[2025-12-25 10시08분29초	1766624909264]	0ms

[2025-12-25 10시08분29초	1766624909265]	월드보스컨트롤러..
[2025-12-25 10시08분29초	1766624909265]	0ms

[2025-12-25 10시08분29초	1766624909266]	펭귄 사냥터 컨트롤러..
[2025-12-25 10시08분29초	1766624909266]	0ms

[2025-12-25 10시08분29초	1766624909266]	칠흑던전 컨트롤러..
[2025-12-25 10시08분29초	1766624909266]	0ms

[2025-12-25 10시08분29초	1766624909267]	악마왕의영토컨트롤러..
[2025-12-25 10시08분29초	1766624909267]	0ms

[2025-12-25 10시08분29초	1766624909268]	얼던컨트롤러..
[2025-12-25 10시08분29초	1766624909268]	0ms

[2025-12-25 10시08분29초	1766624909269]	기감 컨트롤러..
[2025-12-25 10시08분29초	1766624909269]	0ms

[2025-12-25 10시08분29초	1766624909270]	고라스컨트롤러..
[2025-12-25 10시08분29초	1766624909270]	0ms

[2025-12-25 10시08분29초	1766624909270]	드워프컨트롤러..
[2025-12-25 10시08분29초	1766624909270]	0ms

[2025-12-25 10시08분29초	1766624909271]	타임이벤트컨트롤러..
[2025-12-25 10시08분29초	1766624909271]	0ms

[2025-12-25 10시08분29초	1766624909272]	AutoHuntController..
[2025-12-25 10시08분29초	1766624909272]	0ms

[2025-12-25 10시08분29초	1766624909272]	DatabaseConnection..
[2025-12-25 10시08분29초	1766624909557]	285ms

[2025-12-25 10시08분29초	1766624909578]	ServerDatabase..
[2025-12-25 10시08분29초	1766624909613]	35ms

[2025-12-25 10시08분29초	1766624909616]	SlimeRaceController..
[2025-12-25 10시08분29초	1766624909618]	2ms

[2025-12-25 10시08분29초	1766624909619]	DogRaceController..
[2025-12-25 10시08분29초	1766624909621]	2ms

[2025-12-25 10시08분29초	1766624909623]	ClanController..
[2025-12-25 10시08분29초	1766624909628]	5ms

[2025-12-25 10시08분29초	1766624909630]	KingdomController..
[2025-12-25 10시08분29초	1766624909636]	6ms

[2025-12-25 10시08분29초	1766624909637]	AgitController..
[2025-12-25 10시08분29초	1766624909641]	4ms

[2025-12-25 10시08분29초	1766624909642]	AuctionController..
[2025-12-25 10시08분29초	1766624909647]	5ms

[2025-12-25 10시08분29초	1766624909651]	ItemDatabase..
[2025-12-25 10시08분29초	1766624909746]	95ms

[2025-12-25 10시08분29초	1766624909747]	ItemSetopionDatabase..
[2025-12-25 10시08분29초	1766624909749]	2ms

[2025-12-25 10시08분29초	1766624909750]	AutosellDatabase..
[2025-12-25 10시08분29초	1766624909769]	19ms

[2025-12-25 10시08분29초	1766624909769]	ItemSkillDatabase..
[2025-12-25 10시08분29초	1766624909771]	2ms

[2025-12-25 10시08분29초	1766624909772]	ItemBundleDatabase..
[2025-12-25 10시08분29초	1766624909775]	3ms

[2025-12-25 10시08분29초	1766624909776]	ItemChanceBundleDatabase..
[2025-12-25 10시08분29초	1766624909778]	2ms

[2025-12-25 10시08분29초	1766624909779]	FishItemListDatabase..
[2025-12-25 10시08분29초	1766624909780]	1ms

[2025-12-25 10시08분29초	1766624909782]	ItemTeleport..
[2025-12-25 10시08분29초	1766624909783]	1ms

[2025-12-25 10시08분29초	1766624909785]	PolyDatabase..
[2025-12-25 10시08분29초	1766624909787]	2ms

[2025-12-25 10시08분29초	1766624909787]	DungeonDatabase..
[2025-12-25 10시08분29초	1766624909793]	6ms

[2025-12-25 10시08분29초	1766624909793]	DefiniteDatabase..
[2025-12-25 10시08분29초	1766624909795]	2ms

[2025-12-25 10시08분29초	1766624909796]	ExpDatabase..
[2025-12-25 10시08분29초	1766624909797]	1ms

[2025-12-25 10시08분29초	1766624909797]	BackgroundDatabase..
[2025-12-25 10시08분29초	1766624909923]	126ms

[2025-12-25 10시08분29초	1766624909923]	SpriteFrameDatabase..
[2025-12-25 10시08분29초	1766624909984]	61ms

[2025-12-25 10시08분29초	1766624909985]	SkillDatabase..
[2025-12-25 10시08분29초	1766624909987]	2ms

[2025-12-25 10시08분29초	1766624909988]	NpcDatabase..
[2025-12-25 10시08분29초	1766624909994]	6ms

[2025-12-25 10시08분29초	1766624909998]	NpcShopDatabase..
[2025-12-25 10시08분30초	1766624910049]	51ms

[2025-12-25 10시08분30초	1766624910050]	NpcTeleportDatabase..
[2025-12-25 10시08분30초	1766624910051]	1ms

[2025-12-25 10시08분30초	1766624910170]	NpcSpawnlistDatabase..
[2025-12-25 10시08분30초	1766624910213]	43ms

[2025-12-25 10시08분30초	1766624910214]	EventController..
[2025-12-25 10시08분30초	1766624910214]	0ms

[2025-12-25 10시08분30초	1766624910215]	MonsterDatabase..
[2025-12-25 10시08분30초	1766624910228]	13ms

[2025-12-25 10시08분30초	1766624910231]	MonsterDropDatabase..
[2025-12-25 10시08분30초	1766624910252]	20ms

[2025-12-25 10시08분30초	1766624910252]	MonsterSkillDatabase..
[2025-12-25 10시08분30초	1766624910263]	11ms

[2025-12-25 10시08분30초	1766624910265]	MonsterSpawnlistDatabase..
[2025-12-25 10시08분31초	1766624911091]	826ms

[2025-12-25 10시08분31초	1766624911092]	MonsterBossSpawnlistDatabase..
[2025-12-25 10시08분31초	1766624911094]	2ms

[2025-12-25 10시08분31초	1766624911094]	ServerDownBossListDatabase..
[2025-12-25 10시08분31초	1766624911095]	1ms

[2025-12-25 10시08분31초	1766624911096]	BadIpDatabase..
[2025-12-25 10시08분31초	1766624911097]	1ms

[2025-12-25 10시08분31초	1766624911097]	QuestController..
[2025-12-25 10시08분31초	1766624911098]	1ms

[2025-12-25 10시08분31초	1766624911098]	ServerOpcodesDatabase..
[2025-12-25 10시08분31초	1766624911101]	3ms

[2025-12-25 10시08분31초	1766624911102]	ServerNoticeDatabase..
[2025-12-25 10시08분31초	1766624911103]	1ms

[2025-12-25 10시08분31초	1766624911104]	RankController..
[2025-12-25 10시08분31초	1766624911110]	6ms

[2025-12-25 10시08분31초	1766624911111]	WantedController..
[2025-12-25 10시08분31초	1766624911112]	1ms

[2025-12-25 10시08분31초	1766624911113]	TeleportHomeDatabase..
[2025-12-25 10시08분31초	1766624911134]	20ms

[2025-12-25 10시08분31초	1766624911134]	TeleportResetDatabase..
[2025-12-25 10시08분31초	1766624911170]	36ms

[2025-12-25 10시08분31초	1766624911171]	ItemPinewandDatabase..
[2025-12-25 10시08분31초	1766624911172]	1ms

[2025-12-25 10시08분31초	1766624911173]	ItemMaplewandDatabase..
[2025-12-25 10시08분31초	1766624911174]	1ms

[2025-12-25 10시08분31초	1766624911175]	SummonListDatabase..
[2025-12-25 10시08분31초	1766624911176]	1ms

[2025-12-25 10시08분31초	1766624911176]	GmListDatabase..
[2025-12-25 10시08분31초	1766624911177]	1ms

[2025-12-25 10시08분31초	1766624911178]	MagicdollListDatabase..
[2025-12-25 10시08분31초	1766624911179]	1ms

[2025-12-25 10시08분31초	1766624911182]	PcMarketController..
[2025-12-25 10시08분31초	1766624911183]	1ms

[2025-12-25 10시08분31초	1766624911184]	ServerOptionDatabase..
[2025-12-25 10시08분31초	1766624911184]	0ms

[2025-12-25 10시08분31초	1766624911185]	TimeDungeonDatabase..
[2025-12-25 10시08분31초	1766624911185]	0ms

[2025-12-25 10시08분31초	1766624911186]	TeamBattleDatabase..
[2025-12-25 10시08분31초	1766624911187]	1ms

[2025-12-25 10시08분31초	1766624911187]	LifeLostItemDatabase..
[2025-12-25 10시08분31초	1766624911188]	1ms

[2025-12-25 10시08분31초	1766624911189]	GmTeleportDatabase..
[2025-12-25 10시08분31초	1766624911190]	1ms

[2025-12-25 10시08분31초	1766624911191]	무인혈맹컨트롤러..
[2025-12-25 10시08분31초	1766624911192]	1ms

[2025-12-25 10시08분31초	1766624911192]	HackNoCheckDatabase..
[2025-12-25 10시08분31초	1766624911193]	1ms

[2025-12-25 10시08분31초	1766624911194]	EnchantLostItemDatabase..
[2025-12-25 10시08분31초	1766624911194]	0ms

[2025-12-25 10시08분31초	1766624911195]	ItemDropMessageDatabase..
[2025-12-25 10시08분31초	1766624911195]	0ms

[2025-12-25 10시08분31초	1766624911196]	FishingController..
[2025-12-25 10시08분31초	1766624911209]	13ms

[2025-12-25 10시08분31초	1766624911215]	RobotController..
[2025-12-25 10시08분31초	1766624911318]	103ms

[2025-12-25 10시08분31초	1766624911321]	Server..
[2025-12-25 10시08분31초	1766624911385]	64ms

[2025-12-25 10시08분31초	1766624911385]	ServerThread..
[2025-12-25 10시08분31초	1766624911386]	1ms

[2025-12-25 10시08분31초	1766624911386]	ControllerTherad..
[2025-12-25 10시08분31초	1766624911386]	0ms

[2025-12-25 10시08분31초	1766624911387]	CharacterThread..
[2025-12-25 10시08분31초	1766624911387]	0ms

[2025-12-25 10시08분31초	1766624911389]	DatabaseThread..
[2025-12-25 10시08분31초	1766624911389]	0ms

[2025-12-25 10시08분31초	1766624911390]	CharacterControlThread..
[2025-12-25 10시08분31초	1766624911390]	0ms

[2025-12-25 10시08분31초	1766624911430]	FightController..
[2025-12-25 10시08분31초	1766624911442]	12ms

[2025-12-25 10시08분31초	1766624911443]	TimeThread..
[2025-12-25 10시08분31초	1766624911443]	0ms

[2025-12-25 10시08분31초	1766624911444]	AutoHuntThread..
[2025-12-25 10시08분31초	1766624911444]	0ms

[2025-12-25 10시08분31초	1766624911444]	======================================================================
[2025-12-25 10시08분31초	1766624911445]	Server Version  :  Lineage 2.0

[2025-12-25 10시08분31초	1766624911445]	Server Port      :  2000

[2025-12-25 10시08분31초	1766624911445]	계정 자동생성  :  on

[2025-12-25 10시08분31초	1766624911445]	인챈트 : 1.0배  ||  드랍 : 1.0배  ||  경험치 : 30.0배  ||  아데나 : 200.0배  ||  파티 : 1.1배

[2025-12-25 10시08분31초	1766624911445]	======================================================================
[2025-12-25 10시08분31초	1766624911445]	'서버' 가동되었습니다.

[2025-12-25 10시11분32초	1766625092115]	자동 저장완료 2025-12-25 10시11분32초
[2025-12-25 10시14분32초	1766625272779]	자동 저장완료 2025-12-25 10시14분32초
[2025-12-25 10시17분33초	1766625453385]	자동 저장완료 2025-12-25 10시17분33초
[2025-12-25 10시20분33초	1766625633975]	자동 저장완료 2025-12-25 10시20분33초
[2025-12-25 10시23분34초	1766625814599]	자동 저장완료 2025-12-25 10시23분34초
[2025-12-25 10시26분35초	1766625995358]	자동 저장완료 2025-12-25 10시26분35초
[2025-12-25 10시29분36초	1766626176028]	자동 저장완료 2025-12-25 10시29분36초
[2025-12-25 10시29분45초	1766626185963]	서버가 즉시 종료됩니다...
[2025-12-25 10시29분46초	1766626186963]	Thread close..
[2025-12-25 10시29분47초	1766626187964]	Save Database..
[2025-12-25 10시29분48초	1766626188505]	Socket close..
[2025-12-25 10시29분48초	1766626188505]	LineageServer Close...
[2025-12-25 10시29분48초	1766626188505]	0ms

[2025-12-25 10시29분48초	1766626188505]	ok..
