[2025-12-21 19시56분59초	1766314619019]	Mysql..
[2025-12-21 19시56분59초	1766314619020]	2ms

[2025-12-21 19시56분59초	1766314619038]	lineage.conf file loading...
[2025-12-21 19시56분59초	1766314619074]	36ms

[2025-12-21 19시56분59초	1766314619081]	Lineage_Balance..
[2025-12-21 19시56분59초	1766314619089]	8ms

[2025-12-21 19시56분59초	1766314619090]	npc_promotion..
[2025-12-21 19시56분59초	1766314619090]	0ms

[2025-12-21 19시56분59초	1766314619090]	Socket..
[2025-12-21 19시56분59초	1766314619091]	1ms

[2025-12-21 19시56분59초	1766314619091]	Common..
[2025-12-21 19시56분59초	1766314619091]	0ms

[2025-12-21 19시56분59초	1766314619091]	EventThread..
[2025-12-21 19시56분59초	1766314619092]	1ms

[2025-12-21 19시56분59초	1766314619092]	AiExecuteThread..
[2025-12-21 19시56분59초	1766314619093]	1ms

[2025-12-21 19시56분59초	1766314619093]	AiThread..
[2025-12-21 19시56분59초	1766314619093]	0ms

[2025-12-21 19시56분59초	1766314619103]	World..
[2025-12-21 19시56분59초	1766314619195]	92ms

[2025-12-21 19시56분59초	1766314619197]	BookController..
[2025-12-21 19시56분59초	1766314619197]	0ms

[2025-12-21 19시56분59초	1766314619197]	InventoryController..
[2025-12-21 19시56분59초	1766314619197]	0ms

[2025-12-21 19시56분59초	1766314619198]	BasePacketPooling..
[2025-12-21 19시56분59초	1766314619198]	0ms

[2025-12-21 19시56분59초	1766314619200]	SkillController..
[2025-12-21 19시56분59초	1766314619200]	0ms

[2025-12-21 19시56분59초	1766314619208]	DamageController..
[2025-12-21 19시56분59초	1766314619208]	0ms

[2025-12-21 19시56분59초	1766314619216]	CharacterController..
[2025-12-21 19시56분59초	1766314619217]	1ms

[2025-12-21 19시56분59초	1766314619217]	TradeController..
[2025-12-21 19시56분59초	1766314619218]	1ms

[2025-12-21 19시56분59초	1766314619218]	DungeonController..
[2025-12-21 19시56분59초	1766314619218]	0ms

[2025-12-21 19시56분59초	1766314619219]	ShipController..
[2025-12-21 19시56분59초	1766314619219]	0ms

[2025-12-21 19시56분59초	1766314619220]	BuffController..
[2025-12-21 19시56분59초	1766314619220]	0ms

[2025-12-21 19시56분59초	1766314619224]	SummonController..
[2025-12-21 19시56분59초	1766314619224]	0ms

[2025-12-21 19시56분59초	1766314619225]	PartyController..
[2025-12-21 19시56분59초	1766314619225]	0ms

[2025-12-21 19시56분59초	1766314619225]	InnController..
[2025-12-21 19시56분59초	1766314619226]	1ms

[2025-12-21 19시56분59초	1766314619227]	BoardController..
[2025-12-21 19시56분59초	1766314619227]	0ms

[2025-12-21 19시56분59초	1766314619229]	LetterController..
[2025-12-21 19시56분59초	1766314619229]	0ms

[2025-12-21 19시56분59초	1766314619229]	UserShopController..
[2025-12-21 19시56분59초	1766314619229]	0ms

[2025-12-21 19시56분59초	1766314619231]	ChattingController..
[2025-12-21 19시56분59초	1766314619237]	6ms

[2025-12-21 19시56분59초	1766314619239]	ColosseumController..
[2025-12-21 19시56분59초	1766314619239]	0ms

[2025-12-21 19시56분59초	1766314619247]	CraftController..
[2025-12-21 19시56분59초	1766314619247]	0ms

[2025-12-21 19시56분59초	1766314619249]	BossController..
[2025-12-21 19시56분59초	1766314619249]	0ms

[2025-12-21 19시56분59초	1766314619250]	NoticeController..
[2025-12-21 19시56분59초	1766314619251]	1ms

[2025-12-21 19시56분59초	1766314619251]	FriendController..
[2025-12-21 19시56분59초	1766314619251]	0ms

[2025-12-21 19시56분59초	1766314619252]	BugScanningController..
[2025-12-21 19시56분59초	1766314619252]	0ms

[2025-12-21 19시56분59초	1766314619253]	MagicDollController..
[2025-12-21 19시56분59초	1766314619253]	0ms

[2025-12-21 19시56분59초	1766314619254]	ShopController..
[2025-12-21 19시56분59초	1766314619254]	0ms

[2025-12-21 19시56분59초	1766314619255]	WarehouseDatabase..
[2025-12-21 19시56분59초	1766314619255]	0ms

[2025-12-21 19시56분59초	1766314619256]	PakTools..
[2025-12-21 19시56분59초	1766314619257]	1ms

[2025-12-21 19시56분59초	1766314619258]	ScriptController...
[2025-12-21 19시56분59초	1766314619260]	2ms

[2025-12-21 19시56분59초	1766314619261]	GiranClanLordController..
[2025-12-21 19시56분59초	1766314619261]	0ms

[2025-12-21 19시56분59초	1766314619263]	TeamBattleController..
[2025-12-21 19시56분59초	1766314619263]	0ms

[2025-12-21 19시56분59초	1766314619263]	WorldClearController..
[2025-12-21 19시56분59초	1766314619263]	0ms

[2025-12-21 19시56분59초	1766314619264]	SpotController..
[2025-12-21 19시56분59초	1766314619264]	0ms

[2025-12-21 19시56분59초	1766314619265]	테베라스 컨트롤러..
[2025-12-21 19시56분59초	1766314619265]	0ms

[2025-12-21 19시56분59초	1766314619266]	지옥 컨트롤러..
[2025-12-21 19시56분59초	1766314619266]	0ms

[2025-12-21 19시56분59초	1766314619267]	지하수로 컨트롤러..
[2025-12-21 19시56분59초	1766314619267]	0ms

[2025-12-21 19시56분59초	1766314619267]	보물찾기컨트롤러..
[2025-12-21 19시56분59초	1766314619267]	0ms

[2025-12-21 19시56분59초	1766314619268]	마족신전 컨트롤러..
[2025-12-21 19시56분59초	1766314619268]	0ms

[2025-12-21 19시56분59초	1766314619269]	고무 컨트롤러..
[2025-12-21 19시56분59초	1766314619273]	3ms

[2025-12-21 19시56분59초	1766314619273]	정무던전 컨트롤러..
[2025-12-21 19시56분59초	1766314619273]	0ms

[2025-12-21 19시56분59초	1766314619274]	그신 컨트롤러..
[2025-12-21 19시56분59초	1766314619274]	0ms

[2025-12-21 19시56분59초	1766314619275]	라바던전 컨트롤러..
[2025-12-21 19시56분59초	1766314619275]	0ms

[2025-12-21 19시56분59초	1766314619276]	월드보스컨트롤러..
[2025-12-21 19시56분59초	1766314619276]	0ms

[2025-12-21 19시56분59초	1766314619276]	펭귄 사냥터 컨트롤러..
[2025-12-21 19시56분59초	1766314619276]	0ms

[2025-12-21 19시56분59초	1766314619277]	칠흑던전 컨트롤러..
[2025-12-21 19시56분59초	1766314619277]	0ms

[2025-12-21 19시56분59초	1766314619278]	악마왕의영토컨트롤러..
[2025-12-21 19시56분59초	1766314619278]	0ms

[2025-12-21 19시56분59초	1766314619279]	얼던컨트롤러..
[2025-12-21 19시56분59초	1766314619279]	0ms

[2025-12-21 19시56분59초	1766314619279]	기감 컨트롤러..
[2025-12-21 19시56분59초	1766314619279]	0ms

[2025-12-21 19시56분59초	1766314619280]	고라스컨트롤러..
[2025-12-21 19시56분59초	1766314619280]	0ms

[2025-12-21 19시56분59초	1766314619281]	드워프컨트롤러..
[2025-12-21 19시56분59초	1766314619281]	0ms

[2025-12-21 19시56분59초	1766314619282]	타임이벤트컨트롤러..
[2025-12-21 19시56분59초	1766314619282]	0ms

[2025-12-21 19시56분59초	1766314619282]	AutoHuntController..
[2025-12-21 19시56분59초	1766314619282]	0ms

[2025-12-21 19시56분59초	1766314619283]	DatabaseConnection..
[2025-12-21 19시56분59초	1766314619585]	302ms

[2025-12-21 19시56분59초	1766314619599]	ServerDatabase..
[2025-12-21 19시56분59초	1766314619635]	35ms

[2025-12-21 19시56분59초	1766314619637]	SlimeRaceController..
[2025-12-21 19시56분59초	1766314619639]	2ms

[2025-12-21 19시56분59초	1766314619641]	DogRaceController..
[2025-12-21 19시56분59초	1766314619642]	1ms

[2025-12-21 19시56분59초	1766314619644]	ClanController..
[2025-12-21 19시56분59초	1766314619650]	6ms

[2025-12-21 19시56분59초	1766314619653]	KingdomController..
[2025-12-21 19시56분59초	1766314619660]	7ms

[2025-12-21 19시56분59초	1766314619661]	AgitController..
[2025-12-21 19시56분59초	1766314619667]	5ms

[2025-12-21 19시56분59초	1766314619668]	AuctionController..
[2025-12-21 19시56분59초	1766314619673]	5ms

[2025-12-21 19시56분59초	1766314619677]	ItemDatabase..
[2025-12-21 19시56분59초	1766314619808]	131ms

[2025-12-21 19시56분59초	1766314619809]	ItemSetopionDatabase..
[2025-12-21 19시56분59초	1766314619813]	4ms

[2025-12-21 19시56분59초	1766314619814]	AutosellDatabase..
[2025-12-21 19시56분59초	1766314619834]	21ms

[2025-12-21 19시56분59초	1766314619835]	ItemSkillDatabase..
[2025-12-21 19시56분59초	1766314619838]	3ms

[2025-12-21 19시56분59초	1766314619839]	ItemBundleDatabase..
[2025-12-21 19시56분59초	1766314619843]	4ms

[2025-12-21 19시56분59초	1766314619844]	ItemChanceBundleDatabase..
[2025-12-21 19시56분59초	1766314619851]	7ms

[2025-12-21 19시56분59초	1766314619852]	FishItemListDatabase..
[2025-12-21 19시56분59초	1766314619854]	2ms

[2025-12-21 19시56분59초	1766314619855]	ItemTeleport..
[2025-12-21 19시56분59초	1766314619858]	3ms

[2025-12-21 19시56분59초	1766314619860]	PolyDatabase..
[2025-12-21 19시56분59초	1766314619864]	4ms

[2025-12-21 19시56분59초	1766314619864]	DungeonDatabase..
[2025-12-21 19시56분59초	1766314619870]	6ms

[2025-12-21 19시56분59초	1766314619871]	DefiniteDatabase..
[2025-12-21 19시56분59초	1766314619873]	2ms

[2025-12-21 19시56분59초	1766314619874]	ExpDatabase..
[2025-12-21 19시56분59초	1766314619880]	6ms

[2025-12-21 19시56분59초	1766314619880]	BackgroundDatabase..
[2025-12-21 19시56분59초	1766314619999]	119ms

[2025-12-21 19시56분59초	1766314619999]	SpriteFrameDatabase..
[2025-12-21 19시57분00초	1766314620064]	64ms

[2025-12-21 19시57분00초	1766314620065]	SkillDatabase..
[2025-12-21 19시57분00초	1766314620068]	4ms

[2025-12-21 19시57분00초	1766314620069]	NpcDatabase..
[2025-12-21 19시57분00초	1766314620077]	8ms

[2025-12-21 19시57분00초	1766314620083]	NpcShopDatabase..
[2025-12-21 19시57분00초	1766314620137]	54ms

[2025-12-21 19시57분00초	1766314620138]	NpcTeleportDatabase..
[2025-12-21 19시57분00초	1766314620140]	2ms

[2025-12-21 19시57분00초	1766314620268]	NpcSpawnlistDatabase..
[2025-12-21 19시57분00초	1766314620321]	53ms

[2025-12-21 19시57분00초	1766314620323]	EventController..
[2025-12-21 19시57분00초	1766314620323]	0ms

[2025-12-21 19시57분00초	1766314620324]	MonsterDatabase..
[2025-12-21 19시57분00초	1766314620340]	16ms

[2025-12-21 19시57분00초	1766314620341]	MonsterDropDatabase..
[2025-12-21 19시57분00초	1766314620366]	25ms

[2025-12-21 19시57분00초	1766314620367]	MonsterSkillDatabase..
[2025-12-21 19시57분00초	1766314620379]	12ms

[2025-12-21 19시57분00초	1766314620381]	MonsterSpawnlistDatabase..
[2025-12-21 19시57분01초	1766314621531]	1150ms

[2025-12-21 19시57분01초	1766314621532]	MonsterBossSpawnlistDatabase..
[2025-12-21 19시57분01초	1766314621535]	3ms

[2025-12-21 19시57분01초	1766314621536]	ServerDownBossListDatabase..
[2025-12-21 19시57분01초	1766314621537]	1ms

[2025-12-21 19시57분01초	1766314621538]	BadIpDatabase..
[2025-12-21 19시57분01초	1766314621541]	3ms

[2025-12-21 19시57분01초	1766314621541]	QuestController..
[2025-12-21 19시57분01초	1766314621542]	1ms

[2025-12-21 19시57분01초	1766314621543]	ServerOpcodesDatabase..
[2025-12-21 19시57분01초	1766314621547]	3ms

[2025-12-21 19시57분01초	1766314621547]	ServerNoticeDatabase..
[2025-12-21 19시57분01초	1766314621550]	3ms

[2025-12-21 19시57분01초	1766314621551]	RankController..
[2025-12-21 19시57분01초	1766314621558]	7ms

[2025-12-21 19시57분01초	1766314621559]	WantedController..
[2025-12-21 19시57분01초	1766314621560]	1ms

[2025-12-21 19시57분01초	1766314621561]	TeleportHomeDatabase..
[2025-12-21 19시57분01초	1766314621592]	31ms

[2025-12-21 19시57분01초	1766314621593]	TeleportResetDatabase..
[2025-12-21 19시57분01초	1766314621622]	29ms

[2025-12-21 19시57분01초	1766314621623]	ItemPinewandDatabase..
[2025-12-21 19시57분01초	1766314621625]	2ms

[2025-12-21 19시57분01초	1766314621626]	ItemMaplewandDatabase..
[2025-12-21 19시57분01초	1766314621628]	3ms

[2025-12-21 19시57분01초	1766314621628]	SummonListDatabase..
[2025-12-21 19시57분01초	1766314621630]	2ms

[2025-12-21 19시57분01초	1766314621631]	GmListDatabase..
[2025-12-21 19시57분01초	1766314621632]	1ms

[2025-12-21 19시57분01초	1766314621634]	MagicdollListDatabase..
[2025-12-21 19시57분01초	1766314621636]	2ms

[2025-12-21 19시57분01초	1766314621640]	PcMarketController..
[2025-12-21 19시57분01초	1766314621641]	1ms

[2025-12-21 19시57분01초	1766314621641]	ServerOptionDatabase..
[2025-12-21 19시57분01초	1766314621642]	1ms

[2025-12-21 19시57분01초	1766314621643]	TimeDungeonDatabase..
[2025-12-21 19시57분01초	1766314621644]	1ms

[2025-12-21 19시57분01초	1766314621644]	TeamBattleDatabase..
[2025-12-21 19시57분01초	1766314621646]	2ms

[2025-12-21 19시57분01초	1766314621646]	LifeLostItemDatabase..
[2025-12-21 19시57분01초	1766314621648]	2ms

[2025-12-21 19시57분01초	1766314621648]	GmTeleportDatabase..
[2025-12-21 19시57분01초	1766314621650]	2ms

[2025-12-21 19시57분01초	1766314621652]	무인혈맹컨트롤러..
[2025-12-21 19시57분01초	1766314621652]	0ms

[2025-12-21 19시57분01초	1766314621653]	HackNoCheckDatabase..
[2025-12-21 19시57분01초	1766314621654]	1ms

[2025-12-21 19시57분01초	1766314621655]	EnchantLostItemDatabase..
[2025-12-21 19시57분01초	1766314621655]	0ms

[2025-12-21 19시57분01초	1766314621656]	ItemDropMessageDatabase..
[2025-12-21 19시57분01초	1766314621657]	1ms

[2025-12-21 19시57분01초	1766314621658]	FishingController..
[2025-12-21 19시57분01초	1766314621670]	12ms

[2025-12-21 19시57분01초	1766314621678]	RobotController..
[2025-12-21 19시57분01초	1766314621778]	100ms

[2025-12-21 19시57분01초	1766314621780]	Server..
[2025-12-21 19시57분01초	1766314621852]	72ms

[2025-12-21 19시57분01초	1766314621853]	ServerThread..
[2025-12-21 19시57분01초	1766314621853]	0ms

[2025-12-21 19시57분01초	1766314621854]	ControllerTherad..
[2025-12-21 19시57분01초	1766314621854]	0ms

[2025-12-21 19시57분01초	1766314621855]	CharacterThread..
[2025-12-21 19시57분01초	1766314621855]	0ms

[2025-12-21 19시57분01초	1766314621856]	DatabaseThread..
[2025-12-21 19시57분01초	1766314621856]	0ms

[2025-12-21 19시57분01초	1766314621857]	CharacterControlThread..
[2025-12-21 19시57분01초	1766314621857]	0ms

[2025-12-21 19시57분01초	1766314621900]	FightController..
[2025-12-21 19시57분01초	1766314621927]	26ms

[2025-12-21 19시57분01초	1766314621927]	TimeThread..
[2025-12-21 19시57분01초	1766314621927]	0ms

[2025-12-21 19시57분01초	1766314621928]	AutoHuntThread..
[2025-12-21 19시57분01초	1766314621928]	0ms

[2025-12-21 19시57분01초	1766314621928]	======================================================================
[2025-12-21 19시57분01초	1766314621929]	Server Version  :  Lineage 2.0

[2025-12-21 19시57분01초	1766314621932]	Server Port      :  2000

[2025-12-21 19시57분01초	1766314621932]	계정 자동생성  :  on

[2025-12-21 19시57분01초	1766314621932]	인챈트 : 1.0배  ||  드랍 : 1.0배  ||  경험치 : 30.0배  ||  아데나 : 200.0배  ||  파티 : 1.1배

[2025-12-21 19시57분01초	1766314621932]	======================================================================
[2025-12-21 19시57분01초	1766314621932]	'서버' 가동되었습니다.

[2025-12-21 19시59분43초	1766314783088]	서버가 즉시 종료됩니다...
[2025-12-21 19시59분44초	1766314784089]	Thread close..
[2025-12-21 19시59분45초	1766314785090]	Save Database..
[2025-12-21 19시59분45초	1766314785628]	Socket close..
[2025-12-21 19시59분45초	1766314785628]	LineageServer Close...
[2025-12-21 19시59분45초	1766314785628]	0ms

[2025-12-21 19시59분45초	1766314785628]	ok..
