[2025-12-16 16시47분41초	1765871261633]	Mysql..
[2025-12-16 16시47분41초	1765871261634]	2ms

[2025-12-16 16시47분41초	1765871261651]	lineage.conf file loading...
[2025-12-16 16시47분41초	1765871261684]	33ms

[2025-12-16 16시47분41초	1765871261691]	Lineage_Balance..
[2025-12-16 16시47분41초	1765871261700]	9ms

[2025-12-16 16시47분41초	1765871261701]	npc_promotion..
[2025-12-16 16시47분41초	1765871261701]	0ms

[2025-12-16 16시47분41초	1765871261702]	Socket..
[2025-12-16 16시47분41초	1765871261703]	1ms

[2025-12-16 16시47분41초	1765871261703]	Common..
[2025-12-16 16시47분41초	1765871261703]	0ms

[2025-12-16 16시47분41초	1765871261703]	EventThread..
[2025-12-16 16시47분41초	1765871261704]	1ms

[2025-12-16 16시47분41초	1765871261705]	AiExecuteThread..
[2025-12-16 16시47분41초	1765871261705]	0ms

[2025-12-16 16시47분41초	1765871261713]	AiThread..
[2025-12-16 16시47분41초	1765871261714]	0ms

[2025-12-16 16시47분41초	1765871261717]	World..
[2025-12-16 16시47분41초	1765871261801]	84ms

[2025-12-16 16시47분41초	1765871261802]	BookController..
[2025-12-16 16시47분41초	1765871261803]	1ms

[2025-12-16 16시47분41초	1765871261803]	InventoryController..
[2025-12-16 16시47분41초	1765871261803]	0ms

[2025-12-16 16시47분41초	1765871261804]	BasePacketPooling..
[2025-12-16 16시47분41초	1765871261804]	0ms

[2025-12-16 16시47분41초	1765871261806]	SkillController..
[2025-12-16 16시47분41초	1765871261806]	0ms

[2025-12-16 16시47분41초	1765871261811]	DamageController..
[2025-12-16 16시47분41초	1765871261811]	0ms

[2025-12-16 16시47분41초	1765871261813]	CharacterController..
[2025-12-16 16시47분41초	1765871261813]	0ms

[2025-12-16 16시47분41초	1765871261814]	TradeController..
[2025-12-16 16시47분41초	1765871261814]	0ms

[2025-12-16 16시47분41초	1765871261814]	DungeonController..
[2025-12-16 16시47분41초	1765871261815]	1ms

[2025-12-16 16시47분41초	1765871261815]	ShipController..
[2025-12-16 16시47분41초	1765871261815]	0ms

[2025-12-16 16시47분41초	1765871261816]	BuffController..
[2025-12-16 16시47분41초	1765871261816]	0ms

[2025-12-16 16시47분41초	1765871261820]	SummonController..
[2025-12-16 16시47분41초	1765871261820]	0ms

[2025-12-16 16시47분41초	1765871261821]	PartyController..
[2025-12-16 16시47분41초	1765871261821]	0ms

[2025-12-16 16시47분41초	1765871261821]	InnController..
[2025-12-16 16시47분41초	1765871261821]	0ms

[2025-12-16 16시47분41초	1765871261822]	BoardController..
[2025-12-16 16시47분41초	1765871261823]	1ms

[2025-12-16 16시47분41초	1765871261824]	LetterController..
[2025-12-16 16시47분41초	1765871261824]	0ms

[2025-12-16 16시47분41초	1765871261825]	UserShopController..
[2025-12-16 16시47분41초	1765871261825]	0ms

[2025-12-16 16시47분41초	1765871261826]	ChattingController..
[2025-12-16 16시47분41초	1765871261829]	3ms

[2025-12-16 16시47분41초	1765871261836]	ColosseumController..
[2025-12-16 16시47분41초	1765871261837]	1ms

[2025-12-16 16시47분41초	1765871261837]	CraftController..
[2025-12-16 16시47분41초	1765871261837]	0ms

[2025-12-16 16시47분41초	1765871261838]	BossController..
[2025-12-16 16시47분41초	1765871261838]	0ms

[2025-12-16 16시47분41초	1765871261847]	NoticeController..
[2025-12-16 16시47분41초	1765871261847]	0ms

[2025-12-16 16시47분41초	1765871261856]	FriendController..
[2025-12-16 16시47분41초	1765871261856]	0ms

[2025-12-16 16시47분41초	1765871261856]	BugScanningController..
[2025-12-16 16시47분41초	1765871261857]	1ms

[2025-12-16 16시47분41초	1765871261858]	MagicDollController..
[2025-12-16 16시47분41초	1765871261858]	0ms

[2025-12-16 16시47분41초	1765871261858]	ShopController..
[2025-12-16 16시47분41초	1765871261858]	0ms

[2025-12-16 16시47분41초	1765871261859]	WarehouseDatabase..
[2025-12-16 16시47분41초	1765871261859]	0ms

[2025-12-16 16시47분41초	1765871261860]	PakTools..
[2025-12-16 16시47분41초	1765871261861]	1ms

[2025-12-16 16시47분41초	1765871261862]	ScriptController...
[2025-12-16 16시47분41초	1765871261865]	3ms

[2025-12-16 16시47분41초	1765871261866]	GiranClanLordController..
[2025-12-16 16시47분41초	1765871261866]	0ms

[2025-12-16 16시47분41초	1765871261867]	TeamBattleController..
[2025-12-16 16시47분41초	1765871261867]	0ms

[2025-12-16 16시47분41초	1765871261868]	WorldClearController..
[2025-12-16 16시47분41초	1765871261868]	0ms

[2025-12-16 16시47분41초	1765871261869]	SpotController..
[2025-12-16 16시47분41초	1765871261871]	0ms

[2025-12-16 16시47분41초	1765871261872]	테베라스 컨트롤러..
[2025-12-16 16시47분41초	1765871261876]	4ms

[2025-12-16 16시47분41초	1765871261877]	지옥 컨트롤러..
[2025-12-16 16시47분41초	1765871261877]	0ms

[2025-12-16 16시47분41초	1765871261878]	지하수로 컨트롤러..
[2025-12-16 16시47분41초	1765871261878]	1ms

[2025-12-16 16시47분41초	1765871261878]	보물찾기컨트롤러..
[2025-12-16 16시47분41초	1765871261878]	0ms

[2025-12-16 16시47분41초	1765871261879]	마족신전 컨트롤러..
[2025-12-16 16시47분41초	1765871261879]	0ms

[2025-12-16 16시47분41초	1765871261880]	고무 컨트롤러..
[2025-12-16 16시47분41초	1765871261880]	0ms

[2025-12-16 16시47분41초	1765871261880]	정무던전 컨트롤러..
[2025-12-16 16시47분41초	1765871261880]	0ms

[2025-12-16 16시47분41초	1765871261881]	그신 컨트롤러..
[2025-12-16 16시47분41초	1765871261881]	0ms

[2025-12-16 16시47분41초	1765871261882]	라바던전 컨트롤러..
[2025-12-16 16시47분41초	1765871261882]	0ms

[2025-12-16 16시47분41초	1765871261882]	월드보스컨트롤러..
[2025-12-16 16시47분41초	1765871261882]	0ms

[2025-12-16 16시47분41초	1765871261883]	펭귄 사냥터 컨트롤러..
[2025-12-16 16시47분41초	1765871261883]	0ms

[2025-12-16 16시47분41초	1765871261884]	칠흑던전 컨트롤러..
[2025-12-16 16시47분41초	1765871261884]	0ms

[2025-12-16 16시47분41초	1765871261884]	악마왕의영토컨트롤러..
[2025-12-16 16시47분41초	1765871261885]	1ms

[2025-12-16 16시47분41초	1765871261885]	얼던컨트롤러..
[2025-12-16 16시47분41초	1765871261885]	0ms

[2025-12-16 16시47분41초	1765871261886]	기감 컨트롤러..
[2025-12-16 16시47분41초	1765871261886]	0ms

[2025-12-16 16시47분41초	1765871261887]	고라스컨트롤러..
[2025-12-16 16시47분41초	1765871261887]	0ms

[2025-12-16 16시47분41초	1765871261887]	드워프컨트롤러..
[2025-12-16 16시47분41초	1765871261887]	0ms

[2025-12-16 16시47분41초	1765871261888]	타임이벤트컨트롤러..
[2025-12-16 16시47분41초	1765871261888]	0ms

[2025-12-16 16시47분41초	1765871261888]	AutoHuntController..
[2025-12-16 16시47분41초	1765871261888]	0ms

[2025-12-16 16시47분41초	1765871261889]	DatabaseConnection..
[2025-12-16 16시47분42초	1765871262160]	271ms

[2025-12-16 16시47분42초	1765871262174]	ServerDatabase..
[2025-12-16 16시47분42초	1765871262215]	41ms

[2025-12-16 16시47분42초	1765871262218]	SlimeRaceController..
[2025-12-16 16시47분42초	1765871262220]	2ms

[2025-12-16 16시47분42초	1765871262222]	DogRaceController..
[2025-12-16 16시47분42초	1765871262223]	1ms

[2025-12-16 16시47분42초	1765871262225]	ClanController..
[2025-12-16 16시47분42초	1765871262230]	5ms

[2025-12-16 16시47분42초	1765871262232]	KingdomController..
[2025-12-16 16시47분42초	1765871262239]	7ms

[2025-12-16 16시47분42초	1765871262240]	AgitController..
[2025-12-16 16시47분42초	1765871262244]	4ms

[2025-12-16 16시47분42초	1765871262245]	AuctionController..
[2025-12-16 16시47분42초	1765871262251]	6ms

[2025-12-16 16시47분42초	1765871262255]	ItemDatabase..
[2025-12-16 16시47분42초	1765871262376]	121ms

[2025-12-16 16시47분42초	1765871262378]	ItemSetopionDatabase..
[2025-12-16 16시47분42초	1765871262381]	3ms

[2025-12-16 16시47분42초	1765871262382]	AutosellDatabase..
[2025-12-16 16시47분42초	1765871262402]	20ms

[2025-12-16 16시47분42초	1765871262403]	ItemSkillDatabase..
[2025-12-16 16시47분42초	1765871262405]	2ms

[2025-12-16 16시47분42초	1765871262405]	ItemBundleDatabase..
[2025-12-16 16시47분42초	1765871262408]	3ms

[2025-12-16 16시47분42초	1765871262409]	ItemChanceBundleDatabase..
[2025-12-16 16시47분42초	1765871262412]	3ms

[2025-12-16 16시47분42초	1765871262412]	FishItemListDatabase..
[2025-12-16 16시47분42초	1765871262414]	2ms

[2025-12-16 16시47분42초	1765871262415]	ItemTeleport..
[2025-12-16 16시47분42초	1765871262418]	3ms

[2025-12-16 16시47분42초	1765871262419]	PolyDatabase..
[2025-12-16 16시47분42초	1765871262422]	3ms

[2025-12-16 16시47분42초	1765871262423]	DungeonDatabase..
[2025-12-16 16시47분42초	1765871262428]	5ms

[2025-12-16 16시47분42초	1765871262428]	DefiniteDatabase..
[2025-12-16 16시47분42초	1765871262431]	3ms

[2025-12-16 16시47분42초	1765871262433]	ExpDatabase..
[2025-12-16 16시47분42초	1765871262436]	2ms

[2025-12-16 16시47분42초	1765871262436]	BackgroundDatabase..
[2025-12-16 16시47분42초	1765871262542]	106ms

[2025-12-16 16시47분42초	1765871262542]	SpriteFrameDatabase..
[2025-12-16 16시47분42초	1765871262594]	52ms

[2025-12-16 16시47분42초	1765871262595]	SkillDatabase..
[2025-12-16 16시47분42초	1765871262598]	3ms

[2025-12-16 16시47분42초	1765871262599]	NpcDatabase..
[2025-12-16 16시47분42초	1765871262607]	8ms

[2025-12-16 16시47분42초	1765871262611]	NpcShopDatabase..
[2025-12-16 16시47분42초	1765871262669]	58ms

[2025-12-16 16시47분42초	1765871262669]	NpcTeleportDatabase..
[2025-12-16 16시47분42초	1765871262672]	3ms

[2025-12-16 16시47분42초	1765871262793]	NpcSpawnlistDatabase..
[2025-12-16 16시47분42초	1765871262845]	52ms

[2025-12-16 16시47분42초	1765871262846]	EventController..
[2025-12-16 16시47분42초	1765871262846]	0ms

[2025-12-16 16시47분42초	1765871262847]	MonsterDatabase..
[2025-12-16 16시47분42초	1765871262862]	15ms

[2025-12-16 16시47분42초	1765871262865]	MonsterDropDatabase..
[2025-12-16 16시47분42초	1765871262892]	27ms

[2025-12-16 16시47분42초	1765871262893]	MonsterSkillDatabase..
[2025-12-16 16시47분42초	1765871262905]	12ms

[2025-12-16 16시47분42초	1765871262906]	MonsterSpawnlistDatabase..
[2025-12-16 16시47분43초	1765871263708]	802ms

[2025-12-16 16시47분43초	1765871263709]	MonsterBossSpawnlistDatabase..
[2025-12-16 16시47분43초	1765871263712]	3ms

[2025-12-16 16시47분43초	1765871263712]	ServerDownBossListDatabase..
[2025-12-16 16시47분43초	1765871263713]	1ms

[2025-12-16 16시47분43초	1765871263714]	BadIpDatabase..
[2025-12-16 16시47분43초	1765871263716]	2ms

[2025-12-16 16시47분43초	1765871263716]	QuestController..
[2025-12-16 16시47분43초	1765871263716]	0ms

[2025-12-16 16시47분43초	1765871263717]	ServerOpcodesDatabase..
[2025-12-16 16시47분43초	1765871263721]	4ms

[2025-12-16 16시47분43초	1765871263722]	ServerNoticeDatabase..
[2025-12-16 16시47분43초	1765871263724]	2ms

[2025-12-16 16시47분43초	1765871263726]	RankController..
[2025-12-16 16시47분43초	1765871263740]	14ms

[2025-12-16 16시47분43초	1765871263741]	WantedController..
[2025-12-16 16시47분43초	1765871263746]	5ms

[2025-12-16 16시47분43초	1765871263746]	TeleportHomeDatabase..
[2025-12-16 16시47분43초	1765871263774]	28ms

[2025-12-16 16시47분43초	1765871263775]	TeleportResetDatabase..
[2025-12-16 16시47분43초	1765871263803]	28ms

[2025-12-16 16시47분43초	1765871263804]	ItemPinewandDatabase..
[2025-12-16 16시47분43초	1765871263806]	2ms

[2025-12-16 16시47분43초	1765871263806]	ItemMaplewandDatabase..
[2025-12-16 16시47분43초	1765871263808]	2ms

[2025-12-16 16시47분43초	1765871263809]	SummonListDatabase..
[2025-12-16 16시47분43초	1765871263811]	2ms

[2025-12-16 16시47분43초	1765871263811]	GmListDatabase..
[2025-12-16 16시47분43초	1765871263812]	1ms

[2025-12-16 16시47분43초	1765871263813]	MagicdollListDatabase..
[2025-12-16 16시47분43초	1765871263815]	2ms

[2025-12-16 16시47분43초	1765871263818]	PcMarketController..
[2025-12-16 16시47분43초	1765871263819]	1ms

[2025-12-16 16시47분43초	1765871263820]	ServerOptionDatabase..
[2025-12-16 16시47분43초	1765871263820]	0ms

[2025-12-16 16시47분43초	1765871263821]	TimeDungeonDatabase..
[2025-12-16 16시47분43초	1765871263822]	1ms

[2025-12-16 16시47분43초	1765871263823]	TeamBattleDatabase..
[2025-12-16 16시47분43초	1765871263824]	1ms

[2025-12-16 16시47분43초	1765871263824]	LifeLostItemDatabase..
[2025-12-16 16시47분43초	1765871263826]	2ms

[2025-12-16 16시47분43초	1765871263826]	GmTeleportDatabase..
[2025-12-16 16시47분43초	1765871263828]	1ms

[2025-12-16 16시47분43초	1765871263829]	무인혈맹컨트롤러..
[2025-12-16 16시47분43초	1765871263830]	1ms

[2025-12-16 16시47분43초	1765871263831]	HackNoCheckDatabase..
[2025-12-16 16시47분43초	1765871263832]	1ms

[2025-12-16 16시47분43초	1765871263833]	EnchantLostItemDatabase..
[2025-12-16 16시47분43초	1765871263840]	7ms

[2025-12-16 16시47분43초	1765871263841]	ItemDropMessageDatabase..
[2025-12-16 16시47분43초	1765871263843]	2ms

[2025-12-16 16시47분43초	1765871263844]	FishingController..
[2025-12-16 16시47분43초	1765871263856]	12ms

[2025-12-16 16시47분43초	1765871263863]	RobotController..
[2025-12-16 16시47분43초	1765871263887]	24ms

[2025-12-16 16시47분43초	1765871263889]	Server..
[2025-12-16 16시47분43초	1765871263951]	62ms

[2025-12-16 16시47분43초	1765871263951]	ServerThread..
[2025-12-16 16시47분43초	1765871263952]	1ms

[2025-12-16 16시47분43초	1765871263952]	ControllerTherad..
[2025-12-16 16시47분43초	1765871263953]	1ms

[2025-12-16 16시47분43초	1765871263954]	CharacterThread..
[2025-12-16 16시47분43초	1765871263954]	0ms

[2025-12-16 16시47분43초	1765871263955]	DatabaseThread..
[2025-12-16 16시47분43초	1765871263955]	0ms

[2025-12-16 16시47분43초	1765871263956]	CharacterControlThread..
[2025-12-16 16시47분43초	1765871263994]	38ms

[2025-12-16 16시47분43초	1765871263999]	FightController..
[2025-12-16 16시47분44초	1765871264012]	13ms

[2025-12-16 16시47분44초	1765871264013]	TimeThread..
[2025-12-16 16시47분44초	1765871264013]	0ms

[2025-12-16 16시47분44초	1765871264014]	AutoHuntThread..
[2025-12-16 16시47분44초	1765871264014]	0ms

[2025-12-16 16시47분44초	1765871264014]	======================================================================
[2025-12-16 16시47분44초	1765871264015]	Server Version  :  Lineage 2.0

[2025-12-16 16시47분44초	1765871264015]	Server Port      :  2000

[2025-12-16 16시47분44초	1765871264015]	계정 자동생성  :  on

[2025-12-16 16시47분44초	1765871264015]	인챈트 : 1.0배  ||  드랍 : 1.0배  ||  경험치 : 30.0배  ||  아데나 : 200.0배  ||  파티 : 1.1배

[2025-12-16 16시47분44초	1765871264015]	======================================================================
[2025-12-16 16시47분44초	1765871264015]	'서버' 가동되었습니다.

[2025-12-16 16시50분44초	1765871444671]	자동 저장완료 2025-12-16 16시50분44초
[2025-12-16 16시51분24초	1765871484802]	서버가 즉시 종료됩니다...
[2025-12-16 16시51분25초	1765871485803]	Thread close..
[2025-12-16 16시51분26초	1765871486804]	Save Database..
[2025-12-16 16시51분27초	1765871487348]	Socket close..
[2025-12-16 16시51분27초	1765871487348]	LineageServer Close...
[2025-12-16 16시51분27초	1765871487348]	0ms

[2025-12-16 16시51분27초	1765871487348]	ok..
