[2026-01-12 22시29분29초	1768224569309]	Mysql..
[2026-01-12 22시29분29초	1768224569309]	1ms

[2026-01-12 22시29분29초	1768224569326]	lineage.conf file loading...
[2026-01-12 22시29분29초	1768224569356]	30ms

[2026-01-12 22시29분29초	1768224569363]	Lineage_Balance..
[2026-01-12 22시29분29초	1768224569370]	7ms

[2026-01-12 22시29분29초	1768224569371]	npc_promotion..
[2026-01-12 22시29분29초	1768224569372]	0ms

[2026-01-12 22시29분29초	1768224569372]	Socket..
[2026-01-12 22시29분29초	1768224569372]	0ms

[2026-01-12 22시29분29초	1768224569373]	Common..
[2026-01-12 22시29분29초	1768224569373]	0ms

[2026-01-12 22시29분29초	1768224569373]	EventThread..
[2026-01-12 22시29분29초	1768224569374]	1ms

[2026-01-12 22시29분29초	1768224569374]	AiExecuteThread..
[2026-01-12 22시29분29초	1768224569375]	1ms

[2026-01-12 22시29분29초	1768224569375]	AiThread..
[2026-01-12 22시29분29초	1768224569376]	1ms

[2026-01-12 22시29분29초	1768224569379]	World..
[2026-01-12 22시29분29초	1768224569453]	74ms

[2026-01-12 22시29분29초	1768224569454]	BookController..
[2026-01-12 22시29분29초	1768224569454]	0ms

[2026-01-12 22시29분29초	1768224569455]	InventoryController..
[2026-01-12 22시29분29초	1768224569455]	0ms

[2026-01-12 22시29분29초	1768224569456]	BasePacketPooling..
[2026-01-12 22시29분29초	1768224569456]	0ms

[2026-01-12 22시29분29초	1768224569458]	SkillController..
[2026-01-12 22시29분29초	1768224569458]	0ms

[2026-01-12 22시29분29초	1768224569469]	DamageController..
[2026-01-12 22시29분29초	1768224569469]	0ms

[2026-01-12 22시29분29초	1768224569471]	CharacterController..
[2026-01-12 22시29분29초	1768224569471]	0ms

[2026-01-12 22시29분29초	1768224569472]	TradeController..
[2026-01-12 22시29분29초	1768224569472]	0ms

[2026-01-12 22시29분29초	1768224569472]	DungeonController..
[2026-01-12 22시29분29초	1768224569473]	1ms

[2026-01-12 22시29분29초	1768224569473]	ShipController..
[2026-01-12 22시29분29초	1768224569473]	0ms

[2026-01-12 22시29분29초	1768224569474]	BuffController..
[2026-01-12 22시29분29초	1768224569474]	0ms

[2026-01-12 22시29분29초	1768224569478]	SummonController..
[2026-01-12 22시29분29초	1768224569478]	0ms

[2026-01-12 22시29분29초	1768224569479]	PartyController..
[2026-01-12 22시29분29초	1768224569479]	0ms

[2026-01-12 22시29분29초	1768224569479]	InnController..
[2026-01-12 22시29분29초	1768224569479]	0ms

[2026-01-12 22시29분29초	1768224569480]	BoardController..
[2026-01-12 22시29분29초	1768224569481]	1ms

[2026-01-12 22시29분29초	1768224569482]	LetterController..
[2026-01-12 22시29분29초	1768224569482]	0ms

[2026-01-12 22시29분29초	1768224569483]	UserShopController..
[2026-01-12 22시29분29초	1768224569483]	0ms

[2026-01-12 22시29분29초	1768224569484]	ChattingController..
[2026-01-12 22시29분29초	1768224569485]	1ms

[2026-01-12 22시29분29초	1768224569487]	ColosseumController..
[2026-01-12 22시29분29초	1768224569487]	0ms

[2026-01-12 22시29분29초	1768224569488]	CraftController..
[2026-01-12 22시29분29초	1768224569488]	0ms

[2026-01-12 22시29분29초	1768224569489]	BossController..
[2026-01-12 22시29분29초	1768224569489]	0ms

[2026-01-12 22시29분29초	1768224569490]	NoticeController..
[2026-01-12 22시29분29초	1768224569490]	0ms

[2026-01-12 22시29분29초	1768224569491]	FriendController..
[2026-01-12 22시29분29초	1768224569491]	0ms

[2026-01-12 22시29분29초	1768224569499]	BugScanningController..
[2026-01-12 22시29분29초	1768224569499]	0ms

[2026-01-12 22시29분29초	1768224569508]	MagicDollController..
[2026-01-12 22시29분29초	1768224569508]	0ms

[2026-01-12 22시29분29초	1768224569509]	ShopController..
[2026-01-12 22시29분29초	1768224569509]	0ms

[2026-01-12 22시29분29초	1768224569510]	WarehouseDatabase..
[2026-01-12 22시29분29초	1768224569510]	0ms

[2026-01-12 22시29분29초	1768224569511]	PakTools..
[2026-01-12 22시29분29초	1768224569512]	1ms

[2026-01-12 22시29분29초	1768224569513]	ScriptController...
[2026-01-12 22시29분29초	1768224569515]	2ms

[2026-01-12 22시29분29초	1768224569516]	GiranClanLordController..
[2026-01-12 22시29분29초	1768224569516]	0ms

[2026-01-12 22시29분29초	1768224569518]	TeamBattleController..
[2026-01-12 22시29분29초	1768224569518]	0ms

[2026-01-12 22시29분29초	1768224569518]	WorldClearController..
[2026-01-12 22시29분29초	1768224569518]	0ms

[2026-01-12 22시29분29초	1768224569519]	SpotController..
[2026-01-12 22시29분29초	1768224569519]	0ms

[2026-01-12 22시29분29초	1768224569520]	테베라스 컨트롤러..
[2026-01-12 22시29분29초	1768224569520]	0ms

[2026-01-12 22시29분29초	1768224569520]	지옥 컨트롤러..
[2026-01-12 22시29분29초	1768224569520]	0ms

[2026-01-12 22시29분29초	1768224569521]	지하수로 컨트롤러..
[2026-01-12 22시29분29초	1768224569521]	0ms

[2026-01-12 22시29분29초	1768224569522]	보물찾기컨트롤러..
[2026-01-12 22시29분29초	1768224569522]	0ms

[2026-01-12 22시29분29초	1768224569522]	마족신전 컨트롤러..
[2026-01-12 22시29분29초	1768224569522]	0ms

[2026-01-12 22시29분29초	1768224569523]	고무 컨트롤러..
[2026-01-12 22시29분29초	1768224569524]	정무던전 컨트롤러..
[2026-01-12 22시29분29초	1768224569527]	3ms

[2026-01-12 22시29분29초	1768224569528]	그신 컨트롤러..
[2026-01-12 22시29분29초	1768224569528]	0ms

[2026-01-12 22시29분29초	1768224569529]	라바던전 컨트롤러..
[2026-01-12 22시29분29초	1768224569529]	0ms

[2026-01-12 22시29분29초	1768224569529]	월드보스컨트롤러..
[2026-01-12 22시29분29초	1768224569529]	0ms

[2026-01-12 22시29분29초	1768224569530]	펭귄 사냥터 컨트롤러..
[2026-01-12 22시29분29초	1768224569530]	0ms

[2026-01-12 22시29분29초	1768224569531]	칠흑던전 컨트롤러..
[2026-01-12 22시29분29초	1768224569531]	악마왕의영토컨트롤러..
[2026-01-12 22시29분29초	1768224569531]	0ms

[2026-01-12 22시29분29초	1768224569532]	얼던컨트롤러..
[2026-01-12 22시29분29초	1768224569532]	0ms

[2026-01-12 22시29분29초	1768224569533]	기감 컨트롤러..
[2026-01-12 22시29분29초	1768224569533]	0ms

[2026-01-12 22시29분29초	1768224569533]	고라스컨트롤러..
[2026-01-12 22시29분29초	1768224569533]	0ms

[2026-01-12 22시29분29초	1768224569534]	드워프컨트롤러..
[2026-01-12 22시29분29초	1768224569534]	0ms

[2026-01-12 22시29분29초	1768224569535]	타임이벤트컨트롤러..
[2026-01-12 22시29분29초	1768224569535]	0ms

[2026-01-12 22시29분29초	1768224569535]	AutoHuntController..
[2026-01-12 22시29분29초	1768224569535]	0ms

[2026-01-12 22시29분29초	1768224569549]	DatabaseConnection..
[2026-01-12 22시29분29초	1768224569831]	282ms

[2026-01-12 22시29분29초	1768224569853]	ServerDatabase..
[2026-01-12 22시29분29초	1768224569890]	37ms

[2026-01-12 22시29분29초	1768224569892]	SlimeRaceController..
[2026-01-12 22시29분29초	1768224569895]	3ms

[2026-01-12 22시29분29초	1768224569897]	DogRaceController..
[2026-01-12 22시29분29초	1768224569898]	1ms

[2026-01-12 22시29분29초	1768224569901]	ClanController..
[2026-01-12 22시29분29초	1768224569906]	5ms

[2026-01-12 22시29분29초	1768224569909]	KingdomController..
[2026-01-12 22시29분29초	1768224569914]	5ms

[2026-01-12 22시29분29초	1768224569916]	AgitController..
[2026-01-12 22시29분29초	1768224569920]	3ms

[2026-01-12 22시29분29초	1768224569921]	AuctionController..
[2026-01-12 22시29분29초	1768224569926]	5ms

[2026-01-12 22시29분29초	1768224569931]	ItemDatabase..
[2026-01-12 22시29분30초	1768224570060]	129ms

[2026-01-12 22시29분30초	1768224570068]	ItemSetopionDatabase..
[2026-01-12 22시29분30초	1768224570072]	4ms

[2026-01-12 22시29분30초	1768224570073]	AutosellDatabase..
[2026-01-12 22시29분30초	1768224570111]	38ms

[2026-01-12 22시29분30초	1768224570112]	ItemSkillDatabase..
[2026-01-12 22시29분30초	1768224570117]	5ms

[2026-01-12 22시29분30초	1768224570118]	ItemBundleDatabase..
[2026-01-12 22시29분30초	1768224570123]	5ms

[2026-01-12 22시29분30초	1768224570124]	ItemChanceBundleDatabase..
[2026-01-12 22시29분30초	1768224570130]	6ms

[2026-01-12 22시29분30초	1768224570131]	FishItemListDatabase..
[2026-01-12 22시29분30초	1768224570133]	2ms

[2026-01-12 22시29분30초	1768224570135]	ItemTeleport..
[2026-01-12 22시29분30초	1768224570138]	3ms

[2026-01-12 22시29분30초	1768224570156]	PolyDatabase..
[2026-01-12 22시29분30초	1768224570161]	5ms

[2026-01-12 22시29분30초	1768224570162]	DungeonDatabase..
[2026-01-12 22시29분30초	1768224570168]	5ms

[2026-01-12 22시29분30초	1768224570169]	DefiniteDatabase..
[2026-01-12 22시29분30초	1768224570175]	6ms

[2026-01-12 22시29분30초	1768224570175]	ExpDatabase..
[2026-01-12 22시29분30초	1768224570180]	5ms

[2026-01-12 22시29분30초	1768224570180]	BackgroundDatabase..
[2026-01-12 22시29분30초	1768224570301]	121ms

[2026-01-12 22시29분30초	1768224570301]	SpriteFrameDatabase..
[2026-01-12 22시29분30초	1768224570370]	69ms

[2026-01-12 22시29분30초	1768224570371]	SkillDatabase..
[2026-01-12 22시29분30초	1768224570374]	3ms

[2026-01-12 22시29분30초	1768224570376]	NpcDatabase..
[2026-01-12 22시29분30초	1768224570384]	8ms

[2026-01-12 22시29분30초	1768224570385]	NpcShopDatabase..
[2026-01-12 22시29분30초	1768224570451]	66ms

[2026-01-12 22시29분30초	1768224570452]	NpcTeleportDatabase..
[2026-01-12 22시29분30초	1768224570454]	2ms

[2026-01-12 22시29분30초	1768224570592]	NpcSpawnlistDatabase..
[2026-01-12 22시29분30초	1768224570644]	52ms

[2026-01-12 22시29분30초	1768224570646]	EventController..
[2026-01-12 22시29분30초	1768224570646]	0ms

[2026-01-12 22시29분30초	1768224570647]	MonsterDatabase..
[2026-01-12 22시29분30초	1768224570664]	17ms

[2026-01-12 22시29분30초	1768224570665]	MonsterDropDatabase..
[2026-01-12 22시29분30초	1768224570690]	25ms

[2026-01-12 22시29분30초	1768224570691]	MonsterSkillDatabase..
[2026-01-12 22시29분30초	1768224570708]	17ms

[2026-01-12 22시29분30초	1768224570710]	MonsterSpawnlistDatabase..
[2026-01-12 22시29분31초	1768224571565]	855ms

[2026-01-12 22시29분31초	1768224571566]	MonsterBossSpawnlistDatabase..
[2026-01-12 22시29분31초	1768224571569]	3ms

[2026-01-12 22시29분31초	1768224571569]	ServerDownBossListDatabase..
[2026-01-12 22시29분31초	1768224571570]	1ms

[2026-01-12 22시29분31초	1768224571571]	BadIpDatabase..
[2026-01-12 22시29분31초	1768224571572]	1ms

[2026-01-12 22시29분31초	1768224571572]	QuestController..
[2026-01-12 22시29분31초	1768224571573]	1ms

[2026-01-12 22시29분31초	1768224571574]	ServerOpcodesDatabase..
[2026-01-12 22시29분31초	1768224571577]	3ms

[2026-01-12 22시29분31초	1768224571578]	ServerNoticeDatabase..
[2026-01-12 22시29분31초	1768224571580]	2ms

[2026-01-12 22시29분31초	1768224571582]	RankController..
[2026-01-12 22시29분31초	1768224571606]	24ms

[2026-01-12 22시29분31초	1768224571608]	WantedController..
[2026-01-12 22시29분31초	1768224571612]	4ms

[2026-01-12 22시29분31초	1768224571613]	TeleportHomeDatabase..
[2026-01-12 22시29분31초	1768224571645]	32ms

[2026-01-12 22시29분31초	1768224571645]	TeleportResetDatabase..
[2026-01-12 22시29분31초	1768224571674]	29ms

[2026-01-12 22시29분31초	1768224571675]	ItemPinewandDatabase..
[2026-01-12 22시29분31초	1768224571677]	2ms

[2026-01-12 22시29분31초	1768224571677]	ItemMaplewandDatabase..
[2026-01-12 22시29분31초	1768224571679]	2ms

[2026-01-12 22시29분31초	1768224571680]	SummonListDatabase..
[2026-01-12 22시29분31초	1768224571682]	2ms

[2026-01-12 22시29분31초	1768224571682]	GmListDatabase..
[2026-01-12 22시29분31초	1768224571683]	1ms

[2026-01-12 22시29분31초	1768224571684]	MagicdollListDatabase..
[2026-01-12 22시29분31초	1768224571686]	2ms

[2026-01-12 22시29분31초	1768224571689]	PcMarketController..
[2026-01-12 22시29분31초	1768224571690]	1ms

[2026-01-12 22시29분31초	1768224571690]	ServerOptionDatabase..
[2026-01-12 22시29분31초	1768224571691]	1ms

[2026-01-12 22시29분31초	1768224571691]	TimeDungeonDatabase..
[2026-01-12 22시29분31초	1768224571692]	1ms

[2026-01-12 22시29분31초	1768224571692]	TeamBattleDatabase..
[2026-01-12 22시29분31초	1768224571693]	1ms

[2026-01-12 22시29분31초	1768224571694]	LifeLostItemDatabase..
[2026-01-12 22시29분31초	1768224571695]	1ms

[2026-01-12 22시29분31초	1768224571696]	GmTeleportDatabase..
[2026-01-12 22시29분31초	1768224571697]	1ms

[2026-01-12 22시29분31초	1768224571698]	무인혈맹컨트롤러..
[2026-01-12 22시29분31초	1768224571700]	2ms

[2026-01-12 22시29분31초	1768224571701]	HackNoCheckDatabase..
[2026-01-12 22시29분31초	1768224571701]	0ms

[2026-01-12 22시29분31초	1768224571702]	EnchantLostItemDatabase..
[2026-01-12 22시29분31초	1768224571723]	21ms

[2026-01-12 22시29분31초	1768224571724]	ItemDropMessageDatabase..
[2026-01-12 22시29분31초	1768224571724]	0ms

[2026-01-12 22시29분31초	1768224571726]	FishingController..
[2026-01-12 22시29분31초	1768224571973]	247ms

[2026-01-12 22시29분31초	1768224571984]	RobotController..
[2026-01-12 22시29분32초	1768224572086]	102ms

[2026-01-12 22시29분32초	1768224572090]	Server..
[2026-01-12 22시29분32초	1768224572155]	65ms

[2026-01-12 22시29분32초	1768224572156]	ServerThread..
[2026-01-12 22시29분32초	1768224572156]	0ms

[2026-01-12 22시29분32초	1768224572157]	ControllerTherad..
[2026-01-12 22시29분32초	1768224572157]	0ms

[2026-01-12 22시29분32초	1768224572158]	CharacterThread..
[2026-01-12 22시29분32초	1768224572158]	0ms

[2026-01-12 22시29분32초	1768224572159]	DatabaseThread..
[2026-01-12 22시29분32초	1768224572161]	2ms

[2026-01-12 22시29분32초	1768224572162]	CharacterControlThread..
[2026-01-12 22시29분32초	1768224572162]	0ms

[2026-01-12 22시29분32초	1768224572165]	FightController..
[2026-01-12 22시29분32초	1768224572212]	47ms

[2026-01-12 22시29분32초	1768224572213]	TimeThread..
[2026-01-12 22시29분32초	1768224572213]	0ms

[2026-01-12 22시29분32초	1768224572214]	AutoHuntThread..
[2026-01-12 22시29분32초	1768224572214]	0ms

[2026-01-12 22시29분32초	1768224572214]	======================================================================
[2026-01-12 22시29분32초	1768224572215]	Server Version  :  Lineage 2.0

[2026-01-12 22시29분32초	1768224572215]	Server Port      :  2000

[2026-01-12 22시29분32초	1768224572215]	계정 자동생성  :  on

[2026-01-12 22시29분32초	1768224572215]	인챈트 : 1.0배  ||  드랍 : 3.0배  ||  경험치 : 30.0배  ||  아데나 : 12.0배  ||  파티 : 1.1배

[2026-01-12 22시29분32초	1768224572215]	======================================================================
[2026-01-12 22시29분32초	1768224572215]	'서버' 가동되었습니다.

[2026-01-12 22시31분08초	1768224668305]	서버가 즉시 종료됩니다...
[2026-01-12 22시31분09초	1768224669306]	Thread close..
[2026-01-12 22시31분10초	1768224670306]	Save Database..
[2026-01-12 22시31분11초	1768224671259]	Socket close..
[2026-01-12 22시31분11초	1768224671259]	LineageServer Close...
[2026-01-12 22시31분11초	1768224671259]	0ms

[2026-01-12 22시31분11초	1768224671259]	ok..
