[2026-01-07 14시36분24초	1767764184741]	Mysql..
[2026-01-07 14시36분24초	1767764184741]	2ms

[2026-01-07 14시36분24초	1767764184758]	lineage.conf file loading...
[2026-01-07 14시36분24초	1767764184792]	34ms

[2026-01-07 14시36분24초	1767764184799]	Lineage_Balance..
[2026-01-07 14시36분24초	1767764184807]	8ms

[2026-01-07 14시36분24초	1767764184815]	npc_promotion..
[2026-01-07 14시36분24초	1767764184815]	0ms

[2026-01-07 14시36분24초	1767764184816]	Socket..
[2026-01-07 14시36분24초	1767764184816]	0ms

[2026-01-07 14시36분24초	1767764184817]	Common..
[2026-01-07 14시36분24초	1767764184817]	0ms

[2026-01-07 14시36분24초	1767764184818]	EventThread..
[2026-01-07 14시36분24초	1767764184818]	0ms

[2026-01-07 14시36분24초	1767764184819]	AiExecuteThread..
[2026-01-07 14시36분24초	1767764184819]	0ms

[2026-01-07 14시36분24초	1767764184820]	AiThread..
[2026-01-07 14시36분24초	1767764184820]	0ms

[2026-01-07 14시36분24초	1767764184825]	World..
[2026-01-07 14시36분24초	1767764184906]	80ms

[2026-01-07 14시36분24초	1767764184907]	BookController..
[2026-01-07 14시36분24초	1767764184908]	1ms

[2026-01-07 14시36분24초	1767764184916]	InventoryController..
[2026-01-07 14시36분24초	1767764184916]	0ms

[2026-01-07 14시36분24초	1767764184917]	BasePacketPooling..
[2026-01-07 14시36분24초	1767764184917]	0ms

[2026-01-07 14시36분24초	1767764184919]	SkillController..
[2026-01-07 14시36분24초	1767764184919]	0ms

[2026-01-07 14시36분24초	1767764184926]	DamageController..
[2026-01-07 14시36분24초	1767764184926]	0ms

[2026-01-07 14시36분24초	1767764184928]	CharacterController..
[2026-01-07 14시36분24초	1767764184928]	0ms

[2026-01-07 14시36분24초	1767764184929]	TradeController..
[2026-01-07 14시36분24초	1767764184929]	0ms

[2026-01-07 14시36분24초	1767764184930]	DungeonController..
[2026-01-07 14시36분24초	1767764184930]	0ms

[2026-01-07 14시36분24초	1767764184931]	ShipController..
[2026-01-07 14시36분24초	1767764184931]	0ms

[2026-01-07 14시36분24초	1767764184932]	BuffController..
[2026-01-07 14시36분24초	1767764184932]	0ms

[2026-01-07 14시36분24초	1767764184937]	SummonController..
[2026-01-07 14시36분24초	1767764184937]	0ms

[2026-01-07 14시36분24초	1767764184938]	PartyController..
[2026-01-07 14시36분24초	1767764184938]	0ms

[2026-01-07 14시36분24초	1767764184939]	InnController..
[2026-01-07 14시36분24초	1767764184939]	0ms

[2026-01-07 14시36분24초	1767764184940]	BoardController..
[2026-01-07 14시36분24초	1767764184941]	1ms

[2026-01-07 14시36분24초	1767764184949]	LetterController..
[2026-01-07 14시36분24초	1767764184949]	0ms

[2026-01-07 14시36분24초	1767764184950]	UserShopController..
[2026-01-07 14시36분24초	1767764184950]	0ms

[2026-01-07 14시36분24초	1767764184951]	ChattingController..
[2026-01-07 14시36분24초	1767764184952]	1ms

[2026-01-07 14시36분24초	1767764184954]	ColosseumController..
[2026-01-07 14시36분24초	1767764184954]	0ms

[2026-01-07 14시36분24초	1767764184955]	CraftController..
[2026-01-07 14시36분24초	1767764184955]	0ms

[2026-01-07 14시36분24초	1767764184956]	BossController..
[2026-01-07 14시36분24초	1767764184956]	0ms

[2026-01-07 14시36분24초	1767764184958]	NoticeController..
[2026-01-07 14시36분24초	1767764184958]	0ms

[2026-01-07 14시36분24초	1767764184959]	FriendController..
[2026-01-07 14시36분24초	1767764184959]	0ms

[2026-01-07 14시36분24초	1767764184960]	BugScanningController..
[2026-01-07 14시36분24초	1767764184960]	0ms

[2026-01-07 14시36분24초	1767764184962]	MagicDollController..
[2026-01-07 14시36분24초	1767764184962]	0ms

[2026-01-07 14시36분24초	1767764184963]	ShopController..
[2026-01-07 14시36분24초	1767764184963]	0ms

[2026-01-07 14시36분24초	1767764184964]	WarehouseDatabase..
[2026-01-07 14시36분24초	1767764184964]	0ms

[2026-01-07 14시36분24초	1767764184965]	PakTools..
[2026-01-07 14시36분24초	1767764184966]	1ms

[2026-01-07 14시36분24초	1767764184967]	ScriptController...
[2026-01-07 14시36분24초	1767764184970]	3ms

[2026-01-07 14시36분24초	1767764184971]	GiranClanLordController..
[2026-01-07 14시36분24초	1767764184971]	0ms

[2026-01-07 14시36분24초	1767764184972]	TeamBattleController..
[2026-01-07 14시36분24초	1767764184972]	0ms

[2026-01-07 14시36분24초	1767764184973]	WorldClearController..
[2026-01-07 14시36분24초	1767764184973]	0ms

[2026-01-07 14시36분24초	1767764184974]	SpotController..
[2026-01-07 14시36분24초	1767764184977]	3ms

[2026-01-07 14시36분24초	1767764184978]	테베라스 컨트롤러..
[2026-01-07 14시36분24초	1767764184978]	0ms

[2026-01-07 14시36분24초	1767764184979]	지옥 컨트롤러..
[2026-01-07 14시36분24초	1767764184979]	0ms

[2026-01-07 14시36분24초	1767764184980]	지하수로 컨트롤러..
[2026-01-07 14시36분24초	1767764184980]	1ms

[2026-01-07 14시36분24초	1767764184980]	보물찾기컨트롤러..
[2026-01-07 14시36분24초	1767764184980]	0ms

[2026-01-07 14시36분24초	1767764184981]	마족신전 컨트롤러..
[2026-01-07 14시36분24초	1767764184981]	0ms

[2026-01-07 14시36분24초	1767764184982]	고무 컨트롤러..
[2026-01-07 14시36분24초	1767764184983]	정무던전 컨트롤러..
[2026-01-07 14시36분24초	1767764184987]	4ms

[2026-01-07 14시36분24초	1767764184988]	그신 컨트롤러..
[2026-01-07 14시36분24초	1767764184988]	0ms

[2026-01-07 14시36분24초	1767764184989]	라바던전 컨트롤러..
[2026-01-07 14시36분24초	1767764184989]	0ms

[2026-01-07 14시36분24초	1767764184989]	월드보스컨트롤러..
[2026-01-07 14시36분24초	1767764184990]	1ms

[2026-01-07 14시36분24초	1767764184990]	펭귄 사냥터 컨트롤러..
[2026-01-07 14시36분24초	1767764184990]	0ms

[2026-01-07 14시36분24초	1767764184992]	칠흑던전 컨트롤러..
[2026-01-07 14시36분24초	1767764184993]	악마왕의영토컨트롤러..
[2026-01-07 14시36분24초	1767764184993]	0ms

[2026-01-07 14시36분24초	1767764184994]	얼던컨트롤러..
[2026-01-07 14시36분24초	1767764184994]	0ms

[2026-01-07 14시36분24초	1767764184995]	기감 컨트롤러..
[2026-01-07 14시36분24초	1767764184995]	0ms

[2026-01-07 14시36분24초	1767764184996]	고라스컨트롤러..
[2026-01-07 14시36분24초	1767764184996]	0ms

[2026-01-07 14시36분24초	1767764184997]	드워프컨트롤러..
[2026-01-07 14시36분24초	1767764184997]	0ms

[2026-01-07 14시36분24초	1767764184998]	타임이벤트컨트롤러..
[2026-01-07 14시36분24초	1767764184998]	0ms

[2026-01-07 14시36분24초	1767764184999]	AutoHuntController..
[2026-01-07 14시36분24초	1767764184999]	0ms

[2026-01-07 14시36분24초	1767764184999]	DatabaseConnection..
[2026-01-07 14시36분25초	1767764185294]	295ms

[2026-01-07 14시36분25초	1767764185313]	ServerDatabase..
[2026-01-07 14시36분25초	1767764185347]	34ms

[2026-01-07 14시36분25초	1767764185351]	SlimeRaceController..
[2026-01-07 14시36분25초	1767764185354]	3ms

[2026-01-07 14시36분25초	1767764185356]	DogRaceController..
[2026-01-07 14시36분25초	1767764185357]	1ms

[2026-01-07 14시36분25초	1767764185360]	ClanController..
[2026-01-07 14시36분25초	1767764185367]	7ms

[2026-01-07 14시36분25초	1767764185370]	KingdomController..
[2026-01-07 14시36분25초	1767764185379]	9ms

[2026-01-07 14시36분25초	1767764185380]	AgitController..
[2026-01-07 14시36분25초	1767764185385]	5ms

[2026-01-07 14시36분25초	1767764185387]	AuctionController..
[2026-01-07 14시36분25초	1767764185393]	6ms

[2026-01-07 14시36분25초	1767764185399]	ItemDatabase..
[2026-01-07 14시36분25초	1767764185506]	107ms

[2026-01-07 14시36분25초	1767764185507]	ItemSetopionDatabase..
[2026-01-07 14시36분25초	1767764185511]	4ms

[2026-01-07 14시36분25초	1767764185512]	AutosellDatabase..
[2026-01-07 14시36분25초	1767764185537]	25ms

[2026-01-07 14시36분25초	1767764185539]	ItemSkillDatabase..
[2026-01-07 14시36분25초	1767764185543]	4ms

[2026-01-07 14시36분25초	1767764185544]	ItemBundleDatabase..
[2026-01-07 14시36분25초	1767764185548]	4ms

[2026-01-07 14시36분25초	1767764185551]	ItemChanceBundleDatabase..
[2026-01-07 14시36분25초	1767764185555]	4ms

[2026-01-07 14시36분25초	1767764185556]	FishItemListDatabase..
[2026-01-07 14시36분25초	1767764185558]	2ms

[2026-01-07 14시36분25초	1767764185560]	ItemTeleport..
[2026-01-07 14시36분25초	1767764185563]	2ms

[2026-01-07 14시36분25초	1767764185564]	PolyDatabase..
[2026-01-07 14시36분25초	1767764185568]	4ms

[2026-01-07 14시36분25초	1767764185569]	DungeonDatabase..
[2026-01-07 14시36분25초	1767764185576]	6ms

[2026-01-07 14시36분25초	1767764185577]	DefiniteDatabase..
[2026-01-07 14시36분25초	1767764185579]	2ms

[2026-01-07 14시36분25초	1767764185581]	ExpDatabase..
[2026-01-07 14시36분25초	1767764185583]	2ms

[2026-01-07 14시36분25초	1767764185583]	BackgroundDatabase..
[2026-01-07 14시36분25초	1767764185711]	128ms

[2026-01-07 14시36분25초	1767764185711]	SpriteFrameDatabase..
[2026-01-07 14시36분25초	1767764185782]	71ms

[2026-01-07 14시36분25초	1767764185783]	SkillDatabase..
[2026-01-07 14시36분25초	1767764185786]	3ms

[2026-01-07 14시36분25초	1767764185787]	NpcDatabase..
[2026-01-07 14시36분25초	1767764185795]	8ms

[2026-01-07 14시36분25초	1767764185796]	NpcShopDatabase..
[2026-01-07 14시36분25초	1767764185855]	59ms

[2026-01-07 14시36분25초	1767764185856]	NpcTeleportDatabase..
[2026-01-07 14시36분25초	1767764185858]	2ms

[2026-01-07 14시36분26초	1767764186002]	NpcSpawnlistDatabase..
[2026-01-07 14시36분26초	1767764186065]	63ms

[2026-01-07 14시36분26초	1767764186067]	EventController..
[2026-01-07 14시36분26초	1767764186067]	0ms

[2026-01-07 14시36분26초	1767764186069]	MonsterDatabase..
[2026-01-07 14시36분26초	1767764186084]	15ms

[2026-01-07 14시36분26초	1767764186085]	MonsterDropDatabase..
[2026-01-07 14시36분26초	1767764186108]	23ms

[2026-01-07 14시36분26초	1767764186110]	MonsterSkillDatabase..
[2026-01-07 14시36분26초	1767764186125]	15ms

[2026-01-07 14시36분26초	1767764186127]	MonsterSpawnlistDatabase..
[2026-01-07 14시36분27초	1767764187274]	1147ms

[2026-01-07 14시36분27초	1767764187276]	MonsterBossSpawnlistDatabase..
[2026-01-07 14시36분27초	1767764187279]	3ms

[2026-01-07 14시36분27초	1767764187280]	ServerDownBossListDatabase..
[2026-01-07 14시36분27초	1767764187281]	1ms

[2026-01-07 14시36분27초	1767764187282]	BadIpDatabase..
[2026-01-07 14시36분27초	1767764187285]	3ms

[2026-01-07 14시36분27초	1767764187285]	QuestController..
[2026-01-07 14시36분27초	1767764187287]	2ms

[2026-01-07 14시36분27초	1767764187288]	ServerOpcodesDatabase..
[2026-01-07 14시36분27초	1767764187293]	5ms

[2026-01-07 14시36분27초	1767764187294]	ServerNoticeDatabase..
[2026-01-07 14시36분27초	1767764187297]	3ms

[2026-01-07 14시36분27초	1767764187298]	RankController..
[2026-01-07 14시36분27초	1767764187319]	21ms

[2026-01-07 14시36분27초	1767764187321]	WantedController..
[2026-01-07 14시36분27초	1767764187326]	5ms

[2026-01-07 14시36분27초	1767764187327]	TeleportHomeDatabase..
[2026-01-07 14시36분27초	1767764187366]	39ms

[2026-01-07 14시36분27초	1767764187367]	TeleportResetDatabase..
[2026-01-07 14시36분27초	1767764187397]	30ms

[2026-01-07 14시36분27초	1767764187398]	ItemPinewandDatabase..
[2026-01-07 14시36분27초	1767764187400]	2ms

[2026-01-07 14시36분27초	1767764187400]	ItemMaplewandDatabase..
[2026-01-07 14시36분27초	1767764187402]	2ms

[2026-01-07 14시36분27초	1767764187403]	SummonListDatabase..
[2026-01-07 14시36분27초	1767764187405]	2ms

[2026-01-07 14시36분27초	1767764187405]	GmListDatabase..
[2026-01-07 14시36분27초	1767764187406]	1ms

[2026-01-07 14시36분27초	1767764187407]	MagicdollListDatabase..
[2026-01-07 14시36분27초	1767764187410]	3ms

[2026-01-07 14시36분27초	1767764187413]	PcMarketController..
[2026-01-07 14시36분27초	1767764187414]	1ms

[2026-01-07 14시36분27초	1767764187415]	ServerOptionDatabase..
[2026-01-07 14시36분27초	1767764187415]	0ms

[2026-01-07 14시36분27초	1767764187416]	TimeDungeonDatabase..
[2026-01-07 14시36분27초	1767764187417]	1ms

[2026-01-07 14시36분27초	1767764187417]	TeamBattleDatabase..
[2026-01-07 14시36분27초	1767764187418]	1ms

[2026-01-07 14시36분27초	1767764187419]	LifeLostItemDatabase..
[2026-01-07 14시36분27초	1767764187421]	2ms

[2026-01-07 14시36분27초	1767764187421]	GmTeleportDatabase..
[2026-01-07 14시36분27초	1767764187423]	1ms

[2026-01-07 14시36분27초	1767764187425]	무인혈맹컨트롤러..
[2026-01-07 14시36분27초	1767764187426]	1ms

[2026-01-07 14시36분27초	1767764187427]	HackNoCheckDatabase..
[2026-01-07 14시36분27초	1767764187428]	1ms

[2026-01-07 14시36분27초	1767764187429]	EnchantLostItemDatabase..
[2026-01-07 14시36분27초	1767764187442]	13ms

[2026-01-07 14시36분27초	1767764187443]	ItemDropMessageDatabase..
[2026-01-07 14시36분27초	1767764187444]	1ms

[2026-01-07 14시36분27초	1767764187446]	FishingController..
[2026-01-07 14시36분27초	1767764187567]	121ms

[2026-01-07 14시36분27초	1767764187577]	RobotController..
[2026-01-07 14시36분27초	1767764187600]	23ms

[2026-01-07 14시36분27초	1767764187602]	Server..
[2026-01-07 14시36분27초	1767764187667]	65ms

[2026-01-07 14시36분27초	1767764187668]	ServerThread..
[2026-01-07 14시36분27초	1767764187668]	0ms

[2026-01-07 14시36분27초	1767764187669]	ControllerTherad..
[2026-01-07 14시36분27초	1767764187669]	0ms

[2026-01-07 14시36분27초	1767764187670]	CharacterThread..
[2026-01-07 14시36분27초	1767764187670]	0ms

[2026-01-07 14시36분27초	1767764187672]	DatabaseThread..
[2026-01-07 14시36분27초	1767764187672]	0ms

[2026-01-07 14시36분27초	1767764187673]	CharacterControlThread..
[2026-01-07 14시36분27초	1767764187673]	0ms

[2026-01-07 14시36분27초	1767764187713]	FightController..
[2026-01-07 14시36분27초	1767764187726]	13ms

[2026-01-07 14시36분27초	1767764187727]	TimeThread..
[2026-01-07 14시36분27초	1767764187727]	0ms

[2026-01-07 14시36분27초	1767764187728]	AutoHuntThread..
[2026-01-07 14시36분27초	1767764187728]	0ms

[2026-01-07 14시36분27초	1767764187728]	======================================================================
[2026-01-07 14시36분27초	1767764187729]	Server Version  :  Lineage 2.0

[2026-01-07 14시36분27초	1767764187729]	Server Port      :  2000

[2026-01-07 14시36분27초	1767764187729]	계정 자동생성  :  on

[2026-01-07 14시36분27초	1767764187729]	인챈트 : 1.0배  ||  드랍 : 3.0배  ||  경험치 : 30.0배  ||  아데나 : 12.0배  ||  파티 : 1.1배

[2026-01-07 14시36분27초	1767764187729]	======================================================================
[2026-01-07 14시36분27초	1767764187729]	'서버' 가동되었습니다.

[2026-01-07 14시37분08초	1767764228465]	서버가 즉시 종료됩니다...
[2026-01-07 14시37분09초	1767764229465]	Thread close..
[2026-01-07 14시37분10초	1767764230465]	Save Database..
[2026-01-07 14시37분11초	1767764231210]	Socket close..
[2026-01-07 14시37분11초	1767764231210]	LineageServer Close...
[2026-01-07 14시37분11초	1767764231212]	2ms

[2026-01-07 14시37분11초	1767764231212]	ok..
