[2026-01-07 16시52분02초	1767772322737]	Mysql..
[2026-01-07 16시52분02초	1767772322738]	2ms

[2026-01-07 16시52분02초	1767772322757]	lineage.conf file loading...
[2026-01-07 16시52분02초	1767772322793]	36ms

[2026-01-07 16시52분02초	1767772322800]	Lineage_Balance..
[2026-01-07 16시52분02초	1767772322808]	8ms

[2026-01-07 16시52분02초	1767772322809]	npc_promotion..
[2026-01-07 16시52분02초	1767772322810]	1ms

[2026-01-07 16시52분02초	1767772322810]	Socket..
[2026-01-07 16시52분02초	1767772322811]	1ms

[2026-01-07 16시52분02초	1767772322811]	Common..
[2026-01-07 16시52분02초	1767772322811]	0ms

[2026-01-07 16시52분02초	1767772322812]	EventThread..
[2026-01-07 16시52분02초	1767772322812]	0ms

[2026-01-07 16시52분02초	1767772322813]	AiExecuteThread..
[2026-01-07 16시52분02초	1767772322813]	0ms

[2026-01-07 16시52분02초	1767772322814]	AiThread..
[2026-01-07 16시52분02초	1767772322814]	0ms

[2026-01-07 16시52분02초	1767772322817]	World..
[2026-01-07 16시52분02초	1767772322898]	81ms

[2026-01-07 16시52분02초	1767772322899]	BookController..
[2026-01-07 16시52분02초	1767772322899]	0ms

[2026-01-07 16시52분02초	1767772322900]	InventoryController..
[2026-01-07 16시52분02초	1767772322900]	0ms

[2026-01-07 16시52분02초	1767772322908]	BasePacketPooling..
[2026-01-07 16시52분02초	1767772322908]	0ms

[2026-01-07 16시52분02초	1767772322911]	SkillController..
[2026-01-07 16시52분02초	1767772322913]	1ms

[2026-01-07 16시52분02초	1767772322919]	DamageController..
[2026-01-07 16시52분02초	1767772322919]	0ms

[2026-01-07 16시52분02초	1767772322921]	CharacterController..
[2026-01-07 16시52분02초	1767772322921]	0ms

[2026-01-07 16시52분02초	1767772322922]	TradeController..
[2026-01-07 16시52분02초	1767772322922]	0ms

[2026-01-07 16시52분02초	1767772322922]	DungeonController..
[2026-01-07 16시52분02초	1767772322922]	0ms

[2026-01-07 16시52분02초	1767772322923]	ShipController..
[2026-01-07 16시52분02초	1767772322923]	0ms

[2026-01-07 16시52분02초	1767772322924]	BuffController..
[2026-01-07 16시52분02초	1767772322924]	0ms

[2026-01-07 16시52분02초	1767772322928]	SummonController..
[2026-01-07 16시52분02초	1767772322928]	1ms

[2026-01-07 16시52분02초	1767772322928]	PartyController..
[2026-01-07 16시52분02초	1767772322929]	1ms

[2026-01-07 16시52분02초	1767772322929]	InnController..
[2026-01-07 16시52분02초	1767772322929]	0ms

[2026-01-07 16시52분02초	1767772322938]	BoardController..
[2026-01-07 16시52분02초	1767772322938]	0ms

[2026-01-07 16시52분02초	1767772322939]	LetterController..
[2026-01-07 16시52분02초	1767772322940]	1ms

[2026-01-07 16시52분02초	1767772322940]	UserShopController..
[2026-01-07 16시52분02초	1767772322940]	0ms

[2026-01-07 16시52분02초	1767772322941]	ChattingController..
[2026-01-07 16시52분02초	1767772322942]	1ms

[2026-01-07 16시52분02초	1767772322944]	ColosseumController..
[2026-01-07 16시52분02초	1767772322944]	0ms

[2026-01-07 16시52분02초	1767772322945]	CraftController..
[2026-01-07 16시52분02초	1767772322945]	0ms

[2026-01-07 16시52분02초	1767772322946]	BossController..
[2026-01-07 16시52분02초	1767772322946]	0ms

[2026-01-07 16시52분02초	1767772322947]	NoticeController..
[2026-01-07 16시52분02초	1767772322947]	0ms

[2026-01-07 16시52분02초	1767772322948]	FriendController..
[2026-01-07 16시52분02초	1767772322948]	0ms

[2026-01-07 16시52분02초	1767772322948]	BugScanningController..
[2026-01-07 16시52분02초	1767772322948]	0ms

[2026-01-07 16시52분02초	1767772322949]	MagicDollController..
[2026-01-07 16시52분02초	1767772322949]	0ms

[2026-01-07 16시52분02초	1767772322950]	ShopController..
[2026-01-07 16시52분02초	1767772322950]	0ms

[2026-01-07 16시52분02초	1767772322951]	WarehouseDatabase..
[2026-01-07 16시52분02초	1767772322951]	0ms

[2026-01-07 16시52분02초	1767772322952]	PakTools..
[2026-01-07 16시52분02초	1767772322953]	1ms

[2026-01-07 16시52분02초	1767772322953]	ScriptController...
[2026-01-07 16시52분02초	1767772322956]	3ms

[2026-01-07 16시52분02초	1767772322957]	GiranClanLordController..
[2026-01-07 16시52분02초	1767772322957]	0ms

[2026-01-07 16시52분02초	1767772322958]	TeamBattleController..
[2026-01-07 16시52분02초	1767772322958]	0ms

[2026-01-07 16시52분02초	1767772322959]	WorldClearController..
[2026-01-07 16시52분02초	1767772322959]	0ms

[2026-01-07 16시52분02초	1767772322960]	SpotController..
[2026-01-07 16시52분02초	1767772322960]	0ms

[2026-01-07 16시52분02초	1767772322960]	테베라스 컨트롤러..
[2026-01-07 16시52분02초	1767772322960]	0ms

[2026-01-07 16시52분02초	1767772322961]	지옥 컨트롤러..
[2026-01-07 16시52분02초	1767772322961]	0ms

[2026-01-07 16시52분02초	1767772322961]	지하수로 컨트롤러..
[2026-01-07 16시52분02초	1767772322962]	1ms

[2026-01-07 16시52분02초	1767772322962]	보물찾기컨트롤러..
[2026-01-07 16시52분02초	1767772322962]	0ms

[2026-01-07 16시52분02초	1767772322963]	마족신전 컨트롤러..
[2026-01-07 16시52분02초	1767772322963]	0ms

[2026-01-07 16시52분02초	1767772322963]	고무 컨트롤러..
[2026-01-07 16시52분02초	1767772322964]	정무던전 컨트롤러..
[2026-01-07 16시52분02초	1767772322968]	4ms

[2026-01-07 16시52분02초	1767772322969]	그신 컨트롤러..
[2026-01-07 16시52분02초	1767772322969]	0ms

[2026-01-07 16시52분02초	1767772322969]	라바던전 컨트롤러..
[2026-01-07 16시52분02초	1767772322969]	0ms

[2026-01-07 16시52분02초	1767772322970]	월드보스컨트롤러..
[2026-01-07 16시52분02초	1767772322970]	0ms

[2026-01-07 16시52분02초	1767772322970]	펭귄 사냥터 컨트롤러..
[2026-01-07 16시52분02초	1767772322971]	1ms

[2026-01-07 16시52분02초	1767772322971]	칠흑던전 컨트롤러..
[2026-01-07 16시52분02초	1767772322972]	악마왕의영토컨트롤러..
[2026-01-07 16시52분02초	1767772322972]	0ms

[2026-01-07 16시52분02초	1767772322972]	얼던컨트롤러..
[2026-01-07 16시52분02초	1767772322972]	0ms

[2026-01-07 16시52분02초	1767772322973]	기감 컨트롤러..
[2026-01-07 16시52분02초	1767772322973]	0ms

[2026-01-07 16시52분02초	1767772322974]	고라스컨트롤러..
[2026-01-07 16시52분02초	1767772322974]	0ms

[2026-01-07 16시52분02초	1767772322974]	드워프컨트롤러..
[2026-01-07 16시52분02초	1767772322974]	0ms

[2026-01-07 16시52분02초	1767772322975]	타임이벤트컨트롤러..
[2026-01-07 16시52분02초	1767772322975]	0ms

[2026-01-07 16시52분02초	1767772322976]	AutoHuntController..
[2026-01-07 16시52분02초	1767772322976]	0ms

[2026-01-07 16시52분02초	1767772322976]	DatabaseConnection..
[2026-01-07 16시52분03초	1767772323276]	300ms

[2026-01-07 16시52분03초	1767772323291]	ServerDatabase..
[2026-01-07 16시52분03초	1767772323320]	29ms

[2026-01-07 16시52분03초	1767772323323]	SlimeRaceController..
[2026-01-07 16시52분03초	1767772323325]	2ms

[2026-01-07 16시52분03초	1767772323327]	DogRaceController..
[2026-01-07 16시52분03초	1767772323328]	1ms

[2026-01-07 16시52분03초	1767772323331]	ClanController..
[2026-01-07 16시52분03초	1767772323336]	5ms

[2026-01-07 16시52분03초	1767772323339]	KingdomController..
[2026-01-07 16시52분03초	1767772323344]	5ms

[2026-01-07 16시52분03초	1767772323345]	AgitController..
[2026-01-07 16시52분03초	1767772323349]	4ms

[2026-01-07 16시52분03초	1767772323350]	AuctionController..
[2026-01-07 16시52분03초	1767772323355]	5ms

[2026-01-07 16시52분03초	1767772323360]	ItemDatabase..
[2026-01-07 16시52분03초	1767772323450]	90ms

[2026-01-07 16시52분03초	1767772323451]	ItemSetopionDatabase..
[2026-01-07 16시52분03초	1767772323453]	2ms

[2026-01-07 16시52분03초	1767772323454]	AutosellDatabase..
[2026-01-07 16시52분03초	1767772323472]	18ms

[2026-01-07 16시52분03초	1767772323473]	ItemSkillDatabase..
[2026-01-07 16시52분03초	1767772323475]	2ms

[2026-01-07 16시52분03초	1767772323476]	ItemBundleDatabase..
[2026-01-07 16시52분03초	1767772323478]	2ms

[2026-01-07 16시52분03초	1767772323479]	ItemChanceBundleDatabase..
[2026-01-07 16시52분03초	1767772323482]	3ms

[2026-01-07 16시52분03초	1767772323483]	FishItemListDatabase..
[2026-01-07 16시52분03초	1767772323484]	1ms

[2026-01-07 16시52분03초	1767772323485]	ItemTeleport..
[2026-01-07 16시52분03초	1767772323487]	2ms

[2026-01-07 16시52분03초	1767772323488]	PolyDatabase..
[2026-01-07 16시52분03초	1767772323490]	2ms

[2026-01-07 16시52분03초	1767772323492]	DungeonDatabase..
[2026-01-07 16시52분03초	1767772323495]	3ms

[2026-01-07 16시52분03초	1767772323496]	DefiniteDatabase..
[2026-01-07 16시52분03초	1767772323498]	2ms

[2026-01-07 16시52분03초	1767772323498]	ExpDatabase..
[2026-01-07 16시52분03초	1767772323500]	1ms

[2026-01-07 16시52분03초	1767772323500]	BackgroundDatabase..
[2026-01-07 16시52분03초	1767772323625]	124ms

[2026-01-07 16시52분03초	1767772323625]	SpriteFrameDatabase..
[2026-01-07 16시52분03초	1767772323687]	62ms

[2026-01-07 16시52분03초	1767772323688]	SkillDatabase..
[2026-01-07 16시52분03초	1767772323690]	2ms

[2026-01-07 16시52분03초	1767772323691]	NpcDatabase..
[2026-01-07 16시52분03초	1767772323698]	7ms

[2026-01-07 16시52분03초	1767772323699]	NpcShopDatabase..
[2026-01-07 16시52분03초	1767772323761]	62ms

[2026-01-07 16시52분03초	1767772323762]	NpcTeleportDatabase..
[2026-01-07 16시52분03초	1767772323763]	1ms

[2026-01-07 16시52분03초	1767772323912]	NpcSpawnlistDatabase..
[2026-01-07 16시52분03초	1767772323964]	52ms

[2026-01-07 16시52분03초	1767772323966]	EventController..
[2026-01-07 16시52분03초	1767772323966]	0ms

[2026-01-07 16시52분03초	1767772323968]	MonsterDatabase..
[2026-01-07 16시52분03초	1767772323982]	14ms

[2026-01-07 16시52분03초	1767772323983]	MonsterDropDatabase..
[2026-01-07 16시52분04초	1767772324007]	24ms

[2026-01-07 16시52분04초	1767772324008]	MonsterSkillDatabase..
[2026-01-07 16시52분04초	1767772324025]	17ms

[2026-01-07 16시52분04초	1767772324027]	MonsterSpawnlistDatabase..
[2026-01-07 16시52분05초	1767772325194]	1167ms

[2026-01-07 16시52분05초	1767772325196]	MonsterBossSpawnlistDatabase..
[2026-01-07 16시52분05초	1767772325197]	1ms

[2026-01-07 16시52분05초	1767772325198]	ServerDownBossListDatabase..
[2026-01-07 16시52분05초	1767772325198]	0ms

[2026-01-07 16시52분05초	1767772325199]	BadIpDatabase..
[2026-01-07 16시52분05초	1767772325200]	1ms

[2026-01-07 16시52분05초	1767772325200]	QuestController..
[2026-01-07 16시52분05초	1767772325201]	1ms

[2026-01-07 16시52분05초	1767772325202]	ServerOpcodesDatabase..
[2026-01-07 16시52분05초	1767772325205]	3ms

[2026-01-07 16시52분05초	1767772325206]	ServerNoticeDatabase..
[2026-01-07 16시52분05초	1767772325207]	1ms

[2026-01-07 16시52분05초	1767772325208]	RankController..
[2026-01-07 16시52분05초	1767772325228]	20ms

[2026-01-07 16시52분05초	1767772325230]	WantedController..
[2026-01-07 16시52분05초	1767772325231]	1ms

[2026-01-07 16시52분05초	1767772325232]	TeleportHomeDatabase..
[2026-01-07 16시52분05초	1767772325263]	31ms

[2026-01-07 16시52분05초	1767772325264]	TeleportResetDatabase..
[2026-01-07 16시52분05초	1767772325292]	28ms

[2026-01-07 16시52분05초	1767772325293]	ItemPinewandDatabase..
[2026-01-07 16시52분05초	1767772325294]	1ms

[2026-01-07 16시52분05초	1767772325295]	ItemMaplewandDatabase..
[2026-01-07 16시52분05초	1767772325296]	1ms

[2026-01-07 16시52분05초	1767772325296]	SummonListDatabase..
[2026-01-07 16시52분05초	1767772325298]	2ms

[2026-01-07 16시52분05초	1767772325298]	GmListDatabase..
[2026-01-07 16시52분05초	1767772325299]	1ms

[2026-01-07 16시52분05초	1767772325300]	MagicdollListDatabase..
[2026-01-07 16시52분05초	1767772325301]	1ms

[2026-01-07 16시52분05초	1767772325305]	PcMarketController..
[2026-01-07 16시52분05초	1767772325306]	1ms

[2026-01-07 16시52분05초	1767772325307]	ServerOptionDatabase..
[2026-01-07 16시52분05초	1767772325307]	0ms

[2026-01-07 16시52분05초	1767772325308]	TimeDungeonDatabase..
[2026-01-07 16시52분05초	1767772325308]	0ms

[2026-01-07 16시52분05초	1767772325309]	TeamBattleDatabase..
[2026-01-07 16시52분05초	1767772325311]	1ms

[2026-01-07 16시52분05초	1767772325311]	LifeLostItemDatabase..
[2026-01-07 16시52분05초	1767772325313]	2ms

[2026-01-07 16시52분05초	1767772325313]	GmTeleportDatabase..
[2026-01-07 16시52분05초	1767772325315]	2ms

[2026-01-07 16시52분05초	1767772325317]	무인혈맹컨트롤러..
[2026-01-07 16시52분05초	1767772325318]	1ms

[2026-01-07 16시52분05초	1767772325319]	HackNoCheckDatabase..
[2026-01-07 16시52분05초	1767772325320]	1ms

[2026-01-07 16시52분05초	1767772325321]	EnchantLostItemDatabase..
[2026-01-07 16시52분05초	1767772325334]	13ms

[2026-01-07 16시52분05초	1767772325336]	ItemDropMessageDatabase..
[2026-01-07 16시52분05초	1767772325336]	0ms

[2026-01-07 16시52분05초	1767772325338]	FishingController..
[2026-01-07 16시52분05초	1767772325455]	117ms

[2026-01-07 16시52분05초	1767772325463]	RobotController..
[2026-01-07 16시52분05초	1767772325485]	22ms

[2026-01-07 16시52분05초	1767772325491]	Server..
[2026-01-07 16시52분05초	1767772325567]	75ms

[2026-01-07 16시52분05초	1767772325567]	ServerThread..
[2026-01-07 16시52분05초	1767772325567]	0ms

[2026-01-07 16시52분05초	1767772325568]	ControllerTherad..
[2026-01-07 16시52분05초	1767772325568]	0ms

[2026-01-07 16시52분05초	1767772325569]	CharacterThread..
[2026-01-07 16시52분05초	1767772325569]	0ms

[2026-01-07 16시52분05초	1767772325570]	DatabaseThread..
[2026-01-07 16시52분05초	1767772325570]	1ms

[2026-01-07 16시52분05초	1767772325570]	CharacterControlThread..
[2026-01-07 16시52분05초	1767772325570]	0ms

[2026-01-07 16시52분05초	1767772325574]	FightController..
[2026-01-07 16시52분05초	1767772325633]	59ms

[2026-01-07 16시52분05초	1767772325634]	TimeThread..
[2026-01-07 16시52분05초	1767772325634]	0ms

[2026-01-07 16시52분05초	1767772325635]	AutoHuntThread..
[2026-01-07 16시52분05초	1767772325635]	0ms

[2026-01-07 16시52분05초	1767772325635]	======================================================================
[2026-01-07 16시52분05초	1767772325636]	Server Version  :  Lineage 2.0

[2026-01-07 16시52분05초	1767772325636]	Server Port      :  2000

[2026-01-07 16시52분05초	1767772325636]	계정 자동생성  :  on

[2026-01-07 16시52분05초	1767772325636]	인챈트 : 1.0배  ||  드랍 : 3.0배  ||  경험치 : 30.0배  ||  아데나 : 12.0배  ||  파티 : 1.1배

[2026-01-07 16시52분05초	1767772325636]	======================================================================
[2026-01-07 16시52분05초	1767772325636]	'서버' 가동되었습니다.

[2026-01-07 16시52분41초	1767772361973]	서버가 즉시 종료됩니다...
[2026-01-07 16시52분42초	1767772362974]	Thread close..
[2026-01-07 16시52분43초	1767772363974]	Save Database..
[2026-01-07 16시52분44초	1767772364673]	Socket close..
[2026-01-07 16시52분44초	1767772364673]	LineageServer Close...
[2026-01-07 16시52분44초	1767772364673]	0ms

[2026-01-07 16시52분44초	1767772364673]	ok..
