[2026-01-14 00시31분51초	1768318311166]	Mysql..
[2026-01-14 00시31분51초	1768318311167]	2ms

[2026-01-14 00시31분51초	1768318311185]	lineage.conf file loading...
[2026-01-14 00시31분51초	1768318311217]	32ms

[2026-01-14 00시31분51초	1768318311224]	Lineage_Balance..
[2026-01-14 00시31분51초	1768318311232]	8ms

[2026-01-14 00시31분51초	1768318311233]	npc_promotion..
[2026-01-14 00시31분51초	1768318311234]	1ms

[2026-01-14 00시31분51초	1768318311235]	Socket..
[2026-01-14 00시31분51초	1768318311235]	0ms

[2026-01-14 00시31분51초	1768318311235]	Common..
[2026-01-14 00시31분51초	1768318311235]	0ms

[2026-01-14 00시31분51초	1768318311236]	EventThread..
[2026-01-14 00시31분51초	1768318311236]	0ms

[2026-01-14 00시31분51초	1768318311237]	AiExecuteThread..
[2026-01-14 00시31분51초	1768318311237]	0ms

[2026-01-14 00시31분51초	1768318311238]	AiThread..
[2026-01-14 00시31분51초	1768318311238]	0ms

[2026-01-14 00시31분51초	1768318311247]	World..
[2026-01-14 00시31분51초	1768318311332]	85ms

[2026-01-14 00시31분51초	1768318311333]	BookController..
[2026-01-14 00시31분51초	1768318311334]	1ms

[2026-01-14 00시31분51초	1768318311334]	InventoryController..
[2026-01-14 00시31분51초	1768318311334]	0ms

[2026-01-14 00시31분51초	1768318311335]	BasePacketPooling..
[2026-01-14 00시31분51초	1768318311335]	0ms

[2026-01-14 00시31분51초	1768318311337]	SkillController..
[2026-01-14 00시31분51초	1768318311338]	0ms

[2026-01-14 00시31분51초	1768318311346]	DamageController..
[2026-01-14 00시31분51초	1768318311346]	0ms

[2026-01-14 00시31분51초	1768318311348]	CharacterController..
[2026-01-14 00시31분51초	1768318311348]	0ms

[2026-01-14 00시31분51초	1768318311349]	TradeController..
[2026-01-14 00시31분51초	1768318311349]	0ms

[2026-01-14 00시31분51초	1768318311350]	DungeonController..
[2026-01-14 00시31분51초	1768318311350]	0ms

[2026-01-14 00시31분51초	1768318311350]	ShipController..
[2026-01-14 00시31분51초	1768318311350]	0ms

[2026-01-14 00시31분51초	1768318311351]	BuffController..
[2026-01-14 00시31분51초	1768318311351]	0ms

[2026-01-14 00시31분51초	1768318311355]	SummonController..
[2026-01-14 00시31분51초	1768318311355]	0ms

[2026-01-14 00시31분51초	1768318311356]	PartyController..
[2026-01-14 00시31분51초	1768318311356]	0ms

[2026-01-14 00시31분51초	1768318311357]	InnController..
[2026-01-14 00시31분51초	1768318311357]	0ms

[2026-01-14 00시31분51초	1768318311358]	BoardController..
[2026-01-14 00시31분51초	1768318311358]	0ms

[2026-01-14 00시31분51초	1768318311360]	LetterController..
[2026-01-14 00시31분51초	1768318311360]	0ms

[2026-01-14 00시31분51초	1768318311361]	UserShopController..
[2026-01-14 00시31분51초	1768318311361]	0ms

[2026-01-14 00시31분51초	1768318311362]	ChattingController..
[2026-01-14 00시31분51초	1768318311363]	1ms

[2026-01-14 00시31분51초	1768318311365]	ColosseumController..
[2026-01-14 00시31분51초	1768318311365]	0ms

[2026-01-14 00시31분51초	1768318311366]	CraftController..
[2026-01-14 00시31분51초	1768318311366]	0ms

[2026-01-14 00시31분51초	1768318311367]	BossController..
[2026-01-14 00시31분51초	1768318311367]	0ms

[2026-01-14 00시31분51초	1768318311367]	NoticeController..
[2026-01-14 00시31분51초	1768318311368]	1ms

[2026-01-14 00시31분51초	1768318311369]	FriendController..
[2026-01-14 00시31분51초	1768318311369]	0ms

[2026-01-14 00시31분51초	1768318311378]	BugScanningController..
[2026-01-14 00시31분51초	1768318311378]	1ms

[2026-01-14 00시31분51초	1768318311379]	MagicDollController..
[2026-01-14 00시31분51초	1768318311379]	0ms

[2026-01-14 00시31분51초	1768318311380]	ShopController..
[2026-01-14 00시31분51초	1768318311380]	0ms

[2026-01-14 00시31분51초	1768318311383]	WarehouseDatabase..
[2026-01-14 00시31분51초	1768318311383]	0ms

[2026-01-14 00시31분51초	1768318311384]	PakTools..
[2026-01-14 00시31분51초	1768318311385]	1ms

[2026-01-14 00시31분51초	1768318311386]	ScriptController...
[2026-01-14 00시31분51초	1768318311389]	3ms

[2026-01-14 00시31분51초	1768318311389]	GiranClanLordController..
[2026-01-14 00시31분51초	1768318311389]	0ms

[2026-01-14 00시31분51초	1768318311391]	TeamBattleController..
[2026-01-14 00시31분51초	1768318311391]	0ms

[2026-01-14 00시31분51초	1768318311392]	WorldClearController..
[2026-01-14 00시31분51초	1768318311392]	0ms

[2026-01-14 00시31분51초	1768318311393]	SpotController..
[2026-01-14 00시31분51초	1768318311395]	0ms

[2026-01-14 00시31분51초	1768318311396]	테베라스 컨트롤러..
[2026-01-14 00시31분51초	1768318311396]	0ms

[2026-01-14 00시31분51초	1768318311397]	지옥 컨트롤러..
[2026-01-14 00시31분51초	1768318311397]	0ms

[2026-01-14 00시31분51초	1768318311398]	지하수로 컨트롤러..
[2026-01-14 00시31분51초	1768318311398]	0ms

[2026-01-14 00시31분51초	1768318311399]	보물찾기컨트롤러..
[2026-01-14 00시31분51초	1768318311399]	0ms

[2026-01-14 00시31분51초	1768318311399]	마족신전 컨트롤러..
[2026-01-14 00시31분51초	1768318311400]	1ms

[2026-01-14 00시31분51초	1768318311400]	고무 컨트롤러..
[2026-01-14 00시31분51초	1768318311401]	정무던전 컨트롤러..
[2026-01-14 00시31분51초	1768318311405]	4ms

[2026-01-14 00시31분51초	1768318311406]	그신 컨트롤러..
[2026-01-14 00시31분51초	1768318311406]	0ms

[2026-01-14 00시31분51초	1768318311407]	라바던전 컨트롤러..
[2026-01-14 00시31분51초	1768318311407]	0ms

[2026-01-14 00시31분51초	1768318311408]	월드보스컨트롤러..
[2026-01-14 00시31분51초	1768318311408]	0ms

[2026-01-14 00시31분51초	1768318311409]	펭귄 사냥터 컨트롤러..
[2026-01-14 00시31분51초	1768318311409]	0ms

[2026-01-14 00시31분51초	1768318311410]	칠흑던전 컨트롤러..
[2026-01-14 00시31분51초	1768318311411]	악마왕의영토컨트롤러..
[2026-01-14 00시31분51초	1768318311411]	0ms

[2026-01-14 00시31분51초	1768318311412]	얼던컨트롤러..
[2026-01-14 00시31분51초	1768318311412]	0ms

[2026-01-14 00시31분51초	1768318311413]	기감 컨트롤러..
[2026-01-14 00시31분51초	1768318311413]	0ms

[2026-01-14 00시31분51초	1768318311413]	고라스컨트롤러..
[2026-01-14 00시31분51초	1768318311414]	1ms

[2026-01-14 00시31분51초	1768318311414]	드워프컨트롤러..
[2026-01-14 00시31분51초	1768318311414]	0ms

[2026-01-14 00시31분51초	1768318311415]	타임이벤트컨트롤러..
[2026-01-14 00시31분51초	1768318311415]	0ms

[2026-01-14 00시31분51초	1768318311416]	AutoHuntController..
[2026-01-14 00시31분51초	1768318311416]	0ms

[2026-01-14 00시31분51초	1768318311430]	DatabaseConnection..
[2026-01-14 00시31분51초	1768318311755]	325ms

[2026-01-14 00시31분51초	1768318311770]	ServerDatabase..
[2026-01-14 00시31분51초	1768318311813]	43ms

[2026-01-14 00시31분51초	1768318311816]	SlimeRaceController..
[2026-01-14 00시31분51초	1768318311819]	2ms

[2026-01-14 00시31분51초	1768318311820]	DogRaceController..
[2026-01-14 00시31분51초	1768318311822]	2ms

[2026-01-14 00시31분51초	1768318311825]	ClanController..
[2026-01-14 00시31분51초	1768318311832]	7ms

[2026-01-14 00시31분51초	1768318311835]	KingdomController..
[2026-01-14 00시31분51초	1768318311845]	10ms

[2026-01-14 00시31분51초	1768318311846]	AgitController..
[2026-01-14 00시31분51초	1768318311852]	6ms

[2026-01-14 00시31분51초	1768318311854]	AuctionController..
[2026-01-14 00시31분51초	1768318311861]	7ms

[2026-01-14 00시31분51초	1768318311866]	ItemDatabase..
[2026-01-14 00시31분52초	1768318312034]	168ms

[2026-01-14 00시31분52초	1768318312036]	ItemSetopionDatabase..
[2026-01-14 00시31분52초	1768318312039]	3ms

[2026-01-14 00시31분52초	1768318312040]	AutosellDatabase..
[2026-01-14 00시31분52초	1768318312069]	29ms

[2026-01-14 00시31분52초	1768318312070]	ItemSkillDatabase..
[2026-01-14 00시31분52초	1768318312073]	3ms

[2026-01-14 00시31분52초	1768318312074]	ItemBundleDatabase..
[2026-01-14 00시31분52초	1768318312078]	4ms

[2026-01-14 00시31분52초	1768318312079]	ItemChanceBundleDatabase..
[2026-01-14 00시31분52초	1768318312083]	3ms

[2026-01-14 00시31분52초	1768318312083]	FishItemListDatabase..
[2026-01-14 00시31분52초	1768318312085]	2ms

[2026-01-14 00시31분52초	1768318312087]	ItemTeleport..
[2026-01-14 00시31분52초	1768318312089]	2ms

[2026-01-14 00시31분52초	1768318312091]	PolyDatabase..
[2026-01-14 00시31분52초	1768318312094]	3ms

[2026-01-14 00시31분52초	1768318312095]	DungeonDatabase..
[2026-01-14 00시31분52초	1768318312100]	5ms

[2026-01-14 00시31분52초	1768318312101]	DefiniteDatabase..
[2026-01-14 00시31분52초	1768318312104]	3ms

[2026-01-14 00시31분52초	1768318312104]	ExpDatabase..
[2026-01-14 00시31분52초	1768318312107]	3ms

[2026-01-14 00시31분52초	1768318312107]	BackgroundDatabase..
[2026-01-14 00시31분52초	1768318312230]	123ms

[2026-01-14 00시31분52초	1768318312230]	SpriteFrameDatabase..
[2026-01-14 00시31분52초	1768318312283]	53ms

[2026-01-14 00시31분52초	1768318312284]	SkillDatabase..
[2026-01-14 00시31분52초	1768318312287]	3ms

[2026-01-14 00시31분52초	1768318312288]	NpcDatabase..
[2026-01-14 00시31분52초	1768318312295]	6ms

[2026-01-14 00시31분52초	1768318312295]	NpcShopDatabase..
[2026-01-14 00시31분52초	1768318312359]	64ms

[2026-01-14 00시31분52초	1768318312359]	NpcTeleportDatabase..
[2026-01-14 00시31분52초	1768318312362]	3ms

[2026-01-14 00시31분52초	1768318312497]	NpcSpawnlistDatabase..
[2026-01-14 00시31분52초	1768318312552]	55ms

[2026-01-14 00시31분52초	1768318312553]	EventController..
[2026-01-14 00시31분52초	1768318312554]	1ms

[2026-01-14 00시31분52초	1768318312555]	MonsterDatabase..
[2026-01-14 00시31분52초	1768318312569]	14ms

[2026-01-14 00시31분52초	1768318312570]	MonsterDropDatabase..
[2026-01-14 00시31분52초	1768318312596]	26ms

[2026-01-14 00시31분52초	1768318312597]	MonsterSkillDatabase..
[2026-01-14 00시31분52초	1768318312611]	14ms

[2026-01-14 00시31분52초	1768318312612]	MonsterSpawnlistDatabase..
[2026-01-14 00시31분53초	1768318313906]	1294ms

[2026-01-14 00시31분53초	1768318313907]	MonsterBossSpawnlistDatabase..
[2026-01-14 00시31분53초	1768318313911]	4ms

[2026-01-14 00시31분53초	1768318313912]	ServerDownBossListDatabase..
[2026-01-14 00시31분53초	1768318313913]	1ms

[2026-01-14 00시31분53초	1768318313914]	BadIpDatabase..
[2026-01-14 00시31분53초	1768318313916]	2ms

[2026-01-14 00시31분53초	1768318313916]	QuestController..
[2026-01-14 00시31분53초	1768318313918]	2ms

[2026-01-14 00시31분53초	1768318313919]	ServerOpcodesDatabase..
[2026-01-14 00시31분53초	1768318313923]	4ms

[2026-01-14 00시31분53초	1768318313924]	ServerNoticeDatabase..
[2026-01-14 00시31분53초	1768318313926]	2ms

[2026-01-14 00시31분53초	1768318313927]	RankController..
[2026-01-14 00시31분53초	1768318313953]	26ms

[2026-01-14 00시31분53초	1768318313954]	WantedController..
[2026-01-14 00시31분53초	1768318313959]	5ms

[2026-01-14 00시31분53초	1768318313960]	TeleportHomeDatabase..
[2026-01-14 00시31분53초	1768318313992]	32ms

[2026-01-14 00시31분53초	1768318313993]	TeleportResetDatabase..
[2026-01-14 00시31분54초	1768318314025]	32ms

[2026-01-14 00시31분54초	1768318314025]	ItemPinewandDatabase..
[2026-01-14 00시31분54초	1768318314027]	2ms

[2026-01-14 00시31분54초	1768318314028]	ItemMaplewandDatabase..
[2026-01-14 00시31분54초	1768318314030]	2ms

[2026-01-14 00시31분54초	1768318314030]	SummonListDatabase..
[2026-01-14 00시31분54초	1768318314032]	2ms

[2026-01-14 00시31분54초	1768318314032]	GmListDatabase..
[2026-01-14 00시31분54초	1768318314033]	1ms

[2026-01-14 00시31분54초	1768318314035]	MagicdollListDatabase..
[2026-01-14 00시31분54초	1768318314037]	2ms

[2026-01-14 00시31분54초	1768318314040]	PcMarketController..
[2026-01-14 00시31분54초	1768318314041]	1ms

[2026-01-14 00시31분54초	1768318314042]	ServerOptionDatabase..
[2026-01-14 00시31분54초	1768318314043]	1ms

[2026-01-14 00시31분54초	1768318314043]	TimeDungeonDatabase..
[2026-01-14 00시31분54초	1768318314043]	0ms

[2026-01-14 00시31분54초	1768318314044]	TeamBattleDatabase..
[2026-01-14 00시31분54초	1768318314045]	1ms

[2026-01-14 00시31분54초	1768318314045]	LifeLostItemDatabase..
[2026-01-14 00시31분54초	1768318314047]	1ms

[2026-01-14 00시31분54초	1768318314047]	GmTeleportDatabase..
[2026-01-14 00시31분54초	1768318314048]	1ms

[2026-01-14 00시31분54초	1768318314050]	무인혈맹컨트롤러..
[2026-01-14 00시31분54초	1768318314052]	2ms

[2026-01-14 00시31분54초	1768318314052]	HackNoCheckDatabase..
[2026-01-14 00시31분54초	1768318314053]	1ms

[2026-01-14 00시31분54초	1768318314054]	EnchantLostItemDatabase..
[2026-01-14 00시31분54초	1768318314075]	21ms

[2026-01-14 00시31분54초	1768318314076]	ItemDropMessageDatabase..
[2026-01-14 00시31분54초	1768318314077]	1ms

[2026-01-14 00시31분54초	1768318314078]	FishingController..
[2026-01-14 00시31분54초	1768318314343]	265ms

[2026-01-14 00시31분54초	1768318314356]	RobotController..
[2026-01-14 00시31분54초	1768318314378]	22ms

[2026-01-14 00시31분54초	1768318314380]	Server..
[2026-01-14 00시31분54초	1768318314451]	71ms

[2026-01-14 00시31분54초	1768318314452]	ServerThread..
[2026-01-14 00시31분54초	1768318314452]	0ms

[2026-01-14 00시31분54초	1768318314453]	ControllerTherad..
[2026-01-14 00시31분54초	1768318314453]	0ms

[2026-01-14 00시31분54초	1768318314454]	CharacterThread..
[2026-01-14 00시31분54초	1768318314454]	0ms

[2026-01-14 00시31분54초	1768318314455]	DatabaseThread..
[2026-01-14 00시31분54초	1768318314455]	0ms

[2026-01-14 00시31분54초	1768318314456]	CharacterControlThread..
[2026-01-14 00시31분54초	1768318314456]	0ms

[2026-01-14 00시31분54초	1768318314499]	FightController..
[2026-01-14 00시31분54초	1768318314514]	15ms

[2026-01-14 00시31분54초	1768318314515]	TimeThread..
[2026-01-14 00시31분54초	1768318314515]	0ms

[2026-01-14 00시31분54초	1768318314516]	AutoHuntThread..
[2026-01-14 00시31분54초	1768318314516]	0ms

[2026-01-14 00시31분54초	1768318314516]	======================================================================
[2026-01-14 00시31분54초	1768318314517]	Server Version  :  Lineage 2.0

[2026-01-14 00시31분54초	1768318314517]	Server Port      :  2000

[2026-01-14 00시31분54초	1768318314517]	계정 자동생성  :  on

[2026-01-14 00시31분54초	1768318314517]	인챈트 : 1.0배  ||  드랍 : 3.0배  ||  경험치 : 30.0배  ||  아데나 : 12.0배  ||  파티 : 1.1배

[2026-01-14 00시31분54초	1768318314517]	======================================================================
[2026-01-14 00시31분54초	1768318314517]	'서버' 가동되었습니다.

[2026-01-14 00시34분55초	1768318495157]	자동 저장완료 2026-01-14 00시34분55초
[2026-01-14 00시37분55초	1768318675803]	자동 저장완료 2026-01-14 00시37분55초
[2026-01-14 00시40분56초	1768318856585]	자동 저장완료 2026-01-14 00시40분56초
[2026-01-14 00시43분28초	1768319008661]	서버가 즉시 종료됩니다...
[2026-01-14 00시43분29초	1768319009663]	Thread close..
[2026-01-14 00시43분30초	1768319010663]	Save Database..
[2026-01-14 00시43분31초	1768319011625]	Socket close..
[2026-01-14 00시43분31초	1768319011625]	LineageServer Close...
[2026-01-14 00시43분31초	1768319011625]	0ms

[2026-01-14 00시43분31초	1768319011625]	ok..
