[2026-01-09 22시32분28초	1767965548522]	Mysql..
[2026-01-09 22시32분28초	1767965548522]	1ms

[2026-01-09 22시32분28초	1767965548541]	lineage.conf file loading...
[2026-01-09 22시32분28초	1767965548574]	33ms

[2026-01-09 22시32분28초	1767965548587]	Lineage_Balance..
[2026-01-09 22시32분28초	1767965548596]	9ms

[2026-01-09 22시32분28초	1767965548597]	npc_promotion..
[2026-01-09 22시32분28초	1767965548597]	0ms

[2026-01-09 22시32분28초	1767965548598]	Socket..
[2026-01-09 22시32분28초	1767965548598]	0ms

[2026-01-09 22시32분28초	1767965548598]	Common..
[2026-01-09 22시32분28초	1767965548598]	0ms

[2026-01-09 22시32분28초	1767965548599]	EventThread..
[2026-01-09 22시32분28초	1767965548599]	0ms

[2026-01-09 22시32분28초	1767965548600]	AiExecuteThread..
[2026-01-09 22시32분28초	1767965548601]	1ms

[2026-01-09 22시32분28초	1767965548601]	AiThread..
[2026-01-09 22시32분28초	1767965548602]	0ms

[2026-01-09 22시32분28초	1767965548606]	World..
[2026-01-09 22시32분28초	1767965548697]	88ms

[2026-01-09 22시32분28초	1767965548699]	BookController..
[2026-01-09 22시32분28초	1767965548699]	0ms

[2026-01-09 22시32분28초	1767965548700]	InventoryController..
[2026-01-09 22시32분28초	1767965548700]	0ms

[2026-01-09 22시32분28초	1767965548700]	BasePacketPooling..
[2026-01-09 22시32분28초	1767965548701]	1ms

[2026-01-09 22시32분28초	1767965548703]	SkillController..
[2026-01-09 22시32분28초	1767965548703]	0ms

[2026-01-09 22시32분28초	1767965548712]	DamageController..
[2026-01-09 22시32분28초	1767965548712]	0ms

[2026-01-09 22시32분28초	1767965548714]	CharacterController..
[2026-01-09 22시32분28초	1767965548714]	0ms

[2026-01-09 22시32분28초	1767965548715]	TradeController..
[2026-01-09 22시32분28초	1767965548715]	0ms

[2026-01-09 22시32분28초	1767965548716]	DungeonController..
[2026-01-09 22시32분28초	1767965548716]	0ms

[2026-01-09 22시32분28초	1767965548725]	ShipController..
[2026-01-09 22시32분28초	1767965548725]	0ms

[2026-01-09 22시32분28초	1767965548726]	BuffController..
[2026-01-09 22시32분28초	1767965548726]	0ms

[2026-01-09 22시32분28초	1767965548731]	SummonController..
[2026-01-09 22시32분28초	1767965548731]	0ms

[2026-01-09 22시32분28초	1767965548740]	PartyController..
[2026-01-09 22시32분28초	1767965548740]	0ms

[2026-01-09 22시32분28초	1767965548741]	InnController..
[2026-01-09 22시32분28초	1767965548741]	0ms

[2026-01-09 22시32분28초	1767965548742]	BoardController..
[2026-01-09 22시32분28초	1767965548742]	0ms

[2026-01-09 22시32분28초	1767965548751]	LetterController..
[2026-01-09 22시32분28초	1767965548751]	0ms

[2026-01-09 22시32분28초	1767965548752]	UserShopController..
[2026-01-09 22시32분28초	1767965548752]	0ms

[2026-01-09 22시32분28초	1767965548755]	ChattingController..
[2026-01-09 22시32분28초	1767965548756]	1ms

[2026-01-09 22시32분28초	1767965548757]	ColosseumController..
[2026-01-09 22시32분28초	1767965548758]	0ms

[2026-01-09 22시32분28초	1767965548758]	CraftController..
[2026-01-09 22시32분28초	1767965548758]	0ms

[2026-01-09 22시32분28초	1767965548760]	BossController..
[2026-01-09 22시32분28초	1767965548760]	0ms

[2026-01-09 22시32분28초	1767965548761]	NoticeController..
[2026-01-09 22시32분28초	1767965548761]	0ms

[2026-01-09 22시32분28초	1767965548762]	FriendController..
[2026-01-09 22시32분28초	1767965548762]	0ms

[2026-01-09 22시32분28초	1767965548763]	BugScanningController..
[2026-01-09 22시32분28초	1767965548763]	1ms

[2026-01-09 22시32분28초	1767965548764]	MagicDollController..
[2026-01-09 22시32분28초	1767965548764]	0ms

[2026-01-09 22시32분28초	1767965548765]	ShopController..
[2026-01-09 22시32분28초	1767965548765]	0ms

[2026-01-09 22시32분28초	1767965548766]	WarehouseDatabase..
[2026-01-09 22시32분28초	1767965548766]	0ms

[2026-01-09 22시32분28초	1767965548767]	PakTools..
[2026-01-09 22시32분28초	1767965548768]	1ms

[2026-01-09 22시32분28초	1767965548769]	ScriptController...
[2026-01-09 22시32분28초	1767965548775]	6ms

[2026-01-09 22시32분28초	1767965548776]	GiranClanLordController..
[2026-01-09 22시32분28초	1767965548776]	0ms

[2026-01-09 22시32분28초	1767965548778]	TeamBattleController..
[2026-01-09 22시32분28초	1767965548778]	0ms

[2026-01-09 22시32분28초	1767965548779]	WorldClearController..
[2026-01-09 22시32분28초	1767965548779]	0ms

[2026-01-09 22시32분28초	1767965548780]	SpotController..
[2026-01-09 22시32분28초	1767965548780]	0ms

[2026-01-09 22시32분28초	1767965548781]	테베라스 컨트롤러..
[2026-01-09 22시32분28초	1767965548781]	0ms

[2026-01-09 22시32분28초	1767965548782]	지옥 컨트롤러..
[2026-01-09 22시32분28초	1767965548782]	0ms

[2026-01-09 22시32분28초	1767965548783]	지하수로 컨트롤러..
[2026-01-09 22시32분28초	1767965548783]	0ms

[2026-01-09 22시32분28초	1767965548784]	보물찾기컨트롤러..
[2026-01-09 22시32분28초	1767965548784]	0ms

[2026-01-09 22시32분28초	1767965548785]	마족신전 컨트롤러..
[2026-01-09 22시32분28초	1767965548785]	0ms

[2026-01-09 22시32분28초	1767965548787]	고무 컨트롤러..
[2026-01-09 22시32분28초	1767965548789]	정무던전 컨트롤러..
[2026-01-09 22시32분28초	1767965548794]	5ms

[2026-01-09 22시32분28초	1767965548796]	그신 컨트롤러..
[2026-01-09 22시32분28초	1767965548796]	0ms

[2026-01-09 22시32분28초	1767965548797]	라바던전 컨트롤러..
[2026-01-09 22시32분28초	1767965548798]	1ms

[2026-01-09 22시32분28초	1767965548798]	월드보스컨트롤러..
[2026-01-09 22시32분28초	1767965548798]	0ms

[2026-01-09 22시32분28초	1767965548799]	펭귄 사냥터 컨트롤러..
[2026-01-09 22시32분28초	1767965548799]	0ms

[2026-01-09 22시32분28초	1767965548801]	칠흑던전 컨트롤러..
[2026-01-09 22시32분28초	1767965548802]	악마왕의영토컨트롤러..
[2026-01-09 22시32분28초	1767965548802]	0ms

[2026-01-09 22시32분28초	1767965548802]	얼던컨트롤러..
[2026-01-09 22시32분28초	1767965548803]	1ms

[2026-01-09 22시32분28초	1767965548805]	기감 컨트롤러..
[2026-01-09 22시32분28초	1767965548805]	0ms

[2026-01-09 22시32분28초	1767965548807]	고라스컨트롤러..
[2026-01-09 22시32분28초	1767965548807]	0ms

[2026-01-09 22시32분28초	1767965548810]	드워프컨트롤러..
[2026-01-09 22시32분28초	1767965548810]	0ms

[2026-01-09 22시32분28초	1767965548811]	타임이벤트컨트롤러..
[2026-01-09 22시32분28초	1767965548811]	0ms

[2026-01-09 22시32분28초	1767965548811]	AutoHuntController..
[2026-01-09 22시32분28초	1767965548811]	0ms

[2026-01-09 22시32분28초	1767965548812]	DatabaseConnection..
[2026-01-09 22시32분29초	1767965549140]	328ms

[2026-01-09 22시32분29초	1767965549155]	ServerDatabase..
[2026-01-09 22시32분29초	1767965549189]	33ms

[2026-01-09 22시32분29초	1767965549192]	SlimeRaceController..
[2026-01-09 22시32분29초	1767965549195]	3ms

[2026-01-09 22시32분29초	1767965549197]	DogRaceController..
[2026-01-09 22시32분29초	1767965549198]	1ms

[2026-01-09 22시32분29초	1767965549201]	ClanController..
[2026-01-09 22시32분29초	1767965549211]	10ms

[2026-01-09 22시32분29초	1767965549213]	KingdomController..
[2026-01-09 22시32분29초	1767965549223]	10ms

[2026-01-09 22시32분29초	1767965549224]	AgitController..
[2026-01-09 22시32분29초	1767965549238]	14ms

[2026-01-09 22시32분29초	1767965549239]	AuctionController..
[2026-01-09 22시32분29초	1767965549246]	7ms

[2026-01-09 22시32분29초	1767965549252]	ItemDatabase..
[2026-01-09 22시32분29초	1767965549367]	115ms

[2026-01-09 22시32분29초	1767965549368]	ItemSetopionDatabase..
[2026-01-09 22시32분29초	1767965549374]	6ms

[2026-01-09 22시32분29초	1767965549375]	AutosellDatabase..
[2026-01-09 22시32분29초	1767965549397]	22ms

[2026-01-09 22시32분29초	1767965549398]	ItemSkillDatabase..
[2026-01-09 22시32분29초	1767965549403]	5ms

[2026-01-09 22시32분29초	1767965549404]	ItemBundleDatabase..
[2026-01-09 22시32분29초	1767965549411]	7ms

[2026-01-09 22시32분29초	1767965549412]	ItemChanceBundleDatabase..
[2026-01-09 22시32분29초	1767965549417]	5ms

[2026-01-09 22시32분29초	1767965549418]	FishItemListDatabase..
[2026-01-09 22시32분29초	1767965549420]	2ms

[2026-01-09 22시32분29초	1767965549421]	ItemTeleport..
[2026-01-09 22시32분29초	1767965549427]	6ms

[2026-01-09 22시32분29초	1767965549429]	PolyDatabase..
[2026-01-09 22시32분29초	1767965549434]	5ms

[2026-01-09 22시32분29초	1767965549435]	DungeonDatabase..
[2026-01-09 22시32분29초	1767965549451]	16ms

[2026-01-09 22시32분29초	1767965549458]	DefiniteDatabase..
[2026-01-09 22시32분29초	1767965549463]	4ms

[2026-01-09 22시32분29초	1767965549463]	ExpDatabase..
[2026-01-09 22시32분29초	1767965549466]	3ms

[2026-01-09 22시32분29초	1767965549467]	BackgroundDatabase..
[2026-01-09 22시32분29초	1767965549600]	133ms

[2026-01-09 22시32분29초	1767965549600]	SpriteFrameDatabase..
[2026-01-09 22시32분29초	1767965549665]	65ms

[2026-01-09 22시32분29초	1767965549666]	SkillDatabase..
[2026-01-09 22시32분29초	1767965549670]	4ms

[2026-01-09 22시32분29초	1767965549671]	NpcDatabase..
[2026-01-09 22시32분29초	1767965549680]	9ms

[2026-01-09 22시32분29초	1767965549684]	NpcShopDatabase..
[2026-01-09 22시32분29초	1767965549749]	65ms

[2026-01-09 22시32분29초	1767965549750]	NpcTeleportDatabase..
[2026-01-09 22시32분29초	1767965549753]	3ms

[2026-01-09 22시32분29초	1767965549896]	NpcSpawnlistDatabase..
[2026-01-09 22시32분29초	1767965549950]	54ms

[2026-01-09 22시32분29초	1767965549951]	EventController..
[2026-01-09 22시32분29초	1767965549952]	1ms

[2026-01-09 22시32분29초	1767965549953]	MonsterDatabase..
[2026-01-09 22시32분29초	1767965549969]	16ms

[2026-01-09 22시32분29초	1767965549970]	MonsterDropDatabase..
[2026-01-09 22시32분29초	1767965549997]	27ms

[2026-01-09 22시32분29초	1767965549998]	MonsterSkillDatabase..
[2026-01-09 22시32분30초	1767965550011]	13ms

[2026-01-09 22시32분30초	1767965550013]	MonsterSpawnlistDatabase..
[2026-01-09 22시32분30초	1767965550877]	864ms

[2026-01-09 22시32분30초	1767965550878]	MonsterBossSpawnlistDatabase..
[2026-01-09 22시32분30초	1767965550882]	4ms

[2026-01-09 22시32분30초	1767965550882]	ServerDownBossListDatabase..
[2026-01-09 22시32분30초	1767965550883]	1ms

[2026-01-09 22시32분30초	1767965550884]	BadIpDatabase..
[2026-01-09 22시32분30초	1767965550887]	3ms

[2026-01-09 22시32분30초	1767965550887]	QuestController..
[2026-01-09 22시32분30초	1767965550890]	3ms

[2026-01-09 22시32분30초	1767965550891]	ServerOpcodesDatabase..
[2026-01-09 22시32분30초	1767965550895]	4ms

[2026-01-09 22시32분30초	1767965550896]	ServerNoticeDatabase..
[2026-01-09 22시32분30초	1767965550898]	2ms

[2026-01-09 22시32분30초	1767965550899]	RankController..
[2026-01-09 22시32분30초	1767965550923]	24ms

[2026-01-09 22시32분30초	1767965550932]	WantedController..
[2026-01-09 22시32분30초	1767965550938]	5ms

[2026-01-09 22시32분30초	1767965550938]	TeleportHomeDatabase..
[2026-01-09 22시32분30초	1767965550971]	33ms

[2026-01-09 22시32분30초	1767965550971]	TeleportResetDatabase..
[2026-01-09 22시32분31초	1767965551002]	31ms

[2026-01-09 22시32분31초	1767965551003]	ItemPinewandDatabase..
[2026-01-09 22시32분31초	1767965551005]	2ms

[2026-01-09 22시32분31초	1767965551006]	ItemMaplewandDatabase..
[2026-01-09 22시32분31초	1767965551009]	3ms

[2026-01-09 22시32분31초	1767965551010]	SummonListDatabase..
[2026-01-09 22시32분31초	1767965551013]	3ms

[2026-01-09 22시32분31초	1767965551013]	GmListDatabase..
[2026-01-09 22시32분31초	1767965551015]	2ms

[2026-01-09 22시32분31초	1767965551016]	MagicdollListDatabase..
[2026-01-09 22시32분31초	1767965551019]	3ms

[2026-01-09 22시32분31초	1767965551022]	PcMarketController..
[2026-01-09 22시32분31초	1767965551023]	1ms

[2026-01-09 22시32분31초	1767965551023]	ServerOptionDatabase..
[2026-01-09 22시32분31초	1767965551024]	1ms

[2026-01-09 22시32분31초	1767965551025]	TimeDungeonDatabase..
[2026-01-09 22시32분31초	1767965551025]	0ms

[2026-01-09 22시32분31초	1767965551026]	TeamBattleDatabase..
[2026-01-09 22시32분31초	1767965551027]	1ms

[2026-01-09 22시32분31초	1767965551027]	LifeLostItemDatabase..
[2026-01-09 22시32분31초	1767965551029]	2ms

[2026-01-09 22시32분31초	1767965551029]	GmTeleportDatabase..
[2026-01-09 22시32분31초	1767965551031]	2ms

[2026-01-09 22시32분31초	1767965551033]	무인혈맹컨트롤러..
[2026-01-09 22시32분31초	1767965551035]	2ms

[2026-01-09 22시32분31초	1767965551035]	HackNoCheckDatabase..
[2026-01-09 22시32분31초	1767965551036]	1ms

[2026-01-09 22시32분31초	1767965551037]	EnchantLostItemDatabase..
[2026-01-09 22시32분31초	1767965551049]	12ms

[2026-01-09 22시32분31초	1767965551050]	ItemDropMessageDatabase..
[2026-01-09 22시32분31초	1767965551051]	1ms

[2026-01-09 22시32분31초	1767965551054]	FishingController..
[2026-01-09 22시32분31초	1767965551174]	120ms

[2026-01-09 22시32분31초	1767965551182]	RobotController..
[2026-01-09 22시32분31초	1767965551206]	24ms

[2026-01-09 22시32분31초	1767965551208]	Server..
[2026-01-09 22시32분31초	1767965551281]	73ms

[2026-01-09 22시32분31초	1767965551282]	ServerThread..
[2026-01-09 22시32분31초	1767965551282]	0ms

[2026-01-09 22시32분31초	1767965551283]	ControllerTherad..
[2026-01-09 22시32분31초	1767965551283]	0ms

[2026-01-09 22시32분31초	1767965551284]	CharacterThread..
[2026-01-09 22시32분31초	1767965551284]	0ms

[2026-01-09 22시32분31초	1767965551285]	DatabaseThread..
[2026-01-09 22시32분31초	1767965551285]	0ms

[2026-01-09 22시32분31초	1767965551286]	CharacterControlThread..
[2026-01-09 22시32분31초	1767965551286]	0ms

[2026-01-09 22시32분31초	1767965551328]	FightController..
[2026-01-09 22시32분31초	1767965551343]	15ms

[2026-01-09 22시32분31초	1767965551344]	TimeThread..
[2026-01-09 22시32분31초	1767965551344]	0ms

[2026-01-09 22시32분31초	1767965551344]	AutoHuntThread..
[2026-01-09 22시32분31초	1767965551345]	1ms

[2026-01-09 22시32분31초	1767965551345]	======================================================================
[2026-01-09 22시32분31초	1767965551347]	Server Version  :  Lineage 2.0

[2026-01-09 22시32분31초	1767965551347]	Server Port      :  2000

[2026-01-09 22시32분31초	1767965551347]	계정 자동생성  :  on

[2026-01-09 22시32분31초	1767965551347]	인챈트 : 1.0배  ||  드랍 : 3.0배  ||  경험치 : 30.0배  ||  아데나 : 12.0배  ||  파티 : 1.1배

[2026-01-09 22시32분31초	1767965551347]	======================================================================
[2026-01-09 22시32분31초	1767965551347]	'서버' 가동되었습니다.

[2026-01-09 22시35분31초	1767965731933]	자동 저장완료 2026-01-09 22시35분31초
[2026-01-09 22시37분23초	1767965843991]	서버가 즉시 종료됩니다...
[2026-01-09 22시37분24초	1767965844991]	Thread close..
[2026-01-09 22시37분25초	1767965845991]	Save Database..
[2026-01-09 22시37분26초	1767965846679]	Socket close..
[2026-01-09 22시37분26초	1767965846679]	LineageServer Close...
[2026-01-09 22시37분26초	1767965846679]	0ms

[2026-01-09 22시37분26초	1767965846679]	ok..
