[2026-03-16 16시29분29초	1773646169277]	Mysql..
[2026-03-16 16시29분29초	1773646169278]	3ms

[2026-03-16 16시29분29초	1773646169302]	lineage.conf file loading...
[2026-03-16 16시29분29초	1773646169352]	50ms

[2026-03-16 16시29분29초	1773646169360]	Lineage_Balance..
[2026-03-16 16시29분29초	1773646169370]	10ms

[2026-03-16 16시29분29초	1773646169371]	npc_promotion..
[2026-03-16 16시29분29초	1773646169372]	1ms

[2026-03-16 16시29분29초	1773646169374]	Socket..
[2026-03-16 16시29분29초	1773646169374]	0ms

[2026-03-16 16시29분29초	1773646169374]	Common..
[2026-03-16 16시29분29초	1773646169374]	0ms

[2026-03-16 16시29분29초	1773646169375]	EventThread..
[2026-03-16 16시29분29초	1773646169376]	1ms

[2026-03-16 16시29분29초	1773646169377]	AiExecuteThread..
[2026-03-16 16시29분29초	1773646169378]	1ms

[2026-03-16 16시29분29초	1773646169379]	AiThread..
[2026-03-16 16시29분29초	1773646169379]	0ms

[2026-03-16 16시29분29초	1773646169392]	World..
[2026-03-16 16시29분29초	1773646169650]	258ms

[2026-03-16 16시29분29초	1773646169660]	BookController..
[2026-03-16 16시29분29초	1773646169661]	1ms

[2026-03-16 16시29분29초	1773646169662]	InventoryController..
[2026-03-16 16시29분29초	1773646169662]	0ms

[2026-03-16 16시29분29초	1773646169663]	BasePacketPooling..
[2026-03-16 16시29분29초	1773646169663]	0ms

[2026-03-16 16시29분29초	1773646169666]	SkillController..
[2026-03-16 16시29분29초	1773646169666]	0ms

[2026-03-16 16시29분29초	1773646169675]	DamageController..
[2026-03-16 16시29분29초	1773646169675]	0ms

[2026-03-16 16시29분29초	1773646169678]	CharacterController..
[2026-03-16 16시29분29초	1773646169678]	0ms

[2026-03-16 16시29분29초	1773646169679]	TradeController..
[2026-03-16 16시29분29초	1773646169680]	1ms

[2026-03-16 16시29분29초	1773646169680]	DungeonController..
[2026-03-16 16시29분29초	1773646169680]	0ms

[2026-03-16 16시29분29초	1773646169682]	ShipController..
[2026-03-16 16시29분29초	1773646169682]	0ms

[2026-03-16 16시29분29초	1773646169683]	BuffController..
[2026-03-16 16시29분29초	1773646169683]	0ms

[2026-03-16 16시29분29초	1773646169690]	SummonController..
[2026-03-16 16시29분29초	1773646169690]	0ms

[2026-03-16 16시29분29초	1773646169691]	PartyController..
[2026-03-16 16시29분29초	1773646169691]	0ms

[2026-03-16 16시29분29초	1773646169692]	InnController..
[2026-03-16 16시29분29초	1773646169692]	0ms

[2026-03-16 16시29분29초	1773646169701]	BoardController..
[2026-03-16 16시29분29초	1773646169701]	0ms

[2026-03-16 16시29분29초	1773646169704]	LetterController..
[2026-03-16 16시29분29초	1773646169705]	1ms

[2026-03-16 16시29분29초	1773646169707]	UserShopController..
[2026-03-16 16시29분29초	1773646169707]	0ms

[2026-03-16 16시29분29초	1773646169709]	ChattingController..
[2026-03-16 16시29분29초	1773646169711]	2ms

[2026-03-16 16시29분29초	1773646169714]	ColosseumController..
[2026-03-16 16시29분29초	1773646169714]	0ms

[2026-03-16 16시29분29초	1773646169715]	CraftController..
[2026-03-16 16시29분29초	1773646169715]	0ms

[2026-03-16 16시29분29초	1773646169717]	BossController..
[2026-03-16 16시29분29초	1773646169717]	0ms

[2026-03-16 16시29분29초	1773646169720]	NoticeController..
[2026-03-16 16시29분29초	1773646169720]	0ms

[2026-03-16 16시29분29초	1773646169722]	FriendController..
[2026-03-16 16시29분29초	1773646169722]	0ms

[2026-03-16 16시29분29초	1773646169723]	BugScanningController..
[2026-03-16 16시29분29초	1773646169723]	0ms

[2026-03-16 16시29분29초	1773646169726]	MagicDollController..
[2026-03-16 16시29분29초	1773646169726]	0ms

[2026-03-16 16시29분29초	1773646169727]	ShopController..
[2026-03-16 16시29분29초	1773646169727]	0ms

[2026-03-16 16시29분29초	1773646169729]	WarehouseDatabase..
[2026-03-16 16시29분29초	1773646169729]	0ms

[2026-03-16 16시29분29초	1773646169731]	PakTools..
[2026-03-16 16시29분29초	1773646169735]	4ms

[2026-03-16 16시29분29초	1773646169736]	ScriptController...
[2026-03-16 16시29분29초	1773646169743]	7ms

[2026-03-16 16시29분29초	1773646169744]	GiranClanLordController..
[2026-03-16 16시29분29초	1773646169744]	0ms

[2026-03-16 16시29분29초	1773646169746]	TeamBattleController..
[2026-03-16 16시29분29초	1773646169747]	1ms

[2026-03-16 16시29분29초	1773646169747]	WorldClearController..
[2026-03-16 16시29분29초	1773646169748]	1ms

[2026-03-16 16시29분29초	1773646169751]	SpotController..
[2026-03-16 16시29분29초	1773646169751]	0ms

[2026-03-16 16시29분29초	1773646169753]	테베라스 컨트롤러..
[2026-03-16 16시29분29초	1773646169753]	0ms

[2026-03-16 16시29분29초	1773646169754]	지옥 컨트롤러..
[2026-03-16 16시29분29초	1773646169754]	0ms

[2026-03-16 16시29분29초	1773646169755]	지하수로 컨트롤러..
[2026-03-16 16시29분29초	1773646169755]	0ms

[2026-03-16 16시29분29초	1773646169756]	보물찾기컨트롤러..
[2026-03-16 16시29분29초	1773646169756]	0ms

[2026-03-16 16시29분29초	1773646169757]	마족신전 컨트롤러..
[2026-03-16 16시29분29초	1773646169757]	0ms

[2026-03-16 16시29분29초	1773646169758]	고무 컨트롤러..
[2026-03-16 16시29분29초	1773646169760]	정무던전 컨트롤러..
[2026-03-16 16시29분29초	1773646169768]	8ms

[2026-03-16 16시29분29초	1773646169769]	그신 컨트롤러..
[2026-03-16 16시29분29초	1773646169769]	0ms

[2026-03-16 16시29분29초	1773646169770]	라바던전 컨트롤러..
[2026-03-16 16시29분29초	1773646169770]	0ms

[2026-03-16 16시29분29초	1773646169772]	월드보스컨트롤러..
[2026-03-16 16시29분29초	1773646169772]	0ms

[2026-03-16 16시29분29초	1773646169773]	펭귄 사냥터 컨트롤러..
[2026-03-16 16시29분29초	1773646169773]	0ms

[2026-03-16 16시29분29초	1773646169774]	칠흑던전 컨트롤러..
[2026-03-16 16시29분29초	1773646169776]	칠흑던전3층 컨트롤러..
[2026-03-16 16시29분29초	1773646169776]	0ms

[2026-03-16 16시29분29초	1773646169777]	칠흑던전4층 컨트롤러..
[2026-03-16 16시29분29초	1773646169777]	0ms

[2026-03-16 16시29분29초	1773646169778]	악마왕의영토컨트롤러..
[2026-03-16 16시29분29초	1773646169778]	0ms

[2026-03-16 16시29분29초	1773646169780]	얼던컨트롤러..
[2026-03-16 16시29분29초	1773646169780]	0ms

[2026-03-16 16시29분29초	1773646169782]	오만1층 컨트롤러..
[2026-03-16 16시29분29초	1773646169782]	0ms

[2026-03-16 16시29분29초	1773646169783]	오만1층 컨트롤러..
[2026-03-16 16시29분29초	1773646169783]	0ms

[2026-03-16 16시29분29초	1773646169784]	오만3층 컨트롤러..
[2026-03-16 16시29분29초	1773646169784]	0ms

[2026-03-16 16시29분29초	1773646169785]	오만4층 컨트롤러..
[2026-03-16 16시29분29초	1773646169786]	1ms

[2026-03-16 16시29분29초	1773646169787]	오만5층 컨트롤러..
[2026-03-16 16시29분29초	1773646169787]	0ms

[2026-03-16 16시29분29초	1773646169788]	오만6층 컨트롤러..
[2026-03-16 16시29분29초	1773646169788]	0ms

[2026-03-16 16시29분29초	1773646169789]	오만7층 컨트롤러..
[2026-03-16 16시29분29초	1773646169789]	0ms

[2026-03-16 16시29분29초	1773646169790]	오만8층 컨트롤러..
[2026-03-16 16시29분29초	1773646169790]	0ms

[2026-03-16 16시29분29초	1773646169791]	오만9층 컨트롤러..
[2026-03-16 16시29분29초	1773646169792]	1ms

[2026-03-16 16시29분29초	1773646169793]	오만10층 컨트롤러..
[2026-03-16 16시29분29초	1773646169793]	0ms

[2026-03-16 16시29분29초	1773646169795]	오만정상 컨트롤러..
[2026-03-16 16시29분29초	1773646169795]	0ms

[2026-03-16 16시29분29초	1773646169797]	기감 컨트롤러..
[2026-03-16 16시29분29초	1773646169797]	0ms

[2026-03-16 16시29분29초	1773646169798]	고라스컨트롤러..
[2026-03-16 16시29분29초	1773646169798]	0ms

[2026-03-16 16시29분29초	1773646169800]	드워프컨트롤러..
[2026-03-16 16시29분29초	1773646169800]	0ms

[2026-03-16 16시29분29초	1773646169801]	타임이벤트컨트롤러..
[2026-03-16 16시29분29초	1773646169801]	0ms

[2026-03-16 16시29분29초	1773646169802]	AutoHuntController..
[2026-03-16 16시29분29초	1773646169802]	0ms

[2026-03-16 16시29분29초	1773646169838]	DatabaseConnection..
[2026-03-16 16시29분30초	1773646170254]	416ms

[2026-03-16 16시29분30초	1773646170271]	ServerDatabase..
[2026-03-16 16시29분30초	1773646170316]	44ms

[2026-03-16 16시29분30초	1773646170320]	SlimeRaceController..
[2026-03-16 16시29분30초	1773646170325]	5ms

[2026-03-16 16시29분30초	1773646170327]	DogRaceController..
[2026-03-16 16시29분30초	1773646170330]	3ms

[2026-03-16 16시29분30초	1773646170333]	ClanController..
[2026-03-16 16시29분30초	1773646170341]	8ms

[2026-03-16 16시29분30초	1773646170345]	KingdomController..
[2026-03-16 16시29분30초	1773646170361]	16ms

[2026-03-16 16시29분30초	1773646170363]	AgitController..
[2026-03-16 16시29분30초	1773646170371]	8ms

[2026-03-16 16시29분30초	1773646170374]	AuctionController..
[2026-03-16 16시29분30초	1773646170383]	9ms

[2026-03-16 16시29분30초	1773646170390]	ItemDatabase..
[2026-03-16 16시29분30초	1773646170496]	106ms

[2026-03-16 16시29분30초	1773646170498]	ItemSetopionDatabase..
[2026-03-16 16시29분30초	1773646170507]	9ms

[2026-03-16 16시29분30초	1773646170510]	AutosellDatabase..
[2026-03-16 16시29분30초	1773646170535]	25ms

[2026-03-16 16시29분30초	1773646170536]	ItemSkillDatabase..
[2026-03-16 16시29분30초	1773646170540]	4ms

[2026-03-16 16시29분30초	1773646170542]	ItemBundleDatabase..
[2026-03-16 16시29분30초	1773646170548]	6ms

[2026-03-16 16시29분30초	1773646170550]	ItemChanceBundleDatabase..
[2026-03-16 16시29분30초	1773646170554]	4ms

[2026-03-16 16시29분30초	1773646170555]	FishItemListDatabase..
[2026-03-16 16시29분30초	1773646170558]	2ms

[2026-03-16 16시29분30초	1773646170559]	ItemTeleport..
[2026-03-16 16시29분30초	1773646170564]	5ms

[2026-03-16 16시29분30초	1773646170565]	PolyDatabase..
[2026-03-16 16시29분30초	1773646170570]	5ms

[2026-03-16 16시29분30초	1773646170571]	DungeonDatabase..
[2026-03-16 16시29분30초	1773646170583]	12ms

[2026-03-16 16시29분30초	1773646170584]	DefiniteDatabase..
[2026-03-16 16시29분30초	1773646170591]	7ms

[2026-03-16 16시29분30초	1773646170592]	ExpDatabase..
[2026-03-16 16시29분30초	1773646170595]	3ms

[2026-03-16 16시29분30초	1773646170595]	BackgroundDatabase..
[2026-03-16 16시29분30초	1773646170791]	196ms

[2026-03-16 16시29분30초	1773646170791]	SpriteFrameDatabase..
[2026-03-16 16시29분30초	1773646170850]	59ms

[2026-03-16 16시29분30초	1773646170851]	SkillDatabase..
[2026-03-16 16시29분30초	1773646170856]	5ms

[2026-03-16 16시29분30초	1773646170858]	NpcDatabase..
[2026-03-16 16시29분30초	1773646170867]	9ms

[2026-03-16 16시29분30초	1773646170870]	NpcShopDatabase..
[2026-03-16 16시29분30초	1773646170925]	55ms

[2026-03-16 16시29분30초	1773646170931]	NpcTeleportDatabase..
[2026-03-16 16시29분30초	1773646170940]	9ms

[2026-03-16 16시29분31초	1773646171268]	NpcSpawnlistDatabase..
[2026-03-16 16시29분31초	1773646171343]	75ms

[2026-03-16 16시29분31초	1773646171347]	EventController..
[2026-03-16 16시29분31초	1773646171347]	0ms

[2026-03-16 16시29분31초	1773646171349]	MonsterDatabase..
[2026-03-16 16시29분31초	1773646171373]	23ms

[2026-03-16 16시29분31초	1773646171375]	MonsterDropDatabase..
[2026-03-16 16시29분31초	1773646171416]	42ms

[2026-03-16 16시29분31초	1773646171418]	MonsterSkillDatabase..
[2026-03-16 16시29분31초	1773646171437]	19ms

[2026-03-16 16시29분31초	1773646171440]	MonsterSpawnlistDatabase..
[2026-03-16 16시29분32초	1773646172595]	1155ms

[2026-03-16 16시29분32초	1773646172596]	MonsterBossSpawnlistDatabase..
[2026-03-16 16시29분32초	1773646172600]	4ms

[2026-03-16 16시29분32초	1773646172602]	ServerDownBossListDatabase..
[2026-03-16 16시29분32초	1773646172603]	1ms

[2026-03-16 16시29분32초	1773646172605]	BadIpDatabase..
[2026-03-16 16시29분32초	1773646172608]	3ms

[2026-03-16 16시29분32초	1773646172608]	QuestController..
[2026-03-16 16시29분32초	1773646172610]	2ms

[2026-03-16 16시29분32초	1773646172611]	ServerOpcodesDatabase..
[2026-03-16 16시29분32초	1773646172617]	5ms

[2026-03-16 16시29분32초	1773646172618]	ServerNoticeDatabase..
[2026-03-16 16시29분32초	1773646172620]	2ms

[2026-03-16 16시29분32초	1773646172623]	RankController..
[2026-03-16 16시29분32초	1773646172653]	30ms

[2026-03-16 16시29분32초	1773646172655]	WantedController..
[2026-03-16 16시29분32초	1773646172658]	3ms

[2026-03-16 16시29분32초	1773646172659]	TeleportHomeDatabase..
[2026-03-16 16시29분32초	1773646172695]	36ms

[2026-03-16 16시29분32초	1773646172696]	TeleportResetDatabase..
[2026-03-16 16시29분32초	1773646172727]	31ms

[2026-03-16 16시29분32초	1773646172728]	ItemPinewandDatabase..
[2026-03-16 16시29분32초	1773646172730]	2ms

[2026-03-16 16시29분32초	1773646172731]	ItemMaplewandDatabase..
[2026-03-16 16시29분32초	1773646172734]	3ms

[2026-03-16 16시29분32초	1773646172735]	SummonListDatabase..
[2026-03-16 16시29분32초	1773646172738]	3ms

[2026-03-16 16시29분32초	1773646172738]	GmListDatabase..
[2026-03-16 16시29분32초	1773646172740]	2ms

[2026-03-16 16시29분32초	1773646172742]	MagicdollListDatabase..
[2026-03-16 16시29분32초	1773646172744]	3ms

[2026-03-16 16시29분32초	1773646172750]	PcMarketController..
[2026-03-16 16시29분32초	1773646172752]	2ms

[2026-03-16 16시29분32초	1773646172753]	ServerOptionDatabase..
[2026-03-16 16시29분32초	1773646172754]	0ms

[2026-03-16 16시29분32초	1773646172755]	TimeDungeonDatabase..
[2026-03-16 16시29분32초	1773646172756]	1ms

[2026-03-16 16시29분32초	1773646172757]	TeamBattleDatabase..
[2026-03-16 16시29분32초	1773646172759]	2ms

[2026-03-16 16시29분32초	1773646172760]	LifeLostItemDatabase..
[2026-03-16 16시29분32초	1773646172764]	4ms

[2026-03-16 16시29분32초	1773646172765]	GmTeleportDatabase..
[2026-03-16 16시29분32초	1773646172767]	2ms

[2026-03-16 16시29분32초	1773646172780]	무인혈맹컨트롤러..
[2026-03-16 16시29분32초	1773646172781]	2ms

[2026-03-16 16시29분32초	1773646172783]	HackNoCheckDatabase..
[2026-03-16 16시29분32초	1773646172784]	1ms

[2026-03-16 16시29분32초	1773646172787]	EnchantLostItemDatabase..
[2026-03-16 16시29분32초	1773646172800]	13ms

[2026-03-16 16시29분32초	1773646172802]	ItemDropMessageDatabase..
[2026-03-16 16시29분32초	1773646172804]	2ms

[2026-03-16 16시29분32초	1773646172806]	FishingController..
[2026-03-16 16시29분32초	1773646172955]	149ms

[2026-03-16 16시29분32초	1773646172975]	RobotController..
[2026-03-16 16시29분33초	1773646173100]	125ms

[2026-03-16 16시29분33초	1773646173104]	Server..
[2026-03-16 16시29분33초	1773646173224]	120ms

[2026-03-16 16시29분33초	1773646173225]	ServerThread..
[2026-03-16 16시29분33초	1773646173225]	0ms

[2026-03-16 16시29분33초	1773646173227]	ControllerTherad..
[2026-03-16 16시29분33초	1773646173227]	0ms

[2026-03-16 16시29분33초	1773646173228]	CharacterThread..
[2026-03-16 16시29분33초	1773646173228]	0ms

[2026-03-16 16시29분33초	1773646173229]	DatabaseThread..
[2026-03-16 16시29분33초	1773646173229]	0ms

[2026-03-16 16시29분33초	1773646173231]	CharacterControlThread..
[2026-03-16 16시29분33초	1773646173232]	1ms

[2026-03-16 16시29분33초	1773646173296]	FightController..
[2026-03-16 16시29분33초	1773646173354]	57ms

[2026-03-16 16시29분33초	1773646173364]	TimeThread..
[2026-03-16 16시29분33초	1773646173365]	1ms

[2026-03-16 16시29분33초	1773646173368]	AutoHuntThread..
[2026-03-16 16시29분33초	1773646173368]	0ms

[2026-03-16 16시29분33초	1773646173368]	======================================================================
[2026-03-16 16시29분33초	1773646173369]	Server Version  :  Lineage 2.0

[2026-03-16 16시29분33초	1773646173369]	Server Port      :  2000

[2026-03-16 16시29분33초	1773646173369]	계정 자동생성  :  on

[2026-03-16 16시29분33초	1773646173369]	인챈트 : 1.0배  ||  드랍 : 7.0배  ||  경험치 : 50.0배  ||  아데나 : 40.0배  ||  파티 : 1.1배

[2026-03-16 16시29분33초	1773646173370]	======================================================================
[2026-03-16 16시29분33초	1773646173370]	'서버' 가동되었습니다.

[2026-03-16 16시30분02초	1773646202488]	_robot 테이블 리로드 완료 - 
[2026-03-16 16시30분02초	1773646202502]	15ms

[2026-03-16 16시31분10초	1773646270870]	서버가 즉시 종료됩니다...
[2026-03-16 16시31분11초	1773646271870]	Thread close..
[2026-03-16 16시31분12초	1773646272870]	Save Database..
[2026-03-16 16시31분13초	1773646273509]	Socket close..
[2026-03-16 16시31분13초	1773646273509]	LineageServer Close...
[2026-03-16 16시31분13초	1773646273509]	0ms

[2026-03-16 16시31분13초	1773646273509]	ok..
