[2026-01-13 00시27분05초	1768231625503]	Mysql..
[2026-01-13 00시27분05초	1768231625503]	2ms

[2026-01-13 00시27분05초	1768231625521]	lineage.conf file loading...
[2026-01-13 00시27분05초	1768231625551]	30ms

[2026-01-13 00시27분05초	1768231625558]	Lineage_Balance..
[2026-01-13 00시27분05초	1768231625566]	8ms

[2026-01-13 00시27분05초	1768231625567]	npc_promotion..
[2026-01-13 00시27분05초	1768231625568]	1ms

[2026-01-13 00시27분05초	1768231625569]	Socket..
[2026-01-13 00시27분05초	1768231625569]	1ms

[2026-01-13 00시27분05초	1768231625569]	Common..
[2026-01-13 00시27분05초	1768231625569]	0ms

[2026-01-13 00시27분05초	1768231625570]	EventThread..
[2026-01-13 00시27분05초	1768231625570]	0ms

[2026-01-13 00시27분05초	1768231625571]	AiExecuteThread..
[2026-01-13 00시27분05초	1768231625571]	0ms

[2026-01-13 00시27분05초	1768231625572]	AiThread..
[2026-01-13 00시27분05초	1768231625572]	0ms

[2026-01-13 00시27분05초	1768231625576]	World..
[2026-01-13 00시27분05초	1768231625667]	91ms

[2026-01-13 00시27분05초	1768231625669]	BookController..
[2026-01-13 00시27분05초	1768231625669]	0ms

[2026-01-13 00시27분05초	1768231625670]	InventoryController..
[2026-01-13 00시27분05초	1768231625670]	0ms

[2026-01-13 00시27분05초	1768231625670]	BasePacketPooling..
[2026-01-13 00시27분05초	1768231625670]	0ms

[2026-01-13 00시27분05초	1768231625673]	SkillController..
[2026-01-13 00시27분05초	1768231625673]	0ms

[2026-01-13 00시27분05초	1768231625684]	DamageController..
[2026-01-13 00시27분05초	1768231625685]	1ms

[2026-01-13 00시27분05초	1768231625687]	CharacterController..
[2026-01-13 00시27분05초	1768231625687]	0ms

[2026-01-13 00시27분05초	1768231625687]	TradeController..
[2026-01-13 00시27분05초	1768231625688]	1ms

[2026-01-13 00시27분05초	1768231625688]	DungeonController..
[2026-01-13 00시27분05초	1768231625688]	0ms

[2026-01-13 00시27분05초	1768231625689]	ShipController..
[2026-01-13 00시27분05초	1768231625689]	0ms

[2026-01-13 00시27분05초	1768231625690]	BuffController..
[2026-01-13 00시27분05초	1768231625690]	1ms

[2026-01-13 00시27분05초	1768231625693]	SummonController..
[2026-01-13 00시27분05초	1768231625693]	0ms

[2026-01-13 00시27분05초	1768231625695]	PartyController..
[2026-01-13 00시27분05초	1768231625695]	0ms

[2026-01-13 00시27분05초	1768231625696]	InnController..
[2026-01-13 00시27분05초	1768231625696]	0ms

[2026-01-13 00시27분05초	1768231625697]	BoardController..
[2026-01-13 00시27분05초	1768231625698]	1ms

[2026-01-13 00시27분05초	1768231625699]	LetterController..
[2026-01-13 00시27분05초	1768231625700]	1ms

[2026-01-13 00시27분05초	1768231625701]	UserShopController..
[2026-01-13 00시27분05초	1768231625701]	0ms

[2026-01-13 00시27분05초	1768231625702]	ChattingController..
[2026-01-13 00시27분05초	1768231625703]	1ms

[2026-01-13 00시27분05초	1768231625705]	ColosseumController..
[2026-01-13 00시27분05초	1768231625705]	0ms

[2026-01-13 00시27분05초	1768231625706]	CraftController..
[2026-01-13 00시27분05초	1768231625706]	0ms

[2026-01-13 00시27분05초	1768231625708]	BossController..
[2026-01-13 00시27분05초	1768231625708]	0ms

[2026-01-13 00시27분05초	1768231625709]	NoticeController..
[2026-01-13 00시27분05초	1768231625709]	0ms

[2026-01-13 00시27분05초	1768231625710]	FriendController..
[2026-01-13 00시27분05초	1768231625710]	0ms

[2026-01-13 00시27분05초	1768231625711]	BugScanningController..
[2026-01-13 00시27분05초	1768231625711]	0ms

[2026-01-13 00시27분05초	1768231625714]	MagicDollController..
[2026-01-13 00시27분05초	1768231625714]	0ms

[2026-01-13 00시27분05초	1768231625715]	ShopController..
[2026-01-13 00시27분05초	1768231625715]	0ms

[2026-01-13 00시27분05초	1768231625724]	WarehouseDatabase..
[2026-01-13 00시27분05초	1768231625724]	0ms

[2026-01-13 00시27분05초	1768231625725]	PakTools..
[2026-01-13 00시27분05초	1768231625734]	9ms

[2026-01-13 00시27분05초	1768231625735]	ScriptController...
[2026-01-13 00시27분05초	1768231625738]	3ms

[2026-01-13 00시27분05초	1768231625739]	GiranClanLordController..
[2026-01-13 00시27분05초	1768231625739]	0ms

[2026-01-13 00시27분05초	1768231625741]	TeamBattleController..
[2026-01-13 00시27분05초	1768231625741]	0ms

[2026-01-13 00시27분05초	1768231625742]	WorldClearController..
[2026-01-13 00시27분05초	1768231625742]	0ms

[2026-01-13 00시27분05초	1768231625743]	SpotController..
[2026-01-13 00시27분05초	1768231625743]	0ms

[2026-01-13 00시27분05초	1768231625746]	테베라스 컨트롤러..
[2026-01-13 00시27분05초	1768231625747]	2ms

[2026-01-13 00시27분05초	1768231625747]	지옥 컨트롤러..
[2026-01-13 00시27분05초	1768231625748]	1ms

[2026-01-13 00시27분05초	1768231625748]	지하수로 컨트롤러..
[2026-01-13 00시27분05초	1768231625748]	0ms

[2026-01-13 00시27분05초	1768231625749]	보물찾기컨트롤러..
[2026-01-13 00시27분05초	1768231625749]	0ms

[2026-01-13 00시27분05초	1768231625750]	마족신전 컨트롤러..
[2026-01-13 00시27분05초	1768231625750]	0ms

[2026-01-13 00시27분05초	1768231625751]	고무 컨트롤러..
[2026-01-13 00시27분05초	1768231625751]	정무던전 컨트롤러..
[2026-01-13 00시27분05초	1768231625756]	5ms

[2026-01-13 00시27분05초	1768231625757]	그신 컨트롤러..
[2026-01-13 00시27분05초	1768231625757]	0ms

[2026-01-13 00시27분05초	1768231625758]	라바던전 컨트롤러..
[2026-01-13 00시27분05초	1768231625758]	0ms

[2026-01-13 00시27분05초	1768231625759]	월드보스컨트롤러..
[2026-01-13 00시27분05초	1768231625759]	0ms

[2026-01-13 00시27분05초	1768231625759]	펭귄 사냥터 컨트롤러..
[2026-01-13 00시27분05초	1768231625759]	0ms

[2026-01-13 00시27분05초	1768231625760]	칠흑던전 컨트롤러..
[2026-01-13 00시27분05초	1768231625761]	악마왕의영토컨트롤러..
[2026-01-13 00시27분05초	1768231625761]	0ms

[2026-01-13 00시27분05초	1768231625762]	얼던컨트롤러..
[2026-01-13 00시27분05초	1768231625762]	0ms

[2026-01-13 00시27분05초	1768231625763]	기감 컨트롤러..
[2026-01-13 00시27분05초	1768231625763]	0ms

[2026-01-13 00시27분05초	1768231625763]	고라스컨트롤러..
[2026-01-13 00시27분05초	1768231625764]	1ms

[2026-01-13 00시27분05초	1768231625764]	드워프컨트롤러..
[2026-01-13 00시27분05초	1768231625765]	1ms

[2026-01-13 00시27분05초	1768231625765]	타임이벤트컨트롤러..
[2026-01-13 00시27분05초	1768231625765]	0ms

[2026-01-13 00시27분05초	1768231625766]	AutoHuntController..
[2026-01-13 00시27분05초	1768231625766]	0ms

[2026-01-13 00시27분05초	1768231625782]	DatabaseConnection..
[2026-01-13 00시27분06초	1768231626098]	316ms

[2026-01-13 00시27분06초	1768231626113]	ServerDatabase..
[2026-01-13 00시27분06초	1768231626145]	32ms

[2026-01-13 00시27분06초	1768231626154]	SlimeRaceController..
[2026-01-13 00시27분06초	1768231626157]	3ms

[2026-01-13 00시27분06초	1768231626159]	DogRaceController..
[2026-01-13 00시27분06초	1768231626160]	1ms

[2026-01-13 00시27분06초	1768231626163]	ClanController..
[2026-01-13 00시27분06초	1768231626169]	6ms

[2026-01-13 00시27분06초	1768231626172]	KingdomController..
[2026-01-13 00시27분06초	1768231626180]	8ms

[2026-01-13 00시27분06초	1768231626181]	AgitController..
[2026-01-13 00시27분06초	1768231626187]	6ms

[2026-01-13 00시27분06초	1768231626188]	AuctionController..
[2026-01-13 00시27분06초	1768231626193]	5ms

[2026-01-13 00시27분06초	1768231626199]	ItemDatabase..
[2026-01-13 00시27분06초	1768231626309]	110ms

[2026-01-13 00시27분06초	1768231626310]	ItemSetopionDatabase..
[2026-01-13 00시27분06초	1768231626315]	5ms

[2026-01-13 00시27분06초	1768231626316]	AutosellDatabase..
[2026-01-13 00시27분06초	1768231626338]	22ms

[2026-01-13 00시27분06초	1768231626339]	ItemSkillDatabase..
[2026-01-13 00시27분06초	1768231626342]	3ms

[2026-01-13 00시27분06초	1768231626343]	ItemBundleDatabase..
[2026-01-13 00시27분06초	1768231626346]	3ms

[2026-01-13 00시27분06초	1768231626347]	ItemChanceBundleDatabase..
[2026-01-13 00시27분06초	1768231626351]	4ms

[2026-01-13 00시27분06초	1768231626352]	FishItemListDatabase..
[2026-01-13 00시27분06초	1768231626353]	1ms

[2026-01-13 00시27분06초	1768231626355]	ItemTeleport..
[2026-01-13 00시27분06초	1768231626357]	2ms

[2026-01-13 00시27분06초	1768231626359]	PolyDatabase..
[2026-01-13 00시27분06초	1768231626362]	3ms

[2026-01-13 00시27분06초	1768231626363]	DungeonDatabase..
[2026-01-13 00시27분06초	1768231626368]	5ms

[2026-01-13 00시27분06초	1768231626368]	DefiniteDatabase..
[2026-01-13 00시27분06초	1768231626371]	3ms

[2026-01-13 00시27분06초	1768231626372]	ExpDatabase..
[2026-01-13 00시27분06초	1768231626375]	3ms

[2026-01-13 00시27분06초	1768231626375]	BackgroundDatabase..
[2026-01-13 00시27분06초	1768231626507]	132ms

[2026-01-13 00시27분06초	1768231626507]	SpriteFrameDatabase..
[2026-01-13 00시27분06초	1768231626569]	62ms

[2026-01-13 00시27분06초	1768231626570]	SkillDatabase..
[2026-01-13 00시27분06초	1768231626573]	3ms

[2026-01-13 00시27분06초	1768231626574]	NpcDatabase..
[2026-01-13 00시27분06초	1768231626582]	8ms

[2026-01-13 00시27분06초	1768231626583]	NpcShopDatabase..
[2026-01-13 00시27분06초	1768231626646]	63ms

[2026-01-13 00시27분06초	1768231626647]	NpcTeleportDatabase..
[2026-01-13 00시27분06초	1768231626649]	2ms

[2026-01-13 00시27분06초	1768231626787]	NpcSpawnlistDatabase..
[2026-01-13 00시27분06초	1768231626850]	64ms

[2026-01-13 00시27분06초	1768231626851]	EventController..
[2026-01-13 00시27분06초	1768231626851]	0ms

[2026-01-13 00시27분06초	1768231626852]	MonsterDatabase..
[2026-01-13 00시27분06초	1768231626867]	15ms

[2026-01-13 00시27분06초	1768231626867]	MonsterDropDatabase..
[2026-01-13 00시27분06초	1768231626894]	27ms

[2026-01-13 00시27분06초	1768231626895]	MonsterSkillDatabase..
[2026-01-13 00시27분06초	1768231626909]	14ms

[2026-01-13 00시27분06초	1768231626911]	MonsterSpawnlistDatabase..
[2026-01-13 00시27분07초	1768231627783]	872ms

[2026-01-13 00시27분07초	1768231627784]	MonsterBossSpawnlistDatabase..
[2026-01-13 00시27분07초	1768231627787]	3ms

[2026-01-13 00시27분07초	1768231627787]	ServerDownBossListDatabase..
[2026-01-13 00시27분07초	1768231627788]	1ms

[2026-01-13 00시27분07초	1768231627789]	BadIpDatabase..
[2026-01-13 00시27분07초	1768231627791]	2ms

[2026-01-13 00시27분07초	1768231627791]	QuestController..
[2026-01-13 00시27분07초	1768231627793]	2ms

[2026-01-13 00시27분07초	1768231627793]	ServerOpcodesDatabase..
[2026-01-13 00시27분07초	1768231627797]	4ms

[2026-01-13 00시27분07초	1768231627797]	ServerNoticeDatabase..
[2026-01-13 00시27분07초	1768231627799]	2ms

[2026-01-13 00시27분07초	1768231627800]	RankController..
[2026-01-13 00시27분07초	1768231627827]	27ms

[2026-01-13 00시27분07초	1768231627828]	WantedController..
[2026-01-13 00시27분07초	1768231627833]	5ms

[2026-01-13 00시27분07초	1768231627834]	TeleportHomeDatabase..
[2026-01-13 00시27분07초	1768231627867]	33ms

[2026-01-13 00시27분07초	1768231627868]	TeleportResetDatabase..
[2026-01-13 00시27분07초	1768231627898]	30ms

[2026-01-13 00시27분07초	1768231627899]	ItemPinewandDatabase..
[2026-01-13 00시27분07초	1768231627901]	2ms

[2026-01-13 00시27분07초	1768231627901]	ItemMaplewandDatabase..
[2026-01-13 00시27분07초	1768231627903]	2ms

[2026-01-13 00시27분07초	1768231627904]	SummonListDatabase..
[2026-01-13 00시27분07초	1768231627905]	1ms

[2026-01-13 00시27분07초	1768231627905]	GmListDatabase..
[2026-01-13 00시27분07초	1768231627906]	1ms

[2026-01-13 00시27분07초	1768231627908]	MagicdollListDatabase..
[2026-01-13 00시27분07초	1768231627909]	1ms

[2026-01-13 00시27분07초	1768231627913]	PcMarketController..
[2026-01-13 00시27분07초	1768231627914]	1ms

[2026-01-13 00시27분07초	1768231627914]	ServerOptionDatabase..
[2026-01-13 00시27분07초	1768231627915]	1ms

[2026-01-13 00시27분07초	1768231627916]	TimeDungeonDatabase..
[2026-01-13 00시27분07초	1768231627916]	0ms

[2026-01-13 00시27분07초	1768231627917]	TeamBattleDatabase..
[2026-01-13 00시27분07초	1768231627918]	1ms

[2026-01-13 00시27분07초	1768231627918]	LifeLostItemDatabase..
[2026-01-13 00시27분07초	1768231627920]	2ms

[2026-01-13 00시27분07초	1768231627920]	GmTeleportDatabase..
[2026-01-13 00시27분07초	1768231627921]	1ms

[2026-01-13 00시27분07초	1768231627923]	무인혈맹컨트롤러..
[2026-01-13 00시27분07초	1768231627925]	2ms

[2026-01-13 00시27분07초	1768231627925]	HackNoCheckDatabase..
[2026-01-13 00시27분07초	1768231627926]	1ms

[2026-01-13 00시27분07초	1768231627927]	EnchantLostItemDatabase..
[2026-01-13 00시27분07초	1768231627949]	21ms

[2026-01-13 00시27분07초	1768231627950]	ItemDropMessageDatabase..
[2026-01-13 00시27분07초	1768231627950]	0ms

[2026-01-13 00시27분07초	1768231627952]	FishingController..
[2026-01-13 00시27분08초	1768231628255]	303ms

[2026-01-13 00시27분08초	1768231628270]	RobotController..
[2026-01-13 00시27분08초	1768231628296]	26ms

[2026-01-13 00시27분08초	1768231628299]	Server..
[2026-01-13 00시27분08초	1768231628366]	67ms

[2026-01-13 00시27분08초	1768231628367]	ServerThread..
[2026-01-13 00시27분08초	1768231628367]	0ms

[2026-01-13 00시27분08초	1768231628368]	ControllerTherad..
[2026-01-13 00시27분08초	1768231628368]	0ms

[2026-01-13 00시27분08초	1768231628368]	CharacterThread..
[2026-01-13 00시27분08초	1768231628369]	1ms

[2026-01-13 00시27분08초	1768231628370]	DatabaseThread..
[2026-01-13 00시27분08초	1768231628370]	0ms

[2026-01-13 00시27분08초	1768231628371]	CharacterControlThread..
[2026-01-13 00시27분08초	1768231628371]	0ms

[2026-01-13 00시27분08초	1768231628375]	FightController..
[2026-01-13 00시27분08초	1768231628430]	55ms

[2026-01-13 00시27분08초	1768231628431]	TimeThread..
[2026-01-13 00시27분08초	1768231628431]	0ms

[2026-01-13 00시27분08초	1768231628431]	AutoHuntThread..
[2026-01-13 00시27분08초	1768231628431]	0ms

[2026-01-13 00시27분08초	1768231628431]	======================================================================
[2026-01-13 00시27분08초	1768231628432]	Server Version  :  Lineage 2.0

[2026-01-13 00시27분08초	1768231628432]	Server Port      :  2000

[2026-01-13 00시27분08초	1768231628432]	계정 자동생성  :  on

[2026-01-13 00시27분08초	1768231628432]	인챈트 : 1.0배  ||  드랍 : 3.0배  ||  경험치 : 30.0배  ||  아데나 : 12.0배  ||  파티 : 1.1배

[2026-01-13 00시27분08초	1768231628432]	======================================================================
[2026-01-13 00시27분08초	1768231628432]	'서버' 가동되었습니다.

[2026-01-13 00시29분18초	1768231758407]	skill 테이블 리로드 완료 - 
[2026-01-13 00시29분18초	1768231758419]	12ms

[2026-01-13 00시30분09초	1768231809011]	자동 저장완료 2026-01-13 00시30분09초
[2026-01-13 00시33분09초	1768231989603]	자동 저장완료 2026-01-13 00시33분09초
[2026-01-13 00시36분10초	1768232170181]	자동 저장완료 2026-01-13 00시36분10초
[2026-01-13 00시39분10초	1768232350759]	자동 저장완료 2026-01-13 00시39분10초
[2026-01-13 00시42분11초	1768232531334]	자동 저장완료 2026-01-13 00시42분11초
[2026-01-13 00시45분11초	1768232711976]	자동 저장완료 2026-01-13 00시45분11초
[2026-01-13 00시48분12초	1768232892645]	자동 저장완료 2026-01-13 00시48분12초
[2026-01-13 00시49분36초	1768232976072]	서버가 즉시 종료됩니다...
[2026-01-13 00시49분37초	1768232977074]	Thread close..
[2026-01-13 00시49분38초	1768232978074]	Save Database..
[2026-01-13 00시49분39초	1768232979244]	Socket close..
[2026-01-13 00시49분39초	1768232979244]	LineageServer Close...
[2026-01-13 00시49분39초	1768232979247]	3ms

[2026-01-13 00시49분39초	1768232979247]	ok..
