[2026-01-14 13시21분53초	1768364513608]	Mysql..
[2026-01-14 13시21분53초	1768364513609]	2ms

[2026-01-14 13시21분53초	1768364513627]	lineage.conf file loading...
[2026-01-14 13시21분53초	1768364513657]	30ms

[2026-01-14 13시21분53초	1768364513661]	Lineage_Balance..
[2026-01-14 13시21분53초	1768364513670]	9ms

[2026-01-14 13시21분53초	1768364513671]	npc_promotion..
[2026-01-14 13시21분53초	1768364513671]	0ms

[2026-01-14 13시21분53초	1768364513672]	Socket..
[2026-01-14 13시21분53초	1768364513673]	1ms

[2026-01-14 13시21분53초	1768364513673]	Common..
[2026-01-14 13시21분53초	1768364513673]	0ms

[2026-01-14 13시21분53초	1768364513674]	EventThread..
[2026-01-14 13시21분53초	1768364513674]	0ms

[2026-01-14 13시21분53초	1768364513675]	AiExecuteThread..
[2026-01-14 13시21분53초	1768364513675]	0ms

[2026-01-14 13시21분53초	1768364513676]	AiThread..
[2026-01-14 13시21분53초	1768364513676]	0ms

[2026-01-14 13시21분53초	1768364513680]	World..
[2026-01-14 13시21분53초	1768364513762]	82ms

[2026-01-14 13시21분53초	1768364513764]	BookController..
[2026-01-14 13시21분53초	1768364513764]	0ms

[2026-01-14 13시21분53초	1768364513765]	InventoryController..
[2026-01-14 13시21분53초	1768364513765]	0ms

[2026-01-14 13시21분53초	1768364513765]	BasePacketPooling..
[2026-01-14 13시21분53초	1768364513765]	0ms

[2026-01-14 13시21분53초	1768364513775]	SkillController..
[2026-01-14 13시21분53초	1768364513778]	0ms

[2026-01-14 13시21분53초	1768364513785]	DamageController..
[2026-01-14 13시21분53초	1768364513785]	0ms

[2026-01-14 13시21분53초	1768364513787]	CharacterController..
[2026-01-14 13시21분53초	1768364513787]	0ms

[2026-01-14 13시21분53초	1768364513788]	TradeController..
[2026-01-14 13시21분53초	1768364513788]	0ms

[2026-01-14 13시21분53초	1768364513788]	DungeonController..
[2026-01-14 13시21분53초	1768364513788]	0ms

[2026-01-14 13시21분53초	1768364513789]	ShipController..
[2026-01-14 13시21분53초	1768364513789]	0ms

[2026-01-14 13시21분53초	1768364513790]	BuffController..
[2026-01-14 13시21분53초	1768364513790]	0ms

[2026-01-14 13시21분53초	1768364513794]	SummonController..
[2026-01-14 13시21분53초	1768364513794]	0ms

[2026-01-14 13시21분53초	1768364513795]	PartyController..
[2026-01-14 13시21분53초	1768364513795]	0ms

[2026-01-14 13시21분53초	1768364513795]	InnController..
[2026-01-14 13시21분53초	1768364513795]	0ms

[2026-01-14 13시21분53초	1768364513797]	BoardController..
[2026-01-14 13시21분53초	1768364513797]	0ms

[2026-01-14 13시21분53초	1768364513800]	LetterController..
[2026-01-14 13시21분53초	1768364513800]	1ms

[2026-01-14 13시21분53초	1768364513800]	UserShopController..
[2026-01-14 13시21분53초	1768364513800]	0ms

[2026-01-14 13시21분53초	1768364513810]	ChattingController..
[2026-01-14 13시21분53초	1768364513811]	1ms

[2026-01-14 13시21분53초	1768364513819]	ColosseumController..
[2026-01-14 13시21분53초	1768364513819]	0ms

[2026-01-14 13시21분53초	1768364513820]	CraftController..
[2026-01-14 13시21분53초	1768364513820]	0ms

[2026-01-14 13시21분53초	1768364513821]	BossController..
[2026-01-14 13시21분53초	1768364513821]	0ms

[2026-01-14 13시21분53초	1768364513822]	NoticeController..
[2026-01-14 13시21분53초	1768364513823]	1ms

[2026-01-14 13시21분53초	1768364513824]	FriendController..
[2026-01-14 13시21분53초	1768364513824]	1ms

[2026-01-14 13시21분53초	1768364513824]	BugScanningController..
[2026-01-14 13시21분53초	1768364513824]	0ms

[2026-01-14 13시21분53초	1768364513825]	MagicDollController..
[2026-01-14 13시21분53초	1768364513825]	0ms

[2026-01-14 13시21분53초	1768364513826]	ShopController..
[2026-01-14 13시21분53초	1768364513826]	0ms

[2026-01-14 13시21분53초	1768364513827]	WarehouseDatabase..
[2026-01-14 13시21분53초	1768364513827]	0ms

[2026-01-14 13시21분53초	1768364513828]	PakTools..
[2026-01-14 13시21분53초	1768364513829]	1ms

[2026-01-14 13시21분53초	1768364513830]	ScriptController...
[2026-01-14 13시21분53초	1768364513833]	3ms

[2026-01-14 13시21분53초	1768364513833]	GiranClanLordController..
[2026-01-14 13시21분53초	1768364513833]	0ms

[2026-01-14 13시21분53초	1768364513835]	TeamBattleController..
[2026-01-14 13시21분53초	1768364513835]	0ms

[2026-01-14 13시21분53초	1768364513836]	WorldClearController..
[2026-01-14 13시21분53초	1768364513836]	0ms

[2026-01-14 13시21분53초	1768364513836]	SpotController..
[2026-01-14 13시21분53초	1768364513836]	0ms

[2026-01-14 13시21분53초	1768364513837]	테베라스 컨트롤러..
[2026-01-14 13시21분53초	1768364513837]	0ms

[2026-01-14 13시21분53초	1768364513838]	지옥 컨트롤러..
[2026-01-14 13시21분53초	1768364513838]	0ms

[2026-01-14 13시21분53초	1768364513839]	지하수로 컨트롤러..
[2026-01-14 13시21분53초	1768364513839]	0ms

[2026-01-14 13시21분53초	1768364513839]	보물찾기컨트롤러..
[2026-01-14 13시21분53초	1768364513839]	0ms

[2026-01-14 13시21분53초	1768364513840]	마족신전 컨트롤러..
[2026-01-14 13시21분53초	1768364513840]	0ms

[2026-01-14 13시21분53초	1768364513841]	고무 컨트롤러..
[2026-01-14 13시21분53초	1768364513841]	정무던전 컨트롤러..
[2026-01-14 13시21분53초	1768364513845]	4ms

[2026-01-14 13시21분53초	1768364513846]	그신 컨트롤러..
[2026-01-14 13시21분53초	1768364513846]	0ms

[2026-01-14 13시21분53초	1768364513847]	라바던전 컨트롤러..
[2026-01-14 13시21분53초	1768364513847]	0ms

[2026-01-14 13시21분53초	1768364513848]	월드보스컨트롤러..
[2026-01-14 13시21분53초	1768364513848]	0ms

[2026-01-14 13시21분53초	1768364513848]	펭귄 사냥터 컨트롤러..
[2026-01-14 13시21분53초	1768364513848]	0ms

[2026-01-14 13시21분53초	1768364513849]	칠흑던전 컨트롤러..
[2026-01-14 13시21분53초	1768364513850]	악마왕의영토컨트롤러..
[2026-01-14 13시21분53초	1768364513850]	0ms

[2026-01-14 13시21분53초	1768364513850]	얼던컨트롤러..
[2026-01-14 13시21분53초	1768364513851]	1ms

[2026-01-14 13시21분53초	1768364513851]	기감 컨트롤러..
[2026-01-14 13시21분53초	1768364513851]	0ms

[2026-01-14 13시21분53초	1768364513852]	고라스컨트롤러..
[2026-01-14 13시21분53초	1768364513852]	0ms

[2026-01-14 13시21분53초	1768364513853]	드워프컨트롤러..
[2026-01-14 13시21분53초	1768364513853]	0ms

[2026-01-14 13시21분53초	1768364513854]	타임이벤트컨트롤러..
[2026-01-14 13시21분53초	1768364513854]	0ms

[2026-01-14 13시21분53초	1768364513854]	AutoHuntController..
[2026-01-14 13시21분53초	1768364513854]	0ms

[2026-01-14 13시21분53초	1768364513869]	DatabaseConnection..
[2026-01-14 13시21분54초	1768364514143]	274ms

[2026-01-14 13시21분54초	1768364514166]	ServerDatabase..
[2026-01-14 13시21분54초	1768364514205]	39ms

[2026-01-14 13시21분54초	1768364514208]	SlimeRaceController..
[2026-01-14 13시21분54초	1768364514210]	2ms

[2026-01-14 13시21분54초	1768364514211]	DogRaceController..
[2026-01-14 13시21분54초	1768364514213]	2ms

[2026-01-14 13시21분54초	1768364514216]	ClanController..
[2026-01-14 13시21분54초	1768364514221]	5ms

[2026-01-14 13시21분54초	1768364514224]	KingdomController..
[2026-01-14 13시21분54초	1768364514230]	6ms

[2026-01-14 13시21분54초	1768364514231]	AgitController..
[2026-01-14 13시21분54초	1768364514235]	4ms

[2026-01-14 13시21분54초	1768364514236]	AuctionController..
[2026-01-14 13시21분54초	1768364514241]	5ms

[2026-01-14 13시21분54초	1768364514245]	ItemDatabase..
[2026-01-14 13시21분54초	1768364514369]	124ms

[2026-01-14 13시21분54초	1768364514370]	ItemSetopionDatabase..
[2026-01-14 13시21분54초	1768364514381]	11ms

[2026-01-14 13시21분54초	1768364514383]	AutosellDatabase..
[2026-01-14 13시21분54초	1768364514402]	19ms

[2026-01-14 13시21분54초	1768364514403]	ItemSkillDatabase..
[2026-01-14 13시21분54초	1768364514405]	2ms

[2026-01-14 13시21분54초	1768364514406]	ItemBundleDatabase..
[2026-01-14 13시21분54초	1768364514408]	2ms

[2026-01-14 13시21분54초	1768364514409]	ItemChanceBundleDatabase..
[2026-01-14 13시21분54초	1768364514412]	3ms

[2026-01-14 13시21분54초	1768364514412]	FishItemListDatabase..
[2026-01-14 13시21분54초	1768364514417]	5ms

[2026-01-14 13시21분54초	1768364514418]	ItemTeleport..
[2026-01-14 13시21분54초	1768364514420]	2ms

[2026-01-14 13시21분54초	1768364514421]	PolyDatabase..
[2026-01-14 13시21분54초	1768364514423]	2ms

[2026-01-14 13시21분54초	1768364514423]	DungeonDatabase..
[2026-01-14 13시21분54초	1768364514427]	4ms

[2026-01-14 13시21분54초	1768364514428]	DefiniteDatabase..
[2026-01-14 13시21분54초	1768364514429]	1ms

[2026-01-14 13시21분54초	1768364514430]	ExpDatabase..
[2026-01-14 13시21분54초	1768364514432]	2ms

[2026-01-14 13시21분54초	1768364514432]	BackgroundDatabase..
[2026-01-14 13시21분54초	1768364514571]	139ms

[2026-01-14 13시21분54초	1768364514571]	SpriteFrameDatabase..
[2026-01-14 13시21분54초	1768364514640]	69ms

[2026-01-14 13시21분54초	1768364514640]	SkillDatabase..
[2026-01-14 13시21분54초	1768364514642]	2ms

[2026-01-14 13시21분54초	1768364514643]	NpcDatabase..
[2026-01-14 13시21분54초	1768364514650]	7ms

[2026-01-14 13시21분54초	1768364514651]	NpcShopDatabase..
[2026-01-14 13시21분54초	1768364514711]	60ms

[2026-01-14 13시21분54초	1768364514712]	NpcTeleportDatabase..
[2026-01-14 13시21분54초	1768364514713]	1ms

[2026-01-14 13시21분54초	1768364514844]	NpcSpawnlistDatabase..
[2026-01-14 13시21분54초	1768364514910]	66ms

[2026-01-14 13시21분54초	1768364514911]	EventController..
[2026-01-14 13시21분54초	1768364514911]	0ms

[2026-01-14 13시21분54초	1768364514913]	MonsterDatabase..
[2026-01-14 13시21분54초	1768364514928]	15ms

[2026-01-14 13시21분54초	1768364514930]	MonsterDropDatabase..
[2026-01-14 13시21분54초	1768364514959]	29ms

[2026-01-14 13시21분54초	1768364514960]	MonsterSkillDatabase..
[2026-01-14 13시21분54초	1768364514971]	11ms

[2026-01-14 13시21분54초	1768364514973]	MonsterSpawnlistDatabase..
[2026-01-14 13시21분55초	1768364515959]	986ms

[2026-01-14 13시21분55초	1768364515960]	MonsterBossSpawnlistDatabase..
[2026-01-14 13시21분55초	1768364515963]	3ms

[2026-01-14 13시21분55초	1768364515964]	ServerDownBossListDatabase..
[2026-01-14 13시21분55초	1768364515965]	1ms

[2026-01-14 13시21분55초	1768364515966]	BadIpDatabase..
[2026-01-14 13시21분55초	1768364515967]	1ms

[2026-01-14 13시21분55초	1768364515967]	QuestController..
[2026-01-14 13시21분55초	1768364515968]	1ms

[2026-01-14 13시21분55초	1768364515968]	ServerOpcodesDatabase..
[2026-01-14 13시21분55초	1768364515971]	3ms

[2026-01-14 13시21분55초	1768364515971]	ServerNoticeDatabase..
[2026-01-14 13시21분55초	1768364515972]	1ms

[2026-01-14 13시21분55초	1768364515974]	RankController..
[2026-01-14 13시21분55초	1768364515997]	23ms

[2026-01-14 13시21분55초	1768364515998]	WantedController..
[2026-01-14 13시21분56초	1768364516002]	4ms

[2026-01-14 13시21분56초	1768364516003]	TeleportHomeDatabase..
[2026-01-14 13시21분56초	1768364516036]	33ms

[2026-01-14 13시21분56초	1768364516037]	TeleportResetDatabase..
[2026-01-14 13시21분56초	1768364516065]	28ms

[2026-01-14 13시21분56초	1768364516066]	ItemPinewandDatabase..
[2026-01-14 13시21분56초	1768364516067]	1ms

[2026-01-14 13시21분56초	1768364516067]	ItemMaplewandDatabase..
[2026-01-14 13시21분56초	1768364516068]	1ms

[2026-01-14 13시21분56초	1768364516069]	SummonListDatabase..
[2026-01-14 13시21분56초	1768364516070]	1ms

[2026-01-14 13시21분56초	1768364516070]	GmListDatabase..
[2026-01-14 13시21분56초	1768364516071]	1ms

[2026-01-14 13시21분56초	1768364516072]	MagicdollListDatabase..
[2026-01-14 13시21분56초	1768364516073]	1ms

[2026-01-14 13시21분56초	1768364516076]	PcMarketController..
[2026-01-14 13시21분56초	1768364516076]	0ms

[2026-01-14 13시21분56초	1768364516077]	ServerOptionDatabase..
[2026-01-14 13시21분56초	1768364516077]	0ms

[2026-01-14 13시21분56초	1768364516078]	TimeDungeonDatabase..
[2026-01-14 13시21분56초	1768364516078]	0ms

[2026-01-14 13시21분56초	1768364516079]	TeamBattleDatabase..
[2026-01-14 13시21분56초	1768364516080]	1ms

[2026-01-14 13시21분56초	1768364516081]	LifeLostItemDatabase..
[2026-01-14 13시21분56초	1768364516082]	1ms

[2026-01-14 13시21분56초	1768364516083]	GmTeleportDatabase..
[2026-01-14 13시21분56초	1768364516084]	1ms

[2026-01-14 13시21분56초	1768364516085]	무인혈맹컨트롤러..
[2026-01-14 13시21분56초	1768364516087]	2ms

[2026-01-14 13시21분56초	1768364516087]	HackNoCheckDatabase..
[2026-01-14 13시21분56초	1768364516088]	1ms

[2026-01-14 13시21분56초	1768364516089]	EnchantLostItemDatabase..
[2026-01-14 13시21분56초	1768364516110]	21ms

[2026-01-14 13시21분56초	1768364516111]	ItemDropMessageDatabase..
[2026-01-14 13시21분56초	1768364516112]	1ms

[2026-01-14 13시21분56초	1768364516114]	FishingController..
[2026-01-14 13시21분56초	1768364516378]	264ms

[2026-01-14 13시21분56초	1768364516391]	RobotController..
[2026-01-14 13시21분56초	1768364516415]	24ms

[2026-01-14 13시21분56초	1768364516417]	Server..
[2026-01-14 13시21분56초	1768364516478]	61ms

[2026-01-14 13시21분56초	1768364516479]	ServerThread..
[2026-01-14 13시21분56초	1768364516479]	0ms

[2026-01-14 13시21분56초	1768364516480]	ControllerTherad..
[2026-01-14 13시21분56초	1768364516480]	0ms

[2026-01-14 13시21분56초	1768364516481]	CharacterThread..
[2026-01-14 13시21분56초	1768364516482]	1ms

[2026-01-14 13시21분56초	1768364516484]	DatabaseThread..
[2026-01-14 13시21분56초	1768364516484]	0ms

[2026-01-14 13시21분56초	1768364516485]	CharacterControlThread..
[2026-01-14 13시21분56초	1768364516485]	0ms

[2026-01-14 13시21분56초	1768364516527]	FightController..
[2026-01-14 13시21분56초	1768364516558]	31ms

[2026-01-14 13시21분56초	1768364516558]	TimeThread..
[2026-01-14 13시21분56초	1768364516559]	0ms

[2026-01-14 13시21분56초	1768364516559]	AutoHuntThread..
[2026-01-14 13시21분56초	1768364516559]	0ms

[2026-01-14 13시21분56초	1768364516559]	======================================================================
[2026-01-14 13시21분56초	1768364516560]	Server Version  :  Lineage 2.0

[2026-01-14 13시21분56초	1768364516560]	Server Port      :  2000

[2026-01-14 13시21분56초	1768364516560]	계정 자동생성  :  on

[2026-01-14 13시21분56초	1768364516560]	인챈트 : 1.0배  ||  드랍 : 3.0배  ||  경험치 : 30.0배  ||  아데나 : 12.0배  ||  파티 : 1.1배

[2026-01-14 13시21분56초	1768364516560]	======================================================================
[2026-01-14 13시21분56초	1768364516560]	'서버' 가동되었습니다.

