[2026-01-12 18시23분45초	1768209825701]	Mysql..
[2026-01-12 18시23분45초	1768209825702]	2ms

[2026-01-12 18시23분45초	1768209825718]	lineage.conf file loading...
[2026-01-12 18시23분45초	1768209825747]	29ms

[2026-01-12 18시23분45초	1768209825754]	Lineage_Balance..
[2026-01-12 18시23분45초	1768209825764]	10ms

[2026-01-12 18시23분45초	1768209825765]	npc_promotion..
[2026-01-12 18시23분45초	1768209825766]	0ms

[2026-01-12 18시23분45초	1768209825774]	Socket..
[2026-01-12 18시23분45초	1768209825775]	1ms

[2026-01-12 18시23분45초	1768209825775]	Common..
[2026-01-12 18시23분45초	1768209825775]	0ms

[2026-01-12 18시23분45초	1768209825776]	EventThread..
[2026-01-12 18시23분45초	1768209825777]	1ms

[2026-01-12 18시23분45초	1768209825777]	AiExecuteThread..
[2026-01-12 18시23분45초	1768209825778]	0ms

[2026-01-12 18시23분45초	1768209825778]	AiThread..
[2026-01-12 18시23분45초	1768209825778]	0ms

[2026-01-12 18시23분45초	1768209825791]	World..
[2026-01-12 18시23분45초	1768209825957]	166ms

[2026-01-12 18시23분45초	1768209825959]	BookController..
[2026-01-12 18시23분45초	1768209825959]	0ms

[2026-01-12 18시23분45초	1768209825960]	InventoryController..
[2026-01-12 18시23분45초	1768209825960]	0ms

[2026-01-12 18시23분45초	1768209825960]	BasePacketPooling..
[2026-01-12 18시23분45초	1768209825960]	0ms

[2026-01-12 18시23분45초	1768209825963]	SkillController..
[2026-01-12 18시23분45초	1768209825963]	0ms

[2026-01-12 18시23분45초	1768209825979]	DamageController..
[2026-01-12 18시23분45초	1768209825979]	0ms

[2026-01-12 18시23분45초	1768209825981]	CharacterController..
[2026-01-12 18시23분45초	1768209825981]	0ms

[2026-01-12 18시23분45초	1768209825982]	TradeController..
[2026-01-12 18시23분45초	1768209825982]	0ms

[2026-01-12 18시23분45초	1768209825983]	DungeonController..
[2026-01-12 18시23분45초	1768209825983]	0ms

[2026-01-12 18시23분45초	1768209825983]	ShipController..
[2026-01-12 18시23분45초	1768209825984]	1ms

[2026-01-12 18시23분45초	1768209825984]	BuffController..
[2026-01-12 18시23분45초	1768209825985]	1ms

[2026-01-12 18시23분45초	1768209825989]	SummonController..
[2026-01-12 18시23분45초	1768209825989]	0ms

[2026-01-12 18시23분45초	1768209825990]	PartyController..
[2026-01-12 18시23분45초	1768209825990]	0ms

[2026-01-12 18시23분45초	1768209825991]	InnController..
[2026-01-12 18시23분45초	1768209825991]	0ms

[2026-01-12 18시23분45초	1768209825992]	BoardController..
[2026-01-12 18시23분45초	1768209825992]	0ms

[2026-01-12 18시23분45초	1768209825994]	LetterController..
[2026-01-12 18시23분45초	1768209825994]	0ms

[2026-01-12 18시23분45초	1768209825995]	UserShopController..
[2026-01-12 18시23분45초	1768209825995]	0ms

[2026-01-12 18시23분45초	1768209825997]	ChattingController..
[2026-01-12 18시23분45초	1768209825999]	2ms

[2026-01-12 18시23분46초	1768209826000]	ColosseumController..
[2026-01-12 18시23분46초	1768209826000]	0ms

[2026-01-12 18시23분46초	1768209826001]	CraftController..
[2026-01-12 18시23분46초	1768209826001]	0ms

[2026-01-12 18시23분46초	1768209826010]	BossController..
[2026-01-12 18시23분46초	1768209826010]	0ms

[2026-01-12 18시23분46초	1768209826011]	NoticeController..
[2026-01-12 18시23분46초	1768209826011]	0ms

[2026-01-12 18시23분46초	1768209826012]	FriendController..
[2026-01-12 18시23분46초	1768209826012]	0ms

[2026-01-12 18시23분46초	1768209826013]	BugScanningController..
[2026-01-12 18시23분46초	1768209826013]	0ms

[2026-01-12 18시23분46초	1768209826014]	MagicDollController..
[2026-01-12 18시23분46초	1768209826014]	0ms

[2026-01-12 18시23분46초	1768209826014]	ShopController..
[2026-01-12 18시23분46초	1768209826014]	0ms

[2026-01-12 18시23분46초	1768209826015]	WarehouseDatabase..
[2026-01-12 18시23분46초	1768209826016]	0ms

[2026-01-12 18시23분46초	1768209826016]	PakTools..
[2026-01-12 18시23분46초	1768209826017]	1ms

[2026-01-12 18시23분46초	1768209826018]	ScriptController...
[2026-01-12 18시23분46초	1768209826021]	3ms

[2026-01-12 18시23분46초	1768209826022]	GiranClanLordController..
[2026-01-12 18시23분46초	1768209826022]	0ms

[2026-01-12 18시23분46초	1768209826023]	TeamBattleController..
[2026-01-12 18시23분46초	1768209826023]	0ms

[2026-01-12 18시23분46초	1768209826024]	WorldClearController..
[2026-01-12 18시23분46초	1768209826024]	0ms

[2026-01-12 18시23분46초	1768209826025]	SpotController..
[2026-01-12 18시23분46초	1768209826025]	0ms

[2026-01-12 18시23분46초	1768209826025]	테베라스 컨트롤러..
[2026-01-12 18시23분46초	1768209826025]	0ms

[2026-01-12 18시23분46초	1768209826026]	지옥 컨트롤러..
[2026-01-12 18시23분46초	1768209826026]	0ms

[2026-01-12 18시23분46초	1768209826027]	지하수로 컨트롤러..
[2026-01-12 18시23분46초	1768209826027]	0ms

[2026-01-12 18시23분46초	1768209826027]	보물찾기컨트롤러..
[2026-01-12 18시23분46초	1768209826027]	0ms

[2026-01-12 18시23분46초	1768209826028]	마족신전 컨트롤러..
[2026-01-12 18시23분46초	1768209826028]	0ms

[2026-01-12 18시23분46초	1768209826028]	고무 컨트롤러..
[2026-01-12 18시23분46초	1768209826029]	정무던전 컨트롤러..
[2026-01-12 18시23분46초	1768209826033]	4ms

[2026-01-12 18시23분46초	1768209826033]	그신 컨트롤러..
[2026-01-12 18시23분46초	1768209826033]	0ms

[2026-01-12 18시23분46초	1768209826034]	라바던전 컨트롤러..
[2026-01-12 18시23분46초	1768209826034]	0ms

[2026-01-12 18시23분46초	1768209826035]	월드보스컨트롤러..
[2026-01-12 18시23분46초	1768209826035]	0ms

[2026-01-12 18시23분46초	1768209826035]	펭귄 사냥터 컨트롤러..
[2026-01-12 18시23분46초	1768209826035]	0ms

[2026-01-12 18시23분46초	1768209826036]	칠흑던전 컨트롤러..
[2026-01-12 18시23분46초	1768209826037]	악마왕의영토컨트롤러..
[2026-01-12 18시23분46초	1768209826037]	0ms

[2026-01-12 18시23분46초	1768209826038]	얼던컨트롤러..
[2026-01-12 18시23분46초	1768209826038]	0ms

[2026-01-12 18시23분46초	1768209826038]	기감 컨트롤러..
[2026-01-12 18시23분46초	1768209826038]	0ms

[2026-01-12 18시23분46초	1768209826039]	고라스컨트롤러..
[2026-01-12 18시23분46초	1768209826039]	0ms

[2026-01-12 18시23분46초	1768209826039]	드워프컨트롤러..
[2026-01-12 18시23분46초	1768209826039]	0ms

[2026-01-12 18시23분46초	1768209826040]	타임이벤트컨트롤러..
[2026-01-12 18시23분46초	1768209826040]	0ms

[2026-01-12 18시23분46초	1768209826041]	AutoHuntController..
[2026-01-12 18시23분46초	1768209826041]	0ms

[2026-01-12 18시23분46초	1768209826054]	DatabaseConnection..
[2026-01-12 18시23분46초	1768209826357]	303ms

[2026-01-12 18시23분46초	1768209826376]	ServerDatabase..
[2026-01-12 18시23분46초	1768209826407]	31ms

[2026-01-12 18시23분46초	1768209826410]	SlimeRaceController..
[2026-01-12 18시23분46초	1768209826413]	3ms

[2026-01-12 18시23분46초	1768209826414]	DogRaceController..
[2026-01-12 18시23분46초	1768209826416]	2ms

[2026-01-12 18시23분46초	1768209826418]	ClanController..
[2026-01-12 18시23분46초	1768209826427]	9ms

[2026-01-12 18시23분46초	1768209826429]	KingdomController..
[2026-01-12 18시23분46초	1768209826439]	10ms

[2026-01-12 18시23분46초	1768209826440]	AgitController..
[2026-01-12 18시23분46초	1768209826446]	6ms

[2026-01-12 18시23분46초	1768209826447]	AuctionController..
[2026-01-12 18시23분46초	1768209826453]	6ms

[2026-01-12 18시23분46초	1768209826457]	ItemDatabase..
[2026-01-12 18시23분46초	1768209826548]	91ms

[2026-01-12 18시23분46초	1768209826550]	ItemSetopionDatabase..
[2026-01-12 18시23분46초	1768209826557]	7ms

[2026-01-12 18시23분46초	1768209826559]	AutosellDatabase..
[2026-01-12 18시23분46초	1768209826579]	20ms

[2026-01-12 18시23분46초	1768209826579]	ItemSkillDatabase..
[2026-01-12 18시23분46초	1768209826582]	3ms

[2026-01-12 18시23분46초	1768209826583]	ItemBundleDatabase..
[2026-01-12 18시23분46초	1768209826591]	8ms

[2026-01-12 18시23분46초	1768209826592]	ItemChanceBundleDatabase..
[2026-01-12 18시23분46초	1768209826596]	4ms

[2026-01-12 18시23분46초	1768209826597]	FishItemListDatabase..
[2026-01-12 18시23분46초	1768209826599]	2ms

[2026-01-12 18시23분46초	1768209826600]	ItemTeleport..
[2026-01-12 18시23분46초	1768209826604]	4ms

[2026-01-12 18시23분46초	1768209826605]	PolyDatabase..
[2026-01-12 18시23분46초	1768209826609]	4ms

[2026-01-12 18시23분46초	1768209826610]	DungeonDatabase..
[2026-01-12 18시23분46초	1768209826616]	6ms

[2026-01-12 18시23분46초	1768209826617]	DefiniteDatabase..
[2026-01-12 18시23분46초	1768209826620]	3ms

[2026-01-12 18시23분46초	1768209826621]	ExpDatabase..
[2026-01-12 18시23분46초	1768209826624]	3ms

[2026-01-12 18시23분46초	1768209826624]	BackgroundDatabase..
[2026-01-12 18시23분46초	1768209826743]	119ms

[2026-01-12 18시23분46초	1768209826744]	SpriteFrameDatabase..
[2026-01-12 18시23분46초	1768209826796]	52ms

[2026-01-12 18시23분46초	1768209826797]	SkillDatabase..
[2026-01-12 18시23분46초	1768209826800]	3ms

[2026-01-12 18시23분46초	1768209826801]	NpcDatabase..
[2026-01-12 18시23분46초	1768209826810]	9ms

[2026-01-12 18시23분46초	1768209826818]	NpcShopDatabase..
[2026-01-12 18시23분46초	1768209826872]	54ms

[2026-01-12 18시23분46초	1768209826873]	NpcTeleportDatabase..
[2026-01-12 18시23분46초	1768209826876]	4ms

[2026-01-12 18시23분47초	1768209827012]	NpcSpawnlistDatabase..
[2026-01-12 18시23분47초	1768209827061]	49ms

[2026-01-12 18시23분47초	1768209827062]	EventController..
[2026-01-12 18시23분47초	1768209827063]	1ms

[2026-01-12 18시23분47초	1768209827064]	MonsterDatabase..
[2026-01-12 18시23분47초	1768209827081]	17ms

[2026-01-12 18시23분47초	1768209827082]	MonsterDropDatabase..
[2026-01-12 18시23분47초	1768209827109]	27ms

[2026-01-12 18시23분47초	1768209827110]	MonsterSkillDatabase..
[2026-01-12 18시23분47초	1768209827130]	19ms

[2026-01-12 18시23분47초	1768209827131]	MonsterSpawnlistDatabase..
[2026-01-12 18시23분48초	1768209828297]	1166ms

[2026-01-12 18시23분48초	1768209828298]	MonsterBossSpawnlistDatabase..
[2026-01-12 18시23분48초	1768209828301]	3ms

[2026-01-12 18시23분48초	1768209828302]	ServerDownBossListDatabase..
[2026-01-12 18시23분48초	1768209828303]	1ms

[2026-01-12 18시23분48초	1768209828304]	BadIpDatabase..
[2026-01-12 18시23분48초	1768209828306]	2ms

[2026-01-12 18시23분48초	1768209828306]	QuestController..
[2026-01-12 18시23분48초	1768209828309]	3ms

[2026-01-12 18시23분48초	1768209828309]	ServerOpcodesDatabase..
[2026-01-12 18시23분48초	1768209828314]	5ms

[2026-01-12 18시23분48초	1768209828314]	ServerNoticeDatabase..
[2026-01-12 18시23분48초	1768209828317]	3ms

[2026-01-12 18시23분48초	1768209828319]	RankController..
[2026-01-12 18시23분48초	1768209828344]	25ms

[2026-01-12 18시23분48초	1768209828345]	WantedController..
[2026-01-12 18시23분48초	1768209828350]	5ms

[2026-01-12 18시23분48초	1768209828350]	TeleportHomeDatabase..
[2026-01-12 18시23분48초	1768209828382]	32ms

[2026-01-12 18시23분48초	1768209828382]	TeleportResetDatabase..
[2026-01-12 18시23분48초	1768209828412]	30ms

[2026-01-12 18시23분48초	1768209828413]	ItemPinewandDatabase..
[2026-01-12 18시23분48초	1768209828415]	2ms

[2026-01-12 18시23분48초	1768209828415]	ItemMaplewandDatabase..
[2026-01-12 18시23분48초	1768209828418]	3ms

[2026-01-12 18시23분48초	1768209828418]	SummonListDatabase..
[2026-01-12 18시23분48초	1768209828421]	3ms

[2026-01-12 18시23분48초	1768209828421]	GmListDatabase..
[2026-01-12 18시23분48초	1768209828422]	1ms

[2026-01-12 18시23분48초	1768209828424]	MagicdollListDatabase..
[2026-01-12 18시23분48초	1768209828426]	2ms

[2026-01-12 18시23분48초	1768209828429]	PcMarketController..
[2026-01-12 18시23분48초	1768209828431]	2ms

[2026-01-12 18시23분48초	1768209828431]	ServerOptionDatabase..
[2026-01-12 18시23분48초	1768209828432]	1ms

[2026-01-12 18시23분48초	1768209828432]	TimeDungeonDatabase..
[2026-01-12 18시23분48초	1768209828433]	1ms

[2026-01-12 18시23분48초	1768209828434]	TeamBattleDatabase..
[2026-01-12 18시23분48초	1768209828435]	1ms

[2026-01-12 18시23분48초	1768209828435]	LifeLostItemDatabase..
[2026-01-12 18시23분48초	1768209828437]	2ms

[2026-01-12 18시23분48초	1768209828437]	GmTeleportDatabase..
[2026-01-12 18시23분48초	1768209828439]	2ms

[2026-01-12 18시23분48초	1768209828441]	무인혈맹컨트롤러..
[2026-01-12 18시23분48초	1768209828442]	1ms

[2026-01-12 18시23분48초	1768209828443]	HackNoCheckDatabase..
[2026-01-12 18시23분48초	1768209828444]	1ms

[2026-01-12 18시23분48초	1768209828445]	EnchantLostItemDatabase..
[2026-01-12 18시23분48초	1768209828467]	22ms

[2026-01-12 18시23분48초	1768209828468]	ItemDropMessageDatabase..
[2026-01-12 18시23분48초	1768209828469]	1ms

[2026-01-12 18시23분48초	1768209828470]	FishingController..
[2026-01-12 18시23분48초	1768209828726]	255ms

[2026-01-12 18시23분48초	1768209828739]	RobotController..
[2026-01-12 18시23분48초	1768209828833]	94ms

[2026-01-12 18시23분48초	1768209828837]	Server..
[2026-01-12 18시23분48초	1768209828902]	65ms

[2026-01-12 18시23분48초	1768209828902]	ServerThread..
[2026-01-12 18시23분48초	1768209828903]	1ms

[2026-01-12 18시23분48초	1768209828903]	ControllerTherad..
[2026-01-12 18시23분48초	1768209828904]	1ms

[2026-01-12 18시23분48초	1768209828904]	CharacterThread..
[2026-01-12 18시23분48초	1768209828905]	1ms

[2026-01-12 18시23분48초	1768209828906]	DatabaseThread..
[2026-01-12 18시23분48초	1768209828906]	0ms

[2026-01-12 18시23분48초	1768209828907]	CharacterControlThread..
[2026-01-12 18시23분48초	1768209828907]	0ms

[2026-01-12 18시23분48초	1768209828949]	FightController..
[2026-01-12 18시23분48초	1768209828965]	16ms

[2026-01-12 18시23분48초	1768209828966]	TimeThread..
[2026-01-12 18시23분48초	1768209828966]	0ms

[2026-01-12 18시23분48초	1768209828967]	AutoHuntThread..
[2026-01-12 18시23분48초	1768209828967]	0ms

[2026-01-12 18시23분48초	1768209828967]	======================================================================
[2026-01-12 18시23분48초	1768209828971]	Server Version  :  Lineage 2.0

[2026-01-12 18시23분48초	1768209828971]	Server Port      :  2000

[2026-01-12 18시23분48초	1768209828971]	계정 자동생성  :  on

[2026-01-12 18시23분48초	1768209828972]	인챈트 : 1.0배  ||  드랍 : 3.0배  ||  경험치 : 30.0배  ||  아데나 : 12.0배  ||  파티 : 1.1배

[2026-01-12 18시23분48초	1768209828972]	======================================================================
[2026-01-12 18시23분48초	1768209828972]	'서버' 가동되었습니다.

