[2026-01-13 20시29분32초	1768303772525]	Mysql..
[2026-01-13 20시29분32초	1768303772525]	2ms

[2026-01-13 20시29분32초	1768303772541]	lineage.conf file loading...
[2026-01-13 20시29분32초	1768303772570]	29ms

[2026-01-13 20시29분32초	1768303772574]	Lineage_Balance..
[2026-01-13 20시29분32초	1768303772588]	14ms

[2026-01-13 20시29분32초	1768303772589]	npc_promotion..
[2026-01-13 20시29분32초	1768303772590]	1ms

[2026-01-13 20시29분32초	1768303772591]	Socket..
[2026-01-13 20시29분32초	1768303772591]	0ms

[2026-01-13 20시29분32초	1768303772591]	Common..
[2026-01-13 20시29분32초	1768303772591]	0ms

[2026-01-13 20시29분32초	1768303772592]	EventThread..
[2026-01-13 20시29분32초	1768303772592]	0ms

[2026-01-13 20시29분32초	1768303772593]	AiExecuteThread..
[2026-01-13 20시29분32초	1768303772593]	0ms

[2026-01-13 20시29분32초	1768303772594]	AiThread..
[2026-01-13 20시29분32초	1768303772594]	0ms

[2026-01-13 20시29분32초	1768303772604]	World..
[2026-01-13 20시29분32초	1768303772678]	74ms

[2026-01-13 20시29분32초	1768303772680]	BookController..
[2026-01-13 20시29분32초	1768303772680]	0ms

[2026-01-13 20시29분32초	1768303772680]	InventoryController..
[2026-01-13 20시29분32초	1768303772680]	0ms

[2026-01-13 20시29분32초	1768303772689]	BasePacketPooling..
[2026-01-13 20시29분32초	1768303772689]	0ms

[2026-01-13 20시29분32초	1768303772691]	SkillController..
[2026-01-13 20시29분32초	1768303772694]	3ms

[2026-01-13 20시29분32초	1768303772699]	DamageController..
[2026-01-13 20시29분32초	1768303772699]	0ms

[2026-01-13 20시29분32초	1768303772701]	CharacterController..
[2026-01-13 20시29분32초	1768303772701]	0ms

[2026-01-13 20시29분32초	1768303772701]	TradeController..
[2026-01-13 20시29분32초	1768303772701]	0ms

[2026-01-13 20시29분32초	1768303772702]	DungeonController..
[2026-01-13 20시29분32초	1768303772702]	0ms

[2026-01-13 20시29분32초	1768303772702]	ShipController..
[2026-01-13 20시29분32초	1768303772702]	0ms

[2026-01-13 20시29분32초	1768303772703]	BuffController..
[2026-01-13 20시29분32초	1768303772703]	0ms

[2026-01-13 20시29분32초	1768303772706]	SummonController..
[2026-01-13 20시29분32초	1768303772706]	0ms

[2026-01-13 20시29분32초	1768303772707]	PartyController..
[2026-01-13 20시29분32초	1768303772707]	0ms

[2026-01-13 20시29분32초	1768303772708]	InnController..
[2026-01-13 20시29분32초	1768303772708]	0ms

[2026-01-13 20시29분32초	1768303772709]	BoardController..
[2026-01-13 20시29분32초	1768303772709]	0ms

[2026-01-13 20시29분32초	1768303772710]	LetterController..
[2026-01-13 20시29분32초	1768303772710]	0ms

[2026-01-13 20시29분32초	1768303772718]	UserShopController..
[2026-01-13 20시29분32초	1768303772718]	0ms

[2026-01-13 20시29분32초	1768303772720]	ChattingController..
[2026-01-13 20시29분32초	1768303772721]	1ms

[2026-01-13 20시29분32초	1768303772722]	ColosseumController..
[2026-01-13 20시29분32초	1768303772723]	1ms

[2026-01-13 20시29분32초	1768303772723]	CraftController..
[2026-01-13 20시29분32초	1768303772723]	0ms

[2026-01-13 20시29분32초	1768303772724]	BossController..
[2026-01-13 20시29분32초	1768303772725]	1ms

[2026-01-13 20시29분32초	1768303772725]	NoticeController..
[2026-01-13 20시29분32초	1768303772726]	1ms

[2026-01-13 20시29분32초	1768303772726]	FriendController..
[2026-01-13 20시29분32초	1768303772726]	0ms

[2026-01-13 20시29분32초	1768303772727]	BugScanningController..
[2026-01-13 20시29분32초	1768303772727]	0ms

[2026-01-13 20시29분32초	1768303772728]	MagicDollController..
[2026-01-13 20시29분32초	1768303772728]	0ms

[2026-01-13 20시29분32초	1768303772729]	ShopController..
[2026-01-13 20시29분32초	1768303772729]	0ms

[2026-01-13 20시29분32초	1768303772730]	WarehouseDatabase..
[2026-01-13 20시29분32초	1768303772730]	0ms

[2026-01-13 20시29분32초	1768303772731]	PakTools..
[2026-01-13 20시29분32초	1768303772732]	1ms

[2026-01-13 20시29분32초	1768303772733]	ScriptController...
[2026-01-13 20시29분32초	1768303772736]	3ms

[2026-01-13 20시29분32초	1768303772736]	GiranClanLordController..
[2026-01-13 20시29분32초	1768303772736]	0ms

[2026-01-13 20시29분32초	1768303772738]	TeamBattleController..
[2026-01-13 20시29분32초	1768303772738]	0ms

[2026-01-13 20시29분32초	1768303772739]	WorldClearController..
[2026-01-13 20시29분32초	1768303772739]	0ms

[2026-01-13 20시29분32초	1768303772739]	SpotController..
[2026-01-13 20시29분32초	1768303772739]	0ms

[2026-01-13 20시29분32초	1768303772740]	테베라스 컨트롤러..
[2026-01-13 20시29분32초	1768303772740]	0ms

[2026-01-13 20시29분32초	1768303772741]	지옥 컨트롤러..
[2026-01-13 20시29분32초	1768303772741]	0ms

[2026-01-13 20시29분32초	1768303772742]	지하수로 컨트롤러..
[2026-01-13 20시29분32초	1768303772742]	0ms

[2026-01-13 20시29분32초	1768303772742]	보물찾기컨트롤러..
[2026-01-13 20시29분32초	1768303772742]	0ms

[2026-01-13 20시29분32초	1768303772743]	마족신전 컨트롤러..
[2026-01-13 20시29분32초	1768303772743]	0ms

[2026-01-13 20시29분32초	1768303772744]	고무 컨트롤러..
[2026-01-13 20시29분32초	1768303772744]	정무던전 컨트롤러..
[2026-01-13 20시29분32초	1768303772748]	4ms

[2026-01-13 20시29분32초	1768303772749]	그신 컨트롤러..
[2026-01-13 20시29분32초	1768303772749]	0ms

[2026-01-13 20시29분32초	1768303772749]	라바던전 컨트롤러..
[2026-01-13 20시29분32초	1768303772750]	1ms

[2026-01-13 20시29분32초	1768303772750]	월드보스컨트롤러..
[2026-01-13 20시29분32초	1768303772750]	0ms

[2026-01-13 20시29분32초	1768303772751]	펭귄 사냥터 컨트롤러..
[2026-01-13 20시29분32초	1768303772751]	0ms

[2026-01-13 20시29분32초	1768303772751]	칠흑던전 컨트롤러..
[2026-01-13 20시29분32초	1768303772752]	악마왕의영토컨트롤러..
[2026-01-13 20시29분32초	1768303772752]	0ms

[2026-01-13 20시29분32초	1768303772753]	얼던컨트롤러..
[2026-01-13 20시29분32초	1768303772753]	0ms

[2026-01-13 20시29분32초	1768303772754]	기감 컨트롤러..
[2026-01-13 20시29분32초	1768303772754]	0ms

[2026-01-13 20시29분32초	1768303772755]	고라스컨트롤러..
[2026-01-13 20시29분32초	1768303772755]	0ms

[2026-01-13 20시29분32초	1768303772755]	드워프컨트롤러..
[2026-01-13 20시29분32초	1768303772755]	0ms

[2026-01-13 20시29분32초	1768303772756]	타임이벤트컨트롤러..
[2026-01-13 20시29분32초	1768303772756]	0ms

[2026-01-13 20시29분32초	1768303772757]	AutoHuntController..
[2026-01-13 20시29분32초	1768303772757]	0ms

[2026-01-13 20시29분32초	1768303772770]	DatabaseConnection..
[2026-01-13 20시29분33초	1768303773072]	302ms

[2026-01-13 20시29분33초	1768303773090]	ServerDatabase..
[2026-01-13 20시29분33초	1768303773121]	31ms

[2026-01-13 20시29분33초	1768303773124]	SlimeRaceController..
[2026-01-13 20시29분33초	1768303773126]	2ms

[2026-01-13 20시29분33초	1768303773128]	DogRaceController..
[2026-01-13 20시29분33초	1768303773130]	2ms

[2026-01-13 20시29분33초	1768303773132]	ClanController..
[2026-01-13 20시29분33초	1768303773138]	5ms

[2026-01-13 20시29분33초	1768303773140]	KingdomController..
[2026-01-13 20시29분33초	1768303773147]	7ms

[2026-01-13 20시29분33초	1768303773149]	AgitController..
[2026-01-13 20시29분33초	1768303773153]	4ms

[2026-01-13 20시29분33초	1768303773154]	AuctionController..
[2026-01-13 20시29분33초	1768303773159]	5ms

[2026-01-13 20시29분33초	1768303773165]	ItemDatabase..
[2026-01-13 20시29분33초	1768303773264]	99ms

[2026-01-13 20시29분33초	1768303773266]	ItemSetopionDatabase..
[2026-01-13 20시29분33초	1768303773269]	3ms

[2026-01-13 20시29분33초	1768303773270]	AutosellDatabase..
[2026-01-13 20시29분33초	1768303773293]	23ms

[2026-01-13 20시29분33초	1768303773294]	ItemSkillDatabase..
[2026-01-13 20시29분33초	1768303773296]	2ms

[2026-01-13 20시29분33초	1768303773297]	ItemBundleDatabase..
[2026-01-13 20시29분33초	1768303773301]	3ms

[2026-01-13 20시29분33초	1768303773301]	ItemChanceBundleDatabase..
[2026-01-13 20시29분33초	1768303773305]	3ms

[2026-01-13 20시29분33초	1768303773305]	FishItemListDatabase..
[2026-01-13 20시29분33초	1768303773307]	2ms

[2026-01-13 20시29분33초	1768303773308]	ItemTeleport..
[2026-01-13 20시29분33초	1768303773311]	3ms

[2026-01-13 20시29분33초	1768303773312]	PolyDatabase..
[2026-01-13 20시29분33초	1768303773316]	4ms

[2026-01-13 20시29분33초	1768303773317]	DungeonDatabase..
[2026-01-13 20시29분33초	1768303773321]	4ms

[2026-01-13 20시29분33초	1768303773322]	DefiniteDatabase..
[2026-01-13 20시29분33초	1768303773325]	3ms

[2026-01-13 20시29분33초	1768303773326]	ExpDatabase..
[2026-01-13 20시29분33초	1768303773328]	2ms

[2026-01-13 20시29분33초	1768303773328]	BackgroundDatabase..
[2026-01-13 20시29분33초	1768303773465]	137ms

[2026-01-13 20시29분33초	1768303773465]	SpriteFrameDatabase..
[2026-01-13 20시29분33초	1768303773536]	71ms

[2026-01-13 20시29분33초	1768303773537]	SkillDatabase..
[2026-01-13 20시29분33초	1768303773540]	3ms

[2026-01-13 20시29분33초	1768303773541]	NpcDatabase..
[2026-01-13 20시29분33초	1768303773551]	9ms

[2026-01-13 20시29분33초	1768303773552]	NpcShopDatabase..
[2026-01-13 20시29분33초	1768303773620]	68ms

[2026-01-13 20시29분33초	1768303773621]	NpcTeleportDatabase..
[2026-01-13 20시29분33초	1768303773624]	3ms

[2026-01-13 20시29분33초	1768303773781]	NpcSpawnlistDatabase..
[2026-01-13 20시29분33초	1768303773842]	61ms

[2026-01-13 20시29분33초	1768303773844]	EventController..
[2026-01-13 20시29분33초	1768303773845]	0ms

[2026-01-13 20시29분33초	1768303773846]	MonsterDatabase..
[2026-01-13 20시29분33초	1768303773862]	16ms

[2026-01-13 20시29분33초	1768303773864]	MonsterDropDatabase..
[2026-01-13 20시29분33초	1768303773890]	26ms

[2026-01-13 20시29분33초	1768303773892]	MonsterSkillDatabase..
[2026-01-13 20시29분33초	1768303773907]	16ms

[2026-01-13 20시29분33초	1768303773909]	MonsterSpawnlistDatabase..
[2026-01-13 20시29분35초	1768303775348]	1438ms

[2026-01-13 20시29분35초	1768303775349]	MonsterBossSpawnlistDatabase..
[2026-01-13 20시29분35초	1768303775352]	2ms

[2026-01-13 20시29분35초	1768303775352]	ServerDownBossListDatabase..
[2026-01-13 20시29분35초	1768303775354]	1ms

[2026-01-13 20시29분35초	1768303775354]	BadIpDatabase..
[2026-01-13 20시29분35초	1768303775356]	2ms

[2026-01-13 20시29분35초	1768303775356]	QuestController..
[2026-01-13 20시29분35초	1768303775357]	1ms

[2026-01-13 20시29분35초	1768303775358]	ServerOpcodesDatabase..
[2026-01-13 20시29분35초	1768303775361]	3ms

[2026-01-13 20시29분35초	1768303775362]	ServerNoticeDatabase..
[2026-01-13 20시29분35초	1768303775365]	3ms

[2026-01-13 20시29분35초	1768303775366]	RankController..
[2026-01-13 20시29분35초	1768303775389]	23ms

[2026-01-13 20시29분35초	1768303775390]	WantedController..
[2026-01-13 20시29분35초	1768303775394]	4ms

[2026-01-13 20시29분35초	1768303775395]	TeleportHomeDatabase..
[2026-01-13 20시29분35초	1768303775426]	31ms

[2026-01-13 20시29분35초	1768303775427]	TeleportResetDatabase..
[2026-01-13 20시29분35초	1768303775456]	29ms

[2026-01-13 20시29분35초	1768303775457]	ItemPinewandDatabase..
[2026-01-13 20시29분35초	1768303775459]	2ms

[2026-01-13 20시29분35초	1768303775460]	ItemMaplewandDatabase..
[2026-01-13 20시29분35초	1768303775462]	1ms

[2026-01-13 20시29분35초	1768303775462]	SummonListDatabase..
[2026-01-13 20시29분35초	1768303775464]	2ms

[2026-01-13 20시29분35초	1768303775465]	GmListDatabase..
[2026-01-13 20시29분35초	1768303775466]	1ms

[2026-01-13 20시29분35초	1768303775467]	MagicdollListDatabase..
[2026-01-13 20시29분35초	1768303775469]	2ms

[2026-01-13 20시29분35초	1768303775473]	PcMarketController..
[2026-01-13 20시29분35초	1768303775474]	1ms

[2026-01-13 20시29분35초	1768303775474]	ServerOptionDatabase..
[2026-01-13 20시29분35초	1768303775475]	1ms

[2026-01-13 20시29분35초	1768303775475]	TimeDungeonDatabase..
[2026-01-13 20시29분35초	1768303775476]	1ms

[2026-01-13 20시29분35초	1768303775477]	TeamBattleDatabase..
[2026-01-13 20시29분35초	1768303775477]	0ms

[2026-01-13 20시29분35초	1768303775478]	LifeLostItemDatabase..
[2026-01-13 20시29분35초	1768303775479]	1ms

[2026-01-13 20시29분35초	1768303775480]	GmTeleportDatabase..
[2026-01-13 20시29분35초	1768303775482]	1ms

[2026-01-13 20시29분35초	1768303775483]	무인혈맹컨트롤러..
[2026-01-13 20시29분35초	1768303775485]	2ms

[2026-01-13 20시29분35초	1768303775486]	HackNoCheckDatabase..
[2026-01-13 20시29분35초	1768303775486]	0ms

[2026-01-13 20시29분35초	1768303775487]	EnchantLostItemDatabase..
[2026-01-13 20시29분35초	1768303775508]	21ms

[2026-01-13 20시29분35초	1768303775509]	ItemDropMessageDatabase..
[2026-01-13 20시29분35초	1768303775510]	0ms

[2026-01-13 20시29분35초	1768303775511]	FishingController..
[2026-01-13 20시29분35초	1768303775774]	263ms

[2026-01-13 20시29분35초	1768303775787]	RobotController..
[2026-01-13 20시29분35초	1768303775811]	24ms

[2026-01-13 20시29분35초	1768303775812]	Server..
[2026-01-13 20시29분35초	1768303775872]	60ms

[2026-01-13 20시29분35초	1768303775873]	ServerThread..
[2026-01-13 20시29분35초	1768303775873]	0ms

[2026-01-13 20시29분35초	1768303775874]	ControllerTherad..
[2026-01-13 20시29분35초	1768303775874]	0ms

[2026-01-13 20시29분35초	1768303775875]	CharacterThread..
[2026-01-13 20시29분35초	1768303775875]	0ms

[2026-01-13 20시29분35초	1768303775876]	DatabaseThread..
[2026-01-13 20시29분35초	1768303775876]	0ms

[2026-01-13 20시29분35초	1768303775877]	CharacterControlThread..
[2026-01-13 20시29분35초	1768303775877]	0ms

[2026-01-13 20시29분35초	1768303775881]	FightController..
[2026-01-13 20시29분35초	1768303775939]	58ms

[2026-01-13 20시29분35초	1768303775939]	TimeThread..
[2026-01-13 20시29분35초	1768303775940]	1ms

[2026-01-13 20시29분35초	1768303775940]	AutoHuntThread..
[2026-01-13 20시29분35초	1768303775941]	1ms

[2026-01-13 20시29분35초	1768303775941]	======================================================================
[2026-01-13 20시29분35초	1768303775941]	Server Version  :  Lineage 2.0

[2026-01-13 20시29분35초	1768303775941]	Server Port      :  2000

[2026-01-13 20시29분35초	1768303775941]	계정 자동생성  :  on

[2026-01-13 20시29분35초	1768303775941]	인챈트 : 1.0배  ||  드랍 : 3.0배  ||  경험치 : 30.0배  ||  아데나 : 12.0배  ||  파티 : 1.1배

[2026-01-13 20시29분35초	1768303775941]	======================================================================
[2026-01-13 20시29분35초	1768303775941]	'서버' 가동되었습니다.

