[2026-01-13 00시54분20초	1768233260100]	Mysql..
[2026-01-13 00시54분20초	1768233260100]	1ms

[2026-01-13 00시54분20초	1768233260118]	lineage.conf file loading...
[2026-01-13 00시54분20초	1768233260148]	30ms

[2026-01-13 00시54분20초	1768233260156]	Lineage_Balance..
[2026-01-13 00시54분20초	1768233260166]	9ms

[2026-01-13 00시54분20초	1768233260167]	npc_promotion..
[2026-01-13 00시54분20초	1768233260167]	1ms

[2026-01-13 00시54분20초	1768233260168]	Socket..
[2026-01-13 00시54분20초	1768233260168]	0ms

[2026-01-13 00시54분20초	1768233260168]	Common..
[2026-01-13 00시54분20초	1768233260168]	0ms

[2026-01-13 00시54분20초	1768233260169]	EventThread..
[2026-01-13 00시54분20초	1768233260169]	0ms

[2026-01-13 00시54분20초	1768233260170]	AiExecuteThread..
[2026-01-13 00시54분20초	1768233260170]	0ms

[2026-01-13 00시54분20초	1768233260171]	AiThread..
[2026-01-13 00시54분20초	1768233260171]	0ms

[2026-01-13 00시54분20초	1768233260175]	World..
[2026-01-13 00시54분20초	1768233260262]	87ms

[2026-01-13 00시54분20초	1768233260264]	BookController..
[2026-01-13 00시54분20초	1768233260264]	0ms

[2026-01-13 00시54분20초	1768233260265]	InventoryController..
[2026-01-13 00시54분20초	1768233260265]	0ms

[2026-01-13 00시54분20초	1768233260265]	BasePacketPooling..
[2026-01-13 00시54분20초	1768233260265]	0ms

[2026-01-13 00시54분20초	1768233260268]	SkillController..
[2026-01-13 00시54분20초	1768233260268]	0ms

[2026-01-13 00시54분20초	1768233260276]	DamageController..
[2026-01-13 00시54분20초	1768233260276]	0ms

[2026-01-13 00시54분20초	1768233260278]	CharacterController..
[2026-01-13 00시54분20초	1768233260278]	0ms

[2026-01-13 00시54분20초	1768233260279]	TradeController..
[2026-01-13 00시54분20초	1768233260279]	0ms

[2026-01-13 00시54분20초	1768233260280]	DungeonController..
[2026-01-13 00시54분20초	1768233260280]	0ms

[2026-01-13 00시54분20초	1768233260280]	ShipController..
[2026-01-13 00시54분20초	1768233260280]	0ms

[2026-01-13 00시54분20초	1768233260281]	BuffController..
[2026-01-13 00시54분20초	1768233260281]	0ms

[2026-01-13 00시54분20초	1768233260285]	SummonController..
[2026-01-13 00시54분20초	1768233260285]	0ms

[2026-01-13 00시54분20초	1768233260286]	PartyController..
[2026-01-13 00시54분20초	1768233260286]	0ms

[2026-01-13 00시54분20초	1768233260287]	InnController..
[2026-01-13 00시54분20초	1768233260287]	0ms

[2026-01-13 00시54분20초	1768233260288]	BoardController..
[2026-01-13 00시54분20초	1768233260288]	0ms

[2026-01-13 00시54분20초	1768233260289]	LetterController..
[2026-01-13 00시54분20초	1768233260290]	1ms

[2026-01-13 00시54분20초	1768233260290]	UserShopController..
[2026-01-13 00시54분20초	1768233260290]	0ms

[2026-01-13 00시54분20초	1768233260292]	ChattingController..
[2026-01-13 00시54분20초	1768233260293]	1ms

[2026-01-13 00시54분20초	1768233260294]	ColosseumController..
[2026-01-13 00시54분20초	1768233260294]	0ms

[2026-01-13 00시54분20초	1768233260295]	CraftController..
[2026-01-13 00시54분20초	1768233260295]	0ms

[2026-01-13 00시54분20초	1768233260296]	BossController..
[2026-01-13 00시54분20초	1768233260296]	0ms

[2026-01-13 00시54분20초	1768233260297]	NoticeController..
[2026-01-13 00시54분20초	1768233260297]	0ms

[2026-01-13 00시54분20초	1768233260298]	FriendController..
[2026-01-13 00시54분20초	1768233260298]	0ms

[2026-01-13 00시54분20초	1768233260299]	BugScanningController..
[2026-01-13 00시54분20초	1768233260299]	0ms

[2026-01-13 00시54분20초	1768233260307]	MagicDollController..
[2026-01-13 00시54분20초	1768233260307]	0ms

[2026-01-13 00시54분20초	1768233260315]	ShopController..
[2026-01-13 00시54분20초	1768233260315]	0ms

[2026-01-13 00시54분20초	1768233260317]	WarehouseDatabase..
[2026-01-13 00시54분20초	1768233260317]	0ms

[2026-01-13 00시54분20초	1768233260317]	PakTools..
[2026-01-13 00시54분20초	1768233260319]	2ms

[2026-01-13 00시54분20초	1768233260319]	ScriptController...
[2026-01-13 00시54분20초	1768233260322]	3ms

[2026-01-13 00시54분20초	1768233260322]	GiranClanLordController..
[2026-01-13 00시54분20초	1768233260322]	0ms

[2026-01-13 00시54분20초	1768233260324]	TeamBattleController..
[2026-01-13 00시54분20초	1768233260324]	0ms

[2026-01-13 00시54분20초	1768233260325]	WorldClearController..
[2026-01-13 00시54분20초	1768233260325]	0ms

[2026-01-13 00시54분20초	1768233260326]	SpotController..
[2026-01-13 00시54분20초	1768233260326]	0ms

[2026-01-13 00시54분20초	1768233260329]	테베라스 컨트롤러..
[2026-01-13 00시54분20초	1768233260329]	2ms

[2026-01-13 00시54분20초	1768233260330]	지옥 컨트롤러..
[2026-01-13 00시54분20초	1768233260330]	0ms

[2026-01-13 00시54분20초	1768233260331]	지하수로 컨트롤러..
[2026-01-13 00시54분20초	1768233260331]	0ms

[2026-01-13 00시54분20초	1768233260331]	보물찾기컨트롤러..
[2026-01-13 00시54분20초	1768233260332]	1ms

[2026-01-13 00시54분20초	1768233260332]	마족신전 컨트롤러..
[2026-01-13 00시54분20초	1768233260332]	0ms

[2026-01-13 00시54분20초	1768233260333]	고무 컨트롤러..
[2026-01-13 00시54분20초	1768233260334]	정무던전 컨트롤러..
[2026-01-13 00시54분20초	1768233260338]	3ms

[2026-01-13 00시54분20초	1768233260338]	그신 컨트롤러..
[2026-01-13 00시54분20초	1768233260338]	0ms

[2026-01-13 00시54분20초	1768233260339]	라바던전 컨트롤러..
[2026-01-13 00시54분20초	1768233260339]	0ms

[2026-01-13 00시54분20초	1768233260341]	월드보스컨트롤러..
[2026-01-13 00시54분20초	1768233260341]	0ms

[2026-01-13 00시54분20초	1768233260341]	펭귄 사냥터 컨트롤러..
[2026-01-13 00시54분20초	1768233260341]	0ms

[2026-01-13 00시54분20초	1768233260342]	칠흑던전 컨트롤러..
[2026-01-13 00시54분20초	1768233260343]	악마왕의영토컨트롤러..
[2026-01-13 00시54분20초	1768233260343]	0ms

[2026-01-13 00시54분20초	1768233260343]	얼던컨트롤러..
[2026-01-13 00시54분20초	1768233260343]	0ms

[2026-01-13 00시54분20초	1768233260344]	기감 컨트롤러..
[2026-01-13 00시54분20초	1768233260344]	0ms

[2026-01-13 00시54분20초	1768233260345]	고라스컨트롤러..
[2026-01-13 00시54분20초	1768233260345]	0ms

[2026-01-13 00시54분20초	1768233260346]	드워프컨트롤러..
[2026-01-13 00시54분20초	1768233260346]	0ms

[2026-01-13 00시54분20초	1768233260346]	타임이벤트컨트롤러..
[2026-01-13 00시54분20초	1768233260346]	0ms

[2026-01-13 00시54분20초	1768233260347]	AutoHuntController..
[2026-01-13 00시54분20초	1768233260347]	0ms

[2026-01-13 00시54분20초	1768233260361]	DatabaseConnection..
[2026-01-13 00시54분20초	1768233260679]	318ms

[2026-01-13 00시54분20초	1768233260693]	ServerDatabase..
[2026-01-13 00시54분20초	1768233260724]	31ms

[2026-01-13 00시54분20초	1768233260728]	SlimeRaceController..
[2026-01-13 00시54분20초	1768233260729]	1ms

[2026-01-13 00시54분20초	1768233260731]	DogRaceController..
[2026-01-13 00시54분20초	1768233260733]	2ms

[2026-01-13 00시54분20초	1768233260735]	ClanController..
[2026-01-13 00시54분20초	1768233260741]	6ms

[2026-01-13 00시54분20초	1768233260744]	KingdomController..
[2026-01-13 00시54분20초	1768233260751]	7ms

[2026-01-13 00시54분20초	1768233260752]	AgitController..
[2026-01-13 00시54분20초	1768233260756]	4ms

[2026-01-13 00시54분20초	1768233260758]	AuctionController..
[2026-01-13 00시54분20초	1768233260763]	5ms

[2026-01-13 00시54분20초	1768233260768]	ItemDatabase..
[2026-01-13 00시54분20초	1768233260870]	103ms

[2026-01-13 00시54분20초	1768233260871]	ItemSetopionDatabase..
[2026-01-13 00시54분20초	1768233260874]	3ms

[2026-01-13 00시54분20초	1768233260875]	AutosellDatabase..
[2026-01-13 00시54분20초	1768233260901]	26ms

[2026-01-13 00시54분20초	1768233260902]	ItemSkillDatabase..
[2026-01-13 00시54분20초	1768233260904]	2ms

[2026-01-13 00시54분20초	1768233260905]	ItemBundleDatabase..
[2026-01-13 00시54분20초	1768233260908]	3ms

[2026-01-13 00시54분20초	1768233260909]	ItemChanceBundleDatabase..
[2026-01-13 00시54분20초	1768233260913]	4ms

[2026-01-13 00시54분20초	1768233260914]	FishItemListDatabase..
[2026-01-13 00시54분20초	1768233260915]	1ms

[2026-01-13 00시54분20초	1768233260917]	ItemTeleport..
[2026-01-13 00시54분20초	1768233260918]	1ms

[2026-01-13 00시54분20초	1768233260920]	PolyDatabase..
[2026-01-13 00시54분20초	1768233260922]	2ms

[2026-01-13 00시54분20초	1768233260925]	DungeonDatabase..
[2026-01-13 00시54분20초	1768233260929]	4ms

[2026-01-13 00시54분20초	1768233260930]	DefiniteDatabase..
[2026-01-13 00시54분20초	1768233260932]	2ms

[2026-01-13 00시54분20초	1768233260932]	ExpDatabase..
[2026-01-13 00시54분20초	1768233260934]	2ms

[2026-01-13 00시54분20초	1768233260934]	BackgroundDatabase..
[2026-01-13 00시54분21초	1768233261081]	147ms

[2026-01-13 00시54분21초	1768233261081]	SpriteFrameDatabase..
[2026-01-13 00시54분21초	1768233261153]	72ms

[2026-01-13 00시54분21초	1768233261155]	SkillDatabase..
[2026-01-13 00시54분21초	1768233261157]	2ms

[2026-01-13 00시54분21초	1768233261158]	NpcDatabase..
[2026-01-13 00시54분21초	1768233261165]	7ms

[2026-01-13 00시54분21초	1768233261166]	NpcShopDatabase..
[2026-01-13 00시54분21초	1768233261229]	63ms

[2026-01-13 00시54분21초	1768233261229]	NpcTeleportDatabase..
[2026-01-13 00시54분21초	1768233261231]	2ms

[2026-01-13 00시54분21초	1768233261364]	NpcSpawnlistDatabase..
[2026-01-13 00시54분21초	1768233261420]	56ms

[2026-01-13 00시54분21초	1768233261422]	EventController..
[2026-01-13 00시54분21초	1768233261422]	0ms

[2026-01-13 00시54분21초	1768233261423]	MonsterDatabase..
[2026-01-13 00시54분21초	1768233261438]	15ms

[2026-01-13 00시54분21초	1768233261439]	MonsterDropDatabase..
[2026-01-13 00시54분21초	1768233261464]	25ms

[2026-01-13 00시54분21초	1768233261465]	MonsterSkillDatabase..
[2026-01-13 00시54분21초	1768233261479]	14ms

[2026-01-13 00시54분21초	1768233261481]	MonsterSpawnlistDatabase..
[2026-01-13 00시54분22초	1768233262443]	962ms

[2026-01-13 00시54분22초	1768233262444]	MonsterBossSpawnlistDatabase..
[2026-01-13 00시54분22초	1768233262446]	2ms

[2026-01-13 00시54분22초	1768233262446]	ServerDownBossListDatabase..
[2026-01-13 00시54분22초	1768233262447]	1ms

[2026-01-13 00시54분22초	1768233262448]	BadIpDatabase..
[2026-01-13 00시54분22초	1768233262450]	2ms

[2026-01-13 00시54분22초	1768233262450]	QuestController..
[2026-01-13 00시54분22초	1768233262451]	1ms

[2026-01-13 00시54분22초	1768233262451]	ServerOpcodesDatabase..
[2026-01-13 00시54분22초	1768233262454]	2ms

[2026-01-13 00시54분22초	1768233262454]	ServerNoticeDatabase..
[2026-01-13 00시54분22초	1768233262455]	1ms

[2026-01-13 00시54분22초	1768233262457]	RankController..
[2026-01-13 00시54분22초	1768233262480]	23ms

[2026-01-13 00시54분22초	1768233262481]	WantedController..
[2026-01-13 00시54분22초	1768233262485]	4ms

[2026-01-13 00시54분22초	1768233262486]	TeleportHomeDatabase..
[2026-01-13 00시54분22초	1768233262517]	31ms

[2026-01-13 00시54분22초	1768233262517]	TeleportResetDatabase..
[2026-01-13 00시54분22초	1768233262546]	29ms

[2026-01-13 00시54분22초	1768233262547]	ItemPinewandDatabase..
[2026-01-13 00시54분22초	1768233262548]	1ms

[2026-01-13 00시54분22초	1768233262548]	ItemMaplewandDatabase..
[2026-01-13 00시54분22초	1768233262549]	1ms

[2026-01-13 00시54분22초	1768233262550]	SummonListDatabase..
[2026-01-13 00시54분22초	1768233262551]	1ms

[2026-01-13 00시54분22초	1768233262551]	GmListDatabase..
[2026-01-13 00시54분22초	1768233262551]	0ms

[2026-01-13 00시54분22초	1768233262553]	MagicdollListDatabase..
[2026-01-13 00시54분22초	1768233262554]	1ms

[2026-01-13 00시54분22초	1768233262557]	PcMarketController..
[2026-01-13 00시54분22초	1768233262558]	1ms

[2026-01-13 00시54분22초	1768233262558]	ServerOptionDatabase..
[2026-01-13 00시54분22초	1768233262559]	1ms

[2026-01-13 00시54분22초	1768233262559]	TimeDungeonDatabase..
[2026-01-13 00시54분22초	1768233262560]	1ms

[2026-01-13 00시54분22초	1768233262560]	TeamBattleDatabase..
[2026-01-13 00시54분22초	1768233262561]	1ms

[2026-01-13 00시54분22초	1768233262561]	LifeLostItemDatabase..
[2026-01-13 00시54분22초	1768233262562]	1ms

[2026-01-13 00시54분22초	1768233262564]	GmTeleportDatabase..
[2026-01-13 00시54분22초	1768233262565]	1ms

[2026-01-13 00시54분22초	1768233262566]	무인혈맹컨트롤러..
[2026-01-13 00시54분22초	1768233262568]	2ms

[2026-01-13 00시54분22초	1768233262569]	HackNoCheckDatabase..
[2026-01-13 00시54분22초	1768233262569]	0ms

[2026-01-13 00시54분22초	1768233262570]	EnchantLostItemDatabase..
[2026-01-13 00시54분22초	1768233262590]	20ms

[2026-01-13 00시54분22초	1768233262591]	ItemDropMessageDatabase..
[2026-01-13 00시54분22초	1768233262592]	1ms

[2026-01-13 00시54분22초	1768233262593]	FishingController..
[2026-01-13 00시54분22초	1768233262849]	256ms

[2026-01-13 00시54분22초	1768233262861]	RobotController..
[2026-01-13 00시54분22초	1768233262884]	23ms

[2026-01-13 00시54분22초	1768233262885]	Server..
[2026-01-13 00시54분22초	1768233262943]	58ms

[2026-01-13 00시54분22초	1768233262944]	ServerThread..
[2026-01-13 00시54분22초	1768233262944]	0ms

[2026-01-13 00시54분22초	1768233262944]	ControllerTherad..
[2026-01-13 00시54분22초	1768233262945]	1ms

[2026-01-13 00시54분22초	1768233262945]	CharacterThread..
[2026-01-13 00시54분22초	1768233262945]	0ms

[2026-01-13 00시54분22초	1768233262946]	DatabaseThread..
[2026-01-13 00시54분22초	1768233262946]	0ms

[2026-01-13 00시54분22초	1768233262947]	CharacterControlThread..
[2026-01-13 00시54분22초	1768233262947]	0ms

[2026-01-13 00시54분22초	1768233262988]	FightController..
[2026-01-13 00시54분23초	1768233263002]	14ms

[2026-01-13 00시54분23초	1768233263003]	TimeThread..
[2026-01-13 00시54분23초	1768233263003]	0ms

[2026-01-13 00시54분23초	1768233263004]	AutoHuntThread..
[2026-01-13 00시54분23초	1768233263004]	0ms

[2026-01-13 00시54분23초	1768233263004]	======================================================================
[2026-01-13 00시54분23초	1768233263004]	Server Version  :  Lineage 2.0

[2026-01-13 00시54분23초	1768233263005]	Server Port      :  2000

[2026-01-13 00시54분23초	1768233263005]	계정 자동생성  :  on

[2026-01-13 00시54분23초	1768233263005]	인챈트 : 1.0배  ||  드랍 : 3.0배  ||  경험치 : 30.0배  ||  아데나 : 12.0배  ||  파티 : 1.1배

[2026-01-13 00시54분23초	1768233263005]	======================================================================
[2026-01-13 00시54분23초	1768233263005]	'서버' 가동되었습니다.

[2026-01-13 00시57분23초	1768233443594]	자동 저장완료 2026-01-13 00시57분23초
[2026-01-13 00시57분47초	1768233467944]	서버가 즉시 종료됩니다...
[2026-01-13 00시57분48초	1768233468944]	Thread close..
[2026-01-13 00시57분49초	1768233469945]	Save Database..
[2026-01-13 00시57분50초	1768233470900]	Socket close..
[2026-01-13 00시57분50초	1768233470900]	LineageServer Close...
[2026-01-13 00시57분50초	1768233470900]	0ms

[2026-01-13 00시57분50초	1768233470900]	ok..
