[2026-03-09 13시26분24초	1773030384792]	Mysql..
[2026-03-09 13시26분24초	1773030384793]	2ms

[2026-03-09 13시26분24초	1773030384816]	lineage.conf file loading...
[2026-03-09 13시26분24초	1773030384849]	33ms

[2026-03-09 13시26분24초	1773030384856]	Lineage_Balance..
[2026-03-09 13시26분24초	1773030384866]	10ms

[2026-03-09 13시26분24초	1773030384868]	npc_promotion..
[2026-03-09 13시26분24초	1773030384869]	1ms

[2026-03-09 13시26분24초	1773030384877]	Socket..
[2026-03-09 13시26분24초	1773030384878]	1ms

[2026-03-09 13시26분24초	1773030384878]	Common..
[2026-03-09 13시26분24초	1773030384878]	0ms

[2026-03-09 13시26분24초	1773030384886]	EventThread..
[2026-03-09 13시26분24초	1773030384886]	0ms

[2026-03-09 13시26분24초	1773030384887]	AiExecuteThread..
[2026-03-09 13시26분24초	1773030384888]	1ms

[2026-03-09 13시26분24초	1773030384889]	AiThread..
[2026-03-09 13시26분24초	1773030384889]	0ms

[2026-03-09 13시26분24초	1773030384900]	World..
[2026-03-09 13시26분24초	1773030384991]	91ms

[2026-03-09 13시26분24초	1773030384995]	BookController..
[2026-03-09 13시26분24초	1773030384996]	3ms

[2026-03-09 13시26분24초	1773030384997]	InventoryController..
[2026-03-09 13시26분24초	1773030384997]	0ms

[2026-03-09 13시26분24초	1773030384998]	BasePacketPooling..
[2026-03-09 13시26분24초	1773030384998]	0ms

[2026-03-09 13시26분25초	1773030385006]	SkillController..
[2026-03-09 13시26분25초	1773030385006]	0ms

[2026-03-09 13시26분25초	1773030385013]	DamageController..
[2026-03-09 13시26분25초	1773030385013]	0ms

[2026-03-09 13시26분25초	1773030385015]	CharacterController..
[2026-03-09 13시26분25초	1773030385015]	0ms

[2026-03-09 13시26분25초	1773030385016]	TradeController..
[2026-03-09 13시26분25초	1773030385017]	0ms

[2026-03-09 13시26분25초	1773030385017]	DungeonController..
[2026-03-09 13시26분25초	1773030385017]	0ms

[2026-03-09 13시26분25초	1773030385018]	ShipController..
[2026-03-09 13시26분25초	1773030385018]	0ms

[2026-03-09 13시26분25초	1773030385018]	BuffController..
[2026-03-09 13시26분25초	1773030385019]	1ms

[2026-03-09 13시26분25초	1773030385023]	SummonController..
[2026-03-09 13시26분25초	1773030385023]	0ms

[2026-03-09 13시26분25초	1773030385023]	PartyController..
[2026-03-09 13시26분25초	1773030385024]	1ms

[2026-03-09 13시26분25초	1773030385024]	InnController..
[2026-03-09 13시26분25초	1773030385024]	0ms

[2026-03-09 13시26분25초	1773030385026]	BoardController..
[2026-03-09 13시26분25초	1773030385026]	0ms

[2026-03-09 13시26분25초	1773030385027]	LetterController..
[2026-03-09 13시26분25초	1773030385027]	0ms

[2026-03-09 13시26분25초	1773030385028]	UserShopController..
[2026-03-09 13시26분25초	1773030385028]	0ms

[2026-03-09 13시26분25초	1773030385029]	ChattingController..
[2026-03-09 13시26분25초	1773030385031]	2ms

[2026-03-09 13시26분25초	1773030385033]	ColosseumController..
[2026-03-09 13시26분25초	1773030385033]	0ms

[2026-03-09 13시26분25초	1773030385034]	CraftController..
[2026-03-09 13시26분25초	1773030385034]	0ms

[2026-03-09 13시26분25초	1773030385035]	BossController..
[2026-03-09 13시26분25초	1773030385035]	0ms

[2026-03-09 13시26분25초	1773030385036]	NoticeController..
[2026-03-09 13시26분25초	1773030385036]	0ms

[2026-03-09 13시26분25초	1773030385037]	FriendController..
[2026-03-09 13시26분25초	1773030385037]	0ms

[2026-03-09 13시26분25초	1773030385038]	BugScanningController..
[2026-03-09 13시26분25초	1773030385038]	0ms

[2026-03-09 13시26분25초	1773030385039]	MagicDollController..
[2026-03-09 13시26분25초	1773030385039]	0ms

[2026-03-09 13시26분25초	1773030385040]	ShopController..
[2026-03-09 13시26분25초	1773030385040]	0ms

[2026-03-09 13시26분25초	1773030385048]	WarehouseDatabase..
[2026-03-09 13시26분25초	1773030385049]	0ms

[2026-03-09 13시26분25초	1773030385049]	PakTools..
[2026-03-09 13시26분25초	1773030385051]	2ms

[2026-03-09 13시26분25초	1773030385051]	ScriptController...
[2026-03-09 13시26분25초	1773030385056]	5ms

[2026-03-09 13시26분25초	1773030385056]	GiranClanLordController..
[2026-03-09 13시26분25초	1773030385056]	0ms

[2026-03-09 13시26분25초	1773030385058]	TeamBattleController..
[2026-03-09 13시26분25초	1773030385058]	0ms

[2026-03-09 13시26분25초	1773030385059]	WorldClearController..
[2026-03-09 13시26분25초	1773030385059]	0ms

[2026-03-09 13시26분25초	1773030385059]	SpotController..
[2026-03-09 13시26분25초	1773030385059]	0ms

[2026-03-09 13시26분25초	1773030385060]	테베라스 컨트롤러..
[2026-03-09 13시26분25초	1773030385060]	0ms

[2026-03-09 13시26분25초	1773030385061]	지옥 컨트롤러..
[2026-03-09 13시26분25초	1773030385061]	0ms

[2026-03-09 13시26분25초	1773030385062]	지하수로 컨트롤러..
[2026-03-09 13시26분25초	1773030385062]	0ms

[2026-03-09 13시26분25초	1773030385063]	보물찾기컨트롤러..
[2026-03-09 13시26분25초	1773030385063]	0ms

[2026-03-09 13시26분25초	1773030385064]	마족신전 컨트롤러..
[2026-03-09 13시26분25초	1773030385064]	0ms

[2026-03-09 13시26분25초	1773030385064]	고무 컨트롤러..
[2026-03-09 13시26분25초	1773030385065]	정무던전 컨트롤러..
[2026-03-09 13시26분25초	1773030385071]	6ms

[2026-03-09 13시26분25초	1773030385072]	그신 컨트롤러..
[2026-03-09 13시26분25초	1773030385072]	0ms

[2026-03-09 13시26분25초	1773030385072]	라바던전 컨트롤러..
[2026-03-09 13시26분25초	1773030385073]	1ms

[2026-03-09 13시26분25초	1773030385073]	월드보스컨트롤러..
[2026-03-09 13시26분25초	1773030385073]	0ms

[2026-03-09 13시26분25초	1773030385074]	펭귄 사냥터 컨트롤러..
[2026-03-09 13시26분25초	1773030385074]	0ms

[2026-03-09 13시26분25초	1773030385075]	칠흑던전 컨트롤러..
[2026-03-09 13시26분25초	1773030385075]	칠흑던전3층 컨트롤러..
[2026-03-09 13시26분25초	1773030385075]	0ms

[2026-03-09 13시26분25초	1773030385076]	칠흑던전4층 컨트롤러..
[2026-03-09 13시26분25초	1773030385076]	0ms

[2026-03-09 13시26분25초	1773030385077]	악마왕의영토컨트롤러..
[2026-03-09 13시26분25초	1773030385077]	0ms

[2026-03-09 13시26분25초	1773030385078]	얼던컨트롤러..
[2026-03-09 13시26분25초	1773030385078]	0ms

[2026-03-09 13시26분25초	1773030385078]	오만1층 컨트롤러..
[2026-03-09 13시26분25초	1773030385079]	1ms

[2026-03-09 13시26분25초	1773030385079]	오만1층 컨트롤러..
[2026-03-09 13시26분25초	1773030385079]	0ms

[2026-03-09 13시26분25초	1773030385080]	오만3층 컨트롤러..
[2026-03-09 13시26분25초	1773030385080]	0ms

[2026-03-09 13시26분25초	1773030385081]	오만4층 컨트롤러..
[2026-03-09 13시26분25초	1773030385081]	0ms

[2026-03-09 13시26분25초	1773030385082]	오만5층 컨트롤러..
[2026-03-09 13시26분25초	1773030385082]	0ms

[2026-03-09 13시26분25초	1773030385083]	오만6층 컨트롤러..
[2026-03-09 13시26분25초	1773030385083]	0ms

[2026-03-09 13시26분25초	1773030385084]	오만7층 컨트롤러..
[2026-03-09 13시26분25초	1773030385084]	0ms

[2026-03-09 13시26분25초	1773030385085]	오만8층 컨트롤러..
[2026-03-09 13시26분25초	1773030385085]	0ms

[2026-03-09 13시26분25초	1773030385086]	오만9층 컨트롤러..
[2026-03-09 13시26분25초	1773030385086]	0ms

[2026-03-09 13시26분25초	1773030385086]	오만10층 컨트롤러..
[2026-03-09 13시26분25초	1773030385087]	1ms

[2026-03-09 13시26분25초	1773030385087]	오만정상 컨트롤러..
[2026-03-09 13시26분25초	1773030385087]	0ms

[2026-03-09 13시26분25초	1773030385088]	기감 컨트롤러..
[2026-03-09 13시26분25초	1773030385089]	1ms

[2026-03-09 13시26분25초	1773030385089]	고라스컨트롤러..
[2026-03-09 13시26분25초	1773030385090]	1ms

[2026-03-09 13시26분25초	1773030385090]	드워프컨트롤러..
[2026-03-09 13시26분25초	1773030385090]	0ms

[2026-03-09 13시26분25초	1773030385091]	타임이벤트컨트롤러..
[2026-03-09 13시26분25초	1773030385091]	0ms

[2026-03-09 13시26분25초	1773030385092]	AutoHuntController..
[2026-03-09 13시26분25초	1773030385092]	0ms

[2026-03-09 13시26분25초	1773030385112]	DatabaseConnection..
[2026-03-09 13시26분25초	1773030385466]	354ms

[2026-03-09 13시26분25초	1773030385481]	ServerDatabase..
[2026-03-09 13시26분25초	1773030385532]	51ms

[2026-03-09 13시26분25초	1773030385535]	SlimeRaceController..
[2026-03-09 13시26분25초	1773030385539]	4ms

[2026-03-09 13시26분25초	1773030385541]	DogRaceController..
[2026-03-09 13시26분25초	1773030385543]	2ms

[2026-03-09 13시26분25초	1773030385546]	ClanController..
[2026-03-09 13시26분25초	1773030385553]	7ms

[2026-03-09 13시26분25초	1773030385556]	KingdomController..
[2026-03-09 13시26분25초	1773030385568]	12ms

[2026-03-09 13시26분25초	1773030385570]	AgitController..
[2026-03-09 13시26분25초	1773030385577]	7ms

[2026-03-09 13시26분25초	1773030385578]	AuctionController..
[2026-03-09 13시26분25초	1773030385586]	8ms

[2026-03-09 13시26분25초	1773030385591]	ItemDatabase..
[2026-03-09 13시26분25초	1773030385697]	106ms

[2026-03-09 13시26분25초	1773030385698]	ItemSetopionDatabase..
[2026-03-09 13시26분25초	1773030385703]	5ms

[2026-03-09 13시26분25초	1773030385704]	AutosellDatabase..
[2026-03-09 13시26분25초	1773030385734]	30ms

[2026-03-09 13시26분25초	1773030385735]	ItemSkillDatabase..
[2026-03-09 13시26분25초	1773030385736]	1ms

[2026-03-09 13시26분25초	1773030385737]	ItemBundleDatabase..
[2026-03-09 13시26분25초	1773030385742]	5ms

[2026-03-09 13시26분25초	1773030385743]	ItemChanceBundleDatabase..
[2026-03-09 13시26분25초	1773030385750]	7ms

[2026-03-09 13시26분25초	1773030385751]	FishItemListDatabase..
[2026-03-09 13시26분25초	1773030385753]	2ms

[2026-03-09 13시26분25초	1773030385754]	ItemTeleport..
[2026-03-09 13시26분25초	1773030385759]	5ms

[2026-03-09 13시26분25초	1773030385760]	PolyDatabase..
[2026-03-09 13시26분25초	1773030385765]	5ms

[2026-03-09 13시26분25초	1773030385766]	DungeonDatabase..
[2026-03-09 13시26분25초	1773030385773]	7ms

[2026-03-09 13시26분25초	1773030385774]	DefiniteDatabase..
[2026-03-09 13시26분25초	1773030385782]	8ms

[2026-03-09 13시26분25초	1773030385782]	ExpDatabase..
[2026-03-09 13시26분25초	1773030385787]	5ms

[2026-03-09 13시26분25초	1773030385787]	BackgroundDatabase..
[2026-03-09 13시26분25초	1773030385942]	155ms

[2026-03-09 13시26분25초	1773030385942]	SpriteFrameDatabase..
[2026-03-09 13시26분26초	1773030386019]	77ms

[2026-03-09 13시26분26초	1773030386020]	SkillDatabase..
[2026-03-09 13시26분26초	1773030386025]	5ms

[2026-03-09 13시26분26초	1773030386026]	NpcDatabase..
[2026-03-09 13시26분26초	1773030386037]	11ms

[2026-03-09 13시26분26초	1773030386038]	NpcShopDatabase..
[2026-03-09 13시26분26초	1773030386101]	63ms

[2026-03-09 13시26분26초	1773030386110]	NpcTeleportDatabase..
[2026-03-09 13시26분26초	1773030386115]	5ms

[2026-03-09 13시26분26초	1773030386319]	NpcSpawnlistDatabase..
[2026-03-09 13시26분26초	1773030386391]	72ms

[2026-03-09 13시26분26초	1773030386393]	EventController..
[2026-03-09 13시26분26초	1773030386393]	0ms

[2026-03-09 13시26분26초	1773030386395]	MonsterDatabase..
[2026-03-09 13시26분26초	1773030386413]	18ms

[2026-03-09 13시26분26초	1773030386414]	MonsterDropDatabase..
[2026-03-09 13시26분26초	1773030386447]	33ms

[2026-03-09 13시26분26초	1773030386448]	MonsterSkillDatabase..
[2026-03-09 13시26분26초	1773030386462]	14ms

[2026-03-09 13시26분26초	1773030386464]	MonsterSpawnlistDatabase..
[2026-03-09 13시26분27초	1773030387703]	1239ms

[2026-03-09 13시26분27초	1773030387704]	MonsterBossSpawnlistDatabase..
[2026-03-09 13시26분27초	1773030387709]	5ms

[2026-03-09 13시26분27초	1773030387710]	ServerDownBossListDatabase..
[2026-03-09 13시26분27초	1773030387712]	2ms

[2026-03-09 13시26분27초	1773030387713]	BadIpDatabase..
[2026-03-09 13시26분27초	1773030387717]	4ms

[2026-03-09 13시26분27초	1773030387717]	QuestController..
[2026-03-09 13시26분27초	1773030387719]	2ms

[2026-03-09 13시26분27초	1773030387720]	ServerOpcodesDatabase..
[2026-03-09 13시26분27초	1773030387725]	5ms

[2026-03-09 13시26분27초	1773030387726]	ServerNoticeDatabase..
[2026-03-09 13시26분27초	1773030387729]	3ms

[2026-03-09 13시26분27초	1773030387731]	RankController..
[2026-03-09 13시26분27초	1773030387737]	6ms

[2026-03-09 13시26분27초	1773030387738]	WantedController..
[2026-03-09 13시26분27초	1773030387740]	2ms

[2026-03-09 13시26분27초	1773030387741]	TeleportHomeDatabase..
[2026-03-09 13시26분27초	1773030387774]	33ms

[2026-03-09 13시26분27초	1773030387775]	TeleportResetDatabase..
[2026-03-09 13시26분27초	1773030387807]	32ms

[2026-03-09 13시26분27초	1773030387808]	ItemPinewandDatabase..
[2026-03-09 13시26분27초	1773030387811]	3ms

[2026-03-09 13시26분27초	1773030387812]	ItemMaplewandDatabase..
[2026-03-09 13시26분27초	1773030387816]	4ms

[2026-03-09 13시26분27초	1773030387816]	SummonListDatabase..
[2026-03-09 13시26분27초	1773030387820]	4ms

[2026-03-09 13시26분27초	1773030387820]	GmListDatabase..
[2026-03-09 13시26분27초	1773030387822]	2ms

[2026-03-09 13시26분27초	1773030387824]	MagicdollListDatabase..
[2026-03-09 13시26분27초	1773030387827]	3ms

[2026-03-09 13시26분27초	1773030387832]	PcMarketController..
[2026-03-09 13시26분27초	1773030387834]	2ms

[2026-03-09 13시26분27초	1773030387835]	ServerOptionDatabase..
[2026-03-09 13시26분27초	1773030387837]	2ms

[2026-03-09 13시26분27초	1773030387838]	TimeDungeonDatabase..
[2026-03-09 13시26분27초	1773030387839]	1ms

[2026-03-09 13시26분27초	1773030387840]	TeamBattleDatabase..
[2026-03-09 13시26분27초	1773030387842]	2ms

[2026-03-09 13시26분27초	1773030387843]	LifeLostItemDatabase..
[2026-03-09 13시26분27초	1773030387845]	2ms

[2026-03-09 13시26분27초	1773030387846]	GmTeleportDatabase..
[2026-03-09 13시26분27초	1773030387848]	2ms

[2026-03-09 13시26분27초	1773030387851]	무인혈맹컨트롤러..
[2026-03-09 13시26분27초	1773030387852]	1ms

[2026-03-09 13시26분27초	1773030387853]	HackNoCheckDatabase..
[2026-03-09 13시26분27초	1773030387854]	1ms

[2026-03-09 13시26분27초	1773030387856]	EnchantLostItemDatabase..
[2026-03-09 13시26분27초	1773030387857]	1ms

[2026-03-09 13시26분27초	1773030387859]	ItemDropMessageDatabase..
[2026-03-09 13시26분27초	1773030387861]	2ms

[2026-03-09 13시26분27초	1773030387863]	FishingController..
[2026-03-09 13시26분27초	1773030387876]	13ms

[2026-03-09 13시26분27초	1773030387893]	RobotController..
[2026-03-09 13시26분27초	1773030387919]	26ms

[2026-03-09 13시26분27초	1773030387922]	Server..
[2026-03-09 13시26분28초	1773030388035]	113ms

[2026-03-09 13시26분28초	1773030388036]	ServerThread..
[2026-03-09 13시26분28초	1773030388036]	0ms

[2026-03-09 13시26분28초	1773030388037]	ControllerTherad..
[2026-03-09 13시26분28초	1773030388037]	0ms

[2026-03-09 13시26분28초	1773030388038]	CharacterThread..
[2026-03-09 13시26분28초	1773030388038]	0ms

[2026-03-09 13시26분28초	1773030388039]	DatabaseThread..
[2026-03-09 13시26분28초	1773030388088]	4ms

[2026-03-09 13시26분28초	1773030388089]	CharacterControlThread..
[2026-03-09 13시26분28초	1773030388090]	1ms

[2026-03-09 13시26분28초	1773030388094]	FightController..
[2026-03-09 13시26분28초	1773030388130]	36ms

[2026-03-09 13시26분28초	1773030388131]	TimeThread..
[2026-03-09 13시26분28초	1773030388131]	0ms

[2026-03-09 13시26분28초	1773030388132]	AutoHuntThread..
[2026-03-09 13시26분28초	1773030388132]	0ms

[2026-03-09 13시26분28초	1773030388132]	======================================================================
[2026-03-09 13시26분28초	1773030388133]	Server Version  :  Lineage 2.0

[2026-03-09 13시26분28초	1773030388133]	Server Port      :  2000

[2026-03-09 13시26분28초	1773030388133]	계정 자동생성  :  on

[2026-03-09 13시26분28초	1773030388133]	인챈트 : 1.0배  ||  드랍 : 3.0배  ||  경험치 : 30.0배  ||  아데나 : 12.0배  ||  파티 : 1.1배

[2026-03-09 13시26분28초	1773030388133]	======================================================================
[2026-03-09 13시26분28초	1773030388133]	'서버' 가동되었습니다.

[2026-03-09 13시29분05초	1773030545904]	lineage.conf file loading...
[2026-03-09 13시29분05초	1773030545927]	23ms

[2026-03-09 13시29분07초	1773030547777]	Lineage_Balance..
[2026-03-09 13시29분07초	1773030547781]	4ms

[2026-03-09 13시29분28초	1773030568661]	자동 저장완료 2026-03-09 13시29분28초
[2026-03-09 13시31분24초	1773030684608]	item_skill 테이블 리로드 완료 - 
[2026-03-09 13시31분24초	1773030684635]	27ms

[2026-03-09 13시32분10초	1773030730790]	item_skill 테이블 리로드 완료 - 
[2026-03-09 13시32분10초	1773030730801]	11ms

[2026-03-09 13시32분29초	1773030749261]	자동 저장완료 2026-03-09 13시32분29초
[2026-03-09 13시35분29초	1773030929827]	자동 저장완료 2026-03-09 13시35분29초
[2026-03-09 13시38분30초	1773031110417]	자동 저장완료 2026-03-09 13시38분30초
[2026-03-09 13시41분30초	1773031290971]	자동 저장완료 2026-03-09 13시41분30초
[2026-03-09 13시42분22초	1773031342070]	축소 : zoom(9)
[2026-03-09 13시42분22초	1773031342109]	축소 : zoom(8)
[2026-03-09 13시42분22초	1773031342378]	축소 : zoom(7)
[2026-03-09 13시42분22초	1773031342399]	축소 : zoom(6)
[2026-03-09 13시42분22초	1773031342428]	축소 : zoom(5)
[2026-03-09 13시42분22초	1773031342697]	축소 : zoom(4)
[2026-03-09 13시42분22초	1773031342719]	축소 : zoom(3)
[2026-03-09 13시42분22초	1773031342748]	축소 : zoom(2)
[2026-03-09 13시42분23초	1773031343028]	축소 : zoom(1)
[2026-03-09 13시44분31초	1773031471608]	자동 저장완료 2026-03-09 13시44분31초
[2026-03-09 13시46분28초	1773031588710]	서버가 즉시 종료됩니다...
[2026-03-09 13시46분29초	1773031589711]	Thread close..
[2026-03-09 13시46분30초	1773031590711]	Save Database..
[2026-03-09 13시46분31초	1773031591248]	Socket close..
[2026-03-09 13시46분31초	1773031591248]	LineageServer Close...
[2026-03-09 13시46분31초	1773031591248]	0ms

[2026-03-09 13시46분31초	1773031591248]	ok..
