[2026-01-10 14시29분43초	1768022983173]	Mysql..
[2026-01-10 14시29분43초	1768022983173]	2ms

[2026-01-10 14시29분43초	1768022983189]	lineage.conf file loading...
[2026-01-10 14시29분43초	1768022983219]	30ms

[2026-01-10 14시29분43초	1768022983226]	Lineage_Balance..
[2026-01-10 14시29분43초	1768022983234]	8ms

[2026-01-10 14시29분43초	1768022983236]	npc_promotion..
[2026-01-10 14시29분43초	1768022983236]	0ms

[2026-01-10 14시29분43초	1768022983237]	Socket..
[2026-01-10 14시29분43초	1768022983238]	1ms

[2026-01-10 14시29분43초	1768022983238]	Common..
[2026-01-10 14시29분43초	1768022983238]	0ms

[2026-01-10 14시29분43초	1768022983239]	EventThread..
[2026-01-10 14시29분43초	1768022983239]	0ms

[2026-01-10 14시29분43초	1768022983240]	AiExecuteThread..
[2026-01-10 14시29분43초	1768022983240]	0ms

[2026-01-10 14시29분43초	1768022983241]	AiThread..
[2026-01-10 14시29분43초	1768022983242]	0ms

[2026-01-10 14시29분43초	1768022983246]	World..
[2026-01-10 14시29분43초	1768022983352]	106ms

[2026-01-10 14시29분43초	1768022983354]	BookController..
[2026-01-10 14시29분43초	1768022983354]	0ms

[2026-01-10 14시29분43초	1768022983355]	InventoryController..
[2026-01-10 14시29분43초	1768022983355]	0ms

[2026-01-10 14시29분43초	1768022983355]	BasePacketPooling..
[2026-01-10 14시29분43초	1768022983355]	0ms

[2026-01-10 14시29분43초	1768022983364]	SkillController..
[2026-01-10 14시29분43초	1768022983367]	0ms

[2026-01-10 14시29분43초	1768022983374]	DamageController..
[2026-01-10 14시29분43초	1768022983374]	0ms

[2026-01-10 14시29분43초	1768022983376]	CharacterController..
[2026-01-10 14시29분43초	1768022983376]	0ms

[2026-01-10 14시29분43초	1768022983377]	TradeController..
[2026-01-10 14시29분43초	1768022983377]	0ms

[2026-01-10 14시29분43초	1768022983378]	DungeonController..
[2026-01-10 14시29분43초	1768022983378]	0ms

[2026-01-10 14시29분43초	1768022983379]	ShipController..
[2026-01-10 14시29분43초	1768022983379]	0ms

[2026-01-10 14시29분43초	1768022983380]	BuffController..
[2026-01-10 14시29분43초	1768022983380]	0ms

[2026-01-10 14시29분43초	1768022983384]	SummonController..
[2026-01-10 14시29분43초	1768022983384]	0ms

[2026-01-10 14시29분43초	1768022983385]	PartyController..
[2026-01-10 14시29분43초	1768022983385]	0ms

[2026-01-10 14시29분43초	1768022983386]	InnController..
[2026-01-10 14시29분43초	1768022983386]	0ms

[2026-01-10 14시29분43초	1768022983395]	BoardController..
[2026-01-10 14시29분43초	1768022983395]	0ms

[2026-01-10 14시29분43초	1768022983397]	LetterController..
[2026-01-10 14시29분43초	1768022983397]	0ms

[2026-01-10 14시29분43초	1768022983398]	UserShopController..
[2026-01-10 14시29분43초	1768022983398]	0ms

[2026-01-10 14시29분43초	1768022983400]	ChattingController..
[2026-01-10 14시29분43초	1768022983401]	2ms

[2026-01-10 14시29분43초	1768022983402]	ColosseumController..
[2026-01-10 14시29분43초	1768022983402]	0ms

[2026-01-10 14시29분43초	1768022983403]	CraftController..
[2026-01-10 14시29분43초	1768022983403]	0ms

[2026-01-10 14시29분43초	1768022983404]	BossController..
[2026-01-10 14시29분43초	1768022983405]	1ms

[2026-01-10 14시29분43초	1768022983406]	NoticeController..
[2026-01-10 14시29분43초	1768022983406]	0ms

[2026-01-10 14시29분43초	1768022983407]	FriendController..
[2026-01-10 14시29분43초	1768022983407]	0ms

[2026-01-10 14시29분43초	1768022983408]	BugScanningController..
[2026-01-10 14시29분43초	1768022983408]	0ms

[2026-01-10 14시29분43초	1768022983410]	MagicDollController..
[2026-01-10 14시29분43초	1768022983410]	0ms

[2026-01-10 14시29분43초	1768022983411]	ShopController..
[2026-01-10 14시29분43초	1768022983411]	0ms

[2026-01-10 14시29분43초	1768022983412]	WarehouseDatabase..
[2026-01-10 14시29분43초	1768022983412]	0ms

[2026-01-10 14시29분43초	1768022983413]	PakTools..
[2026-01-10 14시29분43초	1768022983415]	2ms

[2026-01-10 14시29분43초	1768022983415]	ScriptController...
[2026-01-10 14시29분43초	1768022983418]	3ms

[2026-01-10 14시29분43초	1768022983419]	GiranClanLordController..
[2026-01-10 14시29분43초	1768022983419]	0ms

[2026-01-10 14시29분43초	1768022983421]	TeamBattleController..
[2026-01-10 14시29분43초	1768022983421]	0ms

[2026-01-10 14시29분43초	1768022983422]	WorldClearController..
[2026-01-10 14시29분43초	1768022983422]	0ms

[2026-01-10 14시29분43초	1768022983423]	SpotController..
[2026-01-10 14시29분43초	1768022983423]	1ms

[2026-01-10 14시29분43초	1768022983424]	테베라스 컨트롤러..
[2026-01-10 14시29분43초	1768022983424]	0ms

[2026-01-10 14시29분43초	1768022983425]	지옥 컨트롤러..
[2026-01-10 14시29분43초	1768022983425]	0ms

[2026-01-10 14시29분43초	1768022983426]	지하수로 컨트롤러..
[2026-01-10 14시29분43초	1768022983426]	0ms

[2026-01-10 14시29분43초	1768022983427]	보물찾기컨트롤러..
[2026-01-10 14시29분43초	1768022983427]	0ms

[2026-01-10 14시29분43초	1768022983428]	마족신전 컨트롤러..
[2026-01-10 14시29분43초	1768022983428]	0ms

[2026-01-10 14시29분43초	1768022983428]	고무 컨트롤러..
[2026-01-10 14시29분43초	1768022983429]	정무던전 컨트롤러..
[2026-01-10 14시29분43초	1768022983434]	5ms

[2026-01-10 14시29분43초	1768022983435]	그신 컨트롤러..
[2026-01-10 14시29분43초	1768022983435]	0ms

[2026-01-10 14시29분43초	1768022983436]	라바던전 컨트롤러..
[2026-01-10 14시29분43초	1768022983436]	0ms

[2026-01-10 14시29분43초	1768022983437]	월드보스컨트롤러..
[2026-01-10 14시29분43초	1768022983437]	0ms

[2026-01-10 14시29분43초	1768022983438]	펭귄 사냥터 컨트롤러..
[2026-01-10 14시29분43초	1768022983438]	0ms

[2026-01-10 14시29분43초	1768022983438]	칠흑던전 컨트롤러..
[2026-01-10 14시29분43초	1768022983439]	악마왕의영토컨트롤러..
[2026-01-10 14시29분43초	1768022983439]	0ms

[2026-01-10 14시29분43초	1768022983440]	얼던컨트롤러..
[2026-01-10 14시29분43초	1768022983440]	0ms

[2026-01-10 14시29분43초	1768022983441]	기감 컨트롤러..
[2026-01-10 14시29분43초	1768022983441]	0ms

[2026-01-10 14시29분43초	1768022983442]	고라스컨트롤러..
[2026-01-10 14시29분43초	1768022983442]	0ms

[2026-01-10 14시29분43초	1768022983443]	드워프컨트롤러..
[2026-01-10 14시29분43초	1768022983443]	0ms

[2026-01-10 14시29분43초	1768022983444]	타임이벤트컨트롤러..
[2026-01-10 14시29분43초	1768022983444]	0ms

[2026-01-10 14시29분43초	1768022983445]	AutoHuntController..
[2026-01-10 14시29분43초	1768022983445]	0ms

[2026-01-10 14시29분43초	1768022983445]	DatabaseConnection..
[2026-01-10 14시29분43초	1768022983740]	295ms

[2026-01-10 14시29분43초	1768022983767]	ServerDatabase..
[2026-01-10 14시29분43초	1768022983800]	33ms

[2026-01-10 14시29분43초	1768022983803]	SlimeRaceController..
[2026-01-10 14시29분43초	1768022983806]	3ms

[2026-01-10 14시29분43초	1768022983808]	DogRaceController..
[2026-01-10 14시29분43초	1768022983810]	1ms

[2026-01-10 14시29분43초	1768022983812]	ClanController..
[2026-01-10 14시29분43초	1768022983819]	7ms

[2026-01-10 14시29분43초	1768022983822]	KingdomController..
[2026-01-10 14시29분43초	1768022983830]	8ms

[2026-01-10 14시29분43초	1768022983832]	AgitController..
[2026-01-10 14시29분43초	1768022983837]	5ms

[2026-01-10 14시29분43초	1768022983838]	AuctionController..
[2026-01-10 14시29분43초	1768022983845]	7ms

[2026-01-10 14시29분43초	1768022983850]	ItemDatabase..
[2026-01-10 14시29분43초	1768022983951]	101ms

[2026-01-10 14시29분43초	1768022983952]	ItemSetopionDatabase..
[2026-01-10 14시29분43초	1768022983955]	3ms

[2026-01-10 14시29분43초	1768022983956]	AutosellDatabase..
[2026-01-10 14시29분43초	1768022983977]	21ms

[2026-01-10 14시29분43초	1768022983978]	ItemSkillDatabase..
[2026-01-10 14시29분43초	1768022983981]	3ms

[2026-01-10 14시29분43초	1768022983982]	ItemBundleDatabase..
[2026-01-10 14시29분43초	1768022983986]	4ms

[2026-01-10 14시29분43초	1768022983987]	ItemChanceBundleDatabase..
[2026-01-10 14시29분43초	1768022983991]	3ms

[2026-01-10 14시29분43초	1768022983992]	FishItemListDatabase..
[2026-01-10 14시29분43초	1768022983993]	1ms

[2026-01-10 14시29분43초	1768022983995]	ItemTeleport..
[2026-01-10 14시29분43초	1768022983997]	2ms

[2026-01-10 14시29분43초	1768022983999]	PolyDatabase..
[2026-01-10 14시29분44초	1768022984002]	3ms

[2026-01-10 14시29분44초	1768022984004]	DungeonDatabase..
[2026-01-10 14시29분44초	1768022984009]	6ms

[2026-01-10 14시29분44초	1768022984010]	DefiniteDatabase..
[2026-01-10 14시29분44초	1768022984013]	3ms

[2026-01-10 14시29분44초	1768022984013]	ExpDatabase..
[2026-01-10 14시29분44초	1768022984016]	3ms

[2026-01-10 14시29분44초	1768022984016]	BackgroundDatabase..
[2026-01-10 14시29분44초	1768022984171]	155ms

[2026-01-10 14시29분44초	1768022984171]	SpriteFrameDatabase..
[2026-01-10 14시29분44초	1768022984231]	60ms

[2026-01-10 14시29분44초	1768022984232]	SkillDatabase..
[2026-01-10 14시29분44초	1768022984235]	3ms

[2026-01-10 14시29분44초	1768022984236]	NpcDatabase..
[2026-01-10 14시29분44초	1768022984250]	14ms

[2026-01-10 14시29분44초	1768022984255]	NpcShopDatabase..
[2026-01-10 14시29분44초	1768022984317]	62ms

[2026-01-10 14시29분44초	1768022984318]	NpcTeleportDatabase..
[2026-01-10 14시29분44초	1768022984320]	2ms

[2026-01-10 14시29분44초	1768022984535]	NpcSpawnlistDatabase..
[2026-01-10 14시29분44초	1768022984587]	52ms

[2026-01-10 14시29분44초	1768022984589]	EventController..
[2026-01-10 14시29분44초	1768022984589]	0ms

[2026-01-10 14시29분44초	1768022984591]	MonsterDatabase..
[2026-01-10 14시29분44초	1768022984606]	15ms

[2026-01-10 14시29분44초	1768022984607]	MonsterDropDatabase..
[2026-01-10 14시29분44초	1768022984631]	24ms

[2026-01-10 14시29분44초	1768022984632]	MonsterSkillDatabase..
[2026-01-10 14시29분44초	1768022984645]	13ms

[2026-01-10 14시29분44초	1768022984647]	MonsterSpawnlistDatabase..
[2026-01-10 14시29분45초	1768022985805]	1158ms

[2026-01-10 14시29분45초	1768022985806]	MonsterBossSpawnlistDatabase..
[2026-01-10 14시29분45초	1768022985809]	3ms

[2026-01-10 14시29분45초	1768022985810]	ServerDownBossListDatabase..
[2026-01-10 14시29분45초	1768022985811]	1ms

[2026-01-10 14시29분45초	1768022985812]	BadIpDatabase..
[2026-01-10 14시29분45초	1768022985814]	2ms

[2026-01-10 14시29분45초	1768022985814]	QuestController..
[2026-01-10 14시29분45초	1768022985817]	3ms

[2026-01-10 14시29분45초	1768022985818]	ServerOpcodesDatabase..
[2026-01-10 14시29분45초	1768022985822]	4ms

[2026-01-10 14시29분45초	1768022985823]	ServerNoticeDatabase..
[2026-01-10 14시29분45초	1768022985826]	3ms

[2026-01-10 14시29분45초	1768022985828]	RankController..
[2026-01-10 14시29분45초	1768022985849]	21ms

[2026-01-10 14시29분45초	1768022985851]	WantedController..
[2026-01-10 14시29분45초	1768022985856]	5ms

[2026-01-10 14시29분45초	1768022985857]	TeleportHomeDatabase..
[2026-01-10 14시29분45초	1768022985889]	32ms

[2026-01-10 14시29분45초	1768022985890]	TeleportResetDatabase..
[2026-01-10 14시29분45초	1768022985919]	29ms

[2026-01-10 14시29분45초	1768022985920]	ItemPinewandDatabase..
[2026-01-10 14시29분45초	1768022985922]	2ms

[2026-01-10 14시29분45초	1768022985923]	ItemMaplewandDatabase..
[2026-01-10 14시29분45초	1768022985926]	3ms

[2026-01-10 14시29분45초	1768022985927]	SummonListDatabase..
[2026-01-10 14시29분45초	1768022985929]	2ms

[2026-01-10 14시29분45초	1768022985930]	GmListDatabase..
[2026-01-10 14시29분45초	1768022985931]	1ms

[2026-01-10 14시29분45초	1768022985932]	MagicdollListDatabase..
[2026-01-10 14시29분45초	1768022985934]	2ms

[2026-01-10 14시29분45초	1768022985939]	PcMarketController..
[2026-01-10 14시29분45초	1768022985940]	1ms

[2026-01-10 14시29분45초	1768022985941]	ServerOptionDatabase..
[2026-01-10 14시29분45초	1768022985941]	0ms

[2026-01-10 14시29분45초	1768022985942]	TimeDungeonDatabase..
[2026-01-10 14시29분45초	1768022985943]	1ms

[2026-01-10 14시29분45초	1768022985944]	TeamBattleDatabase..
[2026-01-10 14시29분45초	1768022985945]	1ms

[2026-01-10 14시29분45초	1768022985946]	LifeLostItemDatabase..
[2026-01-10 14시29분45초	1768022985948]	2ms

[2026-01-10 14시29분45초	1768022985949]	GmTeleportDatabase..
[2026-01-10 14시29분45초	1768022985950]	1ms

[2026-01-10 14시29분45초	1768022985953]	무인혈맹컨트롤러..
[2026-01-10 14시29분45초	1768022985955]	2ms

[2026-01-10 14시29분45초	1768022985956]	HackNoCheckDatabase..
[2026-01-10 14시29분45초	1768022985957]	1ms

[2026-01-10 14시29분45초	1768022985958]	EnchantLostItemDatabase..
[2026-01-10 14시29분45초	1768022985971]	13ms

[2026-01-10 14시29분45초	1768022985972]	ItemDropMessageDatabase..
[2026-01-10 14시29분45초	1768022985973]	1ms

[2026-01-10 14시29분45초	1768022985976]	FishingController..
[2026-01-10 14시29분46초	1768022986103]	127ms

[2026-01-10 14시29분46초	1768022986114]	RobotController..
[2026-01-10 14시29분46초	1768022986137]	23ms

[2026-01-10 14시29분46초	1768022986139]	Server..
[2026-01-10 14시29분46초	1768022986208]	69ms

[2026-01-10 14시29분46초	1768022986209]	ServerThread..
[2026-01-10 14시29분46초	1768022986209]	0ms

[2026-01-10 14시29분46초	1768022986210]	ControllerTherad..
[2026-01-10 14시29분46초	1768022986210]	0ms

[2026-01-10 14시29분46초	1768022986211]	CharacterThread..
[2026-01-10 14시29분46초	1768022986211]	0ms

[2026-01-10 14시29분46초	1768022986212]	DatabaseThread..
[2026-01-10 14시29분46초	1768022986212]	0ms

[2026-01-10 14시29분46초	1768022986213]	CharacterControlThread..
[2026-01-10 14시29분46초	1768022986213]	0ms

[2026-01-10 14시29분46초	1768022986271]	FightController..
[2026-01-10 14시29분46초	1768022986288]	17ms

[2026-01-10 14시29분46초	1768022986289]	TimeThread..
[2026-01-10 14시29분46초	1768022986289]	0ms

[2026-01-10 14시29분46초	1768022986290]	AutoHuntThread..
[2026-01-10 14시29분46초	1768022986290]	0ms

[2026-01-10 14시29분46초	1768022986290]	======================================================================
[2026-01-10 14시29분46초	1768022986291]	Server Version  :  Lineage 2.0

[2026-01-10 14시29분46초	1768022986291]	Server Port      :  2000

[2026-01-10 14시29분46초	1768022986291]	계정 자동생성  :  on

[2026-01-10 14시29분46초	1768022986292]	인챈트 : 1.0배  ||  드랍 : 3.0배  ||  경험치 : 30.0배  ||  아데나 : 12.0배  ||  파티 : 1.1배

[2026-01-10 14시29분46초	1768022986292]	======================================================================
[2026-01-10 14시29분46초	1768022986292]	'서버' 가동되었습니다.

[2026-01-10 14시30분18초	1768023018478]	서버가 즉시 종료됩니다...
[2026-01-10 14시30분19초	1768023019479]	Thread close..
[2026-01-10 14시30분20초	1768023020479]	Save Database..
[2026-01-10 14시30분21초	1768023021183]	Socket close..
[2026-01-10 14시30분21초	1768023021183]	LineageServer Close...
[2026-01-10 14시30분21초	1768023021183]	0ms

[2026-01-10 14시30분21초	1768023021183]	ok..
