[2026-01-14 13시10분47초	1768363847115]	Mysql..
[2026-01-14 13시10분47초	1768363847116]	2ms

[2026-01-14 13시10분47초	1768363847133]	lineage.conf file loading...
[2026-01-14 13시10분47초	1768363847160]	27ms

[2026-01-14 13시10분47초	1768363847167]	Lineage_Balance..
[2026-01-14 13시10분47초	1768363847175]	8ms

[2026-01-14 13시10분47초	1768363847176]	npc_promotion..
[2026-01-14 13시10분47초	1768363847176]	0ms

[2026-01-14 13시10분47초	1768363847177]	Socket..
[2026-01-14 13시10분47초	1768363847177]	0ms

[2026-01-14 13시10분47초	1768363847177]	Common..
[2026-01-14 13시10분47초	1768363847177]	0ms

[2026-01-14 13시10분47초	1768363847178]	EventThread..
[2026-01-14 13시10분47초	1768363847178]	0ms

[2026-01-14 13시10분47초	1768363847187]	AiExecuteThread..
[2026-01-14 13시10분47초	1768363847187]	0ms

[2026-01-14 13시10분47초	1768363847188]	AiThread..
[2026-01-14 13시10분47초	1768363847188]	0ms

[2026-01-14 13시10분47초	1768363847198]	World..
[2026-01-14 13시10분47초	1768363847287]	89ms

[2026-01-14 13시10분47초	1768363847289]	BookController..
[2026-01-14 13시10분47초	1768363847289]	0ms

[2026-01-14 13시10분47초	1768363847297]	InventoryController..
[2026-01-14 13시10분47초	1768363847297]	0ms

[2026-01-14 13시10분47초	1768363847297]	BasePacketPooling..
[2026-01-14 13시10분47초	1768363847297]	0ms

[2026-01-14 13시10분47초	1768363847299]	SkillController..
[2026-01-14 13시10분47초	1768363847300]	1ms

[2026-01-14 13시10분47초	1768363847307]	DamageController..
[2026-01-14 13시10분47초	1768363847307]	0ms

[2026-01-14 13시10분47초	1768363847309]	CharacterController..
[2026-01-14 13시10분47초	1768363847309]	0ms

[2026-01-14 13시10분47초	1768363847310]	TradeController..
[2026-01-14 13시10분47초	1768363847310]	0ms

[2026-01-14 13시10분47초	1768363847310]	DungeonController..
[2026-01-14 13시10분47초	1768363847311]	1ms

[2026-01-14 13시10분47초	1768363847311]	ShipController..
[2026-01-14 13시10분47초	1768363847311]	0ms

[2026-01-14 13시10분47초	1768363847312]	BuffController..
[2026-01-14 13시10분47초	1768363847312]	0ms

[2026-01-14 13시10분47초	1768363847315]	SummonController..
[2026-01-14 13시10분47초	1768363847315]	0ms

[2026-01-14 13시10분47초	1768363847316]	PartyController..
[2026-01-14 13시10분47초	1768363847316]	0ms

[2026-01-14 13시10분47초	1768363847317]	InnController..
[2026-01-14 13시10분47초	1768363847317]	0ms

[2026-01-14 13시10분47초	1768363847318]	BoardController..
[2026-01-14 13시10분47초	1768363847318]	0ms

[2026-01-14 13시10분47초	1768363847320]	LetterController..
[2026-01-14 13시10분47초	1768363847320]	0ms

[2026-01-14 13시10분47초	1768363847321]	UserShopController..
[2026-01-14 13시10분47초	1768363847321]	0ms

[2026-01-14 13시10분47초	1768363847322]	ChattingController..
[2026-01-14 13시10분47초	1768363847323]	1ms

[2026-01-14 13시10분47초	1768363847324]	ColosseumController..
[2026-01-14 13시10분47초	1768363847324]	0ms

[2026-01-14 13시10분47초	1768363847325]	CraftController..
[2026-01-14 13시10분47초	1768363847325]	0ms

[2026-01-14 13시10분47초	1768363847326]	BossController..
[2026-01-14 13시10분47초	1768363847326]	0ms

[2026-01-14 13시10분47초	1768363847334]	NoticeController..
[2026-01-14 13시10분47초	1768363847335]	1ms

[2026-01-14 13시10분47초	1768363847336]	FriendController..
[2026-01-14 13시10분47초	1768363847336]	0ms

[2026-01-14 13시10분47초	1768363847337]	BugScanningController..
[2026-01-14 13시10분47초	1768363847337]	0ms

[2026-01-14 13시10분47초	1768363847338]	MagicDollController..
[2026-01-14 13시10분47초	1768363847338]	0ms

[2026-01-14 13시10분47초	1768363847339]	ShopController..
[2026-01-14 13시10분47초	1768363847339]	0ms

[2026-01-14 13시10분47초	1768363847340]	WarehouseDatabase..
[2026-01-14 13시10분47초	1768363847340]	0ms

[2026-01-14 13시10분47초	1768363847341]	PakTools..
[2026-01-14 13시10분47초	1768363847342]	1ms

[2026-01-14 13시10분47초	1768363847343]	ScriptController...
[2026-01-14 13시10분47초	1768363847345]	2ms

[2026-01-14 13시10분47초	1768363847346]	GiranClanLordController..
[2026-01-14 13시10분47초	1768363847346]	0ms

[2026-01-14 13시10분47초	1768363847348]	TeamBattleController..
[2026-01-14 13시10분47초	1768363847348]	0ms

[2026-01-14 13시10분47초	1768363847348]	WorldClearController..
[2026-01-14 13시10분47초	1768363847349]	1ms

[2026-01-14 13시10분47초	1768363847349]	SpotController..
[2026-01-14 13시10분47초	1768363847349]	0ms

[2026-01-14 13시10분47초	1768363847353]	테베라스 컨트롤러..
[2026-01-14 13시10분47초	1768363847353]	0ms

[2026-01-14 13시10분47초	1768363847354]	지옥 컨트롤러..
[2026-01-14 13시10분47초	1768363847354]	0ms

[2026-01-14 13시10분47초	1768363847355]	지하수로 컨트롤러..
[2026-01-14 13시10분47초	1768363847355]	0ms

[2026-01-14 13시10분47초	1768363847355]	보물찾기컨트롤러..
[2026-01-14 13시10분47초	1768363847356]	1ms

[2026-01-14 13시10분47초	1768363847356]	마족신전 컨트롤러..
[2026-01-14 13시10분47초	1768363847356]	0ms

[2026-01-14 13시10분47초	1768363847357]	고무 컨트롤러..
[2026-01-14 13시10분47초	1768363847358]	정무던전 컨트롤러..
[2026-01-14 13시10분47초	1768363847361]	3ms

[2026-01-14 13시10분47초	1768363847362]	그신 컨트롤러..
[2026-01-14 13시10분47초	1768363847362]	0ms

[2026-01-14 13시10분47초	1768363847363]	라바던전 컨트롤러..
[2026-01-14 13시10분47초	1768363847363]	0ms

[2026-01-14 13시10분47초	1768363847364]	월드보스컨트롤러..
[2026-01-14 13시10분47초	1768363847364]	0ms

[2026-01-14 13시10분47초	1768363847364]	펭귄 사냥터 컨트롤러..
[2026-01-14 13시10분47초	1768363847364]	0ms

[2026-01-14 13시10분47초	1768363847365]	칠흑던전 컨트롤러..
[2026-01-14 13시10분47초	1768363847365]	악마왕의영토컨트롤러..
[2026-01-14 13시10분47초	1768363847365]	0ms

[2026-01-14 13시10분47초	1768363847366]	얼던컨트롤러..
[2026-01-14 13시10분47초	1768363847366]	0ms

[2026-01-14 13시10분47초	1768363847367]	기감 컨트롤러..
[2026-01-14 13시10분47초	1768363847367]	0ms

[2026-01-14 13시10분47초	1768363847367]	고라스컨트롤러..
[2026-01-14 13시10분47초	1768363847367]	0ms

[2026-01-14 13시10분47초	1768363847368]	드워프컨트롤러..
[2026-01-14 13시10분47초	1768363847368]	0ms

[2026-01-14 13시10분47초	1768363847369]	타임이벤트컨트롤러..
[2026-01-14 13시10분47초	1768363847369]	0ms

[2026-01-14 13시10분47초	1768363847369]	AutoHuntController..
[2026-01-14 13시10분47초	1768363847369]	0ms

[2026-01-14 13시10분47초	1768363847392]	DatabaseConnection..
[2026-01-14 13시10분47초	1768363847717]	325ms

[2026-01-14 13시10분47초	1768363847754]	ServerDatabase..
[2026-01-14 13시10분47초	1768363847791]	37ms

[2026-01-14 13시10분47초	1768363847792]	SlimeRaceController..
[2026-01-14 13시10분47초	1768363847794]	2ms

[2026-01-14 13시10분47초	1768363847797]	DogRaceController..
[2026-01-14 13시10분47초	1768363847797]	0ms

[2026-01-14 13시10분47초	1768363847800]	ClanController..
[2026-01-14 13시10분47초	1768363847806]	6ms

[2026-01-14 13시10분47초	1768363847809]	KingdomController..
[2026-01-14 13시10분47초	1768363847814]	5ms

[2026-01-14 13시10분47초	1768363847816]	AgitController..
[2026-01-14 13시10분47초	1768363847820]	4ms

[2026-01-14 13시10분47초	1768363847821]	AuctionController..
[2026-01-14 13시10분47초	1768363847826]	5ms

[2026-01-14 13시10분47초	1768363847830]	ItemDatabase..
[2026-01-14 13시10분47초	1768363847975]	145ms

[2026-01-14 13시10분47초	1768363847979]	ItemSetopionDatabase..
[2026-01-14 13시10분47초	1768363847981]	2ms

[2026-01-14 13시10분47초	1768363847982]	AutosellDatabase..
[2026-01-14 13시10분48초	1768363848001]	19ms

[2026-01-14 13시10분48초	1768363848002]	ItemSkillDatabase..
[2026-01-14 13시10분48초	1768363848004]	2ms

[2026-01-14 13시10분48초	1768363848005]	ItemBundleDatabase..
[2026-01-14 13시10분48초	1768363848007]	2ms

[2026-01-14 13시10분48초	1768363848008]	ItemChanceBundleDatabase..
[2026-01-14 13시10분48초	1768363848010]	2ms

[2026-01-14 13시10분48초	1768363848011]	FishItemListDatabase..
[2026-01-14 13시10분48초	1768363848012]	1ms

[2026-01-14 13시10분48초	1768363848013]	ItemTeleport..
[2026-01-14 13시10분48초	1768363848014]	1ms

[2026-01-14 13시10분48초	1768363848016]	PolyDatabase..
[2026-01-14 13시10분48초	1768363848018]	2ms

[2026-01-14 13시10분48초	1768363848019]	DungeonDatabase..
[2026-01-14 13시10분48초	1768363848022]	3ms

[2026-01-14 13시10분48초	1768363848022]	DefiniteDatabase..
[2026-01-14 13시10분48초	1768363848024]	2ms

[2026-01-14 13시10분48초	1768363848024]	ExpDatabase..
[2026-01-14 13시10분48초	1768363848025]	1ms

[2026-01-14 13시10분48초	1768363848025]	BackgroundDatabase..
[2026-01-14 13시10분48초	1768363848138]	113ms

[2026-01-14 13시10분48초	1768363848138]	SpriteFrameDatabase..
[2026-01-14 13시10분48초	1768363848192]	54ms

[2026-01-14 13시10분48초	1768363848193]	SkillDatabase..
[2026-01-14 13시10분48초	1768363848195]	2ms

[2026-01-14 13시10분48초	1768363848195]	NpcDatabase..
[2026-01-14 13시10분48초	1768363848202]	7ms

[2026-01-14 13시10분48초	1768363848203]	NpcShopDatabase..
[2026-01-14 13시10분48초	1768363848261]	58ms

[2026-01-14 13시10분48초	1768363848262]	NpcTeleportDatabase..
[2026-01-14 13시10분48초	1768363848263]	1ms

[2026-01-14 13시10분48초	1768363848402]	NpcSpawnlistDatabase..
[2026-01-14 13시10분48초	1768363848446]	44ms

[2026-01-14 13시10분48초	1768363848447]	EventController..
[2026-01-14 13시10분48초	1768363848447]	0ms

[2026-01-14 13시10분48초	1768363848448]	MonsterDatabase..
[2026-01-14 13시10분48초	1768363848462]	14ms

[2026-01-14 13시10분48초	1768363848463]	MonsterDropDatabase..
[2026-01-14 13시10분48초	1768363848491]	28ms

[2026-01-14 13시10분48초	1768363848493]	MonsterSkillDatabase..
[2026-01-14 13시10분48초	1768363848505]	12ms

[2026-01-14 13시10분48초	1768363848507]	MonsterSpawnlistDatabase..
[2026-01-14 13시10분49초	1768363849323]	815ms

[2026-01-14 13시10분49초	1768363849324]	MonsterBossSpawnlistDatabase..
[2026-01-14 13시10분49초	1768363849325]	1ms

[2026-01-14 13시10분49초	1768363849326]	ServerDownBossListDatabase..
[2026-01-14 13시10분49초	1768363849327]	1ms

[2026-01-14 13시10분49초	1768363849328]	BadIpDatabase..
[2026-01-14 13시10분49초	1768363849329]	1ms

[2026-01-14 13시10분49초	1768363849329]	QuestController..
[2026-01-14 13시10분49초	1768363849330]	1ms

[2026-01-14 13시10분49초	1768363849331]	ServerOpcodesDatabase..
[2026-01-14 13시10분49초	1768363849333]	2ms

[2026-01-14 13시10분49초	1768363849334]	ServerNoticeDatabase..
[2026-01-14 13시10분49초	1768363849336]	1ms

[2026-01-14 13시10분49초	1768363849337]	RankController..
[2026-01-14 13시10분49초	1768363849361]	24ms

[2026-01-14 13시10분49초	1768363849362]	WantedController..
[2026-01-14 13시10분49초	1768363849364]	2ms

[2026-01-14 13시10분49초	1768363849365]	TeleportHomeDatabase..
[2026-01-14 13시10분49초	1768363849396]	31ms

[2026-01-14 13시10분49초	1768363849397]	TeleportResetDatabase..
[2026-01-14 13시10분49초	1768363849427]	30ms

[2026-01-14 13시10분49초	1768363849428]	ItemPinewandDatabase..
[2026-01-14 13시10분49초	1768363849429]	1ms

[2026-01-14 13시10분49초	1768363849429]	ItemMaplewandDatabase..
[2026-01-14 13시10분49초	1768363849430]	1ms

[2026-01-14 13시10분49초	1768363849431]	SummonListDatabase..
[2026-01-14 13시10분49초	1768363849432]	1ms

[2026-01-14 13시10분49초	1768363849432]	GmListDatabase..
[2026-01-14 13시10분49초	1768363849433]	1ms

[2026-01-14 13시10분49초	1768363849434]	MagicdollListDatabase..
[2026-01-14 13시10분49초	1768363849435]	1ms

[2026-01-14 13시10분49초	1768363849439]	PcMarketController..
[2026-01-14 13시10분49초	1768363849440]	1ms

[2026-01-14 13시10분49초	1768363849441]	ServerOptionDatabase..
[2026-01-14 13시10분49초	1768363849441]	0ms

[2026-01-14 13시10분49초	1768363849442]	TimeDungeonDatabase..
[2026-01-14 13시10분49초	1768363849443]	1ms

[2026-01-14 13시10분49초	1768363849443]	TeamBattleDatabase..
[2026-01-14 13시10분49초	1768363849444]	1ms

[2026-01-14 13시10분49초	1768363849445]	LifeLostItemDatabase..
[2026-01-14 13시10분49초	1768363849446]	1ms

[2026-01-14 13시10분49초	1768363849447]	GmTeleportDatabase..
[2026-01-14 13시10분49초	1768363849448]	1ms

[2026-01-14 13시10분49초	1768363849451]	무인혈맹컨트롤러..
[2026-01-14 13시10분49초	1768363849454]	2ms

[2026-01-14 13시10분49초	1768363849454]	HackNoCheckDatabase..
[2026-01-14 13시10분49초	1768363849455]	1ms

[2026-01-14 13시10분49초	1768363849456]	EnchantLostItemDatabase..
[2026-01-14 13시10분49초	1768363849478]	22ms

[2026-01-14 13시10분49초	1768363849480]	ItemDropMessageDatabase..
[2026-01-14 13시10분49초	1768363849480]	0ms

[2026-01-14 13시10분49초	1768363849482]	FishingController..
[2026-01-14 13시10분49초	1768363849759]	277ms

[2026-01-14 13시10분49초	1768363849774]	RobotController..
[2026-01-14 13시10분49초	1768363849797]	22ms

[2026-01-14 13시10분49초	1768363849799]	Server..
[2026-01-14 13시10분49초	1768363849866]	67ms

[2026-01-14 13시10분49초	1768363849866]	ServerThread..
[2026-01-14 13시10분49초	1768363849867]	1ms

[2026-01-14 13시10분49초	1768363849867]	ControllerTherad..
[2026-01-14 13시10분49초	1768363849868]	1ms

[2026-01-14 13시10분49초	1768363849869]	CharacterThread..
[2026-01-14 13시10분49초	1768363849870]	1ms

[2026-01-14 13시10분49초	1768363849871]	DatabaseThread..
[2026-01-14 13시10분49초	1768363849871]	0ms

[2026-01-14 13시10분49초	1768363849872]	CharacterControlThread..
[2026-01-14 13시10분49초	1768363849872]	0ms

[2026-01-14 13시10분49초	1768363849912]	FightController..
[2026-01-14 13시10분49초	1768363849940]	28ms

[2026-01-14 13시10분49초	1768363849941]	TimeThread..
[2026-01-14 13시10분49초	1768363849941]	0ms

[2026-01-14 13시10분49초	1768363849942]	AutoHuntThread..
[2026-01-14 13시10분49초	1768363849942]	0ms

[2026-01-14 13시10분49초	1768363849942]	======================================================================
[2026-01-14 13시10분49초	1768363849943]	Server Version  :  Lineage 2.0

[2026-01-14 13시10분49초	1768363849943]	Server Port      :  2000

[2026-01-14 13시10분49초	1768363849943]	계정 자동생성  :  on

[2026-01-14 13시10분49초	1768363849943]	인챈트 : 1.0배  ||  드랍 : 3.0배  ||  경험치 : 30.0배  ||  아데나 : 12.0배  ||  파티 : 1.1배

[2026-01-14 13시10분49초	1768363849943]	======================================================================
[2026-01-14 13시10분49초	1768363849943]	'서버' 가동되었습니다.

