[2026-01-13 20시43분19초	1768304599121]	Mysql..
[2026-01-13 20시43분19초	1768304599122]	2ms

[2026-01-13 20시43분19초	1768304599140]	lineage.conf file loading...
[2026-01-13 20시43분19초	1768304599170]	30ms

[2026-01-13 20시43분19초	1768304599177]	Lineage_Balance..
[2026-01-13 20시43분19초	1768304599185]	8ms

[2026-01-13 20시43분19초	1768304599186]	npc_promotion..
[2026-01-13 20시43분19초	1768304599186]	0ms

[2026-01-13 20시43분19초	1768304599187]	Socket..
[2026-01-13 20시43분19초	1768304599187]	0ms

[2026-01-13 20시43분19초	1768304599187]	Common..
[2026-01-13 20시43분19초	1768304599187]	0ms

[2026-01-13 20시43분19초	1768304599188]	EventThread..
[2026-01-13 20시43분19초	1768304599188]	0ms

[2026-01-13 20시43분19초	1768304599189]	AiExecuteThread..
[2026-01-13 20시43분19초	1768304599189]	0ms

[2026-01-13 20시43분19초	1768304599190]	AiThread..
[2026-01-13 20시43분19초	1768304599190]	0ms

[2026-01-13 20시43분19초	1768304599194]	World..
[2026-01-13 20시43분19초	1768304599279]	85ms

[2026-01-13 20시43분19초	1768304599280]	BookController..
[2026-01-13 20시43분19초	1768304599280]	0ms

[2026-01-13 20시43분19초	1768304599281]	InventoryController..
[2026-01-13 20시43분19초	1768304599281]	0ms

[2026-01-13 20시43분19초	1768304599282]	BasePacketPooling..
[2026-01-13 20시43분19초	1768304599282]	0ms

[2026-01-13 20시43분19초	1768304599284]	SkillController..
[2026-01-13 20시43분19초	1768304599284]	0ms

[2026-01-13 20시43분19초	1768304599290]	DamageController..
[2026-01-13 20시43분19초	1768304599290]	0ms

[2026-01-13 20시43분19초	1768304599299]	CharacterController..
[2026-01-13 20시43분19초	1768304599299]	1ms

[2026-01-13 20시43분19초	1768304599299]	TradeController..
[2026-01-13 20시43분19초	1768304599300]	1ms

[2026-01-13 20시43분19초	1768304599300]	DungeonController..
[2026-01-13 20시43분19초	1768304599300]	0ms

[2026-01-13 20시43분19초	1768304599300]	ShipController..
[2026-01-13 20시43분19초	1768304599301]	1ms

[2026-01-13 20시43분19초	1768304599301]	BuffController..
[2026-01-13 20시43분19초	1768304599301]	0ms

[2026-01-13 20시43분19초	1768304599305]	SummonController..
[2026-01-13 20시43분19초	1768304599305]	0ms

[2026-01-13 20시43분19초	1768304599306]	PartyController..
[2026-01-13 20시43분19초	1768304599306]	0ms

[2026-01-13 20시43분19초	1768304599306]	InnController..
[2026-01-13 20시43분19초	1768304599306]	0ms

[2026-01-13 20시43분19초	1768304599308]	BoardController..
[2026-01-13 20시43분19초	1768304599308]	0ms

[2026-01-13 20시43분19초	1768304599309]	LetterController..
[2026-01-13 20시43분19초	1768304599309]	0ms

[2026-01-13 20시43분19초	1768304599310]	UserShopController..
[2026-01-13 20시43분19초	1768304599310]	0ms

[2026-01-13 20시43분19초	1768304599311]	ChattingController..
[2026-01-13 20시43분19초	1768304599313]	2ms

[2026-01-13 20시43분19초	1768304599314]	ColosseumController..
[2026-01-13 20시43분19초	1768304599314]	0ms

[2026-01-13 20시43분19초	1768304599315]	CraftController..
[2026-01-13 20시43분19초	1768304599315]	0ms

[2026-01-13 20시43분19초	1768304599316]	BossController..
[2026-01-13 20시43분19초	1768304599316]	0ms

[2026-01-13 20시43분19초	1768304599317]	NoticeController..
[2026-01-13 20시43분19초	1768304599317]	0ms

[2026-01-13 20시43분19초	1768304599326]	FriendController..
[2026-01-13 20시43분19초	1768304599326]	0ms

[2026-01-13 20시43분19초	1768304599327]	BugScanningController..
[2026-01-13 20시43분19초	1768304599327]	0ms

[2026-01-13 20시43분19초	1768304599329]	MagicDollController..
[2026-01-13 20시43분19초	1768304599329]	0ms

[2026-01-13 20시43분19초	1768304599329]	ShopController..
[2026-01-13 20시43분19초	1768304599329]	0ms

[2026-01-13 20시43분19초	1768304599331]	WarehouseDatabase..
[2026-01-13 20시43분19초	1768304599331]	0ms

[2026-01-13 20시43분19초	1768304599339]	PakTools..
[2026-01-13 20시43분19초	1768304599340]	1ms

[2026-01-13 20시43분19초	1768304599341]	ScriptController...
[2026-01-13 20시43분19초	1768304599344]	3ms

[2026-01-13 20시43분19초	1768304599345]	GiranClanLordController..
[2026-01-13 20시43분19초	1768304599345]	0ms

[2026-01-13 20시43분19초	1768304599346]	TeamBattleController..
[2026-01-13 20시43분19초	1768304599346]	0ms

[2026-01-13 20시43분19초	1768304599347]	WorldClearController..
[2026-01-13 20시43분19초	1768304599347]	0ms

[2026-01-13 20시43분19초	1768304599347]	SpotController..
[2026-01-13 20시43분19초	1768304599348]	0ms

[2026-01-13 20시43분19초	1768304599348]	테베라스 컨트롤러..
[2026-01-13 20시43분19초	1768304599348]	0ms

[2026-01-13 20시43분19초	1768304599349]	지옥 컨트롤러..
[2026-01-13 20시43분19초	1768304599349]	0ms

[2026-01-13 20시43분19초	1768304599350]	지하수로 컨트롤러..
[2026-01-13 20시43분19초	1768304599350]	0ms

[2026-01-13 20시43분19초	1768304599350]	보물찾기컨트롤러..
[2026-01-13 20시43분19초	1768304599350]	0ms

[2026-01-13 20시43분19초	1768304599351]	마족신전 컨트롤러..
[2026-01-13 20시43분19초	1768304599351]	0ms

[2026-01-13 20시43분19초	1768304599351]	고무 컨트롤러..
[2026-01-13 20시43분19초	1768304599352]	정무던전 컨트롤러..
[2026-01-13 20시43분19초	1768304599356]	4ms

[2026-01-13 20시43분19초	1768304599357]	그신 컨트롤러..
[2026-01-13 20시43분19초	1768304599357]	0ms

[2026-01-13 20시43분19초	1768304599358]	라바던전 컨트롤러..
[2026-01-13 20시43분19초	1768304599358]	0ms

[2026-01-13 20시43분19초	1768304599358]	월드보스컨트롤러..
[2026-01-13 20시43분19초	1768304599358]	0ms

[2026-01-13 20시43분19초	1768304599359]	펭귄 사냥터 컨트롤러..
[2026-01-13 20시43분19초	1768304599359]	0ms

[2026-01-13 20시43분19초	1768304599360]	칠흑던전 컨트롤러..
[2026-01-13 20시43분19초	1768304599360]	악마왕의영토컨트롤러..
[2026-01-13 20시43분19초	1768304599361]	0ms

[2026-01-13 20시43분19초	1768304599361]	얼던컨트롤러..
[2026-01-13 20시43분19초	1768304599361]	0ms

[2026-01-13 20시43분19초	1768304599362]	기감 컨트롤러..
[2026-01-13 20시43분19초	1768304599362]	0ms

[2026-01-13 20시43분19초	1768304599363]	고라스컨트롤러..
[2026-01-13 20시43분19초	1768304599363]	0ms

[2026-01-13 20시43분19초	1768304599364]	드워프컨트롤러..
[2026-01-13 20시43분19초	1768304599364]	0ms

[2026-01-13 20시43분19초	1768304599364]	타임이벤트컨트롤러..
[2026-01-13 20시43분19초	1768304599365]	1ms

[2026-01-13 20시43분19초	1768304599365]	AutoHuntController..
[2026-01-13 20시43분19초	1768304599365]	0ms

[2026-01-13 20시43분19초	1768304599379]	DatabaseConnection..
[2026-01-13 20시43분19초	1768304599687]	309ms

[2026-01-13 20시43분19초	1768304599703]	ServerDatabase..
[2026-01-13 20시43분19초	1768304599733]	30ms

[2026-01-13 20시43분19초	1768304599736]	SlimeRaceController..
[2026-01-13 20시43분19초	1768304599738]	2ms

[2026-01-13 20시43분19초	1768304599740]	DogRaceController..
[2026-01-13 20시43분19초	1768304599749]	9ms

[2026-01-13 20시43분19초	1768304599752]	ClanController..
[2026-01-13 20시43분19초	1768304599757]	5ms

[2026-01-13 20시43분19초	1768304599760]	KingdomController..
[2026-01-13 20시43분19초	1768304599766]	6ms

[2026-01-13 20시43분19초	1768304599767]	AgitController..
[2026-01-13 20시43분19초	1768304599771]	4ms

[2026-01-13 20시43분19초	1768304599773]	AuctionController..
[2026-01-13 20시43분19초	1768304599777]	3ms

[2026-01-13 20시43분19초	1768304599783]	ItemDatabase..
[2026-01-13 20시43분19초	1768304599926]	143ms

[2026-01-13 20시43분19초	1768304599928]	ItemSetopionDatabase..
[2026-01-13 20시43분19초	1768304599930]	2ms

[2026-01-13 20시43분19초	1768304599931]	AutosellDatabase..
[2026-01-13 20시43분19초	1768304599951]	20ms

[2026-01-13 20시43분19초	1768304599952]	ItemSkillDatabase..
[2026-01-13 20시43분19초	1768304599953]	1ms

[2026-01-13 20시43분19초	1768304599955]	ItemBundleDatabase..
[2026-01-13 20시43분19초	1768304599957]	2ms

[2026-01-13 20시43분19초	1768304599958]	ItemChanceBundleDatabase..
[2026-01-13 20시43분19초	1768304599962]	4ms

[2026-01-13 20시43분19초	1768304599962]	FishItemListDatabase..
[2026-01-13 20시43분19초	1768304599964]	2ms

[2026-01-13 20시43분19초	1768304599965]	ItemTeleport..
[2026-01-13 20시43분19초	1768304599967]	2ms

[2026-01-13 20시43분19초	1768304599968]	PolyDatabase..
[2026-01-13 20시43분19초	1768304599970]	2ms

[2026-01-13 20시43분19초	1768304599971]	DungeonDatabase..
[2026-01-13 20시43분19초	1768304599975]	4ms

[2026-01-13 20시43분19초	1768304599975]	DefiniteDatabase..
[2026-01-13 20시43분19초	1768304599977]	2ms

[2026-01-13 20시43분19초	1768304599977]	ExpDatabase..
[2026-01-13 20시43분19초	1768304599979]	2ms

[2026-01-13 20시43분19초	1768304599979]	BackgroundDatabase..
[2026-01-13 20시43분20초	1768304600111]	132ms

[2026-01-13 20시43분20초	1768304600111]	SpriteFrameDatabase..
[2026-01-13 20시43분20초	1768304600177]	65ms

[2026-01-13 20시43분20초	1768304600178]	SkillDatabase..
[2026-01-13 20시43분20초	1768304600180]	2ms

[2026-01-13 20시43분20초	1768304600181]	NpcDatabase..
[2026-01-13 20시43분20초	1768304600195]	14ms

[2026-01-13 20시43분20초	1768304600199]	NpcShopDatabase..
[2026-01-13 20시43분20초	1768304600262]	63ms

[2026-01-13 20시43분20초	1768304600263]	NpcTeleportDatabase..
[2026-01-13 20시43분20초	1768304600264]	1ms

[2026-01-13 20시43분20초	1768304600419]	NpcSpawnlistDatabase..
[2026-01-13 20시43분20초	1768304600471]	52ms

[2026-01-13 20시43분20초	1768304600473]	EventController..
[2026-01-13 20시43분20초	1768304600473]	0ms

[2026-01-13 20시43분20초	1768304600475]	MonsterDatabase..
[2026-01-13 20시43분20초	1768304600490]	14ms

[2026-01-13 20시43분20초	1768304600490]	MonsterDropDatabase..
[2026-01-13 20시43분20초	1768304600514]	24ms

[2026-01-13 20시43분20초	1768304600515]	MonsterSkillDatabase..
[2026-01-13 20시43분20초	1768304600528]	13ms

[2026-01-13 20시43분20초	1768304600530]	MonsterSpawnlistDatabase..
[2026-01-13 20시43분21초	1768304601553]	1023ms

[2026-01-13 20시43분21초	1768304601554]	MonsterBossSpawnlistDatabase..
[2026-01-13 20시43분21초	1768304601556]	2ms

[2026-01-13 20시43분21초	1768304601557]	ServerDownBossListDatabase..
[2026-01-13 20시43분21초	1768304601558]	1ms

[2026-01-13 20시43분21초	1768304601559]	BadIpDatabase..
[2026-01-13 20시43분21초	1768304601560]	1ms

[2026-01-13 20시43분21초	1768304601560]	QuestController..
[2026-01-13 20시43분21초	1768304601561]	1ms

[2026-01-13 20시43분21초	1768304601562]	ServerOpcodesDatabase..
[2026-01-13 20시43분21초	1768304601565]	3ms

[2026-01-13 20시43분21초	1768304601565]	ServerNoticeDatabase..
[2026-01-13 20시43분21초	1768304601567]	1ms

[2026-01-13 20시43분21초	1768304601568]	RankController..
[2026-01-13 20시43분21초	1768304601592]	24ms

[2026-01-13 20시43분21초	1768304601598]	WantedController..
[2026-01-13 20시43분21초	1768304601602]	4ms

[2026-01-13 20시43분21초	1768304601603]	TeleportHomeDatabase..
[2026-01-13 20시43분21초	1768304601634]	31ms

[2026-01-13 20시43분21초	1768304601635]	TeleportResetDatabase..
[2026-01-13 20시43분21초	1768304601666]	31ms

[2026-01-13 20시43분21초	1768304601666]	ItemPinewandDatabase..
[2026-01-13 20시43분21초	1768304601667]	1ms

[2026-01-13 20시43분21초	1768304601668]	ItemMaplewandDatabase..
[2026-01-13 20시43분21초	1768304601669]	1ms

[2026-01-13 20시43분21초	1768304601670]	SummonListDatabase..
[2026-01-13 20시43분21초	1768304601671]	1ms

[2026-01-13 20시43분21초	1768304601672]	GmListDatabase..
[2026-01-13 20시43분21초	1768304601672]	0ms

[2026-01-13 20시43분21초	1768304601674]	MagicdollListDatabase..
[2026-01-13 20시43분21초	1768304601675]	1ms

[2026-01-13 20시43분21초	1768304601679]	PcMarketController..
[2026-01-13 20시43분21초	1768304601680]	1ms

[2026-01-13 20시43분21초	1768304601680]	ServerOptionDatabase..
[2026-01-13 20시43분21초	1768304601681]	1ms

[2026-01-13 20시43분21초	1768304601682]	TimeDungeonDatabase..
[2026-01-13 20시43분21초	1768304601682]	0ms

[2026-01-13 20시43분21초	1768304601683]	TeamBattleDatabase..
[2026-01-13 20시43분21초	1768304601684]	1ms

[2026-01-13 20시43분21초	1768304601684]	LifeLostItemDatabase..
[2026-01-13 20시43분21초	1768304601686]	2ms

[2026-01-13 20시43분21초	1768304601686]	GmTeleportDatabase..
[2026-01-13 20시43분21초	1768304601687]	1ms

[2026-01-13 20시43분21초	1768304601689]	무인혈맹컨트롤러..
[2026-01-13 20시43분21초	1768304601690]	1ms

[2026-01-13 20시43분21초	1768304601691]	HackNoCheckDatabase..
[2026-01-13 20시43분21초	1768304601695]	4ms

[2026-01-13 20시43분21초	1768304601696]	EnchantLostItemDatabase..
[2026-01-13 20시43분21초	1768304601718]	22ms

[2026-01-13 20시43분21초	1768304601719]	ItemDropMessageDatabase..
[2026-01-13 20시43분21초	1768304601719]	0ms

[2026-01-13 20시43분21초	1768304601721]	FishingController..
[2026-01-13 20시43분21초	1768304601987]	266ms

[2026-01-13 20시43분22초	1768304602001]	RobotController..
[2026-01-13 20시43분22초	1768304602024]	22ms

[2026-01-13 20시43분22초	1768304602025]	Server..
[2026-01-13 20시43분22초	1768304602083]	58ms

[2026-01-13 20시43분22초	1768304602083]	ServerThread..
[2026-01-13 20시43분22초	1768304602084]	1ms

[2026-01-13 20시43분22초	1768304602084]	ControllerTherad..
[2026-01-13 20시43분22초	1768304602085]	1ms

[2026-01-13 20시43분22초	1768304602085]	CharacterThread..
[2026-01-13 20시43분22초	1768304602085]	0ms

[2026-01-13 20시43분22초	1768304602086]	DatabaseThread..
[2026-01-13 20시43분22초	1768304602086]	0ms

[2026-01-13 20시43분22초	1768304602087]	CharacterControlThread..
[2026-01-13 20시43분22초	1768304602087]	0ms

[2026-01-13 20시43분22초	1768304602130]	FightController..
[2026-01-13 20시43분22초	1768304602152]	22ms

[2026-01-13 20시43분22초	1768304602153]	TimeThread..
[2026-01-13 20시43분22초	1768304602153]	0ms

[2026-01-13 20시43분22초	1768304602154]	AutoHuntThread..
[2026-01-13 20시43분22초	1768304602154]	0ms

[2026-01-13 20시43분22초	1768304602154]	======================================================================
[2026-01-13 20시43분22초	1768304602154]	Server Version  :  Lineage 2.0

[2026-01-13 20시43분22초	1768304602154]	Server Port      :  2000

[2026-01-13 20시43분22초	1768304602154]	계정 자동생성  :  on

[2026-01-13 20시43분22초	1768304602154]	인챈트 : 1.0배  ||  드랍 : 3.0배  ||  경험치 : 30.0배  ||  아데나 : 12.0배  ||  파티 : 1.1배

[2026-01-13 20시43분22초	1768304602154]	======================================================================
[2026-01-13 20시43분22초	1768304602154]	'서버' 가동되었습니다.

[2026-01-13 20시46분22초	1768304782846]	자동 저장완료 2026-01-13 20시46분22초
[2026-01-13 20시49분23초	1768304963538]	자동 저장완료 2026-01-13 20시49분23초
[2026-01-13 20시52분24초	1768305144267]	자동 저장완료 2026-01-13 20시52분24초
[2026-01-13 20시55분24초	1768305324954]	자동 저장완료 2026-01-13 20시55분24초
[2026-01-13 20시55분42초	1768305342208]	서버가 즉시 종료됩니다...
[2026-01-13 20시55분43초	1768305343209]	Thread close..
[2026-01-13 20시55분44초	1768305344209]	Save Database..
[2026-01-13 20시55분45초	1768305345154]	Socket close..
[2026-01-13 20시55분45초	1768305345154]	LineageServer Close...
[2026-01-13 20시55분45초	1768305345154]	0ms

[2026-01-13 20시55분45초	1768305345154]	ok..
