[2026-02-24 16시46분15초	1771919175701]	Mysql..
[2026-02-24 16시46분15초	1771919175701]	2ms

[2026-02-24 16시46분15초	1771919175719]	lineage.conf file loading...
[2026-02-24 16시46분15초	1771919175748]	29ms

[2026-02-24 16시46분15초	1771919175755]	Lineage_Balance..
[2026-02-24 16시46분15초	1771919175762]	7ms

[2026-02-24 16시46분15초	1771919175763]	npc_promotion..
[2026-02-24 16시46분15초	1771919175763]	0ms

[2026-02-24 16시46분15초	1771919175764]	Socket..
[2026-02-24 16시46분15초	1771919175764]	0ms

[2026-02-24 16시46분15초	1771919175764]	Common..
[2026-02-24 16시46분15초	1771919175764]	0ms

[2026-02-24 16시46분15초	1771919175765]	EventThread..
[2026-02-24 16시46분15초	1771919175765]	0ms

[2026-02-24 16시46분15초	1771919175774]	AiExecuteThread..
[2026-02-24 16시46분15초	1771919175774]	0ms

[2026-02-24 16시46분15초	1771919175775]	AiThread..
[2026-02-24 16시46분15초	1771919175775]	0ms

[2026-02-24 16시46분15초	1771919175785]	World..
[2026-02-24 16시46분15초	1771919175872]	87ms

[2026-02-24 16시46분15초	1771919175874]	BookController..
[2026-02-24 16시46분15초	1771919175874]	0ms

[2026-02-24 16시46분15초	1771919175874]	InventoryController..
[2026-02-24 16시46분15초	1771919175874]	0ms

[2026-02-24 16시46분15초	1771919175875]	BasePacketPooling..
[2026-02-24 16시46분15초	1771919175875]	0ms

[2026-02-24 16시46분15초	1771919175884]	SkillController..
[2026-02-24 16시46분15초	1771919175886]	0ms

[2026-02-24 16시46분15초	1771919175892]	DamageController..
[2026-02-24 16시46분15초	1771919175892]	0ms

[2026-02-24 16시46분15초	1771919175894]	CharacterController..
[2026-02-24 16시46분15초	1771919175894]	0ms

[2026-02-24 16시46분15초	1771919175894]	TradeController..
[2026-02-24 16시46분15초	1771919175894]	0ms

[2026-02-24 16시46분15초	1771919175895]	DungeonController..
[2026-02-24 16시46분15초	1771919175895]	0ms

[2026-02-24 16시46분15초	1771919175895]	ShipController..
[2026-02-24 16시46분15초	1771919175895]	0ms

[2026-02-24 16시46분15초	1771919175896]	BuffController..
[2026-02-24 16시46분15초	1771919175896]	0ms

[2026-02-24 16시46분15초	1771919175900]	SummonController..
[2026-02-24 16시46분15초	1771919175900]	0ms

[2026-02-24 16시46분15초	1771919175900]	PartyController..
[2026-02-24 16시46분15초	1771919175901]	1ms

[2026-02-24 16시46분15초	1771919175901]	InnController..
[2026-02-24 16시46분15초	1771919175901]	0ms

[2026-02-24 16시46분15초	1771919175902]	BoardController..
[2026-02-24 16시46분15초	1771919175902]	0ms

[2026-02-24 16시46분15초	1771919175904]	LetterController..
[2026-02-24 16시46분15초	1771919175904]	0ms

[2026-02-24 16시46분15초	1771919175904]	UserShopController..
[2026-02-24 16시46분15초	1771919175905]	1ms

[2026-02-24 16시46분15초	1771919175906]	ChattingController..
[2026-02-24 16시46분15초	1771919175907]	1ms

[2026-02-24 16시46분15초	1771919175908]	ColosseumController..
[2026-02-24 16시46분15초	1771919175908]	0ms

[2026-02-24 16시46분15초	1771919175917]	CraftController..
[2026-02-24 16시46분15초	1771919175917]	0ms

[2026-02-24 16시46분15초	1771919175918]	BossController..
[2026-02-24 16시46분15초	1771919175918]	0ms

[2026-02-24 16시46분15초	1771919175919]	NoticeController..
[2026-02-24 16시46분15초	1771919175919]	0ms

[2026-02-24 16시46분15초	1771919175920]	FriendController..
[2026-02-24 16시46분15초	1771919175920]	0ms

[2026-02-24 16시46분15초	1771919175920]	BugScanningController..
[2026-02-24 16시46분15초	1771919175920]	0ms

[2026-02-24 16시46분15초	1771919175921]	MagicDollController..
[2026-02-24 16시46분15초	1771919175921]	0ms

[2026-02-24 16시46분15초	1771919175922]	ShopController..
[2026-02-24 16시46분15초	1771919175922]	0ms

[2026-02-24 16시46분15초	1771919175923]	WarehouseDatabase..
[2026-02-24 16시46분15초	1771919175923]	0ms

[2026-02-24 16시46분15초	1771919175924]	PakTools..
[2026-02-24 16시46분15초	1771919175925]	1ms

[2026-02-24 16시46분15초	1771919175925]	ScriptController...
[2026-02-24 16시46분15초	1771919175928]	3ms

[2026-02-24 16시46분15초	1771919175929]	GiranClanLordController..
[2026-02-24 16시46분15초	1771919175929]	0ms

[2026-02-24 16시46분15초	1771919175930]	TeamBattleController..
[2026-02-24 16시46분15초	1771919175930]	0ms

[2026-02-24 16시46분15초	1771919175931]	WorldClearController..
[2026-02-24 16시46분15초	1771919175931]	0ms

[2026-02-24 16시46분15초	1771919175931]	SpotController..
[2026-02-24 16시46분15초	1771919175931]	0ms

[2026-02-24 16시46분15초	1771919175932]	테베라스 컨트롤러..
[2026-02-24 16시46분15초	1771919175932]	0ms

[2026-02-24 16시46분15초	1771919175933]	지옥 컨트롤러..
[2026-02-24 16시46분15초	1771919175933]	0ms

[2026-02-24 16시46분15초	1771919175934]	지하수로 컨트롤러..
[2026-02-24 16시46분15초	1771919175934]	0ms

[2026-02-24 16시46분15초	1771919175934]	보물찾기컨트롤러..
[2026-02-24 16시46분15초	1771919175934]	0ms

[2026-02-24 16시46분15초	1771919175935]	마족신전 컨트롤러..
[2026-02-24 16시46분15초	1771919175935]	0ms

[2026-02-24 16시46분15초	1771919175935]	고무 컨트롤러..
[2026-02-24 16시46분15초	1771919175936]	정무던전 컨트롤러..
[2026-02-24 16시46분15초	1771919175940]	4ms

[2026-02-24 16시46분15초	1771919175941]	그신 컨트롤러..
[2026-02-24 16시46분15초	1771919175941]	0ms

[2026-02-24 16시46분15초	1771919175941]	라바던전 컨트롤러..
[2026-02-24 16시46분15초	1771919175941]	0ms

[2026-02-24 16시46분15초	1771919175942]	월드보스컨트롤러..
[2026-02-24 16시46분15초	1771919175942]	0ms

[2026-02-24 16시46분15초	1771919175943]	펭귄 사냥터 컨트롤러..
[2026-02-24 16시46분15초	1771919175943]	0ms

[2026-02-24 16시46분15초	1771919175943]	칠흑던전 컨트롤러..
[2026-02-24 16시46분15초	1771919175944]	악마왕의영토컨트롤러..
[2026-02-24 16시46분15초	1771919175944]	0ms

[2026-02-24 16시46분15초	1771919175945]	얼던컨트롤러..
[2026-02-24 16시46분15초	1771919175945]	0ms

[2026-02-24 16시46분15초	1771919175945]	오만1층 컨트롤러..
[2026-02-24 16시46분15초	1771919175945]	0ms

[2026-02-24 16시46분15초	1771919175946]	오만1층 컨트롤러..
[2026-02-24 16시46분15초	1771919175946]	0ms

[2026-02-24 16시46분15초	1771919175946]	오만3층 컨트롤러..
[2026-02-24 16시46분15초	1771919175947]	1ms

[2026-02-24 16시46분15초	1771919175947]	오만4층 컨트롤러..
[2026-02-24 16시46분15초	1771919175947]	0ms

[2026-02-24 16시46분15초	1771919175948]	오만5층 컨트롤러..
[2026-02-24 16시46분15초	1771919175948]	0ms

[2026-02-24 16시46분15초	1771919175956]	오만6층 컨트롤러..
[2026-02-24 16시46분15초	1771919175956]	0ms

[2026-02-24 16시46분15초	1771919175957]	오만7층 컨트롤러..
[2026-02-24 16시46분15초	1771919175957]	0ms

[2026-02-24 16시46분15초	1771919175958]	오만8층 컨트롤러..
[2026-02-24 16시46분15초	1771919175958]	0ms

[2026-02-24 16시46분15초	1771919175958]	오만9층 컨트롤러..
[2026-02-24 16시46분15초	1771919175958]	0ms

[2026-02-24 16시46분15초	1771919175959]	오만10층 컨트롤러..
[2026-02-24 16시46분15초	1771919175959]	0ms

[2026-02-24 16시46분15초	1771919175959]	오만정상 컨트롤러..
[2026-02-24 16시46분15초	1771919175960]	1ms

[2026-02-24 16시46분15초	1771919175960]	기감 컨트롤러..
[2026-02-24 16시46분15초	1771919175960]	0ms

[2026-02-24 16시46분15초	1771919175961]	고라스컨트롤러..
[2026-02-24 16시46분15초	1771919175961]	0ms

[2026-02-24 16시46분15초	1771919175961]	드워프컨트롤러..
[2026-02-24 16시46분15초	1771919175961]	0ms

[2026-02-24 16시46분15초	1771919175962]	타임이벤트컨트롤러..
[2026-02-24 16시46분15초	1771919175962]	0ms

[2026-02-24 16시46분15초	1771919175962]	AutoHuntController..
[2026-02-24 16시46분15초	1771919175963]	1ms

[2026-02-24 16시46분15초	1771919175975]	DatabaseConnection..
[2026-02-24 16시46분16초	1771919176251]	276ms

[2026-02-24 16시46분16초	1771919176266]	ServerDatabase..
[2026-02-24 16시46분16초	1771919176296]	30ms

[2026-02-24 16시46분16초	1771919176299]	SlimeRaceController..
[2026-02-24 16시46분16초	1771919176301]	2ms

[2026-02-24 16시46분16초	1771919176302]	DogRaceController..
[2026-02-24 16시46분16초	1771919176304]	2ms

[2026-02-24 16시46분16초	1771919176306]	ClanController..
[2026-02-24 16시46분16초	1771919176312]	6ms

[2026-02-24 16시46분16초	1771919176314]	KingdomController..
[2026-02-24 16시46분16초	1771919176320]	6ms

[2026-02-24 16시46분16초	1771919176321]	AgitController..
[2026-02-24 16시46분16초	1771919176326]	5ms

[2026-02-24 16시46분16초	1771919176327]	AuctionController..
[2026-02-24 16시46분16초	1771919176331]	4ms

[2026-02-24 16시46분16초	1771919176336]	ItemDatabase..
[2026-02-24 16시46분16초	1771919176427]	91ms

[2026-02-24 16시46분16초	1771919176430]	ItemSetopionDatabase..
[2026-02-24 16시46분16초	1771919176433]	3ms

[2026-02-24 16시46분16초	1771919176434]	AutosellDatabase..
[2026-02-24 16시46분16초	1771919176453]	19ms

[2026-02-24 16시46분16초	1771919176454]	ItemSkillDatabase..
[2026-02-24 16시46분16초	1771919176456]	2ms

[2026-02-24 16시46분16초	1771919176457]	ItemBundleDatabase..
[2026-02-24 16시46분16초	1771919176460]	3ms

[2026-02-24 16시46분16초	1771919176461]	ItemChanceBundleDatabase..
[2026-02-24 16시46분16초	1771919176464]	3ms

[2026-02-24 16시46분16초	1771919176465]	FishItemListDatabase..
[2026-02-24 16시46분16초	1771919176467]	2ms

[2026-02-24 16시46분16초	1771919176468]	ItemTeleport..
[2026-02-24 16시46분16초	1771919176471]	2ms

[2026-02-24 16시46분16초	1771919176472]	PolyDatabase..
[2026-02-24 16시46분16초	1771919176475]	3ms

[2026-02-24 16시46분16초	1771919176475]	DungeonDatabase..
[2026-02-24 16시46분16초	1771919176480]	5ms

[2026-02-24 16시46분16초	1771919176480]	DefiniteDatabase..
[2026-02-24 16시46분16초	1771919176483]	2ms

[2026-02-24 16시46분16초	1771919176483]	ExpDatabase..
[2026-02-24 16시46분16초	1771919176485]	2ms

[2026-02-24 16시46분16초	1771919176485]	BackgroundDatabase..
[2026-02-24 16시46분16초	1771919176612]	127ms

[2026-02-24 16시46분16초	1771919176612]	SpriteFrameDatabase..
[2026-02-24 16시46분16초	1771919176674]	62ms

[2026-02-24 16시46분16초	1771919176678]	SkillDatabase..
[2026-02-24 16시46분16초	1771919176681]	3ms

[2026-02-24 16시46분16초	1771919176682]	NpcDatabase..
[2026-02-24 16시46분16초	1771919176690]	8ms

[2026-02-24 16시46분16초	1771919176691]	NpcShopDatabase..
[2026-02-24 16시46분16초	1771919176755]	64ms

[2026-02-24 16시46분16초	1771919176756]	NpcTeleportDatabase..
[2026-02-24 16시46분16초	1771919176758]	1ms

[2026-02-24 16시46분16초	1771919176901]	NpcSpawnlistDatabase..
[2026-02-24 16시46분16초	1771919176973]	72ms

[2026-02-24 16시46분16초	1771919176975]	EventController..
[2026-02-24 16시46분16초	1771919176975]	0ms

[2026-02-24 16시46분16초	1771919176977]	MonsterDatabase..
[2026-02-24 16시46분16초	1771919176992]	15ms

[2026-02-24 16시46분16초	1771919176993]	MonsterDropDatabase..
[2026-02-24 16시46분17초	1771919177017]	24ms

[2026-02-24 16시46분17초	1771919177018]	MonsterSkillDatabase..
[2026-02-24 16시46분17초	1771919177029]	11ms

[2026-02-24 16시46분17초	1771919177031]	MonsterSpawnlistDatabase..
[2026-02-24 16시46분18초	1771919178226]	1195ms

[2026-02-24 16시46분18초	1771919178227]	MonsterBossSpawnlistDatabase..
[2026-02-24 16시46분18초	1771919178229]	2ms

[2026-02-24 16시46분18초	1771919178230]	ServerDownBossListDatabase..
[2026-02-24 16시46분18초	1771919178231]	1ms

[2026-02-24 16시46분18초	1771919178231]	BadIpDatabase..
[2026-02-24 16시46분18초	1771919178234]	3ms

[2026-02-24 16시46분18초	1771919178234]	QuestController..
[2026-02-24 16시46분18초	1771919178235]	0ms

[2026-02-24 16시46분18초	1771919178235]	ServerOpcodesDatabase..
[2026-02-24 16시46분18초	1771919178239]	4ms

[2026-02-24 16시46분18초	1771919178241]	ServerNoticeDatabase..
[2026-02-24 16시46분18초	1771919178243]	2ms

[2026-02-24 16시46분18초	1771919178245]	RankController..
[2026-02-24 16시46분18초	1771919178268]	23ms

[2026-02-24 16시46분18초	1771919178270]	WantedController..
[2026-02-24 16시46분18초	1771919178274]	4ms

[2026-02-24 16시46분18초	1771919178275]	TeleportHomeDatabase..
[2026-02-24 16시46분18초	1771919178306]	31ms

[2026-02-24 16시46분18초	1771919178307]	TeleportResetDatabase..
[2026-02-24 16시46분18초	1771919178336]	29ms

[2026-02-24 16시46분18초	1771919178337]	ItemPinewandDatabase..
[2026-02-24 16시46분18초	1771919178338]	1ms

[2026-02-24 16시46분18초	1771919178339]	ItemMaplewandDatabase..
[2026-02-24 16시46분18초	1771919178340]	1ms

[2026-02-24 16시46분18초	1771919178341]	SummonListDatabase..
[2026-02-24 16시46분18초	1771919178342]	1ms

[2026-02-24 16시46분18초	1771919178343]	GmListDatabase..
[2026-02-24 16시46분18초	1771919178344]	1ms

[2026-02-24 16시46분18초	1771919178345]	MagicdollListDatabase..
[2026-02-24 16시46분18초	1771919178347]	2ms

[2026-02-24 16시46분18초	1771919178352]	PcMarketController..
[2026-02-24 16시46분18초	1771919178353]	1ms

[2026-02-24 16시46분18초	1771919178354]	ServerOptionDatabase..
[2026-02-24 16시46분18초	1771919178354]	0ms

[2026-02-24 16시46분18초	1771919178355]	TimeDungeonDatabase..
[2026-02-24 16시46분18초	1771919178356]	1ms

[2026-02-24 16시46분18초	1771919178357]	TeamBattleDatabase..
[2026-02-24 16시46분18초	1771919178358]	1ms

[2026-02-24 16시46분18초	1771919178359]	LifeLostItemDatabase..
[2026-02-24 16시46분18초	1771919178360]	1ms

[2026-02-24 16시46분18초	1771919178361]	GmTeleportDatabase..
[2026-02-24 16시46분18초	1771919178362]	1ms

[2026-02-24 16시46분18초	1771919178364]	무인혈맹컨트롤러..
[2026-02-24 16시46분18초	1771919178366]	2ms

[2026-02-24 16시46분18초	1771919178367]	HackNoCheckDatabase..
[2026-02-24 16시46분18초	1771919178368]	1ms

[2026-02-24 16시46분18초	1771919178369]	EnchantLostItemDatabase..
[2026-02-24 16시46분18초	1771919178390]	21ms

[2026-02-24 16시46분18초	1771919178392]	ItemDropMessageDatabase..
[2026-02-24 16시46분18초	1771919178392]	0ms

[2026-02-24 16시46분18초	1771919178394]	FishingController..
[2026-02-24 16시46분18초	1771919178678]	284ms

[2026-02-24 16시46분18초	1771919178691]	RobotController..
[2026-02-24 16시46분18초	1771919178716]	25ms

[2026-02-24 16시46분18초	1771919178718]	Server..
[2026-02-24 16시46분18초	1771919178783]	65ms

[2026-02-24 16시46분18초	1771919178784]	ServerThread..
[2026-02-24 16시46분18초	1771919178784]	0ms

[2026-02-24 16시46분18초	1771919178785]	ControllerTherad..
[2026-02-24 16시46분18초	1771919178785]	0ms

[2026-02-24 16시46분18초	1771919178786]	CharacterThread..
[2026-02-24 16시46분18초	1771919178786]	0ms

[2026-02-24 16시46분18초	1771919178787]	DatabaseThread..
[2026-02-24 16시46분18초	1771919178787]	0ms

[2026-02-24 16시46분18초	1771919178788]	CharacterControlThread..
[2026-02-24 16시46분18초	1771919178788]	0ms

[2026-02-24 16시46분18초	1771919178833]	FightController..
[2026-02-24 16시46분18초	1771919178853]	20ms

[2026-02-24 16시46분18초	1771919178854]	TimeThread..
[2026-02-24 16시46분18초	1771919178854]	0ms

[2026-02-24 16시46분18초	1771919178855]	AutoHuntThread..
[2026-02-24 16시46분18초	1771919178855]	0ms

[2026-02-24 16시46분18초	1771919178855]	======================================================================
[2026-02-24 16시46분18초	1771919178856]	Server Version  :  Lineage 2.0

[2026-02-24 16시46분18초	1771919178856]	Server Port      :  2000

[2026-02-24 16시46분18초	1771919178856]	계정 자동생성  :  on

[2026-02-24 16시46분18초	1771919178856]	인챈트 : 1.0배  ||  드랍 : 3.0배  ||  경험치 : 30.0배  ||  아데나 : 12.0배  ||  파티 : 1.1배

[2026-02-24 16시46분18초	1771919178857]	======================================================================
[2026-02-24 16시46분18초	1771919178857]	'서버' 가동되었습니다.

[2026-02-24 16시49분19초	1771919359487]	자동 저장완료 2026-02-24 16시49분19초
[2026-02-24 16시52분20초	1771919540105]	자동 저장완료 2026-02-24 16시52분20초
[2026-02-24 16시55분20초	1771919720801]	자동 저장완료 2026-02-24 16시55분20초
[2026-02-24 16시56분16초	1771919776998]	Thread close..
[2026-02-24 16시56분17초	1771919777998]	Save Database..
[2026-02-24 16시56분18초	1771919778952]	Socket close..
[2026-02-24 16시56분18초	1771919778952]	LineageServer Close...
[2026-02-24 16시56분18초	1771919778952]	0ms

[2026-02-24 16시56분18초	1771919778952]	ok..
