[2026-01-14 13시32분37초	1768365157165]	Mysql..
[2026-01-14 13시32분37초	1768365157166]	2ms

[2026-01-14 13시32분37초	1768365157183]	lineage.conf file loading...
[2026-01-14 13시32분37초	1768365157213]	30ms

[2026-01-14 13시32분37초	1768365157219]	Lineage_Balance..
[2026-01-14 13시32분37초	1768365157228]	9ms

[2026-01-14 13시32분37초	1768365157229]	npc_promotion..
[2026-01-14 13시32분37초	1768365157229]	0ms

[2026-01-14 13시32분37초	1768365157230]	Socket..
[2026-01-14 13시32분37초	1768365157230]	0ms

[2026-01-14 13시32분37초	1768365157230]	Common..
[2026-01-14 13시32분37초	1768365157231]	0ms

[2026-01-14 13시32분37초	1768365157231]	EventThread..
[2026-01-14 13시32분37초	1768365157231]	0ms

[2026-01-14 13시32분37초	1768365157232]	AiExecuteThread..
[2026-01-14 13시32분37초	1768365157232]	0ms

[2026-01-14 13시32분37초	1768365157233]	AiThread..
[2026-01-14 13시32분37초	1768365157233]	0ms

[2026-01-14 13시32분37초	1768365157237]	World..
[2026-01-14 13시32분37초	1768365157330]	93ms

[2026-01-14 13시32분37초	1768365157331]	BookController..
[2026-01-14 13시32분37초	1768365157332]	0ms

[2026-01-14 13시32분37초	1768365157332]	InventoryController..
[2026-01-14 13시32분37초	1768365157332]	0ms

[2026-01-14 13시32분37초	1768365157333]	BasePacketPooling..
[2026-01-14 13시32분37초	1768365157333]	0ms

[2026-01-14 13시32분37초	1768365157335]	SkillController..
[2026-01-14 13시32분37초	1768365157336]	1ms

[2026-01-14 13시32분37초	1768365157344]	DamageController..
[2026-01-14 13시32분37초	1768365157344]	0ms

[2026-01-14 13시32분37초	1768365157346]	CharacterController..
[2026-01-14 13시32분37초	1768365157346]	0ms

[2026-01-14 13시32분37초	1768365157347]	TradeController..
[2026-01-14 13시32분37초	1768365157347]	0ms

[2026-01-14 13시32분37초	1768365157348]	DungeonController..
[2026-01-14 13시32분37초	1768365157348]	0ms

[2026-01-14 13시32분37초	1768365157349]	ShipController..
[2026-01-14 13시32분37초	1768365157349]	0ms

[2026-01-14 13시32분37초	1768365157350]	BuffController..
[2026-01-14 13시32분37초	1768365157350]	0ms

[2026-01-14 13시32분37초	1768365157353]	SummonController..
[2026-01-14 13시32분37초	1768365157354]	1ms

[2026-01-14 13시32분37초	1768365157354]	PartyController..
[2026-01-14 13시32분37초	1768365157355]	1ms

[2026-01-14 13시32분37초	1768365157355]	InnController..
[2026-01-14 13시32분37초	1768365157355]	0ms

[2026-01-14 13시32분37초	1768365157356]	BoardController..
[2026-01-14 13시32분37초	1768365157357]	1ms

[2026-01-14 13시32분37초	1768365157358]	LetterController..
[2026-01-14 13시32분37초	1768365157358]	0ms

[2026-01-14 13시32분37초	1768365157359]	UserShopController..
[2026-01-14 13시32분37초	1768365157359]	0ms

[2026-01-14 13시32분37초	1768365157361]	ChattingController..
[2026-01-14 13시32분37초	1768365157362]	1ms

[2026-01-14 13시32분37초	1768365157363]	ColosseumController..
[2026-01-14 13시32분37초	1768365157364]	1ms

[2026-01-14 13시32분37초	1768365157364]	CraftController..
[2026-01-14 13시32분37초	1768365157365]	1ms

[2026-01-14 13시32분37초	1768365157366]	BossController..
[2026-01-14 13시32분37초	1768365157366]	0ms

[2026-01-14 13시32분37초	1768365157367]	NoticeController..
[2026-01-14 13시32분37초	1768365157367]	0ms

[2026-01-14 13시32분37초	1768365157368]	FriendController..
[2026-01-14 13시32분37초	1768365157368]	0ms

[2026-01-14 13시32분37초	1768365157376]	BugScanningController..
[2026-01-14 13시32분37초	1768365157376]	0ms

[2026-01-14 13시32분37초	1768365157378]	MagicDollController..
[2026-01-14 13시32분37초	1768365157378]	0ms

[2026-01-14 13시32분37초	1768365157378]	ShopController..
[2026-01-14 13시32분37초	1768365157378]	0ms

[2026-01-14 13시32분37초	1768365157380]	WarehouseDatabase..
[2026-01-14 13시32분37초	1768365157380]	0ms

[2026-01-14 13시32분37초	1768365157381]	PakTools..
[2026-01-14 13시32분37초	1768365157382]	1ms

[2026-01-14 13시32분37초	1768365157383]	ScriptController...
[2026-01-14 13시32분37초	1768365157385]	2ms

[2026-01-14 13시32분37초	1768365157386]	GiranClanLordController..
[2026-01-14 13시32분37초	1768365157386]	0ms

[2026-01-14 13시32분37초	1768365157387]	TeamBattleController..
[2026-01-14 13시32분37초	1768365157388]	1ms

[2026-01-14 13시32분37초	1768365157388]	WorldClearController..
[2026-01-14 13시32분37초	1768365157388]	0ms

[2026-01-14 13시32분37초	1768365157389]	SpotController..
[2026-01-14 13시32분37초	1768365157392]	3ms

[2026-01-14 13시32분37초	1768365157393]	테베라스 컨트롤러..
[2026-01-14 13시32분37초	1768365157393]	0ms

[2026-01-14 13시32분37초	1768365157393]	지옥 컨트롤러..
[2026-01-14 13시32분37초	1768365157393]	0ms

[2026-01-14 13시32분37초	1768365157394]	지하수로 컨트롤러..
[2026-01-14 13시32분37초	1768365157394]	0ms

[2026-01-14 13시32분37초	1768365157395]	보물찾기컨트롤러..
[2026-01-14 13시32분37초	1768365157395]	0ms

[2026-01-14 13시32분37초	1768365157396]	마족신전 컨트롤러..
[2026-01-14 13시32분37초	1768365157396]	0ms

[2026-01-14 13시32분37초	1768365157396]	고무 컨트롤러..
[2026-01-14 13시32분37초	1768365157397]	정무던전 컨트롤러..
[2026-01-14 13시32분37초	1768365157402]	5ms

[2026-01-14 13시32분37초	1768365157403]	그신 컨트롤러..
[2026-01-14 13시32분37초	1768365157403]	0ms

[2026-01-14 13시32분37초	1768365157403]	라바던전 컨트롤러..
[2026-01-14 13시32분37초	1768365157404]	1ms

[2026-01-14 13시32분37초	1768365157404]	월드보스컨트롤러..
[2026-01-14 13시32분37초	1768365157404]	0ms

[2026-01-14 13시32분37초	1768365157405]	펭귄 사냥터 컨트롤러..
[2026-01-14 13시32분37초	1768365157405]	0ms

[2026-01-14 13시32분37초	1768365157406]	칠흑던전 컨트롤러..
[2026-01-14 13시32분37초	1768365157407]	악마왕의영토컨트롤러..
[2026-01-14 13시32분37초	1768365157407]	0ms

[2026-01-14 13시32분37초	1768365157408]	얼던컨트롤러..
[2026-01-14 13시32분37초	1768365157408]	0ms

[2026-01-14 13시32분37초	1768365157409]	기감 컨트롤러..
[2026-01-14 13시32분37초	1768365157409]	0ms

[2026-01-14 13시32분37초	1768365157409]	고라스컨트롤러..
[2026-01-14 13시32분37초	1768365157410]	1ms

[2026-01-14 13시32분37초	1768365157410]	드워프컨트롤러..
[2026-01-14 13시32분37초	1768365157410]	0ms

[2026-01-14 13시32분37초	1768365157411]	타임이벤트컨트롤러..
[2026-01-14 13시32분37초	1768365157411]	0ms

[2026-01-14 13시32분37초	1768365157412]	AutoHuntController..
[2026-01-14 13시32분37초	1768365157412]	0ms

[2026-01-14 13시32분37초	1768365157426]	DatabaseConnection..
[2026-01-14 13시32분37초	1768365157709]	283ms

[2026-01-14 13시32분37초	1768365157731]	ServerDatabase..
[2026-01-14 13시32분37초	1768365157766]	34ms

[2026-01-14 13시32분37초	1768365157769]	SlimeRaceController..
[2026-01-14 13시32분37초	1768365157771]	2ms

[2026-01-14 13시32분37초	1768365157773]	DogRaceController..
[2026-01-14 13시32분37초	1768365157775]	2ms

[2026-01-14 13시32분37초	1768365157778]	ClanController..
[2026-01-14 13시32분37초	1768365157784]	6ms

[2026-01-14 13시32분37초	1768365157787]	KingdomController..
[2026-01-14 13시32분37초	1768365157802]	15ms

[2026-01-14 13시32분37초	1768365157804]	AgitController..
[2026-01-14 13시32분37초	1768365157809]	5ms

[2026-01-14 13시32분37초	1768365157810]	AuctionController..
[2026-01-14 13시32분37초	1768365157815]	5ms

[2026-01-14 13시32분37초	1768365157820]	ItemDatabase..
[2026-01-14 13시32분38초	1768365158003]	183ms

[2026-01-14 13시32분38초	1768365158008]	ItemSetopionDatabase..
[2026-01-14 13시32분38초	1768365158018]	10ms

[2026-01-14 13시32분38초	1768365158027]	AutosellDatabase..
[2026-01-14 13시32분38초	1768365158047]	20ms

[2026-01-14 13시32분38초	1768365158055]	ItemSkillDatabase..
[2026-01-14 13시32분38초	1768365158058]	3ms

[2026-01-14 13시32분38초	1768365158058]	ItemBundleDatabase..
[2026-01-14 13시32분38초	1768365158061]	3ms

[2026-01-14 13시32분38초	1768365158062]	ItemChanceBundleDatabase..
[2026-01-14 13시32분38초	1768365158065]	3ms

[2026-01-14 13시32분38초	1768365158066]	FishItemListDatabase..
[2026-01-14 13시32분38초	1768365158068]	1ms

[2026-01-14 13시32분38초	1768365158069]	ItemTeleport..
[2026-01-14 13시32분38초	1768365158071]	2ms

[2026-01-14 13시32분38초	1768365158073]	PolyDatabase..
[2026-01-14 13시32분38초	1768365158076]	3ms

[2026-01-14 13시32분38초	1768365158077]	DungeonDatabase..
[2026-01-14 13시32분38초	1768365158081]	4ms

[2026-01-14 13시32분38초	1768365158082]	DefiniteDatabase..
[2026-01-14 13시32분38초	1768365158085]	2ms

[2026-01-14 13시32분38초	1768365158085]	ExpDatabase..
[2026-01-14 13시32분38초	1768365158088]	3ms

[2026-01-14 13시32분38초	1768365158088]	BackgroundDatabase..
[2026-01-14 13시32분38초	1768365158215]	127ms

[2026-01-14 13시32분38초	1768365158215]	SpriteFrameDatabase..
[2026-01-14 13시32분38초	1768365158285]	70ms

[2026-01-14 13시32분38초	1768365158286]	SkillDatabase..
[2026-01-14 13시32분38초	1768365158289]	3ms

[2026-01-14 13시32분38초	1768365158289]	NpcDatabase..
[2026-01-14 13시32분38초	1768365158297]	8ms

[2026-01-14 13시32분38초	1768365158298]	NpcShopDatabase..
[2026-01-14 13시32분38초	1768365158361]	63ms

[2026-01-14 13시32분38초	1768365158361]	NpcTeleportDatabase..
[2026-01-14 13시32분38초	1768365158363]	2ms

[2026-01-14 13시32분38초	1768365158494]	NpcSpawnlistDatabase..
[2026-01-14 13시32분38초	1768365158545]	51ms

[2026-01-14 13시32분38초	1768365158547]	EventController..
[2026-01-14 13시32분38초	1768365158547]	0ms

[2026-01-14 13시32분38초	1768365158548]	MonsterDatabase..
[2026-01-14 13시32분38초	1768365158563]	15ms

[2026-01-14 13시32분38초	1768365158564]	MonsterDropDatabase..
[2026-01-14 13시32분38초	1768365158589]	25ms

[2026-01-14 13시32분38초	1768365158590]	MonsterSkillDatabase..
[2026-01-14 13시32분38초	1768365158603]	13ms

[2026-01-14 13시32분38초	1768365158604]	MonsterSpawnlistDatabase..
[2026-01-14 13시32분39초	1768365159462]	858ms

[2026-01-14 13시32분39초	1768365159463]	MonsterBossSpawnlistDatabase..
[2026-01-14 13시32분39초	1768365159465]	2ms

[2026-01-14 13시32분39초	1768365159466]	ServerDownBossListDatabase..
[2026-01-14 13시32분39초	1768365159467]	1ms

[2026-01-14 13시32분39초	1768365159468]	BadIpDatabase..
[2026-01-14 13시32분39초	1768365159469]	1ms

[2026-01-14 13시32분39초	1768365159469]	QuestController..
[2026-01-14 13시32분39초	1768365159471]	2ms

[2026-01-14 13시32분39초	1768365159472]	ServerOpcodesDatabase..
[2026-01-14 13시32분39초	1768365159475]	3ms

[2026-01-14 13시32분39초	1768365159476]	ServerNoticeDatabase..
[2026-01-14 13시32분39초	1768365159478]	2ms

[2026-01-14 13시32분39초	1768365159479]	RankController..
[2026-01-14 13시32분39초	1768365159500]	21ms

[2026-01-14 13시32분39초	1768365159501]	WantedController..
[2026-01-14 13시32분39초	1768365159506]	5ms

[2026-01-14 13시32분39초	1768365159506]	TeleportHomeDatabase..
[2026-01-14 13시32분39초	1768365159537]	31ms

[2026-01-14 13시32분39초	1768365159538]	TeleportResetDatabase..
[2026-01-14 13시32분39초	1768365159575]	37ms

[2026-01-14 13시32분39초	1768365159576]	ItemPinewandDatabase..
[2026-01-14 13시32분39초	1768365159578]	2ms

[2026-01-14 13시32분39초	1768365159579]	ItemMaplewandDatabase..
[2026-01-14 13시32분39초	1768365159581]	2ms

[2026-01-14 13시32분39초	1768365159582]	SummonListDatabase..
[2026-01-14 13시32분39초	1768365159586]	4ms

[2026-01-14 13시32분39초	1768365159586]	GmListDatabase..
[2026-01-14 13시32분39초	1768365159587]	1ms

[2026-01-14 13시32분39초	1768365159589]	MagicdollListDatabase..
[2026-01-14 13시32분39초	1768365159592]	3ms

[2026-01-14 13시32분39초	1768365159596]	PcMarketController..
[2026-01-14 13시32분39초	1768365159597]	1ms

[2026-01-14 13시32분39초	1768365159598]	ServerOptionDatabase..
[2026-01-14 13시32분39초	1768365159598]	0ms

[2026-01-14 13시32분39초	1768365159599]	TimeDungeonDatabase..
[2026-01-14 13시32분39초	1768365159600]	1ms

[2026-01-14 13시32분39초	1768365159601]	TeamBattleDatabase..
[2026-01-14 13시32분39초	1768365159602]	1ms

[2026-01-14 13시32분39초	1768365159603]	LifeLostItemDatabase..
[2026-01-14 13시32분39초	1768365159604]	1ms

[2026-01-14 13시32분39초	1768365159605]	GmTeleportDatabase..
[2026-01-14 13시32분39초	1768365159606]	1ms

[2026-01-14 13시32분39초	1768365159609]	무인혈맹컨트롤러..
[2026-01-14 13시32분39초	1768365159610]	1ms

[2026-01-14 13시32분39초	1768365159612]	HackNoCheckDatabase..
[2026-01-14 13시32분39초	1768365159612]	0ms

[2026-01-14 13시32분39초	1768365159614]	EnchantLostItemDatabase..
[2026-01-14 13시32분39초	1768365159643]	29ms

[2026-01-14 13시32분39초	1768365159650]	ItemDropMessageDatabase..
[2026-01-14 13시32분39초	1768365159650]	0ms

[2026-01-14 13시32분39초	1768365159652]	FishingController..
[2026-01-14 13시32분39초	1768365159928]	276ms

[2026-01-14 13시32분39초	1768365159941]	RobotController..
[2026-01-14 13시32분39초	1768365159965]	24ms

[2026-01-14 13시32분39초	1768365159967]	Server..
[2026-01-14 13시32분40초	1768365160031]	64ms

[2026-01-14 13시32분40초	1768365160032]	ServerThread..
[2026-01-14 13시32분40초	1768365160032]	0ms

[2026-01-14 13시32분40초	1768365160033]	ControllerTherad..
[2026-01-14 13시32분40초	1768365160033]	0ms

[2026-01-14 13시32분40초	1768365160034]	CharacterThread..
[2026-01-14 13시32분40초	1768365160036]	2ms

[2026-01-14 13시32분40초	1768365160037]	DatabaseThread..
[2026-01-14 13시32분40초	1768365160038]	1ms

[2026-01-14 13시32분40초	1768365160039]	CharacterControlThread..
[2026-01-14 13시32분40초	1768365160039]	0ms

[2026-01-14 13시32분40초	1768365160080]	FightController..
