[2026-01-14 22시18분29초	1768396709599]	Mysql..
[2026-01-14 22시18분29초	1768396709600]	2ms

[2026-01-14 22시18분29초	1768396709615]	lineage.conf file loading...
[2026-01-14 22시18분29초	1768396709643]	28ms

[2026-01-14 22시18분29초	1768396709650]	Lineage_Balance..
[2026-01-14 22시18분29초	1768396709657]	7ms

[2026-01-14 22시18분29초	1768396709658]	npc_promotion..
[2026-01-14 22시18분29초	1768396709659]	1ms

[2026-01-14 22시18분29초	1768396709659]	Socket..
[2026-01-14 22시18분29초	1768396709660]	1ms

[2026-01-14 22시18분29초	1768396709660]	Common..
[2026-01-14 22시18분29초	1768396709660]	0ms

[2026-01-14 22시18분29초	1768396709660]	EventThread..
[2026-01-14 22시18분29초	1768396709661]	1ms

[2026-01-14 22시18분29초	1768396709662]	AiExecuteThread..
[2026-01-14 22시18분29초	1768396709662]	1ms

[2026-01-14 22시18분29초	1768396709663]	AiThread..
[2026-01-14 22시18분29초	1768396709663]	0ms

[2026-01-14 22시18분29초	1768396709673]	World..
[2026-01-14 22시18분29초	1768396709749]	76ms

[2026-01-14 22시18분29초	1768396709750]	BookController..
[2026-01-14 22시18분29초	1768396709750]	0ms

[2026-01-14 22시18분29초	1768396709751]	InventoryController..
[2026-01-14 22시18분29초	1768396709751]	0ms

[2026-01-14 22시18분29초	1768396709751]	BasePacketPooling..
[2026-01-14 22시18분29초	1768396709751]	0ms

[2026-01-14 22시18분29초	1768396709753]	SkillController..
[2026-01-14 22시18분29초	1768396709753]	0ms

[2026-01-14 22시18분29초	1768396709758]	DamageController..
[2026-01-14 22시18분29초	1768396709759]	1ms

[2026-01-14 22시18분29초	1768396709760]	CharacterController..
[2026-01-14 22시18분29초	1768396709760]	0ms

[2026-01-14 22시18분29초	1768396709761]	TradeController..
[2026-01-14 22시18분29초	1768396709761]	0ms

[2026-01-14 22시18분29초	1768396709762]	DungeonController..
[2026-01-14 22시18분29초	1768396709762]	0ms

[2026-01-14 22시18분29초	1768396709763]	ShipController..
[2026-01-14 22시18분29초	1768396709763]	0ms

[2026-01-14 22시18분29초	1768396709763]	BuffController..
[2026-01-14 22시18분29초	1768396709763]	0ms

[2026-01-14 22시18분29초	1768396709767]	SummonController..
[2026-01-14 22시18분29초	1768396709767]	0ms

[2026-01-14 22시18분29초	1768396709768]	PartyController..
[2026-01-14 22시18분29초	1768396709768]	0ms

[2026-01-14 22시18분29초	1768396709768]	InnController..
[2026-01-14 22시18분29초	1768396709768]	0ms

[2026-01-14 22시18분29초	1768396709769]	BoardController..
[2026-01-14 22시18분29초	1768396709769]	0ms

[2026-01-14 22시18분29초	1768396709771]	LetterController..
[2026-01-14 22시18분29초	1768396709771]	0ms

[2026-01-14 22시18분29초	1768396709771]	UserShopController..
[2026-01-14 22시18분29초	1768396709771]	0ms

[2026-01-14 22시18분29초	1768396709772]	ChattingController..
[2026-01-14 22시18분29초	1768396709773]	1ms

[2026-01-14 22시18분29초	1768396709775]	ColosseumController..
[2026-01-14 22시18분29초	1768396709775]	0ms

[2026-01-14 22시18분29초	1768396709784]	CraftController..
[2026-01-14 22시18분29초	1768396709784]	0ms

[2026-01-14 22시18분29초	1768396709785]	BossController..
[2026-01-14 22시18분29초	1768396709785]	0ms

[2026-01-14 22시18분29초	1768396709793]	NoticeController..
[2026-01-14 22시18분29초	1768396709794]	1ms

[2026-01-14 22시18분29초	1768396709802]	FriendController..
[2026-01-14 22시18분29초	1768396709802]	0ms

[2026-01-14 22시18분29초	1768396709803]	BugScanningController..
[2026-01-14 22시18분29초	1768396709803]	0ms

[2026-01-14 22시18분29초	1768396709804]	MagicDollController..
[2026-01-14 22시18분29초	1768396709804]	0ms

[2026-01-14 22시18분29초	1768396709805]	ShopController..
[2026-01-14 22시18분29초	1768396709805]	0ms

[2026-01-14 22시18분29초	1768396709806]	WarehouseDatabase..
[2026-01-14 22시18분29초	1768396709806]	0ms

[2026-01-14 22시18분29초	1768396709806]	PakTools..
[2026-01-14 22시18분29초	1768396709808]	2ms

[2026-01-14 22시18분29초	1768396709808]	ScriptController...
[2026-01-14 22시18분29초	1768396709811]	2ms

[2026-01-14 22시18분29초	1768396709811]	GiranClanLordController..
[2026-01-14 22시18분29초	1768396709811]	0ms

[2026-01-14 22시18분29초	1768396709813]	TeamBattleController..
[2026-01-14 22시18분29초	1768396709813]	0ms

[2026-01-14 22시18분29초	1768396709813]	WorldClearController..
[2026-01-14 22시18분29초	1768396709813]	0ms

[2026-01-14 22시18분29초	1768396709814]	SpotController..
[2026-01-14 22시18분29초	1768396709814]	0ms

[2026-01-14 22시18분29초	1768396709817]	테베라스 컨트롤러..
[2026-01-14 22시18분29초	1768396709817]	0ms

[2026-01-14 22시18분29초	1768396709818]	지옥 컨트롤러..
[2026-01-14 22시18분29초	1768396709818]	0ms

[2026-01-14 22시18분29초	1768396709818]	지하수로 컨트롤러..
[2026-01-14 22시18분29초	1768396709818]	0ms

[2026-01-14 22시18분29초	1768396709819]	보물찾기컨트롤러..
[2026-01-14 22시18분29초	1768396709819]	0ms

[2026-01-14 22시18분29초	1768396709820]	마족신전 컨트롤러..
[2026-01-14 22시18분29초	1768396709820]	0ms

[2026-01-14 22시18분29초	1768396709820]	고무 컨트롤러..
[2026-01-14 22시18분29초	1768396709821]	정무던전 컨트롤러..
[2026-01-14 22시18분29초	1768396709824]	3ms

[2026-01-14 22시18분29초	1768396709825]	그신 컨트롤러..
[2026-01-14 22시18분29초	1768396709825]	0ms

[2026-01-14 22시18분29초	1768396709826]	라바던전 컨트롤러..
[2026-01-14 22시18분29초	1768396709826]	0ms

[2026-01-14 22시18분29초	1768396709826]	월드보스컨트롤러..
[2026-01-14 22시18분29초	1768396709826]	0ms

[2026-01-14 22시18분29초	1768396709827]	펭귄 사냥터 컨트롤러..
[2026-01-14 22시18분29초	1768396709827]	0ms

[2026-01-14 22시18분29초	1768396709827]	칠흑던전 컨트롤러..
[2026-01-14 22시18분29초	1768396709828]	악마왕의영토컨트롤러..
[2026-01-14 22시18분29초	1768396709828]	0ms

[2026-01-14 22시18분29초	1768396709829]	얼던컨트롤러..
[2026-01-14 22시18분29초	1768396709829]	0ms

[2026-01-14 22시18분29초	1768396709829]	기감 컨트롤러..
[2026-01-14 22시18분29초	1768396709830]	1ms

[2026-01-14 22시18분29초	1768396709830]	고라스컨트롤러..
[2026-01-14 22시18분29초	1768396709830]	0ms

[2026-01-14 22시18분29초	1768396709831]	드워프컨트롤러..
[2026-01-14 22시18분29초	1768396709831]	0ms

[2026-01-14 22시18분29초	1768396709832]	타임이벤트컨트롤러..
[2026-01-14 22시18분29초	1768396709832]	0ms

[2026-01-14 22시18분29초	1768396709832]	AutoHuntController..
[2026-01-14 22시18분29초	1768396709832]	0ms

[2026-01-14 22시18분29초	1768396709845]	DatabaseConnection..
[2026-01-14 22시18분30초	1768396710139]	294ms

[2026-01-14 22시18분30초	1768396710159]	ServerDatabase..
[2026-01-14 22시18분30초	1768396710188]	29ms

[2026-01-14 22시18분30초	1768396710191]	SlimeRaceController..
[2026-01-14 22시18분30초	1768396710193]	2ms

[2026-01-14 22시18분30초	1768396710195]	DogRaceController..
[2026-01-14 22시18분30초	1768396710196]	1ms

[2026-01-14 22시18분30초	1768396710199]	ClanController..
[2026-01-14 22시18분30초	1768396710205]	6ms

[2026-01-14 22시18분30초	1768396710207]	KingdomController..
[2026-01-14 22시18분30초	1768396710214]	7ms

[2026-01-14 22시18분30초	1768396710215]	AgitController..
[2026-01-14 22시18분30초	1768396710220]	5ms

[2026-01-14 22시18분30초	1768396710221]	AuctionController..
[2026-01-14 22시18분30초	1768396710226]	5ms

[2026-01-14 22시18분30초	1768396710230]	ItemDatabase..
[2026-01-14 22시18분30초	1768396710317]	87ms

[2026-01-14 22시18분30초	1768396710318]	ItemSetopionDatabase..
[2026-01-14 22시18분30초	1768396710320]	2ms

[2026-01-14 22시18분30초	1768396710321]	AutosellDatabase..
[2026-01-14 22시18분30초	1768396710340]	19ms

[2026-01-14 22시18분30초	1768396710341]	ItemSkillDatabase..
[2026-01-14 22시18분30초	1768396710343]	2ms

[2026-01-14 22시18분30초	1768396710343]	ItemBundleDatabase..
[2026-01-14 22시18분30초	1768396710346]	3ms

[2026-01-14 22시18분30초	1768396710347]	ItemChanceBundleDatabase..
[2026-01-14 22시18분30초	1768396710350]	2ms

[2026-01-14 22시18분30초	1768396710350]	FishItemListDatabase..
[2026-01-14 22시18분30초	1768396710352]	2ms

[2026-01-14 22시18분30초	1768396710353]	ItemTeleport..
[2026-01-14 22시18분30초	1768396710355]	2ms

[2026-01-14 22시18분30초	1768396710356]	PolyDatabase..
[2026-01-14 22시18분30초	1768396710359]	3ms

[2026-01-14 22시18분30초	1768396710360]	DungeonDatabase..
[2026-01-14 22시18분30초	1768396710364]	4ms

[2026-01-14 22시18분30초	1768396710365]	DefiniteDatabase..
[2026-01-14 22시18분30초	1768396710367]	2ms

[2026-01-14 22시18분30초	1768396710368]	ExpDatabase..
[2026-01-14 22시18분30초	1768396710369]	1ms

[2026-01-14 22시18분30초	1768396710369]	BackgroundDatabase..
[2026-01-14 22시18분30초	1768396710483]	114ms

[2026-01-14 22시18분30초	1768396710483]	SpriteFrameDatabase..
[2026-01-14 22시18분30초	1768396710543]	60ms

[2026-01-14 22시18분30초	1768396710544]	SkillDatabase..
[2026-01-14 22시18분30초	1768396710547]	2ms

[2026-01-14 22시18분30초	1768396710547]	NpcDatabase..
[2026-01-14 22시18분30초	1768396710554]	7ms

[2026-01-14 22시18분30초	1768396710555]	NpcShopDatabase..
[2026-01-14 22시18분30초	1768396710612]	57ms

[2026-01-14 22시18분30초	1768396710613]	NpcTeleportDatabase..
[2026-01-14 22시18분30초	1768396710614]	1ms

[2026-01-14 22시18분30초	1768396710743]	NpcSpawnlistDatabase..
[2026-01-14 22시18분30초	1768396710799]	56ms

[2026-01-14 22시18분30초	1768396710800]	EventController..
[2026-01-14 22시18분30초	1768396710800]	0ms

[2026-01-14 22시18분30초	1768396710801]	MonsterDatabase..
[2026-01-14 22시18분30초	1768396710816]	15ms

[2026-01-14 22시18분30초	1768396710816]	MonsterDropDatabase..
[2026-01-14 22시18분30초	1768396710842]	26ms

[2026-01-14 22시18분30초	1768396710843]	MonsterSkillDatabase..
[2026-01-14 22시18분30초	1768396710864]	21ms

[2026-01-14 22시18분30초	1768396710866]	MonsterSpawnlistDatabase..
[2026-01-14 22시18분31초	1768396711712]	846ms

[2026-01-14 22시18분31초	1768396711713]	MonsterBossSpawnlistDatabase..
[2026-01-14 22시18분31초	1768396711715]	2ms

[2026-01-14 22시18분31초	1768396711716]	ServerDownBossListDatabase..
[2026-01-14 22시18분31초	1768396711718]	2ms

[2026-01-14 22시18분31초	1768396711718]	BadIpDatabase..
[2026-01-14 22시18분31초	1768396711720]	2ms

[2026-01-14 22시18분31초	1768396711720]	QuestController..
[2026-01-14 22시18분31초	1768396711722]	2ms

[2026-01-14 22시18분31초	1768396711723]	ServerOpcodesDatabase..
[2026-01-14 22시18분31초	1768396711726]	3ms

[2026-01-14 22시18분31초	1768396711726]	ServerNoticeDatabase..
[2026-01-14 22시18분31초	1768396711728]	2ms

[2026-01-14 22시18분31초	1768396711730]	RankController..
[2026-01-14 22시18분31초	1768396711756]	26ms

[2026-01-14 22시18분31초	1768396711757]	WantedController..
[2026-01-14 22시18분31초	1768396711762]	5ms

[2026-01-14 22시18분31초	1768396711763]	TeleportHomeDatabase..
[2026-01-14 22시18분31초	1768396711802]	39ms

[2026-01-14 22시18분31초	1768396711803]	TeleportResetDatabase..
[2026-01-14 22시18분31초	1768396711834]	31ms

[2026-01-14 22시18분31초	1768396711835]	ItemPinewandDatabase..
[2026-01-14 22시18분31초	1768396711836]	1ms

[2026-01-14 22시18분31초	1768396711837]	ItemMaplewandDatabase..
[2026-01-14 22시18분31초	1768396711838]	1ms

[2026-01-14 22시18분31초	1768396711839]	SummonListDatabase..
[2026-01-14 22시18분31초	1768396711840]	1ms

[2026-01-14 22시18분31초	1768396711840]	GmListDatabase..
[2026-01-14 22시18분31초	1768396711841]	1ms

[2026-01-14 22시18분31초	1768396711842]	MagicdollListDatabase..
[2026-01-14 22시18분31초	1768396711844]	2ms

[2026-01-14 22시18분31초	1768396711848]	PcMarketController..
[2026-01-14 22시18분31초	1768396711849]	1ms

[2026-01-14 22시18분31초	1768396711849]	ServerOptionDatabase..
[2026-01-14 22시18분31초	1768396711850]	1ms

[2026-01-14 22시18분31초	1768396711851]	TimeDungeonDatabase..
[2026-01-14 22시18분31초	1768396711851]	0ms

[2026-01-14 22시18분31초	1768396711852]	TeamBattleDatabase..
[2026-01-14 22시18분31초	1768396711853]	1ms

[2026-01-14 22시18분31초	1768396711853]	LifeLostItemDatabase..
[2026-01-14 22시18분31초	1768396711855]	2ms

[2026-01-14 22시18분31초	1768396711855]	GmTeleportDatabase..
[2026-01-14 22시18분31초	1768396711856]	1ms

[2026-01-14 22시18분31초	1768396711858]	무인혈맹컨트롤러..
[2026-01-14 22시18분31초	1768396711859]	1ms

[2026-01-14 22시18분31초	1768396711860]	HackNoCheckDatabase..
[2026-01-14 22시18분31초	1768396711861]	1ms

[2026-01-14 22시18분31초	1768396711862]	EnchantLostItemDatabase..
[2026-01-14 22시18분31초	1768396711884]	22ms

[2026-01-14 22시18분31초	1768396711885]	ItemDropMessageDatabase..
[2026-01-14 22시18분31초	1768396711885]	0ms

[2026-01-14 22시18분31초	1768396711887]	FishingController..
[2026-01-14 22시18분32초	1768396712151]	264ms

[2026-01-14 22시18분32초	1768396712164]	RobotController..
[2026-01-14 22시18분32초	1768396712194]	30ms

[2026-01-14 22시18분32초	1768396712199]	Server..
[2026-01-14 22시18분32초	1768396712257]	58ms

[2026-01-14 22시18분32초	1768396712258]	ServerThread..
[2026-01-14 22시18분32초	1768396712258]	0ms

[2026-01-14 22시18분32초	1768396712259]	ControllerTherad..
[2026-01-14 22시18분32초	1768396712259]	0ms

[2026-01-14 22시18분32초	1768396712259]	CharacterThread..
[2026-01-14 22시18분32초	1768396712259]	0ms

[2026-01-14 22시18분32초	1768396712260]	DatabaseThread..
[2026-01-14 22시18분32초	1768396712261]	1ms

[2026-01-14 22시18분32초	1768396712262]	CharacterControlThread..
[2026-01-14 22시18분32초	1768396712262]	0ms

[2026-01-14 22시18분32초	1768396712303]	FightController..
[2026-01-14 22시18분32초	1768396712317]	14ms

[2026-01-14 22시18분32초	1768396712318]	TimeThread..
[2026-01-14 22시18분32초	1768396712318]	0ms

[2026-01-14 22시18분32초	1768396712319]	AutoHuntThread..
[2026-01-14 22시18분32초	1768396712319]	0ms

[2026-01-14 22시18분32초	1768396712319]	======================================================================
[2026-01-14 22시18분32초	1768396712319]	Server Version  :  Lineage 2.0

[2026-01-14 22시18분32초	1768396712319]	Server Port      :  2000

[2026-01-14 22시18분32초	1768396712319]	계정 자동생성  :  on

[2026-01-14 22시18분32초	1768396712320]	인챈트 : 1.0배  ||  드랍 : 3.0배  ||  경험치 : 30.0배  ||  아데나 : 12.0배  ||  파티 : 1.1배

[2026-01-14 22시18분32초	1768396712320]	======================================================================
[2026-01-14 22시18분32초	1768396712320]	'서버' 가동되었습니다.

[2026-01-14 22시21분32초	1768396892988]	자동 저장완료 2026-01-14 22시21분32초
[2026-01-14 22시24분33초	1768397073647]	자동 저장완료 2026-01-14 22시24분33초
[2026-01-14 22시27분34초	1768397254308]	자동 저장완료 2026-01-14 22시27분34초
[2026-01-14 22시29분30초	1768397370692]	서버가 즉시 종료됩니다...
[2026-01-14 22시29분31초	1768397371693]	Thread close..
[2026-01-14 22시29분32초	1768397372693]	Save Database..
[2026-01-14 22시29분33초	1768397373627]	Socket close..
[2026-01-14 22시29분33초	1768397373627]	LineageServer Close...
[2026-01-14 22시29분33초	1768397373627]	0ms

[2026-01-14 22시29분33초	1768397373627]	ok..
