[2026-02-14 10시08분47초	1771031327162]	Mysql..
[2026-02-14 10시08분47초	1771031327163]	3ms

[2026-02-14 10시08분47초	1771031327184]	lineage.conf file loading...
[2026-02-14 10시08분47초	1771031327220]	36ms

[2026-02-14 10시08분47초	1771031327228]	Lineage_Balance..
[2026-02-14 10시08분47초	1771031327239]	10ms

[2026-02-14 10시08분47초	1771031327240]	npc_promotion..
[2026-02-14 10시08분47초	1771031327241]	1ms

[2026-02-14 10시08분47초	1771031327242]	Socket..
[2026-02-14 10시08분47초	1771031327242]	0ms

[2026-02-14 10시08분47초	1771031327242]	Common..
[2026-02-14 10시08분47초	1771031327242]	0ms

[2026-02-14 10시08분47초	1771031327243]	EventThread..
[2026-02-14 10시08분47초	1771031327244]	1ms

[2026-02-14 10시08분47초	1771031327245]	AiExecuteThread..
[2026-02-14 10시08분47초	1771031327245]	0ms

[2026-02-14 10시08분47초	1771031327247]	AiThread..
[2026-02-14 10시08분47초	1771031327247]	0ms

[2026-02-14 10시08분47초	1771031327256]	World..
[2026-02-14 10시08분47초	1771031327420]	164ms

[2026-02-14 10시08분47초	1771031327422]	BookController..
[2026-02-14 10시08분47초	1771031327422]	0ms

[2026-02-14 10시08분47초	1771031327423]	InventoryController..
[2026-02-14 10시08분47초	1771031327423]	0ms

[2026-02-14 10시08분47초	1771031327423]	BasePacketPooling..
[2026-02-14 10시08분47초	1771031327423]	0ms

[2026-02-14 10시08분47초	1771031327426]	SkillController..
[2026-02-14 10시08분47초	1771031327427]	0ms

[2026-02-14 10시08분47초	1771031327436]	DamageController..
[2026-02-14 10시08분47초	1771031327437]	1ms

[2026-02-14 10시08분47초	1771031327439]	CharacterController..
[2026-02-14 10시08분47초	1771031327439]	0ms

[2026-02-14 10시08분47초	1771031327440]	TradeController..
[2026-02-14 10시08분47초	1771031327440]	0ms

[2026-02-14 10시08분47초	1771031327441]	DungeonController..
[2026-02-14 10시08분47초	1771031327441]	0ms

[2026-02-14 10시08분47초	1771031327442]	ShipController..
[2026-02-14 10시08분47초	1771031327442]	0ms

[2026-02-14 10시08분47초	1771031327443]	BuffController..
[2026-02-14 10시08분47초	1771031327443]	0ms

[2026-02-14 10시08분47초	1771031327448]	SummonController..
[2026-02-14 10시08분47초	1771031327448]	0ms

[2026-02-14 10시08분47초	1771031327449]	PartyController..
[2026-02-14 10시08분47초	1771031327449]	0ms

[2026-02-14 10시08분47초	1771031327450]	InnController..
[2026-02-14 10시08분47초	1771031327450]	0ms

[2026-02-14 10시08분47초	1771031327451]	BoardController..
[2026-02-14 10시08분47초	1771031327451]	0ms

[2026-02-14 10시08분47초	1771031327453]	LetterController..
[2026-02-14 10시08분47초	1771031327453]	0ms

[2026-02-14 10시08분47초	1771031327454]	UserShopController..
[2026-02-14 10시08분47초	1771031327454]	0ms

[2026-02-14 10시08분47초	1771031327455]	ChattingController..
[2026-02-14 10시08분47초	1771031327457]	2ms

[2026-02-14 10시08분47초	1771031327459]	ColosseumController..
[2026-02-14 10시08분47초	1771031327459]	0ms

[2026-02-14 10시08분47초	1771031327460]	CraftController..
[2026-02-14 10시08분47초	1771031327460]	0ms

[2026-02-14 10시08분47초	1771031327461]	BossController..
[2026-02-14 10시08분47초	1771031327462]	1ms

[2026-02-14 10시08분47초	1771031327463]	NoticeController..
[2026-02-14 10시08분47초	1771031327463]	0ms

[2026-02-14 10시08분47초	1771031327472]	FriendController..
[2026-02-14 10시08분47초	1771031327472]	0ms

[2026-02-14 10시08분47초	1771031327473]	BugScanningController..
[2026-02-14 10시08분47초	1771031327473]	0ms

[2026-02-14 10시08분47초	1771031327475]	MagicDollController..
[2026-02-14 10시08분47초	1771031327475]	0ms

[2026-02-14 10시08분47초	1771031327476]	ShopController..
[2026-02-14 10시08분47초	1771031327476]	0ms

[2026-02-14 10시08분47초	1771031327479]	WarehouseDatabase..
[2026-02-14 10시08분47초	1771031327479]	0ms

[2026-02-14 10시08분47초	1771031327480]	PakTools..
[2026-02-14 10시08분47초	1771031327481]	1ms

[2026-02-14 10시08분47초	1771031327482]	ScriptController...
[2026-02-14 10시08분47초	1771031327489]	7ms

[2026-02-14 10시08분47초	1771031327490]	GiranClanLordController..
[2026-02-14 10시08분47초	1771031327490]	0ms

[2026-02-14 10시08분47초	1771031327492]	TeamBattleController..
[2026-02-14 10시08분47초	1771031327492]	0ms

[2026-02-14 10시08분47초	1771031327493]	WorldClearController..
[2026-02-14 10시08분47초	1771031327493]	0ms

[2026-02-14 10시08분47초	1771031327494]	SpotController..
[2026-02-14 10시08분47초	1771031327497]	0ms

[2026-02-14 10시08분47초	1771031327498]	테베라스 컨트롤러..
[2026-02-14 10시08분47초	1771031327498]	0ms

[2026-02-14 10시08분47초	1771031327499]	지옥 컨트롤러..
[2026-02-14 10시08분47초	1771031327499]	0ms

[2026-02-14 10시08분47초	1771031327504]	지하수로 컨트롤러..
[2026-02-14 10시08분47초	1771031327505]	1ms

[2026-02-14 10시08분47초	1771031327505]	보물찾기컨트롤러..
[2026-02-14 10시08분47초	1771031327505]	0ms

[2026-02-14 10시08분47초	1771031327507]	마족신전 컨트롤러..
[2026-02-14 10시08분47초	1771031327507]	0ms

[2026-02-14 10시08분47초	1771031327509]	고무 컨트롤러..
[2026-02-14 10시08분47초	1771031327510]	정무던전 컨트롤러..
[2026-02-14 10시08분47초	1771031327517]	7ms

[2026-02-14 10시08분47초	1771031327518]	그신 컨트롤러..
[2026-02-14 10시08분47초	1771031327518]	0ms

[2026-02-14 10시08분47초	1771031327519]	라바던전 컨트롤러..
[2026-02-14 10시08분47초	1771031327520]	1ms

[2026-02-14 10시08분47초	1771031327520]	월드보스컨트롤러..
[2026-02-14 10시08분47초	1771031327521]	1ms

[2026-02-14 10시08분47초	1771031327521]	펭귄 사냥터 컨트롤러..
[2026-02-14 10시08분47초	1771031327521]	0ms

[2026-02-14 10시08분47초	1771031327522]	칠흑던전 컨트롤러..
[2026-02-14 10시08분47초	1771031327523]	악마왕의영토컨트롤러..
[2026-02-14 10시08분47초	1771031327524]	1ms

[2026-02-14 10시08분47초	1771031327525]	얼던컨트롤러..
[2026-02-14 10시08분47초	1771031327525]	0ms

[2026-02-14 10시08분47초	1771031327526]	오만1층 컨트롤러..
[2026-02-14 10시08분47초	1771031327526]	0ms

[2026-02-14 10시08분47초	1771031327527]	오만1층 컨트롤러..
[2026-02-14 10시08분47초	1771031327527]	0ms

[2026-02-14 10시08분47초	1771031327527]	오만3층 컨트롤러..
[2026-02-14 10시08분47초	1771031327528]	1ms

[2026-02-14 10시08분47초	1771031327528]	오만4층 컨트롤러..
[2026-02-14 10시08분47초	1771031327528]	0ms

[2026-02-14 10시08분47초	1771031327529]	오만5층 컨트롤러..
[2026-02-14 10시08분47초	1771031327529]	0ms

[2026-02-14 10시08분47초	1771031327530]	오만6층 컨트롤러..
[2026-02-14 10시08분47초	1771031327530]	0ms

[2026-02-14 10시08분47초	1771031327531]	오만7층 컨트롤러..
[2026-02-14 10시08분47초	1771031327531]	0ms

[2026-02-14 10시08분47초	1771031327532]	오만8층 컨트롤러..
[2026-02-14 10시08분47초	1771031327532]	0ms

[2026-02-14 10시08분47초	1771031327532]	오만9층 컨트롤러..
[2026-02-14 10시08분47초	1771031327532]	0ms

[2026-02-14 10시08분47초	1771031327533]	오만10층 컨트롤러..
[2026-02-14 10시08분47초	1771031327533]	0ms

[2026-02-14 10시08분47초	1771031327534]	오만정상 컨트롤러..
[2026-02-14 10시08분47초	1771031327534]	0ms

[2026-02-14 10시08분47초	1771031327535]	기감 컨트롤러..
[2026-02-14 10시08분47초	1771031327535]	0ms

[2026-02-14 10시08분47초	1771031327536]	고라스컨트롤러..
[2026-02-14 10시08분47초	1771031327536]	0ms

[2026-02-14 10시08분47초	1771031327537]	드워프컨트롤러..
[2026-02-14 10시08분47초	1771031327537]	0ms

[2026-02-14 10시08분47초	1771031327538]	타임이벤트컨트롤러..
[2026-02-14 10시08분47초	1771031327538]	0ms

[2026-02-14 10시08분47초	1771031327539]	AutoHuntController..
[2026-02-14 10시08분47초	1771031327539]	0ms

[2026-02-14 10시08분47초	1771031327568]	DatabaseConnection..
[2026-02-14 10시08분47초	1771031327915]	347ms

[2026-02-14 10시08분47초	1771031327930]	ServerDatabase..
[2026-02-14 10시08분47초	1771031327966]	36ms

[2026-02-14 10시08분47초	1771031327969]	SlimeRaceController..
[2026-02-14 10시08분47초	1771031327974]	5ms

[2026-02-14 10시08분47초	1771031327976]	DogRaceController..
[2026-02-14 10시08분47초	1771031327977]	1ms

[2026-02-14 10시08분47초	1771031327980]	ClanController..
[2026-02-14 10시08분47초	1771031327989]	9ms

[2026-02-14 10시08분47초	1771031327991]	KingdomController..
[2026-02-14 10시08분48초	1771031328002]	11ms

[2026-02-14 10시08분48초	1771031328004]	AgitController..
[2026-02-14 10시08분48초	1771031328012]	8ms

[2026-02-14 10시08분48초	1771031328013]	AuctionController..
[2026-02-14 10시08분48초	1771031328032]	19ms

[2026-02-14 10시08분48초	1771031328036]	ItemDatabase..
[2026-02-14 10시08분48초	1771031328158]	122ms

[2026-02-14 10시08분48초	1771031328159]	ItemSetopionDatabase..
[2026-02-14 10시08분48초	1771031328167]	8ms

[2026-02-14 10시08분48초	1771031328169]	AutosellDatabase..
[2026-02-14 10시08분48초	1771031328191]	22ms

[2026-02-14 10시08분48초	1771031328193]	ItemSkillDatabase..
[2026-02-14 10시08분48초	1771031328196]	3ms

[2026-02-14 10시08분48초	1771031328197]	ItemBundleDatabase..
[2026-02-14 10시08분48초	1771031328206]	8ms

[2026-02-14 10시08분48초	1771031328207]	ItemChanceBundleDatabase..
[2026-02-14 10시08분48초	1771031328216]	9ms

[2026-02-14 10시08분48초	1771031328217]	FishItemListDatabase..
[2026-02-14 10시08분48초	1771031328222]	5ms

[2026-02-14 10시08분48초	1771031328223]	ItemTeleport..
[2026-02-14 10시08분48초	1771031328233]	10ms

[2026-02-14 10시08분48초	1771031328243]	PolyDatabase..
[2026-02-14 10시08분48초	1771031328250]	7ms

[2026-02-14 10시08분48초	1771031328251]	DungeonDatabase..
[2026-02-14 10시08분48초	1771031328265]	14ms

[2026-02-14 10시08분48초	1771031328266]	DefiniteDatabase..
[2026-02-14 10시08분48초	1771031328275]	9ms

[2026-02-14 10시08분48초	1771031328283]	ExpDatabase..
[2026-02-14 10시08분48초	1771031328287]	4ms

[2026-02-14 10시08분48초	1771031328287]	BackgroundDatabase..
[2026-02-14 10시08분48초	1771031328418]	131ms

[2026-02-14 10시08분48초	1771031328418]	SpriteFrameDatabase..
[2026-02-14 10시08분48초	1771031328496]	78ms

[2026-02-14 10시08분48초	1771031328497]	SkillDatabase..
[2026-02-14 10시08분48초	1771031328504]	6ms

[2026-02-14 10시08분48초	1771031328504]	NpcDatabase..
[2026-02-14 10시08분48초	1771031328516]	12ms

[2026-02-14 10시08분48초	1771031328517]	NpcShopDatabase..
[2026-02-14 10시08분48초	1771031328589]	72ms

[2026-02-14 10시08분48초	1771031328589]	NpcTeleportDatabase..
[2026-02-14 10시08분48초	1771031328595]	6ms

[2026-02-14 10시08분48초	1771031328758]	NpcSpawnlistDatabase..
[2026-02-14 10시08분48초	1771031328824]	66ms

[2026-02-14 10시08분48초	1771031328826]	EventController..
[2026-02-14 10시08분48초	1771031328826]	0ms

[2026-02-14 10시08분48초	1771031328828]	MonsterDatabase..
[2026-02-14 10시08분48초	1771031328848]	20ms

[2026-02-14 10시08분48초	1771031328849]	MonsterDropDatabase..
[2026-02-14 10시08분48초	1771031328878]	29ms

[2026-02-14 10시08분48초	1771031328879]	MonsterSkillDatabase..
[2026-02-14 10시08분48초	1771031328895]	16ms

[2026-02-14 10시08분48초	1771031328897]	MonsterSpawnlistDatabase..
[2026-02-14 10시08분50초	1771031330423]	1526ms

[2026-02-14 10시08분50초	1771031330424]	MonsterBossSpawnlistDatabase..
[2026-02-14 10시08분50초	1771031330430]	6ms

[2026-02-14 10시08분50초	1771031330431]	ServerDownBossListDatabase..
[2026-02-14 10시08분50초	1771031330436]	5ms

[2026-02-14 10시08분50초	1771031330437]	BadIpDatabase..
[2026-02-14 10시08분50초	1771031330442]	6ms

[2026-02-14 10시08분50초	1771031330442]	QuestController..
[2026-02-14 10시08분50초	1771031330446]	4ms

[2026-02-14 10시08분50초	1771031330447]	ServerOpcodesDatabase..
[2026-02-14 10시08분50초	1771031330455]	8ms

[2026-02-14 10시08분50초	1771031330456]	ServerNoticeDatabase..
[2026-02-14 10시08분50초	1771031330460]	4ms

[2026-02-14 10시08분50초	1771031330461]	RankController..
[2026-02-14 10시08분50초	1771031330499]	38ms

[2026-02-14 10시08분50초	1771031330500]	WantedController..
[2026-02-14 10시08분50초	1771031330507]	7ms

[2026-02-14 10시08분50초	1771031330508]	TeleportHomeDatabase..
[2026-02-14 10시08분50초	1771031330549]	41ms

[2026-02-14 10시08분50초	1771031330550]	TeleportResetDatabase..
[2026-02-14 10시08분50초	1771031330586]	36ms

[2026-02-14 10시08분50초	1771031330587]	ItemPinewandDatabase..
[2026-02-14 10시08분50초	1771031330591]	4ms

[2026-02-14 10시08분50초	1771031330592]	ItemMaplewandDatabase..
[2026-02-14 10시08분50초	1771031330597]	5ms

[2026-02-14 10시08분50초	1771031330598]	SummonListDatabase..
[2026-02-14 10시08분50초	1771031330602]	4ms

[2026-02-14 10시08분50초	1771031330603]	GmListDatabase..
[2026-02-14 10시08분50초	1771031330606]	3ms

[2026-02-14 10시08분50초	1771031330608]	MagicdollListDatabase..
[2026-02-14 10시08분50초	1771031330614]	6ms

[2026-02-14 10시08분50초	1771031330619]	PcMarketController..
[2026-02-14 10시08분50초	1771031330626]	7ms

[2026-02-14 10시08분50초	1771031330627]	ServerOptionDatabase..
[2026-02-14 10시08분50초	1771031330629]	2ms

[2026-02-14 10시08분50초	1771031330630]	TimeDungeonDatabase..
[2026-02-14 10시08분50초	1771031330633]	3ms

[2026-02-14 10시08분50초	1771031330633]	TeamBattleDatabase..
[2026-02-14 10시08분50초	1771031330637]	4ms

[2026-02-14 10시08분50초	1771031330638]	LifeLostItemDatabase..
[2026-02-14 10시08분50초	1771031330643]	5ms

[2026-02-14 10시08분50초	1771031330643]	GmTeleportDatabase..
[2026-02-14 10시08분50초	1771031330646]	3ms

[2026-02-14 10시08분50초	1771031330649]	무인혈맹컨트롤러..
[2026-02-14 10시08분50초	1771031330653]	4ms

[2026-02-14 10시08분50초	1771031330654]	HackNoCheckDatabase..
[2026-02-14 10시08분50초	1771031330657]	3ms

[2026-02-14 10시08분50초	1771031330659]	EnchantLostItemDatabase..
[2026-02-14 10시08분50초	1771031330700]	41ms

[2026-02-14 10시08분50초	1771031330701]	ItemDropMessageDatabase..
[2026-02-14 10시08분50초	1771031330704]	3ms

[2026-02-14 10시08분50초	1771031330706]	FishingController..
[2026-02-14 10시08분51초	1771031331065]	360ms

[2026-02-14 10시08분51초	1771031331086]	RobotController..
[2026-02-14 10시08분51초	1771031331114]	28ms

[2026-02-14 10시08분51초	1771031331117]	Server..
[2026-02-14 10시08분51초	1771031331204]	87ms

[2026-02-14 10시08분51초	1771031331205]	ServerThread..
[2026-02-14 10시08분51초	1771031331205]	0ms

[2026-02-14 10시08분51초	1771031331207]	ControllerTherad..
[2026-02-14 10시08분51초	1771031331207]	0ms

[2026-02-14 10시08분51초	1771031331208]	CharacterThread..
[2026-02-14 10시08분51초	1771031331209]	1ms

[2026-02-14 10시08분51초	1771031331211]	DatabaseThread..
[2026-02-14 10시08분51초	1771031331211]	0ms

[2026-02-14 10시08분51초	1771031331216]	CharacterControlThread..
[2026-02-14 10시08분51초	1771031331217]	1ms

[2026-02-14 10시08분51초	1771031331266]	FightController..
[2026-02-14 10시08분51초	1771031331305]	39ms

[2026-02-14 10시08분51초	1771031331306]	TimeThread..
[2026-02-14 10시08분51초	1771031331306]	0ms

[2026-02-14 10시08분51초	1771031331307]	AutoHuntThread..
[2026-02-14 10시08분51초	1771031331308]	0ms

[2026-02-14 10시08분51초	1771031331308]	======================================================================
[2026-02-14 10시08분51초	1771031331311]	Server Version  :  Lineage 2.0

[2026-02-14 10시08분51초	1771031331311]	Server Port      :  2000

[2026-02-14 10시08분51초	1771031331311]	계정 자동생성  :  on

[2026-02-14 10시08분51초	1771031331311]	인챈트 : 1.0배  ||  드랍 : 3.0배  ||  경험치 : 30.0배  ||  아데나 : 12.0배  ||  파티 : 1.1배

[2026-02-14 10시08분51초	1771031331311]	======================================================================
[2026-02-14 10시08분51초	1771031331311]	'서버' 가동되었습니다.

[2026-02-14 10시11분51초	1771031511902]	자동 저장완료 2026-02-14 10시11분51초
[2026-02-14 10시14분52초	1771031692534]	자동 저장완료 2026-02-14 10시14분52초
[2026-02-14 10시17분53초	1771031873253]	자동 저장완료 2026-02-14 10시17분53초
[2026-02-14 10시20분53초	1771032053978]	자동 저장완료 2026-02-14 10시20분53초
[2026-02-14 10시23분54초	1771032234596]	자동 저장완료 2026-02-14 10시23분54초
[2026-02-14 10시26분55초	1771032415163]	자동 저장완료 2026-02-14 10시26분55초
[2026-02-14 10시27분11초	1771032431261]	서버가 즉시 종료됩니다...
[2026-02-14 10시27분12초	1771032432261]	Thread close..
[2026-02-14 10시27분13초	1771032433262]	Save Database..
[2026-02-14 10시27분14초	1771032434217]	Socket close..
[2026-02-14 10시27분14초	1771032434217]	LineageServer Close...
[2026-02-14 10시27분14초	1771032434217]	0ms

[2026-02-14 10시27분14초	1771032434217]	ok..
