[2026-01-13 20시58분30초	1768305510111]	Mysql..
[2026-01-13 20시58분30초	1768305510111]	1ms

[2026-01-13 20시58분30초	1768305510129]	lineage.conf file loading...
[2026-01-13 20시58분30초	1768305510159]	30ms

[2026-01-13 20시58분30초	1768305510166]	Lineage_Balance..
[2026-01-13 20시58분30초	1768305510174]	8ms

[2026-01-13 20시58분30초	1768305510175]	npc_promotion..
[2026-01-13 20시58분30초	1768305510176]	1ms

[2026-01-13 20시58분30초	1768305510176]	Socket..
[2026-01-13 20시58분30초	1768305510177]	1ms

[2026-01-13 20시58분30초	1768305510177]	Common..
[2026-01-13 20시58분30초	1768305510177]	0ms

[2026-01-13 20시58분30초	1768305510178]	EventThread..
[2026-01-13 20시58분30초	1768305510178]	0ms

[2026-01-13 20시58분30초	1768305510179]	AiExecuteThread..
[2026-01-13 20시58분30초	1768305510179]	0ms

[2026-01-13 20시58분30초	1768305510180]	AiThread..
[2026-01-13 20시58분30초	1768305510180]	0ms

[2026-01-13 20시58분30초	1768305510184]	World..
[2026-01-13 20시58분30초	1768305510275]	91ms

[2026-01-13 20시58분30초	1768305510277]	BookController..
[2026-01-13 20시58분30초	1768305510277]	0ms

[2026-01-13 20시58분30초	1768305510277]	InventoryController..
[2026-01-13 20시58분30초	1768305510277]	0ms

[2026-01-13 20시58분30초	1768305510278]	BasePacketPooling..
[2026-01-13 20시58분30초	1768305510278]	0ms

[2026-01-13 20시58분30초	1768305510281]	SkillController..
[2026-01-13 20시58분30초	1768305510281]	0ms

[2026-01-13 20시58분30초	1768305510288]	DamageController..
[2026-01-13 20시58분30초	1768305510288]	0ms

[2026-01-13 20시58분30초	1768305510290]	CharacterController..
[2026-01-13 20시58분30초	1768305510290]	0ms

[2026-01-13 20시58분30초	1768305510291]	TradeController..
[2026-01-13 20시58분30초	1768305510291]	0ms

[2026-01-13 20시58분30초	1768305510291]	DungeonController..
[2026-01-13 20시58분30초	1768305510291]	0ms

[2026-01-13 20시58분30초	1768305510292]	ShipController..
[2026-01-13 20시58분30초	1768305510292]	0ms

[2026-01-13 20시58분30초	1768305510293]	BuffController..
[2026-01-13 20시58분30초	1768305510293]	0ms

[2026-01-13 20시58분30초	1768305510297]	SummonController..
[2026-01-13 20시58분30초	1768305510297]	0ms

[2026-01-13 20시58분30초	1768305510298]	PartyController..
[2026-01-13 20시58분30초	1768305510298]	0ms

[2026-01-13 20시58분30초	1768305510298]	InnController..
[2026-01-13 20시58분30초	1768305510298]	0ms

[2026-01-13 20시58분30초	1768305510300]	BoardController..
[2026-01-13 20시58분30초	1768305510300]	0ms

[2026-01-13 20시58분30초	1768305510301]	LetterController..
[2026-01-13 20시58분30초	1768305510301]	0ms

[2026-01-13 20시58분30초	1768305510310]	UserShopController..
[2026-01-13 20시58분30초	1768305510310]	0ms

[2026-01-13 20시58분30초	1768305510311]	ChattingController..
[2026-01-13 20시58분30초	1768305510313]	1ms

[2026-01-13 20시58분30초	1768305510321]	ColosseumController..
[2026-01-13 20시58분30초	1768305510321]	0ms

[2026-01-13 20시58분30초	1768305510322]	CraftController..
[2026-01-13 20시58분30초	1768305510322]	0ms

[2026-01-13 20시58분30초	1768305510323]	BossController..
[2026-01-13 20시58분30초	1768305510323]	0ms

[2026-01-13 20시58분30초	1768305510324]	NoticeController..
[2026-01-13 20시58분30초	1768305510324]	0ms

[2026-01-13 20시58분30초	1768305510325]	FriendController..
[2026-01-13 20시58분30초	1768305510325]	0ms

[2026-01-13 20시58분30초	1768305510326]	BugScanningController..
[2026-01-13 20시58분30초	1768305510326]	0ms

[2026-01-13 20시58분30초	1768305510327]	MagicDollController..
[2026-01-13 20시58분30초	1768305510327]	0ms

[2026-01-13 20시58분30초	1768305510328]	ShopController..
[2026-01-13 20시58분30초	1768305510328]	0ms

[2026-01-13 20시58분30초	1768305510329]	WarehouseDatabase..
[2026-01-13 20시58분30초	1768305510329]	0ms

[2026-01-13 20시58분30초	1768305510330]	PakTools..
[2026-01-13 20시58분30초	1768305510331]	1ms

[2026-01-13 20시58분30초	1768305510332]	ScriptController...
[2026-01-13 20시58분30초	1768305510334]	2ms

[2026-01-13 20시58분30초	1768305510335]	GiranClanLordController..
[2026-01-13 20시58분30초	1768305510335]	0ms

[2026-01-13 20시58분30초	1768305510337]	TeamBattleController..
[2026-01-13 20시58분30초	1768305510337]	0ms

[2026-01-13 20시58분30초	1768305510337]	WorldClearController..
[2026-01-13 20시58분30초	1768305510337]	0ms

[2026-01-13 20시58분30초	1768305510338]	SpotController..
[2026-01-13 20시58분30초	1768305510341]	0ms

[2026-01-13 20시58분30초	1768305510349]	테베라스 컨트롤러..
[2026-01-13 20시58분30초	1768305510349]	0ms

[2026-01-13 20시58분30초	1768305510349]	지옥 컨트롤러..
[2026-01-13 20시58분30초	1768305510350]	1ms

[2026-01-13 20시58분30초	1768305510350]	지하수로 컨트롤러..
[2026-01-13 20시58분30초	1768305510350]	0ms

[2026-01-13 20시58분30초	1768305510351]	보물찾기컨트롤러..
[2026-01-13 20시58분30초	1768305510351]	0ms

[2026-01-13 20시58분30초	1768305510351]	마족신전 컨트롤러..
[2026-01-13 20시58분30초	1768305510351]	0ms

[2026-01-13 20시58분30초	1768305510352]	고무 컨트롤러..
[2026-01-13 20시58분30초	1768305510353]	정무던전 컨트롤러..
[2026-01-13 20시58분30초	1768305510356]	3ms

[2026-01-13 20시58분30초	1768305510357]	그신 컨트롤러..
[2026-01-13 20시58분30초	1768305510357]	0ms

[2026-01-13 20시58분30초	1768305510358]	라바던전 컨트롤러..
[2026-01-13 20시58분30초	1768305510358]	0ms

[2026-01-13 20시58분30초	1768305510359]	월드보스컨트롤러..
[2026-01-13 20시58분30초	1768305510359]	0ms

[2026-01-13 20시58분30초	1768305510359]	펭귄 사냥터 컨트롤러..
[2026-01-13 20시58분30초	1768305510359]	0ms

[2026-01-13 20시58분30초	1768305510360]	칠흑던전 컨트롤러..
[2026-01-13 20시58분30초	1768305510361]	악마왕의영토컨트롤러..
[2026-01-13 20시58분30초	1768305510361]	0ms

[2026-01-13 20시58분30초	1768305510361]	얼던컨트롤러..
[2026-01-13 20시58분30초	1768305510362]	1ms

[2026-01-13 20시58분30초	1768305510362]	기감 컨트롤러..
[2026-01-13 20시58분30초	1768305510362]	0ms

[2026-01-13 20시58분30초	1768305510363]	고라스컨트롤러..
[2026-01-13 20시58분30초	1768305510363]	0ms

[2026-01-13 20시58분30초	1768305510364]	드워프컨트롤러..
[2026-01-13 20시58분30초	1768305510364]	0ms

[2026-01-13 20시58분30초	1768305510364]	타임이벤트컨트롤러..
[2026-01-13 20시58분30초	1768305510364]	0ms

[2026-01-13 20시58분30초	1768305510365]	AutoHuntController..
[2026-01-13 20시58분30초	1768305510365]	0ms

[2026-01-13 20시58분30초	1768305510379]	DatabaseConnection..
[2026-01-13 20시58분30초	1768305510661]	282ms

[2026-01-13 20시58분30초	1768305510682]	ServerDatabase..
[2026-01-13 20시58분30초	1768305510715]	33ms

[2026-01-13 20시58분30초	1768305510718]	SlimeRaceController..
[2026-01-13 20시58분30초	1768305510720]	2ms

[2026-01-13 20시58분30초	1768305510722]	DogRaceController..
[2026-01-13 20시58분30초	1768305510723]	1ms

[2026-01-13 20시58분30초	1768305510726]	ClanController..
[2026-01-13 20시58분30초	1768305510732]	6ms

[2026-01-13 20시58분30초	1768305510735]	KingdomController..
[2026-01-13 20시58분30초	1768305510740]	5ms

[2026-01-13 20시58분30초	1768305510741]	AgitController..
[2026-01-13 20시58분30초	1768305510746]	5ms

[2026-01-13 20시58분30초	1768305510747]	AuctionController..
[2026-01-13 20시58분30초	1768305510752]	5ms

[2026-01-13 20시58분30초	1768305510756]	ItemDatabase..
[2026-01-13 20시58분30초	1768305510862]	106ms

[2026-01-13 20시58분30초	1768305510864]	ItemSetopionDatabase..
[2026-01-13 20시58분30초	1768305510868]	5ms

[2026-01-13 20시58분30초	1768305510869]	AutosellDatabase..
[2026-01-13 20시58분30초	1768305510889]	20ms

[2026-01-13 20시58분30초	1768305510890]	ItemSkillDatabase..
[2026-01-13 20시58분30초	1768305510893]	3ms

[2026-01-13 20시58분30초	1768305510894]	ItemBundleDatabase..
[2026-01-13 20시58분30초	1768305510898]	4ms

[2026-01-13 20시58분30초	1768305510899]	ItemChanceBundleDatabase..
[2026-01-13 20시58분30초	1768305510902]	3ms

[2026-01-13 20시58분30초	1768305510906]	FishItemListDatabase..
[2026-01-13 20시58분30초	1768305510911]	5ms

[2026-01-13 20시58분30초	1768305510912]	ItemTeleport..
[2026-01-13 20시58분30초	1768305510915]	3ms

[2026-01-13 20시58분30초	1768305510916]	PolyDatabase..
[2026-01-13 20시58분30초	1768305510919]	3ms

[2026-01-13 20시58분30초	1768305510920]	DungeonDatabase..
[2026-01-13 20시58분30초	1768305510926]	6ms

[2026-01-13 20시58분30초	1768305510927]	DefiniteDatabase..
[2026-01-13 20시58분30초	1768305510931]	4ms

[2026-01-13 20시58분30초	1768305510932]	ExpDatabase..
[2026-01-13 20시58분30초	1768305510934]	2ms

[2026-01-13 20시58분30초	1768305510934]	BackgroundDatabase..
[2026-01-13 20시58분31초	1768305511086]	152ms

[2026-01-13 20시58분31초	1768305511086]	SpriteFrameDatabase..
[2026-01-13 20시58분31초	1768305511154]	68ms

[2026-01-13 20시58분31초	1768305511155]	SkillDatabase..
[2026-01-13 20시58분31초	1768305511158]	3ms

[2026-01-13 20시58분31초	1768305511159]	NpcDatabase..
[2026-01-13 20시58분31초	1768305511168]	9ms

[2026-01-13 20시58분31초	1768305511169]	NpcShopDatabase..
[2026-01-13 20시58분31초	1768305511226]	57ms

[2026-01-13 20시58분31초	1768305511227]	NpcTeleportDatabase..
[2026-01-13 20시58분31초	1768305511229]	2ms

[2026-01-13 20시58분31초	1768305511360]	NpcSpawnlistDatabase..
[2026-01-13 20시58분31초	1768305511422]	62ms

[2026-01-13 20시58분31초	1768305511424]	EventController..
[2026-01-13 20시58분31초	1768305511424]	0ms

[2026-01-13 20시58분31초	1768305511425]	MonsterDatabase..
[2026-01-13 20시58분31초	1768305511441]	15ms

[2026-01-13 20시58분31초	1768305511441]	MonsterDropDatabase..
[2026-01-13 20시58분31초	1768305511469]	28ms

[2026-01-13 20시58분31초	1768305511469]	MonsterSkillDatabase..
[2026-01-13 20시58분31초	1768305511486]	17ms

[2026-01-13 20시58분31초	1768305511488]	MonsterSpawnlistDatabase..
[2026-01-13 20시58분32초	1768305512671]	1183ms

[2026-01-13 20시58분32초	1768305512673]	MonsterBossSpawnlistDatabase..
[2026-01-13 20시58분32초	1768305512676]	3ms

[2026-01-13 20시58분32초	1768305512676]	ServerDownBossListDatabase..
[2026-01-13 20시58분32초	1768305512678]	2ms

[2026-01-13 20시58분32초	1768305512679]	BadIpDatabase..
[2026-01-13 20시58분32초	1768305512680]	1ms

[2026-01-13 20시58분32초	1768305512680]	QuestController..
[2026-01-13 20시58분32초	1768305512681]	1ms

[2026-01-13 20시58분32초	1768305512682]	ServerOpcodesDatabase..
[2026-01-13 20시58분32초	1768305512686]	4ms

[2026-01-13 20시58분32초	1768305512688]	ServerNoticeDatabase..
[2026-01-13 20시58분32초	1768305512690]	2ms

[2026-01-13 20시58분32초	1768305512691]	RankController..
[2026-01-13 20시58분32초	1768305512714]	23ms

[2026-01-13 20시58분32초	1768305512716]	WantedController..
[2026-01-13 20시58분32초	1768305512723]	7ms

[2026-01-13 20시58분32초	1768305512723]	TeleportHomeDatabase..
[2026-01-13 20시58분32초	1768305512765]	42ms

[2026-01-13 20시58분32초	1768305512766]	TeleportResetDatabase..
[2026-01-13 20시58분32초	1768305512799]	33ms

[2026-01-13 20시58분32초	1768305512800]	ItemPinewandDatabase..
[2026-01-13 20시58분32초	1768305512801]	1ms

[2026-01-13 20시58분32초	1768305512802]	ItemMaplewandDatabase..
[2026-01-13 20시58분32초	1768305512803]	1ms

[2026-01-13 20시58분32초	1768305512804]	SummonListDatabase..
[2026-01-13 20시58분32초	1768305512806]	2ms

[2026-01-13 20시58분32초	1768305512806]	GmListDatabase..
[2026-01-13 20시58분32초	1768305512808]	2ms

[2026-01-13 20시58분32초	1768305512810]	MagicdollListDatabase..
[2026-01-13 20시58분32초	1768305512812]	2ms

[2026-01-13 20시58분32초	1768305512816]	PcMarketController..
[2026-01-13 20시58분32초	1768305512817]	1ms

[2026-01-13 20시58분32초	1768305512817]	ServerOptionDatabase..
[2026-01-13 20시58분32초	1768305512818]	1ms

[2026-01-13 20시58분32초	1768305512819]	TimeDungeonDatabase..
[2026-01-13 20시58분32초	1768305512819]	0ms

[2026-01-13 20시58분32초	1768305512820]	TeamBattleDatabase..
[2026-01-13 20시58분32초	1768305512821]	1ms

[2026-01-13 20시58분32초	1768305512822]	LifeLostItemDatabase..
[2026-01-13 20시58분32초	1768305512823]	1ms

[2026-01-13 20시58분32초	1768305512824]	GmTeleportDatabase..
[2026-01-13 20시58분32초	1768305512825]	1ms

[2026-01-13 20시58분32초	1768305512828]	무인혈맹컨트롤러..
[2026-01-13 20시58분32초	1768305512829]	1ms

[2026-01-13 20시58분32초	1768305512830]	HackNoCheckDatabase..
[2026-01-13 20시58분32초	1768305512830]	0ms

[2026-01-13 20시58분32초	1768305512831]	EnchantLostItemDatabase..
[2026-01-13 20시58분32초	1768305512855]	24ms

[2026-01-13 20시58분32초	1768305512856]	ItemDropMessageDatabase..
[2026-01-13 20시58분32초	1768305512857]	1ms

[2026-01-13 20시58분32초	1768305512859]	FishingController..
[2026-01-13 20시58분33초	1768305513133]	274ms

[2026-01-13 20시58분33초	1768305513145]	RobotController..
[2026-01-13 20시58분33초	1768305513169]	24ms

[2026-01-13 20시58분33초	1768305513171]	Server..
[2026-01-13 20시58분33초	1768305513234]	63ms

[2026-01-13 20시58분33초	1768305513235]	ServerThread..
[2026-01-13 20시58분33초	1768305513235]	0ms

[2026-01-13 20시58분33초	1768305513236]	ControllerTherad..
[2026-01-13 20시58분33초	1768305513236]	0ms

[2026-01-13 20시58분33초	1768305513237]	CharacterThread..
[2026-01-13 20시58분33초	1768305513237]	0ms

[2026-01-13 20시58분33초	1768305513238]	DatabaseThread..
[2026-01-13 20시58분33초	1768305513238]	0ms

[2026-01-13 20시58분33초	1768305513240]	CharacterControlThread..
[2026-01-13 20시58분33초	1768305513241]	1ms

[2026-01-13 20시58분33초	1768305513245]	FightController..
[2026-01-13 20시58분33초	1768305513322]	77ms

[2026-01-13 20시58분33초	1768305513323]	TimeThread..
[2026-01-13 20시58분33초	1768305513323]	0ms

[2026-01-13 20시58분33초	1768305513323]	AutoHuntThread..
[2026-01-13 20시58분33초	1768305513323]	0ms

[2026-01-13 20시58분33초	1768305513323]	======================================================================
[2026-01-13 20시58분33초	1768305513325]	Server Version  :  Lineage 2.0

[2026-01-13 20시58분33초	1768305513327]	Server Port      :  2000

[2026-01-13 20시58분33초	1768305513327]	계정 자동생성  :  on

[2026-01-13 20시58분33초	1768305513328]	인챈트 : 1.0배  ||  드랍 : 3.0배  ||  경험치 : 30.0배  ||  아데나 : 12.0배  ||  파티 : 1.1배

[2026-01-13 20시58분33초	1768305513328]	======================================================================
[2026-01-13 20시58분33초	1768305513328]	'서버' 가동되었습니다.

[2026-01-13 20시59분50초	1768305590605]	서버가 즉시 종료됩니다...
[2026-01-13 20시59분51초	1768305591605]	Thread close..
[2026-01-13 20시59분52초	1768305592606]	Save Database..
[2026-01-13 20시59분53초	1768305593560]	Socket close..
[2026-01-13 20시59분53초	1768305593560]	LineageServer Close...
[2026-01-13 20시59분53초	1768305593560]	0ms

[2026-01-13 20시59분53초	1768305593560]	ok..
