[2026-01-05 19시40분05초	1767609605280]	Mysql..
[2026-01-05 19시40분05초	1767609605280]	2ms

[2026-01-05 19시40분05초	1767609605297]	lineage.conf file loading...
[2026-01-05 19시40분05초	1767609605327]	30ms

[2026-01-05 19시40분05초	1767609605331]	Lineage_Balance..
[2026-01-05 19시40분05초	1767609605339]	8ms

[2026-01-05 19시40분05초	1767609605340]	npc_promotion..
[2026-01-05 19시40분05초	1767609605340]	0ms

[2026-01-05 19시40분05초	1767609605341]	Socket..
[2026-01-05 19시40분05초	1767609605341]	0ms

[2026-01-05 19시40분05초	1767609605341]	Common..
[2026-01-05 19시40분05초	1767609605341]	0ms

[2026-01-05 19시40분05초	1767609605342]	EventThread..
[2026-01-05 19시40분05초	1767609605343]	0ms

[2026-01-05 19시40분05초	1767609605352]	AiExecuteThread..
[2026-01-05 19시40분05초	1767609605352]	0ms

[2026-01-05 19시40분05초	1767609605353]	AiThread..
[2026-01-05 19시40분05초	1767609605353]	0ms

[2026-01-05 19시40분05초	1767609605364]	World..
[2026-01-05 19시40분05초	1767609605470]	106ms

[2026-01-05 19시40분05초	1767609605472]	BookController..
[2026-01-05 19시40분05초	1767609605472]	0ms

[2026-01-05 19시40분05초	1767609605473]	InventoryController..
[2026-01-05 19시40분05초	1767609605473]	0ms

[2026-01-05 19시40분05초	1767609605481]	BasePacketPooling..
[2026-01-05 19시40분05초	1767609605481]	0ms

[2026-01-05 19시40분05초	1767609605484]	SkillController..
[2026-01-05 19시40분05초	1767609605484]	0ms

[2026-01-05 19시40분05초	1767609605490]	DamageController..
[2026-01-05 19시40분05초	1767609605490]	0ms

[2026-01-05 19시40분05초	1767609605492]	CharacterController..
[2026-01-05 19시40분05초	1767609605492]	0ms

[2026-01-05 19시40분05초	1767609605493]	TradeController..
[2026-01-05 19시40분05초	1767609605493]	0ms

[2026-01-05 19시40분05초	1767609605494]	DungeonController..
[2026-01-05 19시40분05초	1767609605494]	0ms

[2026-01-05 19시40분05초	1767609605494]	ShipController..
[2026-01-05 19시40분05초	1767609605494]	0ms

[2026-01-05 19시40분05초	1767609605495]	BuffController..
[2026-01-05 19시40분05초	1767609605495]	0ms

[2026-01-05 19시40분05초	1767609605499]	SummonController..
[2026-01-05 19시40분05초	1767609605499]	0ms

[2026-01-05 19시40분05초	1767609605500]	PartyController..
[2026-01-05 19시40분05초	1767609605500]	0ms

[2026-01-05 19시40분05초	1767609605501]	InnController..
[2026-01-05 19시40분05초	1767609605501]	0ms

[2026-01-05 19시40분05초	1767609605510]	BoardController..
[2026-01-05 19시40분05초	1767609605511]	1ms

[2026-01-05 19시40분05초	1767609605512]	LetterController..
[2026-01-05 19시40분05초	1767609605512]	0ms

[2026-01-05 19시40분05초	1767609605513]	UserShopController..
[2026-01-05 19시40분05초	1767609605513]	0ms

[2026-01-05 19시40분05초	1767609605522]	ChattingController..
[2026-01-05 19시40분05초	1767609605523]	1ms

[2026-01-05 19시40분05초	1767609605525]	ColosseumController..
[2026-01-05 19시40분05초	1767609605525]	0ms

[2026-01-05 19시40분05초	1767609605526]	CraftController..
[2026-01-05 19시40분05초	1767609605526]	0ms

[2026-01-05 19시40분05초	1767609605527]	BossController..
[2026-01-05 19시40분05초	1767609605527]	0ms

[2026-01-05 19시40분05초	1767609605528]	NoticeController..
[2026-01-05 19시40분05초	1767609605528]	0ms

[2026-01-05 19시40분05초	1767609605529]	FriendController..
[2026-01-05 19시40분05초	1767609605529]	0ms

[2026-01-05 19시40분05초	1767609605530]	BugScanningController..
[2026-01-05 19시40분05초	1767609605530]	0ms

[2026-01-05 19시40분05초	1767609605531]	MagicDollController..
[2026-01-05 19시40분05초	1767609605531]	0ms

[2026-01-05 19시40분05초	1767609605532]	ShopController..
[2026-01-05 19시40분05초	1767609605532]	0ms

[2026-01-05 19시40분05초	1767609605533]	WarehouseDatabase..
[2026-01-05 19시40분05초	1767609605533]	0ms

[2026-01-05 19시40분05초	1767609605534]	PakTools..
[2026-01-05 19시40분05초	1767609605535]	1ms

[2026-01-05 19시40분05초	1767609605536]	ScriptController...
[2026-01-05 19시40분05초	1767609605538]	2ms

[2026-01-05 19시40분05초	1767609605539]	GiranClanLordController..
[2026-01-05 19시40분05초	1767609605539]	0ms

[2026-01-05 19시40분05초	1767609605541]	TeamBattleController..
[2026-01-05 19시40분05초	1767609605541]	0ms

[2026-01-05 19시40분05초	1767609605541]	WorldClearController..
[2026-01-05 19시40분05초	1767609605541]	0ms

[2026-01-05 19시40분05초	1767609605542]	SpotController..
[2026-01-05 19시40분05초	1767609605545]	0ms

[2026-01-05 19시40분05초	1767609605546]	테베라스 컨트롤러..
[2026-01-05 19시40분05초	1767609605546]	0ms

[2026-01-05 19시40분05초	1767609605546]	지옥 컨트롤러..
[2026-01-05 19시40분05초	1767609605547]	1ms

[2026-01-05 19시40분05초	1767609605547]	지하수로 컨트롤러..
[2026-01-05 19시40분05초	1767609605547]	0ms

[2026-01-05 19시40분05초	1767609605548]	보물찾기컨트롤러..
[2026-01-05 19시40분05초	1767609605548]	0ms

[2026-01-05 19시40분05초	1767609605548]	마족신전 컨트롤러..
[2026-01-05 19시40분05초	1767609605549]	1ms

[2026-01-05 19시40분05초	1767609605549]	고무 컨트롤러..
[2026-01-05 19시40분05초	1767609605550]	정무던전 컨트롤러..
[2026-01-05 19시40분05초	1767609605562]	12ms

[2026-01-05 19시40분05초	1767609605563]	그신 컨트롤러..
[2026-01-05 19시40분05초	1767609605563]	0ms

[2026-01-05 19시40분05초	1767609605564]	라바던전 컨트롤러..
[2026-01-05 19시40분05초	1767609605564]	0ms

[2026-01-05 19시40분05초	1767609605564]	월드보스컨트롤러..
[2026-01-05 19시40분05초	1767609605564]	0ms

[2026-01-05 19시40분05초	1767609605565]	펭귄 사냥터 컨트롤러..
[2026-01-05 19시40분05초	1767609605565]	0ms

[2026-01-05 19시40분05초	1767609605566]	칠흑던전 컨트롤러..
[2026-01-05 19시40분05초	1767609605566]	악마왕의영토컨트롤러..
[2026-01-05 19시40분05초	1767609605566]	0ms

[2026-01-05 19시40분05초	1767609605583]	얼던컨트롤러..
[2026-01-05 19시40분05초	1767609605583]	0ms

[2026-01-05 19시40분05초	1767609605585]	기감 컨트롤러..
[2026-01-05 19시40분05초	1767609605585]	0ms

[2026-01-05 19시40분05초	1767609605586]	고라스컨트롤러..
[2026-01-05 19시40분05초	1767609605586]	0ms

[2026-01-05 19시40분05초	1767609605586]	드워프컨트롤러..
[2026-01-05 19시40분05초	1767609605586]	0ms

[2026-01-05 19시40분05초	1767609605587]	타임이벤트컨트롤러..
[2026-01-05 19시40분05초	1767609605587]	0ms

[2026-01-05 19시40분05초	1767609605588]	AutoHuntController..
[2026-01-05 19시40분05초	1767609605588]	0ms

[2026-01-05 19시40분05초	1767609605588]	DatabaseConnection..
[2026-01-05 19시40분05초	1767609605896]	308ms

[2026-01-05 19시40분05초	1767609605912]	ServerDatabase..
[2026-01-05 19시40분05초	1767609605943]	31ms

[2026-01-05 19시40분05초	1767609605946]	SlimeRaceController..
[2026-01-05 19시40분05초	1767609605949]	3ms

[2026-01-05 19시40분05초	1767609605951]	DogRaceController..
[2026-01-05 19시40분05초	1767609605952]	1ms

[2026-01-05 19시40분05초	1767609605955]	ClanController..
[2026-01-05 19시40분05초	1767609605961]	6ms

[2026-01-05 19시40분05초	1767609605964]	KingdomController..
[2026-01-05 19시40분05초	1767609605972]	8ms

[2026-01-05 19시40분05초	1767609605973]	AgitController..
[2026-01-05 19시40분05초	1767609605978]	5ms

[2026-01-05 19시40분05초	1767609605980]	AuctionController..
[2026-01-05 19시40분05초	1767609605986]	5ms

[2026-01-05 19시40분05초	1767609605990]	ItemDatabase..
[2026-01-05 19시40분06초	1767609606095]	105ms

[2026-01-05 19시40분06초	1767609606097]	ItemSetopionDatabase..
[2026-01-05 19시40분06초	1767609606102]	5ms

[2026-01-05 19시40분06초	1767609606103]	AutosellDatabase..
[2026-01-05 19시40분06초	1767609606122]	19ms

[2026-01-05 19시40분06초	1767609606123]	ItemSkillDatabase..
[2026-01-05 19시40분06초	1767609606125]	2ms

[2026-01-05 19시40분06초	1767609606126]	ItemBundleDatabase..
[2026-01-05 19시40분06초	1767609606129]	3ms

[2026-01-05 19시40분06초	1767609606130]	ItemChanceBundleDatabase..
[2026-01-05 19시40분06초	1767609606134]	4ms

[2026-01-05 19시40분06초	1767609606135]	FishItemListDatabase..
[2026-01-05 19시40분06초	1767609606137]	2ms

[2026-01-05 19시40분06초	1767609606138]	ItemTeleport..
[2026-01-05 19시40분06초	1767609606140]	2ms

[2026-01-05 19시40분06초	1767609606142]	PolyDatabase..
[2026-01-05 19시40분06초	1767609606145]	3ms

[2026-01-05 19시40분06초	1767609606146]	DungeonDatabase..
[2026-01-05 19시40분06초	1767609606151]	5ms

[2026-01-05 19시40분06초	1767609606152]	DefiniteDatabase..
[2026-01-05 19시40분06초	1767609606155]	3ms

[2026-01-05 19시40분06초	1767609606155]	ExpDatabase..
[2026-01-05 19시40분06초	1767609606157]	2ms

[2026-01-05 19시40분06초	1767609606157]	BackgroundDatabase..
[2026-01-05 19시40분06초	1767609606279]	122ms

[2026-01-05 19시40분06초	1767609606279]	SpriteFrameDatabase..
[2026-01-05 19시40분06초	1767609606341]	62ms

[2026-01-05 19시40분06초	1767609606342]	SkillDatabase..
[2026-01-05 19시40분06초	1767609606345]	3ms

[2026-01-05 19시40분06초	1767609606346]	NpcDatabase..
[2026-01-05 19시40분06초	1767609606356]	10ms

[2026-01-05 19시40분06초	1767609606365]	NpcShopDatabase..
[2026-01-05 19시40분06초	1767609606420]	55ms

[2026-01-05 19시40분06초	1767609606420]	NpcTeleportDatabase..
[2026-01-05 19시40분06초	1767609606423]	2ms

[2026-01-05 19시40분06초	1767609606570]	NpcSpawnlistDatabase..
[2026-01-05 19시40분06초	1767609606621]	51ms

[2026-01-05 19시40분06초	1767609606623]	EventController..
[2026-01-05 19시40분06초	1767609606623]	0ms

[2026-01-05 19시40분06초	1767609606624]	MonsterDatabase..
[2026-01-05 19시40분06초	1767609606640]	16ms

[2026-01-05 19시40분06초	1767609606641]	MonsterDropDatabase..
[2026-01-05 19시40분06초	1767609606666]	25ms

[2026-01-05 19시40분06초	1767609606667]	MonsterSkillDatabase..
[2026-01-05 19시40분06초	1767609606682]	15ms

[2026-01-05 19시40분06초	1767609606685]	MonsterSpawnlistDatabase..
[2026-01-05 19시40분07초	1767609607727]	1042ms

[2026-01-05 19시40분07초	1767609607728]	MonsterBossSpawnlistDatabase..
[2026-01-05 19시40분07초	1767609607731]	3ms

[2026-01-05 19시40분07초	1767609607732]	ServerDownBossListDatabase..
[2026-01-05 19시40분07초	1767609607733]	1ms

[2026-01-05 19시40분07초	1767609607734]	BadIpDatabase..
[2026-01-05 19시40분07초	1767609607737]	3ms

[2026-01-05 19시40분07초	1767609607737]	QuestController..
[2026-01-05 19시40분07초	1767609607739]	2ms

[2026-01-05 19시40분07초	1767609607740]	ServerOpcodesDatabase..
[2026-01-05 19시40분07초	1767609607744]	4ms

[2026-01-05 19시40분07초	1767609607744]	ServerNoticeDatabase..
[2026-01-05 19시40분07초	1767609607747]	3ms

[2026-01-05 19시40분07초	1767609607748]	RankController..
[2026-01-05 19시40분07초	1767609607774]	26ms

[2026-01-05 19시40분07초	1767609607777]	WantedController..
[2026-01-05 19시40분07초	1767609607782]	5ms

[2026-01-05 19시40분07초	1767609607783]	TeleportHomeDatabase..
[2026-01-05 19시40분07초	1767609607825]	42ms

[2026-01-05 19시40분07초	1767609607828]	TeleportResetDatabase..
[2026-01-05 19시40분07초	1767609607874]	46ms

[2026-01-05 19시40분07초	1767609607875]	ItemPinewandDatabase..
[2026-01-05 19시40분07초	1767609607878]	3ms

[2026-01-05 19시40분07초	1767609607879]	ItemMaplewandDatabase..
[2026-01-05 19시40분07초	1767609607882]	3ms

[2026-01-05 19시40분07초	1767609607883]	SummonListDatabase..
[2026-01-05 19시40분07초	1767609607886]	3ms

[2026-01-05 19시40분07초	1767609607887]	GmListDatabase..
[2026-01-05 19시40분07초	1767609607889]	2ms

[2026-01-05 19시40분07초	1767609607890]	MagicdollListDatabase..
[2026-01-05 19시40분07초	1767609607893]	3ms

[2026-01-05 19시40분07초	1767609607898]	PcMarketController..
[2026-01-05 19시40분07초	1767609607901]	3ms

[2026-01-05 19시40분07초	1767609607902]	ServerOptionDatabase..
[2026-01-05 19시40분07초	1767609607903]	1ms

[2026-01-05 19시40분07초	1767609607904]	TimeDungeonDatabase..
[2026-01-05 19시40분07초	1767609607905]	1ms

[2026-01-05 19시40분07초	1767609607906]	TeamBattleDatabase..
[2026-01-05 19시40분07초	1767609607908]	2ms

[2026-01-05 19시40분07초	1767609607909]	LifeLostItemDatabase..
[2026-01-05 19시40분07초	1767609607911]	2ms

[2026-01-05 19시40분07초	1767609607911]	GmTeleportDatabase..
[2026-01-05 19시40분07초	1767609607915]	4ms

[2026-01-05 19시40분07초	1767609607918]	무인혈맹컨트롤러..
[2026-01-05 19시40분07초	1767609607920]	2ms

[2026-01-05 19시40분07초	1767609607921]	HackNoCheckDatabase..
[2026-01-05 19시40분07초	1767609607922]	1ms

[2026-01-05 19시40분07초	1767609607924]	EnchantLostItemDatabase..
[2026-01-05 19시40분07초	1767609607940]	16ms

[2026-01-05 19시40분07초	1767609607941]	ItemDropMessageDatabase..
[2026-01-05 19시40분07초	1767609607945]	4ms

[2026-01-05 19시40분07초	1767609607947]	FishingController..
[2026-01-05 19시40분08초	1767609608075]	128ms

[2026-01-05 19시40분08초	1767609608086]	RobotController..
[2026-01-05 19시40분08초	1767609608110]	24ms

[2026-01-05 19시40분08초	1767609608112]	Server..
[2026-01-05 19시40분08초	1767609608182]	70ms

[2026-01-05 19시40분08초	1767609608183]	ServerThread..
[2026-01-05 19시40분08초	1767609608183]	0ms

[2026-01-05 19시40분08초	1767609608184]	ControllerTherad..
[2026-01-05 19시40분08초	1767609608184]	0ms

[2026-01-05 19시40분08초	1767609608186]	CharacterThread..
[2026-01-05 19시40분08초	1767609608186]	0ms

[2026-01-05 19시40분08초	1767609608186]	DatabaseThread..
[2026-01-05 19시40분08초	1767609608187]	1ms

[2026-01-05 19시40분08초	1767609608188]	CharacterControlThread..
[2026-01-05 19시40분08초	1767609608189]	1ms

[2026-01-05 19시40분08초	1767609608232]	FightController..
[2026-01-05 19시40분08초	1767609608251]	19ms

[2026-01-05 19시40분08초	1767609608252]	TimeThread..
[2026-01-05 19시40분08초	1767609608252]	0ms

[2026-01-05 19시40분08초	1767609608254]	AutoHuntThread..
[2026-01-05 19시40분08초	1767609608254]	0ms

[2026-01-05 19시40분08초	1767609608254]	======================================================================
[2026-01-05 19시40분08초	1767609608255]	Server Version  :  Lineage 2.0

[2026-01-05 19시40분08초	1767609608255]	Server Port      :  2000

[2026-01-05 19시40분08초	1767609608255]	계정 자동생성  :  on

[2026-01-05 19시40분08초	1767609608256]	인챈트 : 1.0배  ||  드랍 : 3.0배  ||  경험치 : 30.0배  ||  아데나 : 12.0배  ||  파티 : 1.1배

[2026-01-05 19시40분08초	1767609608256]	======================================================================
[2026-01-05 19시40분08초	1767609608256]	'서버' 가동되었습니다.

[2026-01-05 19시41분47초	1767609707825]	서버가 즉시 종료됩니다...
[2026-01-05 19시41분48초	1767609708825]	Thread close..
[2026-01-05 19시41분49초	1767609709825]	Save Database..
[2026-01-05 19시41분50초	1767609710521]	Socket close..
[2026-01-05 19시41분50초	1767609710521]	LineageServer Close...
[2026-01-05 19시41분50초	1767609710521]	0ms

[2026-01-05 19시41분50초	1767609710521]	ok..
