[2026-01-14 14시54분37초	1768370077440]	Mysql..
[2026-01-14 14시54분37초	1768370077441]	2ms

[2026-01-14 14시54분37초	1768370077458]	lineage.conf file loading...
[2026-01-14 14시54분37초	1768370077491]	33ms

[2026-01-14 14시54분37초	1768370077495]	Lineage_Balance..
[2026-01-14 14시54분37초	1768370077503]	8ms

[2026-01-14 14시54분37초	1768370077504]	npc_promotion..
[2026-01-14 14시54분37초	1768370077505]	1ms

[2026-01-14 14시54분37초	1768370077513]	Socket..
[2026-01-14 14시54분37초	1768370077514]	1ms

[2026-01-14 14시54분37초	1768370077514]	Common..
[2026-01-14 14시54분37초	1768370077514]	0ms

[2026-01-14 14시54분37초	1768370077515]	EventThread..
[2026-01-14 14시54분37초	1768370077515]	0ms

[2026-01-14 14시54분37초	1768370077516]	AiExecuteThread..
[2026-01-14 14시54분37초	1768370077516]	0ms

[2026-01-14 14시54분37초	1768370077517]	AiThread..
[2026-01-14 14시54분37초	1768370077518]	0ms

[2026-01-14 14시54분37초	1768370077530]	World..
[2026-01-14 14시54분37초	1768370077629]	99ms

[2026-01-14 14시54분37초	1768370077631]	BookController..
[2026-01-14 14시54분37초	1768370077631]	0ms

[2026-01-14 14시54분37초	1768370077632]	InventoryController..
[2026-01-14 14시54분37초	1768370077632]	0ms

[2026-01-14 14시54분37초	1768370077632]	BasePacketPooling..
[2026-01-14 14시54분37초	1768370077632]	0ms

[2026-01-14 14시54분37초	1768370077641]	SkillController..
[2026-01-14 14시54분37초	1768370077644]	0ms

[2026-01-14 14시54분37초	1768370077650]	DamageController..
[2026-01-14 14시54분37초	1768370077650]	0ms

[2026-01-14 14시54분37초	1768370077652]	CharacterController..
[2026-01-14 14시54분37초	1768370077652]	0ms

[2026-01-14 14시54분37초	1768370077653]	TradeController..
[2026-01-14 14시54분37초	1768370077653]	0ms

[2026-01-14 14시54분37초	1768370077653]	DungeonController..
[2026-01-14 14시54분37초	1768370077653]	0ms

[2026-01-14 14시54분37초	1768370077654]	ShipController..
[2026-01-14 14시54분37초	1768370077654]	0ms

[2026-01-14 14시54분37초	1768370077655]	BuffController..
[2026-01-14 14시54분37초	1768370077655]	0ms

[2026-01-14 14시54분37초	1768370077659]	SummonController..
[2026-01-14 14시54분37초	1768370077659]	0ms

[2026-01-14 14시54분37초	1768370077660]	PartyController..
[2026-01-14 14시54분37초	1768370077660]	0ms

[2026-01-14 14시54분37초	1768370077661]	InnController..
[2026-01-14 14시54분37초	1768370077661]	0ms

[2026-01-14 14시54분37초	1768370077662]	BoardController..
[2026-01-14 14시54분37초	1768370077662]	0ms

[2026-01-14 14시54분37초	1768370077670]	LetterController..
[2026-01-14 14시54분37초	1768370077671]	0ms

[2026-01-14 14시54분37초	1768370077672]	UserShopController..
[2026-01-14 14시54분37초	1768370077672]	0ms

[2026-01-14 14시54분37초	1768370077673]	ChattingController..
[2026-01-14 14시54분37초	1768370077674]	1ms

[2026-01-14 14시54분37초	1768370077675]	ColosseumController..
[2026-01-14 14시54분37초	1768370077676]	1ms

[2026-01-14 14시54분37초	1768370077677]	CraftController..
[2026-01-14 14시54분37초	1768370077677]	0ms

[2026-01-14 14시54분37초	1768370077678]	BossController..
[2026-01-14 14시54분37초	1768370077678]	0ms

[2026-01-14 14시54분37초	1768370077679]	NoticeController..
[2026-01-14 14시54분37초	1768370077679]	0ms

[2026-01-14 14시54분37초	1768370077680]	FriendController..
[2026-01-14 14시54분37초	1768370077680]	0ms

[2026-01-14 14시54분37초	1768370077680]	BugScanningController..
[2026-01-14 14시54분37초	1768370077681]	1ms

[2026-01-14 14시54분37초	1768370077682]	MagicDollController..
[2026-01-14 14시54분37초	1768370077682]	0ms

[2026-01-14 14시54분37초	1768370077683]	ShopController..
[2026-01-14 14시54분37초	1768370077683]	0ms

[2026-01-14 14시54분37초	1768370077684]	WarehouseDatabase..
[2026-01-14 14시54분37초	1768370077684]	0ms

[2026-01-14 14시54분37초	1768370077685]	PakTools..
[2026-01-14 14시54분37초	1768370077687]	2ms

[2026-01-14 14시54분37초	1768370077696]	ScriptController...
[2026-01-14 14시54분37초	1768370077698]	2ms

[2026-01-14 14시54분37초	1768370077699]	GiranClanLordController..
[2026-01-14 14시54분37초	1768370077699]	0ms

[2026-01-14 14시54분37초	1768370077701]	TeamBattleController..
[2026-01-14 14시54분37초	1768370077701]	0ms

[2026-01-14 14시54분37초	1768370077701]	WorldClearController..
[2026-01-14 14시54분37초	1768370077701]	0ms

[2026-01-14 14시54분37초	1768370077702]	SpotController..
[2026-01-14 14시54분37초	1768370077702]	0ms

[2026-01-14 14시54분37초	1768370077703]	테베라스 컨트롤러..
[2026-01-14 14시54분37초	1768370077703]	0ms

[2026-01-14 14시54분37초	1768370077704]	지옥 컨트롤러..
[2026-01-14 14시54분37초	1768370077704]	0ms

[2026-01-14 14시54분37초	1768370077704]	지하수로 컨트롤러..
[2026-01-14 14시54분37초	1768370077704]	0ms

[2026-01-14 14시54분37초	1768370077705]	보물찾기컨트롤러..
[2026-01-14 14시54분37초	1768370077705]	0ms

[2026-01-14 14시54분37초	1768370077706]	마족신전 컨트롤러..
[2026-01-14 14시54분37초	1768370077706]	0ms

[2026-01-14 14시54분37초	1768370077706]	고무 컨트롤러..
[2026-01-14 14시54분37초	1768370077707]	정무던전 컨트롤러..
[2026-01-14 14시54분37초	1768370077711]	4ms

[2026-01-14 14시54분37초	1768370077712]	그신 컨트롤러..
[2026-01-14 14시54분37초	1768370077712]	0ms

[2026-01-14 14시54분37초	1768370077713]	라바던전 컨트롤러..
[2026-01-14 14시54분37초	1768370077713]	0ms

[2026-01-14 14시54분37초	1768370077713]	월드보스컨트롤러..
[2026-01-14 14시54분37초	1768370077714]	1ms

[2026-01-14 14시54분37초	1768370077714]	펭귄 사냥터 컨트롤러..
[2026-01-14 14시54분37초	1768370077714]	0ms

[2026-01-14 14시54분37초	1768370077715]	칠흑던전 컨트롤러..
[2026-01-14 14시54분37초	1768370077716]	악마왕의영토컨트롤러..
[2026-01-14 14시54분37초	1768370077716]	0ms

[2026-01-14 14시54분37초	1768370077716]	얼던컨트롤러..
[2026-01-14 14시54분37초	1768370077717]	1ms

[2026-01-14 14시54분37초	1768370077717]	기감 컨트롤러..
[2026-01-14 14시54분37초	1768370077717]	0ms

[2026-01-14 14시54분37초	1768370077718]	고라스컨트롤러..
[2026-01-14 14시54분37초	1768370077718]	0ms

[2026-01-14 14시54분37초	1768370077719]	드워프컨트롤러..
[2026-01-14 14시54분37초	1768370077719]	0ms

[2026-01-14 14시54분37초	1768370077720]	타임이벤트컨트롤러..
[2026-01-14 14시54분37초	1768370077720]	0ms

[2026-01-14 14시54분37초	1768370077720]	AutoHuntController..
[2026-01-14 14시54분37초	1768370077720]	0ms

[2026-01-14 14시54분37초	1768370077736]	DatabaseConnection..
[2026-01-14 14시54분38초	1768370078015]	279ms

[2026-01-14 14시54분38초	1768370078030]	ServerDatabase..
[2026-01-14 14시54분38초	1768370078066]	36ms

[2026-01-14 14시54분38초	1768370078069]	SlimeRaceController..
[2026-01-14 14시54분38초	1768370078072]	3ms

[2026-01-14 14시54분38초	1768370078074]	DogRaceController..
[2026-01-14 14시54분38초	1768370078076]	2ms

[2026-01-14 14시54분38초	1768370078079]	ClanController..
[2026-01-14 14시54분38초	1768370078084]	5ms

[2026-01-14 14시54분38초	1768370078087]	KingdomController..
[2026-01-14 14시54분38초	1768370078094]	7ms

[2026-01-14 14시54분38초	1768370078095]	AgitController..
[2026-01-14 14시54분38초	1768370078099]	4ms

[2026-01-14 14시54분38초	1768370078101]	AuctionController..
[2026-01-14 14시54분38초	1768370078105]	4ms

[2026-01-14 14시54분38초	1768370078110]	ItemDatabase..
[2026-01-14 14시54분38초	1768370078199]	89ms

[2026-01-14 14시54분38초	1768370078201]	ItemSetopionDatabase..
[2026-01-14 14시54분38초	1768370078204]	3ms

[2026-01-14 14시54분38초	1768370078206]	AutosellDatabase..
[2026-01-14 14시54분38초	1768370078227]	21ms

[2026-01-14 14시54분38초	1768370078228]	ItemSkillDatabase..
[2026-01-14 14시54분38초	1768370078231]	3ms

[2026-01-14 14시54분38초	1768370078232]	ItemBundleDatabase..
[2026-01-14 14시54분38초	1768370078235]	3ms

[2026-01-14 14시54분38초	1768370078236]	ItemChanceBundleDatabase..
[2026-01-14 14시54분38초	1768370078239]	3ms

[2026-01-14 14시54분38초	1768370078241]	FishItemListDatabase..
[2026-01-14 14시54분38초	1768370078244]	3ms

[2026-01-14 14시54분38초	1768370078245]	ItemTeleport..
[2026-01-14 14시54분38초	1768370078248]	3ms

[2026-01-14 14시54분38초	1768370078250]	PolyDatabase..
[2026-01-14 14시54분38초	1768370078254]	4ms

[2026-01-14 14시54분38초	1768370078255]	DungeonDatabase..
[2026-01-14 14시54분38초	1768370078260]	5ms

[2026-01-14 14시54분38초	1768370078261]	DefiniteDatabase..
[2026-01-14 14시54분38초	1768370078264]	3ms

[2026-01-14 14시54분38초	1768370078265]	ExpDatabase..
[2026-01-14 14시54분38초	1768370078267]	2ms

[2026-01-14 14시54분38초	1768370078267]	BackgroundDatabase..
[2026-01-14 14시54분38초	1768370078383]	116ms

[2026-01-14 14시54분38초	1768370078383]	SpriteFrameDatabase..
[2026-01-14 14시54분38초	1768370078429]	46ms

[2026-01-14 14시54분38초	1768370078430]	SkillDatabase..
[2026-01-14 14시54분38초	1768370078432]	2ms

[2026-01-14 14시54분38초	1768370078433]	NpcDatabase..
[2026-01-14 14시54분38초	1768370078440]	7ms

[2026-01-14 14시54분38초	1768370078442]	NpcShopDatabase..
[2026-01-14 14시54분38초	1768370078510]	68ms

[2026-01-14 14시54분38초	1768370078511]	NpcTeleportDatabase..
[2026-01-14 14시54분38초	1768370078513]	2ms

[2026-01-14 14시54분38초	1768370078714]	NpcSpawnlistDatabase..
[2026-01-14 14시54분38초	1768370078765]	51ms

[2026-01-14 14시54분38초	1768370078768]	EventController..
[2026-01-14 14시54분38초	1768370078768]	0ms

[2026-01-14 14시54분38초	1768370078769]	MonsterDatabase..
[2026-01-14 14시54분38초	1768370078784]	15ms

[2026-01-14 14시54분38초	1768370078785]	MonsterDropDatabase..
[2026-01-14 14시54분38초	1768370078811]	26ms

[2026-01-14 14시54분38초	1768370078813]	MonsterSkillDatabase..
[2026-01-14 14시54분38초	1768370078828]	15ms

[2026-01-14 14시54분38초	1768370078831]	MonsterSpawnlistDatabase..
[2026-01-14 14시54분40초	1768370080019]	1188ms

[2026-01-14 14시54분40초	1768370080021]	MonsterBossSpawnlistDatabase..
[2026-01-14 14시54분40초	1768370080024]	3ms

[2026-01-14 14시54분40초	1768370080025]	ServerDownBossListDatabase..
[2026-01-14 14시54분40초	1768370080026]	1ms

[2026-01-14 14시54분40초	1768370080027]	BadIpDatabase..
[2026-01-14 14시54분40초	1768370080029]	2ms

[2026-01-14 14시54분40초	1768370080029]	QuestController..
[2026-01-14 14시54분40초	1768370080030]	1ms

[2026-01-14 14시54분40초	1768370080031]	ServerOpcodesDatabase..
[2026-01-14 14시54분40초	1768370080036]	5ms

[2026-01-14 14시54분40초	1768370080037]	ServerNoticeDatabase..
[2026-01-14 14시54분40초	1768370080040]	3ms

[2026-01-14 14시54분40초	1768370080043]	RankController..
[2026-01-14 14시54분40초	1768370080065]	22ms

[2026-01-14 14시54분40초	1768370080067]	WantedController..
[2026-01-14 14시54분40초	1768370080069]	2ms

[2026-01-14 14시54분40초	1768370080070]	TeleportHomeDatabase..
[2026-01-14 14시54분40초	1768370080102]	32ms

[2026-01-14 14시54분40초	1768370080103]	TeleportResetDatabase..
[2026-01-14 14시54분40초	1768370080133]	30ms

[2026-01-14 14시54분40초	1768370080134]	ItemPinewandDatabase..
[2026-01-14 14시54분40초	1768370080136]	2ms

[2026-01-14 14시54분40초	1768370080136]	ItemMaplewandDatabase..
[2026-01-14 14시54분40초	1768370080139]	3ms

[2026-01-14 14시54분40초	1768370080139]	SummonListDatabase..
[2026-01-14 14시54분40초	1768370080142]	3ms

[2026-01-14 14시54분40초	1768370080143]	GmListDatabase..
[2026-01-14 14시54분40초	1768370080144]	1ms

[2026-01-14 14시54분40초	1768370080146]	MagicdollListDatabase..
[2026-01-14 14시54분40초	1768370080148]	2ms

[2026-01-14 14시54분40초	1768370080153]	PcMarketController..
[2026-01-14 14시54분40초	1768370080155]	2ms

[2026-01-14 14시54분40초	1768370080156]	ServerOptionDatabase..
[2026-01-14 14시54분40초	1768370080156]	0ms

[2026-01-14 14시54분40초	1768370080158]	TimeDungeonDatabase..
[2026-01-14 14시54분40초	1768370080159]	1ms

[2026-01-14 14시54분40초	1768370080160]	TeamBattleDatabase..
[2026-01-14 14시54분40초	1768370080162]	1ms

[2026-01-14 14시54분40초	1768370080163]	LifeLostItemDatabase..
[2026-01-14 14시54분40초	1768370080165]	1ms

[2026-01-14 14시54분40초	1768370080165]	GmTeleportDatabase..
[2026-01-14 14시54분40초	1768370080167]	2ms

[2026-01-14 14시54분40초	1768370080170]	무인혈맹컨트롤러..
[2026-01-14 14시54분40초	1768370080171]	1ms

[2026-01-14 14시54분40초	1768370080172]	HackNoCheckDatabase..
[2026-01-14 14시54분40초	1768370080173]	1ms

[2026-01-14 14시54분40초	1768370080174]	EnchantLostItemDatabase..
[2026-01-14 14시54분40초	1768370080197]	23ms

[2026-01-14 14시54분40초	1768370080198]	ItemDropMessageDatabase..
[2026-01-14 14시54분40초	1768370080199]	1ms

[2026-01-14 14시54분40초	1768370080201]	FishingController..
[2026-01-14 14시54분40초	1768370080504]	303ms

[2026-01-14 14시54분40초	1768370080521]	RobotController..
[2026-01-14 14시54분40초	1768370080544]	23ms

[2026-01-14 14시54분40초	1768370080547]	Server..
[2026-01-14 14시54분40초	1768370080625]	78ms

[2026-01-14 14시54분40초	1768370080626]	ServerThread..
[2026-01-14 14시54분40초	1768370080626]	0ms

[2026-01-14 14시54분40초	1768370080627]	ControllerTherad..
[2026-01-14 14시54분40초	1768370080627]	0ms

[2026-01-14 14시54분40초	1768370080628]	CharacterThread..
[2026-01-14 14시54분40초	1768370080629]	1ms

[2026-01-14 14시54분40초	1768370080630]	DatabaseThread..
[2026-01-14 14시54분40초	1768370080631]	1ms

[2026-01-14 14시54분40초	1768370080673]	CharacterControlThread..
[2026-01-14 14시54분40초	1768370080673]	0ms

[2026-01-14 14시54분40초	1768370080686]	FightController..
[2026-01-14 14시54분40초	1768370080703]	17ms

[2026-01-14 14시54분40초	1768370080704]	TimeThread..
[2026-01-14 14시54분40초	1768370080704]	0ms

[2026-01-14 14시54분40초	1768370080705]	AutoHuntThread..
[2026-01-14 14시54분40초	1768370080705]	0ms

[2026-01-14 14시54분40초	1768370080705]	======================================================================
[2026-01-14 14시54분40초	1768370080706]	Server Version  :  Lineage 2.0

[2026-01-14 14시54분40초	1768370080706]	Server Port      :  2000

[2026-01-14 14시54분40초	1768370080706]	계정 자동생성  :  on

[2026-01-14 14시54분40초	1768370080706]	인챈트 : 1.0배  ||  드랍 : 3.0배  ||  경험치 : 30.0배  ||  아데나 : 12.0배  ||  파티 : 1.1배

[2026-01-14 14시54분40초	1768370080706]	======================================================================
[2026-01-14 14시54분40초	1768370080706]	'서버' 가동되었습니다.

[2026-01-14 14시57분41초	1768370261574]	자동 저장완료 2026-01-14 14시57분41초
[2026-01-14 15시00분42초	1768370442463]	자동 저장완료 2026-01-14 15시00분42초
[2026-01-14 15시03분42초	1768370622467]	자동 저장완료 2026-01-14 15시03분42초
[2026-01-14 15시06분43초	1768370803367]	자동 저장완료 2026-01-14 15시06분43초
[2026-01-14 15시09분43초	1768370983429]	자동 저장완료 2026-01-14 15시09분43초
[2026-01-14 15시12분44초	1768371164331]	자동 저장완료 2026-01-14 15시12분44초
[2026-01-14 15시13분44초	1768371224708]	서버가 즉시 종료됩니다...
[2026-01-14 15시13분45초	1768371225709]	Thread close..
[2026-01-14 15시13분46초	1768371226709]	Save Database..
[2026-01-14 15시13분47초	1768371227636]	Socket close..
[2026-01-14 15시13분47초	1768371227636]	LineageServer Close...
[2026-01-14 15시13분47초	1768371227636]	0ms

[2026-01-14 15시13분47초	1768371227636]	ok..
