[2026-01-12 21―Ã56šÐ17ÃĘ	1768222577161]	Mysql..
[2026-01-12 21―Ã56šÐ17ÃĘ	1768222577162]	2ms

[2026-01-12 21―Ã56šÐ17ÃĘ	1768222577180]	lineage.conf file loading...
[2026-01-12 21―Ã56šÐ17ÃĘ	1768222577214]	33ms

[2026-01-12 21―Ã56šÐ17ÃĘ	1768222577221]	Lineage_Balance..
[2026-01-12 21―Ã56šÐ17ÃĘ	1768222577229]	8ms

[2026-01-12 21―Ã56šÐ17ÃĘ	1768222577230]	npc_promotion..
[2026-01-12 21―Ã56šÐ17ÃĘ	1768222577230]	0ms

[2026-01-12 21―Ã56šÐ17ÃĘ	1768222577231]	Socket..
[2026-01-12 21―Ã56šÐ17ÃĘ	1768222577232]	1ms

[2026-01-12 21―Ã56šÐ17ÃĘ	1768222577232]	Common..
[2026-01-12 21―Ã56šÐ17ÃĘ	1768222577232]	0ms

[2026-01-12 21―Ã56šÐ17ÃĘ	1768222577241]	EventThread..
[2026-01-12 21―Ã56šÐ17ÃĘ	1768222577241]	0ms

[2026-01-12 21―Ã56šÐ17ÃĘ	1768222577242]	AiExecuteThread..
[2026-01-12 21―Ã56šÐ17ÃĘ	1768222577243]	0ms

[2026-01-12 21―Ã56šÐ17ÃĘ	1768222577244]	AiThread..
[2026-01-12 21―Ã56šÐ17ÃĘ	1768222577244]	0ms

[2026-01-12 21―Ã56šÐ17ÃĘ	1768222577254]	World..
[2026-01-12 21―Ã56šÐ17ÃĘ	1768222577361]	107ms

[2026-01-12 21―Ã56šÐ17ÃĘ	1768222577384]	BookController..
[2026-01-12 21―Ã56šÐ17ÃĘ	1768222577384]	0ms

[2026-01-12 21―Ã56šÐ17ÃĘ	1768222577385]	InventoryController..
[2026-01-12 21―Ã56šÐ17ÃĘ	1768222577385]	0ms

[2026-01-12 21―Ã56šÐ17ÃĘ	1768222577385]	BasePacketPooling..
[2026-01-12 21―Ã56šÐ17ÃĘ	1768222577385]	0ms

[2026-01-12 21―Ã56šÐ17ÃĘ	1768222577388]	SkillController..
[2026-01-12 21―Ã56šÐ17ÃĘ	1768222577388]	0ms

[2026-01-12 21―Ã56šÐ17ÃĘ	1768222577394]	DamageController..
[2026-01-12 21―Ã56šÐ17ÃĘ	1768222577395]	0ms

[2026-01-12 21―Ã56šÐ17ÃĘ	1768222577396]	CharacterController..
[2026-01-12 21―Ã56šÐ17ÃĘ	1768222577396]	0ms

[2026-01-12 21―Ã56šÐ17ÃĘ	1768222577397]	TradeController..
[2026-01-12 21―Ã56šÐ17ÃĘ	1768222577397]	0ms

[2026-01-12 21―Ã56šÐ17ÃĘ	1768222577398]	DungeonController..
[2026-01-12 21―Ã56šÐ17ÃĘ	1768222577398]	0ms

[2026-01-12 21―Ã56šÐ17ÃĘ	1768222577399]	ShipController..
[2026-01-12 21―Ã56šÐ17ÃĘ	1768222577399]	1ms

[2026-01-12 21―Ã56šÐ17ÃĘ	1768222577399]	BuffController..
[2026-01-12 21―Ã56šÐ17ÃĘ	1768222577399]	0ms

[2026-01-12 21―Ã56šÐ17ÃĘ	1768222577403]	SummonController..
[2026-01-12 21―Ã56šÐ17ÃĘ	1768222577403]	0ms

[2026-01-12 21―Ã56šÐ17ÃĘ	1768222577404]	PartyController..
[2026-01-12 21―Ã56šÐ17ÃĘ	1768222577404]	0ms

[2026-01-12 21―Ã56šÐ17ÃĘ	1768222577405]	InnController..
[2026-01-12 21―Ã56šÐ17ÃĘ	1768222577405]	0ms

[2026-01-12 21―Ã56šÐ17ÃĘ	1768222577406]	BoardController..
[2026-01-12 21―Ã56šÐ17ÃĘ	1768222577406]	0ms

[2026-01-12 21―Ã56šÐ17ÃĘ	1768222577407]	LetterController..
[2026-01-12 21―Ã56šÐ17ÃĘ	1768222577408]	1ms

[2026-01-12 21―Ã56šÐ17ÃĘ	1768222577408]	UserShopController..
[2026-01-12 21―Ã56šÐ17ÃĘ	1768222577408]	0ms

[2026-01-12 21―Ã56šÐ17ÃĘ	1768222577417]	ChattingController..
[2026-01-12 21―Ã56šÐ17ÃĘ	1768222577418]	1ms

[2026-01-12 21―Ã56šÐ17ÃĘ	1768222577420]	ColosseumController..
[2026-01-12 21―Ã56šÐ17ÃĘ	1768222577420]	0ms

[2026-01-12 21―Ã56šÐ17ÃĘ	1768222577421]	CraftController..
[2026-01-12 21―Ã56šÐ17ÃĘ	1768222577421]	0ms

[2026-01-12 21―Ã56šÐ17ÃĘ	1768222577422]	BossController..
[2026-01-12 21―Ã56šÐ17ÃĘ	1768222577422]	0ms

[2026-01-12 21―Ã56šÐ17ÃĘ	1768222577423]	NoticeController..
[2026-01-12 21―Ã56šÐ17ÃĘ	1768222577424]	1ms

[2026-01-12 21―Ã56šÐ17ÃĘ	1768222577424]	FriendController..
[2026-01-12 21―Ã56šÐ17ÃĘ	1768222577425]	1ms

[2026-01-12 21―Ã56šÐ17ÃĘ	1768222577425]	BugScanningController..
[2026-01-12 21―Ã56šÐ17ÃĘ	1768222577425]	0ms

[2026-01-12 21―Ã56šÐ17ÃĘ	1768222577427]	MagicDollController..
[2026-01-12 21―Ã56šÐ17ÃĘ	1768222577427]	0ms

[2026-01-12 21―Ã56šÐ17ÃĘ	1768222577428]	ShopController..
[2026-01-12 21―Ã56šÐ17ÃĘ	1768222577428]	0ms

[2026-01-12 21―Ã56šÐ17ÃĘ	1768222577429]	WarehouseDatabase..
[2026-01-12 21―Ã56šÐ17ÃĘ	1768222577429]	0ms

[2026-01-12 21―Ã56šÐ17ÃĘ	1768222577431]	PakTools..
[2026-01-12 21―Ã56šÐ17ÃĘ	1768222577432]	1ms

[2026-01-12 21―Ã56šÐ17ÃĘ	1768222577433]	ScriptController...
[2026-01-12 21―Ã56šÐ17ÃĘ	1768222577436]	3ms

[2026-01-12 21―Ã56šÐ17ÃĘ	1768222577437]	GiranClanLordController..
[2026-01-12 21―Ã56šÐ17ÃĘ	1768222577437]	0ms

[2026-01-12 21―Ã56šÐ17ÃĘ	1768222577439]	TeamBattleController..
[2026-01-12 21―Ã56šÐ17ÃĘ	1768222577439]	0ms

[2026-01-12 21―Ã56šÐ17ÃĘ	1768222577440]	WorldClearController..
[2026-01-12 21―Ã56šÐ17ÃĘ	1768222577440]	0ms

[2026-01-12 21―Ã56šÐ17ÃĘ	1768222577441]	SpotController..
[2026-01-12 21―Ã56šÐ17ÃĘ	1768222577444]	3ms

[2026-01-12 21―Ã56šÐ17ÃĘ	1768222577445]	ÅŨšĢķó―š ÄÁÆŪ·Ņ·Ŋ..
[2026-01-12 21―Ã56šÐ17ÃĘ	1768222577445]	0ms

[2026-01-12 21―Ã56šÐ17ÃĘ	1768222577446]	ÁöŋÁ ÄÁÆŪ·Ņ·Ŋ..
[2026-01-12 21―Ã56šÐ17ÃĘ	1768222577446]	0ms

[2026-01-12 21―Ã56šÐ17ÃĘ	1768222577446]	ÁöĮÏžö·Î ÄÁÆŪ·Ņ·Ŋ..
[2026-01-12 21―Ã56šÐ17ÃĘ	1768222577446]	0ms

[2026-01-12 21―Ã56šÐ17ÃĘ	1768222577447]	šļđ°ÃĢąâÄÁÆŪ·Ņ·Ŋ..
[2026-01-12 21―Ã56šÐ17ÃĘ	1768222577447]	0ms

[2026-01-12 21―Ã56šÐ17ÃĘ	1768222577448]	ļķÁ·―ÅĀü ÄÁÆŪ·Ņ·Ŋ..
[2026-01-12 21―Ã56šÐ17ÃĘ	1768222577448]	0ms

[2026-01-12 21―Ã56šÐ17ÃĘ	1768222577449]	°íđŦ ÄÁÆŪ·Ņ·Ŋ..
[2026-01-12 21―Ã56šÐ17ÃĘ	1768222577449]	ÁĪđŦīøĀü ÄÁÆŪ·Ņ·Ŋ..
[2026-01-12 21―Ã56šÐ17ÃĘ	1768222577454]	5ms

[2026-01-12 21―Ã56šÐ17ÃĘ	1768222577454]	ąŨ―Å ÄÁÆŪ·Ņ·Ŋ..
[2026-01-12 21―Ã56šÐ17ÃĘ	1768222577455]	1ms

[2026-01-12 21―Ã56šÐ17ÃĘ	1768222577455]	ķóđŲīøĀü ÄÁÆŪ·Ņ·Ŋ..
[2026-01-12 21―Ã56šÐ17ÃĘ	1768222577456]	1ms

[2026-01-12 21―Ã56šÐ17ÃĘ	1768222577457]	ŋųĩåšļ―šÄÁÆŪ·Ņ·Ŋ..
[2026-01-12 21―Ã56šÐ17ÃĘ	1768222577457]	1ms

[2026-01-12 21―Ã56šÐ17ÃĘ	1768222577457]	ÆëąÏ ŧįģÉÅÍ ÄÁÆŪ·Ņ·Ŋ..
[2026-01-12 21―Ã56šÐ17ÃĘ	1768222577457]	0ms

[2026-01-12 21―Ã56šÐ17ÃĘ	1768222577458]	ÄĨČæīøĀü ÄÁÆŪ·Ņ·Ŋ..
[2026-01-12 21―Ã56šÐ17ÃĘ	1768222577459]	ūĮļķŋÕĀĮŋĩÅäÄÁÆŪ·Ņ·Ŋ..
[2026-01-12 21―Ã56šÐ17ÃĘ	1768222577459]	0ms

[2026-01-12 21―Ã56šÐ17ÃĘ	1768222577460]	ūóīøÄÁÆŪ·Ņ·Ŋ..
[2026-01-12 21―Ã56šÐ17ÃĘ	1768222577460]	0ms

[2026-01-12 21―Ã56šÐ17ÃĘ	1768222577461]	ąâ°Ļ ÄÁÆŪ·Ņ·Ŋ..
[2026-01-12 21―Ã56šÐ17ÃĘ	1768222577461]	0ms

[2026-01-12 21―Ã56šÐ17ÃĘ	1768222577462]	°íķó―šÄÁÆŪ·Ņ·Ŋ..
[2026-01-12 21―Ã56šÐ17ÃĘ	1768222577462]	0ms

[2026-01-12 21―Ã56šÐ17ÃĘ	1768222577463]	ĩåŋöĮÁÄÁÆŪ·Ņ·Ŋ..
[2026-01-12 21―Ã56šÐ17ÃĘ	1768222577463]	0ms

[2026-01-12 21―Ã56šÐ17ÃĘ	1768222577463]	ÅļĀÓĀĖšĨÆŪÄÁÆŪ·Ņ·Ŋ..
[2026-01-12 21―Ã56šÐ17ÃĘ	1768222577463]	0ms

[2026-01-12 21―Ã56šÐ17ÃĘ	1768222577464]	AutoHuntController..
[2026-01-12 21―Ã56šÐ17ÃĘ	1768222577464]	0ms

[2026-01-12 21―Ã56šÐ17ÃĘ	1768222577480]	DatabaseConnection..
[2026-01-12 21―Ã56šÐ17ÃĘ	1768222577816]	337ms

[2026-01-12 21―Ã56šÐ17ÃĘ	1768222577834]	ServerDatabase..
[2026-01-12 21―Ã56šÐ17ÃĘ	1768222577865]	31ms

[2026-01-12 21―Ã56šÐ17ÃĘ	1768222577868]	SlimeRaceController..
[2026-01-12 21―Ã56šÐ17ÃĘ	1768222577870]	2ms

[2026-01-12 21―Ã56šÐ17ÃĘ	1768222577872]	DogRaceController..
[2026-01-12 21―Ã56šÐ17ÃĘ	1768222577873]	1ms

[2026-01-12 21―Ã56šÐ17ÃĘ	1768222577876]	ClanController..
[2026-01-12 21―Ã56šÐ17ÃĘ	1768222577882]	6ms

[2026-01-12 21―Ã56šÐ17ÃĘ	1768222577884]	KingdomController..
[2026-01-12 21―Ã56šÐ17ÃĘ	1768222577890]	6ms

[2026-01-12 21―Ã56šÐ17ÃĘ	1768222577891]	AgitController..
[2026-01-12 21―Ã56šÐ17ÃĘ	1768222577896]	5ms

[2026-01-12 21―Ã56šÐ17ÃĘ	1768222577897]	AuctionController..
[2026-01-12 21―Ã56šÐ17ÃĘ	1768222577901]	4ms

[2026-01-12 21―Ã56šÐ17ÃĘ	1768222577906]	ItemDatabase..
[2026-01-12 21―Ã56šÐ18ÃĘ	1768222578013]	107ms

[2026-01-12 21―Ã56šÐ18ÃĘ	1768222578023]	ItemSetopionDatabase..
[2026-01-12 21―Ã56šÐ18ÃĘ	1768222578026]	3ms

[2026-01-12 21―Ã56šÐ18ÃĘ	1768222578027]	AutosellDatabase..
[2026-01-12 21―Ã56šÐ18ÃĘ	1768222578046]	19ms

[2026-01-12 21―Ã56šÐ18ÃĘ	1768222578047]	ItemSkillDatabase..
[2026-01-12 21―Ã56šÐ18ÃĘ	1768222578049]	2ms

[2026-01-12 21―Ã56šÐ18ÃĘ	1768222578050]	ItemBundleDatabase..
[2026-01-12 21―Ã56šÐ18ÃĘ	1768222578054]	4ms

[2026-01-12 21―Ã56šÐ18ÃĘ	1768222578055]	ItemChanceBundleDatabase..
[2026-01-12 21―Ã56šÐ18ÃĘ	1768222578058]	3ms

[2026-01-12 21―Ã56šÐ18ÃĘ	1768222578059]	FishItemListDatabase..
[2026-01-12 21―Ã56šÐ18ÃĘ	1768222578060]	1ms

[2026-01-12 21―Ã56šÐ18ÃĘ	1768222578061]	ItemTeleport..
[2026-01-12 21―Ã56šÐ18ÃĘ	1768222578064]	3ms

[2026-01-12 21―Ã56šÐ18ÃĘ	1768222578065]	PolyDatabase..
[2026-01-12 21―Ã56šÐ18ÃĘ	1768222578068]	3ms

[2026-01-12 21―Ã56šÐ18ÃĘ	1768222578069]	DungeonDatabase..
[2026-01-12 21―Ã56šÐ18ÃĘ	1768222578074]	5ms

[2026-01-12 21―Ã56šÐ18ÃĘ	1768222578075]	DefiniteDatabase..
[2026-01-12 21―Ã56šÐ18ÃĘ	1768222578078]	3ms

[2026-01-12 21―Ã56šÐ18ÃĘ	1768222578079]	ExpDatabase..
[2026-01-12 21―Ã56šÐ18ÃĘ	1768222578081]	2ms

[2026-01-12 21―Ã56šÐ18ÃĘ	1768222578081]	BackgroundDatabase..
[2026-01-12 21―Ã56šÐ18ÃĘ	1768222578201]	120ms

[2026-01-12 21―Ã56šÐ18ÃĘ	1768222578201]	SpriteFrameDatabase..
[2026-01-12 21―Ã56šÐ18ÃĘ	1768222578254]	53ms

[2026-01-12 21―Ã56šÐ18ÃĘ	1768222578255]	SkillDatabase..
[2026-01-12 21―Ã56šÐ18ÃĘ	1768222578258]	3ms

[2026-01-12 21―Ã56šÐ18ÃĘ	1768222578259]	NpcDatabase..
[2026-01-12 21―Ã56šÐ18ÃĘ	1768222578267]	8ms

[2026-01-12 21―Ã56šÐ18ÃĘ	1768222578267]	NpcShopDatabase..
[2026-01-12 21―Ã56šÐ18ÃĘ	1768222578322]	55ms

[2026-01-12 21―Ã56šÐ18ÃĘ	1768222578322]	NpcTeleportDatabase..
[2026-01-12 21―Ã56šÐ18ÃĘ	1768222578324]	2ms

[2026-01-12 21―Ã56šÐ18ÃĘ	1768222578446]	NpcSpawnlistDatabase..
[2026-01-12 21―Ã56šÐ18ÃĘ	1768222578504]	58ms

[2026-01-12 21―Ã56šÐ18ÃĘ	1768222578506]	EventController..
[2026-01-12 21―Ã56šÐ18ÃĘ	1768222578506]	0ms

[2026-01-12 21―Ã56šÐ18ÃĘ	1768222578507]	MonsterDatabase..
[2026-01-12 21―Ã56šÐ18ÃĘ	1768222578522]	15ms

[2026-01-12 21―Ã56šÐ18ÃĘ	1768222578523]	MonsterDropDatabase..
[2026-01-12 21―Ã56šÐ18ÃĘ	1768222578552]	29ms

[2026-01-12 21―Ã56šÐ18ÃĘ	1768222578553]	MonsterSkillDatabase..
[2026-01-12 21―Ã56šÐ18ÃĘ	1768222578573]	20ms

[2026-01-12 21―Ã56šÐ18ÃĘ	1768222578575]	MonsterSpawnlistDatabase..
[2026-01-12 21―Ã56šÐ19ÃĘ	1768222579719]	1144ms

[2026-01-12 21―Ã56šÐ19ÃĘ	1768222579720]	MonsterBossSpawnlistDatabase..
[2026-01-12 21―Ã56šÐ19ÃĘ	1768222579723]	3ms

[2026-01-12 21―Ã56šÐ19ÃĘ	1768222579724]	ServerDownBossListDatabase..
[2026-01-12 21―Ã56šÐ19ÃĘ	1768222579724]	0ms

[2026-01-12 21―Ã56šÐ19ÃĘ	1768222579725]	BadIpDatabase..
[2026-01-12 21―Ã56šÐ19ÃĘ	1768222579726]	1ms

[2026-01-12 21―Ã56šÐ19ÃĘ	1768222579726]	QuestController..
[2026-01-12 21―Ã56šÐ19ÃĘ	1768222579727]	1ms

[2026-01-12 21―Ã56šÐ19ÃĘ	1768222579728]	ServerOpcodesDatabase..
[2026-01-12 21―Ã56šÐ19ÃĘ	1768222579732]	3ms

[2026-01-12 21―Ã56šÐ19ÃĘ	1768222579732]	ServerNoticeDatabase..
[2026-01-12 21―Ã56šÐ19ÃĘ	1768222579734]	2ms

[2026-01-12 21―Ã56šÐ19ÃĘ	1768222579735]	RankController..
[2026-01-12 21―Ã56šÐ19ÃĘ	1768222579757]	22ms

[2026-01-12 21―Ã56šÐ19ÃĘ	1768222579761]	WantedController..
[2026-01-12 21―Ã56šÐ19ÃĘ	1768222579763]	2ms

[2026-01-12 21―Ã56šÐ19ÃĘ	1768222579764]	TeleportHomeDatabase..
[2026-01-12 21―Ã56šÐ19ÃĘ	1768222579795]	31ms

[2026-01-12 21―Ã56šÐ19ÃĘ	1768222579796]	TeleportResetDatabase..
[2026-01-12 21―Ã56šÐ19ÃĘ	1768222579824]	28ms

[2026-01-12 21―Ã56šÐ19ÃĘ	1768222579825]	ItemPinewandDatabase..
[2026-01-12 21―Ã56šÐ19ÃĘ	1768222579827]	2ms

[2026-01-12 21―Ã56šÐ19ÃĘ	1768222579827]	ItemMaplewandDatabase..
[2026-01-12 21―Ã56šÐ19ÃĘ	1768222579829]	2ms

[2026-01-12 21―Ã56šÐ19ÃĘ	1768222579830]	SummonListDatabase..
[2026-01-12 21―Ã56šÐ19ÃĘ	1768222579831]	1ms

[2026-01-12 21―Ã56šÐ19ÃĘ	1768222579832]	GmListDatabase..
[2026-01-12 21―Ã56šÐ19ÃĘ	1768222579833]	1ms

[2026-01-12 21―Ã56šÐ19ÃĘ	1768222579834]	MagicdollListDatabase..
[2026-01-12 21―Ã56šÐ19ÃĘ	1768222579836]	2ms

[2026-01-12 21―Ã56šÐ19ÃĘ	1768222579840]	PcMarketController..
[2026-01-12 21―Ã56šÐ19ÃĘ	1768222579841]	1ms

[2026-01-12 21―Ã56šÐ19ÃĘ	1768222579842]	ServerOptionDatabase..
[2026-01-12 21―Ã56šÐ19ÃĘ	1768222579843]	1ms

[2026-01-12 21―Ã56šÐ19ÃĘ	1768222579843]	TimeDungeonDatabase..
[2026-01-12 21―Ã56šÐ19ÃĘ	1768222579844]	1ms

[2026-01-12 21―Ã56šÐ19ÃĘ	1768222579845]	TeamBattleDatabase..
[2026-01-12 21―Ã56šÐ19ÃĘ	1768222579846]	1ms

[2026-01-12 21―Ã56šÐ19ÃĘ	1768222579846]	LifeLostItemDatabase..
[2026-01-12 21―Ã56šÐ19ÃĘ	1768222579848]	2ms

[2026-01-12 21―Ã56šÐ19ÃĘ	1768222579848]	GmTeleportDatabase..
[2026-01-12 21―Ã56šÐ19ÃĘ	1768222579850]	2ms

[2026-01-12 21―Ã56šÐ19ÃĘ	1768222579852]	đŦĀÎĮũļÍÄÁÆŪ·Ņ·Ŋ..
[2026-01-12 21―Ã56šÐ19ÃĘ	1768222579854]	2ms

[2026-01-12 21―Ã56šÐ19ÃĘ	1768222579855]	HackNoCheckDatabase..
[2026-01-12 21―Ã56šÐ19ÃĘ	1768222579855]	0ms

[2026-01-12 21―Ã56šÐ19ÃĘ	1768222579856]	EnchantLostItemDatabase..
[2026-01-12 21―Ã56šÐ19ÃĘ	1768222579876]	20ms

[2026-01-12 21―Ã56šÐ19ÃĘ	1768222579877]	ItemDropMessageDatabase..
[2026-01-12 21―Ã56šÐ19ÃĘ	1768222579878]	1ms

[2026-01-12 21―Ã56šÐ19ÃĘ	1768222579880]	FishingController..
[2026-01-12 21―Ã56šÐ20ÃĘ	1768222580142]	263ms

[2026-01-12 21―Ã56šÐ20ÃĘ	1768222580156]	RobotController..
[2026-01-12 21―Ã56šÐ20ÃĘ	1768222580253]	97ms

[2026-01-12 21―Ã56šÐ20ÃĘ	1768222580255]	Server..
[2026-01-12 21―Ã56šÐ20ÃĘ	1768222580315]	60ms

[2026-01-12 21―Ã56šÐ20ÃĘ	1768222580316]	ServerThread..
[2026-01-12 21―Ã56šÐ20ÃĘ	1768222580316]	0ms

[2026-01-12 21―Ã56šÐ20ÃĘ	1768222580317]	ControllerTherad..
[2026-01-12 21―Ã56šÐ20ÃĘ	1768222580317]	0ms

[2026-01-12 21―Ã56šÐ20ÃĘ	1768222580318]	CharacterThread..
[2026-01-12 21―Ã56šÐ20ÃĘ	1768222580318]	0ms

[2026-01-12 21―Ã56šÐ20ÃĘ	1768222580319]	DatabaseThread..
[2026-01-12 21―Ã56šÐ20ÃĘ	1768222580320]	1ms

[2026-01-12 21―Ã56šÐ20ÃĘ	1768222580320]	CharacterControlThread..
[2026-01-12 21―Ã56šÐ20ÃĘ	1768222580320]	0ms

[2026-01-12 21―Ã56šÐ20ÃĘ	1768222580362]	FightController..
[2026-01-12 21―Ã56šÐ20ÃĘ	1768222580377]	15ms

[2026-01-12 21―Ã56šÐ20ÃĘ	1768222580378]	TimeThread..
[2026-01-12 21―Ã56šÐ20ÃĘ	1768222580378]	0ms

[2026-01-12 21―Ã56šÐ20ÃĘ	1768222580379]	AutoHuntThread..
[2026-01-12 21―Ã56šÐ20ÃĘ	1768222580379]	0ms

[2026-01-12 21―Ã56šÐ20ÃĘ	1768222580379]	======================================================================
[2026-01-12 21―Ã56šÐ20ÃĘ	1768222580379]	Server Version  :  Lineage 2.0

[2026-01-12 21―Ã56šÐ20ÃĘ	1768222580379]	Server Port      :  2000

[2026-01-12 21―Ã56šÐ20ÃĘ	1768222580379]	°čÁĪ ĀÚĩŋŧýžš  :  on

[2026-01-12 21―Ã56šÐ20ÃĘ	1768222580379]	ĀÎÃĶÆŪ : 1.0đč  ||  ĩåķø : 3.0đč  ||  °æĮčÄĄ : 30.0đč  ||  ūÆĩĨģŠ : 12.0đč  ||  ÆÄÆž : 1.1đč

[2026-01-12 21―Ã56šÐ20ÃĘ	1768222580379]	======================================================================
[2026-01-12 21―Ã56šÐ20ÃĘ	1768222580380]	'ž­đö' °ĄĩŋĩĮūú―ĀīÏīŲ.

[2026-01-12 21―Ã59šÐ20ÃĘ	1768222760986]	ĀÚĩŋ ĀúĀåŋÏ·á 2026-01-12 21―Ã59šÐ20ÃĘ
[2026-01-12 22―Ã02šÐ21ÃĘ	1768222941623]	ĀÚĩŋ ĀúĀåŋÏ·á 2026-01-12 22―Ã02šÐ21ÃĘ
[2026-01-12 22―Ã05šÐ22ÃĘ	1768223122242]	ĀÚĩŋ ĀúĀåŋÏ·á 2026-01-12 22―Ã05šÐ22ÃĘ
[2026-01-12 22―Ã08šÐ22ÃĘ	1768223302912]	ĀÚĩŋ ĀúĀåŋÏ·á 2026-01-12 22―Ã08šÐ22ÃĘ
[2026-01-12 22―Ã11šÐ23ÃĘ	1768223483523]	ĀÚĩŋ ĀúĀåŋÏ·á 2026-01-12 22―Ã11šÐ23ÃĘ
[2026-01-12 22―Ã14šÐ24ÃĘ	1768223664143]	ĀÚĩŋ ĀúĀåŋÏ·á 2026-01-12 22―Ã14šÐ24ÃĘ
[2026-01-12 22―Ã17šÐ24ÃĘ	1768223844764]	ĀÚĩŋ ĀúĀåŋÏ·á 2026-01-12 22―Ã17šÐ24ÃĘ
[2026-01-12 22―Ã20šÐ25ÃĘ	1768224025394]	ĀÚĩŋ ĀúĀåŋÏ·á 2026-01-12 22―Ã20šÐ25ÃĘ
[2026-01-12 22―Ã23šÐ26ÃĘ	1768224206004]	ĀÚĩŋ ĀúĀåŋÏ·á 2026-01-12 22―Ã23šÐ26ÃĘ
[2026-01-12 22―Ã26šÐ26ÃĘ	1768224386637]	ĀÚĩŋ ĀúĀåŋÏ·á 2026-01-12 22―Ã26šÐ26ÃĘ
[2026-01-12 22―Ã28šÐ07ÃĘ	1768224487910]	ž­đö°Ą Áï―Ã Áū·áĩËīÏīŲ...
[2026-01-12 22―Ã28šÐ08ÃĘ	1768224488911]	Thread close..
[2026-01-12 22―Ã28šÐ09ÃĘ	1768224489911]	Save Database..
[2026-01-12 22―Ã28šÐ10ÃĘ	1768224490825]	Socket close..
[2026-01-12 22―Ã28šÐ10ÃĘ	1768224490825]	LineageServer Close...
[2026-01-12 22―Ã28šÐ10ÃĘ	1768224490825]	0ms

[2026-01-12 22―Ã28šÐ10ÃĘ	1768224490825]	ok..
