[2026-03-11 15시42분57초	1773211377709]	Mysql..
[2026-03-11 15시42분57초	1773211377710]	2ms

[2026-03-11 15시42분57초	1773211377729]	lineage.conf file loading...
[2026-03-11 15시42분57초	1773211377760]	31ms

[2026-03-11 15시42분57초	1773211377767]	Lineage_Balance..
[2026-03-11 15시42분57초	1773211377775]	8ms

[2026-03-11 15시42분57초	1773211377783]	npc_promotion..
[2026-03-11 15시42분57초	1773211377784]	1ms

[2026-03-11 15시42분57초	1773211377785]	Socket..
[2026-03-11 15시42분57초	1773211377785]	0ms

[2026-03-11 15시42분57초	1773211377785]	Common..
[2026-03-11 15시42분57초	1773211377785]	0ms

[2026-03-11 15시42분57초	1773211377786]	EventThread..
[2026-03-11 15시42분57초	1773211377786]	0ms

[2026-03-11 15시42분57초	1773211377787]	AiExecuteThread..
[2026-03-11 15시42분57초	1773211377788]	0ms

[2026-03-11 15시42분57초	1773211377789]	AiThread..
[2026-03-11 15시42분57초	1773211377789]	0ms

[2026-03-11 15시42분57초	1773211377792]	World..
[2026-03-11 15시42분57초	1773211377877]	85ms

[2026-03-11 15시42분57초	1773211377878]	BookController..
[2026-03-11 15시42분57초	1773211377879]	1ms

[2026-03-11 15시42분57초	1773211377879]	InventoryController..
[2026-03-11 15시42분57초	1773211377879]	0ms

[2026-03-11 15시42분57초	1773211377880]	BasePacketPooling..
[2026-03-11 15시42분57초	1773211377880]	0ms

[2026-03-11 15시42분57초	1773211377883]	SkillController..
[2026-03-11 15시42분57초	1773211377883]	0ms

[2026-03-11 15시42분57초	1773211377889]	DamageController..
[2026-03-11 15시42분57초	1773211377889]	0ms

[2026-03-11 15시42분57초	1773211377897]	CharacterController..
[2026-03-11 15시42분57초	1773211377897]	0ms

[2026-03-11 15시42분57초	1773211377898]	TradeController..
[2026-03-11 15시42분57초	1773211377898]	0ms

[2026-03-11 15시42분57초	1773211377899]	DungeonController..
[2026-03-11 15시42분57초	1773211377899]	0ms

[2026-03-11 15시42분57초	1773211377899]	ShipController..
[2026-03-11 15시42분57초	1773211377899]	0ms

[2026-03-11 15시42분57초	1773211377900]	BuffController..
[2026-03-11 15시42분57초	1773211377900]	0ms

[2026-03-11 15시42분57초	1773211377903]	SummonController..
[2026-03-11 15시42분57초	1773211377904]	1ms

[2026-03-11 15시42분57초	1773211377904]	PartyController..
[2026-03-11 15시42분57초	1773211377905]	1ms

[2026-03-11 15시42분57초	1773211377905]	InnController..
[2026-03-11 15시42분57초	1773211377905]	0ms

[2026-03-11 15시42분57초	1773211377906]	BoardController..
[2026-03-11 15시42분57초	1773211377907]	1ms

[2026-03-11 15시42분57초	1773211377908]	LetterController..
[2026-03-11 15시42분57초	1773211377908]	0ms

[2026-03-11 15시42분57초	1773211377909]	UserShopController..
[2026-03-11 15시42분57초	1773211377909]	0ms

[2026-03-11 15시42분57초	1773211377910]	ChattingController..
[2026-03-11 15시42분57초	1773211377912]	2ms

[2026-03-11 15시42분57초	1773211377913]	ColosseumController..
[2026-03-11 15시42분57초	1773211377913]	0ms

[2026-03-11 15시42분57초	1773211377914]	CraftController..
[2026-03-11 15시42분57초	1773211377914]	0ms

[2026-03-11 15시42분57초	1773211377915]	BossController..
[2026-03-11 15시42분57초	1773211377915]	0ms

[2026-03-11 15시42분57초	1773211377916]	NoticeController..
[2026-03-11 15시42분57초	1773211377917]	1ms

[2026-03-11 15시42분57초	1773211377918]	FriendController..
[2026-03-11 15시42분57초	1773211377918]	0ms

[2026-03-11 15시42분57초	1773211377918]	BugScanningController..
[2026-03-11 15시42분57초	1773211377918]	0ms

[2026-03-11 15시42분57초	1773211377919]	MagicDollController..
[2026-03-11 15시42분57초	1773211377919]	0ms

[2026-03-11 15시42분57초	1773211377920]	ShopController..
[2026-03-11 15시42분57초	1773211377920]	0ms

[2026-03-11 15시42분57초	1773211377921]	WarehouseDatabase..
[2026-03-11 15시42분57초	1773211377921]	0ms

[2026-03-11 15시42분57초	1773211377922]	PakTools..
[2026-03-11 15시42분57초	1773211377923]	1ms

[2026-03-11 15시42분57초	1773211377931]	ScriptController...
[2026-03-11 15시42분57초	1773211377934]	3ms

[2026-03-11 15시42분57초	1773211377935]	GiranClanLordController..
[2026-03-11 15시42분57초	1773211377935]	0ms

[2026-03-11 15시42분57초	1773211377936]	TeamBattleController..
[2026-03-11 15시42분57초	1773211377936]	0ms

[2026-03-11 15시42분57초	1773211377937]	WorldClearController..
[2026-03-11 15시42분57초	1773211377937]	0ms

[2026-03-11 15시42분57초	1773211377938]	SpotController..
[2026-03-11 15시42분57초	1773211377938]	0ms

[2026-03-11 15시42분57초	1773211377939]	테베라스 컨트롤러..
[2026-03-11 15시42분57초	1773211377939]	0ms

[2026-03-11 15시42분57초	1773211377939]	지옥 컨트롤러..
[2026-03-11 15시42분57초	1773211377939]	0ms

[2026-03-11 15시42분57초	1773211377940]	지하수로 컨트롤러..
[2026-03-11 15시42분57초	1773211377940]	0ms

[2026-03-11 15시42분57초	1773211377941]	보물찾기컨트롤러..
[2026-03-11 15시42분57초	1773211377941]	0ms

[2026-03-11 15시42분57초	1773211377941]	마족신전 컨트롤러..
[2026-03-11 15시42분57초	1773211377941]	0ms

[2026-03-11 15시42분57초	1773211377942]	고무 컨트롤러..
[2026-03-11 15시42분57초	1773211377943]	정무던전 컨트롤러..
[2026-03-11 15시42분57초	1773211377947]	4ms

[2026-03-11 15시42분57초	1773211377948]	그신 컨트롤러..
[2026-03-11 15시42분57초	1773211377948]	0ms

[2026-03-11 15시42분57초	1773211377949]	라바던전 컨트롤러..
[2026-03-11 15시42분57초	1773211377949]	0ms

[2026-03-11 15시42분57초	1773211377949]	월드보스컨트롤러..
[2026-03-11 15시42분57초	1773211377950]	1ms

[2026-03-11 15시42분57초	1773211377950]	펭귄 사냥터 컨트롤러..
[2026-03-11 15시42분57초	1773211377950]	0ms

[2026-03-11 15시42분57초	1773211377951]	칠흑던전 컨트롤러..
[2026-03-11 15시42분57초	1773211377952]	칠흑던전3층 컨트롤러..
[2026-03-11 15시42분57초	1773211377952]	0ms

[2026-03-11 15시42분57초	1773211377952]	칠흑던전4층 컨트롤러..
[2026-03-11 15시42분57초	1773211377953]	1ms

[2026-03-11 15시42분57초	1773211377953]	악마왕의영토컨트롤러..
[2026-03-11 15시42분57초	1773211377953]	0ms

[2026-03-11 15시42분57초	1773211377954]	얼던컨트롤러..
[2026-03-11 15시42분57초	1773211377954]	0ms

[2026-03-11 15시42분57초	1773211377955]	오만1층 컨트롤러..
[2026-03-11 15시42분57초	1773211377955]	0ms

[2026-03-11 15시42분57초	1773211377956]	오만1층 컨트롤러..
[2026-03-11 15시42분57초	1773211377956]	0ms

[2026-03-11 15시42분57초	1773211377956]	오만3층 컨트롤러..
[2026-03-11 15시42분57초	1773211377956]	0ms

[2026-03-11 15시42분57초	1773211377957]	오만4층 컨트롤러..
[2026-03-11 15시42분57초	1773211377957]	0ms

[2026-03-11 15시42분57초	1773211377958]	오만5층 컨트롤러..
[2026-03-11 15시42분57초	1773211377958]	0ms

[2026-03-11 15시42분57초	1773211377958]	오만6층 컨트롤러..
[2026-03-11 15시42분57초	1773211377958]	0ms

[2026-03-11 15시42분57초	1773211377959]	오만7층 컨트롤러..
[2026-03-11 15시42분57초	1773211377959]	0ms

[2026-03-11 15시42분57초	1773211377960]	오만8층 컨트롤러..
[2026-03-11 15시42분57초	1773211377960]	0ms

[2026-03-11 15시42분57초	1773211377961]	오만9층 컨트롤러..
[2026-03-11 15시42분57초	1773211377961]	0ms

[2026-03-11 15시42분57초	1773211377961]	오만10층 컨트롤러..
[2026-03-11 15시42분57초	1773211377962]	1ms

[2026-03-11 15시42분57초	1773211377962]	오만정상 컨트롤러..
[2026-03-11 15시42분57초	1773211377962]	0ms

[2026-03-11 15시42분57초	1773211377963]	기감 컨트롤러..
[2026-03-11 15시42분57초	1773211377963]	0ms

[2026-03-11 15시42분57초	1773211377964]	고라스컨트롤러..
[2026-03-11 15시42분57초	1773211377964]	0ms

[2026-03-11 15시42분57초	1773211377965]	드워프컨트롤러..
[2026-03-11 15시42분57초	1773211377965]	0ms

[2026-03-11 15시42분57초	1773211377965]	타임이벤트컨트롤러..
[2026-03-11 15시42분57초	1773211377966]	0ms

[2026-03-11 15시42분57초	1773211377966]	AutoHuntController..
[2026-03-11 15시42분57초	1773211377966]	0ms

[2026-03-11 15시42분57초	1773211377980]	DatabaseConnection..
[2026-03-11 15시42분58초	1773211378259]	279ms

[2026-03-11 15시42분58초	1773211378282]	ServerDatabase..
[2026-03-11 15시42분58초	1773211378325]	43ms

[2026-03-11 15시42분58초	1773211378329]	SlimeRaceController..
[2026-03-11 15시42분58초	1773211378331]	2ms

[2026-03-11 15시42분58초	1773211378333]	DogRaceController..
[2026-03-11 15시42분58초	1773211378334]	1ms

[2026-03-11 15시42분58초	1773211378337]	ClanController..
[2026-03-11 15시42분58초	1773211378341]	4ms

[2026-03-11 15시42분58초	1773211378344]	KingdomController..
[2026-03-11 15시42분58초	1773211378350]	6ms

[2026-03-11 15시42분58초	1773211378351]	AgitController..
[2026-03-11 15시42분58초	1773211378355]	4ms

[2026-03-11 15시42분58초	1773211378357]	AuctionController..
[2026-03-11 15시42분58초	1773211378361]	4ms

[2026-03-11 15시42분58초	1773211378366]	ItemDatabase..
[2026-03-11 15시42분58초	1773211378479]	113ms

[2026-03-11 15시42분58초	1773211378480]	ItemSetopionDatabase..
[2026-03-11 15시42분58초	1773211378484]	4ms

[2026-03-11 15시42분58초	1773211378485]	AutosellDatabase..
[2026-03-11 15시42분58초	1773211378505]	20ms

[2026-03-11 15시42분58초	1773211378506]	ItemSkillDatabase..
[2026-03-11 15시42분58초	1773211378509]	3ms

[2026-03-11 15시42분58초	1773211378510]	ItemBundleDatabase..
[2026-03-11 15시42분58초	1773211378515]	5ms

[2026-03-11 15시42분58초	1773211378515]	ItemChanceBundleDatabase..
[2026-03-11 15시42분58초	1773211378519]	4ms

[2026-03-11 15시42분58초	1773211378522]	FishItemListDatabase..
[2026-03-11 15시42분58초	1773211378523]	1ms

[2026-03-11 15시42분58초	1773211378525]	ItemTeleport..
[2026-03-11 15시42분58초	1773211378528]	3ms

[2026-03-11 15시42분58초	1773211378529]	PolyDatabase..
[2026-03-11 15시42분58초	1773211378534]	5ms

[2026-03-11 15시42분58초	1773211378534]	DungeonDatabase..
[2026-03-11 15시42분58초	1773211378540]	6ms

[2026-03-11 15시42분58초	1773211378540]	DefiniteDatabase..
[2026-03-11 15시42분58초	1773211378543]	3ms

[2026-03-11 15시42분58초	1773211378544]	ExpDatabase..
[2026-03-11 15시42분58초	1773211378547]	3ms

[2026-03-11 15시42분58초	1773211378547]	BackgroundDatabase..
[2026-03-11 15시42분58초	1773211378702]	155ms

[2026-03-11 15시42분58초	1773211378702]	SpriteFrameDatabase..
[2026-03-11 15시42분58초	1773211378775]	73ms

[2026-03-11 15시42분58초	1773211378776]	SkillDatabase..
[2026-03-11 15시42분58초	1773211378780]	4ms

[2026-03-11 15시42분58초	1773211378781]	NpcDatabase..
[2026-03-11 15시42분58초	1773211378791]	10ms

[2026-03-11 15시42분58초	1773211378792]	NpcShopDatabase..
[2026-03-11 15시42분58초	1773211378865]	73ms

[2026-03-11 15시42분58초	1773211378866]	NpcTeleportDatabase..
[2026-03-11 15시42분58초	1773211378868]	2ms

[2026-03-11 15시42분59초	1773211379006]	NpcSpawnlistDatabase..
[2026-03-11 15시42분59초	1773211379065]	59ms

[2026-03-11 15시42분59초	1773211379067]	EventController..
[2026-03-11 15시42분59초	1773211379067]	0ms

[2026-03-11 15시42분59초	1773211379068]	MonsterDatabase..
[2026-03-11 15시42분59초	1773211379085]	17ms

[2026-03-11 15시42분59초	1773211379086]	MonsterDropDatabase..
[2026-03-11 15시42분59초	1773211379115]	29ms

[2026-03-11 15시42분59초	1773211379116]	MonsterSkillDatabase..
[2026-03-11 15시42분59초	1773211379131]	15ms

[2026-03-11 15시42분59초	1773211379133]	MonsterSpawnlistDatabase..
[2026-03-11 15시43분00초	1773211380550]	1417ms

[2026-03-11 15시43분00초	1773211380551]	MonsterBossSpawnlistDatabase..
[2026-03-11 15시43분00초	1773211380553]	2ms

[2026-03-11 15시43분00초	1773211380554]	ServerDownBossListDatabase..
[2026-03-11 15시43분00초	1773211380555]	1ms

[2026-03-11 15시43분00초	1773211380556]	BadIpDatabase..
[2026-03-11 15시43분00초	1773211380557]	1ms

[2026-03-11 15시43분00초	1773211380557]	QuestController..
[2026-03-11 15시43분00초	1773211380557]	0ms

[2026-03-11 15시43분00초	1773211380558]	ServerOpcodesDatabase..
[2026-03-11 15시43분00초	1773211380562]	4ms

[2026-03-11 15시43분00초	1773211380562]	ServerNoticeDatabase..
[2026-03-11 15시43분00초	1773211380565]	3ms

[2026-03-11 15시43분00초	1773211380566]	RankController..
[2026-03-11 15시43분00초	1773211380573]	7ms

[2026-03-11 15시43분00초	1773211380575]	WantedController..
[2026-03-11 15시43분00초	1773211380576]	1ms

[2026-03-11 15시43분00초	1773211380577]	TeleportHomeDatabase..
[2026-03-11 15시43분00초	1773211380608]	31ms

[2026-03-11 15시43분00초	1773211380609]	TeleportResetDatabase..
[2026-03-11 15시43분00초	1773211380640]	31ms

[2026-03-11 15시43분00초	1773211380640]	ItemPinewandDatabase..
[2026-03-11 15시43분00초	1773211380643]	3ms

[2026-03-11 15시43분00초	1773211380643]	ItemMaplewandDatabase..
[2026-03-11 15시43분00초	1773211380645]	2ms

[2026-03-11 15시43분00초	1773211380646]	SummonListDatabase..
[2026-03-11 15시43분00초	1773211380649]	3ms

[2026-03-11 15시43분00초	1773211380649]	GmListDatabase..
[2026-03-11 15시43분00초	1773211380651]	1ms

[2026-03-11 15시43분00초	1773211380652]	MagicdollListDatabase..
[2026-03-11 15시43분00초	1773211380654]	2ms

[2026-03-11 15시43분00초	1773211380657]	PcMarketController..
[2026-03-11 15시43분00초	1773211380659]	2ms

[2026-03-11 15시43분00초	1773211380659]	ServerOptionDatabase..
[2026-03-11 15시43분00초	1773211380660]	1ms

[2026-03-11 15시43분00초	1773211380661]	TimeDungeonDatabase..
[2026-03-11 15시43분00초	1773211380662]	1ms

[2026-03-11 15시43분00초	1773211380662]	TeamBattleDatabase..
[2026-03-11 15시43분00초	1773211380664]	2ms

[2026-03-11 15시43분00초	1773211380664]	LifeLostItemDatabase..
[2026-03-11 15시43분00초	1773211380666]	2ms

[2026-03-11 15시43분00초	1773211380667]	GmTeleportDatabase..
[2026-03-11 15시43분00초	1773211380668]	1ms

[2026-03-11 15시43분00초	1773211380671]	무인혈맹컨트롤러..
[2026-03-11 15시43분00초	1773211380672]	2ms

[2026-03-11 15시43분00초	1773211380673]	HackNoCheckDatabase..
[2026-03-11 15시43분00초	1773211380673]	0ms

[2026-03-11 15시43분00초	1773211380674]	EnchantLostItemDatabase..
[2026-03-11 15시43분00초	1773211380675]	1ms

[2026-03-11 15시43분00초	1773211380676]	ItemDropMessageDatabase..
[2026-03-11 15시43분00초	1773211380678]	2ms

[2026-03-11 15시43분00초	1773211380680]	FishingController..
[2026-03-11 15시43분00초	1773211380692]	12ms

[2026-03-11 15시43분00초	1773211380705]	RobotController..
[2026-03-11 15시43분00초	1773211380730]	25ms

[2026-03-11 15시43분00초	1773211380732]	Server..
[2026-03-11 15시43분00초	1773211380816]	84ms

[2026-03-11 15시43분00초	1773211380817]	ServerThread..
[2026-03-11 15시43분00초	1773211380817]	0ms

[2026-03-11 15시43분00초	1773211380818]	ControllerTherad..
[2026-03-11 15시43분00초	1773211380818]	0ms

[2026-03-11 15시43분00초	1773211380819]	CharacterThread..
[2026-03-11 15시43분00초	1773211380819]	0ms

[2026-03-11 15시43분00초	1773211380820]	DatabaseThread..
[2026-03-11 15시43분00초	1773211380821]	1ms

[2026-03-11 15시43분00초	1773211380821]	CharacterControlThread..
[2026-03-11 15시43분00초	1773211380822]	1ms

[2026-03-11 15시43분00초	1773211380827]	FightController..
[2026-03-11 15시43분00초	1773211380885]	58ms

[2026-03-11 15시43분00초	1773211380886]	TimeThread..
[2026-03-11 15시43분00초	1773211380886]	0ms

[2026-03-11 15시43분00초	1773211380887]	AutoHuntThread..
[2026-03-11 15시43분00초	1773211380887]	0ms

[2026-03-11 15시43분00초	1773211380887]	======================================================================
[2026-03-11 15시43분00초	1773211380888]	Server Version  :  Lineage 2.0

[2026-03-11 15시43분00초	1773211380888]	Server Port      :  2000

[2026-03-11 15시43분00초	1773211380888]	계정 자동생성  :  on

[2026-03-11 15시43분00초	1773211380888]	인챈트 : 1.0배  ||  드랍 : 7.0배  ||  경험치 : 50.0배  ||  아데나 : 40.0배  ||  파티 : 1.1배

[2026-03-11 15시43분00초	1773211380888]	======================================================================
[2026-03-11 15시43분00초	1773211380888]	'서버' 가동되었습니다.

[2026-03-11 15시43분23초	1773211403549]	kubera_word_list.txt 파일 리로드 완료 - 
[2026-03-11 15시43분23초	1773211403549]	1ms

[2026-03-11 15시43분23초	1773211403549]	욕설 필터(fword_list.txt) 리로드가 완료되었습니다.
[2026-03-11 15시43분30초	1773211410594]	서버가 즉시 종료됩니다...
[2026-03-11 15시43분31초	1773211411595]	Thread close..
[2026-03-11 15시43분32초	1773211412596]	Save Database..
[2026-03-11 15시43분33초	1773211413147]	Socket close..
[2026-03-11 15시43분33초	1773211413147]	LineageServer Close...
[2026-03-11 15시43분33초	1773211413147]	0ms

[2026-03-11 15시43분33초	1773211413147]	ok..
