[2026-02-19 21시05분12초	1771502712391]	Mysql..
[2026-02-19 21시05분12초	1771502712391]	1ms

[2026-02-19 21시05분12초	1771502712411]	lineage.conf file loading...
[2026-02-19 21시05분12초	1771502712441]	30ms

[2026-02-19 21시05분12초	1771502712448]	Lineage_Balance..
[2026-02-19 21시05분12초	1771502712456]	7ms

[2026-02-19 21시05분12초	1771502712457]	npc_promotion..
[2026-02-19 21시05분12초	1771502712457]	0ms

[2026-02-19 21시05분12초	1771502712458]	Socket..
[2026-02-19 21시05분12초	1771502712458]	0ms

[2026-02-19 21시05분12초	1771502712458]	Common..
[2026-02-19 21시05분12초	1771502712458]	0ms

[2026-02-19 21시05분12초	1771502712459]	EventThread..
[2026-02-19 21시05분12초	1771502712459]	0ms

[2026-02-19 21시05분12초	1771502712460]	AiExecuteThread..
[2026-02-19 21시05분12초	1771502712460]	0ms

[2026-02-19 21시05분12초	1771502712461]	AiThread..
[2026-02-19 21시05분12초	1771502712461]	0ms

[2026-02-19 21시05분12초	1771502712464]	World..
[2026-02-19 21시05분12초	1771502712541]	77ms

[2026-02-19 21시05분12초	1771502712542]	BookController..
[2026-02-19 21시05분12초	1771502712543]	1ms

[2026-02-19 21시05분12초	1771502712543]	InventoryController..
[2026-02-19 21시05분12초	1771502712543]	0ms

[2026-02-19 21시05분12초	1771502712544]	BasePacketPooling..
[2026-02-19 21시05분12초	1771502712544]	0ms

[2026-02-19 21시05분12초	1771502712546]	SkillController..
[2026-02-19 21시05분12초	1771502712546]	0ms

[2026-02-19 21시05분12초	1771502712551]	DamageController..
[2026-02-19 21시05분12초	1771502712554]	3ms

[2026-02-19 21시05분12초	1771502712556]	CharacterController..
[2026-02-19 21시05분12초	1771502712556]	0ms

[2026-02-19 21시05분12초	1771502712557]	TradeController..
[2026-02-19 21시05분12초	1771502712557]	0ms

[2026-02-19 21시05분12초	1771502712557]	DungeonController..
[2026-02-19 21시05분12초	1771502712558]	0ms

[2026-02-19 21시05분12초	1771502712558]	ShipController..
[2026-02-19 21시05분12초	1771502712558]	0ms

[2026-02-19 21시05분12초	1771502712559]	BuffController..
[2026-02-19 21시05분12초	1771502712559]	0ms

[2026-02-19 21시05분12초	1771502712568]	SummonController..
[2026-02-19 21시05분12초	1771502712568]	0ms

[2026-02-19 21시05분12초	1771502712569]	PartyController..
[2026-02-19 21시05분12초	1771502712569]	0ms

[2026-02-19 21시05분12초	1771502712570]	InnController..
[2026-02-19 21시05분12초	1771502712570]	0ms

[2026-02-19 21시05분12초	1771502712571]	BoardController..
[2026-02-19 21시05분12초	1771502712571]	0ms

[2026-02-19 21시05분12초	1771502712573]	LetterController..
[2026-02-19 21시05분12초	1771502712573]	1ms

[2026-02-19 21시05분12초	1771502712573]	UserShopController..
[2026-02-19 21시05분12초	1771502712573]	0ms

[2026-02-19 21시05분12초	1771502712574]	ChattingController..
[2026-02-19 21시05분12초	1771502712575]	1ms

[2026-02-19 21시05분12초	1771502712577]	ColosseumController..
[2026-02-19 21시05분12초	1771502712577]	0ms

[2026-02-19 21시05분12초	1771502712578]	CraftController..
[2026-02-19 21시05분12초	1771502712578]	0ms

[2026-02-19 21시05분12초	1771502712579]	BossController..
[2026-02-19 21시05분12초	1771502712579]	0ms

[2026-02-19 21시05분12초	1771502712580]	NoticeController..
[2026-02-19 21시05분12초	1771502712580]	0ms

[2026-02-19 21시05분12초	1771502712581]	FriendController..
[2026-02-19 21시05분12초	1771502712581]	0ms

[2026-02-19 21시05분12초	1771502712581]	BugScanningController..
[2026-02-19 21시05분12초	1771502712581]	0ms

[2026-02-19 21시05분12초	1771502712582]	MagicDollController..
[2026-02-19 21시05분12초	1771502712582]	0ms

[2026-02-19 21시05분12초	1771502712583]	ShopController..
[2026-02-19 21시05분12초	1771502712583]	0ms

[2026-02-19 21시05분12초	1771502712584]	WarehouseDatabase..
[2026-02-19 21시05분12초	1771502712584]	0ms

[2026-02-19 21시05분12초	1771502712585]	PakTools..
[2026-02-19 21시05분12초	1771502712586]	1ms

[2026-02-19 21시05분12초	1771502712586]	ScriptController...
[2026-02-19 21시05분12초	1771502712589]	3ms

[2026-02-19 21시05분12초	1771502712589]	GiranClanLordController..
[2026-02-19 21시05분12초	1771502712589]	0ms

[2026-02-19 21시05분12초	1771502712591]	TeamBattleController..
[2026-02-19 21시05분12초	1771502712591]	0ms

[2026-02-19 21시05분12초	1771502712591]	WorldClearController..
[2026-02-19 21시05분12초	1771502712591]	0ms

[2026-02-19 21시05분12초	1771502712592]	SpotController..
[2026-02-19 21시05분12초	1771502712592]	0ms

[2026-02-19 21시05분12초	1771502712593]	테베라스 컨트롤러..
[2026-02-19 21시05분12초	1771502712593]	0ms

[2026-02-19 21시05분12초	1771502712593]	지옥 컨트롤러..
[2026-02-19 21시05분12초	1771502712593]	0ms

[2026-02-19 21시05분12초	1771502712601]	지하수로 컨트롤러..
[2026-02-19 21시05분12초	1771502712601]	0ms

[2026-02-19 21시05분12초	1771502712602]	보물찾기컨트롤러..
[2026-02-19 21시05분12초	1771502712602]	0ms

[2026-02-19 21시05분12초	1771502712602]	마족신전 컨트롤러..
[2026-02-19 21시05분12초	1771502712602]	0ms

[2026-02-19 21시05분12초	1771502712603]	고무 컨트롤러..
[2026-02-19 21시05분12초	1771502712604]	정무던전 컨트롤러..
[2026-02-19 21시05분12초	1771502712607]	3ms

[2026-02-19 21시05분12초	1771502712608]	그신 컨트롤러..
[2026-02-19 21시05분12초	1771502712608]	0ms

[2026-02-19 21시05분12초	1771502712608]	라바던전 컨트롤러..
[2026-02-19 21시05분12초	1771502712609]	1ms

[2026-02-19 21시05분12초	1771502712609]	월드보스컨트롤러..
[2026-02-19 21시05분12초	1771502712609]	0ms

[2026-02-19 21시05분12초	1771502712610]	펭귄 사냥터 컨트롤러..
[2026-02-19 21시05분12초	1771502712610]	0ms

[2026-02-19 21시05분12초	1771502712610]	칠흑던전 컨트롤러..
[2026-02-19 21시05분12초	1771502712611]	악마왕의영토컨트롤러..
[2026-02-19 21시05분12초	1771502712611]	0ms

[2026-02-19 21시05분12초	1771502712611]	얼던컨트롤러..
[2026-02-19 21시05분12초	1771502712612]	1ms

[2026-02-19 21시05분12초	1771502712612]	오만1층 컨트롤러..
[2026-02-19 21시05분12초	1771502712612]	0ms

[2026-02-19 21시05분12초	1771502712613]	오만1층 컨트롤러..
[2026-02-19 21시05분12초	1771502712613]	0ms

[2026-02-19 21시05분12초	1771502712613]	오만3층 컨트롤러..
[2026-02-19 21시05분12초	1771502712613]	0ms

[2026-02-19 21시05분12초	1771502712614]	오만4층 컨트롤러..
[2026-02-19 21시05분12초	1771502712614]	0ms

[2026-02-19 21시05분12초	1771502712615]	오만5층 컨트롤러..
[2026-02-19 21시05분12초	1771502712615]	0ms

[2026-02-19 21시05분12초	1771502712615]	오만6층 컨트롤러..
[2026-02-19 21시05분12초	1771502712615]	0ms

[2026-02-19 21시05분12초	1771502712616]	오만7층 컨트롤러..
[2026-02-19 21시05분12초	1771502712616]	0ms

[2026-02-19 21시05분12초	1771502712616]	오만8층 컨트롤러..
[2026-02-19 21시05분12초	1771502712616]	0ms

[2026-02-19 21시05분12초	1771502712617]	오만9층 컨트롤러..
[2026-02-19 21시05분12초	1771502712617]	0ms

[2026-02-19 21시05분12초	1771502712618]	오만10층 컨트롤러..
[2026-02-19 21시05분12초	1771502712618]	0ms

[2026-02-19 21시05분12초	1771502712618]	오만정상 컨트롤러..
[2026-02-19 21시05분12초	1771502712618]	0ms

[2026-02-19 21시05분12초	1771502712619]	기감 컨트롤러..
[2026-02-19 21시05분12초	1771502712619]	0ms

[2026-02-19 21시05분12초	1771502712620]	고라스컨트롤러..
[2026-02-19 21시05분12초	1771502712620]	0ms

[2026-02-19 21시05분12초	1771502712620]	드워프컨트롤러..
[2026-02-19 21시05분12초	1771502712620]	0ms

[2026-02-19 21시05분12초	1771502712621]	타임이벤트컨트롤러..
[2026-02-19 21시05분12초	1771502712621]	0ms

[2026-02-19 21시05분12초	1771502712621]	AutoHuntController..
[2026-02-19 21시05분12초	1771502712622]	1ms

[2026-02-19 21시05분12초	1771502712635]	DatabaseConnection..
[2026-02-19 21시05분12초	1771502712932]	297ms

[2026-02-19 21시05분12초	1771502712955]	ServerDatabase..
[2026-02-19 21시05분13초	1771502713001]	46ms

[2026-02-19 21시05분13초	1771502713005]	SlimeRaceController..
[2026-02-19 21시05분13초	1771502713009]	4ms

[2026-02-19 21시05분13초	1771502713011]	DogRaceController..
[2026-02-19 21시05분13초	1771502713012]	1ms

[2026-02-19 21시05분13초	1771502713015]	ClanController..
[2026-02-19 21시05분13초	1771502713024]	9ms

[2026-02-19 21시05분13초	1771502713026]	KingdomController..
[2026-02-19 21시05분13초	1771502713038]	12ms

[2026-02-19 21시05분13초	1771502713039]	AgitController..
[2026-02-19 21시05분13초	1771502713056]	17ms

[2026-02-19 21시05분13초	1771502713057]	AuctionController..
[2026-02-19 21시05분13초	1771502713084]	27ms

[2026-02-19 21시05분13초	1771502713092]	ItemDatabase..
[2026-02-19 21시05분13초	1771502713190]	98ms

[2026-02-19 21시05분13초	1771502713192]	ItemSetopionDatabase..
[2026-02-19 21시05분13초	1771502713196]	3ms

[2026-02-19 21시05분13초	1771502713197]	AutosellDatabase..
[2026-02-19 21시05분13초	1771502713222]	25ms

[2026-02-19 21시05분13초	1771502713223]	ItemSkillDatabase..
[2026-02-19 21시05분13초	1771502713226]	3ms

[2026-02-19 21시05분13초	1771502713227]	ItemBundleDatabase..
[2026-02-19 21시05분13초	1771502713232]	5ms

[2026-02-19 21시05분13초	1771502713233]	ItemChanceBundleDatabase..
[2026-02-19 21시05분13초	1771502713245]	12ms

[2026-02-19 21시05분13초	1771502713245]	FishItemListDatabase..
[2026-02-19 21시05분13초	1771502713247]	2ms

[2026-02-19 21시05분13초	1771502713248]	ItemTeleport..
[2026-02-19 21시05분13초	1771502713252]	4ms

[2026-02-19 21시05분13초	1771502713253]	PolyDatabase..
[2026-02-19 21시05분13초	1771502713257]	4ms

[2026-02-19 21시05분13초	1771502713258]	DungeonDatabase..
[2026-02-19 21시05분13초	1771502713264]	6ms

[2026-02-19 21시05분13초	1771502713265]	DefiniteDatabase..
[2026-02-19 21시05분13초	1771502713268]	3ms

[2026-02-19 21시05분13초	1771502713269]	ExpDatabase..
[2026-02-19 21시05분13초	1771502713272]	3ms

[2026-02-19 21시05분13초	1771502713272]	BackgroundDatabase..
[2026-02-19 21시05분13초	1771502713403]	131ms

[2026-02-19 21시05분13초	1771502713403]	SpriteFrameDatabase..
[2026-02-19 21시05분13초	1771502713480]	77ms

[2026-02-19 21시05분13초	1771502713481]	SkillDatabase..
[2026-02-19 21시05분13초	1771502713486]	5ms

[2026-02-19 21시05분13초	1771502713487]	NpcDatabase..
[2026-02-19 21시05분13초	1771502713496]	9ms

[2026-02-19 21시05분13초	1771502713497]	NpcShopDatabase..
[2026-02-19 21시05분13초	1771502713566]	69ms

[2026-02-19 21시05분13초	1771502713567]	NpcTeleportDatabase..
[2026-02-19 21시05분13초	1771502713571]	4ms

[2026-02-19 21시05분13초	1771502713726]	NpcSpawnlistDatabase..
[2026-02-19 21시05분13초	1771502713793]	67ms

[2026-02-19 21시05분13초	1771502713795]	EventController..
[2026-02-19 21시05분13초	1771502713795]	0ms

[2026-02-19 21시05분13초	1771502713797]	MonsterDatabase..
[2026-02-19 21시05분13초	1771502713815]	18ms

[2026-02-19 21시05분13초	1771502713816]	MonsterDropDatabase..
[2026-02-19 21시05분13초	1771502713844]	28ms

[2026-02-19 21시05분13초	1771502713845]	MonsterSkillDatabase..
[2026-02-19 21시05분13초	1771502713857]	12ms

[2026-02-19 21시05분13초	1771502713859]	MonsterSpawnlistDatabase..
[2026-02-19 21시05분15초	1771502715113]	1254ms

[2026-02-19 21시05분15초	1771502715115]	MonsterBossSpawnlistDatabase..
[2026-02-19 21시05분15초	1771502715122]	7ms

[2026-02-19 21시05분15초	1771502715123]	ServerDownBossListDatabase..
[2026-02-19 21시05분15초	1771502715125]	2ms

[2026-02-19 21시05분15초	1771502715126]	BadIpDatabase..
[2026-02-19 21시05분15초	1771502715132]	6ms

[2026-02-19 21시05분15초	1771502715132]	QuestController..
[2026-02-19 21시05분15초	1771502715137]	4ms

[2026-02-19 21시05분15초	1771502715137]	ServerOpcodesDatabase..
[2026-02-19 21시05분15초	1771502715144]	7ms

[2026-02-19 21시05분15초	1771502715145]	ServerNoticeDatabase..
[2026-02-19 21시05분15초	1771502715148]	3ms

[2026-02-19 21시05분15초	1771502715150]	RankController..
[2026-02-19 21시05분15초	1771502715183]	33ms

[2026-02-19 21시05분15초	1771502715185]	WantedController..
[2026-02-19 21시05분15초	1771502715191]	6ms

[2026-02-19 21시05분15초	1771502715192]	TeleportHomeDatabase..
[2026-02-19 21시05분15초	1771502715234]	42ms

[2026-02-19 21시05분15초	1771502715235]	TeleportResetDatabase..
[2026-02-19 21시05분15초	1771502715284]	49ms

[2026-02-19 21시05분15초	1771502715285]	ItemPinewandDatabase..
[2026-02-19 21시05분15초	1771502715289]	4ms

[2026-02-19 21시05분15초	1771502715290]	ItemMaplewandDatabase..
[2026-02-19 21시05분15초	1771502715293]	3ms

[2026-02-19 21시05분15초	1771502715294]	SummonListDatabase..
[2026-02-19 21시05분15초	1771502715299]	5ms

[2026-02-19 21시05분15초	1771502715299]	GmListDatabase..
[2026-02-19 21시05분15초	1771502715302]	3ms

[2026-02-19 21시05분15초	1771502715304]	MagicdollListDatabase..
[2026-02-19 21시05분15초	1771502715308]	4ms

[2026-02-19 21시05분15초	1771502715314]	PcMarketController..
[2026-02-19 21시05분15초	1771502715316]	2ms

[2026-02-19 21시05분15초	1771502715317]	ServerOptionDatabase..
[2026-02-19 21시05분15초	1771502715319]	2ms

[2026-02-19 21시05분15초	1771502715322]	TimeDungeonDatabase..
[2026-02-19 21시05분15초	1771502715323]	1ms

[2026-02-19 21시05분15초	1771502715324]	TeamBattleDatabase..
[2026-02-19 21시05분15초	1771502715326]	2ms

[2026-02-19 21시05분15초	1771502715327]	LifeLostItemDatabase..
[2026-02-19 21시05분15초	1771502715329]	2ms

[2026-02-19 21시05분15초	1771502715330]	GmTeleportDatabase..
[2026-02-19 21시05분15초	1771502715332]	2ms

[2026-02-19 21시05분15초	1771502715335]	무인혈맹컨트롤러..
[2026-02-19 21시05분15초	1771502715337]	2ms

[2026-02-19 21시05분15초	1771502715338]	HackNoCheckDatabase..
[2026-02-19 21시05분15초	1771502715339]	1ms

[2026-02-19 21시05분15초	1771502715340]	EnchantLostItemDatabase..
[2026-02-19 21시05분15초	1771502715371]	31ms

[2026-02-19 21시05분15초	1771502715375]	ItemDropMessageDatabase..
[2026-02-19 21시05분15초	1771502715376]	1ms

[2026-02-19 21시05분15초	1771502715378]	FishingController..
[2026-02-19 21시05분15초	1771502715730]	352ms

[2026-02-19 21시05분15초	1771502715745]	RobotController..
[2026-02-19 21시05분15초	1771502715771]	26ms

[2026-02-19 21시05분15초	1771502715774]	Server..
[2026-02-19 21시05분15초	1771502715852]	78ms

[2026-02-19 21시05분15초	1771502715854]	ServerThread..
[2026-02-19 21시05분15초	1771502715854]	0ms

[2026-02-19 21시05분15초	1771502715855]	ControllerTherad..
[2026-02-19 21시05분15초	1771502715855]	0ms

[2026-02-19 21시05분15초	1771502715856]	CharacterThread..
[2026-02-19 21시05분15초	1771502715856]	0ms

[2026-02-19 21시05분15초	1771502715858]	DatabaseThread..
[2026-02-19 21시05분15초	1771502715858]	0ms

[2026-02-19 21시05분15초	1771502715859]	CharacterControlThread..
[2026-02-19 21시05분15초	1771502715859]	0ms

[2026-02-19 21시05분15초	1771502715867]	FightController..
[2026-02-19 21시05분15초	1771502715934]	67ms

[2026-02-19 21시05분15초	1771502715935]	TimeThread..
[2026-02-19 21시05분15초	1771502715936]	1ms

[2026-02-19 21시05분15초	1771502715937]	AutoHuntThread..
[2026-02-19 21시05분15초	1771502715937]	0ms

[2026-02-19 21시05분15초	1771502715937]	======================================================================
[2026-02-19 21시05분15초	1771502715938]	Server Version  :  Lineage 2.0

[2026-02-19 21시05분15초	1771502715938]	Server Port      :  2000

[2026-02-19 21시05분15초	1771502715938]	계정 자동생성  :  on

[2026-02-19 21시05분15초	1771502715938]	인챈트 : 1.0배  ||  드랍 : 3.0배  ||  경험치 : 30.0배  ||  아데나 : 12.0배  ||  파티 : 1.1배

[2026-02-19 21시05분15초	1771502715938]	======================================================================
[2026-02-19 21시05분15초	1771502715938]	'서버' 가동되었습니다.

[2026-02-19 21시08분16초	1771502896568]	자동 저장완료 2026-02-19 21시08분16초
[2026-02-19 21시11분17초	1771503077250]	자동 저장완료 2026-02-19 21시11분17초
[2026-02-19 21시14분17초	1771503257943]	자동 저장완료 2026-02-19 21시14분17초
[2026-02-19 21시17분18초	1771503438613]	자동 저장완료 2026-02-19 21시17분18초
[2026-02-19 21시20분19초	1771503619246]	자동 저장완료 2026-02-19 21시20분19초
[2026-02-19 21시23분19초	1771503799863]	자동 저장완료 2026-02-19 21시23분19초
[2026-02-19 21시26분20초	1771503980476]	자동 저장완료 2026-02-19 21시26분20초
[2026-02-19 21시29분21초	1771504161113]	자동 저장완료 2026-02-19 21시29분21초
[2026-02-19 21시32분21초	1771504341821]	자동 저장완료 2026-02-19 21시32분21초
[2026-02-19 21시35분22초	1771504522481]	자동 저장완료 2026-02-19 21시35분22초
[2026-02-19 21시38분23초	1771504703167]	자동 저장완료 2026-02-19 21시38분23초
[2026-02-19 21시41분23초	1771504883818]	자동 저장완료 2026-02-19 21시41분23초
[2026-02-19 21시44분24초	1771505064472]	자동 저장완료 2026-02-19 21시44분24초
[2026-02-19 21시44분34초	1771505074631]	Lineage_Balance..
[2026-02-19 21시44분34초	1771505074634]	3ms

[2026-02-19 21시46분32초	1771505192274]	Lineage_Balance..
[2026-02-19 21시46분32초	1771505192276]	2ms

[2026-02-19 21시47분25초	1771505245104]	자동 저장완료 2026-02-19 21시47분25초
[2026-02-19 21시50분25초	1771505425748]	자동 저장완료 2026-02-19 21시50분25초
[2026-02-19 21시53분26초	1771505606494]	자동 저장완료 2026-02-19 21시53분26초
[2026-02-19 21시56분27초	1771505787218]	자동 저장완료 2026-02-19 21시56분27초
[2026-02-19 21시59분27초	1771505967958]	자동 저장완료 2026-02-19 21시59분27초
[2026-02-19 22시02분28초	1771506148696]	자동 저장완료 2026-02-19 22시02분28초
[2026-02-19 22시05분29초	1771506329336]	자동 저장완료 2026-02-19 22시05분29초
[2026-02-19 22시08분30초	1771506510060]	자동 저장완료 2026-02-19 22시08분30초
[2026-02-19 22시11분30초	1771506690884]	자동 저장완료 2026-02-19 22시11분30초
[2026-02-19 22시13분31초	1771506811397]	서버가 즉시 종료됩니다...
[2026-02-19 22시13분32초	1771506812398]	Thread close..
[2026-02-19 22시13분33초	1771506813398]	Save Database..
[2026-02-19 22시13분34초	1771506814336]	Socket close..
[2026-02-19 22시13분34초	1771506814336]	LineageServer Close...
[2026-02-19 22시13분34초	1771506814336]	0ms

[2026-02-19 22시13분34초	1771506814336]	ok..
