[2026-01-07 15―Ã31šÐ09ÃĘ	1767767469599]	Mysql..
[2026-01-07 15―Ã31šÐ09ÃĘ	1767767469599]	1ms

[2026-01-07 15―Ã31šÐ09ÃĘ	1767767469616]	lineage.conf file loading...
[2026-01-07 15―Ã31šÐ09ÃĘ	1767767469647]	31ms

[2026-01-07 15―Ã31šÐ09ÃĘ	1767767469654]	Lineage_Balance..
[2026-01-07 15―Ã31šÐ09ÃĘ	1767767469662]	8ms

[2026-01-07 15―Ã31šÐ09ÃĘ	1767767469663]	npc_promotion..
[2026-01-07 15―Ã31šÐ09ÃĘ	1767767469664]	1ms

[2026-01-07 15―Ã31šÐ09ÃĘ	1767767469664]	Socket..
[2026-01-07 15―Ã31šÐ09ÃĘ	1767767469665]	1ms

[2026-01-07 15―Ã31šÐ09ÃĘ	1767767469665]	Common..
[2026-01-07 15―Ã31šÐ09ÃĘ	1767767469665]	0ms

[2026-01-07 15―Ã31šÐ09ÃĘ	1767767469666]	EventThread..
[2026-01-07 15―Ã31šÐ09ÃĘ	1767767469666]	0ms

[2026-01-07 15―Ã31šÐ09ÃĘ	1767767469667]	AiExecuteThread..
[2026-01-07 15―Ã31šÐ09ÃĘ	1767767469667]	0ms

[2026-01-07 15―Ã31šÐ09ÃĘ	1767767469668]	AiThread..
[2026-01-07 15―Ã31šÐ09ÃĘ	1767767469668]	0ms

[2026-01-07 15―Ã31šÐ09ÃĘ	1767767469672]	World..
[2026-01-07 15―Ã31šÐ09ÃĘ	1767767469758]	86ms

[2026-01-07 15―Ã31šÐ09ÃĘ	1767767469760]	BookController..
[2026-01-07 15―Ã31šÐ09ÃĘ	1767767469760]	0ms

[2026-01-07 15―Ã31šÐ09ÃĘ	1767767469761]	InventoryController..
[2026-01-07 15―Ã31šÐ09ÃĘ	1767767469761]	0ms

[2026-01-07 15―Ã31šÐ09ÃĘ	1767767469761]	BasePacketPooling..
[2026-01-07 15―Ã31šÐ09ÃĘ	1767767469761]	0ms

[2026-01-07 15―Ã31šÐ09ÃĘ	1767767469770]	SkillController..
[2026-01-07 15―Ã31šÐ09ÃĘ	1767767469773]	0ms

[2026-01-07 15―Ã31šÐ09ÃĘ	1767767469780]	DamageController..
[2026-01-07 15―Ã31šÐ09ÃĘ	1767767469780]	0ms

[2026-01-07 15―Ã31šÐ09ÃĘ	1767767469782]	CharacterController..
[2026-01-07 15―Ã31šÐ09ÃĘ	1767767469782]	0ms

[2026-01-07 15―Ã31šÐ09ÃĘ	1767767469783]	TradeController..
[2026-01-07 15―Ã31šÐ09ÃĘ	1767767469783]	0ms

[2026-01-07 15―Ã31šÐ09ÃĘ	1767767469783]	DungeonController..
[2026-01-07 15―Ã31šÐ09ÃĘ	1767767469783]	0ms

[2026-01-07 15―Ã31šÐ09ÃĘ	1767767469784]	ShipController..
[2026-01-07 15―Ã31šÐ09ÃĘ	1767767469784]	0ms

[2026-01-07 15―Ã31šÐ09ÃĘ	1767767469785]	BuffController..
[2026-01-07 15―Ã31šÐ09ÃĘ	1767767469785]	0ms

[2026-01-07 15―Ã31šÐ09ÃĘ	1767767469789]	SummonController..
[2026-01-07 15―Ã31šÐ09ÃĘ	1767767469789]	0ms

[2026-01-07 15―Ã31šÐ09ÃĘ	1767767469790]	PartyController..
[2026-01-07 15―Ã31šÐ09ÃĘ	1767767469790]	0ms

[2026-01-07 15―Ã31šÐ09ÃĘ	1767767469791]	InnController..
[2026-01-07 15―Ã31šÐ09ÃĘ	1767767469791]	0ms

[2026-01-07 15―Ã31šÐ09ÃĘ	1767767469792]	BoardController..
[2026-01-07 15―Ã31šÐ09ÃĘ	1767767469792]	0ms

[2026-01-07 15―Ã31šÐ09ÃĘ	1767767469794]	LetterController..
[2026-01-07 15―Ã31šÐ09ÃĘ	1767767469794]	0ms

[2026-01-07 15―Ã31šÐ09ÃĘ	1767767469795]	UserShopController..
[2026-01-07 15―Ã31šÐ09ÃĘ	1767767469795]	0ms

[2026-01-07 15―Ã31šÐ09ÃĘ	1767767469803]	ChattingController..
[2026-01-07 15―Ã31šÐ09ÃĘ	1767767469804]	1ms

[2026-01-07 15―Ã31šÐ09ÃĘ	1767767469806]	ColosseumController..
[2026-01-07 15―Ã31šÐ09ÃĘ	1767767469806]	0ms

[2026-01-07 15―Ã31šÐ09ÃĘ	1767767469807]	CraftController..
[2026-01-07 15―Ã31šÐ09ÃĘ	1767767469807]	0ms

[2026-01-07 15―Ã31šÐ09ÃĘ	1767767469808]	BossController..
[2026-01-07 15―Ã31šÐ09ÃĘ	1767767469808]	0ms

[2026-01-07 15―Ã31šÐ09ÃĘ	1767767469809]	NoticeController..
[2026-01-07 15―Ã31šÐ09ÃĘ	1767767469810]	1ms

[2026-01-07 15―Ã31šÐ09ÃĘ	1767767469811]	FriendController..
[2026-01-07 15―Ã31šÐ09ÃĘ	1767767469811]	0ms

[2026-01-07 15―Ã31šÐ09ÃĘ	1767767469811]	BugScanningController..
[2026-01-07 15―Ã31šÐ09ÃĘ	1767767469811]	0ms

[2026-01-07 15―Ã31šÐ09ÃĘ	1767767469813]	MagicDollController..
[2026-01-07 15―Ã31šÐ09ÃĘ	1767767469813]	0ms

[2026-01-07 15―Ã31šÐ09ÃĘ	1767767469814]	ShopController..
[2026-01-07 15―Ã31šÐ09ÃĘ	1767767469814]	0ms

[2026-01-07 15―Ã31šÐ09ÃĘ	1767767469815]	WarehouseDatabase..
[2026-01-07 15―Ã31šÐ09ÃĘ	1767767469815]	0ms

[2026-01-07 15―Ã31šÐ09ÃĘ	1767767469816]	PakTools..
[2026-01-07 15―Ã31šÐ09ÃĘ	1767767469817]	1ms

[2026-01-07 15―Ã31šÐ09ÃĘ	1767767469818]	ScriptController...
[2026-01-07 15―Ã31šÐ09ÃĘ	1767767469822]	4ms

[2026-01-07 15―Ã31šÐ09ÃĘ	1767767469822]	GiranClanLordController..
[2026-01-07 15―Ã31šÐ09ÃĘ	1767767469822]	0ms

[2026-01-07 15―Ã31šÐ09ÃĘ	1767767469824]	TeamBattleController..
[2026-01-07 15―Ã31šÐ09ÃĘ	1767767469824]	0ms

[2026-01-07 15―Ã31šÐ09ÃĘ	1767767469825]	WorldClearController..
[2026-01-07 15―Ã31šÐ09ÃĘ	1767767469825]	0ms

[2026-01-07 15―Ã31šÐ09ÃĘ	1767767469826]	SpotController..
[2026-01-07 15―Ã31šÐ09ÃĘ	1767767469826]	0ms

[2026-01-07 15―Ã31šÐ09ÃĘ	1767767469827]	ÅŨšĢķó―š ÄÁÆŪ·Ņ·Ŋ..
[2026-01-07 15―Ã31šÐ09ÃĘ	1767767469827]	0ms

[2026-01-07 15―Ã31šÐ09ÃĘ	1767767469828]	ÁöŋÁ ÄÁÆŪ·Ņ·Ŋ..
[2026-01-07 15―Ã31šÐ09ÃĘ	1767767469828]	0ms

[2026-01-07 15―Ã31šÐ09ÃĘ	1767767469829]	ÁöĮÏžö·Î ÄÁÆŪ·Ņ·Ŋ..
[2026-01-07 15―Ã31šÐ09ÃĘ	1767767469829]	0ms

[2026-01-07 15―Ã31šÐ09ÃĘ	1767767469830]	šļđ°ÃĢąâÄÁÆŪ·Ņ·Ŋ..
[2026-01-07 15―Ã31šÐ09ÃĘ	1767767469830]	0ms

[2026-01-07 15―Ã31šÐ09ÃĘ	1767767469830]	ļķÁ·―ÅĀü ÄÁÆŪ·Ņ·Ŋ..
[2026-01-07 15―Ã31šÐ09ÃĘ	1767767469831]	1ms

[2026-01-07 15―Ã31šÐ09ÃĘ	1767767469831]	°íđŦ ÄÁÆŪ·Ņ·Ŋ..
[2026-01-07 15―Ã31šÐ09ÃĘ	1767767469832]	ÁĪđŦīøĀü ÄÁÆŪ·Ņ·Ŋ..
[2026-01-07 15―Ã31šÐ09ÃĘ	1767767469836]	4ms

[2026-01-07 15―Ã31šÐ09ÃĘ	1767767469837]	ąŨ―Å ÄÁÆŪ·Ņ·Ŋ..
[2026-01-07 15―Ã31šÐ09ÃĘ	1767767469837]	0ms

[2026-01-07 15―Ã31šÐ09ÃĘ	1767767469838]	ķóđŲīøĀü ÄÁÆŪ·Ņ·Ŋ..
[2026-01-07 15―Ã31šÐ09ÃĘ	1767767469838]	0ms

[2026-01-07 15―Ã31šÐ09ÃĘ	1767767469839]	ŋųĩåšļ―šÄÁÆŪ·Ņ·Ŋ..
[2026-01-07 15―Ã31šÐ09ÃĘ	1767767469839]	0ms

[2026-01-07 15―Ã31šÐ09ÃĘ	1767767469840]	ÆëąÏ ŧįģÉÅÍ ÄÁÆŪ·Ņ·Ŋ..
[2026-01-07 15―Ã31šÐ09ÃĘ	1767767469840]	0ms

[2026-01-07 15―Ã31šÐ09ÃĘ	1767767469841]	ÄĨČæīøĀü ÄÁÆŪ·Ņ·Ŋ..
[2026-01-07 15―Ã31šÐ09ÃĘ	1767767469842]	ūĮļķŋÕĀĮŋĩÅäÄÁÆŪ·Ņ·Ŋ..
[2026-01-07 15―Ã31šÐ09ÃĘ	1767767469842]	0ms

[2026-01-07 15―Ã31šÐ09ÃĘ	1767767469843]	ūóīøÄÁÆŪ·Ņ·Ŋ..
[2026-01-07 15―Ã31šÐ09ÃĘ	1767767469843]	0ms

[2026-01-07 15―Ã31šÐ09ÃĘ	1767767469844]	ąâ°Ļ ÄÁÆŪ·Ņ·Ŋ..
[2026-01-07 15―Ã31šÐ09ÃĘ	1767767469844]	0ms

[2026-01-07 15―Ã31šÐ09ÃĘ	1767767469845]	°íķó―šÄÁÆŪ·Ņ·Ŋ..
[2026-01-07 15―Ã31šÐ09ÃĘ	1767767469845]	0ms

[2026-01-07 15―Ã31šÐ09ÃĘ	1767767469846]	ĩåŋöĮÁÄÁÆŪ·Ņ·Ŋ..
[2026-01-07 15―Ã31šÐ09ÃĘ	1767767469846]	0ms

[2026-01-07 15―Ã31šÐ09ÃĘ	1767767469847]	ÅļĀÓĀĖšĨÆŪÄÁÆŪ·Ņ·Ŋ..
[2026-01-07 15―Ã31šÐ09ÃĘ	1767767469847]	1ms

[2026-01-07 15―Ã31šÐ09ÃĘ	1767767469847]	AutoHuntController..
[2026-01-07 15―Ã31šÐ09ÃĘ	1767767469847]	0ms

[2026-01-07 15―Ã31šÐ09ÃĘ	1767767469848]	DatabaseConnection..
[2026-01-07 15―Ã31šÐ10ÃĘ	1767767470146]	298ms

[2026-01-07 15―Ã31šÐ10ÃĘ	1767767470160]	ServerDatabase..
[2026-01-07 15―Ã31šÐ10ÃĘ	1767767470198]	38ms

[2026-01-07 15―Ã31šÐ10ÃĘ	1767767470201]	SlimeRaceController..
[2026-01-07 15―Ã31šÐ10ÃĘ	1767767470204]	3ms

[2026-01-07 15―Ã31šÐ10ÃĘ	1767767470205]	DogRaceController..
[2026-01-07 15―Ã31šÐ10ÃĘ	1767767470207]	2ms

[2026-01-07 15―Ã31šÐ10ÃĘ	1767767470209]	ClanController..
[2026-01-07 15―Ã31šÐ10ÃĘ	1767767470216]	7ms

[2026-01-07 15―Ã31šÐ10ÃĘ	1767767470219]	KingdomController..
[2026-01-07 15―Ã31šÐ10ÃĘ	1767767470227]	8ms

[2026-01-07 15―Ã31šÐ10ÃĘ	1767767470228]	AgitController..
[2026-01-07 15―Ã31šÐ10ÃĘ	1767767470234]	6ms

[2026-01-07 15―Ã31šÐ10ÃĘ	1767767470235]	AuctionController..
[2026-01-07 15―Ã31šÐ10ÃĘ	1767767470241]	6ms

[2026-01-07 15―Ã31šÐ10ÃĘ	1767767470246]	ItemDatabase..
[2026-01-07 15―Ã31šÐ10ÃĘ	1767767470384]	138ms

[2026-01-07 15―Ã31šÐ10ÃĘ	1767767470385]	ItemSetopionDatabase..
[2026-01-07 15―Ã31šÐ10ÃĘ	1767767470388]	3ms

[2026-01-07 15―Ã31šÐ10ÃĘ	1767767470389]	AutosellDatabase..
[2026-01-07 15―Ã31šÐ10ÃĘ	1767767470408]	19ms

[2026-01-07 15―Ã31šÐ10ÃĘ	1767767470409]	ItemSkillDatabase..
[2026-01-07 15―Ã31šÐ10ÃĘ	1767767470412]	3ms

[2026-01-07 15―Ã31šÐ10ÃĘ	1767767470413]	ItemBundleDatabase..
[2026-01-07 15―Ã31šÐ10ÃĘ	1767767470416]	3ms

[2026-01-07 15―Ã31šÐ10ÃĘ	1767767470417]	ItemChanceBundleDatabase..
[2026-01-07 15―Ã31šÐ10ÃĘ	1767767470420]	3ms

[2026-01-07 15―Ã31šÐ10ÃĘ	1767767470421]	FishItemListDatabase..
[2026-01-07 15―Ã31šÐ10ÃĘ	1767767470423]	2ms

[2026-01-07 15―Ã31šÐ10ÃĘ	1767767470424]	ItemTeleport..
[2026-01-07 15―Ã31šÐ10ÃĘ	1767767470427]	3ms

[2026-01-07 15―Ã31šÐ10ÃĘ	1767767470430]	PolyDatabase..
[2026-01-07 15―Ã31šÐ10ÃĘ	1767767470434]	3ms

[2026-01-07 15―Ã31šÐ10ÃĘ	1767767470434]	DungeonDatabase..
[2026-01-07 15―Ã31šÐ10ÃĘ	1767767470439]	5ms

[2026-01-07 15―Ã31šÐ10ÃĘ	1767767470440]	DefiniteDatabase..
[2026-01-07 15―Ã31šÐ10ÃĘ	1767767470442]	2ms

[2026-01-07 15―Ã31šÐ10ÃĘ	1767767470443]	ExpDatabase..
[2026-01-07 15―Ã31šÐ10ÃĘ	1767767470445]	2ms

[2026-01-07 15―Ã31šÐ10ÃĘ	1767767470445]	BackgroundDatabase..
[2026-01-07 15―Ã31šÐ10ÃĘ	1767767470582]	137ms

[2026-01-07 15―Ã31šÐ10ÃĘ	1767767470582]	SpriteFrameDatabase..
[2026-01-07 15―Ã31šÐ10ÃĘ	1767767470655]	73ms

[2026-01-07 15―Ã31šÐ10ÃĘ	1767767470656]	SkillDatabase..
[2026-01-07 15―Ã31šÐ10ÃĘ	1767767470660]	4ms

[2026-01-07 15―Ã31šÐ10ÃĘ	1767767470661]	NpcDatabase..
[2026-01-07 15―Ã31šÐ10ÃĘ	1767767470669]	8ms

[2026-01-07 15―Ã31šÐ10ÃĘ	1767767470670]	NpcShopDatabase..
[2026-01-07 15―Ã31šÐ10ÃĘ	1767767470737]	67ms

[2026-01-07 15―Ã31šÐ10ÃĘ	1767767470738]	NpcTeleportDatabase..
[2026-01-07 15―Ã31šÐ10ÃĘ	1767767470740]	2ms

[2026-01-07 15―Ã31šÐ10ÃĘ	1767767470882]	NpcSpawnlistDatabase..
[2026-01-07 15―Ã31šÐ10ÃĘ	1767767470935]	53ms

[2026-01-07 15―Ã31šÐ10ÃĘ	1767767470937]	EventController..
[2026-01-07 15―Ã31šÐ10ÃĘ	1767767470937]	0ms

[2026-01-07 15―Ã31šÐ10ÃĘ	1767767470938]	MonsterDatabase..
[2026-01-07 15―Ã31šÐ10ÃĘ	1767767470953]	15ms

[2026-01-07 15―Ã31šÐ10ÃĘ	1767767470954]	MonsterDropDatabase..
[2026-01-07 15―Ã31šÐ10ÃĘ	1767767470980]	26ms

[2026-01-07 15―Ã31šÐ10ÃĘ	1767767470981]	MonsterSkillDatabase..
[2026-01-07 15―Ã31šÐ11ÃĘ	1767767471003]	22ms

[2026-01-07 15―Ã31šÐ11ÃĘ	1767767471005]	MonsterSpawnlistDatabase..
[2026-01-07 15―Ã31šÐ11ÃĘ	1767767471876]	871ms

[2026-01-07 15―Ã31šÐ11ÃĘ	1767767471878]	MonsterBossSpawnlistDatabase..
[2026-01-07 15―Ã31šÐ11ÃĘ	1767767471881]	3ms

[2026-01-07 15―Ã31šÐ11ÃĘ	1767767471882]	ServerDownBossListDatabase..
[2026-01-07 15―Ã31šÐ11ÃĘ	1767767471883]	1ms

[2026-01-07 15―Ã31šÐ11ÃĘ	1767767471883]	BadIpDatabase..
[2026-01-07 15―Ã31šÐ11ÃĘ	1767767471886]	3ms

[2026-01-07 15―Ã31šÐ11ÃĘ	1767767471886]	QuestController..
[2026-01-07 15―Ã31šÐ11ÃĘ	1767767471888]	2ms

[2026-01-07 15―Ã31šÐ11ÃĘ	1767767471889]	ServerOpcodesDatabase..
[2026-01-07 15―Ã31šÐ11ÃĘ	1767767471892]	3ms

[2026-01-07 15―Ã31šÐ11ÃĘ	1767767471893]	ServerNoticeDatabase..
[2026-01-07 15―Ã31šÐ11ÃĘ	1767767471896]	3ms

[2026-01-07 15―Ã31šÐ11ÃĘ	1767767471897]	RankController..
[2026-01-07 15―Ã31šÐ11ÃĘ	1767767471918]	21ms

[2026-01-07 15―Ã31šÐ11ÃĘ	1767767471920]	WantedController..
[2026-01-07 15―Ã31šÐ11ÃĘ	1767767471924]	4ms

[2026-01-07 15―Ã31šÐ11ÃĘ	1767767471925]	TeleportHomeDatabase..
[2026-01-07 15―Ã31šÐ11ÃĘ	1767767471956]	31ms

[2026-01-07 15―Ã31šÐ11ÃĘ	1767767471957]	TeleportResetDatabase..
[2026-01-07 15―Ã31šÐ11ÃĘ	1767767471989]	32ms

[2026-01-07 15―Ã31šÐ11ÃĘ	1767767471990]	ItemPinewandDatabase..
[2026-01-07 15―Ã31šÐ11ÃĘ	1767767471992]	2ms

[2026-01-07 15―Ã31šÐ11ÃĘ	1767767471992]	ItemMaplewandDatabase..
[2026-01-07 15―Ã31šÐ11ÃĘ	1767767471995]	3ms

[2026-01-07 15―Ã31šÐ11ÃĘ	1767767471995]	SummonListDatabase..
[2026-01-07 15―Ã31šÐ11ÃĘ	1767767471997]	2ms

[2026-01-07 15―Ã31šÐ11ÃĘ	1767767471998]	GmListDatabase..
[2026-01-07 15―Ã31šÐ11ÃĘ	1767767471999]	1ms

[2026-01-07 15―Ã31šÐ12ÃĘ	1767767472000]	MagicdollListDatabase..
[2026-01-07 15―Ã31šÐ12ÃĘ	1767767472002]	2ms

[2026-01-07 15―Ã31šÐ12ÃĘ	1767767472005]	PcMarketController..
[2026-01-07 15―Ã31šÐ12ÃĘ	1767767472006]	1ms

[2026-01-07 15―Ã31šÐ12ÃĘ	1767767472006]	ServerOptionDatabase..
[2026-01-07 15―Ã31šÐ12ÃĘ	1767767472007]	1ms

[2026-01-07 15―Ã31šÐ12ÃĘ	1767767472007]	TimeDungeonDatabase..
[2026-01-07 15―Ã31šÐ12ÃĘ	1767767472008]	1ms

[2026-01-07 15―Ã31šÐ12ÃĘ	1767767472008]	TeamBattleDatabase..
[2026-01-07 15―Ã31šÐ12ÃĘ	1767767472009]	1ms

[2026-01-07 15―Ã31šÐ12ÃĘ	1767767472010]	LifeLostItemDatabase..
[2026-01-07 15―Ã31šÐ12ÃĘ	1767767472011]	1ms

[2026-01-07 15―Ã31šÐ12ÃĘ	1767767472012]	GmTeleportDatabase..
[2026-01-07 15―Ã31šÐ12ÃĘ	1767767472013]	1ms

[2026-01-07 15―Ã31šÐ12ÃĘ	1767767472015]	đŦĀÎĮũļÍÄÁÆŪ·Ņ·Ŋ..
[2026-01-07 15―Ã31šÐ12ÃĘ	1767767472017]	2ms

[2026-01-07 15―Ã31šÐ12ÃĘ	1767767472017]	HackNoCheckDatabase..
[2026-01-07 15―Ã31šÐ12ÃĘ	1767767472018]	1ms

[2026-01-07 15―Ã31šÐ12ÃĘ	1767767472019]	EnchantLostItemDatabase..
[2026-01-07 15―Ã31šÐ12ÃĘ	1767767472032]	13ms

[2026-01-07 15―Ã31šÐ12ÃĘ	1767767472033]	ItemDropMessageDatabase..
[2026-01-07 15―Ã31šÐ12ÃĘ	1767767472034]	1ms

[2026-01-07 15―Ã31šÐ12ÃĘ	1767767472035]	FishingController..
[2026-01-07 15―Ã31šÐ12ÃĘ	1767767472150]	115ms

[2026-01-07 15―Ã31šÐ12ÃĘ	1767767472158]	RobotController..
[2026-01-07 15―Ã31šÐ12ÃĘ	1767767472183]	25ms

[2026-01-07 15―Ã31šÐ12ÃĘ	1767767472187]	Server..
[2026-01-07 15―Ã31šÐ12ÃĘ	1767767472257]	70ms

[2026-01-07 15―Ã31šÐ12ÃĘ	1767767472258]	ServerThread..
[2026-01-07 15―Ã31šÐ12ÃĘ	1767767472258]	0ms

[2026-01-07 15―Ã31šÐ12ÃĘ	1767767472258]	ControllerTherad..
[2026-01-07 15―Ã31šÐ12ÃĘ	1767767472259]	1ms

[2026-01-07 15―Ã31šÐ12ÃĘ	1767767472259]	CharacterThread..
[2026-01-07 15―Ã31šÐ12ÃĘ	1767767472259]	0ms

[2026-01-07 15―Ã31šÐ12ÃĘ	1767767472260]	DatabaseThread..
[2026-01-07 15―Ã31šÐ12ÃĘ	1767767472260]	0ms

[2026-01-07 15―Ã31šÐ12ÃĘ	1767767472261]	CharacterControlThread..
[2026-01-07 15―Ã31šÐ12ÃĘ	1767767472261]	0ms

[2026-01-07 15―Ã31šÐ12ÃĘ	1767767472302]	FightController..
[2026-01-07 15―Ã31šÐ12ÃĘ	1767767472322]	20ms

[2026-01-07 15―Ã31šÐ12ÃĘ	1767767472322]	TimeThread..
[2026-01-07 15―Ã31šÐ12ÃĘ	1767767472323]	1ms

[2026-01-07 15―Ã31šÐ12ÃĘ	1767767472323]	AutoHuntThread..
[2026-01-07 15―Ã31šÐ12ÃĘ	1767767472323]	0ms

[2026-01-07 15―Ã31šÐ12ÃĘ	1767767472323]	======================================================================
[2026-01-07 15―Ã31šÐ12ÃĘ	1767767472324]	Server Version  :  Lineage 2.0

[2026-01-07 15―Ã31šÐ12ÃĘ	1767767472324]	Server Port      :  2000

[2026-01-07 15―Ã31šÐ12ÃĘ	1767767472324]	°čÁĪ ĀÚĩŋŧýžš  :  on

[2026-01-07 15―Ã31šÐ12ÃĘ	1767767472324]	ĀÎÃĶÆŪ : 1.0đč  ||  ĩåķø : 3.0đč  ||  °æĮčÄĄ : 30.0đč  ||  ūÆĩĨģŠ : 12.0đč  ||  ÆÄÆž : 1.1đč

[2026-01-07 15―Ã31šÐ12ÃĘ	1767767472324]	======================================================================
[2026-01-07 15―Ã31šÐ12ÃĘ	1767767472324]	'ž­đö' °ĄĩŋĩĮūú―ĀīÏīŲ.

[2026-01-07 15―Ã34šÐ12ÃĘ	1767767652984]	ĀÚĩŋ ĀúĀåŋÏ·á 2026-01-07 15―Ã34šÐ12ÃĘ
[2026-01-07 15―Ã37šÐ13ÃĘ	1767767833701]	ĀÚĩŋ ĀúĀåŋÏ·á 2026-01-07 15―Ã37šÐ13ÃĘ
[2026-01-07 15―Ã40šÐ14ÃĘ	1767768014072]	ĀÚĩŋ ĀúĀåŋÏ·á 2026-01-07 15―Ã40šÐ14ÃĘ
[2026-01-07 15―Ã43šÐ14ÃĘ	1767768194428]	ĀÚĩŋ ĀúĀåŋÏ·á 2026-01-07 15―Ã43šÐ14ÃĘ
[2026-01-07 15―Ã46šÐ14ÃĘ	1767768374822]	ĀÚĩŋ ĀúĀåŋÏ·á 2026-01-07 15―Ã46šÐ14ÃĘ
[2026-01-07 15―Ã49šÐ15ÃĘ	1767768555197]	ĀÚĩŋ ĀúĀåŋÏ·á 2026-01-07 15―Ã49šÐ15ÃĘ
[2026-01-07 15―Ã52šÐ15ÃĘ	1767768735585]	ĀÚĩŋ ĀúĀåŋÏ·á 2026-01-07 15―Ã52šÐ15ÃĘ
[2026-01-07 15―Ã55šÐ16ÃĘ	1767768916218]	ĀÚĩŋ ĀúĀåŋÏ·á 2026-01-07 15―Ã55šÐ16ÃĘ
[2026-01-07 15―Ã58šÐ17ÃĘ	1767769097019]	ĀÚĩŋ ĀúĀåŋÏ·á 2026-01-07 15―Ã58šÐ17ÃĘ
[2026-01-07 16―Ã01šÐ17ÃĘ	1767769277793]	ĀÚĩŋ ĀúĀåŋÏ·á 2026-01-07 16―Ã01šÐ17ÃĘ
[2026-01-07 16―Ã04šÐ18ÃĘ	1767769458587]	ĀÚĩŋ ĀúĀåŋÏ·á 2026-01-07 16―Ã04šÐ18ÃĘ
[2026-01-07 16―Ã07šÐ19ÃĘ	1767769639384]	ĀÚĩŋ ĀúĀåŋÏ·á 2026-01-07 16―Ã07šÐ19ÃĘ
[2026-01-07 16―Ã10šÐ20ÃĘ	1767769820122]	ĀÚĩŋ ĀúĀåŋÏ·á 2026-01-07 16―Ã10šÐ20ÃĘ
[2026-01-07 16―Ã13šÐ20ÃĘ	1767770000878]	ĀÚĩŋ ĀúĀåŋÏ·á 2026-01-07 16―Ã13šÐ20ÃĘ
[2026-01-07 16―Ã16šÐ21ÃĘ	1767770181675]	ĀÚĩŋ ĀúĀåŋÏ·á 2026-01-07 16―Ã16šÐ21ÃĘ
[2026-01-07 16―Ã19šÐ22ÃĘ	1767770362441]	ĀÚĩŋ ĀúĀåŋÏ·á 2026-01-07 16―Ã19šÐ22ÃĘ
[2026-01-07 16―Ã22šÐ23ÃĘ	1767770543225]	ĀÚĩŋ ĀúĀåŋÏ·á 2026-01-07 16―Ã22šÐ23ÃĘ
[2026-01-07 16―Ã25šÐ23ÃĘ	1767770723983]	ĀÚĩŋ ĀúĀåŋÏ·á 2026-01-07 16―Ã25šÐ23ÃĘ
[2026-01-07 16―Ã28šÐ24ÃĘ	1767770904565]	ĀÚĩŋ ĀúĀåŋÏ·á 2026-01-07 16―Ã28šÐ24ÃĘ
[2026-01-07 16―Ã31šÐ25ÃĘ	1767771085132]	ĀÚĩŋ ĀúĀåŋÏ·á 2026-01-07 16―Ã31šÐ25ÃĘ
[2026-01-07 16―Ã34šÐ25ÃĘ	1767771265768]	ĀÚĩŋ ĀúĀåŋÏ·á 2026-01-07 16―Ã34šÐ25ÃĘ
[2026-01-07 16―Ã37šÐ26ÃĘ	1767771446467]	ĀÚĩŋ ĀúĀåŋÏ·á 2026-01-07 16―Ã37šÐ26ÃĘ
[2026-01-07 16―Ã38šÐ39ÃĘ	1767771519313]	ž­đö°Ą Áï―Ã Áū·áĩËīÏīŲ...
[2026-01-07 16―Ã38šÐ40ÃĘ	1767771520315]	Thread close..
[2026-01-07 16―Ã38šÐ41ÃĘ	1767771521316]	Save Database..
[2026-01-07 16―Ã38šÐ42ÃĘ	1767771522008]	Socket close..
[2026-01-07 16―Ã38šÐ42ÃĘ	1767771522008]	LineageServer Close...
[2026-01-07 16―Ã38šÐ42ÃĘ	1767771522008]	0ms

[2026-01-07 16―Ã38šÐ42ÃĘ	1767771522008]	ok..
