[2026-01-07 13시33분10초	1767760390007]	Mysql..
[2026-01-07 13시33분10초	1767760390007]	2ms

[2026-01-07 13시33분10초	1767760390027]	lineage.conf file loading...
[2026-01-07 13시33분10초	1767760390065]	38ms

[2026-01-07 13시33분10초	1767760390072]	Lineage_Balance..
[2026-01-07 13시33분10초	1767760390081]	9ms

[2026-01-07 13시33분10초	1767760390084]	npc_promotion..
[2026-01-07 13시33분10초	1767760390084]	0ms

[2026-01-07 13시33분10초	1767760390085]	Socket..
[2026-01-07 13시33분10초	1767760390086]	0ms

[2026-01-07 13시33분10초	1767760390086]	Common..
[2026-01-07 13시33분10초	1767760390086]	0ms

[2026-01-07 13시33분10초	1767760390087]	EventThread..
[2026-01-07 13시33분10초	1767760390087]	0ms

[2026-01-07 13시33분10초	1767760390088]	AiExecuteThread..
[2026-01-07 13시33분10초	1767760390089]	0ms

[2026-01-07 13시33분10초	1767760390090]	AiThread..
[2026-01-07 13시33분10초	1767760390090]	0ms

[2026-01-07 13시33분10초	1767760390101]	World..
[2026-01-07 13시33분10초	1767760390199]	98ms

[2026-01-07 13시33분10초	1767760390201]	BookController..
[2026-01-07 13시33분10초	1767760390201]	0ms

[2026-01-07 13시33분10초	1767760390201]	InventoryController..
[2026-01-07 13시33분10초	1767760390201]	0ms

[2026-01-07 13시33분10초	1767760390202]	BasePacketPooling..
[2026-01-07 13시33분10초	1767760390202]	0ms

[2026-01-07 13시33분10초	1767760390204]	SkillController..
[2026-01-07 13시33분10초	1767760390204]	0ms

[2026-01-07 13시33분10초	1767760390212]	DamageController..
[2026-01-07 13시33분10초	1767760390212]	0ms

[2026-01-07 13시33분10초	1767760390221]	CharacterController..
[2026-01-07 13시33분10초	1767760390221]	0ms

[2026-01-07 13시33분10초	1767760390222]	TradeController..
[2026-01-07 13시33분10초	1767760390222]	0ms

[2026-01-07 13시33분10초	1767760390223]	DungeonController..
[2026-01-07 13시33분10초	1767760390223]	0ms

[2026-01-07 13시33분10초	1767760390224]	ShipController..
[2026-01-07 13시33분10초	1767760390224]	0ms

[2026-01-07 13시33분10초	1767760390225]	BuffController..
[2026-01-07 13시33분10초	1767760390225]	0ms

[2026-01-07 13시33분10초	1767760390230]	SummonController..
[2026-01-07 13시33분10초	1767760390230]	0ms

[2026-01-07 13시33분10초	1767760390231]	PartyController..
[2026-01-07 13시33분10초	1767760390231]	0ms

[2026-01-07 13시33분10초	1767760390232]	InnController..
[2026-01-07 13시33분10초	1767760390232]	0ms

[2026-01-07 13시33분10초	1767760390234]	BoardController..
[2026-01-07 13시33분10초	1767760390234]	0ms

[2026-01-07 13시33분10초	1767760390236]	LetterController..
[2026-01-07 13시33분10초	1767760390236]	0ms

[2026-01-07 13시33분10초	1767760390237]	UserShopController..
[2026-01-07 13시33분10초	1767760390237]	0ms

[2026-01-07 13시33분10초	1767760390238]	ChattingController..
[2026-01-07 13시33분10초	1767760390240]	1ms

[2026-01-07 13시33분10초	1767760390242]	ColosseumController..
[2026-01-07 13시33분10초	1767760390242]	0ms

[2026-01-07 13시33분10초	1767760390243]	CraftController..
[2026-01-07 13시33분10초	1767760390243]	0ms

[2026-01-07 13시33분10초	1767760390251]	BossController..
[2026-01-07 13시33분10초	1767760390252]	1ms

[2026-01-07 13시33분10초	1767760390253]	NoticeController..
[2026-01-07 13시33분10초	1767760390254]	1ms

[2026-01-07 13시33분10초	1767760390254]	FriendController..
[2026-01-07 13시33분10초	1767760390254]	0ms

[2026-01-07 13시33분10초	1767760390255]	BugScanningController..
[2026-01-07 13시33분10초	1767760390255]	0ms

[2026-01-07 13시33분10초	1767760390256]	MagicDollController..
[2026-01-07 13시33분10초	1767760390257]	1ms

[2026-01-07 13시33분10초	1767760390258]	ShopController..
[2026-01-07 13시33분10초	1767760390258]	0ms

[2026-01-07 13시33분10초	1767760390260]	WarehouseDatabase..
[2026-01-07 13시33분10초	1767760390260]	0ms

[2026-01-07 13시33분10초	1767760390261]	PakTools..
[2026-01-07 13시33분10초	1767760390264]	3ms

[2026-01-07 13시33분10초	1767760390265]	ScriptController...
[2026-01-07 13시33분10초	1767760390268]	3ms

[2026-01-07 13시33분10초	1767760390269]	GiranClanLordController..
[2026-01-07 13시33분10초	1767760390269]	0ms

[2026-01-07 13시33분10초	1767760390270]	TeamBattleController..
[2026-01-07 13시33분10초	1767760390270]	0ms

[2026-01-07 13시33분10초	1767760390271]	WorldClearController..
[2026-01-07 13시33분10초	1767760390272]	1ms

[2026-01-07 13시33분10초	1767760390273]	SpotController..
[2026-01-07 13시33분10초	1767760390273]	0ms

[2026-01-07 13시33분10초	1767760390273]	테베라스 컨트롤러..
[2026-01-07 13시33분10초	1767760390273]	0ms

[2026-01-07 13시33분10초	1767760390274]	지옥 컨트롤러..
[2026-01-07 13시33분10초	1767760390274]	0ms

[2026-01-07 13시33분10초	1767760390275]	지하수로 컨트롤러..
[2026-01-07 13시33분10초	1767760390275]	0ms

[2026-01-07 13시33분10초	1767760390275]	보물찾기컨트롤러..
[2026-01-07 13시33분10초	1767760390275]	0ms

[2026-01-07 13시33분10초	1767760390276]	마족신전 컨트롤러..
[2026-01-07 13시33분10초	1767760390276]	0ms

[2026-01-07 13시33분10초	1767760390276]	고무 컨트롤러..
[2026-01-07 13시33분10초	1767760390277]	정무던전 컨트롤러..
[2026-01-07 13시33분10초	1767760390282]	5ms

[2026-01-07 13시33분10초	1767760390283]	그신 컨트롤러..
[2026-01-07 13시33분10초	1767760390283]	0ms

[2026-01-07 13시33분10초	1767760390283]	라바던전 컨트롤러..
[2026-01-07 13시33분10초	1767760390283]	0ms

[2026-01-07 13시33분10초	1767760390284]	월드보스컨트롤러..
[2026-01-07 13시33분10초	1767760390284]	0ms

[2026-01-07 13시33분10초	1767760390285]	펭귄 사냥터 컨트롤러..
[2026-01-07 13시33분10초	1767760390285]	0ms

[2026-01-07 13시33분10초	1767760390285]	칠흑던전 컨트롤러..
[2026-01-07 13시33분10초	1767760390286]	악마왕의영토컨트롤러..
[2026-01-07 13시33분10초	1767760390286]	0ms

[2026-01-07 13시33분10초	1767760390286]	얼던컨트롤러..
[2026-01-07 13시33분10초	1767760390287]	1ms

[2026-01-07 13시33분10초	1767760390287]	기감 컨트롤러..
[2026-01-07 13시33분10초	1767760390287]	0ms

[2026-01-07 13시33분10초	1767760390288]	고라스컨트롤러..
[2026-01-07 13시33분10초	1767760390288]	0ms

[2026-01-07 13시33분10초	1767760390288]	드워프컨트롤러..
[2026-01-07 13시33분10초	1767760390288]	0ms

[2026-01-07 13시33분10초	1767760390289]	타임이벤트컨트롤러..
[2026-01-07 13시33분10초	1767760390289]	0ms

[2026-01-07 13시33분10초	1767760390290]	AutoHuntController..
[2026-01-07 13시33분10초	1767760390290]	0ms

[2026-01-07 13시33분10초	1767760390291]	DatabaseConnection..
[2026-01-07 13시33분10초	1767760390605]	314ms

[2026-01-07 13시33분10초	1767760390620]	ServerDatabase..
[2026-01-07 13시33분10초	1767760390661]	41ms

[2026-01-07 13시33분10초	1767760390665]	SlimeRaceController..
[2026-01-07 13시33분10초	1767760390669]	4ms

[2026-01-07 13시33분10초	1767760390672]	DogRaceController..
[2026-01-07 13시33분10초	1767760390674]	2ms

[2026-01-07 13시33분10초	1767760390677]	ClanController..
[2026-01-07 13시33분10초	1767760390684]	8ms

[2026-01-07 13시33분10초	1767760390687]	KingdomController..
[2026-01-07 13시33분10초	1767760390696]	9ms

[2026-01-07 13시33분10초	1767760390697]	AgitController..
[2026-01-07 13시33분10초	1767760390703]	6ms

[2026-01-07 13시33분10초	1767760390704]	AuctionController..
[2026-01-07 13시33분10초	1767760390721]	17ms

[2026-01-07 13시33분10초	1767760390728]	ItemDatabase..
[2026-01-07 13시33분10초	1767760390843]	115ms

[2026-01-07 13시33분10초	1767760390847]	ItemSetopionDatabase..
[2026-01-07 13시33분10초	1767760390852]	5ms

[2026-01-07 13시33분10초	1767760390853]	AutosellDatabase..
[2026-01-07 13시33분10초	1767760390875]	22ms

[2026-01-07 13시33분10초	1767760390877]	ItemSkillDatabase..
[2026-01-07 13시33분10초	1767760390882]	5ms

[2026-01-07 13시33분10초	1767760390883]	ItemBundleDatabase..
[2026-01-07 13시33분10초	1767760390890]	7ms

[2026-01-07 13시33분10초	1767760390891]	ItemChanceBundleDatabase..
[2026-01-07 13시33분10초	1767760390896]	5ms

[2026-01-07 13시33분10초	1767760390897]	FishItemListDatabase..
[2026-01-07 13시33분10초	1767760390900]	3ms

[2026-01-07 13시33분10초	1767760390902]	ItemTeleport..
[2026-01-07 13시33분10초	1767760390906]	5ms

[2026-01-07 13시33분10초	1767760390907]	PolyDatabase..
[2026-01-07 13시33분10초	1767760390913]	5ms

[2026-01-07 13시33분10초	1767760390914]	DungeonDatabase..
[2026-01-07 13시33분10초	1767760390922]	8ms

[2026-01-07 13시33분10초	1767760390923]	DefiniteDatabase..
[2026-01-07 13시33분10초	1767760390928]	5ms

[2026-01-07 13시33분10초	1767760390929]	ExpDatabase..
[2026-01-07 13시33분10초	1767760390932]	3ms

[2026-01-07 13시33분10초	1767760390932]	BackgroundDatabase..
[2026-01-07 13시33분11초	1767760391070]	138ms

[2026-01-07 13시33분11초	1767760391070]	SpriteFrameDatabase..
[2026-01-07 13시33분11초	1767760391145]	75ms

[2026-01-07 13시33분11초	1767760391146]	SkillDatabase..
[2026-01-07 13시33분11초	1767760391150]	4ms

[2026-01-07 13시33분11초	1767760391152]	NpcDatabase..
[2026-01-07 13시33분11초	1767760391161]	9ms

[2026-01-07 13시33분11초	1767760391163]	NpcShopDatabase..
[2026-01-07 13시33분11초	1767760391224]	61ms

[2026-01-07 13시33분11초	1767760391225]	NpcTeleportDatabase..
[2026-01-07 13시33분11초	1767760391229]	4ms

[2026-01-07 13시33분11초	1767760391524]	NpcSpawnlistDatabase..
[2026-01-07 13시33분11초	1767760391586]	62ms

[2026-01-07 13시33분11초	1767760391597]	EventController..
[2026-01-07 13시33분11초	1767760391597]	0ms

[2026-01-07 13시33분11초	1767760391599]	MonsterDatabase..
[2026-01-07 13시33분11초	1767760391615]	16ms

[2026-01-07 13시33분11초	1767760391617]	MonsterDropDatabase..
[2026-01-07 13시33분11초	1767760391645]	27ms

[2026-01-07 13시33분11초	1767760391646]	MonsterSkillDatabase..
[2026-01-07 13시33분11초	1767760391663]	17ms

[2026-01-07 13시33분11초	1767760391666]	MonsterSpawnlistDatabase..
[2026-01-07 13시33분13초	1767760393444]	1778ms

[2026-01-07 13시33분13초	1767760393447]	MonsterBossSpawnlistDatabase..
[2026-01-07 13시33분13초	1767760393452]	5ms

[2026-01-07 13시33분13초	1767760393453]	ServerDownBossListDatabase..
[2026-01-07 13시33분13초	1767760393454]	1ms

[2026-01-07 13시33분13초	1767760393456]	BadIpDatabase..
[2026-01-07 13시33분13초	1767760393459]	3ms

[2026-01-07 13시33분13초	1767760393459]	QuestController..
[2026-01-07 13시33분13초	1767760393462]	3ms

[2026-01-07 13시33분13초	1767760393463]	ServerOpcodesDatabase..
[2026-01-07 13시33분13초	1767760393469]	6ms

[2026-01-07 13시33분13초	1767760393470]	ServerNoticeDatabase..
[2026-01-07 13시33분13초	1767760393474]	4ms

[2026-01-07 13시33분13초	1767760393475]	RankController..
[2026-01-07 13시33분13초	1767760393497]	22ms

[2026-01-07 13시33분13초	1767760393498]	WantedController..
[2026-01-07 13시33분13초	1767760393503]	5ms

[2026-01-07 13시33분13초	1767760393511]	TeleportHomeDatabase..
[2026-01-07 13시33분13초	1767760393545]	34ms

[2026-01-07 13시33분13초	1767760393546]	TeleportResetDatabase..
[2026-01-07 13시33분13초	1767760393576]	30ms

[2026-01-07 13시33분13초	1767760393577]	ItemPinewandDatabase..
[2026-01-07 13시33분13초	1767760393579]	2ms

[2026-01-07 13시33분13초	1767760393580]	ItemMaplewandDatabase..
[2026-01-07 13시33분13초	1767760393583]	3ms

[2026-01-07 13시33분13초	1767760393585]	SummonListDatabase..
[2026-01-07 13시33분13초	1767760393588]	3ms

[2026-01-07 13시33분13초	1767760393588]	GmListDatabase..
[2026-01-07 13시33분13초	1767760393590]	2ms

[2026-01-07 13시33분13초	1767760393592]	MagicdollListDatabase..
[2026-01-07 13시33분13초	1767760393595]	3ms

[2026-01-07 13시33분13초	1767760393600]	PcMarketController..
[2026-01-07 13시33분13초	1767760393601]	1ms

[2026-01-07 13시33분13초	1767760393602]	ServerOptionDatabase..
[2026-01-07 13시33분13초	1767760393603]	1ms

[2026-01-07 13시33분13초	1767760393604]	TimeDungeonDatabase..
[2026-01-07 13시33분13초	1767760393604]	0ms

[2026-01-07 13시33분13초	1767760393605]	TeamBattleDatabase..
[2026-01-07 13시33분13초	1767760393607]	2ms

[2026-01-07 13시33분13초	1767760393608]	LifeLostItemDatabase..
[2026-01-07 13시33분13초	1767760393609]	1ms

[2026-01-07 13시33분13초	1767760393610]	GmTeleportDatabase..
[2026-01-07 13시33분13초	1767760393613]	3ms

[2026-01-07 13시33분13초	1767760393616]	무인혈맹컨트롤러..
[2026-01-07 13시33분13초	1767760393618]	2ms

[2026-01-07 13시33분13초	1767760393619]	HackNoCheckDatabase..
[2026-01-07 13시33분13초	1767760393620]	1ms

[2026-01-07 13시33분13초	1767760393622]	EnchantLostItemDatabase..
[2026-01-07 13시33분13초	1767760393635]	13ms

[2026-01-07 13시33분13초	1767760393637]	ItemDropMessageDatabase..
[2026-01-07 13시33분13초	1767760393638]	0ms

[2026-01-07 13시33분13초	1767760393639]	FishingController..
[2026-01-07 13시33분13초	1767760393755]	116ms

[2026-01-07 13시33분13초	1767760393765]	RobotController..
[2026-01-07 13시33분13초	1767760393790]	25ms

[2026-01-07 13시33분13초	1767760393792]	Server..
[2026-01-07 13시33분13초	1767760393873]	81ms

[2026-01-07 13시33분13초	1767760393874]	ServerThread..
[2026-01-07 13시33분13초	1767760393874]	0ms

[2026-01-07 13시33분13초	1767760393876]	ControllerTherad..
[2026-01-07 13시33분13초	1767760393876]	0ms

[2026-01-07 13시33분13초	1767760393877]	CharacterThread..
[2026-01-07 13시33분13초	1767760393877]	0ms

[2026-01-07 13시33분13초	1767760393879]	DatabaseThread..
[2026-01-07 13시33분13초	1767760393879]	0ms

[2026-01-07 13시33분13초	1767760393880]	CharacterControlThread..
[2026-01-07 13시33분13초	1767760393917]	37ms

[2026-01-07 13시33분13초	1767760393924]	FightController..
[2026-01-07 13시33분13초	1767760393939]	15ms

[2026-01-07 13시33분13초	1767760393941]	TimeThread..
[2026-01-07 13시33분13초	1767760393941]	0ms

[2026-01-07 13시33분13초	1767760393944]	AutoHuntThread..
[2026-01-07 13시33분13초	1767760393945]	1ms

[2026-01-07 13시33분13초	1767760393945]	======================================================================
[2026-01-07 13시33분13초	1767760393946]	Server Version  :  Lineage 2.0

[2026-01-07 13시33분13초	1767760393946]	Server Port      :  2000

[2026-01-07 13시33분13초	1767760393946]	계정 자동생성  :  on

[2026-01-07 13시33분13초	1767760393946]	인챈트 : 1.0배  ||  드랍 : 3.0배  ||  경험치 : 30.0배  ||  아데나 : 12.0배  ||  파티 : 1.1배

[2026-01-07 13시33분13초	1767760393946]	======================================================================
[2026-01-07 13시33분13초	1767760393946]	'서버' 가동되었습니다.

[2026-01-07 13시35분00초	1767760500377]	item 테이블 리로드 완료 - 
[2026-01-07 13시35분00초	1767760500440]	63ms

[2026-01-07 13시36분14초	1767760574587]	자동 저장완료 2026-01-07 13시36분14초
[2026-01-07 13시38분23초	1767760703497]	item 테이블 리로드 완료 - 
[2026-01-07 13시38분23초	1767760703553]	56ms

[2026-01-07 13시38분56초	1767760736945]	확대 : zoom(2)
[2026-01-07 13시38분57초	1767760737053]	확대 : zoom(3)
[2026-01-07 13시39분15초	1767760755245]	자동 저장완료 2026-01-07 13시39분15초
[2026-01-07 13시42분16초	1767760936177]	자동 저장완료 2026-01-07 13시42분16초
[2026-01-07 13시45분16초	1767761116897]	자동 저장완료 2026-01-07 13시45분16초
[2026-01-07 13시46분15초	1767761175304]	item 테이블 리로드 완료 - 
[2026-01-07 13시46분15초	1767761175376]	72ms

[2026-01-07 13시47분22초	1767761242692]	서버가 즉시 종료됩니다...
[2026-01-07 13시47분23초	1767761243693]	Thread close..
[2026-01-07 13시47분24초	1767761244705]	Save Database..
[2026-01-07 13시47분25초	1767761245389]	Socket close..
[2026-01-07 13시47분25초	1767761245389]	LineageServer Close...
[2026-01-07 13시47분25초	1767761245389]	0ms

[2026-01-07 13시47분25초	1767761245389]	ok..
