[2026-01-07 13시48분18초	1767761298408]	Mysql..
[2026-01-07 13시48분18초	1767761298408]	1ms

[2026-01-07 13시48분18초	1767761298426]	lineage.conf file loading...
[2026-01-07 13시48분18초	1767761298456]	30ms

[2026-01-07 13시48분18초	1767761298463]	Lineage_Balance..
[2026-01-07 13시48분18초	1767761298471]	8ms

[2026-01-07 13시48분18초	1767761298471]	npc_promotion..
[2026-01-07 13시48분18초	1767761298472]	1ms

[2026-01-07 13시48분18초	1767761298473]	Socket..
[2026-01-07 13시48분18초	1767761298473]	0ms

[2026-01-07 13시48분18초	1767761298473]	Common..
[2026-01-07 13시48분18초	1767761298473]	0ms

[2026-01-07 13시48분18초	1767761298474]	EventThread..
[2026-01-07 13시48분18초	1767761298474]	0ms

[2026-01-07 13시48분18초	1767761298475]	AiExecuteThread..
[2026-01-07 13시48분18초	1767761298475]	0ms

[2026-01-07 13시48분18초	1767761298476]	AiThread..
[2026-01-07 13시48분18초	1767761298476]	0ms

[2026-01-07 13시48분18초	1767761298480]	World..
[2026-01-07 13시48분18초	1767761298568]	88ms

[2026-01-07 13시48분18초	1767761298570]	BookController..
[2026-01-07 13시48분18초	1767761298570]	0ms

[2026-01-07 13시48분18초	1767761298570]	InventoryController..
[2026-01-07 13시48분18초	1767761298570]	0ms

[2026-01-07 13시48분18초	1767761298579]	BasePacketPooling..
[2026-01-07 13시48분18초	1767761298579]	0ms

[2026-01-07 13시48분18초	1767761298581]	SkillController..
[2026-01-07 13시48분18초	1767761298584]	1ms

[2026-01-07 13시48분18초	1767761298591]	DamageController..
[2026-01-07 13시48분18초	1767761298591]	0ms

[2026-01-07 13시48분18초	1767761298593]	CharacterController..
[2026-01-07 13시48분18초	1767761298593]	0ms

[2026-01-07 13시48분18초	1767761298594]	TradeController..
[2026-01-07 13시48분18초	1767761298594]	0ms

[2026-01-07 13시48분18초	1767761298595]	DungeonController..
[2026-01-07 13시48분18초	1767761298595]	0ms

[2026-01-07 13시48분18초	1767761298595]	ShipController..
[2026-01-07 13시48분18초	1767761298595]	0ms

[2026-01-07 13시48분18초	1767761298596]	BuffController..
[2026-01-07 13시48분18초	1767761298596]	0ms

[2026-01-07 13시48분18초	1767761298600]	SummonController..
[2026-01-07 13시48분18초	1767761298600]	0ms

[2026-01-07 13시48분18초	1767761298601]	PartyController..
[2026-01-07 13시48분18초	1767761298601]	0ms

[2026-01-07 13시48분18초	1767761298602]	InnController..
[2026-01-07 13시48분18초	1767761298602]	0ms

[2026-01-07 13시48분18초	1767761298603]	BoardController..
[2026-01-07 13시48분18초	1767761298603]	0ms

[2026-01-07 13시48분18초	1767761298612]	LetterController..
[2026-01-07 13시48분18초	1767761298612]	0ms

[2026-01-07 13시48분18초	1767761298613]	UserShopController..
[2026-01-07 13시48분18초	1767761298613]	0ms

[2026-01-07 13시48분18초	1767761298614]	ChattingController..
[2026-01-07 13시48분18초	1767761298615]	1ms

[2026-01-07 13시48분18초	1767761298616]	ColosseumController..
[2026-01-07 13시48분18초	1767761298616]	0ms

[2026-01-07 13시48분18초	1767761298617]	CraftController..
[2026-01-07 13시48분18초	1767761298617]	0ms

[2026-01-07 13시48분18초	1767761298618]	BossController..
[2026-01-07 13시48분18초	1767761298618]	0ms

[2026-01-07 13시48분18초	1767761298620]	NoticeController..
[2026-01-07 13시48분18초	1767761298620]	0ms

[2026-01-07 13시48분18초	1767761298621]	FriendController..
[2026-01-07 13시48분18초	1767761298621]	0ms

[2026-01-07 13시48분18초	1767761298621]	BugScanningController..
[2026-01-07 13시48분18초	1767761298621]	0ms

[2026-01-07 13시48분18초	1767761298622]	MagicDollController..
[2026-01-07 13시48분18초	1767761298623]	0ms

[2026-01-07 13시48분18초	1767761298623]	ShopController..
[2026-01-07 13시48분18초	1767761298623]	0ms

[2026-01-07 13시48분18초	1767761298624]	WarehouseDatabase..
[2026-01-07 13시48분18초	1767761298624]	0ms

[2026-01-07 13시48분18초	1767761298625]	PakTools..
[2026-01-07 13시48분18초	1767761298626]	1ms

[2026-01-07 13시48분18초	1767761298627]	ScriptController...
[2026-01-07 13시48분18초	1767761298630]	3ms

[2026-01-07 13시48분18초	1767761298631]	GiranClanLordController..
[2026-01-07 13시48분18초	1767761298631]	0ms

[2026-01-07 13시48분18초	1767761298633]	TeamBattleController..
[2026-01-07 13시48분18초	1767761298633]	0ms

[2026-01-07 13시48분18초	1767761298633]	WorldClearController..
[2026-01-07 13시48분18초	1767761298633]	0ms

[2026-01-07 13시48분18초	1767761298634]	SpotController..
[2026-01-07 13시48분18초	1767761298635]	1ms

[2026-01-07 13시48분18초	1767761298636]	테베라스 컨트롤러..
[2026-01-07 13시48분18초	1767761298636]	1ms

[2026-01-07 13시48분18초	1767761298636]	지옥 컨트롤러..
[2026-01-07 13시48분18초	1767761298636]	0ms

[2026-01-07 13시48분18초	1767761298637]	지하수로 컨트롤러..
[2026-01-07 13시48분18초	1767761298637]	0ms

[2026-01-07 13시48분18초	1767761298638]	보물찾기컨트롤러..
[2026-01-07 13시48분18초	1767761298638]	0ms

[2026-01-07 13시48분18초	1767761298639]	마족신전 컨트롤러..
[2026-01-07 13시48분18초	1767761298639]	0ms

[2026-01-07 13시48분18초	1767761298639]	고무 컨트롤러..
[2026-01-07 13시48분18초	1767761298640]	정무던전 컨트롤러..
[2026-01-07 13시48분18초	1767761298644]	4ms

[2026-01-07 13시48분18초	1767761298645]	그신 컨트롤러..
[2026-01-07 13시48분18초	1767761298645]	0ms

[2026-01-07 13시48분18초	1767761298646]	라바던전 컨트롤러..
[2026-01-07 13시48분18초	1767761298646]	0ms

[2026-01-07 13시48분18초	1767761298647]	월드보스컨트롤러..
[2026-01-07 13시48분18초	1767761298647]	0ms

[2026-01-07 13시48분18초	1767761298647]	펭귄 사냥터 컨트롤러..
[2026-01-07 13시48분18초	1767761298647]	0ms

[2026-01-07 13시48분18초	1767761298648]	칠흑던전 컨트롤러..
[2026-01-07 13시48분18초	1767761298649]	악마왕의영토컨트롤러..
[2026-01-07 13시48분18초	1767761298649]	0ms

[2026-01-07 13시48분18초	1767761298650]	얼던컨트롤러..
[2026-01-07 13시48분18초	1767761298650]	0ms

[2026-01-07 13시48분18초	1767761298651]	기감 컨트롤러..
[2026-01-07 13시48분18초	1767761298651]	0ms

[2026-01-07 13시48분18초	1767761298651]	고라스컨트롤러..
[2026-01-07 13시48분18초	1767761298651]	0ms

[2026-01-07 13시48분18초	1767761298652]	드워프컨트롤러..
[2026-01-07 13시48분18초	1767761298652]	0ms

[2026-01-07 13시48분18초	1767761298653]	타임이벤트컨트롤러..
[2026-01-07 13시48분18초	1767761298653]	0ms

[2026-01-07 13시48분18초	1767761298654]	AutoHuntController..
[2026-01-07 13시48분18초	1767761298654]	0ms

[2026-01-07 13시48분18초	1767761298654]	DatabaseConnection..
[2026-01-07 13시48분18초	1767761298945]	291ms

[2026-01-07 13시48분18초	1767761298967]	ServerDatabase..
[2026-01-07 13시48분18초	1767761298999]	32ms

[2026-01-07 13시48분19초	1767761299003]	SlimeRaceController..
[2026-01-07 13시48분19초	1767761299005]	2ms

[2026-01-07 13시48분19초	1767761299006]	DogRaceController..
[2026-01-07 13시48분19초	1767761299008]	2ms

[2026-01-07 13시48분19초	1767761299011]	ClanController..
[2026-01-07 13시48분19초	1767761299016]	5ms

[2026-01-07 13시48분19초	1767761299018]	KingdomController..
[2026-01-07 13시48분19초	1767761299024]	6ms

[2026-01-07 13시48분19초	1767761299025]	AgitController..
[2026-01-07 13시48분19초	1767761299030]	5ms

[2026-01-07 13시48분19초	1767761299031]	AuctionController..
[2026-01-07 13시48분19초	1767761299036]	5ms

[2026-01-07 13시48분19초	1767761299041]	ItemDatabase..
[2026-01-07 13시48분19초	1767761299149]	108ms

[2026-01-07 13시48분19초	1767761299150]	ItemSetopionDatabase..
[2026-01-07 13시48분19초	1767761299152]	2ms

[2026-01-07 13시48분19초	1767761299153]	AutosellDatabase..
[2026-01-07 13시48분19초	1767761299171]	17ms

[2026-01-07 13시48분19초	1767761299171]	ItemSkillDatabase..
[2026-01-07 13시48분19초	1767761299173]	2ms

[2026-01-07 13시48분19초	1767761299174]	ItemBundleDatabase..
[2026-01-07 13시48분19초	1767761299176]	2ms

[2026-01-07 13시48분19초	1767761299177]	ItemChanceBundleDatabase..
[2026-01-07 13시48분19초	1767761299181]	4ms

[2026-01-07 13시48분19초	1767761299182]	FishItemListDatabase..
[2026-01-07 13시48분19초	1767761299183]	1ms

[2026-01-07 13시48분19초	1767761299184]	ItemTeleport..
[2026-01-07 13시48분19초	1767761299186]	2ms

[2026-01-07 13시48분19초	1767761299187]	PolyDatabase..
[2026-01-07 13시48분19초	1767761299189]	2ms

[2026-01-07 13시48분19초	1767761299190]	DungeonDatabase..
[2026-01-07 13시48분19초	1767761299194]	4ms

[2026-01-07 13시48분19초	1767761299195]	DefiniteDatabase..
[2026-01-07 13시48분19초	1767761299196]	1ms

[2026-01-07 13시48분19초	1767761299197]	ExpDatabase..
[2026-01-07 13시48분19초	1767761299198]	1ms

[2026-01-07 13시48분19초	1767761299198]	BackgroundDatabase..
[2026-01-07 13시48분19초	1767761299312]	114ms

[2026-01-07 13시48분19초	1767761299312]	SpriteFrameDatabase..
[2026-01-07 13시48분19초	1767761299373]	61ms

[2026-01-07 13시48분19초	1767761299374]	SkillDatabase..
[2026-01-07 13시48분19초	1767761299377]	2ms

[2026-01-07 13시48분19초	1767761299377]	NpcDatabase..
[2026-01-07 13시48분19초	1767761299385]	8ms

[2026-01-07 13시48분19초	1767761299386]	NpcShopDatabase..
[2026-01-07 13시48분19초	1767761299449]	63ms

[2026-01-07 13시48분19초	1767761299450]	NpcTeleportDatabase..
[2026-01-07 13시48분19초	1767761299451]	1ms

[2026-01-07 13시48분19초	1767761299592]	NpcSpawnlistDatabase..
[2026-01-07 13시48분19초	1767761299639]	46ms

[2026-01-07 13시48분19초	1767761299640]	EventController..
[2026-01-07 13시48분19초	1767761299640]	0ms

[2026-01-07 13시48분19초	1767761299642]	MonsterDatabase..
[2026-01-07 13시48분19초	1767761299656]	14ms

[2026-01-07 13시48분19초	1767761299657]	MonsterDropDatabase..
[2026-01-07 13시48분19초	1767761299681]	24ms

[2026-01-07 13시48분19초	1767761299682]	MonsterSkillDatabase..
[2026-01-07 13시48분19초	1767761299693]	11ms

[2026-01-07 13시48분19초	1767761299695]	MonsterSpawnlistDatabase..
[2026-01-07 13시48분20초	1767761300682]	987ms

[2026-01-07 13시48분20초	1767761300683]	MonsterBossSpawnlistDatabase..
[2026-01-07 13시48분20초	1767761300685]	2ms

[2026-01-07 13시48분20초	1767761300686]	ServerDownBossListDatabase..
[2026-01-07 13시48분20초	1767761300687]	1ms

[2026-01-07 13시48분20초	1767761300688]	BadIpDatabase..
[2026-01-07 13시48분20초	1767761300690]	2ms

[2026-01-07 13시48분20초	1767761300690]	QuestController..
[2026-01-07 13시48분20초	1767761300691]	1ms

[2026-01-07 13시48분20초	1767761300692]	ServerOpcodesDatabase..
[2026-01-07 13시48분20초	1767761300695]	3ms

[2026-01-07 13시48분20초	1767761300696]	ServerNoticeDatabase..
[2026-01-07 13시48분20초	1767761300697]	1ms

[2026-01-07 13시48분20초	1767761300699]	RankController..
[2026-01-07 13시48분20초	1767761300720]	21ms

[2026-01-07 13시48분20초	1767761300727]	WantedController..
[2026-01-07 13시48분20초	1767761300731]	4ms

[2026-01-07 13시48분20초	1767761300732]	TeleportHomeDatabase..
[2026-01-07 13시48분20초	1767761300762]	30ms

[2026-01-07 13시48분20초	1767761300763]	TeleportResetDatabase..
[2026-01-07 13시48분20초	1767761300791]	28ms

[2026-01-07 13시48분20초	1767761300792]	ItemPinewandDatabase..
[2026-01-07 13시48분20초	1767761300793]	1ms

[2026-01-07 13시48분20초	1767761300794]	ItemMaplewandDatabase..
[2026-01-07 13시48분20초	1767761300795]	1ms

[2026-01-07 13시48분20초	1767761300796]	SummonListDatabase..
[2026-01-07 13시48분20초	1767761300797]	1ms

[2026-01-07 13시48분20초	1767761300798]	GmListDatabase..
[2026-01-07 13시48분20초	1767761300798]	0ms

[2026-01-07 13시48분20초	1767761300799]	MagicdollListDatabase..
[2026-01-07 13시48분20초	1767761300800]	1ms

[2026-01-07 13시48분20초	1767761300804]	PcMarketController..
[2026-01-07 13시48분20초	1767761300805]	0ms

[2026-01-07 13시48분20초	1767761300805]	ServerOptionDatabase..
[2026-01-07 13시48분20초	1767761300806]	0ms

[2026-01-07 13시48분20초	1767761300806]	TimeDungeonDatabase..
[2026-01-07 13시48분20초	1767761300807]	1ms

[2026-01-07 13시48분20초	1767761300807]	TeamBattleDatabase..
[2026-01-07 13시48분20초	1767761300808]	1ms

[2026-01-07 13시48분20초	1767761300809]	LifeLostItemDatabase..
[2026-01-07 13시48분20초	1767761300810]	1ms

[2026-01-07 13시48분20초	1767761300811]	GmTeleportDatabase..
[2026-01-07 13시48분20초	1767761300812]	1ms

[2026-01-07 13시48분20초	1767761300815]	무인혈맹컨트롤러..
[2026-01-07 13시48분20초	1767761300816]	1ms

[2026-01-07 13시48분20초	1767761300817]	HackNoCheckDatabase..
[2026-01-07 13시48분20초	1767761300818]	1ms

[2026-01-07 13시48분20초	1767761300819]	EnchantLostItemDatabase..
[2026-01-07 13시48분20초	1767761300831]	12ms

[2026-01-07 13시48분20초	1767761300832]	ItemDropMessageDatabase..
[2026-01-07 13시48분20초	1767761300833]	1ms

[2026-01-07 13시48분20초	1767761300835]	FishingController..
[2026-01-07 13시48분20초	1767761300956]	121ms

[2026-01-07 13시48분20초	1767761300965]	RobotController..
[2026-01-07 13시48분20초	1767761300987]	22ms

[2026-01-07 13시48분20초	1767761300989]	Server..
[2026-01-07 13시48분21초	1767761301054]	65ms

[2026-01-07 13시48분21초	1767761301054]	ServerThread..
[2026-01-07 13시48분21초	1767761301054]	0ms

[2026-01-07 13시48분21초	1767761301055]	ControllerTherad..
[2026-01-07 13시48분21초	1767761301055]	0ms

[2026-01-07 13시48분21초	1767761301056]	CharacterThread..
[2026-01-07 13시48분21초	1767761301056]	0ms

[2026-01-07 13시48분21초	1767761301056]	DatabaseThread..
[2026-01-07 13시48분21초	1767761301057]	1ms

[2026-01-07 13시48분21초	1767761301057]	CharacterControlThread..
[2026-01-07 13시48분21초	1767761301058]	1ms

[2026-01-07 13시48분21초	1767761301064]	FightController..
[2026-01-07 13시48분21초	1767761301123]	59ms

[2026-01-07 13시48분21초	1767761301124]	TimeThread..
[2026-01-07 13시48분21초	1767761301124]	0ms

[2026-01-07 13시48분21초	1767761301125]	AutoHuntThread..
[2026-01-07 13시48분21초	1767761301125]	0ms

[2026-01-07 13시48분21초	1767761301125]	======================================================================
[2026-01-07 13시48분21초	1767761301125]	Server Version  :  Lineage 2.0

[2026-01-07 13시48분21초	1767761301125]	Server Port      :  2000

[2026-01-07 13시48분21초	1767761301125]	계정 자동생성  :  on

[2026-01-07 13시48분21초	1767761301125]	인챈트 : 1.0배  ||  드랍 : 3.0배  ||  경험치 : 30.0배  ||  아데나 : 12.0배  ||  파티 : 1.1배

[2026-01-07 13시48분21초	1767761301125]	======================================================================
[2026-01-07 13시48분21초	1767761301125]	'서버' 가동되었습니다.

[2026-01-07 13시51분21초	1767761481851]	자동 저장완료 2026-01-07 13시51분21초
[2026-01-07 13시54분22초	1767761662491]	자동 저장완료 2026-01-07 13시54분22초
[2026-01-07 13시57분23초	1767761843115]	자동 저장완료 2026-01-07 13시57분23초
[2026-01-07 14시00분23초	1767762023884]	자동 저장완료 2026-01-07 14시00분23초
[2026-01-07 14시01분26초	1767762086181]	kubera_word_list.txt 파일 리로드 완료 - 
[2026-01-07 14시01분26초	1767762086182]	1ms

[2026-01-07 14시03분24초	1767762204544]	자동 저장완료 2026-01-07 14시03분24초
[2026-01-07 14시06분25초	1767762385218]	자동 저장완료 2026-01-07 14시06분25초
[2026-01-07 14시06분49초	1767762409346]	서버가 즉시 종료됩니다...
[2026-01-07 14시06분50초	1767762410347]	Thread close..
[2026-01-07 14시06분51초	1767762411348]	Save Database..
[2026-01-07 14시06분52초	1767762412038]	Socket close..
[2026-01-07 14시06분52초	1767762412038]	LineageServer Close...
[2026-01-07 14시06분52초	1767762412038]	0ms

[2026-01-07 14시06분52초	1767762412038]	ok..
