[2026-01-07 16시40분30초	1767771630978]	Mysql..
[2026-01-07 16시40분30초	1767771630978]	1ms

[2026-01-07 16시40분30초	1767771630995]	lineage.conf file loading...
[2026-01-07 16시40분31초	1767771631024]	29ms

[2026-01-07 16시40분31초	1767771631031]	Lineage_Balance..
[2026-01-07 16시40분31초	1767771631039]	8ms

[2026-01-07 16시40분31초	1767771631040]	npc_promotion..
[2026-01-07 16시40분31초	1767771631040]	0ms

[2026-01-07 16시40분31초	1767771631041]	Socket..
[2026-01-07 16시40분31초	1767771631041]	0ms

[2026-01-07 16시40분31초	1767771631041]	Common..
[2026-01-07 16시40분31초	1767771631041]	0ms

[2026-01-07 16시40분31초	1767771631042]	EventThread..
[2026-01-07 16시40분31초	1767771631043]	1ms

[2026-01-07 16시40분31초	1767771631043]	AiExecuteThread..
[2026-01-07 16시40분31초	1767771631044]	1ms

[2026-01-07 16시40분31초	1767771631044]	AiThread..
[2026-01-07 16시40분31초	1767771631045]	0ms

[2026-01-07 16시40분31초	1767771631048]	World..
[2026-01-07 16시40분31초	1767771631129]	81ms

[2026-01-07 16시40분31초	1767771631131]	BookController..
[2026-01-07 16시40분31초	1767771631131]	0ms

[2026-01-07 16시40분31초	1767771631131]	InventoryController..
[2026-01-07 16시40분31초	1767771631132]	0ms

[2026-01-07 16시40분31초	1767771631132]	BasePacketPooling..
[2026-01-07 16시40분31초	1767771631132]	0ms

[2026-01-07 16시40분31초	1767771631141]	SkillController..
[2026-01-07 16시40분31초	1767771631143]	0ms

[2026-01-07 16시40분31초	1767771631149]	DamageController..
[2026-01-07 16시40분31초	1767771631149]	0ms

[2026-01-07 16시40분31초	1767771631158]	CharacterController..
[2026-01-07 16시40분31초	1767771631158]	0ms

[2026-01-07 16시40분31초	1767771631159]	TradeController..
[2026-01-07 16시40분31초	1767771631159]	0ms

[2026-01-07 16시40분31초	1767771631159]	DungeonController..
[2026-01-07 16시40분31초	1767771631159]	0ms

[2026-01-07 16시40분31초	1767771631160]	ShipController..
[2026-01-07 16시40분31초	1767771631160]	0ms

[2026-01-07 16시40분31초	1767771631160]	BuffController..
[2026-01-07 16시40분31초	1767771631160]	0ms

[2026-01-07 16시40분31초	1767771631164]	SummonController..
[2026-01-07 16시40분31초	1767771631164]	0ms

[2026-01-07 16시40분31초	1767771631165]	PartyController..
[2026-01-07 16시40분31초	1767771631165]	0ms

[2026-01-07 16시40분31초	1767771631165]	InnController..
[2026-01-07 16시40분31초	1767771631165]	0ms

[2026-01-07 16시40분31초	1767771631166]	BoardController..
[2026-01-07 16시40분31초	1767771631166]	0ms

[2026-01-07 16시40분31초	1767771631168]	LetterController..
[2026-01-07 16시40분31초	1767771631168]	0ms

[2026-01-07 16시40분31초	1767771631168]	UserShopController..
[2026-01-07 16시40분31초	1767771631168]	0ms

[2026-01-07 16시40분31초	1767771631169]	ChattingController..
[2026-01-07 16시40분31초	1767771631178]	9ms

[2026-01-07 16시40분31초	1767771631180]	ColosseumController..
[2026-01-07 16시40분31초	1767771631180]	0ms

[2026-01-07 16시40분31초	1767771631189]	CraftController..
[2026-01-07 16시40분31초	1767771631189]	0ms

[2026-01-07 16시40분31초	1767771631190]	BossController..
[2026-01-07 16시40분31초	1767771631190]	0ms

[2026-01-07 16시40분31초	1767771631191]	NoticeController..
[2026-01-07 16시40분31초	1767771631191]	0ms

[2026-01-07 16시40분31초	1767771631191]	FriendController..
[2026-01-07 16시40분31초	1767771631191]	0ms

[2026-01-07 16시40분31초	1767771631192]	BugScanningController..
[2026-01-07 16시40분31초	1767771631192]	0ms

[2026-01-07 16시40분31초	1767771631193]	MagicDollController..
[2026-01-07 16시40분31초	1767771631193]	0ms

[2026-01-07 16시40분31초	1767771631194]	ShopController..
[2026-01-07 16시40분31초	1767771631194]	0ms

[2026-01-07 16시40분31초	1767771631195]	WarehouseDatabase..
[2026-01-07 16시40분31초	1767771631195]	0ms

[2026-01-07 16시40분31초	1767771631195]	PakTools..
[2026-01-07 16시40분31초	1767771631196]	1ms

[2026-01-07 16시40분31초	1767771631196]	ScriptController...
[2026-01-07 16시40분31초	1767771631199]	3ms

[2026-01-07 16시40분31초	1767771631200]	GiranClanLordController..
[2026-01-07 16시40분31초	1767771631200]	0ms

[2026-01-07 16시40분31초	1767771631201]	TeamBattleController..
[2026-01-07 16시40분31초	1767771631201]	0ms

[2026-01-07 16시40분31초	1767771631202]	WorldClearController..
[2026-01-07 16시40분31초	1767771631202]	0ms

[2026-01-07 16시40분31초	1767771631202]	SpotController..
[2026-01-07 16시40분31초	1767771631202]	0ms

[2026-01-07 16시40분31초	1767771631203]	테베라스 컨트롤러..
[2026-01-07 16시40분31초	1767771631203]	0ms

[2026-01-07 16시40분31초	1767771631204]	지옥 컨트롤러..
[2026-01-07 16시40분31초	1767771631204]	0ms

[2026-01-07 16시40분31초	1767771631204]	지하수로 컨트롤러..
[2026-01-07 16시40분31초	1767771631205]	1ms

[2026-01-07 16시40분31초	1767771631205]	보물찾기컨트롤러..
[2026-01-07 16시40분31초	1767771631205]	0ms

[2026-01-07 16시40분31초	1767771631206]	마족신전 컨트롤러..
[2026-01-07 16시40분31초	1767771631206]	0ms

[2026-01-07 16시40분31초	1767771631206]	고무 컨트롤러..
[2026-01-07 16시40분31초	1767771631207]	정무던전 컨트롤러..
[2026-01-07 16시40분31초	1767771631211]	4ms

[2026-01-07 16시40분31초	1767771631212]	그신 컨트롤러..
[2026-01-07 16시40분31초	1767771631212]	0ms

[2026-01-07 16시40분31초	1767771631213]	라바던전 컨트롤러..
[2026-01-07 16시40분31초	1767771631213]	0ms

[2026-01-07 16시40분31초	1767771631214]	월드보스컨트롤러..
[2026-01-07 16시40분31초	1767771631214]	0ms

[2026-01-07 16시40분31초	1767771631214]	펭귄 사냥터 컨트롤러..
[2026-01-07 16시40분31초	1767771631214]	0ms

[2026-01-07 16시40분31초	1767771631215]	칠흑던전 컨트롤러..
[2026-01-07 16시40분31초	1767771631215]	악마왕의영토컨트롤러..
[2026-01-07 16시40분31초	1767771631216]	1ms

[2026-01-07 16시40분31초	1767771631216]	얼던컨트롤러..
[2026-01-07 16시40분31초	1767771631216]	0ms

[2026-01-07 16시40분31초	1767771631217]	기감 컨트롤러..
[2026-01-07 16시40분31초	1767771631217]	0ms

[2026-01-07 16시40분31초	1767771631217]	고라스컨트롤러..
[2026-01-07 16시40분31초	1767771631218]	1ms

[2026-01-07 16시40분31초	1767771631218]	드워프컨트롤러..
[2026-01-07 16시40분31초	1767771631218]	0ms

[2026-01-07 16시40분31초	1767771631219]	타임이벤트컨트롤러..
[2026-01-07 16시40분31초	1767771631219]	0ms

[2026-01-07 16시40분31초	1767771631219]	AutoHuntController..
[2026-01-07 16시40분31초	1767771631219]	0ms

[2026-01-07 16시40분31초	1767771631220]	DatabaseConnection..
[2026-01-07 16시40분31초	1767771631531]	311ms

[2026-01-07 16시40분31초	1767771631554]	ServerDatabase..
[2026-01-07 16시40분31초	1767771631589]	35ms

[2026-01-07 16시40분31초	1767771631592]	SlimeRaceController..
[2026-01-07 16시40분31초	1767771631594]	2ms

[2026-01-07 16시40분31초	1767771631596]	DogRaceController..
[2026-01-07 16시40분31초	1767771631598]	2ms

[2026-01-07 16시40분31초	1767771631600]	ClanController..
[2026-01-07 16시40분31초	1767771631605]	5ms

[2026-01-07 16시40분31초	1767771631608]	KingdomController..
[2026-01-07 16시40분31초	1767771631614]	6ms

[2026-01-07 16시40분31초	1767771631615]	AgitController..
[2026-01-07 16시40분31초	1767771631619]	4ms

[2026-01-07 16시40분31초	1767771631621]	AuctionController..
[2026-01-07 16시40분31초	1767771631625]	5ms

[2026-01-07 16시40분31초	1767771631630]	ItemDatabase..
[2026-01-07 16시40분31초	1767771631721]	91ms

[2026-01-07 16시40분31초	1767771631722]	ItemSetopionDatabase..
[2026-01-07 16시40분31초	1767771631725]	3ms

[2026-01-07 16시40분31초	1767771631726]	AutosellDatabase..
[2026-01-07 16시40분31초	1767771631745]	19ms

[2026-01-07 16시40분31초	1767771631746]	ItemSkillDatabase..
[2026-01-07 16시40분31초	1767771631749]	3ms

[2026-01-07 16시40분31초	1767771631750]	ItemBundleDatabase..
[2026-01-07 16시40분31초	1767771631753]	3ms

[2026-01-07 16시40분31초	1767771631754]	ItemChanceBundleDatabase..
[2026-01-07 16시40분31초	1767771631757]	3ms

[2026-01-07 16시40분31초	1767771631758]	FishItemListDatabase..
[2026-01-07 16시40분31초	1767771631759]	1ms

[2026-01-07 16시40분31초	1767771631761]	ItemTeleport..
[2026-01-07 16시40분31초	1767771631763]	2ms

[2026-01-07 16시40분31초	1767771631765]	PolyDatabase..
[2026-01-07 16시40분31초	1767771631768]	3ms

[2026-01-07 16시40분31초	1767771631769]	DungeonDatabase..
[2026-01-07 16시40분31초	1767771631776]	7ms

[2026-01-07 16시40분31초	1767771631777]	DefiniteDatabase..
[2026-01-07 16시40분31초	1767771631779]	2ms

[2026-01-07 16시40분31초	1767771631780]	ExpDatabase..
[2026-01-07 16시40분31초	1767771631783]	3ms

[2026-01-07 16시40분31초	1767771631783]	BackgroundDatabase..
[2026-01-07 16시40분31초	1767771631917]	134ms

[2026-01-07 16시40분31초	1767771631917]	SpriteFrameDatabase..
[2026-01-07 16시40분31초	1767771631989]	72ms

[2026-01-07 16시40분31초	1767771631990]	SkillDatabase..
[2026-01-07 16시40분31초	1767771631994]	4ms

[2026-01-07 16시40분31초	1767771631995]	NpcDatabase..
[2026-01-07 16시40분32초	1767771632004]	9ms

[2026-01-07 16시40분32초	1767771632007]	NpcShopDatabase..
[2026-01-07 16시40분32초	1767771632065]	58ms

[2026-01-07 16시40분32초	1767771632065]	NpcTeleportDatabase..
[2026-01-07 16시40분32초	1767771632067]	2ms

[2026-01-07 16시40분32초	1767771632221]	NpcSpawnlistDatabase..
[2026-01-07 16시40분32초	1767771632283]	62ms

[2026-01-07 16시40분32초	1767771632285]	EventController..
[2026-01-07 16시40분32초	1767771632285]	0ms

[2026-01-07 16시40분32초	1767771632287]	MonsterDatabase..
[2026-01-07 16시40분32초	1767771632303]	16ms

[2026-01-07 16시40분32초	1767771632305]	MonsterDropDatabase..
[2026-01-07 16시40분32초	1767771632330]	25ms

[2026-01-07 16시40분32초	1767771632331]	MonsterSkillDatabase..
[2026-01-07 16시40분32초	1767771632345]	14ms

[2026-01-07 16시40분32초	1767771632347]	MonsterSpawnlistDatabase..
[2026-01-07 16시40분33초	1767771633606]	1259ms

[2026-01-07 16시40분33초	1767771633607]	MonsterBossSpawnlistDatabase..
[2026-01-07 16시40분33초	1767771633610]	3ms

[2026-01-07 16시40분33초	1767771633611]	ServerDownBossListDatabase..
[2026-01-07 16시40분33초	1767771633612]	1ms

[2026-01-07 16시40분33초	1767771633613]	BadIpDatabase..
[2026-01-07 16시40분33초	1767771633615]	2ms

[2026-01-07 16시40분33초	1767771633615]	QuestController..
[2026-01-07 16시40분33초	1767771633616]	1ms

[2026-01-07 16시40분33초	1767771633617]	ServerOpcodesDatabase..
[2026-01-07 16시40분33초	1767771633621]	4ms

[2026-01-07 16시40분33초	1767771633622]	ServerNoticeDatabase..
[2026-01-07 16시40분33초	1767771633624]	2ms

[2026-01-07 16시40분33초	1767771633626]	RankController..
[2026-01-07 16시40분33초	1767771633648]	22ms

[2026-01-07 16시40분33초	1767771633652]	WantedController..
[2026-01-07 16시40분33초	1767771633656]	4ms

[2026-01-07 16시40분33초	1767771633657]	TeleportHomeDatabase..
[2026-01-07 16시40분33초	1767771633690]	33ms

[2026-01-07 16시40분33초	1767771633691]	TeleportResetDatabase..
[2026-01-07 16시40분33초	1767771633720]	29ms

[2026-01-07 16시40분33초	1767771633721]	ItemPinewandDatabase..
[2026-01-07 16시40분33초	1767771633723]	2ms

[2026-01-07 16시40분33초	1767771633724]	ItemMaplewandDatabase..
[2026-01-07 16시40분33초	1767771633726]	2ms

[2026-01-07 16시40분33초	1767771633726]	SummonListDatabase..
[2026-01-07 16시40분33초	1767771633729]	3ms

[2026-01-07 16시40분33초	1767771633730]	GmListDatabase..
[2026-01-07 16시40분33초	1767771633731]	1ms

[2026-01-07 16시40분33초	1767771633732]	MagicdollListDatabase..
[2026-01-07 16시40분33초	1767771633735]	3ms

[2026-01-07 16시40분33초	1767771633739]	PcMarketController..
[2026-01-07 16시40분33초	1767771633740]	1ms

[2026-01-07 16시40분33초	1767771633740]	ServerOptionDatabase..
[2026-01-07 16시40분33초	1767771633741]	1ms

[2026-01-07 16시40분33초	1767771633742]	TimeDungeonDatabase..
[2026-01-07 16시40분33초	1767771633743]	1ms

[2026-01-07 16시40분33초	1767771633743]	TeamBattleDatabase..
[2026-01-07 16시40분33초	1767771633744]	1ms

[2026-01-07 16시40분33초	1767771633745]	LifeLostItemDatabase..
[2026-01-07 16시40분33초	1767771633747]	2ms

[2026-01-07 16시40분33초	1767771633748]	GmTeleportDatabase..
[2026-01-07 16시40분33초	1767771633749]	1ms

[2026-01-07 16시40분33초	1767771633751]	무인혈맹컨트롤러..
[2026-01-07 16시40분33초	1767771633753]	2ms

[2026-01-07 16시40분33초	1767771633754]	HackNoCheckDatabase..
[2026-01-07 16시40분33초	1767771633755]	1ms

[2026-01-07 16시40분33초	1767771633756]	EnchantLostItemDatabase..
[2026-01-07 16시40분33초	1767771633770]	14ms

[2026-01-07 16시40분33초	1767771633772]	ItemDropMessageDatabase..
[2026-01-07 16시40분33초	1767771633772]	0ms

[2026-01-07 16시40분33초	1767771633774]	FishingController..
[2026-01-07 16시40분33초	1767771633894]	120ms

[2026-01-07 16시40분33초	1767771633906]	RobotController..
[2026-01-07 16시40분33초	1767771633931]	25ms

[2026-01-07 16시40분33초	1767771633933]	Server..
[2026-01-07 16시40분34초	1767771634006]	73ms

[2026-01-07 16시40분34초	1767771634006]	ServerThread..
[2026-01-07 16시40분34초	1767771634007]	1ms

[2026-01-07 16시40분34초	1767771634007]	ControllerTherad..
[2026-01-07 16시40분34초	1767771634008]	1ms

[2026-01-07 16시40분34초	1767771634009]	CharacterThread..
[2026-01-07 16시40분34초	1767771634009]	0ms

[2026-01-07 16시40분34초	1767771634010]	DatabaseThread..
[2026-01-07 16시40분34초	1767771634010]	0ms

[2026-01-07 16시40분34초	1767771634011]	CharacterControlThread..
[2026-01-07 16시40분34초	1767771634011]	0ms

[2026-01-07 16시40분34초	1767771634055]	FightController..
[2026-01-07 16시40분34초	1767771634072]	17ms

[2026-01-07 16시40분34초	1767771634073]	TimeThread..
[2026-01-07 16시40분34초	1767771634073]	0ms

[2026-01-07 16시40분34초	1767771634074]	AutoHuntThread..
[2026-01-07 16시40분34초	1767771634074]	0ms

[2026-01-07 16시40분34초	1767771634074]	======================================================================
[2026-01-07 16시40분34초	1767771634075]	Server Version  :  Lineage 2.0

[2026-01-07 16시40분34초	1767771634075]	Server Port      :  2000

[2026-01-07 16시40분34초	1767771634075]	계정 자동생성  :  on

[2026-01-07 16시40분34초	1767771634075]	인챈트 : 1.0배  ||  드랍 : 3.0배  ||  경험치 : 30.0배  ||  아데나 : 12.0배  ||  파티 : 1.1배

[2026-01-07 16시40분34초	1767771634075]	======================================================================
[2026-01-07 16시40분34초	1767771634075]	'서버' 가동되었습니다.

[2026-01-07 16시41분15초	1767771675153]	서버가 즉시 종료됩니다...
[2026-01-07 16시41분16초	1767771676153]	Thread close..
[2026-01-07 16시41분17초	1767771677153]	Save Database..
[2026-01-07 16시41분17초	1767771677890]	Socket close..
[2026-01-07 16시41분17초	1767771677890]	LineageServer Close...
[2026-01-07 16시41분17초	1767771677892]	2ms

[2026-01-07 16시41분17초	1767771677892]	ok..
