[2026-01-07 17시13분41초	1767773621286]	Mysql..
[2026-01-07 17시13분41초	1767773621287]	2ms

[2026-01-07 17시13분41초	1767773621302]	lineage.conf file loading...
[2026-01-07 17시13분41초	1767773621330]	28ms

[2026-01-07 17시13분41초	1767773621336]	Lineage_Balance..
[2026-01-07 17시13분41초	1767773621344]	7ms

[2026-01-07 17시13분41초	1767773621352]	npc_promotion..
[2026-01-07 17시13분41초	1767773621353]	1ms

[2026-01-07 17시13분41초	1767773621353]	Socket..
[2026-01-07 17시13분41초	1767773621354]	1ms

[2026-01-07 17시13분41초	1767773621354]	Common..
[2026-01-07 17시13분41초	1767773621354]	0ms

[2026-01-07 17시13분41초	1767773621354]	EventThread..
[2026-01-07 17시13분41초	1767773621355]	1ms

[2026-01-07 17시13분41초	1767773621355]	AiExecuteThread..
[2026-01-07 17시13분41초	1767773621356]	1ms

[2026-01-07 17시13분41초	1767773621356]	AiThread..
[2026-01-07 17시13분41초	1767773621356]	0ms

[2026-01-07 17시13분41초	1767773621359]	World..
[2026-01-07 17시13분41초	1767773621464]	105ms

[2026-01-07 17시13분41초	1767773621466]	BookController..
[2026-01-07 17시13분41초	1767773621466]	0ms

[2026-01-07 17시13분41초	1767773621466]	InventoryController..
[2026-01-07 17시13분41초	1767773621467]	1ms

[2026-01-07 17시13분41초	1767773621467]	BasePacketPooling..
[2026-01-07 17시13분41초	1767773621467]	0ms

[2026-01-07 17시13분41초	1767773621469]	SkillController..
[2026-01-07 17시13분41초	1767773621469]	0ms

[2026-01-07 17시13분41초	1767773621476]	DamageController..
[2026-01-07 17시13분41초	1767773621476]	0ms

[2026-01-07 17시13분41초	1767773621484]	CharacterController..
[2026-01-07 17시13분41초	1767773621485]	1ms

[2026-01-07 17시13분41초	1767773621485]	TradeController..
[2026-01-07 17시13분41초	1767773621486]	0ms

[2026-01-07 17시13분41초	1767773621486]	DungeonController..
[2026-01-07 17시13분41초	1767773621486]	0ms

[2026-01-07 17시13분41초	1767773621487]	ShipController..
[2026-01-07 17시13분41초	1767773621487]	0ms

[2026-01-07 17시13분41초	1767773621487]	BuffController..
[2026-01-07 17시13분41초	1767773621487]	0ms

[2026-01-07 17시13분41초	1767773621491]	SummonController..
[2026-01-07 17시13분41초	1767773621491]	0ms

[2026-01-07 17시13분41초	1767773621492]	PartyController..
[2026-01-07 17시13분41초	1767773621492]	0ms

[2026-01-07 17시13분41초	1767773621493]	InnController..
[2026-01-07 17시13분41초	1767773621493]	0ms

[2026-01-07 17시13분41초	1767773621494]	BoardController..
[2026-01-07 17시13분41초	1767773621494]	0ms

[2026-01-07 17시13분41초	1767773621495]	LetterController..
[2026-01-07 17시13분41초	1767773621496]	1ms

[2026-01-07 17시13분41초	1767773621496]	UserShopController..
[2026-01-07 17시13분41초	1767773621496]	0ms

[2026-01-07 17시13분41초	1767773621498]	ChattingController..
[2026-01-07 17시13분41초	1767773621499]	1ms

[2026-01-07 17시13분41초	1767773621500]	ColosseumController..
[2026-01-07 17시13분41초	1767773621500]	0ms

[2026-01-07 17시13분41초	1767773621501]	CraftController..
[2026-01-07 17시13분41초	1767773621501]	0ms

[2026-01-07 17시13분41초	1767773621502]	BossController..
[2026-01-07 17시13분41초	1767773621502]	0ms

[2026-01-07 17시13분41초	1767773621503]	NoticeController..
[2026-01-07 17시13분41초	1767773621504]	1ms

[2026-01-07 17시13분41초	1767773621504]	FriendController..
[2026-01-07 17시13분41초	1767773621504]	0ms

[2026-01-07 17시13분41초	1767773621505]	BugScanningController..
[2026-01-07 17시13분41초	1767773621505]	0ms

[2026-01-07 17시13분41초	1767773621506]	MagicDollController..
[2026-01-07 17시13분41초	1767773621506]	0ms

[2026-01-07 17시13분41초	1767773621515]	ShopController..
[2026-01-07 17시13분41초	1767773621515]	0ms

[2026-01-07 17시13분41초	1767773621516]	WarehouseDatabase..
[2026-01-07 17시13분41초	1767773621516]	0ms

[2026-01-07 17시13분41초	1767773621517]	PakTools..
[2026-01-07 17시13분41초	1767773621518]	1ms

[2026-01-07 17시13분41초	1767773621519]	ScriptController...
[2026-01-07 17시13분41초	1767773621522]	3ms

[2026-01-07 17시13분41초	1767773621522]	GiranClanLordController..
[2026-01-07 17시13분41초	1767773621522]	0ms

[2026-01-07 17시13분41초	1767773621524]	TeamBattleController..
[2026-01-07 17시13분41초	1767773621524]	0ms

[2026-01-07 17시13분41초	1767773621525]	WorldClearController..
[2026-01-07 17시13분41초	1767773621525]	0ms

[2026-01-07 17시13분41초	1767773621525]	SpotController..
[2026-01-07 17시13분41초	1767773621525]	0ms

[2026-01-07 17시13분41초	1767773621526]	테베라스 컨트롤러..
[2026-01-07 17시13분41초	1767773621526]	0ms

[2026-01-07 17시13분41초	1767773621527]	지옥 컨트롤러..
[2026-01-07 17시13분41초	1767773621527]	0ms

[2026-01-07 17시13분41초	1767773621528]	지하수로 컨트롤러..
[2026-01-07 17시13분41초	1767773621528]	0ms

[2026-01-07 17시13분41초	1767773621528]	보물찾기컨트롤러..
[2026-01-07 17시13분41초	1767773621528]	0ms

[2026-01-07 17시13분41초	1767773621529]	마족신전 컨트롤러..
[2026-01-07 17시13분41초	1767773621529]	0ms

[2026-01-07 17시13분41초	1767773621529]	고무 컨트롤러..
[2026-01-07 17시13분41초	1767773621530]	정무던전 컨트롤러..
[2026-01-07 17시13분41초	1767773621534]	4ms

[2026-01-07 17시13분41초	1767773621535]	그신 컨트롤러..
[2026-01-07 17시13분41초	1767773621535]	0ms

[2026-01-07 17시13분41초	1767773621535]	라바던전 컨트롤러..
[2026-01-07 17시13분41초	1767773621535]	0ms

[2026-01-07 17시13분41초	1767773621536]	월드보스컨트롤러..
[2026-01-07 17시13분41초	1767773621536]	0ms

[2026-01-07 17시13분41초	1767773621537]	펭귄 사냥터 컨트롤러..
[2026-01-07 17시13분41초	1767773621537]	0ms

[2026-01-07 17시13분41초	1767773621537]	칠흑던전 컨트롤러..
[2026-01-07 17시13분41초	1767773621538]	악마왕의영토컨트롤러..
[2026-01-07 17시13분41초	1767773621538]	0ms

[2026-01-07 17시13분41초	1767773621538]	얼던컨트롤러..
[2026-01-07 17시13분41초	1767773621539]	1ms

[2026-01-07 17시13분41초	1767773621539]	기감 컨트롤러..
[2026-01-07 17시13분41초	1767773621539]	0ms

[2026-01-07 17시13분41초	1767773621540]	고라스컨트롤러..
[2026-01-07 17시13분41초	1767773621540]	0ms

[2026-01-07 17시13분41초	1767773621540]	드워프컨트롤러..
[2026-01-07 17시13분41초	1767773621540]	0ms

[2026-01-07 17시13분41초	1767773621541]	타임이벤트컨트롤러..
[2026-01-07 17시13분41초	1767773621541]	0ms

[2026-01-07 17시13분41초	1767773621542]	AutoHuntController..
[2026-01-07 17시13분41초	1767773621542]	0ms

[2026-01-07 17시13분41초	1767773621542]	DatabaseConnection..
[2026-01-07 17시13분41초	1767773621840]	298ms

[2026-01-07 17시13분41초	1767773621857]	ServerDatabase..
[2026-01-07 17시13분41초	1767773621890]	33ms

[2026-01-07 17시13분41초	1767773621894]	SlimeRaceController..
[2026-01-07 17시13분41초	1767773621896]	2ms

[2026-01-07 17시13분41초	1767773621898]	DogRaceController..
[2026-01-07 17시13분41초	1767773621900]	2ms

[2026-01-07 17시13분41초	1767773621903]	ClanController..
[2026-01-07 17시13분41초	1767773621908]	5ms

[2026-01-07 17시13분41초	1767773621911]	KingdomController..
[2026-01-07 17시13분41초	1767773621917]	6ms

[2026-01-07 17시13분41초	1767773621918]	AgitController..
[2026-01-07 17시13분41초	1767773621922]	4ms

[2026-01-07 17시13분41초	1767773621923]	AuctionController..
[2026-01-07 17시13분41초	1767773621927]	4ms

[2026-01-07 17시13분41초	1767773621933]	ItemDatabase..
[2026-01-07 17시13분42초	1767773622034]	101ms

[2026-01-07 17시13분42초	1767773622035]	ItemSetopionDatabase..
[2026-01-07 17시13분42초	1767773622037]	2ms

[2026-01-07 17시13분42초	1767773622038]	AutosellDatabase..
[2026-01-07 17시13분42초	1767773622057]	19ms

[2026-01-07 17시13분42초	1767773622058]	ItemSkillDatabase..
[2026-01-07 17시13분42초	1767773622059]	1ms

[2026-01-07 17시13분42초	1767773622060]	ItemBundleDatabase..
[2026-01-07 17시13분42초	1767773622063]	3ms

[2026-01-07 17시13분42초	1767773622064]	ItemChanceBundleDatabase..
[2026-01-07 17시13분42초	1767773622067]	3ms

[2026-01-07 17시13분42초	1767773622067]	FishItemListDatabase..
[2026-01-07 17시13분42초	1767773622069]	2ms

[2026-01-07 17시13분42초	1767773622070]	ItemTeleport..
[2026-01-07 17시13분42초	1767773622071]	1ms

[2026-01-07 17시13분42초	1767773622073]	PolyDatabase..
[2026-01-07 17시13분42초	1767773622075]	2ms

[2026-01-07 17시13분42초	1767773622076]	DungeonDatabase..
[2026-01-07 17시13분42초	1767773622080]	3ms

[2026-01-07 17시13분42초	1767773622080]	DefiniteDatabase..
[2026-01-07 17시13분42초	1767773622082]	2ms

[2026-01-07 17시13분42초	1767773622083]	ExpDatabase..
[2026-01-07 17시13분42초	1767773622084]	2ms

[2026-01-07 17시13분42초	1767773622084]	BackgroundDatabase..
[2026-01-07 17시13분42초	1767773622217]	133ms

[2026-01-07 17시13분42초	1767773622217]	SpriteFrameDatabase..
[2026-01-07 17시13분42초	1767773622287]	70ms

[2026-01-07 17시13분42초	1767773622288]	SkillDatabase..
[2026-01-07 17시13분42초	1767773622290]	2ms

[2026-01-07 17시13분42초	1767773622291]	NpcDatabase..
[2026-01-07 17시13분42초	1767773622298]	7ms

[2026-01-07 17시13분42초	1767773622298]	NpcShopDatabase..
[2026-01-07 17시13분42초	1767773622366]	68ms

[2026-01-07 17시13분42초	1767773622367]	NpcTeleportDatabase..
[2026-01-07 17시13분42초	1767773622368]	1ms

[2026-01-07 17시13분42초	1767773622508]	NpcSpawnlistDatabase..
[2026-01-07 17시13분42초	1767773622559]	51ms

[2026-01-07 17시13분42초	1767773622561]	EventController..
[2026-01-07 17시13분42초	1767773622561]	0ms

[2026-01-07 17시13분42초	1767773622563]	MonsterDatabase..
[2026-01-07 17시13분42초	1767773622577]	14ms

[2026-01-07 17시13분42초	1767773622578]	MonsterDropDatabase..
[2026-01-07 17시13분42초	1767773622602]	24ms

[2026-01-07 17시13분42초	1767773622603]	MonsterSkillDatabase..
[2026-01-07 17시13분42초	1767773622615]	12ms

[2026-01-07 17시13분42초	1767773622616]	MonsterSpawnlistDatabase..
[2026-01-07 17시13분43초	1767773623812]	1196ms

[2026-01-07 17시13분43초	1767773623814]	MonsterBossSpawnlistDatabase..
[2026-01-07 17시13분43초	1767773623815]	2ms

[2026-01-07 17시13분43초	1767773623816]	ServerDownBossListDatabase..
[2026-01-07 17시13분43초	1767773623817]	1ms

[2026-01-07 17시13분43초	1767773623818]	BadIpDatabase..
[2026-01-07 17시13분43초	1767773623819]	1ms

[2026-01-07 17시13분43초	1767773623819]	QuestController..
[2026-01-07 17시13분43초	1767773623821]	2ms

[2026-01-07 17시13분43초	1767773623821]	ServerOpcodesDatabase..
[2026-01-07 17시13분43초	1767773623824]	3ms

[2026-01-07 17시13분43초	1767773623825]	ServerNoticeDatabase..
[2026-01-07 17시13분43초	1767773623827]	1ms

[2026-01-07 17시13분43초	1767773623828]	RankController..
[2026-01-07 17시13분43초	1767773623850]	22ms

[2026-01-07 17시13분43초	1767773623852]	WantedController..
[2026-01-07 17시13분43초	1767773623853]	2ms

[2026-01-07 17시13분43초	1767773623854]	TeleportHomeDatabase..
[2026-01-07 17시13분43초	1767773623886]	32ms

[2026-01-07 17시13분43초	1767773623898]	TeleportResetDatabase..
[2026-01-07 17시13분43초	1767773623927]	29ms

[2026-01-07 17시13분43초	1767773623928]	ItemPinewandDatabase..
[2026-01-07 17시13분43초	1767773623929]	1ms

[2026-01-07 17시13분43초	1767773623930]	ItemMaplewandDatabase..
[2026-01-07 17시13분43초	1767773623931]	1ms

[2026-01-07 17시13분43초	1767773623932]	SummonListDatabase..
[2026-01-07 17시13분43초	1767773623933]	1ms

[2026-01-07 17시13분43초	1767773623934]	GmListDatabase..
[2026-01-07 17시13분43초	1767773623934]	0ms

[2026-01-07 17시13분43초	1767773623936]	MagicdollListDatabase..
[2026-01-07 17시13분43초	1767773623937]	1ms

[2026-01-07 17시13분43초	1767773623941]	PcMarketController..
[2026-01-07 17시13분43초	1767773623942]	1ms

[2026-01-07 17시13분43초	1767773623943]	ServerOptionDatabase..
[2026-01-07 17시13분43초	1767773623943]	0ms

[2026-01-07 17시13분43초	1767773623944]	TimeDungeonDatabase..
[2026-01-07 17시13분43초	1767773623944]	0ms

[2026-01-07 17시13분43초	1767773623945]	TeamBattleDatabase..
[2026-01-07 17시13분43초	1767773623946]	1ms

[2026-01-07 17시13분43초	1767773623947]	LifeLostItemDatabase..
[2026-01-07 17시13분43초	1767773623949]	2ms

[2026-01-07 17시13분43초	1767773623950]	GmTeleportDatabase..
[2026-01-07 17시13분43초	1767773623951]	1ms

[2026-01-07 17시13분43초	1767773623953]	무인혈맹컨트롤러..
[2026-01-07 17시13분43초	1767773623954]	1ms

[2026-01-07 17시13분43초	1767773623955]	HackNoCheckDatabase..
[2026-01-07 17시13분43초	1767773623956]	1ms

[2026-01-07 17시13분43초	1767773623957]	EnchantLostItemDatabase..
[2026-01-07 17시13분43초	1767773623971]	14ms

[2026-01-07 17시13분43초	1767773623973]	ItemDropMessageDatabase..
[2026-01-07 17시13분43초	1767773623973]	0ms

[2026-01-07 17시13분43초	1767773623975]	FishingController..
[2026-01-07 17시13분44초	1767773624107]	132ms

[2026-01-07 17시13분44초	1767773624117]	RobotController..
[2026-01-07 17시13분44초	1767773624141]	24ms

[2026-01-07 17시13분44초	1767773624143]	Server..
[2026-01-07 17시13분44초	1767773624216]	73ms

[2026-01-07 17시13분44초	1767773624217]	ServerThread..
[2026-01-07 17시13분44초	1767773624217]	0ms

[2026-01-07 17시13분44초	1767773624217]	ControllerTherad..
[2026-01-07 17시13분44초	1767773624218]	1ms

[2026-01-07 17시13분44초	1767773624218]	CharacterThread..
[2026-01-07 17시13분44초	1767773624218]	0ms

[2026-01-07 17시13분44초	1767773624222]	DatabaseThread..
[2026-01-07 17시13분44초	1767773624222]	0ms

[2026-01-07 17시13분44초	1767773624223]	CharacterControlThread..
[2026-01-07 17시13분44초	1767773624223]	0ms

[2026-01-07 17시13분44초	1767773624263]	FightController..
[2026-01-07 17시13분44초	1767773624279]	16ms

[2026-01-07 17시13분44초	1767773624280]	TimeThread..
[2026-01-07 17시13분44초	1767773624280]	0ms

[2026-01-07 17시13분44초	1767773624281]	AutoHuntThread..
[2026-01-07 17시13분44초	1767773624281]	0ms

[2026-01-07 17시13분44초	1767773624281]	======================================================================
[2026-01-07 17시13분44초	1767773624282]	Server Version  :  Lineage 2.0

[2026-01-07 17시13분44초	1767773624282]	Server Port      :  2000

[2026-01-07 17시13분44초	1767773624282]	계정 자동생성  :  on

[2026-01-07 17시13분44초	1767773624282]	인챈트 : 1.0배  ||  드랍 : 3.0배  ||  경험치 : 30.0배  ||  아데나 : 12.0배  ||  파티 : 1.1배

[2026-01-07 17시13분44초	1767773624282]	======================================================================
[2026-01-07 17시13분44초	1767773624282]	'서버' 가동되었습니다.

[2026-01-07 17시16분21초	1767773781213]	서버가 즉시 종료됩니다...
[2026-01-07 17시16분22초	1767773782213]	Thread close..
[2026-01-07 17시16분23초	1767773783213]	Save Database..
[2026-01-07 17시16분23초	1767773783904]	Socket close..
[2026-01-07 17시16분23초	1767773783904]	LineageServer Close...
[2026-01-07 17시16분23초	1767773783904]	0ms

[2026-01-07 17시16분23초	1767773783904]	ok..
