[2026-01-12 23시22분58초	1768227778625]	Mysql..
[2026-01-12 23시22분58초	1768227778626]	2ms

[2026-01-12 23시22분58초	1768227778643]	lineage.conf file loading...
[2026-01-12 23시22분58초	1768227778672]	28ms

[2026-01-12 23시22분58초	1768227778678]	Lineage_Balance..
[2026-01-12 23시22분58초	1768227778686]	8ms

[2026-01-12 23시22분58초	1768227778687]	npc_promotion..
[2026-01-12 23시22분58초	1768227778687]	0ms

[2026-01-12 23시22분58초	1768227778688]	Socket..
[2026-01-12 23시22분58초	1768227778688]	0ms

[2026-01-12 23시22분58초	1768227778688]	Common..
[2026-01-12 23시22분58초	1768227778689]	1ms

[2026-01-12 23시22분58초	1768227778689]	EventThread..
[2026-01-12 23시22분58초	1768227778689]	0ms

[2026-01-12 23시22분58초	1768227778690]	AiExecuteThread..
[2026-01-12 23시22분58초	1768227778690]	0ms

[2026-01-12 23시22분58초	1768227778691]	AiThread..
[2026-01-12 23시22분58초	1768227778691]	0ms

[2026-01-12 23시22분58초	1768227778701]	World..
[2026-01-12 23시22분58초	1768227778794]	93ms

[2026-01-12 23시22분58초	1768227778804]	BookController..
[2026-01-12 23시22분58초	1768227778804]	0ms

[2026-01-12 23시22분58초	1768227778804]	InventoryController..
[2026-01-12 23시22분58초	1768227778805]	0ms

[2026-01-12 23시22분58초	1768227778805]	BasePacketPooling..
[2026-01-12 23시22분58초	1768227778805]	0ms

[2026-01-12 23시22분58초	1768227778808]	SkillController..
[2026-01-12 23시22분58초	1768227778808]	0ms

[2026-01-12 23시22분58초	1768227778814]	DamageController..
[2026-01-12 23시22분58초	1768227778814]	0ms

[2026-01-12 23시22분58초	1768227778816]	CharacterController..
[2026-01-12 23시22분58초	1768227778816]	0ms

[2026-01-12 23시22분58초	1768227778817]	TradeController..
[2026-01-12 23시22분58초	1768227778817]	0ms

[2026-01-12 23시22분58초	1768227778817]	DungeonController..
[2026-01-12 23시22분58초	1768227778817]	0ms

[2026-01-12 23시22분58초	1768227778818]	ShipController..
[2026-01-12 23시22분58초	1768227778818]	0ms

[2026-01-12 23시22분58초	1768227778819]	BuffController..
[2026-01-12 23시22분58초	1768227778819]	0ms

[2026-01-12 23시22분58초	1768227778823]	SummonController..
[2026-01-12 23시22분58초	1768227778823]	0ms

[2026-01-12 23시22분58초	1768227778823]	PartyController..
[2026-01-12 23시22분58초	1768227778824]	0ms

[2026-01-12 23시22분58초	1768227778824]	InnController..
[2026-01-12 23시22분58초	1768227778824]	0ms

[2026-01-12 23시22분58초	1768227778825]	BoardController..
[2026-01-12 23시22분58초	1768227778825]	0ms

[2026-01-12 23시22분58초	1768227778827]	LetterController..
[2026-01-12 23시22분58초	1768227778827]	0ms

[2026-01-12 23시22분58초	1768227778836]	UserShopController..
[2026-01-12 23시22분58초	1768227778836]	0ms

[2026-01-12 23시22분58초	1768227778837]	ChattingController..
[2026-01-12 23시22분58초	1768227778838]	1ms

[2026-01-12 23시22분58초	1768227778840]	ColosseumController..
[2026-01-12 23시22분58초	1768227778840]	0ms

[2026-01-12 23시22분58초	1768227778841]	CraftController..
[2026-01-12 23시22분58초	1768227778841]	0ms

[2026-01-12 23시22분58초	1768227778842]	BossController..
[2026-01-12 23시22분58초	1768227778842]	0ms

[2026-01-12 23시22분58초	1768227778843]	NoticeController..
[2026-01-12 23시22분58초	1768227778843]	0ms

[2026-01-12 23시22분58초	1768227778844]	FriendController..
[2026-01-12 23시22분58초	1768227778844]	0ms

[2026-01-12 23시22분58초	1768227778844]	BugScanningController..
[2026-01-12 23시22분58초	1768227778844]	0ms

[2026-01-12 23시22분58초	1768227778846]	MagicDollController..
[2026-01-12 23시22분58초	1768227778846]	0ms

[2026-01-12 23시22분58초	1768227778847]	ShopController..
[2026-01-12 23시22분58초	1768227778847]	0ms

[2026-01-12 23시22분58초	1768227778848]	WarehouseDatabase..
[2026-01-12 23시22분58초	1768227778848]	0ms

[2026-01-12 23시22분58초	1768227778849]	PakTools..
[2026-01-12 23시22분58초	1768227778850]	1ms

[2026-01-12 23시22분58초	1768227778850]	ScriptController...
[2026-01-12 23시22분58초	1768227778853]	3ms

[2026-01-12 23시22분58초	1768227778854]	GiranClanLordController..
[2026-01-12 23시22분58초	1768227778854]	0ms

[2026-01-12 23시22분58초	1768227778855]	TeamBattleController..
[2026-01-12 23시22분58초	1768227778855]	0ms

[2026-01-12 23시22분58초	1768227778856]	WorldClearController..
[2026-01-12 23시22분58초	1768227778856]	0ms

[2026-01-12 23시22분58초	1768227778856]	SpotController..
[2026-01-12 23시22분58초	1768227778859]	3ms

[2026-01-12 23시22분58초	1768227778859]	테베라스 컨트롤러..
[2026-01-12 23시22분58초	1768227778859]	0ms

[2026-01-12 23시22분58초	1768227778860]	지옥 컨트롤러..
[2026-01-12 23시22분58초	1768227778860]	0ms

[2026-01-12 23시22분58초	1768227778861]	지하수로 컨트롤러..
[2026-01-12 23시22분58초	1768227778861]	0ms

[2026-01-12 23시22분58초	1768227778862]	보물찾기컨트롤러..
[2026-01-12 23시22분58초	1768227778862]	0ms

[2026-01-12 23시22분58초	1768227778862]	마족신전 컨트롤러..
[2026-01-12 23시22분58초	1768227778862]	0ms

[2026-01-12 23시22분58초	1768227778863]	고무 컨트롤러..
[2026-01-12 23시22분58초	1768227778864]	정무던전 컨트롤러..
[2026-01-12 23시22분58초	1768227778868]	4ms

[2026-01-12 23시22분58초	1768227778869]	그신 컨트롤러..
[2026-01-12 23시22분58초	1768227778869]	0ms

[2026-01-12 23시22분58초	1768227778870]	라바던전 컨트롤러..
[2026-01-12 23시22분58초	1768227778870]	0ms

[2026-01-12 23시22분58초	1768227778871]	월드보스컨트롤러..
[2026-01-12 23시22분58초	1768227778871]	1ms

[2026-01-12 23시22분58초	1768227778871]	펭귄 사냥터 컨트롤러..
[2026-01-12 23시22분58초	1768227778871]	0ms

[2026-01-12 23시22분58초	1768227778872]	칠흑던전 컨트롤러..
[2026-01-12 23시22분58초	1768227778872]	악마왕의영토컨트롤러..
[2026-01-12 23시22분58초	1768227778872]	0ms

[2026-01-12 23시22분58초	1768227778873]	얼던컨트롤러..
[2026-01-12 23시22분58초	1768227778873]	0ms

[2026-01-12 23시22분58초	1768227778874]	기감 컨트롤러..
[2026-01-12 23시22분58초	1768227778874]	0ms

[2026-01-12 23시22분58초	1768227778875]	고라스컨트롤러..
[2026-01-12 23시22분58초	1768227778875]	0ms

[2026-01-12 23시22분58초	1768227778875]	드워프컨트롤러..
[2026-01-12 23시22분58초	1768227778875]	0ms

[2026-01-12 23시22분58초	1768227778876]	타임이벤트컨트롤러..
[2026-01-12 23시22분58초	1768227778876]	0ms

[2026-01-12 23시22분58초	1768227778876]	AutoHuntController..
[2026-01-12 23시22분58초	1768227778876]	0ms

[2026-01-12 23시22분58초	1768227778891]	DatabaseConnection..
[2026-01-12 23시22분59초	1768227779158]	267ms

[2026-01-12 23시22분59초	1768227779173]	ServerDatabase..
[2026-01-12 23시22분59초	1768227779202]	29ms

[2026-01-12 23시22분59초	1768227779205]	SlimeRaceController..
[2026-01-12 23시22분59초	1768227779207]	2ms

[2026-01-12 23시22분59초	1768227779208]	DogRaceController..
[2026-01-12 23시22분59초	1768227779209]	1ms

[2026-01-12 23시22분59초	1768227779219]	ClanController..
[2026-01-12 23시22분59초	1768227779229]	10ms

[2026-01-12 23시22분59초	1768227779232]	KingdomController..
[2026-01-12 23시22분59초	1768227779241]	9ms

[2026-01-12 23시22분59초	1768227779242]	AgitController..
[2026-01-12 23시22분59초	1768227779248]	6ms

[2026-01-12 23시22분59초	1768227779249]	AuctionController..
[2026-01-12 23시22분59초	1768227779255]	6ms

[2026-01-12 23시22분59초	1768227779260]	ItemDatabase..
[2026-01-12 23시22분59초	1768227779398]	138ms

[2026-01-12 23시22분59초	1768227779399]	ItemSetopionDatabase..
[2026-01-12 23시22분59초	1768227779402]	3ms

[2026-01-12 23시22분59초	1768227779404]	AutosellDatabase..
[2026-01-12 23시22분59초	1768227779425]	21ms

[2026-01-12 23시22분59초	1768227779426]	ItemSkillDatabase..
[2026-01-12 23시22분59초	1768227779430]	4ms

[2026-01-12 23시22분59초	1768227779431]	ItemBundleDatabase..
[2026-01-12 23시22분59초	1768227779435]	4ms

[2026-01-12 23시22분59초	1768227779436]	ItemChanceBundleDatabase..
[2026-01-12 23시22분59초	1768227779440]	4ms

[2026-01-12 23시22분59초	1768227779440]	FishItemListDatabase..
[2026-01-12 23시22분59초	1768227779442]	2ms

[2026-01-12 23시22분59초	1768227779443]	ItemTeleport..
[2026-01-12 23시22분59초	1768227779447]	4ms

[2026-01-12 23시22분59초	1768227779448]	PolyDatabase..
[2026-01-12 23시22분59초	1768227779452]	4ms

[2026-01-12 23시22분59초	1768227779453]	DungeonDatabase..
[2026-01-12 23시22분59초	1768227779458]	5ms

[2026-01-12 23시22분59초	1768227779459]	DefiniteDatabase..
[2026-01-12 23시22분59초	1768227779462]	3ms

[2026-01-12 23시22분59초	1768227779462]	ExpDatabase..
[2026-01-12 23시22분59초	1768227779465]	3ms

[2026-01-12 23시22분59초	1768227779465]	BackgroundDatabase..
[2026-01-12 23시22분59초	1768227779589]	124ms

[2026-01-12 23시22분59초	1768227779589]	SpriteFrameDatabase..
[2026-01-12 23시22분59초	1768227779665]	76ms

[2026-01-12 23시22분59초	1768227779666]	SkillDatabase..
[2026-01-12 23시22분59초	1768227779669]	3ms

[2026-01-12 23시22분59초	1768227779669]	NpcDatabase..
[2026-01-12 23시22분59초	1768227779678]	9ms

[2026-01-12 23시22분59초	1768227779680]	NpcShopDatabase..
[2026-01-12 23시22분59초	1768227779748]	68ms

[2026-01-12 23시22분59초	1768227779748]	NpcTeleportDatabase..
[2026-01-12 23시22분59초	1768227779750]	2ms

[2026-01-12 23시22분59초	1768227779877]	NpcSpawnlistDatabase..
[2026-01-12 23시22분59초	1768227779928]	51ms

[2026-01-12 23시22분59초	1768227779930]	EventController..
[2026-01-12 23시22분59초	1768227779930]	0ms

[2026-01-12 23시22분59초	1768227779931]	MonsterDatabase..
[2026-01-12 23시22분59초	1768227779946]	15ms

[2026-01-12 23시22분59초	1768227779947]	MonsterDropDatabase..
[2026-01-12 23시22분59초	1768227779972]	25ms

[2026-01-12 23시22분59초	1768227779973]	MonsterSkillDatabase..
[2026-01-12 23시22분59초	1768227779986]	13ms

[2026-01-12 23시22분59초	1768227779987]	MonsterSpawnlistDatabase..
[2026-01-12 23시23분00초	1768227780998]	1011ms

[2026-01-12 23시23분01초	1768227781000]	MonsterBossSpawnlistDatabase..
[2026-01-12 23시23분01초	1768227781003]	3ms

[2026-01-12 23시23분01초	1768227781003]	ServerDownBossListDatabase..
[2026-01-12 23시23분01초	1768227781004]	1ms

[2026-01-12 23시23분01초	1768227781005]	BadIpDatabase..
[2026-01-12 23시23분01초	1768227781007]	2ms

[2026-01-12 23시23분01초	1768227781007]	QuestController..
[2026-01-12 23시23분01초	1768227781009]	2ms

[2026-01-12 23시23분01초	1768227781010]	ServerOpcodesDatabase..
[2026-01-12 23시23분01초	1768227781014]	4ms

[2026-01-12 23시23분01초	1768227781014]	ServerNoticeDatabase..
[2026-01-12 23시23분01초	1768227781017]	3ms

[2026-01-12 23시23분01초	1768227781018]	RankController..
[2026-01-12 23시23분01초	1768227781042]	24ms

[2026-01-12 23시23분01초	1768227781043]	WantedController..
[2026-01-12 23시23분01초	1768227781048]	5ms

[2026-01-12 23시23분01초	1768227781048]	TeleportHomeDatabase..
[2026-01-12 23시23분01초	1768227781079]	31ms

[2026-01-12 23시23분01초	1768227781080]	TeleportResetDatabase..
[2026-01-12 23시23분01초	1768227781110]	29ms

[2026-01-12 23시23분01초	1768227781110]	ItemPinewandDatabase..
[2026-01-12 23시23분01초	1768227781112]	2ms

[2026-01-12 23시23분01초	1768227781113]	ItemMaplewandDatabase..
[2026-01-12 23시23분01초	1768227781115]	2ms

[2026-01-12 23시23분01초	1768227781115]	SummonListDatabase..
[2026-01-12 23시23분01초	1768227781117]	2ms

[2026-01-12 23시23분01초	1768227781118]	GmListDatabase..
[2026-01-12 23시23분01초	1768227781119]	1ms

[2026-01-12 23시23분01초	1768227781120]	MagicdollListDatabase..
[2026-01-12 23시23분01초	1768227781122]	2ms

[2026-01-12 23시23분01초	1768227781125]	PcMarketController..
[2026-01-12 23시23분01초	1768227781126]	1ms

[2026-01-12 23시23분01초	1768227781127]	ServerOptionDatabase..
[2026-01-12 23시23분01초	1768227781128]	1ms

[2026-01-12 23시23분01초	1768227781128]	TimeDungeonDatabase..
[2026-01-12 23시23분01초	1768227781129]	1ms

[2026-01-12 23시23분01초	1768227781129]	TeamBattleDatabase..
[2026-01-12 23시23분01초	1768227781130]	1ms

[2026-01-12 23시23분01초	1768227781131]	LifeLostItemDatabase..
[2026-01-12 23시23분01초	1768227781132]	1ms

[2026-01-12 23시23분01초	1768227781133]	GmTeleportDatabase..
[2026-01-12 23시23분01초	1768227781134]	1ms

[2026-01-12 23시23분01초	1768227781136]	무인혈맹컨트롤러..
[2026-01-12 23시23분01초	1768227781137]	1ms

[2026-01-12 23시23분01초	1768227781138]	HackNoCheckDatabase..
[2026-01-12 23시23분01초	1768227781139]	1ms

[2026-01-12 23시23분01초	1768227781140]	EnchantLostItemDatabase..
[2026-01-12 23시23분01초	1768227781160]	20ms

[2026-01-12 23시23분01초	1768227781162]	ItemDropMessageDatabase..
[2026-01-12 23시23분01초	1768227781162]	0ms

[2026-01-12 23시23분01초	1768227781165]	FishingController..
[2026-01-12 23시23분01초	1768227781428]	264ms

[2026-01-12 23시23분01초	1768227781439]	RobotController..
[2026-01-12 23시23분01초	1768227781546]	107ms

[2026-01-12 23시23분01초	1768227781548]	Server..
[2026-01-12 23시23분01초	1768227781605]	57ms

[2026-01-12 23시23분01초	1768227781606]	ServerThread..
[2026-01-12 23시23분01초	1768227781606]	0ms

[2026-01-12 23시23분01초	1768227781607]	ControllerTherad..
[2026-01-12 23시23분01초	1768227781607]	0ms

[2026-01-12 23시23분01초	1768227781608]	CharacterThread..
[2026-01-12 23시23분01초	1768227781608]	0ms

[2026-01-12 23시23분01초	1768227781609]	DatabaseThread..
[2026-01-12 23시23분01초	1768227781609]	0ms

[2026-01-12 23시23분01초	1768227781609]	CharacterControlThread..
[2026-01-12 23시23분01초	1768227781609]	0ms

[2026-01-12 23시23분01초	1768227781614]	FightController..
[2026-01-12 23시23분01초	1768227781666]	52ms

[2026-01-12 23시23분01초	1768227781667]	TimeThread..
[2026-01-12 23시23분01초	1768227781667]	0ms

[2026-01-12 23시23분01초	1768227781668]	AutoHuntThread..
[2026-01-12 23시23분01초	1768227781668]	0ms

[2026-01-12 23시23분01초	1768227781668]	======================================================================
[2026-01-12 23시23분01초	1768227781669]	Server Version  :  Lineage 2.0

[2026-01-12 23시23분01초	1768227781669]	Server Port      :  2000

[2026-01-12 23시23분01초	1768227781669]	계정 자동생성  :  on

[2026-01-12 23시23분01초	1768227781670]	인챈트 : 1.0배  ||  드랍 : 3.0배  ||  경험치 : 30.0배  ||  아데나 : 12.0배  ||  파티 : 1.1배

[2026-01-12 23시23분01초	1768227781670]	======================================================================
[2026-01-12 23시23분01초	1768227781670]	'서버' 가동되었습니다.

[2026-01-12 23시26분02초	1768227962290]	자동 저장완료 2026-01-12 23시26분02초
[2026-01-12 23시29분02초	1768228142950]	자동 저장완료 2026-01-12 23시29분02초
[2026-01-12 23시32분03초	1768228323651]	자동 저장완료 2026-01-12 23시32분03초
[2026-01-12 23시35분04초	1768228504280]	자동 저장완료 2026-01-12 23시35분04초
[2026-01-12 23시38분04초	1768228684939]	자동 저장완료 2026-01-12 23시38분04초
[2026-01-12 23시41분05초	1768228865616]	자동 저장완료 2026-01-12 23시41분05초
[2026-01-12 23시43분03초	1768228983596]	_robot 테이블 리로드 완료 - 
[2026-01-12 23시43분03초	1768228983609]	13ms

[2026-01-12 23시43분06초	1768228986543]	서버가 즉시 종료됩니다...
[2026-01-12 23시43분07초	1768228987543]	Thread close..
[2026-01-12 23시43분08초	1768228988543]	Save Database..
[2026-01-12 23시43분09초	1768228989469]	Socket close..
[2026-01-12 23시43분09초	1768228989469]	LineageServer Close...
[2026-01-12 23시43분09초	1768228989469]	0ms

[2026-01-12 23시43분09초	1768228989469]	ok..
