[2026-01-13 10시21분12초	1768267272297]	Mysql..
[2026-01-13 10시21분12초	1768267272297]	2ms

[2026-01-13 10시21분12초	1768267272313]	lineage.conf file loading...
[2026-01-13 10시21분12초	1768267272341]	28ms

[2026-01-13 10시21분12초	1768267272345]	Lineage_Balance..
[2026-01-13 10시21분12초	1768267272353]	8ms

[2026-01-13 10시21분12초	1768267272354]	npc_promotion..
[2026-01-13 10시21분12초	1768267272354]	0ms

[2026-01-13 10시21분12초	1768267272355]	Socket..
[2026-01-13 10시21분12초	1768267272355]	0ms

[2026-01-13 10시21분12초	1768267272355]	Common..
[2026-01-13 10시21분12초	1768267272356]	1ms

[2026-01-13 10시21분12초	1768267272356]	EventThread..
[2026-01-13 10시21분12초	1768267272356]	0ms

[2026-01-13 10시21분12초	1768267272357]	AiExecuteThread..
[2026-01-13 10시21분12초	1768267272357]	0ms

[2026-01-13 10시21분12초	1768267272358]	AiThread..
[2026-01-13 10시21분12초	1768267272358]	0ms

[2026-01-13 10시21분12초	1768267272367]	World..
[2026-01-13 10시21분12초	1768267272451]	84ms

[2026-01-13 10시21분12초	1768267272453]	BookController..
[2026-01-13 10시21분12초	1768267272453]	0ms

[2026-01-13 10시21분12초	1768267272453]	InventoryController..
[2026-01-13 10시21분12초	1768267272453]	0ms

[2026-01-13 10시21분12초	1768267272454]	BasePacketPooling..
[2026-01-13 10시21분12초	1768267272454]	0ms

[2026-01-13 10시21분12초	1768267272456]	SkillController..
[2026-01-13 10시21분12초	1768267272456]	0ms

[2026-01-13 10시21분12초	1768267272463]	DamageController..
[2026-01-13 10시21분12초	1768267272463]	0ms

[2026-01-13 10시21분12초	1768267272471]	CharacterController..
[2026-01-13 10시21분12초	1768267272472]	1ms

[2026-01-13 10시21분12초	1768267272473]	TradeController..
[2026-01-13 10시21분12초	1768267272473]	0ms

[2026-01-13 10시21분12초	1768267272473]	DungeonController..
[2026-01-13 10시21분12초	1768267272473]	0ms

[2026-01-13 10시21분12초	1768267272474]	ShipController..
[2026-01-13 10시21분12초	1768267272474]	0ms

[2026-01-13 10시21분12초	1768267272474]	BuffController..
[2026-01-13 10시21분12초	1768267272474]	0ms

[2026-01-13 10시21분12초	1768267272478]	SummonController..
[2026-01-13 10시21분12초	1768267272478]	0ms

[2026-01-13 10시21분12초	1768267272479]	PartyController..
[2026-01-13 10시21분12초	1768267272479]	0ms

[2026-01-13 10시21분12초	1768267272480]	InnController..
[2026-01-13 10시21분12초	1768267272480]	0ms

[2026-01-13 10시21분12초	1768267272481]	BoardController..
[2026-01-13 10시21분12초	1768267272481]	0ms

[2026-01-13 10시21분12초	1768267272483]	LetterController..
[2026-01-13 10시21분12초	1768267272483]	0ms

[2026-01-13 10시21분12초	1768267272483]	UserShopController..
[2026-01-13 10시21분12초	1768267272483]	0ms

[2026-01-13 10시21분12초	1768267272485]	ChattingController..
[2026-01-13 10시21분12초	1768267272486]	1ms

[2026-01-13 10시21분12초	1768267272487]	ColosseumController..
[2026-01-13 10시21분12초	1768267272487]	0ms

[2026-01-13 10시21분12초	1768267272488]	CraftController..
[2026-01-13 10시21분12초	1768267272488]	0ms

[2026-01-13 10시21분12초	1768267272489]	BossController..
[2026-01-13 10시21분12초	1768267272489]	0ms

[2026-01-13 10시21분12초	1768267272490]	NoticeController..
[2026-01-13 10시21분12초	1768267272490]	0ms

[2026-01-13 10시21분12초	1768267272491]	FriendController..
[2026-01-13 10시21분12초	1768267272491]	0ms

[2026-01-13 10시21분12초	1768267272492]	BugScanningController..
[2026-01-13 10시21분12초	1768267272492]	0ms

[2026-01-13 10시21분12초	1768267272493]	MagicDollController..
[2026-01-13 10시21분12초	1768267272493]	0ms

[2026-01-13 10시21분12초	1768267272502]	ShopController..
[2026-01-13 10시21분12초	1768267272502]	0ms

[2026-01-13 10시21분12초	1768267272503]	WarehouseDatabase..
[2026-01-13 10시21분12초	1768267272503]	0ms

[2026-01-13 10시21분12초	1768267272504]	PakTools..
[2026-01-13 10시21분12초	1768267272506]	1ms

[2026-01-13 10시21분12초	1768267272506]	ScriptController...
[2026-01-13 10시21분12초	1768267272509]	3ms

[2026-01-13 10시21분12초	1768267272510]	GiranClanLordController..
[2026-01-13 10시21분12초	1768267272510]	0ms

[2026-01-13 10시21분12초	1768267272511]	TeamBattleController..
[2026-01-13 10시21분12초	1768267272511]	0ms

[2026-01-13 10시21분12초	1768267272512]	WorldClearController..
[2026-01-13 10시21분12초	1768267272512]	0ms

[2026-01-13 10시21분12초	1768267272512]	SpotController..
[2026-01-13 10시21분12초	1768267272513]	1ms

[2026-01-13 10시21분12초	1768267272513]	테베라스 컨트롤러..
[2026-01-13 10시21분12초	1768267272513]	0ms

[2026-01-13 10시21분12초	1768267272514]	지옥 컨트롤러..
[2026-01-13 10시21분12초	1768267272514]	0ms

[2026-01-13 10시21분12초	1768267272514]	지하수로 컨트롤러..
[2026-01-13 10시21분12초	1768267272515]	1ms

[2026-01-13 10시21분12초	1768267272515]	보물찾기컨트롤러..
[2026-01-13 10시21분12초	1768267272515]	0ms

[2026-01-13 10시21분12초	1768267272516]	마족신전 컨트롤러..
[2026-01-13 10시21분12초	1768267272516]	0ms

[2026-01-13 10시21분12초	1768267272516]	고무 컨트롤러..
[2026-01-13 10시21분12초	1768267272517]	정무던전 컨트롤러..
[2026-01-13 10시21분12초	1768267272521]	4ms

[2026-01-13 10시21분12초	1768267272522]	그신 컨트롤러..
[2026-01-13 10시21분12초	1768267272522]	0ms

[2026-01-13 10시21분12초	1768267272523]	라바던전 컨트롤러..
[2026-01-13 10시21분12초	1768267272523]	0ms

[2026-01-13 10시21분12초	1768267272523]	월드보스컨트롤러..
[2026-01-13 10시21분12초	1768267272523]	0ms

[2026-01-13 10시21분12초	1768267272524]	펭귄 사냥터 컨트롤러..
[2026-01-13 10시21분12초	1768267272524]	0ms

[2026-01-13 10시21분12초	1768267272524]	칠흑던전 컨트롤러..
[2026-01-13 10시21분12초	1768267272525]	악마왕의영토컨트롤러..
[2026-01-13 10시21분12초	1768267272525]	0ms

[2026-01-13 10시21분12초	1768267272526]	얼던컨트롤러..
[2026-01-13 10시21분12초	1768267272526]	0ms

[2026-01-13 10시21분12초	1768267272527]	기감 컨트롤러..
[2026-01-13 10시21분12초	1768267272527]	0ms

[2026-01-13 10시21분12초	1768267272528]	고라스컨트롤러..
[2026-01-13 10시21분12초	1768267272528]	0ms

[2026-01-13 10시21분12초	1768267272528]	드워프컨트롤러..
[2026-01-13 10시21분12초	1768267272528]	0ms

[2026-01-13 10시21분12초	1768267272529]	타임이벤트컨트롤러..
[2026-01-13 10시21분12초	1768267272529]	0ms

[2026-01-13 10시21분12초	1768267272530]	AutoHuntController..
[2026-01-13 10시21분12초	1768267272530]	0ms

[2026-01-13 10시21분12초	1768267272546]	DatabaseConnection..
[2026-01-13 10시21분12초	1768267272849]	303ms

[2026-01-13 10시21분12초	1768267272864]	ServerDatabase..
[2026-01-13 10시21분12초	1768267272900]	36ms

[2026-01-13 10시21분12초	1768267272903]	SlimeRaceController..
[2026-01-13 10시21분12초	1768267272906]	3ms

[2026-01-13 10시21분12초	1768267272907]	DogRaceController..
[2026-01-13 10시21분12초	1768267272909]	2ms

[2026-01-13 10시21분12초	1768267272911]	ClanController..
[2026-01-13 10시21분12초	1768267272917]	6ms

[2026-01-13 10시21분12초	1768267272919]	KingdomController..
[2026-01-13 10시21분12초	1768267272925]	6ms

[2026-01-13 10시21분12초	1768267272926]	AgitController..
[2026-01-13 10시21분12초	1768267272931]	5ms

[2026-01-13 10시21분12초	1768267272933]	AuctionController..
[2026-01-13 10시21분12초	1768267272940]	7ms

[2026-01-13 10시21분12초	1768267272945]	ItemDatabase..
[2026-01-13 10시21분13초	1768267273061]	116ms

[2026-01-13 10시21분13초	1768267273062]	ItemSetopionDatabase..
[2026-01-13 10시21분13초	1768267273065]	3ms

[2026-01-13 10시21분13초	1768267273067]	AutosellDatabase..
[2026-01-13 10시21분13초	1768267273089]	23ms

[2026-01-13 10시21분13초	1768267273090]	ItemSkillDatabase..
[2026-01-13 10시21분13초	1768267273093]	3ms

[2026-01-13 10시21분13초	1768267273094]	ItemBundleDatabase..
[2026-01-13 10시21분13초	1768267273099]	5ms

[2026-01-13 10시21분13초	1768267273100]	ItemChanceBundleDatabase..
[2026-01-13 10시21분13초	1768267273104]	4ms

[2026-01-13 10시21분13초	1768267273105]	FishItemListDatabase..
[2026-01-13 10시21분13초	1768267273108]	2ms

[2026-01-13 10시21분13초	1768267273109]	ItemTeleport..
[2026-01-13 10시21분13초	1768267273113]	4ms

[2026-01-13 10시21분13초	1768267273114]	PolyDatabase..
[2026-01-13 10시21분13초	1768267273118]	4ms

[2026-01-13 10시21분13초	1768267273118]	DungeonDatabase..
[2026-01-13 10시21분13초	1768267273128]	10ms

[2026-01-13 10시21분13초	1768267273129]	DefiniteDatabase..
[2026-01-13 10시21분13초	1768267273132]	2ms

[2026-01-13 10시21분13초	1768267273132]	ExpDatabase..
[2026-01-13 10시21분13초	1768267273135]	3ms

[2026-01-13 10시21분13초	1768267273135]	BackgroundDatabase..
[2026-01-13 10시21분13초	1768267273256]	121ms

[2026-01-13 10시21분13초	1768267273256]	SpriteFrameDatabase..
[2026-01-13 10시21분13초	1768267273305]	49ms

[2026-01-13 10시21분13초	1768267273306]	SkillDatabase..
[2026-01-13 10시21분13초	1768267273309]	3ms

[2026-01-13 10시21분13초	1768267273310]	NpcDatabase..
[2026-01-13 10시21분13초	1768267273317]	7ms

[2026-01-13 10시21분13초	1768267273326]	NpcShopDatabase..
[2026-01-13 10시21분13초	1768267273383]	57ms

[2026-01-13 10시21분13초	1768267273384]	NpcTeleportDatabase..
[2026-01-13 10시21분13초	1768267273386]	2ms

[2026-01-13 10시21분13초	1768267273520]	NpcSpawnlistDatabase..
[2026-01-13 10시21분13초	1768267273579]	59ms

[2026-01-13 10시21분13초	1768267273581]	EventController..
[2026-01-13 10시21분13초	1768267273581]	0ms

[2026-01-13 10시21분13초	1768267273582]	MonsterDatabase..
[2026-01-13 10시21분13초	1768267273598]	16ms

[2026-01-13 10시21분13초	1768267273599]	MonsterDropDatabase..
[2026-01-13 10시21분13초	1768267273624]	25ms

[2026-01-13 10시21분13초	1768267273625]	MonsterSkillDatabase..
[2026-01-13 10시21분13초	1768267273647]	22ms

[2026-01-13 10시21분13초	1768267273649]	MonsterSpawnlistDatabase..
[2026-01-13 10시21분14초	1768267274995]	1346ms

[2026-01-13 10시21분14초	1768267274997]	MonsterBossSpawnlistDatabase..
[2026-01-13 10시21분14초	1768267274999]	2ms

[2026-01-13 10시21분15초	1768267275000]	ServerDownBossListDatabase..
[2026-01-13 10시21분15초	1768267275001]	1ms

[2026-01-13 10시21분15초	1768267275002]	BadIpDatabase..
[2026-01-13 10시21분15초	1768267275003]	1ms

[2026-01-13 10시21분15초	1768267275003]	QuestController..
[2026-01-13 10시21분15초	1768267275004]	1ms

[2026-01-13 10시21분15초	1768267275005]	ServerOpcodesDatabase..
[2026-01-13 10시21분15초	1768267275008]	3ms

[2026-01-13 10시21분15초	1768267275008]	ServerNoticeDatabase..
[2026-01-13 10시21분15초	1768267275011]	3ms

[2026-01-13 10시21분15초	1768267275012]	RankController..
[2026-01-13 10시21분15초	1768267275036]	24ms

[2026-01-13 10시21분15초	1768267275038]	WantedController..
[2026-01-13 10시21분15초	1768267275042]	4ms

[2026-01-13 10시21분15초	1768267275043]	TeleportHomeDatabase..
[2026-01-13 10시21분15초	1768267275074]	31ms

[2026-01-13 10시21분15초	1768267275075]	TeleportResetDatabase..
[2026-01-13 10시21분15초	1768267275105]	30ms

[2026-01-13 10시21분15초	1768267275105]	ItemPinewandDatabase..
[2026-01-13 10시21분15초	1768267275107]	2ms

[2026-01-13 10시21분15초	1768267275107]	ItemMaplewandDatabase..
[2026-01-13 10시21분15초	1768267275110]	3ms

[2026-01-13 10시21분15초	1768267275111]	SummonListDatabase..
[2026-01-13 10시21분15초	1768267275113]	2ms

[2026-01-13 10시21분15초	1768267275113]	GmListDatabase..
[2026-01-13 10시21분15초	1768267275115]	2ms

[2026-01-13 10시21분15초	1768267275116]	MagicdollListDatabase..
[2026-01-13 10시21분15초	1768267275118]	2ms

[2026-01-13 10시21분15초	1768267275121]	PcMarketController..
[2026-01-13 10시21분15초	1768267275122]	1ms

[2026-01-13 10시21분15초	1768267275122]	ServerOptionDatabase..
[2026-01-13 10시21분15초	1768267275123]	1ms

[2026-01-13 10시21분15초	1768267275124]	TimeDungeonDatabase..
[2026-01-13 10시21분15초	1768267275124]	0ms

[2026-01-13 10시21분15초	1768267275125]	TeamBattleDatabase..
[2026-01-13 10시21분15초	1768267275126]	1ms

[2026-01-13 10시21분15초	1768267275127]	LifeLostItemDatabase..
[2026-01-13 10시21분15초	1768267275128]	1ms

[2026-01-13 10시21분15초	1768267275129]	GmTeleportDatabase..
[2026-01-13 10시21분15초	1768267275131]	1ms

[2026-01-13 10시21분15초	1768267275133]	무인혈맹컨트롤러..
[2026-01-13 10시21분15초	1768267275135]	2ms

[2026-01-13 10시21분15초	1768267275136]	HackNoCheckDatabase..
[2026-01-13 10시21분15초	1768267275137]	1ms

[2026-01-13 10시21분15초	1768267275138]	EnchantLostItemDatabase..
[2026-01-13 10시21분15초	1768267275159]	21ms

[2026-01-13 10시21분15초	1768267275161]	ItemDropMessageDatabase..
[2026-01-13 10시21분15초	1768267275161]	0ms

[2026-01-13 10시21분15초	1768267275163]	FishingController..
[2026-01-13 10시21분15초	1768267275421]	258ms

[2026-01-13 10시21분15초	1768267275437]	RobotController..
[2026-01-13 10시21분15초	1768267275462]	25ms

[2026-01-13 10시21분15초	1768267275464]	Server..
[2026-01-13 10시21분15초	1768267275521]	57ms

[2026-01-13 10시21분15초	1768267275522]	ServerThread..
[2026-01-13 10시21분15초	1768267275522]	0ms

[2026-01-13 10시21분15초	1768267275523]	ControllerTherad..
[2026-01-13 10시21분15초	1768267275523]	0ms

[2026-01-13 10시21분15초	1768267275524]	CharacterThread..
[2026-01-13 10시21분15초	1768267275524]	0ms

[2026-01-13 10시21분15초	1768267275525]	DatabaseThread..
[2026-01-13 10시21분15초	1768267275525]	0ms

[2026-01-13 10시21분15초	1768267275526]	CharacterControlThread..
[2026-01-13 10시21분15초	1768267275527]	1ms

[2026-01-13 10시21분15초	1768267275531]	FightController..
[2026-01-13 10시21분15초	1768267275592]	61ms

[2026-01-13 10시21분15초	1768267275593]	TimeThread..
[2026-01-13 10시21분15초	1768267275593]	0ms

[2026-01-13 10시21분15초	1768267275595]	AutoHuntThread..
[2026-01-13 10시21분15초	1768267275595]	0ms

[2026-01-13 10시21분15초	1768267275595]	======================================================================
[2026-01-13 10시21분15초	1768267275595]	Server Version  :  Lineage 2.0

[2026-01-13 10시21분15초	1768267275595]	Server Port      :  2000

[2026-01-13 10시21분15초	1768267275596]	계정 자동생성  :  on

[2026-01-13 10시21분15초	1768267275596]	인챈트 : 1.0배  ||  드랍 : 3.0배  ||  경험치 : 30.0배  ||  아데나 : 12.0배  ||  파티 : 1.1배

[2026-01-13 10시21분15초	1768267275596]	======================================================================
[2026-01-13 10시21분15초	1768267275596]	'서버' 가동되었습니다.

