[2026-01-14 12시54분46초	1768362886554]	Mysql..
[2026-01-14 12시54분46초	1768362886554]	2ms

[2026-01-14 12시54분46초	1768362886572]	lineage.conf file loading...
[2026-01-14 12시54분46초	1768362886602]	30ms

[2026-01-14 12시54분46초	1768362886609]	Lineage_Balance..
[2026-01-14 12시54분46초	1768362886617]	8ms

[2026-01-14 12시54분46초	1768362886618]	npc_promotion..
[2026-01-14 12시54분46초	1768362886619]	1ms

[2026-01-14 12시54분46초	1768362886627]	Socket..
[2026-01-14 12시54분46초	1768362886628]	1ms

[2026-01-14 12시54분46초	1768362886628]	Common..
[2026-01-14 12시54분46초	1768362886628]	0ms

[2026-01-14 12시54분46초	1768362886629]	EventThread..
[2026-01-14 12시54분46초	1768362886629]	0ms

[2026-01-14 12시54분46초	1768362886630]	AiExecuteThread..
[2026-01-14 12시54분46초	1768362886631]	1ms

[2026-01-14 12시54분46초	1768362886632]	AiThread..
[2026-01-14 12시54분46초	1768362886632]	0ms

[2026-01-14 12시54분46초	1768362886636]	World..
[2026-01-14 12시54분46초	1768362886747]	111ms

[2026-01-14 12시54분46초	1768362886748]	BookController..
[2026-01-14 12시54분46초	1768362886748]	0ms

[2026-01-14 12시54분46초	1768362886749]	InventoryController..
[2026-01-14 12시54분46초	1768362886749]	0ms

[2026-01-14 12시54분46초	1768362886749]	BasePacketPooling..
[2026-01-14 12시54분46초	1768362886749]	0ms

[2026-01-14 12시54분46초	1768362886759]	SkillController..
[2026-01-14 12시54분46초	1768362886762]	0ms

[2026-01-14 12시54분46초	1768362886767]	DamageController..
[2026-01-14 12시54분46초	1768362886767]	0ms

[2026-01-14 12시54분46초	1768362886769]	CharacterController..
[2026-01-14 12시54분46초	1768362886769]	0ms

[2026-01-14 12시54분46초	1768362886770]	TradeController..
[2026-01-14 12시54분46초	1768362886770]	0ms

[2026-01-14 12시54분46초	1768362886771]	DungeonController..
[2026-01-14 12시54분46초	1768362886771]	0ms

[2026-01-14 12시54분46초	1768362886771]	ShipController..
[2026-01-14 12시54분46초	1768362886771]	0ms

[2026-01-14 12시54분46초	1768362886772]	BuffController..
[2026-01-14 12시54분46초	1768362886772]	0ms

[2026-01-14 12시54분46초	1768362886776]	SummonController..
[2026-01-14 12시54분46초	1768362886776]	0ms

[2026-01-14 12시54분46초	1768362886777]	PartyController..
[2026-01-14 12시54분46초	1768362886777]	0ms

[2026-01-14 12시54분46초	1768362886777]	InnController..
[2026-01-14 12시54분46초	1768362886777]	0ms

[2026-01-14 12시54분46초	1768362886779]	BoardController..
[2026-01-14 12시54분46초	1768362886779]	0ms

[2026-01-14 12시54분46초	1768362886780]	LetterController..
[2026-01-14 12시54분46초	1768362886780]	0ms

[2026-01-14 12시54분46초	1768362886781]	UserShopController..
[2026-01-14 12시54분46초	1768362886781]	0ms

[2026-01-14 12시54분46초	1768362886789]	ChattingController..
[2026-01-14 12시54분46초	1768362886790]	1ms

[2026-01-14 12시54분46초	1768362886792]	ColosseumController..
[2026-01-14 12시54분46초	1768362886792]	0ms

[2026-01-14 12시54분46초	1768362886793]	CraftController..
[2026-01-14 12시54분46초	1768362886793]	0ms

[2026-01-14 12시54분46초	1768362886794]	BossController..
[2026-01-14 12시54분46초	1768362886794]	0ms

[2026-01-14 12시54분46초	1768362886795]	NoticeController..
[2026-01-14 12시54분46초	1768362886796]	1ms

[2026-01-14 12시54분46초	1768362886796]	FriendController..
[2026-01-14 12시54분46초	1768362886796]	0ms

[2026-01-14 12시54분46초	1768362886797]	BugScanningController..
[2026-01-14 12시54분46초	1768362886797]	0ms

[2026-01-14 12시54분46초	1768362886798]	MagicDollController..
[2026-01-14 12시54분46초	1768362886798]	0ms

[2026-01-14 12시54분46초	1768362886799]	ShopController..
[2026-01-14 12시54분46초	1768362886799]	0ms

[2026-01-14 12시54분46초	1768362886800]	WarehouseDatabase..
[2026-01-14 12시54분46초	1768362886800]	0ms

[2026-01-14 12시54분46초	1768362886801]	PakTools..
[2026-01-14 12시54분46초	1768362886802]	1ms

[2026-01-14 12시54분46초	1768362886803]	ScriptController...
[2026-01-14 12시54분46초	1768362886805]	2ms

[2026-01-14 12시54분46초	1768362886806]	GiranClanLordController..
[2026-01-14 12시54분46초	1768362886806]	0ms

[2026-01-14 12시54분46초	1768362886808]	TeamBattleController..
[2026-01-14 12시54분46초	1768362886808]	0ms

[2026-01-14 12시54분46초	1768362886808]	WorldClearController..
[2026-01-14 12시54분46초	1768362886808]	0ms

[2026-01-14 12시54분46초	1768362886809]	SpotController..
[2026-01-14 12시54분46초	1768362886809]	0ms

[2026-01-14 12시54분46초	1768362886810]	테베라스 컨트롤러..
[2026-01-14 12시54분46초	1768362886810]	0ms

[2026-01-14 12시54분46초	1768362886810]	지옥 컨트롤러..
[2026-01-14 12시54분46초	1768362886811]	1ms

[2026-01-14 12시54분46초	1768362886811]	지하수로 컨트롤러..
[2026-01-14 12시54분46초	1768362886811]	0ms

[2026-01-14 12시54분46초	1768362886812]	보물찾기컨트롤러..
[2026-01-14 12시54분46초	1768362886812]	0ms

[2026-01-14 12시54분46초	1768362886812]	마족신전 컨트롤러..
[2026-01-14 12시54분46초	1768362886813]	0ms

[2026-01-14 12시54분46초	1768362886813]	고무 컨트롤러..
[2026-01-14 12시54분46초	1768362886814]	정무던전 컨트롤러..
[2026-01-14 12시54분46초	1768362886818]	4ms

[2026-01-14 12시54분46초	1768362886819]	그신 컨트롤러..
[2026-01-14 12시54분46초	1768362886819]	0ms

[2026-01-14 12시54분46초	1768362886820]	라바던전 컨트롤러..
[2026-01-14 12시54분46초	1768362886820]	0ms

[2026-01-14 12시54분46초	1768362886821]	월드보스컨트롤러..
[2026-01-14 12시54분46초	1768362886821]	0ms

[2026-01-14 12시54분46초	1768362886821]	펭귄 사냥터 컨트롤러..
[2026-01-14 12시54분46초	1768362886822]	1ms

[2026-01-14 12시54분46초	1768362886822]	칠흑던전 컨트롤러..
[2026-01-14 12시54분46초	1768362886823]	악마왕의영토컨트롤러..
[2026-01-14 12시54분46초	1768362886823]	0ms

[2026-01-14 12시54분46초	1768362886824]	얼던컨트롤러..
[2026-01-14 12시54분46초	1768362886824]	0ms

[2026-01-14 12시54분46초	1768362886825]	기감 컨트롤러..
[2026-01-14 12시54분46초	1768362886825]	0ms

[2026-01-14 12시54분46초	1768362886825]	고라스컨트롤러..
[2026-01-14 12시54분46초	1768362886826]	0ms

[2026-01-14 12시54분46초	1768362886826]	드워프컨트롤러..
[2026-01-14 12시54분46초	1768362886826]	0ms

[2026-01-14 12시54분46초	1768362886827]	타임이벤트컨트롤러..
[2026-01-14 12시54분46초	1768362886827]	0ms

[2026-01-14 12시54분46초	1768362886828]	AutoHuntController..
[2026-01-14 12시54분46초	1768362886828]	0ms

[2026-01-14 12시54분46초	1768362886843]	DatabaseConnection..
[2026-01-14 12시54분47초	1768362887131]	288ms

[2026-01-14 12시54분47초	1768362887146]	ServerDatabase..
[2026-01-14 12시54분47초	1768362887183]	37ms

[2026-01-14 12시54분47초	1768362887186]	SlimeRaceController..
[2026-01-14 12시54분47초	1768362887189]	3ms

[2026-01-14 12시54분47초	1768362887191]	DogRaceController..
[2026-01-14 12시54분47초	1768362887192]	1ms

[2026-01-14 12시54분47초	1768362887196]	ClanController..
[2026-01-14 12시54분47초	1768362887203]	7ms

[2026-01-14 12시54분47초	1768362887205]	KingdomController..
[2026-01-14 12시54분47초	1768362887213]	8ms

[2026-01-14 12시54분47초	1768362887214]	AgitController..
[2026-01-14 12시54분47초	1768362887220]	6ms

[2026-01-14 12시54분47초	1768362887221]	AuctionController..
[2026-01-14 12시54분47초	1768362887227]	6ms

[2026-01-14 12시54분47초	1768362887231]	ItemDatabase..
[2026-01-14 12시54분47초	1768362887354]	123ms

[2026-01-14 12시54분47초	1768362887355]	ItemSetopionDatabase..
[2026-01-14 12시54분47초	1768362887358]	3ms

[2026-01-14 12시54분47초	1768362887360]	AutosellDatabase..
[2026-01-14 12시54분47초	1768362887383]	23ms

[2026-01-14 12시54분47초	1768362887384]	ItemSkillDatabase..
[2026-01-14 12시54분47초	1768362887387]	3ms

[2026-01-14 12시54분47초	1768362887388]	ItemBundleDatabase..
[2026-01-14 12시54분47초	1768362887393]	5ms

[2026-01-14 12시54분47초	1768362887394]	ItemChanceBundleDatabase..
[2026-01-14 12시54분47초	1768362887398]	4ms

[2026-01-14 12시54분47초	1768362887399]	FishItemListDatabase..
[2026-01-14 12시54분47초	1768362887400]	1ms

[2026-01-14 12시54분47초	1768362887402]	ItemTeleport..
[2026-01-14 12시54분47초	1768362887405]	3ms

[2026-01-14 12시54분47초	1768362887406]	PolyDatabase..
[2026-01-14 12시54분47초	1768362887409]	3ms

[2026-01-14 12시54분47초	1768362887411]	DungeonDatabase..
[2026-01-14 12시54분47초	1768362887417]	6ms

[2026-01-14 12시54분47초	1768362887418]	DefiniteDatabase..
[2026-01-14 12시54분47초	1768362887421]	3ms

[2026-01-14 12시54분47초	1768362887422]	ExpDatabase..
[2026-01-14 12시54분47초	1768362887424]	2ms

[2026-01-14 12시54분47초	1768362887424]	BackgroundDatabase..
[2026-01-14 12시54분47초	1768362887566]	142ms

[2026-01-14 12시54분47초	1768362887566]	SpriteFrameDatabase..
[2026-01-14 12시54분47초	1768362887641]	75ms

[2026-01-14 12시54분47초	1768362887642]	SkillDatabase..
[2026-01-14 12시54분47초	1768362887645]	3ms

[2026-01-14 12시54분47초	1768362887646]	NpcDatabase..
[2026-01-14 12시54분47초	1768362887654]	8ms

[2026-01-14 12시54분47초	1768362887655]	NpcShopDatabase..
[2026-01-14 12시54분47초	1768362887719]	64ms

[2026-01-14 12시54분47초	1768362887720]	NpcTeleportDatabase..
[2026-01-14 12시54분47초	1768362887722]	2ms

[2026-01-14 12시54분47초	1768362887926]	NpcSpawnlistDatabase..
[2026-01-14 12시54분47초	1768362887984]	58ms

[2026-01-14 12시54분47초	1768362887986]	EventController..
[2026-01-14 12시54분47초	1768362887987]	1ms

[2026-01-14 12시54분47초	1768362887988]	MonsterDatabase..
[2026-01-14 12시54분48초	1768362888003]	15ms

[2026-01-14 12시54분48초	1768362888004]	MonsterDropDatabase..
[2026-01-14 12시54분48초	1768362888034]	30ms

[2026-01-14 12시54분48초	1768362888035]	MonsterSkillDatabase..
[2026-01-14 12시54분48초	1768362888051]	16ms

[2026-01-14 12시54분48초	1768362888053]	MonsterSpawnlistDatabase..
[2026-01-14 12시54분48초	1768362888994]	941ms

[2026-01-14 12시54분48초	1768362888996]	MonsterBossSpawnlistDatabase..
[2026-01-14 12시54분48초	1768362888999]	3ms

[2026-01-14 12시54분49초	1768362889001]	ServerDownBossListDatabase..
[2026-01-14 12시54분49초	1768362889002]	1ms

[2026-01-14 12시54분49초	1768362889003]	BadIpDatabase..
[2026-01-14 12시54분49초	1768362889006]	3ms

[2026-01-14 12시54분49초	1768362889006]	QuestController..
[2026-01-14 12시54분49초	1768362889008]	2ms

[2026-01-14 12시54분49초	1768362889008]	ServerOpcodesDatabase..
[2026-01-14 12시54분49초	1768362889013]	5ms

[2026-01-14 12시54분49초	1768362889014]	ServerNoticeDatabase..
[2026-01-14 12시54분49초	1768362889016]	2ms

[2026-01-14 12시54분49초	1768362889018]	RankController..
[2026-01-14 12시54분49초	1768362889042]	24ms

[2026-01-14 12시54분49초	1768362889043]	WantedController..
[2026-01-14 12시54분49초	1768362889048]	5ms

[2026-01-14 12시54분49초	1768362889049]	TeleportHomeDatabase..
[2026-01-14 12시54분49초	1768362889080]	31ms

[2026-01-14 12시54분49초	1768362889081]	TeleportResetDatabase..
[2026-01-14 12시54분49초	1768362889110]	29ms

[2026-01-14 12시54분49초	1768362889110]	ItemPinewandDatabase..
[2026-01-14 12시54분49초	1768362889112]	2ms

[2026-01-14 12시54분49초	1768362889112]	ItemMaplewandDatabase..
[2026-01-14 12시54분49초	1768362889114]	2ms

[2026-01-14 12시54분49초	1768362889115]	SummonListDatabase..
[2026-01-14 12시54분49초	1768362889117]	2ms

[2026-01-14 12시54분49초	1768362889118]	GmListDatabase..
[2026-01-14 12시54분49초	1768362889119]	1ms

[2026-01-14 12시54분49초	1768362889120]	MagicdollListDatabase..
[2026-01-14 12시54분49초	1768362889123]	3ms

[2026-01-14 12시54분49초	1768362889126]	PcMarketController..
[2026-01-14 12시54분49초	1768362889128]	2ms

[2026-01-14 12시54분49초	1768362889128]	ServerOptionDatabase..
[2026-01-14 12시54분49초	1768362889129]	1ms

[2026-01-14 12시54분49초	1768362889130]	TimeDungeonDatabase..
[2026-01-14 12시54분49초	1768362889130]	0ms

[2026-01-14 12시54분49초	1768362889131]	TeamBattleDatabase..
[2026-01-14 12시54분49초	1768362889132]	1ms

[2026-01-14 12시54분49초	1768362889133]	LifeLostItemDatabase..
[2026-01-14 12시54분49초	1768362889135]	2ms

[2026-01-14 12시54분49초	1768362889136]	GmTeleportDatabase..
[2026-01-14 12시54분49초	1768362889137]	1ms

[2026-01-14 12시54분49초	1768362889139]	무인혈맹컨트롤러..
[2026-01-14 12시54분49초	1768362889141]	2ms

[2026-01-14 12시54분49초	1768362889142]	HackNoCheckDatabase..
[2026-01-14 12시54분49초	1768362889142]	0ms

[2026-01-14 12시54분49초	1768362889144]	EnchantLostItemDatabase..
[2026-01-14 12시54분49초	1768362889164]	20ms

[2026-01-14 12시54분49초	1768362889166]	ItemDropMessageDatabase..
[2026-01-14 12시54분49초	1768362889166]	0ms

[2026-01-14 12시54분49초	1768362889168]	FishingController..
[2026-01-14 12시54분49초	1768362889433]	265ms

[2026-01-14 12시54분49초	1768362889445]	RobotController..
[2026-01-14 12시54분49초	1768362889473]	28ms

[2026-01-14 12시54분49초	1768362889475]	Server..
[2026-01-14 12시54분49초	1768362889537]	62ms

[2026-01-14 12시54분49초	1768362889538]	ServerThread..
[2026-01-14 12시54분49초	1768362889538]	0ms

[2026-01-14 12시54분49초	1768362889539]	ControllerTherad..
[2026-01-14 12시54분49초	1768362889540]	1ms

[2026-01-14 12시54분49초	1768362889541]	CharacterThread..
[2026-01-14 12시54분49초	1768362889541]	0ms

[2026-01-14 12시54분49초	1768362889542]	DatabaseThread..
[2026-01-14 12시54분49초	1768362889542]	0ms

[2026-01-14 12시54분49초	1768362889543]	CharacterControlThread..
[2026-01-14 12시54분49초	1768362889544]	1ms

[2026-01-14 12시54분49초	1768362889587]	FightController..
[2026-01-14 12시54분49초	1768362889607]	20ms

[2026-01-14 12시54분49초	1768362889608]	TimeThread..
[2026-01-14 12시54분49초	1768362889608]	0ms

[2026-01-14 12시54분49초	1768362889609]	AutoHuntThread..
[2026-01-14 12시54분49초	1768362889610]	0ms

[2026-01-14 12시54분49초	1768362889610]	======================================================================
[2026-01-14 12시54분49초	1768362889610]	Server Version  :  Lineage 2.0

[2026-01-14 12시54분49초	1768362889610]	Server Port      :  2000

[2026-01-14 12시54분49초	1768362889610]	계정 자동생성  :  on

[2026-01-14 12시54분49초	1768362889610]	인챈트 : 1.0배  ||  드랍 : 3.0배  ||  경험치 : 30.0배  ||  아데나 : 12.0배  ||  파티 : 1.1배

[2026-01-14 12시54분49초	1768362889610]	======================================================================
[2026-01-14 12시54분49초	1768362889610]	'서버' 가동되었습니다.

