[2026-01-07 17시19분03초	1767773943862]	Mysql..
[2026-01-07 17시19분03초	1767773943863]	2ms

[2026-01-07 17시19분03초	1767773943880]	lineage.conf file loading...
[2026-01-07 17시19분03초	1767773943908]	28ms

[2026-01-07 17시19분03초	1767773943914]	Lineage_Balance..
[2026-01-07 17시19분03초	1767773943923]	9ms

[2026-01-07 17시19분03초	1767773943924]	npc_promotion..
[2026-01-07 17시19분03초	1767773943924]	1ms

[2026-01-07 17시19분03초	1767773943924]	Socket..
[2026-01-07 17시19분03초	1767773943925]	1ms

[2026-01-07 17시19분03초	1767773943925]	Common..
[2026-01-07 17시19분03초	1767773943925]	0ms

[2026-01-07 17시19분03초	1767773943926]	EventThread..
[2026-01-07 17시19분03초	1767773943926]	0ms

[2026-01-07 17시19분03초	1767773943927]	AiExecuteThread..
[2026-01-07 17시19분03초	1767773943927]	0ms

[2026-01-07 17시19분03초	1767773943928]	AiThread..
[2026-01-07 17시19분03초	1767773943928]	0ms

[2026-01-07 17시19분03초	1767773943932]	World..
[2026-01-07 17시19분04초	1767773944025]	93ms

[2026-01-07 17시19분04초	1767773944027]	BookController..
[2026-01-07 17시19분04초	1767773944027]	0ms

[2026-01-07 17시19분04초	1767773944028]	InventoryController..
[2026-01-07 17시19분04초	1767773944028]	0ms

[2026-01-07 17시19분04초	1767773944028]	BasePacketPooling..
[2026-01-07 17시19분04초	1767773944028]	0ms

[2026-01-07 17시19분04초	1767773944037]	SkillController..
[2026-01-07 17시19분04초	1767773944040]	0ms

[2026-01-07 17시19분04초	1767773944046]	DamageController..
[2026-01-07 17시19분04초	1767773944046]	0ms

[2026-01-07 17시19분04초	1767773944048]	CharacterController..
[2026-01-07 17시19분04초	1767773944048]	0ms

[2026-01-07 17시19분04초	1767773944049]	TradeController..
[2026-01-07 17시19분04초	1767773944050]	1ms

[2026-01-07 17시19분04초	1767773944050]	DungeonController..
[2026-01-07 17시19분04초	1767773944050]	0ms

[2026-01-07 17시19분04초	1767773944051]	ShipController..
[2026-01-07 17시19분04초	1767773944051]	0ms

[2026-01-07 17시19분04초	1767773944052]	BuffController..
[2026-01-07 17시19분04초	1767773944052]	0ms

[2026-01-07 17시19분04초	1767773944056]	SummonController..
[2026-01-07 17시19분04초	1767773944056]	0ms

[2026-01-07 17시19분04초	1767773944056]	PartyController..
[2026-01-07 17시19분04초	1767773944057]	1ms

[2026-01-07 17시19분04초	1767773944057]	InnController..
[2026-01-07 17시19분04초	1767773944057]	0ms

[2026-01-07 17시19분04초	1767773944058]	BoardController..
[2026-01-07 17시19분04초	1767773944059]	0ms

[2026-01-07 17시19분04초	1767773944060]	LetterController..
[2026-01-07 17시19분04초	1767773944060]	0ms

[2026-01-07 17시19분04초	1767773944061]	UserShopController..
[2026-01-07 17시19분04초	1767773944061]	0ms

[2026-01-07 17시19분04초	1767773944070]	ChattingController..
[2026-01-07 17시19분04초	1767773944071]	1ms

[2026-01-07 17시19분04초	1767773944073]	ColosseumController..
[2026-01-07 17시19분04초	1767773944073]	1ms

[2026-01-07 17시19분04초	1767773944073]	CraftController..
[2026-01-07 17시19분04초	1767773944074]	1ms

[2026-01-07 17시19분04초	1767773944074]	BossController..
[2026-01-07 17시19분04초	1767773944075]	0ms

[2026-01-07 17시19분04초	1767773944075]	NoticeController..
[2026-01-07 17시19분04초	1767773944076]	1ms

[2026-01-07 17시19분04초	1767773944076]	FriendController..
[2026-01-07 17시19분04초	1767773944077]	1ms

[2026-01-07 17시19분04초	1767773944077]	BugScanningController..
[2026-01-07 17시19분04초	1767773944077]	0ms

[2026-01-07 17시19분04초	1767773944078]	MagicDollController..
[2026-01-07 17시19분04초	1767773944078]	0ms

[2026-01-07 17시19분04초	1767773944079]	ShopController..
[2026-01-07 17시19분04초	1767773944079]	0ms

[2026-01-07 17시19분04초	1767773944080]	WarehouseDatabase..
[2026-01-07 17시19분04초	1767773944080]	0ms

[2026-01-07 17시19분04초	1767773944081]	PakTools..
[2026-01-07 17시19분04초	1767773944082]	1ms

[2026-01-07 17시19분04초	1767773944083]	ScriptController...
[2026-01-07 17시19분04초	1767773944086]	2ms

[2026-01-07 17시19분04초	1767773944086]	GiranClanLordController..
[2026-01-07 17시19분04초	1767773944086]	0ms

[2026-01-07 17시19분04초	1767773944088]	TeamBattleController..
[2026-01-07 17시19분04초	1767773944088]	0ms

[2026-01-07 17시19분04초	1767773944088]	WorldClearController..
[2026-01-07 17시19분04초	1767773944089]	1ms

[2026-01-07 17시19분04초	1767773944089]	SpotController..
[2026-01-07 17시19분04초	1767773944089]	0ms

[2026-01-07 17시19분04초	1767773944090]	테베라스 컨트롤러..
[2026-01-07 17시19분04초	1767773944090]	0ms

[2026-01-07 17시19분04초	1767773944090]	지옥 컨트롤러..
[2026-01-07 17시19분04초	1767773944091]	1ms

[2026-01-07 17시19분04초	1767773944091]	지하수로 컨트롤러..
[2026-01-07 17시19분04초	1767773944091]	0ms

[2026-01-07 17시19분04초	1767773944092]	보물찾기컨트롤러..
[2026-01-07 17시19분04초	1767773944092]	0ms

[2026-01-07 17시19분04초	1767773944092]	마족신전 컨트롤러..
[2026-01-07 17시19분04초	1767773944092]	0ms

[2026-01-07 17시19분04초	1767773944093]	고무 컨트롤러..
[2026-01-07 17시19분04초	1767773944094]	정무던전 컨트롤러..
[2026-01-07 17시19분04초	1767773944097]	3ms

[2026-01-07 17시19분04초	1767773944098]	그신 컨트롤러..
[2026-01-07 17시19분04초	1767773944098]	0ms

[2026-01-07 17시19분04초	1767773944099]	라바던전 컨트롤러..
[2026-01-07 17시19분04초	1767773944099]	0ms

[2026-01-07 17시19분04초	1767773944099]	월드보스컨트롤러..
[2026-01-07 17시19분04초	1767773944099]	0ms

[2026-01-07 17시19분04초	1767773944100]	펭귄 사냥터 컨트롤러..
[2026-01-07 17시19분04초	1767773944100]	0ms

[2026-01-07 17시19분04초	1767773944101]	칠흑던전 컨트롤러..
[2026-01-07 17시19분04초	1767773944102]	악마왕의영토컨트롤러..
[2026-01-07 17시19분04초	1767773944102]	0ms

[2026-01-07 17시19분04초	1767773944102]	얼던컨트롤러..
[2026-01-07 17시19분04초	1767773944102]	0ms

[2026-01-07 17시19분04초	1767773944103]	기감 컨트롤러..
[2026-01-07 17시19분04초	1767773944103]	0ms

[2026-01-07 17시19분04초	1767773944104]	고라스컨트롤러..
[2026-01-07 17시19분04초	1767773944104]	0ms

[2026-01-07 17시19분04초	1767773944105]	드워프컨트롤러..
[2026-01-07 17시19분04초	1767773944105]	0ms

[2026-01-07 17시19분04초	1767773944105]	타임이벤트컨트롤러..
[2026-01-07 17시19분04초	1767773944105]	0ms

[2026-01-07 17시19분04초	1767773944106]	AutoHuntController..
[2026-01-07 17시19분04초	1767773944106]	0ms

[2026-01-07 17시19분04초	1767773944107]	DatabaseConnection..
[2026-01-07 17시19분04초	1767773944402]	295ms

[2026-01-07 17시19분04초	1767773944433]	ServerDatabase..
[2026-01-07 17시19분04초	1767773944467]	34ms

[2026-01-07 17시19분04초	1767773944471]	SlimeRaceController..
[2026-01-07 17시19분04초	1767773944472]	1ms

[2026-01-07 17시19분04초	1767773944474]	DogRaceController..
[2026-01-07 17시19분04초	1767773944476]	1ms

[2026-01-07 17시19분04초	1767773944478]	ClanController..
[2026-01-07 17시19분04초	1767773944483]	5ms

[2026-01-07 17시19분04초	1767773944485]	KingdomController..
[2026-01-07 17시19분04초	1767773944491]	6ms

[2026-01-07 17시19분04초	1767773944492]	AgitController..
[2026-01-07 17시19분04초	1767773944497]	5ms

[2026-01-07 17시19분04초	1767773944498]	AuctionController..
[2026-01-07 17시19분04초	1767773944503]	5ms

[2026-01-07 17시19분04초	1767773944508]	ItemDatabase..
[2026-01-07 17시19분04초	1767773944628]	120ms

[2026-01-07 17시19분04초	1767773944629]	ItemSetopionDatabase..
[2026-01-07 17시19분04초	1767773944631]	2ms

[2026-01-07 17시19분04초	1767773944632]	AutosellDatabase..
[2026-01-07 17시19분04초	1767773944659]	27ms

[2026-01-07 17시19분04초	1767773944660]	ItemSkillDatabase..
[2026-01-07 17시19분04초	1767773944662]	2ms

[2026-01-07 17시19분04초	1767773944663]	ItemBundleDatabase..
[2026-01-07 17시19분04초	1767773944666]	3ms

[2026-01-07 17시19분04초	1767773944667]	ItemChanceBundleDatabase..
[2026-01-07 17시19분04초	1767773944672]	6ms

[2026-01-07 17시19분04초	1767773944673]	FishItemListDatabase..
[2026-01-07 17시19분04초	1767773944674]	1ms

[2026-01-07 17시19분04초	1767773944675]	ItemTeleport..
[2026-01-07 17시19분04초	1767773944677]	2ms

[2026-01-07 17시19분04초	1767773944678]	PolyDatabase..
[2026-01-07 17시19분04초	1767773944681]	3ms

[2026-01-07 17시19분04초	1767773944682]	DungeonDatabase..
[2026-01-07 17시19분04초	1767773944686]	4ms

[2026-01-07 17시19분04초	1767773944686]	DefiniteDatabase..
[2026-01-07 17시19분04초	1767773944688]	2ms

[2026-01-07 17시19분04초	1767773944689]	ExpDatabase..
[2026-01-07 17시19분04초	1767773944690]	1ms

[2026-01-07 17시19분04초	1767773944690]	BackgroundDatabase..
[2026-01-07 17시19분04초	1767773944809]	119ms

[2026-01-07 17시19분04초	1767773944809]	SpriteFrameDatabase..
[2026-01-07 17시19분04초	1767773944883]	74ms

[2026-01-07 17시19분04초	1767773944884]	SkillDatabase..
[2026-01-07 17시19분04초	1767773944887]	3ms

[2026-01-07 17시19분04초	1767773944887]	NpcDatabase..
[2026-01-07 17시19분04초	1767773944894]	7ms

[2026-01-07 17시19분04초	1767773944895]	NpcShopDatabase..
[2026-01-07 17시19분04초	1767773944954]	59ms

[2026-01-07 17시19분04초	1767773944955]	NpcTeleportDatabase..
[2026-01-07 17시19분04초	1767773944957]	1ms

[2026-01-07 17시19분05초	1767773945083]	NpcSpawnlistDatabase..
[2026-01-07 17시19분05초	1767773945134]	51ms

[2026-01-07 17시19분05초	1767773945136]	EventController..
[2026-01-07 17시19분05초	1767773945136]	0ms

[2026-01-07 17시19분05초	1767773945138]	MonsterDatabase..
[2026-01-07 17시19분05초	1767773945152]	14ms

[2026-01-07 17시19분05초	1767773945155]	MonsterDropDatabase..
[2026-01-07 17시19분05초	1767773945180]	25ms

[2026-01-07 17시19분05초	1767773945181]	MonsterSkillDatabase..
[2026-01-07 17시19분05초	1767773945192]	11ms

[2026-01-07 17시19분05초	1767773945194]	MonsterSpawnlistDatabase..
[2026-01-07 17시19분06초	1767773946295]	1101ms

[2026-01-07 17시19분06초	1767773946296]	MonsterBossSpawnlistDatabase..
[2026-01-07 17시19분06초	1767773946298]	2ms

[2026-01-07 17시19분06초	1767773946298]	ServerDownBossListDatabase..
[2026-01-07 17시19분06초	1767773946299]	1ms

[2026-01-07 17시19분06초	1767773946300]	BadIpDatabase..
[2026-01-07 17시19분06초	1767773946301]	1ms

[2026-01-07 17시19분06초	1767773946301]	QuestController..
[2026-01-07 17시19분06초	1767773946303]	2ms

[2026-01-07 17시19분06초	1767773946303]	ServerOpcodesDatabase..
[2026-01-07 17시19분06초	1767773946307]	4ms

[2026-01-07 17시19분06초	1767773946308]	ServerNoticeDatabase..
[2026-01-07 17시19분06초	1767773946309]	1ms

[2026-01-07 17시19분06초	1767773946310]	RankController..
[2026-01-07 17시19분06초	1767773946331]	20ms

[2026-01-07 17시19분06초	1767773946338]	WantedController..
[2026-01-07 17시19분06초	1767773946343]	5ms

[2026-01-07 17시19분06초	1767773946343]	TeleportHomeDatabase..
[2026-01-07 17시19분06초	1767773946378]	35ms

[2026-01-07 17시19분06초	1767773946379]	TeleportResetDatabase..
[2026-01-07 17시19분06초	1767773946410]	31ms

[2026-01-07 17시19분06초	1767773946411]	ItemPinewandDatabase..
[2026-01-07 17시19분06초	1767773946412]	1ms

[2026-01-07 17시19분06초	1767773946412]	ItemMaplewandDatabase..
[2026-01-07 17시19분06초	1767773946413]	1ms

[2026-01-07 17시19분06초	1767773946414]	SummonListDatabase..
[2026-01-07 17시19분06초	1767773946415]	1ms

[2026-01-07 17시19분06초	1767773946416]	GmListDatabase..
[2026-01-07 17시19분06초	1767773946417]	1ms

[2026-01-07 17시19분06초	1767773946418]	MagicdollListDatabase..
[2026-01-07 17시19분06초	1767773946420]	2ms

[2026-01-07 17시19분06초	1767773946424]	PcMarketController..
[2026-01-07 17시19분06초	1767773946424]	0ms

[2026-01-07 17시19분06초	1767773946425]	ServerOptionDatabase..
[2026-01-07 17시19분06초	1767773946425]	0ms

[2026-01-07 17시19분06초	1767773946426]	TimeDungeonDatabase..
[2026-01-07 17시19분06초	1767773946427]	0ms

[2026-01-07 17시19분06초	1767773946427]	TeamBattleDatabase..
[2026-01-07 17시19분06초	1767773946428]	1ms

[2026-01-07 17시19분06초	1767773946428]	LifeLostItemDatabase..
[2026-01-07 17시19분06초	1767773946429]	1ms

[2026-01-07 17시19분06초	1767773946430]	GmTeleportDatabase..
[2026-01-07 17시19분06초	1767773946431]	1ms

[2026-01-07 17시19분06초	1767773946433]	무인혈맹컨트롤러..
[2026-01-07 17시19분06초	1767773946434]	1ms

[2026-01-07 17시19분06초	1767773946435]	HackNoCheckDatabase..
[2026-01-07 17시19분06초	1767773946436]	1ms

[2026-01-07 17시19분06초	1767773946437]	EnchantLostItemDatabase..
[2026-01-07 17시19분06초	1767773946450]	13ms

[2026-01-07 17시19분06초	1767773946452]	ItemDropMessageDatabase..
[2026-01-07 17시19분06초	1767773946452]	0ms

[2026-01-07 17시19분06초	1767773946454]	FishingController..
[2026-01-07 17시19분06초	1767773946568]	114ms

[2026-01-07 17시19분06초	1767773946577]	RobotController..
[2026-01-07 17시19분06초	1767773946600]	23ms

[2026-01-07 17시19분06초	1767773946605]	Server..
[2026-01-07 17시19분06초	1767773946681]	76ms

[2026-01-07 17시19분06초	1767773946682]	ServerThread..
[2026-01-07 17시19분06초	1767773946682]	0ms

[2026-01-07 17시19분06초	1767773946682]	ControllerTherad..
[2026-01-07 17시19분06초	1767773946683]	1ms

[2026-01-07 17시19분06초	1767773946684]	CharacterThread..
[2026-01-07 17시19분06초	1767773946684]	0ms

[2026-01-07 17시19분06초	1767773946684]	DatabaseThread..
[2026-01-07 17시19분06초	1767773946685]	0ms

[2026-01-07 17시19분06초	1767773946686]	CharacterControlThread..
[2026-01-07 17시19분06초	1767773946686]	0ms

[2026-01-07 17시19분06초	1767773946730]	FightController..
[2026-01-07 17시19분06초	1767773946747]	18ms

[2026-01-07 17시19분06초	1767773946747]	TimeThread..
[2026-01-07 17시19분06초	1767773946748]	1ms

[2026-01-07 17시19분06초	1767773946748]	AutoHuntThread..
[2026-01-07 17시19분06초	1767773946748]	0ms

[2026-01-07 17시19분06초	1767773946749]	======================================================================
[2026-01-07 17시19분06초	1767773946749]	Server Version  :  Lineage 2.0

[2026-01-07 17시19분06초	1767773946749]	Server Port      :  2000

[2026-01-07 17시19분06초	1767773946749]	계정 자동생성  :  on

[2026-01-07 17시19분06초	1767773946749]	인챈트 : 1.0배  ||  드랍 : 3.0배  ||  경험치 : 30.0배  ||  아데나 : 12.0배  ||  파티 : 1.1배

[2026-01-07 17시19분06초	1767773946749]	======================================================================
[2026-01-07 17시19분06초	1767773946749]	'서버' 가동되었습니다.

[2026-01-07 17시20분09초	1767774009768]	서버가 즉시 종료됩니다...
[2026-01-07 17시20분10초	1767774010770]	Thread close..
[2026-01-07 17시20분11초	1767774011770]	Save Database..
[2026-01-07 17시20분12초	1767774012479]	Socket close..
[2026-01-07 17시20분12초	1767774012479]	LineageServer Close...
[2026-01-07 17시20분12초	1767774012479]	0ms

[2026-01-07 17시20분12초	1767774012479]	ok..
