[2026-01-07 17시05분41초	1767773141103]	Mysql..
[2026-01-07 17시05분41초	1767773141104]	2ms

[2026-01-07 17시05분41초	1767773141123]	lineage.conf file loading...
[2026-01-07 17시05분41초	1767773141151]	28ms

[2026-01-07 17시05분41초	1767773141159]	Lineage_Balance..
[2026-01-07 17시05분41초	1767773141167]	8ms

[2026-01-07 17시05분41초	1767773141168]	npc_promotion..
[2026-01-07 17시05분41초	1767773141168]	0ms

[2026-01-07 17시05분41초	1767773141169]	Socket..
[2026-01-07 17시05분41초	1767773141169]	0ms

[2026-01-07 17시05분41초	1767773141169]	Common..
[2026-01-07 17시05분41초	1767773141169]	0ms

[2026-01-07 17시05분41초	1767773141177]	EventThread..
[2026-01-07 17시05분41초	1767773141177]	0ms

[2026-01-07 17시05분41초	1767773141178]	AiExecuteThread..
[2026-01-07 17시05분41초	1767773141178]	0ms

[2026-01-07 17시05분41초	1767773141179]	AiThread..
[2026-01-07 17시05분41초	1767773141179]	0ms

[2026-01-07 17시05분41초	1767773141189]	World..
[2026-01-07 17시05분41초	1767773141270]	81ms

[2026-01-07 17시05분41초	1767773141272]	BookController..
[2026-01-07 17시05분41초	1767773141272]	0ms

[2026-01-07 17시05분41초	1767773141272]	InventoryController..
[2026-01-07 17시05분41초	1767773141272]	0ms

[2026-01-07 17시05분41초	1767773141273]	BasePacketPooling..
[2026-01-07 17시05분41초	1767773141273]	0ms

[2026-01-07 17시05분41초	1767773141275]	SkillController..
[2026-01-07 17시05분41초	1767773141275]	0ms

[2026-01-07 17시05분41초	1767773141281]	DamageController..
[2026-01-07 17시05분41초	1767773141281]	0ms

[2026-01-07 17시05분41초	1767773141283]	CharacterController..
[2026-01-07 17시05분41초	1767773141283]	0ms

[2026-01-07 17시05분41초	1767773141284]	TradeController..
[2026-01-07 17시05분41초	1767773141284]	0ms

[2026-01-07 17시05분41초	1767773141285]	DungeonController..
[2026-01-07 17시05분41초	1767773141285]	0ms

[2026-01-07 17시05분41초	1767773141285]	ShipController..
[2026-01-07 17시05분41초	1767773141285]	0ms

[2026-01-07 17시05분41초	1767773141286]	BuffController..
[2026-01-07 17시05분41초	1767773141286]	0ms

[2026-01-07 17시05분41초	1767773141290]	SummonController..
[2026-01-07 17시05분41초	1767773141291]	1ms

[2026-01-07 17시05분41초	1767773141291]	PartyController..
[2026-01-07 17시05분41초	1767773141292]	1ms

[2026-01-07 17시05분41초	1767773141292]	InnController..
[2026-01-07 17시05분41초	1767773141292]	0ms

[2026-01-07 17시05분41초	1767773141294]	BoardController..
[2026-01-07 17시05분41초	1767773141294]	0ms

[2026-01-07 17시05분41초	1767773141295]	LetterController..
[2026-01-07 17시05분41초	1767773141295]	0ms

[2026-01-07 17시05분41초	1767773141296]	UserShopController..
[2026-01-07 17시05분41초	1767773141296]	0ms

[2026-01-07 17시05분41초	1767773141305]	ChattingController..
[2026-01-07 17시05분41초	1767773141306]	1ms

[2026-01-07 17시05분41초	1767773141315]	ColosseumController..
[2026-01-07 17시05분41초	1767773141315]	0ms

[2026-01-07 17시05분41초	1767773141316]	CraftController..
[2026-01-07 17시05분41초	1767773141316]	0ms

[2026-01-07 17시05분41초	1767773141324]	BossController..
[2026-01-07 17시05분41초	1767773141324]	0ms

[2026-01-07 17시05분41초	1767773141325]	NoticeController..
[2026-01-07 17시05분41초	1767773141326]	1ms

[2026-01-07 17시05분41초	1767773141326]	FriendController..
[2026-01-07 17시05분41초	1767773141326]	0ms

[2026-01-07 17시05분41초	1767773141327]	BugScanningController..
[2026-01-07 17시05분41초	1767773141327]	0ms

[2026-01-07 17시05분41초	1767773141328]	MagicDollController..
[2026-01-07 17시05분41초	1767773141328]	0ms

[2026-01-07 17시05분41초	1767773141329]	ShopController..
[2026-01-07 17시05분41초	1767773141329]	0ms

[2026-01-07 17시05분41초	1767773141330]	WarehouseDatabase..
[2026-01-07 17시05분41초	1767773141330]	0ms

[2026-01-07 17시05분41초	1767773141331]	PakTools..
[2026-01-07 17시05분41초	1767773141332]	1ms

[2026-01-07 17시05분41초	1767773141333]	ScriptController...
[2026-01-07 17시05분41초	1767773141336]	3ms

[2026-01-07 17시05분41초	1767773141337]	GiranClanLordController..
[2026-01-07 17시05분41초	1767773141337]	1ms

[2026-01-07 17시05분41초	1767773141338]	TeamBattleController..
[2026-01-07 17시05분41초	1767773141338]	0ms

[2026-01-07 17시05분41초	1767773141339]	WorldClearController..
[2026-01-07 17시05분41초	1767773141339]	0ms

[2026-01-07 17시05분41초	1767773141340]	SpotController..
[2026-01-07 17시05분41초	1767773141343]	0ms

[2026-01-07 17시05분41초	1767773141344]	테베라스 컨트롤러..
[2026-01-07 17시05분41초	1767773141344]	0ms

[2026-01-07 17시05분41초	1767773141344]	지옥 컨트롤러..
[2026-01-07 17시05분41초	1767773141344]	0ms

[2026-01-07 17시05분41초	1767773141345]	지하수로 컨트롤러..
[2026-01-07 17시05분41초	1767773141345]	0ms

[2026-01-07 17시05분41초	1767773141346]	보물찾기컨트롤러..
[2026-01-07 17시05분41초	1767773141346]	0ms

[2026-01-07 17시05분41초	1767773141346]	마족신전 컨트롤러..
[2026-01-07 17시05분41초	1767773141346]	0ms

[2026-01-07 17시05분41초	1767773141347]	고무 컨트롤러..
[2026-01-07 17시05분41초	1767773141348]	정무던전 컨트롤러..
[2026-01-07 17시05분41초	1767773141352]	4ms

[2026-01-07 17시05분41초	1767773141353]	그신 컨트롤러..
[2026-01-07 17시05분41초	1767773141354]	1ms

[2026-01-07 17시05분41초	1767773141354]	라바던전 컨트롤러..
[2026-01-07 17시05분41초	1767773141355]	1ms

[2026-01-07 17시05분41초	1767773141356]	월드보스컨트롤러..
[2026-01-07 17시05분41초	1767773141356]	0ms

[2026-01-07 17시05분41초	1767773141356]	펭귄 사냥터 컨트롤러..
[2026-01-07 17시05분41초	1767773141356]	0ms

[2026-01-07 17시05분41초	1767773141358]	칠흑던전 컨트롤러..
[2026-01-07 17시05분41초	1767773141359]	악마왕의영토컨트롤러..
[2026-01-07 17시05분41초	1767773141359]	0ms

[2026-01-07 17시05분41초	1767773141360]	얼던컨트롤러..
[2026-01-07 17시05분41초	1767773141360]	0ms

[2026-01-07 17시05분41초	1767773141361]	기감 컨트롤러..
[2026-01-07 17시05분41초	1767773141361]	0ms

[2026-01-07 17시05분41초	1767773141362]	고라스컨트롤러..
[2026-01-07 17시05분41초	1767773141362]	0ms

[2026-01-07 17시05분41초	1767773141363]	드워프컨트롤러..
[2026-01-07 17시05분41초	1767773141363]	0ms

[2026-01-07 17시05분41초	1767773141364]	타임이벤트컨트롤러..
[2026-01-07 17시05분41초	1767773141364]	0ms

[2026-01-07 17시05분41초	1767773141365]	AutoHuntController..
[2026-01-07 17시05분41초	1767773141365]	0ms

[2026-01-07 17시05분41초	1767773141366]	DatabaseConnection..
[2026-01-07 17시05분41초	1767773141648]	282ms

[2026-01-07 17시05분41초	1767773141663]	ServerDatabase..
[2026-01-07 17시05분41초	1767773141699]	36ms

[2026-01-07 17시05분41초	1767773141702]	SlimeRaceController..
[2026-01-07 17시05분41초	1767773141703]	1ms

[2026-01-07 17시05분41초	1767773141705]	DogRaceController..
[2026-01-07 17시05분41초	1767773141706]	1ms

[2026-01-07 17시05분41초	1767773141709]	ClanController..
[2026-01-07 17시05분41초	1767773141715]	6ms

[2026-01-07 17시05분41초	1767773141718]	KingdomController..
[2026-01-07 17시05분41초	1767773141723]	5ms

[2026-01-07 17시05분41초	1767773141724]	AgitController..
[2026-01-07 17시05분41초	1767773141729]	5ms

[2026-01-07 17시05분41초	1767773141730]	AuctionController..
[2026-01-07 17시05분41초	1767773141735]	5ms

[2026-01-07 17시05분41초	1767773141740]	ItemDatabase..
[2026-01-07 17시05분41초	1767773141873]	133ms

[2026-01-07 17시05분41초	1767773141874]	ItemSetopionDatabase..
[2026-01-07 17시05분41초	1767773141875]	1ms

[2026-01-07 17시05분41초	1767773141876]	AutosellDatabase..
[2026-01-07 17시05분41초	1767773141895]	19ms

[2026-01-07 17시05분41초	1767773141896]	ItemSkillDatabase..
[2026-01-07 17시05분41초	1767773141897]	1ms

[2026-01-07 17시05분41초	1767773141898]	ItemBundleDatabase..
[2026-01-07 17시05분41초	1767773141900]	2ms

[2026-01-07 17시05분41초	1767773141901]	ItemChanceBundleDatabase..
[2026-01-07 17시05분41초	1767773141905]	3ms

[2026-01-07 17시05분41초	1767773141905]	FishItemListDatabase..
[2026-01-07 17시05분41초	1767773141907]	2ms

[2026-01-07 17시05분41초	1767773141908]	ItemTeleport..
[2026-01-07 17시05분41초	1767773141909]	1ms

[2026-01-07 17시05분41초	1767773141911]	PolyDatabase..
[2026-01-07 17시05분41초	1767773141913]	2ms

[2026-01-07 17시05분41초	1767773141914]	DungeonDatabase..
[2026-01-07 17시05분41초	1767773141917]	3ms

[2026-01-07 17시05분41초	1767773141917]	DefiniteDatabase..
[2026-01-07 17시05분41초	1767773141919]	2ms

[2026-01-07 17시05분41초	1767773141919]	ExpDatabase..
[2026-01-07 17시05분41초	1767773141920]	1ms

[2026-01-07 17시05분41초	1767773141920]	BackgroundDatabase..
[2026-01-07 17시05분42초	1767773142049]	129ms

[2026-01-07 17시05분42초	1767773142049]	SpriteFrameDatabase..
[2026-01-07 17시05분42초	1767773142118]	69ms

[2026-01-07 17시05분42초	1767773142119]	SkillDatabase..
[2026-01-07 17시05분42초	1767773142122]	2ms

[2026-01-07 17시05분42초	1767773142122]	NpcDatabase..
[2026-01-07 17시05분42초	1767773142130]	8ms

[2026-01-07 17시05분42초	1767773142131]	NpcShopDatabase..
[2026-01-07 17시05분42초	1767773142190]	59ms

[2026-01-07 17시05분42초	1767773142191]	NpcTeleportDatabase..
[2026-01-07 17시05분42초	1767773142192]	1ms

[2026-01-07 17시05분42초	1767773142338]	NpcSpawnlistDatabase..
[2026-01-07 17시05분42초	1767773142387]	49ms

[2026-01-07 17시05분42초	1767773142389]	EventController..
[2026-01-07 17시05분42초	1767773142389]	0ms

[2026-01-07 17시05분42초	1767773142390]	MonsterDatabase..
[2026-01-07 17시05분42초	1767773142404]	14ms

[2026-01-07 17시05분42초	1767773142405]	MonsterDropDatabase..
[2026-01-07 17시05분42초	1767773142429]	24ms

[2026-01-07 17시05분42초	1767773142430]	MonsterSkillDatabase..
[2026-01-07 17시05분42초	1767773142440]	10ms

[2026-01-07 17시05분42초	1767773142448]	MonsterSpawnlistDatabase..
[2026-01-07 17시05분43초	1767773143431]	983ms

[2026-01-07 17시05분43초	1767773143432]	MonsterBossSpawnlistDatabase..
[2026-01-07 17시05분43초	1767773143434]	2ms

[2026-01-07 17시05분43초	1767773143434]	ServerDownBossListDatabase..
[2026-01-07 17시05분43초	1767773143435]	1ms

[2026-01-07 17시05분43초	1767773143435]	BadIpDatabase..
[2026-01-07 17시05분43초	1767773143437]	2ms

[2026-01-07 17시05분43초	1767773143437]	QuestController..
[2026-01-07 17시05분43초	1767773143438]	1ms

[2026-01-07 17시05분43초	1767773143439]	ServerOpcodesDatabase..
[2026-01-07 17시05분43초	1767773143442]	3ms

[2026-01-07 17시05분43초	1767773143443]	ServerNoticeDatabase..
[2026-01-07 17시05분43초	1767773143444]	1ms

[2026-01-07 17시05분43초	1767773143445]	RankController..
[2026-01-07 17시05분43초	1767773143466]	21ms

[2026-01-07 17시05분43초	1767773143468]	WantedController..
[2026-01-07 17시05분43초	1767773143472]	4ms

[2026-01-07 17시05분43초	1767773143473]	TeleportHomeDatabase..
[2026-01-07 17시05분43초	1767773143502]	29ms

[2026-01-07 17시05분43초	1767773143503]	TeleportResetDatabase..
[2026-01-07 17시05분43초	1767773143532]	28ms

[2026-01-07 17시05분43초	1767773143532]	ItemPinewandDatabase..
[2026-01-07 17시05분43초	1767773143533]	1ms

[2026-01-07 17시05분43초	1767773143534]	ItemMaplewandDatabase..
[2026-01-07 17시05분43초	1767773143535]	1ms

[2026-01-07 17시05분43초	1767773143535]	SummonListDatabase..
[2026-01-07 17시05분43초	1767773143536]	1ms

[2026-01-07 17시05분43초	1767773143537]	GmListDatabase..
[2026-01-07 17시05분43초	1767773143537]	0ms

[2026-01-07 17시05분43초	1767773143538]	MagicdollListDatabase..
[2026-01-07 17시05분43초	1767773143540]	2ms

[2026-01-07 17시05분43초	1767773143543]	PcMarketController..
[2026-01-07 17시05분43초	1767773143544]	0ms

[2026-01-07 17시05분43초	1767773143544]	ServerOptionDatabase..
[2026-01-07 17시05분43초	1767773143544]	0ms

[2026-01-07 17시05분43초	1767773143545]	TimeDungeonDatabase..
[2026-01-07 17시05분43초	1767773143545]	0ms

[2026-01-07 17시05분43초	1767773143546]	TeamBattleDatabase..
[2026-01-07 17시05분43초	1767773143547]	1ms

[2026-01-07 17시05분43초	1767773143547]	LifeLostItemDatabase..
[2026-01-07 17시05분43초	1767773143548]	1ms

[2026-01-07 17시05분43초	1767773143549]	GmTeleportDatabase..
[2026-01-07 17시05분43초	1767773143550]	1ms

[2026-01-07 17시05분43초	1767773143551]	무인혈맹컨트롤러..
[2026-01-07 17시05분43초	1767773143553]	2ms

[2026-01-07 17시05분43초	1767773143554]	HackNoCheckDatabase..
[2026-01-07 17시05분43초	1767773143554]	0ms

[2026-01-07 17시05분43초	1767773143555]	EnchantLostItemDatabase..
[2026-01-07 17시05분43초	1767773143567]	12ms

[2026-01-07 17시05분43초	1767773143568]	ItemDropMessageDatabase..
[2026-01-07 17시05분43초	1767773143568]	0ms

[2026-01-07 17시05분43초	1767773143570]	FishingController..
[2026-01-07 17시05분43초	1767773143685]	115ms

[2026-01-07 17시05분43초	1767773143693]	RobotController..
[2026-01-07 17시05분43초	1767773143716]	23ms

[2026-01-07 17시05분43초	1767773143720]	Server..
[2026-01-07 17시05분43초	1767773143790]	70ms

[2026-01-07 17시05분43초	1767773143790]	ServerThread..
[2026-01-07 17시05분43초	1767773143790]	0ms

[2026-01-07 17시05분43초	1767773143791]	ControllerTherad..
[2026-01-07 17시05분43초	1767773143791]	0ms

[2026-01-07 17시05분43초	1767773143792]	CharacterThread..
[2026-01-07 17시05분43초	1767773143792]	0ms

[2026-01-07 17시05분43초	1767773143793]	DatabaseThread..
[2026-01-07 17시05분43초	1767773143793]	0ms

[2026-01-07 17시05분43초	1767773143794]	CharacterControlThread..
[2026-01-07 17시05분43초	1767773143794]	0ms

[2026-01-07 17시05분43초	1767773143834]	FightController..
[2026-01-07 17시05분43초	1767773143846]	12ms

[2026-01-07 17시05분43초	1767773143847]	TimeThread..
[2026-01-07 17시05분43초	1767773143847]	0ms

[2026-01-07 17시05분43초	1767773143848]	AutoHuntThread..
[2026-01-07 17시05분43초	1767773143848]	0ms

[2026-01-07 17시05분43초	1767773143848]	======================================================================
[2026-01-07 17시05분43초	1767773143849]	Server Version  :  Lineage 2.0

[2026-01-07 17시05분43초	1767773143849]	Server Port      :  2000

[2026-01-07 17시05분43초	1767773143849]	계정 자동생성  :  on

[2026-01-07 17시05분43초	1767773143849]	인챈트 : 1.0배  ||  드랍 : 3.0배  ||  경험치 : 30.0배  ||  아데나 : 12.0배  ||  파티 : 1.1배

[2026-01-07 17시05분43초	1767773143849]	======================================================================
[2026-01-07 17시05분43초	1767773143849]	'서버' 가동되었습니다.

[2026-01-07 17시06분35초	1767773195534]	서버가 즉시 종료됩니다...
[2026-01-07 17시06분36초	1767773196534]	Thread close..
[2026-01-07 17시06분37초	1767773197534]	Save Database..
[2026-01-07 17시06분38초	1767773198231]	Socket close..
[2026-01-07 17시06분38초	1767773198231]	LineageServer Close...
[2026-01-07 17시06분38초	1767773198231]	0ms

[2026-01-07 17시06분38초	1767773198231]	ok..
