[2026-03-16 12시24분21초	1773631461886]	Mysql..
[2026-03-16 12시24분21초	1773631461887]	2ms

[2026-03-16 12시24분21초	1773631461908]	lineage.conf file loading...
[2026-03-16 12시24분21초	1773631461944]	36ms

[2026-03-16 12시24분21초	1773631461951]	Lineage_Balance..
[2026-03-16 12시24분21초	1773631461960]	9ms

[2026-03-16 12시24분21초	1773631461968]	npc_promotion..
[2026-03-16 12시24분21초	1773631461969]	1ms

[2026-03-16 12시24분21초	1773631461970]	Socket..
[2026-03-16 12시24분21초	1773631461971]	1ms

[2026-03-16 12시24분21초	1773631461971]	Common..
[2026-03-16 12시24분21초	1773631461971]	0ms

[2026-03-16 12시24분21초	1773631461972]	EventThread..
[2026-03-16 12시24분21초	1773631461972]	0ms

[2026-03-16 12시24분21초	1773631461973]	AiExecuteThread..
[2026-03-16 12시24분21초	1773631461974]	0ms

[2026-03-16 12시24분21초	1773631461974]	AiThread..
[2026-03-16 12시24분21초	1773631461975]	1ms

[2026-03-16 12시24분21초	1773631461987]	World..
[2026-03-16 12시24분22초	1773631462219]	232ms

[2026-03-16 12시24분22초	1773631462228]	BookController..
[2026-03-16 12시24분22초	1773631462228]	0ms

[2026-03-16 12시24분22초	1773631462229]	InventoryController..
[2026-03-16 12시24분22초	1773631462229]	0ms

[2026-03-16 12시24분22초	1773631462230]	BasePacketPooling..
[2026-03-16 12시24분22초	1773631462230]	0ms

[2026-03-16 12시24분22초	1773631462232]	SkillController..
[2026-03-16 12시24분22초	1773631462232]	0ms

[2026-03-16 12시24분22초	1773631462239]	DamageController..
[2026-03-16 12시24분22초	1773631462239]	0ms

[2026-03-16 12시24분22초	1773631462242]	CharacterController..
[2026-03-16 12시24분22초	1773631462242]	0ms

[2026-03-16 12시24분22초	1773631462243]	TradeController..
[2026-03-16 12시24분22초	1773631462243]	0ms

[2026-03-16 12시24분22초	1773631462244]	DungeonController..
[2026-03-16 12시24분22초	1773631462244]	0ms

[2026-03-16 12시24분22초	1773631462244]	ShipController..
[2026-03-16 12시24분22초	1773631462244]	0ms

[2026-03-16 12시24분22초	1773631462245]	BuffController..
[2026-03-16 12시24분22초	1773631462245]	0ms

[2026-03-16 12시24분22초	1773631462250]	SummonController..
[2026-03-16 12시24분22초	1773631462250]	0ms

[2026-03-16 12시24분22초	1773631462251]	PartyController..
[2026-03-16 12시24분22초	1773631462251]	0ms

[2026-03-16 12시24분22초	1773631462252]	InnController..
[2026-03-16 12시24분22초	1773631462252]	0ms

[2026-03-16 12시24분22초	1773631462254]	BoardController..
[2026-03-16 12시24분22초	1773631462254]	0ms

[2026-03-16 12시24분22초	1773631462255]	LetterController..
[2026-03-16 12시24분22초	1773631462256]	1ms

[2026-03-16 12시24분22초	1773631462256]	UserShopController..
[2026-03-16 12시24분22초	1773631462256]	0ms

[2026-03-16 12시24분22초	1773631462258]	ChattingController..
[2026-03-16 12시24분22초	1773631462258]	0ms

[2026-03-16 12시24분22초	1773631462260]	ColosseumController..
[2026-03-16 12시24분22초	1773631462260]	0ms

[2026-03-16 12시24분22초	1773631462261]	CraftController..
[2026-03-16 12시24분22초	1773631462261]	0ms

[2026-03-16 12시24분22초	1773631462270]	BossController..
[2026-03-16 12시24분22초	1773631462270]	0ms

[2026-03-16 12시24분22초	1773631462271]	NoticeController..
[2026-03-16 12시24분22초	1773631462272]	1ms

[2026-03-16 12시24분22초	1773631462273]	FriendController..
[2026-03-16 12시24분22초	1773631462273]	0ms

[2026-03-16 12시24분22초	1773631462273]	BugScanningController..
[2026-03-16 12시24분22초	1773631462273]	0ms

[2026-03-16 12시24분22초	1773631462275]	MagicDollController..
[2026-03-16 12시24분22초	1773631462275]	0ms

[2026-03-16 12시24분22초	1773631462276]	ShopController..
[2026-03-16 12시24분22초	1773631462276]	0ms

[2026-03-16 12시24분22초	1773631462277]	WarehouseDatabase..
[2026-03-16 12시24분22초	1773631462277]	0ms

[2026-03-16 12시24분22초	1773631462278]	PakTools..
[2026-03-16 12시24분22초	1773631462280]	2ms

[2026-03-16 12시24분22초	1773631462281]	ScriptController...
[2026-03-16 12시24분22초	1773631462284]	3ms

[2026-03-16 12시24분22초	1773631462285]	GiranClanLordController..
[2026-03-16 12시24분22초	1773631462285]	0ms

[2026-03-16 12시24분22초	1773631462286]	TeamBattleController..
[2026-03-16 12시24분22초	1773631462287]	1ms

[2026-03-16 12시24분22초	1773631462287]	WorldClearController..
[2026-03-16 12시24분22초	1773631462287]	0ms

[2026-03-16 12시24분22초	1773631462288]	SpotController..
[2026-03-16 12시24분22초	1773631462288]	0ms

[2026-03-16 12시24분22초	1773631462291]	테베라스 컨트롤러..
[2026-03-16 12시24분22초	1773631462292]	1ms

[2026-03-16 12시24분22초	1773631462293]	지옥 컨트롤러..
[2026-03-16 12시24분22초	1773631462293]	0ms

[2026-03-16 12시24분22초	1773631462294]	지하수로 컨트롤러..
[2026-03-16 12시24분22초	1773631462294]	0ms

[2026-03-16 12시24분22초	1773631462294]	보물찾기컨트롤러..
[2026-03-16 12시24분22초	1773631462294]	0ms

[2026-03-16 12시24분22초	1773631462295]	마족신전 컨트롤러..
[2026-03-16 12시24분22초	1773631462295]	0ms

[2026-03-16 12시24분22초	1773631462296]	고무 컨트롤러..
[2026-03-16 12시24분22초	1773631462297]	정무던전 컨트롤러..
[2026-03-16 12시24분22초	1773631462301]	4ms

[2026-03-16 12시24분22초	1773631462302]	그신 컨트롤러..
[2026-03-16 12시24분22초	1773631462302]	0ms

[2026-03-16 12시24분22초	1773631462303]	라바던전 컨트롤러..
[2026-03-16 12시24분22초	1773631462303]	0ms

[2026-03-16 12시24분22초	1773631462304]	월드보스컨트롤러..
[2026-03-16 12시24분22초	1773631462304]	0ms

[2026-03-16 12시24분22초	1773631462305]	펭귄 사냥터 컨트롤러..
[2026-03-16 12시24분22초	1773631462305]	0ms

[2026-03-16 12시24분22초	1773631462305]	칠흑던전 컨트롤러..
[2026-03-16 12시24분22초	1773631462306]	칠흑던전3층 컨트롤러..
[2026-03-16 12시24분22초	1773631462306]	0ms

[2026-03-16 12시24분22초	1773631462307]	칠흑던전4층 컨트롤러..
[2026-03-16 12시24분22초	1773631462307]	0ms

[2026-03-16 12시24분22초	1773631462308]	악마왕의영토컨트롤러..
[2026-03-16 12시24분22초	1773631462308]	0ms

[2026-03-16 12시24분22초	1773631462309]	얼던컨트롤러..
[2026-03-16 12시24분22초	1773631462309]	0ms

[2026-03-16 12시24분22초	1773631462309]	오만1층 컨트롤러..
[2026-03-16 12시24분22초	1773631462309]	0ms

[2026-03-16 12시24분22초	1773631462310]	오만1층 컨트롤러..
[2026-03-16 12시24분22초	1773631462310]	0ms

[2026-03-16 12시24분22초	1773631462311]	오만3층 컨트롤러..
[2026-03-16 12시24분22초	1773631462311]	0ms

[2026-03-16 12시24분22초	1773631462312]	오만4층 컨트롤러..
[2026-03-16 12시24분22초	1773631462312]	0ms

[2026-03-16 12시24분22초	1773631462313]	오만5층 컨트롤러..
[2026-03-16 12시24분22초	1773631462313]	0ms

[2026-03-16 12시24분22초	1773631462314]	오만6층 컨트롤러..
[2026-03-16 12시24분22초	1773631462314]	0ms

[2026-03-16 12시24분22초	1773631462315]	오만7층 컨트롤러..
[2026-03-16 12시24분22초	1773631462315]	0ms

[2026-03-16 12시24분22초	1773631462316]	오만8층 컨트롤러..
[2026-03-16 12시24분22초	1773631462316]	0ms

[2026-03-16 12시24분22초	1773631462317]	오만9층 컨트롤러..
[2026-03-16 12시24분22초	1773631462317]	0ms

[2026-03-16 12시24분22초	1773631462318]	오만10층 컨트롤러..
[2026-03-16 12시24분22초	1773631462318]	0ms

[2026-03-16 12시24분22초	1773631462318]	오만정상 컨트롤러..
[2026-03-16 12시24분22초	1773631462319]	1ms

[2026-03-16 12시24분22초	1773631462319]	기감 컨트롤러..
[2026-03-16 12시24분22초	1773631462320]	0ms

[2026-03-16 12시24분22초	1773631462320]	고라스컨트롤러..
[2026-03-16 12시24분22초	1773631462321]	1ms

[2026-03-16 12시24분22초	1773631462321]	드워프컨트롤러..
[2026-03-16 12시24분22초	1773631462321]	0ms

[2026-03-16 12시24분22초	1773631462322]	타임이벤트컨트롤러..
[2026-03-16 12시24분22초	1773631462322]	0ms

[2026-03-16 12시24분22초	1773631462323]	AutoHuntController..
[2026-03-16 12시24분22초	1773631462323]	0ms

[2026-03-16 12시24분22초	1773631462339]	DatabaseConnection..
[2026-03-16 12시24분22초	1773631462658]	319ms

[2026-03-16 12시24분22초	1773631462676]	ServerDatabase..
[2026-03-16 12시24분22초	1773631462712]	35ms

[2026-03-16 12시24분22초	1773631462724]	SlimeRaceController..
[2026-03-16 12시24분22초	1773631462728]	4ms

[2026-03-16 12시24분22초	1773631462730]	DogRaceController..
[2026-03-16 12시24분22초	1773631462731]	1ms

[2026-03-16 12시24분22초	1773631462734]	ClanController..
[2026-03-16 12시24분22초	1773631462749]	15ms

[2026-03-16 12시24분22초	1773631462752]	KingdomController..
[2026-03-16 12시24분22초	1773631462762]	10ms

[2026-03-16 12시24분22초	1773631462763]	AgitController..
[2026-03-16 12시24분22초	1773631462769]	6ms

[2026-03-16 12시24분22초	1773631462771]	AuctionController..
[2026-03-16 12시24분22초	1773631462778]	7ms

[2026-03-16 12시24분22초	1773631462784]	ItemDatabase..
[2026-03-16 12시24분22초	1773631462913]	129ms

[2026-03-16 12시24분22초	1773631462914]	ItemSetopionDatabase..
[2026-03-16 12시24분22초	1773631462918]	4ms

[2026-03-16 12시24분22초	1773631462919]	AutosellDatabase..
[2026-03-16 12시24분22초	1773631462942]	23ms

[2026-03-16 12시24분22초	1773631462943]	ItemSkillDatabase..
[2026-03-16 12시24분22초	1773631462946]	3ms

[2026-03-16 12시24분22초	1773631462947]	ItemBundleDatabase..
[2026-03-16 12시24분22초	1773631462952]	5ms

[2026-03-16 12시24분22초	1773631462953]	ItemChanceBundleDatabase..
[2026-03-16 12시24분22초	1773631462957]	4ms

[2026-03-16 12시24분22초	1773631462958]	FishItemListDatabase..
[2026-03-16 12시24분22초	1773631462960]	2ms

[2026-03-16 12시24분22초	1773631462961]	ItemTeleport..
[2026-03-16 12시24분22초	1773631462966]	5ms

[2026-03-16 12시24분22초	1773631462967]	PolyDatabase..
[2026-03-16 12시24분22초	1773631462980]	13ms

[2026-03-16 12시24분22초	1773631462981]	DungeonDatabase..
[2026-03-16 12시24분22초	1773631462987]	6ms

[2026-03-16 12시24분22초	1773631462988]	DefiniteDatabase..
[2026-03-16 12시24분22초	1773631462991]	3ms

[2026-03-16 12시24분22초	1773631462992]	ExpDatabase..
[2026-03-16 12시24분22초	1773631462996]	3ms

[2026-03-16 12시24분22초	1773631462996]	BackgroundDatabase..
[2026-03-16 12시24분23초	1773631463139]	143ms

[2026-03-16 12시24분23초	1773631463139]	SpriteFrameDatabase..
[2026-03-16 12시24분23초	1773631463200]	61ms

[2026-03-16 12시24분23초	1773631463203]	SkillDatabase..
[2026-03-16 12시24분23초	1773631463207]	4ms

[2026-03-16 12시24분23초	1773631463215]	NpcDatabase..
[2026-03-16 12시24분23초	1773631463224]	9ms

[2026-03-16 12시24분23초	1773631463225]	NpcShopDatabase..
[2026-03-16 12시24분23초	1773631463278]	53ms

[2026-03-16 12시24분23초	1773631463279]	NpcTeleportDatabase..
[2026-03-16 12시24분23초	1773631463283]	4ms

[2026-03-16 12시24분23초	1773631463428]	NpcSpawnlistDatabase..
[2026-03-16 12시24분23초	1773631463483]	55ms

[2026-03-16 12시24분23초	1773631463484]	EventController..
[2026-03-16 12시24분23초	1773631463485]	1ms

[2026-03-16 12시24분23초	1773631463486]	MonsterDatabase..
[2026-03-16 12시24분23초	1773631463506]	20ms

[2026-03-16 12시24분23초	1773631463507]	MonsterDropDatabase..
[2026-03-16 12시24분23초	1773631463538]	31ms

[2026-03-16 12시24분23초	1773631463539]	MonsterSkillDatabase..
[2026-03-16 12시24분23초	1773631463556]	17ms

[2026-03-16 12시24분23초	1773631463558]	MonsterSpawnlistDatabase..
[2026-03-16 12시24분24초	1773631464641]	1083ms

[2026-03-16 12시24분24초	1773631464642]	MonsterBossSpawnlistDatabase..
[2026-03-16 12시24분24초	1773631464647]	4ms

[2026-03-16 12시24분24초	1773631464647]	ServerDownBossListDatabase..
[2026-03-16 12시24분24초	1773631464649]	2ms

[2026-03-16 12시24분24초	1773631464649]	BadIpDatabase..
[2026-03-16 12시24분24초	1773631464653]	4ms

[2026-03-16 12시24분24초	1773631464653]	QuestController..
[2026-03-16 12시24분24초	1773631464655]	2ms

[2026-03-16 12시24분24초	1773631464656]	ServerOpcodesDatabase..
[2026-03-16 12시24분24초	1773631464661]	5ms

[2026-03-16 12시24분24초	1773631464662]	ServerNoticeDatabase..
[2026-03-16 12시24분24초	1773631464665]	3ms

[2026-03-16 12시24분24초	1773631464666]	RankController..
[2026-03-16 12시24분24초	1773631464696]	30ms

[2026-03-16 12시24분24초	1773631464697]	WantedController..
[2026-03-16 12시24분24초	1773631464703]	6ms

[2026-03-16 12시24분24초	1773631464704]	TeleportHomeDatabase..
[2026-03-16 12시24분24초	1773631464737]	33ms

[2026-03-16 12시24분24초	1773631464738]	TeleportResetDatabase..
[2026-03-16 12시24분24초	1773631464769]	31ms

[2026-03-16 12시24분24초	1773631464770]	ItemPinewandDatabase..
[2026-03-16 12시24분24초	1773631464772]	2ms

[2026-03-16 12시24분24초	1773631464773]	ItemMaplewandDatabase..
[2026-03-16 12시24분24초	1773631464776]	3ms

[2026-03-16 12시24분24초	1773631464776]	SummonListDatabase..
[2026-03-16 12시24분24초	1773631464779]	3ms

[2026-03-16 12시24분24초	1773631464779]	GmListDatabase..
[2026-03-16 12시24분24초	1773631464781]	2ms

[2026-03-16 12시24분24초	1773631464782]	MagicdollListDatabase..
[2026-03-16 12시24분24초	1773631464785]	3ms

[2026-03-16 12시24분24초	1773631464790]	PcMarketController..
[2026-03-16 12시24분24초	1773631464791]	1ms

[2026-03-16 12시24분24초	1773631464792]	ServerOptionDatabase..
[2026-03-16 12시24분24초	1773631464793]	1ms

[2026-03-16 12시24분24초	1773631464794]	TimeDungeonDatabase..
[2026-03-16 12시24분24초	1773631464795]	1ms

[2026-03-16 12시24분24초	1773631464796]	TeamBattleDatabase..
[2026-03-16 12시24분24초	1773631464797]	1ms

[2026-03-16 12시24분24초	1773631464798]	LifeLostItemDatabase..
[2026-03-16 12시24분24초	1773631464800]	2ms

[2026-03-16 12시24분24초	1773631464801]	GmTeleportDatabase..
[2026-03-16 12시24분24초	1773631464804]	3ms

[2026-03-16 12시24분24초	1773631464806]	무인혈맹컨트롤러..
[2026-03-16 12시24분24초	1773631464808]	2ms

[2026-03-16 12시24분24초	1773631464809]	HackNoCheckDatabase..
[2026-03-16 12시24분24초	1773631464810]	1ms

[2026-03-16 12시24분24초	1773631464811]	EnchantLostItemDatabase..
[2026-03-16 12시24분24초	1773631464825]	13ms

[2026-03-16 12시24분24초	1773631464826]	ItemDropMessageDatabase..
[2026-03-16 12시24분24초	1773631464827]	1ms

[2026-03-16 12시24분24초	1773631464829]	FishingController..
[2026-03-16 12시24분24초	1773631464940]	111ms

[2026-03-16 12시24분24초	1773631464958]	RobotController..
[2026-03-16 12시24분25초	1773631465063]	105ms

[2026-03-16 12시24분25초	1773631465065]	Server..
[2026-03-16 12시24분25초	1773631465156]	91ms

[2026-03-16 12시24분25초	1773631465156]	ServerThread..
[2026-03-16 12시24분25초	1773631465157]	1ms

[2026-03-16 12시24분25초	1773631465158]	ControllerTherad..
[2026-03-16 12시24분25초	1773631465158]	0ms

[2026-03-16 12시24분25초	1773631465160]	CharacterThread..
[2026-03-16 12시24분25초	1773631465160]	0ms

[2026-03-16 12시24분25초	1773631465161]	DatabaseThread..
[2026-03-16 12시24분25초	1773631465162]	0ms

[2026-03-16 12시24분25초	1773631465164]	CharacterControlThread..
[2026-03-16 12시24분25초	1773631465165]	1ms

[2026-03-16 12시24분25초	1773631465213]	FightController..
[2026-03-16 12시24분25초	1773631465226]	13ms

[2026-03-16 12시24분25초	1773631465227]	TimeThread..
[2026-03-16 12시24분25초	1773631465229]	2ms

[2026-03-16 12시24분25초	1773631465230]	AutoHuntThread..
[2026-03-16 12시24분25초	1773631465230]	0ms

[2026-03-16 12시24분25초	1773631465230]	======================================================================
[2026-03-16 12시24분25초	1773631465231]	Server Version  :  Lineage 2.0

[2026-03-16 12시24분25초	1773631465231]	Server Port      :  2000

[2026-03-16 12시24분25초	1773631465231]	계정 자동생성  :  on

[2026-03-16 12시24분25초	1773631465232]	인챈트 : 1.0배  ||  드랍 : 7.0배  ||  경험치 : 50.0배  ||  아데나 : 40.0배  ||  파티 : 1.1배

[2026-03-16 12시24분25초	1773631465232]	======================================================================
[2026-03-16 12시24분25초	1773631465232]	'서버' 가동되었습니다.

[2026-03-16 12시27분25초	1773631645824]	자동 저장완료 2026-03-16 12시27분25초
[2026-03-16 12시30분26초	1773631826392]	자동 저장완료 2026-03-16 12시30분26초
[2026-03-16 12시30분58초	1773631858235]	서버가 즉시 종료됩니다...
[2026-03-16 12시30분59초	1773631859237]	Thread close..
[2026-03-16 12시31분00초	1773631860237]	Save Database..
[2026-03-16 12시31분00초	1773631860895]	Socket close..
[2026-03-16 12시31분00초	1773631860895]	LineageServer Close...
[2026-03-16 12시31분00초	1773631860895]	0ms

[2026-03-16 12시31분00초	1773631860895]	ok..
