[2026-01-05 20시26분23초	1767612383792]	Mysql..
[2026-01-05 20시26분23초	1767612383793]	2ms

[2026-01-05 20시26분23초	1767612383810]	lineage.conf file loading...
[2026-01-05 20시26분23초	1767612383839]	29ms

[2026-01-05 20시26분23초	1767612383846]	Lineage_Balance..
[2026-01-05 20시26분23초	1767612383854]	8ms

[2026-01-05 20시26분23초	1767612383855]	npc_promotion..
[2026-01-05 20시26분23초	1767612383856]	0ms

[2026-01-05 20시26분23초	1767612383856]	Socket..
[2026-01-05 20시26분23초	1767612383856]	0ms

[2026-01-05 20시26분23초	1767612383857]	Common..
[2026-01-05 20시26분23초	1767612383857]	0ms

[2026-01-05 20시26분23초	1767612383857]	EventThread..
[2026-01-05 20시26분23초	1767612383858]	1ms

[2026-01-05 20시26분23초	1767612383858]	AiExecuteThread..
[2026-01-05 20시26분23초	1767612383858]	0ms

[2026-01-05 20시26분23초	1767612383859]	AiThread..
[2026-01-05 20시26분23초	1767612383859]	0ms

[2026-01-05 20시26분23초	1767612383863]	World..
[2026-01-05 20시26분23초	1767612383963]	99ms

[2026-01-05 20시26분23초	1767612383964]	BookController..
[2026-01-05 20시26분23초	1767612383964]	0ms

[2026-01-05 20시26분23초	1767612383965]	InventoryController..
[2026-01-05 20시26분23초	1767612383965]	0ms

[2026-01-05 20시26분23초	1767612383974]	BasePacketPooling..
[2026-01-05 20시26분23초	1767612383974]	0ms

[2026-01-05 20시26분23초	1767612383976]	SkillController..
[2026-01-05 20시26분23초	1767612383977]	1ms

[2026-01-05 20시26분23초	1767612383983]	DamageController..
[2026-01-05 20시26분23초	1767612383983]	0ms

[2026-01-05 20시26분23초	1767612383985]	CharacterController..
[2026-01-05 20시26분23초	1767612383985]	0ms

[2026-01-05 20시26분23초	1767612383986]	TradeController..
[2026-01-05 20시26분23초	1767612383986]	0ms

[2026-01-05 20시26분23초	1767612383987]	DungeonController..
[2026-01-05 20시26분23초	1767612383987]	0ms

[2026-01-05 20시26분23초	1767612383988]	ShipController..
[2026-01-05 20시26분23초	1767612383988]	0ms

[2026-01-05 20시26분23초	1767612383989]	BuffController..
[2026-01-05 20시26분23초	1767612383989]	0ms

[2026-01-05 20시26분23초	1767612383994]	SummonController..
[2026-01-05 20시26분23초	1767612383994]	0ms

[2026-01-05 20시26분23초	1767612383995]	PartyController..
[2026-01-05 20시26분23초	1767612383995]	0ms

[2026-01-05 20시26분23초	1767612383996]	InnController..
[2026-01-05 20시26분23초	1767612383996]	0ms

[2026-01-05 20시26분23초	1767612383997]	BoardController..
[2026-01-05 20시26분23초	1767612383997]	0ms

[2026-01-05 20시26분24초	1767612384006]	LetterController..
[2026-01-05 20시26분24초	1767612384006]	0ms

[2026-01-05 20시26분24초	1767612384007]	UserShopController..
[2026-01-05 20시26분24초	1767612384007]	0ms

[2026-01-05 20시26분24초	1767612384015]	ChattingController..
[2026-01-05 20시26분24초	1767612384016]	1ms

[2026-01-05 20시26분24초	1767612384018]	ColosseumController..
[2026-01-05 20시26분24초	1767612384018]	0ms

[2026-01-05 20시26분24초	1767612384019]	CraftController..
[2026-01-05 20시26분24초	1767612384019]	0ms

[2026-01-05 20시26분24초	1767612384020]	BossController..
[2026-01-05 20시26분24초	1767612384020]	0ms

[2026-01-05 20시26분24초	1767612384021]	NoticeController..
[2026-01-05 20시26분24초	1767612384021]	0ms

[2026-01-05 20시26분24초	1767612384021]	FriendController..
[2026-01-05 20시26분24초	1767612384022]	1ms

[2026-01-05 20시26분24초	1767612384022]	BugScanningController..
[2026-01-05 20시26분24초	1767612384022]	0ms

[2026-01-05 20시26분24초	1767612384023]	MagicDollController..
[2026-01-05 20시26분24초	1767612384023]	0ms

[2026-01-05 20시26분24초	1767612384024]	ShopController..
[2026-01-05 20시26분24초	1767612384024]	0ms

[2026-01-05 20시26분24초	1767612384025]	WarehouseDatabase..
[2026-01-05 20시26분24초	1767612384025]	0ms

[2026-01-05 20시26분24초	1767612384026]	PakTools..
[2026-01-05 20시26분24초	1767612384027]	1ms

[2026-01-05 20시26분24초	1767612384028]	ScriptController...
[2026-01-05 20시26분24초	1767612384031]	3ms

[2026-01-05 20시26분24초	1767612384031]	GiranClanLordController..
[2026-01-05 20시26분24초	1767612384031]	0ms

[2026-01-05 20시26분24초	1767612384033]	TeamBattleController..
[2026-01-05 20시26분24초	1767612384033]	0ms

[2026-01-05 20시26분24초	1767612384033]	WorldClearController..
[2026-01-05 20시26분24초	1767612384033]	0ms

[2026-01-05 20시26분24초	1767612384034]	SpotController..
[2026-01-05 20시26분24초	1767612384037]	0ms

[2026-01-05 20시26분24초	1767612384038]	테베라스 컨트롤러..
[2026-01-05 20시26분24초	1767612384038]	0ms

[2026-01-05 20시26분24초	1767612384038]	지옥 컨트롤러..
[2026-01-05 20시26분24초	1767612384038]	0ms

[2026-01-05 20시26분24초	1767612384039]	지하수로 컨트롤러..
[2026-01-05 20시26분24초	1767612384039]	0ms

[2026-01-05 20시26분24초	1767612384039]	보물찾기컨트롤러..
[2026-01-05 20시26분24초	1767612384040]	1ms

[2026-01-05 20시26분24초	1767612384040]	마족신전 컨트롤러..
[2026-01-05 20시26분24초	1767612384040]	0ms

[2026-01-05 20시26분24초	1767612384041]	고무 컨트롤러..
[2026-01-05 20시26분24초	1767612384041]	정무던전 컨트롤러..
[2026-01-05 20시26분24초	1767612384045]	4ms

[2026-01-05 20시26분24초	1767612384046]	그신 컨트롤러..
[2026-01-05 20시26분24초	1767612384046]	0ms

[2026-01-05 20시26분24초	1767612384046]	라바던전 컨트롤러..
[2026-01-05 20시26분24초	1767612384047]	1ms

[2026-01-05 20시26분24초	1767612384047]	월드보스컨트롤러..
[2026-01-05 20시26분24초	1767612384047]	0ms

[2026-01-05 20시26분24초	1767612384048]	펭귄 사냥터 컨트롤러..
[2026-01-05 20시26분24초	1767612384048]	0ms

[2026-01-05 20시26분24초	1767612384048]	칠흑던전 컨트롤러..
[2026-01-05 20시26분24초	1767612384049]	악마왕의영토컨트롤러..
[2026-01-05 20시26분24초	1767612384049]	0ms

[2026-01-05 20시26분24초	1767612384050]	얼던컨트롤러..
[2026-01-05 20시26분24초	1767612384050]	0ms

[2026-01-05 20시26분24초	1767612384051]	기감 컨트롤러..
[2026-01-05 20시26분24초	1767612384051]	0ms

[2026-01-05 20시26분24초	1767612384051]	고라스컨트롤러..
[2026-01-05 20시26분24초	1767612384051]	0ms

[2026-01-05 20시26분24초	1767612384052]	드워프컨트롤러..
[2026-01-05 20시26분24초	1767612384052]	0ms

[2026-01-05 20시26분24초	1767612384053]	타임이벤트컨트롤러..
[2026-01-05 20시26분24초	1767612384053]	0ms

[2026-01-05 20시26분24초	1767612384053]	AutoHuntController..
[2026-01-05 20시26분24초	1767612384053]	0ms

[2026-01-05 20시26분24초	1767612384054]	DatabaseConnection..
[2026-01-05 20시26분24초	1767612384361]	307ms

[2026-01-05 20시26분24초	1767612384376]	ServerDatabase..
[2026-01-05 20시26분24초	1767612384408]	32ms

[2026-01-05 20시26분24초	1767612384411]	SlimeRaceController..
[2026-01-05 20시26분24초	1767612384413]	2ms

[2026-01-05 20시26분24초	1767612384415]	DogRaceController..
[2026-01-05 20시26분24초	1767612384417]	2ms

[2026-01-05 20시26분24초	1767612384420]	ClanController..
[2026-01-05 20시26분24초	1767612384426]	6ms

[2026-01-05 20시26분24초	1767612384429]	KingdomController..
[2026-01-05 20시26분24초	1767612384437]	8ms

[2026-01-05 20시26분24초	1767612384438]	AgitController..
[2026-01-05 20시26분24초	1767612384443]	5ms

[2026-01-05 20시26분24초	1767612384445]	AuctionController..
[2026-01-05 20시26분24초	1767612384450]	5ms

[2026-01-05 20시26분24초	1767612384455]	ItemDatabase..
[2026-01-05 20시26분24초	1767612384564]	109ms

[2026-01-05 20시26분24초	1767612384565]	ItemSetopionDatabase..
[2026-01-05 20시26분24초	1767612384568]	3ms

[2026-01-05 20시26분24초	1767612384569]	AutosellDatabase..
[2026-01-05 20시26분24초	1767612384588]	19ms

[2026-01-05 20시26분24초	1767612384589]	ItemSkillDatabase..
[2026-01-05 20시26분24초	1767612384591]	2ms

[2026-01-05 20시26분24초	1767612384592]	ItemBundleDatabase..
[2026-01-05 20시26분24초	1767612384596]	3ms

[2026-01-05 20시26분24초	1767612384596]	ItemChanceBundleDatabase..
[2026-01-05 20시26분24초	1767612384600]	4ms

[2026-01-05 20시26분24초	1767612384601]	FishItemListDatabase..
[2026-01-05 20시26분24초	1767612384604]	3ms

[2026-01-05 20시26분24초	1767612384607]	ItemTeleport..
[2026-01-05 20시26분24초	1767612384610]	3ms

[2026-01-05 20시26분24초	1767612384612]	PolyDatabase..
[2026-01-05 20시26분24초	1767612384615]	3ms

[2026-01-05 20시26분24초	1767612384616]	DungeonDatabase..
[2026-01-05 20시26분24초	1767612384621]	5ms

[2026-01-05 20시26분24초	1767612384621]	DefiniteDatabase..
[2026-01-05 20시26분24초	1767612384624]	3ms

[2026-01-05 20시26분24초	1767612384624]	ExpDatabase..
[2026-01-05 20시26분24초	1767612384627]	3ms

[2026-01-05 20시26분24초	1767612384627]	BackgroundDatabase..
[2026-01-05 20시26분24초	1767612384747]	120ms

[2026-01-05 20시26분24초	1767612384747]	SpriteFrameDatabase..
[2026-01-05 20시26분24초	1767612384796]	48ms

[2026-01-05 20시26분24초	1767612384796]	SkillDatabase..
[2026-01-05 20시26분24초	1767612384799]	3ms

[2026-01-05 20시26분24초	1767612384800]	NpcDatabase..
[2026-01-05 20시26분24초	1767612384808]	8ms

[2026-01-05 20시26분24초	1767612384808]	NpcShopDatabase..
[2026-01-05 20시26분24초	1767612384871]	63ms

[2026-01-05 20시26분24초	1767612384872]	NpcTeleportDatabase..
[2026-01-05 20시26분24초	1767612384874]	2ms

[2026-01-05 20시26분25초	1767612385008]	NpcSpawnlistDatabase..
[2026-01-05 20시26분25초	1767612385058]	50ms

[2026-01-05 20시26분25초	1767612385060]	EventController..
[2026-01-05 20시26분25초	1767612385060]	0ms

[2026-01-05 20시26분25초	1767612385061]	MonsterDatabase..
[2026-01-05 20시26분25초	1767612385075]	14ms

[2026-01-05 20시26분25초	1767612385076]	MonsterDropDatabase..
[2026-01-05 20시26분25초	1767612385098]	22ms

[2026-01-05 20시26분25초	1767612385099]	MonsterSkillDatabase..
[2026-01-05 20시26분25초	1767612385115]	16ms

[2026-01-05 20시26분25초	1767612385117]	MonsterSpawnlistDatabase..
[2026-01-05 20시26분26초	1767612386031]	914ms

[2026-01-05 20시26분26초	1767612386032]	MonsterBossSpawnlistDatabase..
[2026-01-05 20시26분26초	1767612386036]	4ms

[2026-01-05 20시26분26초	1767612386037]	ServerDownBossListDatabase..
[2026-01-05 20시26분26초	1767612386037]	0ms

[2026-01-05 20시26분26초	1767612386038]	BadIpDatabase..
[2026-01-05 20시26분26초	1767612386040]	2ms

[2026-01-05 20시26분26초	1767612386040]	QuestController..
[2026-01-05 20시26분26초	1767612386042]	2ms

[2026-01-05 20시26분26초	1767612386043]	ServerOpcodesDatabase..
[2026-01-05 20시26분26초	1767612386047]	4ms

[2026-01-05 20시26분26초	1767612386048]	ServerNoticeDatabase..
[2026-01-05 20시26분26초	1767612386050]	2ms

[2026-01-05 20시26분26초	1767612386052]	RankController..
[2026-01-05 20시26분26초	1767612386074]	22ms

[2026-01-05 20시26분26초	1767612386075]	WantedController..
[2026-01-05 20시26분26초	1767612386080]	5ms

[2026-01-05 20시26분26초	1767612386086]	TeleportHomeDatabase..
[2026-01-05 20시26분26초	1767612386119]	32ms

[2026-01-05 20시26분26초	1767612386119]	TeleportResetDatabase..
[2026-01-05 20시26분26초	1767612386151]	32ms

[2026-01-05 20시26분26초	1767612386152]	ItemPinewandDatabase..
[2026-01-05 20시26분26초	1767612386153]	1ms

[2026-01-05 20시26분26초	1767612386154]	ItemMaplewandDatabase..
[2026-01-05 20시26분26초	1767612386156]	2ms

[2026-01-05 20시26분26초	1767612386156]	SummonListDatabase..
[2026-01-05 20시26분26초	1767612386158]	2ms

[2026-01-05 20시26분26초	1767612386159]	GmListDatabase..
[2026-01-05 20시26분26초	1767612386160]	1ms

[2026-01-05 20시26분26초	1767612386161]	MagicdollListDatabase..
[2026-01-05 20시26분26초	1767612386163]	2ms

[2026-01-05 20시26분26초	1767612386166]	PcMarketController..
[2026-01-05 20시26분26초	1767612386168]	2ms

[2026-01-05 20시26분26초	1767612386168]	ServerOptionDatabase..
[2026-01-05 20시26분26초	1767612386169]	1ms

[2026-01-05 20시26분26초	1767612386170]	TimeDungeonDatabase..
[2026-01-05 20시26분26초	1767612386171]	1ms

[2026-01-05 20시26분26초	1767612386171]	TeamBattleDatabase..
[2026-01-05 20시26분26초	1767612386172]	1ms

[2026-01-05 20시26분26초	1767612386173]	LifeLostItemDatabase..
[2026-01-05 20시26분26초	1767612386175]	2ms

[2026-01-05 20시26분26초	1767612386175]	GmTeleportDatabase..
[2026-01-05 20시26분26초	1767612386176]	1ms

[2026-01-05 20시26분26초	1767612386178]	무인혈맹컨트롤러..
[2026-01-05 20시26분26초	1767612386180]	2ms

[2026-01-05 20시26분26초	1767612386181]	HackNoCheckDatabase..
[2026-01-05 20시26분26초	1767612386181]	0ms

[2026-01-05 20시26분26초	1767612386182]	EnchantLostItemDatabase..
[2026-01-05 20시26분26초	1767612386196]	14ms

[2026-01-05 20시26분26초	1767612386198]	ItemDropMessageDatabase..
[2026-01-05 20시26분26초	1767612386198]	1ms

[2026-01-05 20시26분26초	1767612386200]	FishingController..
[2026-01-05 20시26분26초	1767612386320]	120ms

[2026-01-05 20시26분26초	1767612386329]	RobotController..
[2026-01-05 20시26분26초	1767612386353]	24ms

[2026-01-05 20시26분26초	1767612386357]	Server..
[2026-01-05 20시26분26초	1767612386429]	72ms

[2026-01-05 20시26분26초	1767612386429]	ServerThread..
[2026-01-05 20시26분26초	1767612386430]	1ms

[2026-01-05 20시26분26초	1767612386430]	ControllerTherad..
[2026-01-05 20시26분26초	1767612386430]	0ms

[2026-01-05 20시26분26초	1767612386431]	CharacterThread..
[2026-01-05 20시26분26초	1767612386431]	0ms

[2026-01-05 20시26분26초	1767612386433]	DatabaseThread..
[2026-01-05 20시26분26초	1767612386433]	0ms

[2026-01-05 20시26분26초	1767612386434]	CharacterControlThread..
[2026-01-05 20시26분26초	1767612386434]	0ms

[2026-01-05 20시26분26초	1767612386475]	FightController..
[2026-01-05 20시26분26초	1767612386494]	19ms

[2026-01-05 20시26분26초	1767612386495]	TimeThread..
[2026-01-05 20시26분26초	1767612386495]	0ms

[2026-01-05 20시26분26초	1767612386495]	AutoHuntThread..
[2026-01-05 20시26분26초	1767612386495]	0ms

[2026-01-05 20시26분26초	1767612386495]	======================================================================
[2026-01-05 20시26분26초	1767612386496]	Server Version  :  Lineage 2.0

[2026-01-05 20시26분26초	1767612386496]	Server Port      :  2000

[2026-01-05 20시26분26초	1767612386496]	계정 자동생성  :  on

[2026-01-05 20시26분26초	1767612386496]	인챈트 : 1.0배  ||  드랍 : 3.0배  ||  경험치 : 30.0배  ||  아데나 : 12.0배  ||  파티 : 1.1배

[2026-01-05 20시26분26초	1767612386496]	======================================================================
[2026-01-05 20시26분26초	1767612386496]	'서버' 가동되었습니다.

[2026-01-05 20시29분27초	1767612567190]	자동 저장완료 2026-01-05 20시29분27초
[2026-01-05 20시32분28초	1767612748030]	자동 저장완료 2026-01-05 20시32분28초
[2026-01-05 20시33분39초	1767612819333]	서버가 즉시 종료됩니다...
[2026-01-05 20시33분40초	1767612820333]	Thread close..
[2026-01-05 20시33분41초	1767612821334]	Save Database..
[2026-01-05 20시33분42초	1767612822043]	Socket close..
[2026-01-05 20시33분42초	1767612822043]	LineageServer Close...
[2026-01-05 20시33분42초	1767612822043]	0ms

[2026-01-05 20시33분42초	1767612822043]	ok..
