[2026-01-07 17시01분32초	1767772892885]	Mysql..
[2026-01-07 17시01분32초	1767772892886]	2ms

[2026-01-07 17시01분32초	1767772892903]	lineage.conf file loading...
[2026-01-07 17시01분32초	1767772892931]	28ms

[2026-01-07 17시01분32초	1767772892938]	Lineage_Balance..
[2026-01-07 17시01분32초	1767772892946]	7ms

[2026-01-07 17시01분32초	1767772892946]	npc_promotion..
[2026-01-07 17시01분32초	1767772892947]	1ms

[2026-01-07 17시01분32초	1767772892947]	Socket..
[2026-01-07 17시01분32초	1767772892948]	1ms

[2026-01-07 17시01분32초	1767772892948]	Common..
[2026-01-07 17시01분32초	1767772892948]	0ms

[2026-01-07 17시01분32초	1767772892949]	EventThread..
[2026-01-07 17시01분32초	1767772892949]	0ms

[2026-01-07 17시01분32초	1767772892950]	AiExecuteThread..
[2026-01-07 17시01분32초	1767772892951]	1ms

[2026-01-07 17시01분32초	1767772892952]	AiThread..
[2026-01-07 17시01분32초	1767772892952]	0ms

[2026-01-07 17시01분32초	1767772892955]	World..
[2026-01-07 17시01분33초	1767772893039]	84ms

[2026-01-07 17시01분33초	1767772893045]	BookController..
[2026-01-07 17시01분33초	1767772893045]	0ms

[2026-01-07 17시01분33초	1767772893046]	InventoryController..
[2026-01-07 17시01분33초	1767772893046]	0ms

[2026-01-07 17시01분33초	1767772893046]	BasePacketPooling..
[2026-01-07 17시01분33초	1767772893046]	0ms

[2026-01-07 17시01분33초	1767772893048]	SkillController..
[2026-01-07 17시01분33초	1767772893049]	1ms

[2026-01-07 17시01분33초	1767772893059]	DamageController..
[2026-01-07 17시01분33초	1767772893059]	0ms

[2026-01-07 17시01분33초	1767772893061]	CharacterController..
[2026-01-07 17시01분33초	1767772893061]	0ms

[2026-01-07 17시01분33초	1767772893062]	TradeController..
[2026-01-07 17시01분33초	1767772893062]	0ms

[2026-01-07 17시01분33초	1767772893063]	DungeonController..
[2026-01-07 17시01분33초	1767772893063]	0ms

[2026-01-07 17시01분33초	1767772893063]	ShipController..
[2026-01-07 17시01분33초	1767772893064]	1ms

[2026-01-07 17시01분33초	1767772893064]	BuffController..
[2026-01-07 17시01분33초	1767772893064]	0ms

[2026-01-07 17시01분33초	1767772893068]	SummonController..
[2026-01-07 17시01분33초	1767772893068]	0ms

[2026-01-07 17시01분33초	1767772893069]	PartyController..
[2026-01-07 17시01분33초	1767772893069]	0ms

[2026-01-07 17시01분33초	1767772893070]	InnController..
[2026-01-07 17시01분33초	1767772893070]	0ms

[2026-01-07 17시01분33초	1767772893071]	BoardController..
[2026-01-07 17시01분33초	1767772893071]	0ms

[2026-01-07 17시01분33초	1767772893073]	LetterController..
[2026-01-07 17시01분33초	1767772893073]	0ms

[2026-01-07 17시01분33초	1767772893073]	UserShopController..
[2026-01-07 17시01분33초	1767772893074]	1ms

[2026-01-07 17시01분33초	1767772893075]	ChattingController..
[2026-01-07 17시01분33초	1767772893076]	1ms

[2026-01-07 17시01분33초	1767772893077]	ColosseumController..
[2026-01-07 17시01분33초	1767772893077]	0ms

[2026-01-07 17시01분33초	1767772893078]	CraftController..
[2026-01-07 17시01분33초	1767772893078]	0ms

[2026-01-07 17시01분33초	1767772893079]	BossController..
[2026-01-07 17시01분33초	1767772893079]	0ms

[2026-01-07 17시01분33초	1767772893080]	NoticeController..
[2026-01-07 17시01분33초	1767772893080]	0ms

[2026-01-07 17시01분33초	1767772893081]	FriendController..
[2026-01-07 17시01분33초	1767772893081]	0ms

[2026-01-07 17시01분33초	1767772893082]	BugScanningController..
[2026-01-07 17시01분33초	1767772893082]	0ms

[2026-01-07 17시01분33초	1767772893083]	MagicDollController..
[2026-01-07 17시01분33초	1767772893083]	0ms

[2026-01-07 17시01분33초	1767772893084]	ShopController..
[2026-01-07 17시01분33초	1767772893084]	0ms

[2026-01-07 17시01분33초	1767772893085]	WarehouseDatabase..
[2026-01-07 17시01분33초	1767772893085]	0ms

[2026-01-07 17시01분33초	1767772893093]	PakTools..
[2026-01-07 17시01분33초	1767772893095]	2ms

[2026-01-07 17시01분33초	1767772893095]	ScriptController...
[2026-01-07 17시01분33초	1767772893098]	3ms

[2026-01-07 17시01분33초	1767772893099]	GiranClanLordController..
[2026-01-07 17시01분33초	1767772893099]	0ms

[2026-01-07 17시01분33초	1767772893100]	TeamBattleController..
[2026-01-07 17시01분33초	1767772893100]	0ms

[2026-01-07 17시01분33초	1767772893101]	WorldClearController..
[2026-01-07 17시01분33초	1767772893101]	0ms

[2026-01-07 17시01분33초	1767772893102]	SpotController..
[2026-01-07 17시01분33초	1767772893102]	0ms

[2026-01-07 17시01분33초	1767772893106]	테베라스 컨트롤러..
[2026-01-07 17시01분33초	1767772893106]	3ms

[2026-01-07 17시01분33초	1767772893107]	지옥 컨트롤러..
[2026-01-07 17시01분33초	1767772893107]	0ms

[2026-01-07 17시01분33초	1767772893108]	지하수로 컨트롤러..
[2026-01-07 17시01분33초	1767772893108]	0ms

[2026-01-07 17시01분33초	1767772893109]	보물찾기컨트롤러..
[2026-01-07 17시01분33초	1767772893109]	0ms

[2026-01-07 17시01분33초	1767772893110]	마족신전 컨트롤러..
[2026-01-07 17시01분33초	1767772893110]	0ms

[2026-01-07 17시01분33초	1767772893111]	고무 컨트롤러..
[2026-01-07 17시01분33초	1767772893112]	정무던전 컨트롤러..
[2026-01-07 17시01분33초	1767772893116]	4ms

[2026-01-07 17시01분33초	1767772893117]	그신 컨트롤러..
[2026-01-07 17시01분33초	1767772893118]	1ms

[2026-01-07 17시01분33초	1767772893118]	라바던전 컨트롤러..
[2026-01-07 17시01분33초	1767772893119]	1ms

[2026-01-07 17시01분33초	1767772893119]	월드보스컨트롤러..
[2026-01-07 17시01분33초	1767772893120]	1ms

[2026-01-07 17시01분33초	1767772893120]	펭귄 사냥터 컨트롤러..
[2026-01-07 17시01분33초	1767772893120]	0ms

[2026-01-07 17시01분33초	1767772893121]	칠흑던전 컨트롤러..
[2026-01-07 17시01분33초	1767772893122]	악마왕의영토컨트롤러..
[2026-01-07 17시01분33초	1767772893122]	0ms

[2026-01-07 17시01분33초	1767772893123]	얼던컨트롤러..
[2026-01-07 17시01분33초	1767772893123]	0ms

[2026-01-07 17시01분33초	1767772893124]	기감 컨트롤러..
[2026-01-07 17시01분33초	1767772893124]	0ms

[2026-01-07 17시01분33초	1767772893125]	고라스컨트롤러..
[2026-01-07 17시01분33초	1767772893125]	0ms

[2026-01-07 17시01분33초	1767772893125]	드워프컨트롤러..
[2026-01-07 17시01분33초	1767772893125]	0ms

[2026-01-07 17시01분33초	1767772893126]	타임이벤트컨트롤러..
[2026-01-07 17시01분33초	1767772893126]	0ms

[2026-01-07 17시01분33초	1767772893126]	AutoHuntController..
[2026-01-07 17시01분33초	1767772893126]	0ms

[2026-01-07 17시01분33초	1767772893127]	DatabaseConnection..
[2026-01-07 17시01분33초	1767772893424]	297ms

[2026-01-07 17시01분33초	1767772893439]	ServerDatabase..
[2026-01-07 17시01분33초	1767772893468]	29ms

[2026-01-07 17시01분33초	1767772893471]	SlimeRaceController..
[2026-01-07 17시01분33초	1767772893473]	2ms

[2026-01-07 17시01분33초	1767772893480]	DogRaceController..
[2026-01-07 17시01분33초	1767772893482]	2ms

[2026-01-07 17시01분33초	1767772893485]	ClanController..
[2026-01-07 17시01분33초	1767772893490]	5ms

[2026-01-07 17시01분33초	1767772893492]	KingdomController..
[2026-01-07 17시01분33초	1767772893498]	6ms

[2026-01-07 17시01분33초	1767772893499]	AgitController..
[2026-01-07 17시01분33초	1767772893503]	4ms

[2026-01-07 17시01분33초	1767772893505]	AuctionController..
[2026-01-07 17시01분33초	1767772893509]	4ms

[2026-01-07 17시01분33초	1767772893514]	ItemDatabase..
[2026-01-07 17시01분33초	1767772893605]	91ms

[2026-01-07 17시01분33초	1767772893606]	ItemSetopionDatabase..
[2026-01-07 17시01분33초	1767772893608]	2ms

[2026-01-07 17시01분33초	1767772893609]	AutosellDatabase..
[2026-01-07 17시01분33초	1767772893633]	24ms

[2026-01-07 17시01분33초	1767772893634]	ItemSkillDatabase..
[2026-01-07 17시01분33초	1767772893635]	1ms

[2026-01-07 17시01분33초	1767772893636]	ItemBundleDatabase..
[2026-01-07 17시01분33초	1767772893638]	2ms

[2026-01-07 17시01분33초	1767772893639]	ItemChanceBundleDatabase..
[2026-01-07 17시01분33초	1767772893642]	3ms

[2026-01-07 17시01분33초	1767772893642]	FishItemListDatabase..
[2026-01-07 17시01분33초	1767772893643]	1ms

[2026-01-07 17시01분33초	1767772893644]	ItemTeleport..
[2026-01-07 17시01분33초	1767772893646]	2ms

[2026-01-07 17시01분33초	1767772893647]	PolyDatabase..
[2026-01-07 17시01분33초	1767772893650]	3ms

[2026-01-07 17시01분33초	1767772893651]	DungeonDatabase..
[2026-01-07 17시01분33초	1767772893654]	3ms

[2026-01-07 17시01분33초	1767772893655]	DefiniteDatabase..
[2026-01-07 17시01분33초	1767772893657]	2ms

[2026-01-07 17시01분33초	1767772893658]	ExpDatabase..
[2026-01-07 17시01분33초	1767772893659]	1ms

[2026-01-07 17시01분33초	1767772893659]	BackgroundDatabase..
[2026-01-07 17시01분33초	1767772893782]	122ms

[2026-01-07 17시01분33초	1767772893782]	SpriteFrameDatabase..
[2026-01-07 17시01분33초	1767772893842]	60ms

[2026-01-07 17시01분33초	1767772893843]	SkillDatabase..
[2026-01-07 17시01분33초	1767772893845]	2ms

[2026-01-07 17시01분33초	1767772893846]	NpcDatabase..
[2026-01-07 17시01분33초	1767772893853]	7ms

[2026-01-07 17시01분33초	1767772893854]	NpcShopDatabase..
[2026-01-07 17시01분33초	1767772893915]	61ms

[2026-01-07 17시01분33초	1767772893915]	NpcTeleportDatabase..
[2026-01-07 17시01분33초	1767772893917]	2ms

[2026-01-07 17시01분34초	1767772894042]	NpcSpawnlistDatabase..
[2026-01-07 17시01분34초	1767772894090]	48ms

[2026-01-07 17시01분34초	1767772894091]	EventController..
[2026-01-07 17시01분34초	1767772894091]	0ms

[2026-01-07 17시01분34초	1767772894092]	MonsterDatabase..
[2026-01-07 17시01분34초	1767772894106]	14ms

[2026-01-07 17시01분34초	1767772894107]	MonsterDropDatabase..
[2026-01-07 17시01분34초	1767772894135]	27ms

[2026-01-07 17시01분34초	1767772894143]	MonsterSkillDatabase..
[2026-01-07 17시01분34초	1767772894157]	14ms

[2026-01-07 17시01분34초	1767772894159]	MonsterSpawnlistDatabase..
[2026-01-07 17시01분34초	1767772894991]	832ms

[2026-01-07 17시01분34초	1767772894993]	MonsterBossSpawnlistDatabase..
[2026-01-07 17시01분34초	1767772894995]	1ms

[2026-01-07 17시01분34초	1767772894995]	ServerDownBossListDatabase..
[2026-01-07 17시01분34초	1767772894996]	1ms

[2026-01-07 17시01분34초	1767772894997]	BadIpDatabase..
[2026-01-07 17시01분34초	1767772894998]	1ms

[2026-01-07 17시01분34초	1767772894998]	QuestController..
[2026-01-07 17시01분34초	1767772894999]	1ms

[2026-01-07 17시01분35초	1767772895000]	ServerOpcodesDatabase..
[2026-01-07 17시01분35초	1767772895003]	3ms

[2026-01-07 17시01분35초	1767772895004]	ServerNoticeDatabase..
[2026-01-07 17시01분35초	1767772895005]	1ms

[2026-01-07 17시01분35초	1767772895006]	RankController..
[2026-01-07 17시01분35초	1767772895027]	21ms

[2026-01-07 17시01분35초	1767772895028]	WantedController..
[2026-01-07 17시01분35초	1767772895029]	1ms

[2026-01-07 17시01분35초	1767772895030]	TeleportHomeDatabase..
[2026-01-07 17시01분35초	1767772895060]	30ms

[2026-01-07 17시01분35초	1767772895061]	TeleportResetDatabase..
[2026-01-07 17시01분35초	1767772895090]	28ms

[2026-01-07 17시01분35초	1767772895090]	ItemPinewandDatabase..
[2026-01-07 17시01분35초	1767772895091]	1ms

[2026-01-07 17시01분35초	1767772895092]	ItemMaplewandDatabase..
[2026-01-07 17시01분35초	1767772895093]	1ms

[2026-01-07 17시01분35초	1767772895093]	SummonListDatabase..
[2026-01-07 17시01분35초	1767772895094]	1ms

[2026-01-07 17시01분35초	1767772895094]	GmListDatabase..
[2026-01-07 17시01분35초	1767772895095]	1ms

[2026-01-07 17시01분35초	1767772895096]	MagicdollListDatabase..
[2026-01-07 17시01분35초	1767772895097]	1ms

[2026-01-07 17시01분35초	1767772895101]	PcMarketController..
[2026-01-07 17시01분35초	1767772895102]	1ms

[2026-01-07 17시01분35초	1767772895102]	ServerOptionDatabase..
[2026-01-07 17시01분35초	1767772895103]	1ms

[2026-01-07 17시01분35초	1767772895104]	TimeDungeonDatabase..
[2026-01-07 17시01분35초	1767772895104]	0ms

[2026-01-07 17시01분35초	1767772895105]	TeamBattleDatabase..
[2026-01-07 17시01분35초	1767772895105]	0ms

[2026-01-07 17시01분35초	1767772895106]	LifeLostItemDatabase..
[2026-01-07 17시01분35초	1767772895107]	1ms

[2026-01-07 17시01분35초	1767772895108]	GmTeleportDatabase..
[2026-01-07 17시01분35초	1767772895109]	1ms

[2026-01-07 17시01분35초	1767772895111]	무인혈맹컨트롤러..
[2026-01-07 17시01분35초	1767772895112]	1ms

[2026-01-07 17시01분35초	1767772895113]	HackNoCheckDatabase..
[2026-01-07 17시01분35초	1767772895114]	1ms

[2026-01-07 17시01분35초	1767772895115]	EnchantLostItemDatabase..
[2026-01-07 17시01분35초	1767772895127]	12ms

[2026-01-07 17시01분35초	1767772895128]	ItemDropMessageDatabase..
[2026-01-07 17시01분35초	1767772895129]	1ms

[2026-01-07 17시01분35초	1767772895131]	FishingController..
[2026-01-07 17시01분35초	1767772895245]	114ms

[2026-01-07 17시01분35초	1767772895255]	RobotController..
[2026-01-07 17시01분35초	1767772895277]	22ms

[2026-01-07 17시01분35초	1767772895279]	Server..
[2026-01-07 17시01분35초	1767772895344]	65ms

[2026-01-07 17시01분35초	1767772895344]	ServerThread..
[2026-01-07 17시01분35초	1767772895345]	1ms

[2026-01-07 17시01분35초	1767772895345]	ControllerTherad..
[2026-01-07 17시01분35초	1767772895346]	1ms

[2026-01-07 17시01분35초	1767772895346]	CharacterThread..
[2026-01-07 17시01분35초	1767772895347]	1ms

[2026-01-07 17시01분35초	1767772895348]	DatabaseThread..
[2026-01-07 17시01분35초	1767772895349]	1ms

[2026-01-07 17시01분35초	1767772895350]	CharacterControlThread..
[2026-01-07 17시01분35초	1767772895350]	0ms

[2026-01-07 17시01분35초	1767772895392]	FightController..
[2026-01-07 17시01분35초	1767772895411]	19ms

[2026-01-07 17시01분35초	1767772895411]	TimeThread..
[2026-01-07 17시01분35초	1767772895412]	1ms

[2026-01-07 17시01분35초	1767772895413]	AutoHuntThread..
[2026-01-07 17시01분35초	1767772895413]	0ms

[2026-01-07 17시01분35초	1767772895413]	======================================================================
[2026-01-07 17시01분35초	1767772895413]	Server Version  :  Lineage 2.0

[2026-01-07 17시01분35초	1767772895414]	Server Port      :  2000

[2026-01-07 17시01분35초	1767772895414]	계정 자동생성  :  on

[2026-01-07 17시01분35초	1767772895414]	인챈트 : 1.0배  ||  드랍 : 3.0배  ||  경험치 : 30.0배  ||  아데나 : 12.0배  ||  파티 : 1.1배

[2026-01-07 17시01분35초	1767772895414]	======================================================================
[2026-01-07 17시01분35초	1767772895414]	'서버' 가동되었습니다.

[2026-01-07 17시02분36초	1767772956698]	서버가 즉시 종료됩니다...
[2026-01-07 17시02분37초	1767772957699]	Thread close..
[2026-01-07 17시02분38초	1767772958699]	Save Database..
[2026-01-07 17시02분39초	1767772959401]	Socket close..
[2026-01-07 17시02분39초	1767772959401]	LineageServer Close...
[2026-01-07 17시02분39초	1767772959401]	0ms

[2026-01-07 17시02분39초	1767772959401]	ok..
