[2026-01-13 00시50분05초	1768233005376]	Mysql..
[2026-01-13 00시50분05초	1768233005377]	2ms

[2026-01-13 00시50분05초	1768233005392]	lineage.conf file loading...
[2026-01-13 00시50분05초	1768233005420]	28ms

[2026-01-13 00시50분05초	1768233005427]	Lineage_Balance..
[2026-01-13 00시50분05초	1768233005435]	8ms

[2026-01-13 00시50분05초	1768233005435]	npc_promotion..
[2026-01-13 00시50분05초	1768233005436]	1ms

[2026-01-13 00시50분05초	1768233005437]	Socket..
[2026-01-13 00시50분05초	1768233005437]	0ms

[2026-01-13 00시50분05초	1768233005437]	Common..
[2026-01-13 00시50분05초	1768233005437]	0ms

[2026-01-13 00시50분05초	1768233005438]	EventThread..
[2026-01-13 00시50분05초	1768233005438]	0ms

[2026-01-13 00시50분05초	1768233005439]	AiExecuteThread..
[2026-01-13 00시50분05초	1768233005439]	0ms

[2026-01-13 00시50분05초	1768233005439]	AiThread..
[2026-01-13 00시50분05초	1768233005440]	1ms

[2026-01-13 00시50분05초	1768233005443]	World..
[2026-01-13 00시50분05초	1768233005519]	76ms

[2026-01-13 00시50분05초	1768233005521]	BookController..
[2026-01-13 00시50분05초	1768233005521]	0ms

[2026-01-13 00시50분05초	1768233005521]	InventoryController..
[2026-01-13 00시50분05초	1768233005521]	0ms

[2026-01-13 00시50분05초	1768233005522]	BasePacketPooling..
[2026-01-13 00시50분05초	1768233005522]	0ms

[2026-01-13 00시50분05초	1768233005524]	SkillController..
[2026-01-13 00시50분05초	1768233005524]	0ms

[2026-01-13 00시50분05초	1768233005531]	DamageController..
[2026-01-13 00시50분05초	1768233005531]	0ms

[2026-01-13 00시50분05초	1768233005540]	CharacterController..
[2026-01-13 00시50분05초	1768233005540]	0ms

[2026-01-13 00시50분05초	1768233005541]	TradeController..
[2026-01-13 00시50분05초	1768233005541]	0ms

[2026-01-13 00시50분05초	1768233005542]	DungeonController..
[2026-01-13 00시50분05초	1768233005542]	0ms

[2026-01-13 00시50분05초	1768233005542]	ShipController..
[2026-01-13 00시50분05초	1768233005542]	0ms

[2026-01-13 00시50분05초	1768233005543]	BuffController..
[2026-01-13 00시50분05초	1768233005543]	0ms

[2026-01-13 00시50분05초	1768233005547]	SummonController..
[2026-01-13 00시50분05초	1768233005547]	0ms

[2026-01-13 00시50분05초	1768233005548]	PartyController..
[2026-01-13 00시50분05초	1768233005548]	0ms

[2026-01-13 00시50분05초	1768233005549]	InnController..
[2026-01-13 00시50분05초	1768233005549]	0ms

[2026-01-13 00시50분05초	1768233005550]	BoardController..
[2026-01-13 00시50분05초	1768233005550]	0ms

[2026-01-13 00시50분05초	1768233005552]	LetterController..
[2026-01-13 00시50분05초	1768233005552]	0ms

[2026-01-13 00시50분05초	1768233005552]	UserShopController..
[2026-01-13 00시50분05초	1768233005552]	0ms

[2026-01-13 00시50분05초	1768233005554]	ChattingController..
[2026-01-13 00시50분05초	1768233005555]	1ms

[2026-01-13 00시50분05초	1768233005556]	ColosseumController..
[2026-01-13 00시50분05초	1768233005556]	0ms

[2026-01-13 00시50분05초	1768233005557]	CraftController..
[2026-01-13 00시50분05초	1768233005557]	0ms

[2026-01-13 00시50분05초	1768233005558]	BossController..
[2026-01-13 00시50분05초	1768233005558]	0ms

[2026-01-13 00시50분05초	1768233005559]	NoticeController..
[2026-01-13 00시50분05초	1768233005559]	0ms

[2026-01-13 00시50분05초	1768233005560]	FriendController..
[2026-01-13 00시50분05초	1768233005560]	0ms

[2026-01-13 00시50분05초	1768233005561]	BugScanningController..
[2026-01-13 00시50분05초	1768233005561]	0ms

[2026-01-13 00시50분05초	1768233005562]	MagicDollController..
[2026-01-13 00시50분05초	1768233005562]	0ms

[2026-01-13 00시50분05초	1768233005563]	ShopController..
[2026-01-13 00시50분05초	1768233005563]	0ms

[2026-01-13 00시50분05초	1768233005571]	WarehouseDatabase..
[2026-01-13 00시50분05초	1768233005571]	0ms

[2026-01-13 00시50분05초	1768233005572]	PakTools..
[2026-01-13 00시50분05초	1768233005581]	9ms

[2026-01-13 00시50분05초	1768233005582]	ScriptController...
[2026-01-13 00시50분05초	1768233005584]	2ms

[2026-01-13 00시50분05초	1768233005585]	GiranClanLordController..
[2026-01-13 00시50분05초	1768233005585]	0ms

[2026-01-13 00시50분05초	1768233005586]	TeamBattleController..
[2026-01-13 00시50분05초	1768233005586]	0ms

[2026-01-13 00시50분05초	1768233005587]	WorldClearController..
[2026-01-13 00시50분05초	1768233005587]	0ms

[2026-01-13 00시50분05초	1768233005587]	SpotController..
[2026-01-13 00시50분05초	1768233005587]	0ms

[2026-01-13 00시50분05초	1768233005588]	테베라스 컨트롤러..
[2026-01-13 00시50분05초	1768233005588]	0ms

[2026-01-13 00시50분05초	1768233005589]	지옥 컨트롤러..
[2026-01-13 00시50분05초	1768233005589]	0ms

[2026-01-13 00시50분05초	1768233005589]	지하수로 컨트롤러..
[2026-01-13 00시50분05초	1768233005590]	1ms

[2026-01-13 00시50분05초	1768233005590]	보물찾기컨트롤러..
[2026-01-13 00시50분05초	1768233005590]	0ms

[2026-01-13 00시50분05초	1768233005591]	마족신전 컨트롤러..
[2026-01-13 00시50분05초	1768233005591]	0ms

[2026-01-13 00시50분05초	1768233005592]	고무 컨트롤러..
[2026-01-13 00시50분05초	1768233005592]	정무던전 컨트롤러..
[2026-01-13 00시50분05초	1768233005597]	5ms

[2026-01-13 00시50분05초	1768233005597]	그신 컨트롤러..
[2026-01-13 00시50분05초	1768233005598]	1ms

[2026-01-13 00시50분05초	1768233005598]	라바던전 컨트롤러..
[2026-01-13 00시50분05초	1768233005599]	1ms

[2026-01-13 00시50분05초	1768233005599]	월드보스컨트롤러..
[2026-01-13 00시50분05초	1768233005599]	0ms

[2026-01-13 00시50분05초	1768233005600]	펭귄 사냥터 컨트롤러..
[2026-01-13 00시50분05초	1768233005600]	0ms

[2026-01-13 00시50분05초	1768233005601]	칠흑던전 컨트롤러..
[2026-01-13 00시50분05초	1768233005601]	악마왕의영토컨트롤러..
[2026-01-13 00시50분05초	1768233005601]	0ms

[2026-01-13 00시50분05초	1768233005602]	얼던컨트롤러..
[2026-01-13 00시50분05초	1768233005602]	0ms

[2026-01-13 00시50분05초	1768233005603]	기감 컨트롤러..
[2026-01-13 00시50분05초	1768233005603]	0ms

[2026-01-13 00시50분05초	1768233005604]	고라스컨트롤러..
[2026-01-13 00시50분05초	1768233005604]	0ms

[2026-01-13 00시50분05초	1768233005605]	드워프컨트롤러..
[2026-01-13 00시50분05초	1768233005605]	0ms

[2026-01-13 00시50분05초	1768233005606]	타임이벤트컨트롤러..
[2026-01-13 00시50분05초	1768233005606]	0ms

[2026-01-13 00시50분05초	1768233005606]	AutoHuntController..
[2026-01-13 00시50분05초	1768233005607]	1ms

[2026-01-13 00시50분05초	1768233005621]	DatabaseConnection..
[2026-01-13 00시50분05초	1768233005910]	289ms

[2026-01-13 00시50분05초	1768233005925]	ServerDatabase..
[2026-01-13 00시50분05초	1768233005960]	35ms

[2026-01-13 00시50분05초	1768233005963]	SlimeRaceController..
[2026-01-13 00시50분05초	1768233005965]	2ms

[2026-01-13 00시50분05초	1768233005966]	DogRaceController..
[2026-01-13 00시50분05초	1768233005968]	2ms

[2026-01-13 00시50분05초	1768233005971]	ClanController..
[2026-01-13 00시50분05초	1768233005976]	5ms

[2026-01-13 00시50분05초	1768233005978]	KingdomController..
[2026-01-13 00시50분05초	1768233005984]	6ms

[2026-01-13 00시50분05초	1768233005985]	AgitController..
[2026-01-13 00시50분05초	1768233005989]	4ms

[2026-01-13 00시50분05초	1768233005991]	AuctionController..
[2026-01-13 00시50분05초	1768233005996]	4ms

[2026-01-13 00시50분06초	1768233006000]	ItemDatabase..
[2026-01-13 00시50분06초	1768233006100]	100ms

[2026-01-13 00시50분06초	1768233006116]	ItemSetopionDatabase..
[2026-01-13 00시50분06초	1768233006119]	3ms

[2026-01-13 00시50분06초	1768233006120]	AutosellDatabase..
[2026-01-13 00시50분06초	1768233006140]	20ms

[2026-01-13 00시50분06초	1768233006141]	ItemSkillDatabase..
[2026-01-13 00시50분06초	1768233006142]	1ms

[2026-01-13 00시50분06초	1768233006143]	ItemBundleDatabase..
[2026-01-13 00시50분06초	1768233006146]	3ms

[2026-01-13 00시50분06초	1768233006147]	ItemChanceBundleDatabase..
[2026-01-13 00시50분06초	1768233006150]	3ms

[2026-01-13 00시50분06초	1768233006150]	FishItemListDatabase..
[2026-01-13 00시50분06초	1768233006152]	2ms

[2026-01-13 00시50분06초	1768233006155]	ItemTeleport..
[2026-01-13 00시50분06초	1768233006157]	2ms

[2026-01-13 00시50분06초	1768233006158]	PolyDatabase..
[2026-01-13 00시50분06초	1768233006160]	2ms

[2026-01-13 00시50분06초	1768233006161]	DungeonDatabase..
[2026-01-13 00시50분06초	1768233006165]	4ms

[2026-01-13 00시50분06초	1768233006165]	DefiniteDatabase..
[2026-01-13 00시50분06초	1768233006167]	2ms

[2026-01-13 00시50분06초	1768233006167]	ExpDatabase..
[2026-01-13 00시50분06초	1768233006169]	2ms

[2026-01-13 00시50분06초	1768233006169]	BackgroundDatabase..
[2026-01-13 00시50분06초	1768233006293]	124ms

[2026-01-13 00시50분06초	1768233006294]	SpriteFrameDatabase..
[2026-01-13 00시50분06초	1768233006343]	49ms

[2026-01-13 00시50분06초	1768233006344]	SkillDatabase..
[2026-01-13 00시50분06초	1768233006346]	2ms

[2026-01-13 00시50분06초	1768233006347]	NpcDatabase..
[2026-01-13 00시50분06초	1768233006353]	6ms

[2026-01-13 00시50분06초	1768233006354]	NpcShopDatabase..
[2026-01-13 00시50분06초	1768233006421]	67ms

[2026-01-13 00시50분06초	1768233006421]	NpcTeleportDatabase..
[2026-01-13 00시50분06초	1768233006423]	2ms

[2026-01-13 00시50분06초	1768233006548]	NpcSpawnlistDatabase..
[2026-01-13 00시50분06초	1768233006592]	44ms

[2026-01-13 00시50분06초	1768233006594]	EventController..
[2026-01-13 00시50분06초	1768233006594]	0ms

[2026-01-13 00시50분06초	1768233006595]	MonsterDatabase..
[2026-01-13 00시50분06초	1768233006608]	13ms

[2026-01-13 00시50분06초	1768233006609]	MonsterDropDatabase..
[2026-01-13 00시50분06초	1768233006636]	27ms

[2026-01-13 00시50분06초	1768233006637]	MonsterSkillDatabase..
[2026-01-13 00시50분06초	1768233006655]	18ms

[2026-01-13 00시50분06초	1768233006656]	MonsterSpawnlistDatabase..
[2026-01-13 00시50분07초	1768233007946]	1290ms

[2026-01-13 00시50분07초	1768233007947]	MonsterBossSpawnlistDatabase..
[2026-01-13 00시50분07초	1768233007949]	2ms

[2026-01-13 00시50분07초	1768233007950]	ServerDownBossListDatabase..
[2026-01-13 00시50분07초	1768233007951]	1ms

[2026-01-13 00시50분07초	1768233007951]	BadIpDatabase..
[2026-01-13 00시50분07초	1768233007953]	2ms

[2026-01-13 00시50분07초	1768233007953]	QuestController..
[2026-01-13 00시50분07초	1768233007954]	1ms

[2026-01-13 00시50분07초	1768233007954]	ServerOpcodesDatabase..
[2026-01-13 00시50분07초	1768233007957]	3ms

[2026-01-13 00시50분07초	1768233007957]	ServerNoticeDatabase..
[2026-01-13 00시50분07초	1768233007958]	1ms

[2026-01-13 00시50분07초	1768233007960]	RankController..
[2026-01-13 00시50분07초	1768233007981]	21ms

[2026-01-13 00시50분07초	1768233007982]	WantedController..
[2026-01-13 00시50분07초	1768233007984]	2ms

[2026-01-13 00시50분07초	1768233007984]	TeleportHomeDatabase..
[2026-01-13 00시50분08초	1768233008010]	26ms

[2026-01-13 00시50분08초	1768233008011]	TeleportResetDatabase..
[2026-01-13 00시50분08초	1768233008039]	28ms

[2026-01-13 00시50분08초	1768233008040]	ItemPinewandDatabase..
[2026-01-13 00시50분08초	1768233008041]	1ms

[2026-01-13 00시50분08초	1768233008042]	ItemMaplewandDatabase..
[2026-01-13 00시50분08초	1768233008043]	1ms

[2026-01-13 00시50분08초	1768233008044]	SummonListDatabase..
[2026-01-13 00시50분08초	1768233008045]	1ms

[2026-01-13 00시50분08초	1768233008046]	GmListDatabase..
[2026-01-13 00시50분08초	1768233008046]	0ms

[2026-01-13 00시50분08초	1768233008048]	MagicdollListDatabase..
[2026-01-13 00시50분08초	1768233008049]	1ms

[2026-01-13 00시50분08초	1768233008052]	PcMarketController..
[2026-01-13 00시50분08초	1768233008053]	1ms

[2026-01-13 00시50분08초	1768233008053]	ServerOptionDatabase..
[2026-01-13 00시50분08초	1768233008054]	1ms

[2026-01-13 00시50분08초	1768233008055]	TimeDungeonDatabase..
[2026-01-13 00시50분08초	1768233008055]	0ms

[2026-01-13 00시50분08초	1768233008055]	TeamBattleDatabase..
[2026-01-13 00시50분08초	1768233008056]	1ms

[2026-01-13 00시50분08초	1768233008057]	LifeLostItemDatabase..
[2026-01-13 00시50분08초	1768233008058]	1ms

[2026-01-13 00시50분08초	1768233008059]	GmTeleportDatabase..
[2026-01-13 00시50분08초	1768233008060]	1ms

[2026-01-13 00시50분08초	1768233008062]	무인혈맹컨트롤러..
[2026-01-13 00시50분08초	1768233008063]	1ms

[2026-01-13 00시50분08초	1768233008064]	HackNoCheckDatabase..
[2026-01-13 00시50분08초	1768233008064]	0ms

[2026-01-13 00시50분08초	1768233008066]	EnchantLostItemDatabase..
[2026-01-13 00시50분08초	1768233008087]	21ms

[2026-01-13 00시50분08초	1768233008088]	ItemDropMessageDatabase..
[2026-01-13 00시50분08초	1768233008089]	1ms

[2026-01-13 00시50분08초	1768233008090]	FishingController..
[2026-01-13 00시50분08초	1768233008352]	262ms

[2026-01-13 00시50분08초	1768233008366]	RobotController..
[2026-01-13 00시50분08초	1768233008389]	23ms

[2026-01-13 00시50분08초	1768233008391]	Server..
[2026-01-13 00시50분08초	1768233008451]	60ms

[2026-01-13 00시50분08초	1768233008451]	ServerThread..
[2026-01-13 00시50분08초	1768233008451]	0ms

[2026-01-13 00시50분08초	1768233008453]	ControllerTherad..
[2026-01-13 00시50분08초	1768233008453]	0ms

[2026-01-13 00시50분08초	1768233008454]	CharacterThread..
[2026-01-13 00시50분08초	1768233008454]	0ms

[2026-01-13 00시50분08초	1768233008456]	DatabaseThread..
[2026-01-13 00시50분08초	1768233008457]	1ms

[2026-01-13 00시50분08초	1768233008458]	CharacterControlThread..
[2026-01-13 00시50분08초	1768233008458]	0ms

[2026-01-13 00시50분08초	1768233008521]	FightController..
[2026-01-13 00시50분08초	1768233008534]	13ms

[2026-01-13 00시50분08초	1768233008538]	TimeThread..
[2026-01-13 00시50분08초	1768233008538]	0ms

[2026-01-13 00시50분08초	1768233008540]	AutoHuntThread..
[2026-01-13 00시50분08초	1768233008541]	1ms

[2026-01-13 00시50분08초	1768233008541]	======================================================================
[2026-01-13 00시50분08초	1768233008541]	Server Version  :  Lineage 2.0

[2026-01-13 00시50분08초	1768233008542]	Server Port      :  2000

[2026-01-13 00시50분08초	1768233008542]	계정 자동생성  :  on

[2026-01-13 00시50분08초	1768233008542]	인챈트 : 1.0배  ||  드랍 : 3.0배  ||  경험치 : 30.0배  ||  아데나 : 12.0배  ||  파티 : 1.1배

[2026-01-13 00시50분08초	1768233008542]	======================================================================
[2026-01-13 00시50분08초	1768233008542]	'서버' 가동되었습니다.

[2026-01-13 00시53분09초	1768233189164]	자동 저장완료 2026-01-13 00시53분09초
[2026-01-13 00시53분24초	1768233204288]	서버가 즉시 종료됩니다...
[2026-01-13 00시53분25초	1768233205288]	Thread close..
[2026-01-13 00시53분26초	1768233206288]	Save Database..
[2026-01-13 00시53분27초	1768233207228]	Socket close..
[2026-01-13 00시53분27초	1768233207228]	LineageServer Close...
[2026-01-13 00시53분27초	1768233207228]	0ms

[2026-01-13 00시53분27초	1768233207228]	ok..
