[2026-01-07 16시56분42초	1767772602427]	Mysql..
[2026-01-07 16시56분42초	1767772602427]	1ms

[2026-01-07 16시56분42초	1767772602444]	lineage.conf file loading...
[2026-01-07 16시56분42초	1767772602474]	29ms

[2026-01-07 16시56분42초	1767772602480]	Lineage_Balance..
[2026-01-07 16시56분42초	1767772602488]	8ms

[2026-01-07 16시56분42초	1767772602489]	npc_promotion..
[2026-01-07 16시56분42초	1767772602490]	1ms

[2026-01-07 16시56분42초	1767772602490]	Socket..
[2026-01-07 16시56분42초	1767772602491]	1ms

[2026-01-07 16시56분42초	1767772602491]	Common..
[2026-01-07 16시56분42초	1767772602491]	0ms

[2026-01-07 16시56분42초	1767772602492]	EventThread..
[2026-01-07 16시56분42초	1767772602492]	0ms

[2026-01-07 16시56분42초	1767772602500]	AiExecuteThread..
[2026-01-07 16시56분42초	1767772602500]	0ms

[2026-01-07 16시56분42초	1767772602501]	AiThread..
[2026-01-07 16시56분42초	1767772602501]	0ms

[2026-01-07 16시56분42초	1767772602512]	World..
[2026-01-07 16시56분42초	1767772602588]	76ms

[2026-01-07 16시56분42초	1767772602590]	BookController..
[2026-01-07 16시56분42초	1767772602590]	0ms

[2026-01-07 16시56분42초	1767772602590]	InventoryController..
[2026-01-07 16시56분42초	1767772602591]	1ms

[2026-01-07 16시56분42초	1767772602591]	BasePacketPooling..
[2026-01-07 16시56분42초	1767772602591]	0ms

[2026-01-07 16시56분42초	1767772602593]	SkillController..
[2026-01-07 16시56분42초	1767772602593]	0ms

[2026-01-07 16시56분42초	1767772602600]	DamageController..
[2026-01-07 16시56분42초	1767772602600]	0ms

[2026-01-07 16시56분42초	1767772602608]	CharacterController..
[2026-01-07 16시56분42초	1767772602608]	0ms

[2026-01-07 16시56분42초	1767772602609]	TradeController..
[2026-01-07 16시56분42초	1767772602610]	0ms

[2026-01-07 16시56분42초	1767772602610]	DungeonController..
[2026-01-07 16시56분42초	1767772602610]	0ms

[2026-01-07 16시56분42초	1767772602611]	ShipController..
[2026-01-07 16시56분42초	1767772602611]	0ms

[2026-01-07 16시56분42초	1767772602611]	BuffController..
[2026-01-07 16시56분42초	1767772602611]	0ms

[2026-01-07 16시56분42초	1767772602616]	SummonController..
[2026-01-07 16시56분42초	1767772602616]	0ms

[2026-01-07 16시56분42초	1767772602617]	PartyController..
[2026-01-07 16시56분42초	1767772602617]	0ms

[2026-01-07 16시56분42초	1767772602618]	InnController..
[2026-01-07 16시56분42초	1767772602618]	0ms

[2026-01-07 16시56분42초	1767772602619]	BoardController..
[2026-01-07 16시56분42초	1767772602619]	0ms

[2026-01-07 16시56분42초	1767772602620]	LetterController..
[2026-01-07 16시56분42초	1767772602620]	0ms

[2026-01-07 16시56분42초	1767772602621]	UserShopController..
[2026-01-07 16시56분42초	1767772602621]	0ms

[2026-01-07 16시56분42초	1767772602622]	ChattingController..
[2026-01-07 16시56분42초	1767772602623]	1ms

[2026-01-07 16시56분42초	1767772602625]	ColosseumController..
[2026-01-07 16시56분42초	1767772602625]	0ms

[2026-01-07 16시56분42초	1767772602625]	CraftController..
[2026-01-07 16시56분42초	1767772602626]	0ms

[2026-01-07 16시56분42초	1767772602626]	BossController..
[2026-01-07 16시56분42초	1767772602626]	0ms

[2026-01-07 16시56분42초	1767772602627]	NoticeController..
[2026-01-07 16시56분42초	1767772602628]	1ms

[2026-01-07 16시56분42초	1767772602628]	FriendController..
[2026-01-07 16시56분42초	1767772602628]	0ms

[2026-01-07 16시56분42초	1767772602629]	BugScanningController..
[2026-01-07 16시56분42초	1767772602629]	0ms

[2026-01-07 16시56분42초	1767772602630]	MagicDollController..
[2026-01-07 16시56분42초	1767772602630]	0ms

[2026-01-07 16시56분42초	1767772602639]	ShopController..
[2026-01-07 16시56분42초	1767772602639]	0ms

[2026-01-07 16시56분42초	1767772602640]	WarehouseDatabase..
[2026-01-07 16시56분42초	1767772602640]	0ms

[2026-01-07 16시56분42초	1767772602641]	PakTools..
[2026-01-07 16시56분42초	1767772602642]	1ms

[2026-01-07 16시56분42초	1767772602643]	ScriptController...
[2026-01-07 16시56분42초	1767772602645]	2ms

[2026-01-07 16시56분42초	1767772602646]	GiranClanLordController..
[2026-01-07 16시56분42초	1767772602646]	0ms

[2026-01-07 16시56분42초	1767772602648]	TeamBattleController..
[2026-01-07 16시56분42초	1767772602648]	0ms

[2026-01-07 16시56분42초	1767772602648]	WorldClearController..
[2026-01-07 16시56분42초	1767772602649]	1ms

[2026-01-07 16시56분42초	1767772602649]	SpotController..
[2026-01-07 16시56분42초	1767772602649]	0ms

[2026-01-07 16시56분42초	1767772602650]	테베라스 컨트롤러..
[2026-01-07 16시56분42초	1767772602650]	0ms

[2026-01-07 16시56분42초	1767772602651]	지옥 컨트롤러..
[2026-01-07 16시56분42초	1767772602651]	0ms

[2026-01-07 16시56분42초	1767772602651]	지하수로 컨트롤러..
[2026-01-07 16시56분42초	1767772602651]	0ms

[2026-01-07 16시56분42초	1767772602652]	보물찾기컨트롤러..
[2026-01-07 16시56분42초	1767772602652]	0ms

[2026-01-07 16시56분42초	1767772602652]	마족신전 컨트롤러..
[2026-01-07 16시56분42초	1767772602652]	0ms

[2026-01-07 16시56분42초	1767772602653]	고무 컨트롤러..
[2026-01-07 16시56분42초	1767772602654]	정무던전 컨트롤러..
[2026-01-07 16시56분42초	1767772602658]	4ms

[2026-01-07 16시56분42초	1767772602658]	그신 컨트롤러..
[2026-01-07 16시56분42초	1767772602658]	0ms

[2026-01-07 16시56분42초	1767772602659]	라바던전 컨트롤러..
[2026-01-07 16시56분42초	1767772602659]	0ms

[2026-01-07 16시56분42초	1767772602660]	월드보스컨트롤러..
[2026-01-07 16시56분42초	1767772602660]	0ms

[2026-01-07 16시56분42초	1767772602660]	펭귄 사냥터 컨트롤러..
[2026-01-07 16시56분42초	1767772602660]	0ms

[2026-01-07 16시56분42초	1767772602661]	칠흑던전 컨트롤러..
[2026-01-07 16시56분42초	1767772602661]	악마왕의영토컨트롤러..
[2026-01-07 16시56분42초	1767772602662]	1ms

[2026-01-07 16시56분42초	1767772602662]	얼던컨트롤러..
[2026-01-07 16시56분42초	1767772602662]	0ms

[2026-01-07 16시56분42초	1767772602663]	기감 컨트롤러..
[2026-01-07 16시56분42초	1767772602663]	0ms

[2026-01-07 16시56분42초	1767772602664]	고라스컨트롤러..
[2026-01-07 16시56분42초	1767772602664]	0ms

[2026-01-07 16시56분42초	1767772602665]	드워프컨트롤러..
[2026-01-07 16시56분42초	1767772602665]	0ms

[2026-01-07 16시56분42초	1767772602665]	타임이벤트컨트롤러..
[2026-01-07 16시56분42초	1767772602665]	0ms

[2026-01-07 16시56분42초	1767772602666]	AutoHuntController..
[2026-01-07 16시56분42초	1767772602666]	0ms

[2026-01-07 16시56분42초	1767772602666]	DatabaseConnection..
[2026-01-07 16시56분42초	1767772602970]	304ms

[2026-01-07 16시56분42초	1767772602983]	ServerDatabase..
[2026-01-07 16시56분43초	1767772603019]	36ms

[2026-01-07 16시56분43초	1767772603022]	SlimeRaceController..
[2026-01-07 16시56분43초	1767772603024]	2ms

[2026-01-07 16시56분43초	1767772603026]	DogRaceController..
[2026-01-07 16시56분43초	1767772603028]	2ms

[2026-01-07 16시56분43초	1767772603030]	ClanController..
[2026-01-07 16시56분43초	1767772603037]	7ms

[2026-01-07 16시56분43초	1767772603039]	KingdomController..
[2026-01-07 16시56분43초	1767772603047]	8ms

[2026-01-07 16시56분43초	1767772603049]	AgitController..
[2026-01-07 16시56분43초	1767772603054]	5ms

[2026-01-07 16시56분43초	1767772603055]	AuctionController..
[2026-01-07 16시56분43초	1767772603060]	5ms

[2026-01-07 16시56분43초	1767772603066]	ItemDatabase..
[2026-01-07 16시56분43초	1767772603173]	107ms

[2026-01-07 16시56분43초	1767772603175]	ItemSetopionDatabase..
[2026-01-07 16시56분43초	1767772603177]	2ms

[2026-01-07 16시56분43초	1767772603178]	AutosellDatabase..
[2026-01-07 16시56분43초	1767772603196]	18ms

[2026-01-07 16시56분43초	1767772603197]	ItemSkillDatabase..
[2026-01-07 16시56분43초	1767772603199]	2ms

[2026-01-07 16시56분43초	1767772603200]	ItemBundleDatabase..
[2026-01-07 16시56분43초	1767772603204]	4ms

[2026-01-07 16시56분43초	1767772603205]	ItemChanceBundleDatabase..
[2026-01-07 16시56분43초	1767772603209]	4ms

[2026-01-07 16시56분43초	1767772603210]	FishItemListDatabase..
[2026-01-07 16시56분43초	1767772603211]	1ms

[2026-01-07 16시56분43초	1767772603212]	ItemTeleport..
[2026-01-07 16시56분43초	1767772603215]	3ms

[2026-01-07 16시56분43초	1767772603216]	PolyDatabase..
[2026-01-07 16시56분43초	1767772603220]	4ms

[2026-01-07 16시56분43초	1767772603220]	DungeonDatabase..
[2026-01-07 16시56분43초	1767772603226]	5ms

[2026-01-07 16시56분43초	1767772603226]	DefiniteDatabase..
[2026-01-07 16시56분43초	1767772603229]	3ms

[2026-01-07 16시56분43초	1767772603230]	ExpDatabase..
[2026-01-07 16시56분43초	1767772603232]	2ms

[2026-01-07 16시56분43초	1767772603232]	BackgroundDatabase..
[2026-01-07 16시56분43초	1767772603348]	116ms

[2026-01-07 16시56분43초	1767772603348]	SpriteFrameDatabase..
[2026-01-07 16시56분43초	1767772603410]	62ms

[2026-01-07 16시56분43초	1767772603411]	SkillDatabase..
[2026-01-07 16시56분43초	1767772603414]	3ms

[2026-01-07 16시56분43초	1767772603415]	NpcDatabase..
[2026-01-07 16시56분43초	1767772603423]	8ms

[2026-01-07 16시56분43초	1767772603424]	NpcShopDatabase..
[2026-01-07 16시56분43초	1767772603483]	59ms

[2026-01-07 16시56분43초	1767772603484]	NpcTeleportDatabase..
[2026-01-07 16시56분43초	1767772603493]	9ms

[2026-01-07 16시56분43초	1767772603634]	NpcSpawnlistDatabase..
[2026-01-07 16시56분43초	1767772603684]	50ms

[2026-01-07 16시56분43초	1767772603686]	EventController..
[2026-01-07 16시56분43초	1767772603686]	0ms

[2026-01-07 16시56분43초	1767772603687]	MonsterDatabase..
[2026-01-07 16시56분43초	1767772603702]	15ms

[2026-01-07 16시56분43초	1767772603703]	MonsterDropDatabase..
[2026-01-07 16시56분43초	1767772603728]	25ms

[2026-01-07 16시56분43초	1767772603729]	MonsterSkillDatabase..
[2026-01-07 16시56분43초	1767772603744]	15ms

[2026-01-07 16시56분43초	1767772603747]	MonsterSpawnlistDatabase..
[2026-01-07 16시56분44초	1767772604619]	872ms

[2026-01-07 16시56분44초	1767772604620]	MonsterBossSpawnlistDatabase..
[2026-01-07 16시56분44초	1767772604623]	3ms

[2026-01-07 16시56분44초	1767772604624]	ServerDownBossListDatabase..
[2026-01-07 16시56분44초	1767772604625]	1ms

[2026-01-07 16시56분44초	1767772604626]	BadIpDatabase..
[2026-01-07 16시56분44초	1767772604629]	3ms

[2026-01-07 16시56분44초	1767772604629]	QuestController..
[2026-01-07 16시56분44초	1767772604631]	2ms

[2026-01-07 16시56분44초	1767772604632]	ServerOpcodesDatabase..
[2026-01-07 16시56분44초	1767772604635]	3ms

[2026-01-07 16시56분44초	1767772604636]	ServerNoticeDatabase..
[2026-01-07 16시56분44초	1767772604638]	2ms

[2026-01-07 16시56분44초	1767772604640]	RankController..
[2026-01-07 16시56분44초	1767772604660]	20ms

[2026-01-07 16시56분44초	1767772604662]	WantedController..
[2026-01-07 16시56분44초	1767772604667]	5ms

[2026-01-07 16시56분44초	1767772604667]	TeleportHomeDatabase..
[2026-01-07 16시56분44초	1767772604699]	32ms

[2026-01-07 16시56분44초	1767772604700]	TeleportResetDatabase..
[2026-01-07 16시56분44초	1767772604729]	29ms

[2026-01-07 16시56분44초	1767772604730]	ItemPinewandDatabase..
[2026-01-07 16시56분44초	1767772604732]	2ms

[2026-01-07 16시56분44초	1767772604733]	ItemMaplewandDatabase..
[2026-01-07 16시56분44초	1767772604735]	2ms

[2026-01-07 16시56분44초	1767772604736]	SummonListDatabase..
[2026-01-07 16시56분44초	1767772604738]	2ms

[2026-01-07 16시56분44초	1767772604739]	GmListDatabase..
[2026-01-07 16시56분44초	1767772604740]	1ms

[2026-01-07 16시56분44초	1767772604742]	MagicdollListDatabase..
[2026-01-07 16시56분44초	1767772604744]	2ms

[2026-01-07 16시56분44초	1767772604748]	PcMarketController..
[2026-01-07 16시56분44초	1767772604750]	2ms

[2026-01-07 16시56분44초	1767772604750]	ServerOptionDatabase..
[2026-01-07 16시56분44초	1767772604751]	1ms

[2026-01-07 16시56분44초	1767772604752]	TimeDungeonDatabase..
[2026-01-07 16시56분44초	1767772604752]	0ms

[2026-01-07 16시56분44초	1767772604753]	TeamBattleDatabase..
[2026-01-07 16시56분44초	1767772604754]	1ms

[2026-01-07 16시56분44초	1767772604755]	LifeLostItemDatabase..
[2026-01-07 16시56분44초	1767772604756]	1ms

[2026-01-07 16시56분44초	1767772604757]	GmTeleportDatabase..
[2026-01-07 16시56분44초	1767772604758]	1ms

[2026-01-07 16시56분44초	1767772604761]	무인혈맹컨트롤러..
[2026-01-07 16시56분44초	1767772604763]	2ms

[2026-01-07 16시56분44초	1767772604764]	HackNoCheckDatabase..
[2026-01-07 16시56분44초	1767772604764]	0ms

[2026-01-07 16시56분44초	1767772604765]	EnchantLostItemDatabase..
[2026-01-07 16시56분44초	1767772604778]	13ms

[2026-01-07 16시56분44초	1767772604779]	ItemDropMessageDatabase..
[2026-01-07 16시56분44초	1767772604780]	1ms

[2026-01-07 16시56분44초	1767772604782]	FishingController..
[2026-01-07 16시56분44초	1767772604909]	127ms

[2026-01-07 16시56분44초	1767772604918]	RobotController..
[2026-01-07 16시56분44초	1767772604941]	23ms

[2026-01-07 16시56분44초	1767772604943]	Server..
[2026-01-07 16시56분45초	1767772605010]	67ms

[2026-01-07 16시56분45초	1767772605010]	ServerThread..
[2026-01-07 16시56분45초	1767772605011]	1ms

[2026-01-07 16시56분45초	1767772605011]	ControllerTherad..
[2026-01-07 16시56분45초	1767772605011]	0ms

[2026-01-07 16시56분45초	1767772605012]	CharacterThread..
[2026-01-07 16시56분45초	1767772605012]	0ms

[2026-01-07 16시56분45초	1767772605013]	DatabaseThread..
[2026-01-07 16시56분45초	1767772605014]	1ms

[2026-01-07 16시56분45초	1767772605015]	CharacterControlThread..
[2026-01-07 16시56분45초	1767772605015]	0ms

[2026-01-07 16시56분45초	1767772605056]	FightController..
[2026-01-07 16시56분45초	1767772605072]	16ms

[2026-01-07 16시56분45초	1767772605073]	TimeThread..
[2026-01-07 16시56분45초	1767772605073]	0ms

[2026-01-07 16시56분45초	1767772605074]	AutoHuntThread..
[2026-01-07 16시56분45초	1767772605074]	0ms

[2026-01-07 16시56분45초	1767772605074]	======================================================================
[2026-01-07 16시56분45초	1767772605075]	Server Version  :  Lineage 2.0

[2026-01-07 16시56분45초	1767772605075]	Server Port      :  2000

[2026-01-07 16시56분45초	1767772605075]	계정 자동생성  :  on

[2026-01-07 16시56분45초	1767772605075]	인챈트 : 1.0배  ||  드랍 : 3.0배  ||  경험치 : 30.0배  ||  아데나 : 12.0배  ||  파티 : 1.1배

[2026-01-07 16시56분45초	1767772605075]	======================================================================
[2026-01-07 16시56분45초	1767772605075]	'서버' 가동되었습니다.

[2026-01-07 16시57분19초	1767772639289]	서버가 즉시 종료됩니다...
[2026-01-07 16시57분20초	1767772640289]	Thread close..
[2026-01-07 16시57분21초	1767772641290]	Save Database..
[2026-01-07 16시57분21초	1767772641984]	Socket close..
[2026-01-07 16시57분21초	1767772641984]	LineageServer Close...
[2026-01-07 16시57분21초	1767772641984]	0ms

[2026-01-07 16시57분21초	1767772641984]	ok..
