[2026-01-06 19시28분30초	1767695310172]	Mysql..
[2026-01-06 19시28분30초	1767695310173]	3ms

[2026-01-06 19시28분30초	1767695310192]	lineage.conf file loading...
[2026-01-06 19시28분30초	1767695310233]	41ms

[2026-01-06 19시28분30초	1767695310240]	Lineage_Balance..
[2026-01-06 19시28분30초	1767695310251]	11ms

[2026-01-06 19시28분30초	1767695310254]	npc_promotion..
[2026-01-06 19시28분30초	1767695310255]	1ms

[2026-01-06 19시28분30초	1767695310256]	Socket..
[2026-01-06 19시28분30초	1767695310257]	1ms

[2026-01-06 19시28분30초	1767695310257]	Common..
[2026-01-06 19시28분30초	1767695310257]	0ms

[2026-01-06 19시28분30초	1767695310259]	EventThread..
[2026-01-06 19시28분30초	1767695310259]	0ms

[2026-01-06 19시28분30초	1767695310261]	AiExecuteThread..
[2026-01-06 19시28분30초	1767695310261]	0ms

[2026-01-06 19시28분30초	1767695310263]	AiThread..
[2026-01-06 19시28분30초	1767695310263]	0ms

[2026-01-06 19시28분30초	1767695310272]	World..
[2026-01-06 19시28분30초	1767695310529]	258ms

[2026-01-06 19시28분30초	1767695310539]	BookController..
[2026-01-06 19시28분30초	1767695310539]	0ms

[2026-01-06 19시28분30초	1767695310541]	InventoryController..
[2026-01-06 19시28분30초	1767695310541]	0ms

[2026-01-06 19시28분30초	1767695310542]	BasePacketPooling..
[2026-01-06 19시28분30초	1767695310542]	0ms

[2026-01-06 19시28분30초	1767695310545]	SkillController..
[2026-01-06 19시28분30초	1767695310546]	1ms

[2026-01-06 19시28분30초	1767695310555]	DamageController..
[2026-01-06 19시28분30초	1767695310555]	0ms

[2026-01-06 19시28분30초	1767695310558]	CharacterController..
[2026-01-06 19시28분30초	1767695310558]	0ms

[2026-01-06 19시28분30초	1767695310560]	TradeController..
[2026-01-06 19시28분30초	1767695310560]	0ms

[2026-01-06 19시28분30초	1767695310561]	DungeonController..
[2026-01-06 19시28분30초	1767695310561]	0ms

[2026-01-06 19시28분30초	1767695310562]	ShipController..
[2026-01-06 19시28분30초	1767695310562]	0ms

[2026-01-06 19시28분30초	1767695310570]	BuffController..
[2026-01-06 19시28분30초	1767695310571]	1ms

[2026-01-06 19시28분30초	1767695310579]	SummonController..
[2026-01-06 19시28분30초	1767695310579]	0ms

[2026-01-06 19시28분30초	1767695310581]	PartyController..
[2026-01-06 19시28분30초	1767695310581]	0ms

[2026-01-06 19시28분30초	1767695310582]	InnController..
[2026-01-06 19시28분30초	1767695310582]	0ms

[2026-01-06 19시28분30초	1767695310584]	BoardController..
[2026-01-06 19시28분30초	1767695310584]	0ms

[2026-01-06 19시28분30초	1767695310586]	LetterController..
[2026-01-06 19시28분30초	1767695310586]	0ms

[2026-01-06 19시28분30초	1767695310588]	UserShopController..
[2026-01-06 19시28분30초	1767695310588]	0ms

[2026-01-06 19시28분30초	1767695310589]	ChattingController..
[2026-01-06 19시28분30초	1767695310591]	2ms

[2026-01-06 19시28분30초	1767695310594]	ColosseumController..
[2026-01-06 19시28분30초	1767695310594]	0ms

[2026-01-06 19시28분30초	1767695310595]	CraftController..
[2026-01-06 19시28분30초	1767695310595]	0ms

[2026-01-06 19시28분30초	1767695310597]	BossController..
[2026-01-06 19시28분30초	1767695310597]	0ms

[2026-01-06 19시28분30초	1767695310599]	NoticeController..
[2026-01-06 19시28분30초	1767695310600]	1ms

[2026-01-06 19시28분30초	1767695310601]	FriendController..
[2026-01-06 19시28분30초	1767695310601]	0ms

[2026-01-06 19시28분30초	1767695310602]	BugScanningController..
[2026-01-06 19시28분30초	1767695310602]	0ms

[2026-01-06 19시28분30초	1767695310604]	MagicDollController..
[2026-01-06 19시28분30초	1767695310604]	0ms

[2026-01-06 19시28분30초	1767695310605]	ShopController..
[2026-01-06 19시28분30초	1767695310605]	0ms

[2026-01-06 19시28분30초	1767695310606]	WarehouseDatabase..
[2026-01-06 19시28분30초	1767695310606]	0ms

[2026-01-06 19시28분30초	1767695310608]	PakTools..
[2026-01-06 19시28분30초	1767695310611]	3ms

[2026-01-06 19시28분30초	1767695310612]	ScriptController...
[2026-01-06 19시28분30초	1767695310615]	3ms

[2026-01-06 19시28분30초	1767695310616]	GiranClanLordController..
[2026-01-06 19시28분30초	1767695310616]	0ms

[2026-01-06 19시28분30초	1767695310618]	TeamBattleController..
[2026-01-06 19시28분30초	1767695310618]	0ms

[2026-01-06 19시28분30초	1767695310619]	WorldClearController..
[2026-01-06 19시28분30초	1767695310622]	3ms

[2026-01-06 19시28분30초	1767695310623]	SpotController..
[2026-01-06 19시28분30초	1767695310623]	0ms

[2026-01-06 19시28분30초	1767695310624]	테베라스 컨트롤러..
[2026-01-06 19시28분30초	1767695310624]	0ms

[2026-01-06 19시28분30초	1767695310626]	지옥 컨트롤러..
[2026-01-06 19시28분30초	1767695310626]	0ms

[2026-01-06 19시28분30초	1767695310627]	지하수로 컨트롤러..
[2026-01-06 19시28분30초	1767695310628]	0ms

[2026-01-06 19시28분30초	1767695310629]	보물찾기컨트롤러..
[2026-01-06 19시28분30초	1767695310629]	0ms

[2026-01-06 19시28분30초	1767695310630]	마족신전 컨트롤러..
[2026-01-06 19시28분30초	1767695310630]	0ms

[2026-01-06 19시28분30초	1767695310632]	고무 컨트롤러..
[2026-01-06 19시28분30초	1767695310633]	정무던전 컨트롤러..
[2026-01-06 19시28분30초	1767695310639]	6ms

[2026-01-06 19시28분30초	1767695310641]	그신 컨트롤러..
[2026-01-06 19시28분30초	1767695310641]	0ms

[2026-01-06 19시28분30초	1767695310643]	라바던전 컨트롤러..
[2026-01-06 19시28분30초	1767695310643]	0ms

[2026-01-06 19시28분30초	1767695310645]	월드보스컨트롤러..
[2026-01-06 19시28분30초	1767695310645]	0ms

[2026-01-06 19시28분30초	1767695310647]	펭귄 사냥터 컨트롤러..
[2026-01-06 19시28분30초	1767695310647]	0ms

[2026-01-06 19시28분30초	1767695310649]	칠흑던전 컨트롤러..
[2026-01-06 19시28분30초	1767695310651]	악마왕의영토컨트롤러..
[2026-01-06 19시28분30초	1767695310652]	0ms

[2026-01-06 19시28분30초	1767695310654]	얼던컨트롤러..
[2026-01-06 19시28분30초	1767695310654]	0ms

[2026-01-06 19시28분30초	1767695310656]	기감 컨트롤러..
[2026-01-06 19시28분30초	1767695310656]	0ms

[2026-01-06 19시28분30초	1767695310657]	고라스컨트롤러..
[2026-01-06 19시28분30초	1767695310657]	0ms

[2026-01-06 19시28분30초	1767695310659]	드워프컨트롤러..
[2026-01-06 19시28분30초	1767695310659]	0ms

[2026-01-06 19시28분30초	1767695310661]	타임이벤트컨트롤러..
[2026-01-06 19시28분30초	1767695310661]	0ms

[2026-01-06 19시28분30초	1767695310663]	AutoHuntController..
[2026-01-06 19시28분30초	1767695310663]	0ms

[2026-01-06 19시28분30초	1767695310664]	DatabaseConnection..
[2026-01-06 19시28분31초	1767695311020]	356ms

[2026-01-06 19시28분31초	1767695311035]	ServerDatabase..
[2026-01-06 19시28분31초	1767695311069]	34ms

[2026-01-06 19시28분31초	1767695311073]	SlimeRaceController..
[2026-01-06 19시28분31초	1767695311076]	3ms

[2026-01-06 19시28분31초	1767695311078]	DogRaceController..
[2026-01-06 19시28분31초	1767695311080]	2ms

[2026-01-06 19시28분31초	1767695311083]	ClanController..
[2026-01-06 19시28분31초	1767695311091]	8ms

[2026-01-06 19시28분31초	1767695311095]	KingdomController..
[2026-01-06 19시28분31초	1767695311107]	12ms

[2026-01-06 19시28분31초	1767695311109]	AgitController..
[2026-01-06 19시28분31초	1767695311115]	6ms

[2026-01-06 19시28분31초	1767695311118]	AuctionController..
[2026-01-06 19시28분31초	1767695311125]	7ms

[2026-01-06 19시28분31초	1767695311130]	ItemDatabase..
[2026-01-06 19시28분31초	1767695311239]	109ms

[2026-01-06 19시28분31초	1767695311241]	ItemSetopionDatabase..
[2026-01-06 19시28분31초	1767695311245]	3ms

[2026-01-06 19시28분31초	1767695311246]	AutosellDatabase..
[2026-01-06 19시28분31초	1767695311267]	21ms

[2026-01-06 19시28분31초	1767695311268]	ItemSkillDatabase..
[2026-01-06 19시28분31초	1767695311272]	4ms

[2026-01-06 19시28분31초	1767695311273]	ItemBundleDatabase..
[2026-01-06 19시28분31초	1767695311278]	5ms

[2026-01-06 19시28분31초	1767695311280]	ItemChanceBundleDatabase..
[2026-01-06 19시28분31초	1767695311287]	7ms

[2026-01-06 19시28분31초	1767695311288]	FishItemListDatabase..
[2026-01-06 19시28분31초	1767695311290]	2ms

[2026-01-06 19시28분31초	1767695311292]	ItemTeleport..
[2026-01-06 19시28분31초	1767695311295]	3ms

[2026-01-06 19시28분31초	1767695311297]	PolyDatabase..
[2026-01-06 19시28분31초	1767695311301]	4ms

[2026-01-06 19시28분31초	1767695311302]	DungeonDatabase..
[2026-01-06 19시28분31초	1767695311308]	6ms

[2026-01-06 19시28분31초	1767695311309]	DefiniteDatabase..
[2026-01-06 19시28분31초	1767695311312]	3ms

[2026-01-06 19시28분31초	1767695311313]	ExpDatabase..
[2026-01-06 19시28분31초	1767695311316]	3ms

[2026-01-06 19시28분31초	1767695311316]	BackgroundDatabase..
[2026-01-06 19시28분31초	1767695311429]	113ms

[2026-01-06 19시28분31초	1767695311429]	SpriteFrameDatabase..
[2026-01-06 19시28분31초	1767695311482]	53ms

[2026-01-06 19시28분31초	1767695311483]	SkillDatabase..
[2026-01-06 19시28분31초	1767695311488]	5ms

[2026-01-06 19시28분31초	1767695311491]	NpcDatabase..
[2026-01-06 19시28분31초	1767695311503]	12ms

[2026-01-06 19시28분31초	1767695311507]	NpcShopDatabase..
[2026-01-06 19시28분31초	1767695311567]	60ms

[2026-01-06 19시28분31초	1767695311568]	NpcTeleportDatabase..
[2026-01-06 19시28분31초	1767695311571]	3ms

[2026-01-06 19시28분31초	1767695311791]	NpcSpawnlistDatabase..
[2026-01-06 19시28분31초	1767695311845]	54ms

[2026-01-06 19시28분31초	1767695311847]	EventController..
[2026-01-06 19시28분31초	1767695311847]	0ms

[2026-01-06 19시28분31초	1767695311849]	MonsterDatabase..
[2026-01-06 19시28분31초	1767695311867]	18ms

[2026-01-06 19시28분31초	1767695311872]	MonsterDropDatabase..
[2026-01-06 19시28분31초	1767695311900]	28ms

[2026-01-06 19시28분31초	1767695311901]	MonsterSkillDatabase..
[2026-01-06 19시28분31초	1767695311916]	15ms

[2026-01-06 19시28분31초	1767695311919]	MonsterSpawnlistDatabase..
[2026-01-06 19시28분32초	1767695312919]	1000ms

[2026-01-06 19시28분32초	1767695312920]	MonsterBossSpawnlistDatabase..
[2026-01-06 19시28분32초	1767695312925]	5ms

[2026-01-06 19시28분32초	1767695312926]	ServerDownBossListDatabase..
[2026-01-06 19시28분32초	1767695312927]	1ms

[2026-01-06 19시28분32초	1767695312929]	BadIpDatabase..
[2026-01-06 19시28분32초	1767695312933]	4ms

[2026-01-06 19시28분32초	1767695312933]	QuestController..
[2026-01-06 19시28분32초	1767695312936]	3ms

[2026-01-06 19시28분32초	1767695312937]	ServerOpcodesDatabase..
[2026-01-06 19시28분32초	1767695312943]	5ms

[2026-01-06 19시28분32초	1767695312944]	ServerNoticeDatabase..
[2026-01-06 19시28분32초	1767695312947]	3ms

[2026-01-06 19시28분32초	1767695312949]	RankController..
[2026-01-06 19시28분32초	1767695312973]	24ms

[2026-01-06 19시28분32초	1767695312975]	WantedController..
[2026-01-06 19시28분32초	1767695312980]	5ms

[2026-01-06 19시28분32초	1767695312982]	TeleportHomeDatabase..
[2026-01-06 19시28분33초	1767695313015]	33ms

[2026-01-06 19시28분33초	1767695313017]	TeleportResetDatabase..
[2026-01-06 19시28분33초	1767695313047]	30ms

[2026-01-06 19시28분33초	1767695313048]	ItemPinewandDatabase..
[2026-01-06 19시28분33초	1767695313051]	3ms

[2026-01-06 19시28분33초	1767695313051]	ItemMaplewandDatabase..
[2026-01-06 19시28분33초	1767695313054]	3ms

[2026-01-06 19시28분33초	1767695313055]	SummonListDatabase..
[2026-01-06 19시28분33초	1767695313058]	3ms

[2026-01-06 19시28분33초	1767695313058]	GmListDatabase..
[2026-01-06 19시28분33초	1767695313060]	2ms

[2026-01-06 19시28분33초	1767695313062]	MagicdollListDatabase..
[2026-01-06 19시28분33초	1767695313065]	3ms

[2026-01-06 19시28분33초	1767695313070]	PcMarketController..
[2026-01-06 19시28분33초	1767695313071]	1ms

[2026-01-06 19시28분33초	1767695313072]	ServerOptionDatabase..
[2026-01-06 19시28분33초	1767695313073]	1ms

[2026-01-06 19시28분33초	1767695313074]	TimeDungeonDatabase..
[2026-01-06 19시28분33초	1767695313075]	1ms

[2026-01-06 19시28분33초	1767695313076]	TeamBattleDatabase..
[2026-01-06 19시28분33초	1767695313078]	2ms

[2026-01-06 19시28분33초	1767695313079]	LifeLostItemDatabase..
[2026-01-06 19시28분33초	1767695313081]	2ms

[2026-01-06 19시28분33초	1767695313082]	GmTeleportDatabase..
[2026-01-06 19시28분33초	1767695313083]	1ms

[2026-01-06 19시28분33초	1767695313086]	무인혈맹컨트롤러..
[2026-01-06 19시28분33초	1767695313088]	2ms

[2026-01-06 19시28분33초	1767695313090]	HackNoCheckDatabase..
[2026-01-06 19시28분33초	1767695313090]	0ms

[2026-01-06 19시28분33초	1767695313093]	EnchantLostItemDatabase..
[2026-01-06 19시28분33초	1767695313107]	14ms

[2026-01-06 19시28분33초	1767695313109]	ItemDropMessageDatabase..
[2026-01-06 19시28분33초	1767695313110]	1ms

[2026-01-06 19시28분33초	1767695313112]	FishingController..
[2026-01-06 19시28분33초	1767695313249]	137ms

[2026-01-06 19시28분33초	1767695313265]	RobotController..
[2026-01-06 19시28분33초	1767695313291]	26ms

[2026-01-06 19시28분33초	1767695313294]	Server..
[2026-01-06 19시28분33초	1767695313385]	91ms

[2026-01-06 19시28분33초	1767695313387]	ServerThread..
[2026-01-06 19시28분33초	1767695313387]	0ms

[2026-01-06 19시28분33초	1767695313388]	ControllerTherad..
[2026-01-06 19시28분33초	1767695313388]	0ms

[2026-01-06 19시28분33초	1767695313390]	CharacterThread..
[2026-01-06 19시28분33초	1767695313390]	0ms

[2026-01-06 19시28분33초	1767695313433]	DatabaseThread..
[2026-01-06 19시28분33초	1767695313436]	3ms

[2026-01-06 19시28분33초	1767695313437]	CharacterControlThread..
[2026-01-06 19시28분33초	1767695313437]	0ms

[2026-01-06 19시28분33초	1767695313449]	FightController..
[2026-01-06 19시28분33초	1767695313467]	18ms

[2026-01-06 19시28분33초	1767695313468]	TimeThread..
[2026-01-06 19시28분33초	1767695313469]	1ms

[2026-01-06 19시28분33초	1767695313470]	AutoHuntThread..
[2026-01-06 19시28분33초	1767695313470]	0ms

[2026-01-06 19시28분33초	1767695313470]	======================================================================
[2026-01-06 19시28분33초	1767695313471]	Server Version  :  Lineage 2.0

[2026-01-06 19시28분33초	1767695313471]	Server Port      :  2000

[2026-01-06 19시28분33초	1767695313471]	계정 자동생성  :  on

[2026-01-06 19시28분33초	1767695313471]	인챈트 : 1.0배  ||  드랍 : 3.0배  ||  경험치 : 30.0배  ||  아데나 : 12.0배  ||  파티 : 1.1배

[2026-01-06 19시28분33초	1767695313471]	======================================================================
[2026-01-06 19시28분33초	1767695313471]	'서버' 가동되었습니다.

[2026-01-06 19시31분34초	1767695494073]	자동 저장완료 2026-01-06 19시31분34초
[2026-01-06 19시34분34초	1767695674686]	자동 저장완료 2026-01-06 19시34분34초
[2026-01-06 19시37분35초	1767695855300]	자동 저장완료 2026-01-06 19시37분35초
[2026-01-06 19시40분35초	1767696035892]	자동 저장완료 2026-01-06 19시40분35초
[2026-01-06 19시43분36초	1767696216472]	자동 저장완료 2026-01-06 19시43분36초
[2026-01-06 19시46분37초	1767696397055]	자동 저장완료 2026-01-06 19시46분37초
[2026-01-06 19시49분37초	1767696577651]	자동 저장완료 2026-01-06 19시49분37초
[2026-01-06 19시52분38초	1767696758234]	자동 저장완료 2026-01-06 19시52분38초
[2026-01-06 19시55분38초	1767696938835]	자동 저장완료 2026-01-06 19시55분38초
[2026-01-06 19시56분34초	1767696994900]	서버가 즉시 종료됩니다...
[2026-01-06 19시56분35초	1767696995900]	Thread close..
[2026-01-06 19시56분36초	1767696996901]	Save Database..
[2026-01-06 19시56분37초	1767696997584]	Socket close..
[2026-01-06 19시56분37초	1767696997584]	LineageServer Close...
[2026-01-06 19시56분37초	1767696997584]	0ms

[2026-01-06 19시56분37초	1767696997584]	ok..
