[2026-01-14 20시57분39초	1768391859294]	Mysql..
[2026-01-14 20시57분39초	1768391859295]	3ms

[2026-01-14 20시57분39초	1768391859311]	lineage.conf file loading...
[2026-01-14 20시57분39초	1768391859340]	29ms

[2026-01-14 20시57분39초	1768391859347]	Lineage_Balance..
[2026-01-14 20시57분39초	1768391859355]	7ms

[2026-01-14 20시57분39초	1768391859355]	npc_promotion..
[2026-01-14 20시57분39초	1768391859356]	1ms

[2026-01-14 20시57분39초	1768391859356]	Socket..
[2026-01-14 20시57분39초	1768391859357]	1ms

[2026-01-14 20시57분39초	1768391859357]	Common..
[2026-01-14 20시57분39초	1768391859357]	0ms

[2026-01-14 20시57분39초	1768391859357]	EventThread..
[2026-01-14 20시57분39초	1768391859358]	1ms

[2026-01-14 20시57분39초	1768391859358]	AiExecuteThread..
[2026-01-14 20시57분39초	1768391859359]	0ms

[2026-01-14 20시57분39초	1768391859359]	AiThread..
[2026-01-14 20시57분39초	1768391859359]	0ms

[2026-01-14 20시57분39초	1768391859362]	World..
[2026-01-14 20시57분39초	1768391859458]	96ms

[2026-01-14 20시57분39초	1768391859459]	BookController..
[2026-01-14 20시57분39초	1768391859459]	0ms

[2026-01-14 20시57분39초	1768391859460]	InventoryController..
[2026-01-14 20시57분39초	1768391859460]	0ms

[2026-01-14 20시57분39초	1768391859460]	BasePacketPooling..
[2026-01-14 20시57분39초	1768391859461]	1ms

[2026-01-14 20시57분39초	1768391859469]	SkillController..
[2026-01-14 20시57분39초	1768391859472]	0ms

[2026-01-14 20시57분39초	1768391859478]	DamageController..
[2026-01-14 20시57분39초	1768391859478]	0ms

[2026-01-14 20시57분39초	1768391859479]	CharacterController..
[2026-01-14 20시57분39초	1768391859480]	1ms

[2026-01-14 20시57분39초	1768391859481]	TradeController..
[2026-01-14 20시57분39초	1768391859481]	0ms

[2026-01-14 20시57분39초	1768391859481]	DungeonController..
[2026-01-14 20시57분39초	1768391859481]	0ms

[2026-01-14 20시57분39초	1768391859482]	ShipController..
[2026-01-14 20시57분39초	1768391859482]	0ms

[2026-01-14 20시57분39초	1768391859491]	BuffController..
[2026-01-14 20시57분39초	1768391859491]	1ms

[2026-01-14 20시57분39초	1768391859494]	SummonController..
[2026-01-14 20시57분39초	1768391859494]	0ms

[2026-01-14 20시57분39초	1768391859495]	PartyController..
[2026-01-14 20시57분39초	1768391859495]	0ms

[2026-01-14 20시57분39초	1768391859496]	InnController..
[2026-01-14 20시57분39초	1768391859496]	0ms

[2026-01-14 20시57분39초	1768391859498]	BoardController..
[2026-01-14 20시57분39초	1768391859498]	0ms

[2026-01-14 20시57분39초	1768391859500]	LetterController..
[2026-01-14 20시57분39초	1768391859500]	0ms

[2026-01-14 20시57분39초	1768391859501]	UserShopController..
[2026-01-14 20시57분39초	1768391859501]	0ms

[2026-01-14 20시57분39초	1768391859510]	ChattingController..
[2026-01-14 20시57분39초	1768391859511]	1ms

[2026-01-14 20시57분39초	1768391859512]	ColosseumController..
[2026-01-14 20시57분39초	1768391859512]	0ms

[2026-01-14 20시57분39초	1768391859513]	CraftController..
[2026-01-14 20시57분39초	1768391859513]	0ms

[2026-01-14 20시57분39초	1768391859514]	BossController..
[2026-01-14 20시57분39초	1768391859514]	0ms

[2026-01-14 20시57분39초	1768391859515]	NoticeController..
[2026-01-14 20시57분39초	1768391859516]	1ms

[2026-01-14 20시57분39초	1768391859516]	FriendController..
[2026-01-14 20시57분39초	1768391859517]	0ms

[2026-01-14 20시57분39초	1768391859517]	BugScanningController..
[2026-01-14 20시57분39초	1768391859517]	0ms

[2026-01-14 20시57분39초	1768391859518]	MagicDollController..
[2026-01-14 20시57분39초	1768391859518]	0ms

[2026-01-14 20시57분39초	1768391859519]	ShopController..
[2026-01-14 20시57분39초	1768391859519]	0ms

[2026-01-14 20시57분39초	1768391859520]	WarehouseDatabase..
[2026-01-14 20시57분39초	1768391859520]	0ms

[2026-01-14 20시57분39초	1768391859521]	PakTools..
[2026-01-14 20시57분39초	1768391859523]	2ms

[2026-01-14 20시57분39초	1768391859523]	ScriptController...
[2026-01-14 20시57분39초	1768391859526]	3ms

[2026-01-14 20시57분39초	1768391859527]	GiranClanLordController..
[2026-01-14 20시57분39초	1768391859527]	0ms

[2026-01-14 20시57분39초	1768391859528]	TeamBattleController..
[2026-01-14 20시57분39초	1768391859528]	0ms

[2026-01-14 20시57분39초	1768391859529]	WorldClearController..
[2026-01-14 20시57분39초	1768391859529]	0ms

[2026-01-14 20시57분39초	1768391859530]	SpotController..
[2026-01-14 20시57분39초	1768391859530]	0ms

[2026-01-14 20시57분39초	1768391859531]	테베라스 컨트롤러..
[2026-01-14 20시57분39초	1768391859531]	0ms

[2026-01-14 20시57분39초	1768391859532]	지옥 컨트롤러..
[2026-01-14 20시57분39초	1768391859532]	0ms

[2026-01-14 20시57분39초	1768391859533]	지하수로 컨트롤러..
[2026-01-14 20시57분39초	1768391859533]	0ms

[2026-01-14 20시57분39초	1768391859533]	보물찾기컨트롤러..
[2026-01-14 20시57분39초	1768391859534]	1ms

[2026-01-14 20시57분39초	1768391859534]	마족신전 컨트롤러..
[2026-01-14 20시57분39초	1768391859534]	0ms

[2026-01-14 20시57분39초	1768391859535]	고무 컨트롤러..
[2026-01-14 20시57분39초	1768391859535]	정무던전 컨트롤러..
[2026-01-14 20시57분39초	1768391859539]	4ms

[2026-01-14 20시57분39초	1768391859540]	그신 컨트롤러..
[2026-01-14 20시57분39초	1768391859540]	0ms

[2026-01-14 20시57분39초	1768391859541]	라바던전 컨트롤러..
[2026-01-14 20시57분39초	1768391859541]	0ms

[2026-01-14 20시57분39초	1768391859541]	월드보스컨트롤러..
[2026-01-14 20시57분39초	1768391859541]	0ms

[2026-01-14 20시57분39초	1768391859542]	펭귄 사냥터 컨트롤러..
[2026-01-14 20시57분39초	1768391859542]	0ms

[2026-01-14 20시57분39초	1768391859543]	칠흑던전 컨트롤러..
[2026-01-14 20시57분39초	1768391859543]	악마왕의영토컨트롤러..
[2026-01-14 20시57분39초	1768391859543]	0ms

[2026-01-14 20시57분39초	1768391859544]	얼던컨트롤러..
[2026-01-14 20시57분39초	1768391859544]	0ms

[2026-01-14 20시57분39초	1768391859544]	기감 컨트롤러..
[2026-01-14 20시57분39초	1768391859545]	1ms

[2026-01-14 20시57분39초	1768391859545]	고라스컨트롤러..
[2026-01-14 20시57분39초	1768391859545]	0ms

[2026-01-14 20시57분39초	1768391859546]	드워프컨트롤러..
[2026-01-14 20시57분39초	1768391859546]	0ms

[2026-01-14 20시57분39초	1768391859546]	타임이벤트컨트롤러..
[2026-01-14 20시57분39초	1768391859547]	0ms

[2026-01-14 20시57분39초	1768391859547]	AutoHuntController..
[2026-01-14 20시57분39초	1768391859547]	0ms

[2026-01-14 20시57분39초	1768391859568]	DatabaseConnection..
[2026-01-14 20시57분39초	1768391859864]	296ms

[2026-01-14 20시57분39초	1768391859883]	ServerDatabase..
[2026-01-14 20시57분39초	1768391859917]	34ms

[2026-01-14 20시57분39초	1768391859920]	SlimeRaceController..
[2026-01-14 20시57분39초	1768391859923]	3ms

[2026-01-14 20시57분39초	1768391859925]	DogRaceController..
[2026-01-14 20시57분39초	1768391859926]	1ms

[2026-01-14 20시57분39초	1768391859929]	ClanController..
[2026-01-14 20시57분39초	1768391859937]	8ms

[2026-01-14 20시57분39초	1768391859939]	KingdomController..
[2026-01-14 20시57분39초	1768391859949]	9ms

[2026-01-14 20시57분39초	1768391859950]	AgitController..
[2026-01-14 20시57분39초	1768391859956]	6ms

[2026-01-14 20시57분39초	1768391859958]	AuctionController..
[2026-01-14 20시57분39초	1768391859967]	9ms

[2026-01-14 20시57분39초	1768391859973]	ItemDatabase..
[2026-01-14 20시57분40초	1768391860140]	167ms

[2026-01-14 20시57분40초	1768391860141]	ItemSetopionDatabase..
[2026-01-14 20시57분40초	1768391860145]	4ms

[2026-01-14 20시57분40초	1768391860147]	AutosellDatabase..
[2026-01-14 20시57분40초	1768391860170]	23ms

[2026-01-14 20시57분40초	1768391860170]	ItemSkillDatabase..
[2026-01-14 20시57분40초	1768391860174]	4ms

[2026-01-14 20시57분40초	1768391860175]	ItemBundleDatabase..
[2026-01-14 20시57분40초	1768391860181]	6ms

[2026-01-14 20시57분40초	1768391860182]	ItemChanceBundleDatabase..
[2026-01-14 20시57분40초	1768391860188]	6ms

[2026-01-14 20시57분40초	1768391860189]	FishItemListDatabase..
[2026-01-14 20시57분40초	1768391860192]	3ms

[2026-01-14 20시57분40초	1768391860193]	ItemTeleport..
[2026-01-14 20시57분40초	1768391860201]	8ms

[2026-01-14 20시57분40초	1768391860203]	PolyDatabase..
[2026-01-14 20시57분40초	1768391860208]	5ms

[2026-01-14 20시57분40초	1768391860209]	DungeonDatabase..
[2026-01-14 20시57분40초	1768391860221]	12ms

[2026-01-14 20시57분40초	1768391860222]	DefiniteDatabase..
[2026-01-14 20시57분40초	1768391860228]	6ms

[2026-01-14 20시57분40초	1768391860229]	ExpDatabase..
[2026-01-14 20시57분40초	1768391860234]	5ms

[2026-01-14 20시57분40초	1768391860234]	BackgroundDatabase..
[2026-01-14 20시57분40초	1768391860347]	113ms

[2026-01-14 20시57분40초	1768391860347]	SpriteFrameDatabase..
[2026-01-14 20시57분40초	1768391860402]	55ms

[2026-01-14 20시57분40초	1768391860403]	SkillDatabase..
[2026-01-14 20시57분40초	1768391860407]	4ms

[2026-01-14 20시57분40초	1768391860408]	NpcDatabase..
[2026-01-14 20시57분40초	1768391860416]	8ms

[2026-01-14 20시57분40초	1768391860417]	NpcShopDatabase..
[2026-01-14 20시57분40초	1768391860474]	57ms

[2026-01-14 20시57분40초	1768391860475]	NpcTeleportDatabase..
[2026-01-14 20시57분40초	1768391860478]	3ms

[2026-01-14 20시57분40초	1768391860615]	NpcSpawnlistDatabase..
[2026-01-14 20시57분40초	1768391860662]	47ms

[2026-01-14 20시57분40초	1768391860664]	EventController..
[2026-01-14 20시57분40초	1768391860664]	0ms

[2026-01-14 20시57분40초	1768391860665]	MonsterDatabase..
[2026-01-14 20시57분40초	1768391860683]	18ms

[2026-01-14 20시57분40초	1768391860684]	MonsterDropDatabase..
[2026-01-14 20시57분40초	1768391860710]	26ms

[2026-01-14 20시57분40초	1768391860711]	MonsterSkillDatabase..
[2026-01-14 20시57분40초	1768391860725]	14ms

[2026-01-14 20시57분40초	1768391860727]	MonsterSpawnlistDatabase..
[2026-01-14 20시57분41초	1768391861522]	795ms

[2026-01-14 20시57분41초	1768391861523]	MonsterBossSpawnlistDatabase..
[2026-01-14 20시57분41초	1768391861527]	4ms

[2026-01-14 20시57분41초	1768391861527]	ServerDownBossListDatabase..
[2026-01-14 20시57분41초	1768391861529]	2ms

[2026-01-14 20시57분41초	1768391861529]	BadIpDatabase..
[2026-01-14 20시57분41초	1768391861533]	4ms

[2026-01-14 20시57분41초	1768391861533]	QuestController..
[2026-01-14 20시57분41초	1768391861535]	2ms

[2026-01-14 20시57분41초	1768391861535]	ServerOpcodesDatabase..
[2026-01-14 20시57분41초	1768391861540]	5ms

[2026-01-14 20시57분41초	1768391861541]	ServerNoticeDatabase..
[2026-01-14 20시57분41초	1768391861544]	3ms

[2026-01-14 20시57분41초	1768391861546]	RankController..
[2026-01-14 20시57분41초	1768391861572]	26ms

[2026-01-14 20시57분41초	1768391861573]	WantedController..
[2026-01-14 20시57분41초	1768391861578]	5ms

[2026-01-14 20시57분41초	1768391861579]	TeleportHomeDatabase..
[2026-01-14 20시57분41초	1768391861611]	32ms

[2026-01-14 20시57분41초	1768391861612]	TeleportResetDatabase..
[2026-01-14 20시57분41초	1768391861641]	29ms

[2026-01-14 20시57분41초	1768391861642]	ItemPinewandDatabase..
[2026-01-14 20시57분41초	1768391861644]	2ms

[2026-01-14 20시57분41초	1768391861645]	ItemMaplewandDatabase..
[2026-01-14 20시57분41초	1768391861648]	3ms

[2026-01-14 20시57분41초	1768391861649]	SummonListDatabase..
[2026-01-14 20시57분41초	1768391861651]	2ms

[2026-01-14 20시57분41초	1768391861651]	GmListDatabase..
[2026-01-14 20시57분41초	1768391861653]	2ms

[2026-01-14 20시57분41초	1768391861654]	MagicdollListDatabase..
[2026-01-14 20시57분41초	1768391861658]	4ms

[2026-01-14 20시57분41초	1768391861661]	PcMarketController..
[2026-01-14 20시57분41초	1768391861663]	2ms

[2026-01-14 20시57분41초	1768391861664]	ServerOptionDatabase..
[2026-01-14 20시57분41초	1768391861665]	1ms

[2026-01-14 20시57분41초	1768391861666]	TimeDungeonDatabase..
[2026-01-14 20시57분41초	1768391861667]	1ms

[2026-01-14 20시57분41초	1768391861667]	TeamBattleDatabase..
[2026-01-14 20시57분41초	1768391861669]	2ms

[2026-01-14 20시57분41초	1768391861669]	LifeLostItemDatabase..
[2026-01-14 20시57분41초	1768391861671]	2ms

[2026-01-14 20시57분41초	1768391861672]	GmTeleportDatabase..
[2026-01-14 20시57분41초	1768391861674]	2ms

[2026-01-14 20시57분41초	1768391861676]	무인혈맹컨트롤러..
[2026-01-14 20시57분41초	1768391861678]	2ms

[2026-01-14 20시57분41초	1768391861679]	HackNoCheckDatabase..
[2026-01-14 20시57분41초	1768391861679]	0ms

[2026-01-14 20시57분41초	1768391861681]	EnchantLostItemDatabase..
[2026-01-14 20시57분41초	1768391861709]	28ms

[2026-01-14 20시57분41초	1768391861710]	ItemDropMessageDatabase..
[2026-01-14 20시57분41초	1768391861711]	1ms

[2026-01-14 20시57분41초	1768391861713]	FishingController..
[2026-01-14 20시57분41초	1768391861994]	281ms

[2026-01-14 20시57분42초	1768391862005]	RobotController..
[2026-01-14 20시57분42초	1768391862034]	29ms

[2026-01-14 20시57분42초	1768391862037]	Server..
[2026-01-14 20시57분42초	1768391862113]	76ms

[2026-01-14 20시57분42초	1768391862114]	ServerThread..
[2026-01-14 20시57분42초	1768391862114]	0ms

[2026-01-14 20시57분42초	1768391862115]	ControllerTherad..
[2026-01-14 20시57분42초	1768391862115]	0ms

[2026-01-14 20시57분42초	1768391862116]	CharacterThread..
[2026-01-14 20시57분42초	1768391862117]	0ms

[2026-01-14 20시57분42초	1768391862118]	DatabaseThread..
[2026-01-14 20시57분42초	1768391862119]	1ms

[2026-01-14 20시57분42초	1768391862119]	CharacterControlThread..
[2026-01-14 20시57분42초	1768391862119]	0ms

[2026-01-14 20시57분42초	1768391862122]	FightController..
[2026-01-14 20시57분42초	1768391862167]	45ms

[2026-01-14 20시57분42초	1768391862168]	TimeThread..
[2026-01-14 20시57분42초	1768391862169]	1ms

[2026-01-14 20시57분42초	1768391862169]	AutoHuntThread..
[2026-01-14 20시57분42초	1768391862169]	0ms

[2026-01-14 20시57분42초	1768391862169]	======================================================================
[2026-01-14 20시57분42초	1768391862170]	Server Version  :  Lineage 2.0

[2026-01-14 20시57분42초	1768391862171]	Server Port      :  2000

[2026-01-14 20시57분42초	1768391862171]	계정 자동생성  :  on

[2026-01-14 20시57분42초	1768391862171]	인챈트 : 1.0배  ||  드랍 : 3.0배  ||  경험치 : 30.0배  ||  아데나 : 12.0배  ||  파티 : 1.1배

[2026-01-14 20시57분42초	1768391862171]	======================================================================
[2026-01-14 20시57분42초	1768391862171]	'서버' 가동되었습니다.

[2026-01-14 21시00분43초	1768392043008]	자동 저장완료 2026-01-14 21시00분43초
[2026-01-14 21시03분43초	1768392223062]	자동 저장완료 2026-01-14 21시03분43초
[2026-01-14 21시04분13초	1768392253538]	서버가 즉시 종료됩니다...
[2026-01-14 21시04분14초	1768392254539]	Thread close..
[2026-01-14 21시04분15초	1768392255539]	Save Database..
[2026-01-14 21시04분16초	1768392256490]	Socket close..
[2026-01-14 21시04분16초	1768392256490]	LineageServer Close...
[2026-01-14 21시04분16초	1768392256490]	0ms

[2026-01-14 21시04분16초	1768392256490]	ok..
