[2026-02-24 15시02분47초	1771912967283]	Mysql..
[2026-02-24 15시02분47초	1771912967283]	1ms

[2026-02-24 15시02분47초	1771912967303]	lineage.conf file loading...
[2026-02-24 15시02분47초	1771912967333]	30ms

[2026-02-24 15시02분47초	1771912967337]	Lineage_Balance..
[2026-02-24 15시02분47초	1771912967346]	9ms

[2026-02-24 15시02분47초	1771912967347]	npc_promotion..
[2026-02-24 15시02분47초	1771912967347]	1ms

[2026-02-24 15시02분47초	1771912967348]	Socket..
[2026-02-24 15시02분47초	1771912967348]	0ms

[2026-02-24 15시02분47초	1771912967348]	Common..
[2026-02-24 15시02분47초	1771912967348]	0ms

[2026-02-24 15시02분47초	1771912967349]	EventThread..
[2026-02-24 15시02분47초	1771912967350]	1ms

[2026-02-24 15시02분47초	1771912967350]	AiExecuteThread..
[2026-02-24 15시02분47초	1771912967351]	1ms

[2026-02-24 15시02분47초	1771912967351]	AiThread..
[2026-02-24 15시02분47초	1771912967352]	1ms

[2026-02-24 15시02분47초	1771912967355]	World..
[2026-02-24 15시02분47초	1771912967438]	83ms

[2026-02-24 15시02분47초	1771912967440]	BookController..
[2026-02-24 15시02분47초	1771912967440]	0ms

[2026-02-24 15시02분47초	1771912967441]	InventoryController..
[2026-02-24 15시02분47초	1771912967441]	0ms

[2026-02-24 15시02분47초	1771912967441]	BasePacketPooling..
[2026-02-24 15시02분47초	1771912967441]	0ms

[2026-02-24 15시02분47초	1771912967443]	SkillController..
[2026-02-24 15시02분47초	1771912967444]	1ms

[2026-02-24 15시02분47초	1771912967451]	DamageController..
[2026-02-24 15시02분47초	1771912967451]	0ms

[2026-02-24 15시02분47초	1771912967459]	CharacterController..
[2026-02-24 15시02분47초	1771912967460]	1ms

[2026-02-24 15시02분47초	1771912967460]	TradeController..
[2026-02-24 15시02분47초	1771912967461]	0ms

[2026-02-24 15시02분47초	1771912967461]	DungeonController..
[2026-02-24 15시02분47초	1771912967461]	0ms

[2026-02-24 15시02분47초	1771912967462]	ShipController..
[2026-02-24 15시02분47초	1771912967462]	0ms

[2026-02-24 15시02분47초	1771912967463]	BuffController..
[2026-02-24 15시02분47초	1771912967463]	0ms

[2026-02-24 15시02분47초	1771912967466]	SummonController..
[2026-02-24 15시02분47초	1771912967467]	1ms

[2026-02-24 15시02분47초	1771912967467]	PartyController..
[2026-02-24 15시02분47초	1771912967468]	1ms

[2026-02-24 15시02분47초	1771912967468]	InnController..
[2026-02-24 15시02분47초	1771912967468]	0ms

[2026-02-24 15시02분47초	1771912967469]	BoardController..
[2026-02-24 15시02분47초	1771912967470]	1ms

[2026-02-24 15시02분47초	1771912967471]	LetterController..
[2026-02-24 15시02분47초	1771912967471]	0ms

[2026-02-24 15시02분47초	1771912967472]	UserShopController..
[2026-02-24 15시02분47초	1771912967472]	0ms

[2026-02-24 15시02분47초	1771912967473]	ChattingController..
[2026-02-24 15시02분47초	1771912967475]	2ms

[2026-02-24 15시02분47초	1771912967476]	ColosseumController..
[2026-02-24 15시02분47초	1771912967476]	0ms

[2026-02-24 15시02분47초	1771912967477]	CraftController..
[2026-02-24 15시02분47초	1771912967477]	0ms

[2026-02-24 15시02분47초	1771912967478]	BossController..
[2026-02-24 15시02분47초	1771912967479]	1ms

[2026-02-24 15시02분47초	1771912967480]	NoticeController..
[2026-02-24 15시02분47초	1771912967481]	1ms

[2026-02-24 15시02분47초	1771912967481]	FriendController..
[2026-02-24 15시02분47초	1771912967481]	0ms

[2026-02-24 15시02분47초	1771912967482]	BugScanningController..
[2026-02-24 15시02분47초	1771912967482]	0ms

[2026-02-24 15시02분47초	1771912967483]	MagicDollController..
[2026-02-24 15시02분47초	1771912967483]	0ms

[2026-02-24 15시02분47초	1771912967484]	ShopController..
[2026-02-24 15시02분47초	1771912967484]	0ms

[2026-02-24 15시02분47초	1771912967485]	WarehouseDatabase..
[2026-02-24 15시02분47초	1771912967485]	0ms

[2026-02-24 15시02분47초	1771912967486]	PakTools..
[2026-02-24 15시02분47초	1771912967487]	1ms

[2026-02-24 15시02분47초	1771912967488]	ScriptController...
[2026-02-24 15시02분47초	1771912967493]	5ms

[2026-02-24 15시02분47초	1771912967494]	GiranClanLordController..
[2026-02-24 15시02분47초	1771912967494]	0ms

[2026-02-24 15시02분47초	1771912967496]	TeamBattleController..
[2026-02-24 15시02분47초	1771912967496]	0ms

[2026-02-24 15시02분47초	1771912967496]	WorldClearController..
[2026-02-24 15시02분47초	1771912967496]	0ms

[2026-02-24 15시02분47초	1771912967497]	SpotController..
[2026-02-24 15시02분47초	1771912967497]	0ms

[2026-02-24 15시02분47초	1771912967498]	테베라스 컨트롤러..
[2026-02-24 15시02분47초	1771912967498]	0ms

[2026-02-24 15시02분47초	1771912967498]	지옥 컨트롤러..
[2026-02-24 15시02분47초	1771912967498]	0ms

[2026-02-24 15시02분47초	1771912967499]	지하수로 컨트롤러..
[2026-02-24 15시02분47초	1771912967499]	0ms

[2026-02-24 15시02분47초	1771912967499]	보물찾기컨트롤러..
[2026-02-24 15시02분47초	1771912967500]	0ms

[2026-02-24 15시02분47초	1771912967501]	마족신전 컨트롤러..
[2026-02-24 15시02분47초	1771912967502]	1ms

[2026-02-24 15시02분47초	1771912967503]	고무 컨트롤러..
[2026-02-24 15시02분47초	1771912967505]	정무던전 컨트롤러..
[2026-02-24 15시02분47초	1771912967508]	3ms

[2026-02-24 15시02분47초	1771912967510]	그신 컨트롤러..
[2026-02-24 15시02분47초	1771912967510]	0ms

[2026-02-24 15시02분47초	1771912967512]	라바던전 컨트롤러..
[2026-02-24 15시02분47초	1771912967512]	0ms

[2026-02-24 15시02분47초	1771912967513]	월드보스컨트롤러..
[2026-02-24 15시02분47초	1771912967513]	0ms

[2026-02-24 15시02분47초	1771912967513]	펭귄 사냥터 컨트롤러..
[2026-02-24 15시02분47초	1771912967514]	1ms

[2026-02-24 15시02분47초	1771912967514]	칠흑던전 컨트롤러..
[2026-02-24 15시02분47초	1771912967515]	악마왕의영토컨트롤러..
[2026-02-24 15시02분47초	1771912967515]	0ms

[2026-02-24 15시02분47초	1771912967516]	얼던컨트롤러..
[2026-02-24 15시02분47초	1771912967516]	0ms

[2026-02-24 15시02분47초	1771912967517]	오만1층 컨트롤러..
[2026-02-24 15시02분47초	1771912967517]	0ms

[2026-02-24 15시02분47초	1771912967519]	오만1층 컨트롤러..
[2026-02-24 15시02분47초	1771912967519]	0ms

[2026-02-24 15시02분47초	1771912967520]	오만3층 컨트롤러..
[2026-02-24 15시02분47초	1771912967520]	0ms

[2026-02-24 15시02분47초	1771912967521]	오만4층 컨트롤러..
[2026-02-24 15시02분47초	1771912967521]	0ms

[2026-02-24 15시02분47초	1771912967529]	오만5층 컨트롤러..
[2026-02-24 15시02분47초	1771912967529]	0ms

[2026-02-24 15시02분47초	1771912967530]	오만6층 컨트롤러..
[2026-02-24 15시02분47초	1771912967531]	1ms

[2026-02-24 15시02분47초	1771912967531]	오만7층 컨트롤러..
[2026-02-24 15시02분47초	1771912967532]	1ms

[2026-02-24 15시02분47초	1771912967533]	오만8층 컨트롤러..
[2026-02-24 15시02분47초	1771912967533]	0ms

[2026-02-24 15시02분47초	1771912967534]	오만9층 컨트롤러..
[2026-02-24 15시02분47초	1771912967534]	0ms

[2026-02-24 15시02분47초	1771912967542]	오만10층 컨트롤러..
[2026-02-24 15시02분47초	1771912967543]	1ms

[2026-02-24 15시02분47초	1771912967544]	오만정상 컨트롤러..
[2026-02-24 15시02분47초	1771912967544]	0ms

[2026-02-24 15시02분47초	1771912967545]	기감 컨트롤러..
[2026-02-24 15시02분47초	1771912967546]	1ms

[2026-02-24 15시02분47초	1771912967547]	고라스컨트롤러..
[2026-02-24 15시02분47초	1771912967547]	0ms

[2026-02-24 15시02분47초	1771912967549]	드워프컨트롤러..
[2026-02-24 15시02분47초	1771912967549]	0ms

[2026-02-24 15시02분47초	1771912967550]	타임이벤트컨트롤러..
[2026-02-24 15시02분47초	1771912967550]	0ms

[2026-02-24 15시02분47초	1771912967550]	AutoHuntController..
[2026-02-24 15시02분47초	1771912967550]	0ms

[2026-02-24 15시02분47초	1771912967573]	DatabaseConnection..
[2026-02-24 15시02분47초	1771912967891]	318ms

[2026-02-24 15시02분47초	1771912967906]	ServerDatabase..
[2026-02-24 15시02분47초	1771912967944]	38ms

[2026-02-24 15시02분47초	1771912967948]	SlimeRaceController..
[2026-02-24 15시02분47초	1771912967952]	4ms

[2026-02-24 15시02분47초	1771912967953]	DogRaceController..
[2026-02-24 15시02분47초	1771912967955]	2ms

[2026-02-24 15시02분47초	1771912967958]	ClanController..
[2026-02-24 15시02분47초	1771912967966]	8ms

[2026-02-24 15시02분47초	1771912967969]	KingdomController..
[2026-02-24 15시02분47초	1771912967978]	9ms

[2026-02-24 15시02분47초	1771912967979]	AgitController..
[2026-02-24 15시02분47초	1771912967985]	6ms

[2026-02-24 15시02분47초	1771912967987]	AuctionController..
[2026-02-24 15시02분47초	1771912967993]	6ms

[2026-02-24 15시02분47초	1771912967999]	ItemDatabase..
[2026-02-24 15시02분48초	1771912968135]	136ms

[2026-02-24 15시02분48초	1771912968143]	ItemSetopionDatabase..
[2026-02-24 15시02분48초	1771912968147]	4ms

[2026-02-24 15시02분48초	1771912968148]	AutosellDatabase..
[2026-02-24 15시02분48초	1771912968168]	20ms

[2026-02-24 15시02분48초	1771912968169]	ItemSkillDatabase..
[2026-02-24 15시02분48초	1771912968172]	3ms

[2026-02-24 15시02분48초	1771912968173]	ItemBundleDatabase..
[2026-02-24 15시02분48초	1771912968179]	6ms

[2026-02-24 15시02분48초	1771912968180]	ItemChanceBundleDatabase..
[2026-02-24 15시02분48초	1771912968185]	5ms

[2026-02-24 15시02분48초	1771912968185]	FishItemListDatabase..
[2026-02-24 15시02분48초	1771912968188]	3ms

[2026-02-24 15시02분48초	1771912968189]	ItemTeleport..
[2026-02-24 15시02분48초	1771912968193]	4ms

[2026-02-24 15시02분48초	1771912968194]	PolyDatabase..
[2026-02-24 15시02분48초	1771912968199]	5ms

[2026-02-24 15시02분48초	1771912968199]	DungeonDatabase..
[2026-02-24 15시02분48초	1771912968205]	6ms

[2026-02-24 15시02분48초	1771912968206]	DefiniteDatabase..
[2026-02-24 15시02분48초	1771912968209]	3ms

[2026-02-24 15시02분48초	1771912968210]	ExpDatabase..
[2026-02-24 15시02분48초	1771912968213]	3ms

[2026-02-24 15시02분48초	1771912968213]	BackgroundDatabase..
[2026-02-24 15시02분48초	1771912968365]	152ms

[2026-02-24 15시02분48초	1771912968365]	SpriteFrameDatabase..
[2026-02-24 15시02분48초	1771912968439]	73ms

[2026-02-24 15시02분48초	1771912968440]	SkillDatabase..
[2026-02-24 15시02분48초	1771912968444]	4ms

[2026-02-24 15시02분48초	1771912968444]	NpcDatabase..
[2026-02-24 15시02분48초	1771912968454]	10ms

[2026-02-24 15시02분48초	1771912968455]	NpcShopDatabase..
[2026-02-24 15시02분48초	1771912968524]	69ms

[2026-02-24 15시02분48초	1771912968524]	NpcTeleportDatabase..
[2026-02-24 15시02분48초	1771912968528]	4ms

[2026-02-24 15시02분48초	1771912968684]	NpcSpawnlistDatabase..
[2026-02-24 15시02분48초	1771912968737]	53ms

[2026-02-24 15시02분48초	1771912968738]	EventController..
[2026-02-24 15시02분48초	1771912968739]	1ms

[2026-02-24 15시02분48초	1771912968740]	MonsterDatabase..
[2026-02-24 15시02분48초	1771912968757]	17ms

[2026-02-24 15시02분48초	1771912968758]	MonsterDropDatabase..
[2026-02-24 15시02분48초	1771912968784]	26ms

[2026-02-24 15시02분48초	1771912968785]	MonsterSkillDatabase..
[2026-02-24 15시02분48초	1771912968799]	14ms

[2026-02-24 15시02분48초	1771912968801]	MonsterSpawnlistDatabase..
[2026-02-24 15시02분50초	1771912970536]	1735ms

[2026-02-24 15시02분50초	1771912970537]	MonsterBossSpawnlistDatabase..
[2026-02-24 15시02분50초	1771912970541]	4ms

[2026-02-24 15시02분50초	1771912970542]	ServerDownBossListDatabase..
[2026-02-24 15시02분50초	1771912970543]	1ms

[2026-02-24 15시02분50초	1771912970544]	BadIpDatabase..
[2026-02-24 15시02분50초	1771912970547]	3ms

[2026-02-24 15시02분50초	1771912970547]	QuestController..
[2026-02-24 15시02분50초	1771912970550]	3ms

[2026-02-24 15시02분50초	1771912970551]	ServerOpcodesDatabase..
[2026-02-24 15시02분50초	1771912970556]	5ms

[2026-02-24 15시02분50초	1771912970556]	ServerNoticeDatabase..
[2026-02-24 15시02분50초	1771912970559]	3ms

[2026-02-24 15시02분50초	1771912970561]	RankController..
[2026-02-24 15시02분50초	1771912970587]	26ms

[2026-02-24 15시02분50초	1771912970589]	WantedController..
[2026-02-24 15시02분50초	1771912970595]	6ms

[2026-02-24 15시02분50초	1771912970596]	TeleportHomeDatabase..
[2026-02-24 15시02분50초	1771912970633]	37ms

[2026-02-24 15시02분50초	1771912970633]	TeleportResetDatabase..
[2026-02-24 15시02분50초	1771912970668]	34ms

[2026-02-24 15시02분50초	1771912970668]	ItemPinewandDatabase..
[2026-02-24 15시02분50초	1771912970671]	3ms

[2026-02-24 15시02분50초	1771912970672]	ItemMaplewandDatabase..
[2026-02-24 15시02분50초	1771912970675]	3ms

[2026-02-24 15시02분50초	1771912970676]	SummonListDatabase..
[2026-02-24 15시02분50초	1771912970678]	2ms

[2026-02-24 15시02분50초	1771912970678]	GmListDatabase..
[2026-02-24 15시02분50초	1771912970680]	2ms

[2026-02-24 15시02분50초	1771912970682]	MagicdollListDatabase..
[2026-02-24 15시02분50초	1771912970685]	3ms

[2026-02-24 15시02분50초	1771912970689]	PcMarketController..
[2026-02-24 15시02분50초	1771912970692]	3ms

[2026-02-24 15시02분50초	1771912970693]	ServerOptionDatabase..
[2026-02-24 15시02분50초	1771912970695]	2ms

[2026-02-24 15시02분50초	1771912970696]	TimeDungeonDatabase..
[2026-02-24 15시02분50초	1771912970697]	1ms

[2026-02-24 15시02분50초	1771912970698]	TeamBattleDatabase..
[2026-02-24 15시02분50초	1771912970699]	1ms

[2026-02-24 15시02분50초	1771912970700]	LifeLostItemDatabase..
[2026-02-24 15시02분50초	1771912970702]	2ms

[2026-02-24 15시02분50초	1771912970703]	GmTeleportDatabase..
[2026-02-24 15시02분50초	1771912970704]	2ms

[2026-02-24 15시02분50초	1771912970706]	무인혈맹컨트롤러..
[2026-02-24 15시02분50초	1771912970709]	3ms

[2026-02-24 15시02분50초	1771912970710]	HackNoCheckDatabase..
[2026-02-24 15시02분50초	1771912970711]	1ms

[2026-02-24 15시02분50초	1771912970712]	EnchantLostItemDatabase..
[2026-02-24 15시02분50초	1771912970740]	28ms

[2026-02-24 15시02분50초	1771912970742]	ItemDropMessageDatabase..
[2026-02-24 15시02분50초	1771912970743]	1ms

[2026-02-24 15시02분50초	1771912970745]	FishingController..
[2026-02-24 15시02분51초	1771912971079]	334ms

[2026-02-24 15시02분51초	1771912971105]	RobotController..
[2026-02-24 15시02분51초	1771912971130]	25ms

[2026-02-24 15시02분51초	1771912971132]	Server..
[2026-02-24 15시02분51초	1771912971227]	95ms

[2026-02-24 15시02분51초	1771912971230]	ServerThread..
[2026-02-24 15시02분51초	1771912971231]	1ms

[2026-02-24 15시02분51초	1771912971241]	ControllerTherad..
[2026-02-24 15시02분51초	1771912971241]	0ms

[2026-02-24 15시02분51초	1771912971243]	CharacterThread..
[2026-02-24 15시02분51초	1771912971245]	2ms

[2026-02-24 15시02분51초	1771912971246]	DatabaseThread..
[2026-02-24 15시02분51초	1771912971246]	0ms

[2026-02-24 15시02분51초	1771912971247]	CharacterControlThread..
[2026-02-24 15시02분51초	1771912971247]	0ms

[2026-02-24 15시02분51초	1771912971252]	FightController..
[2026-02-24 15시02분51초	1771912971291]	39ms

[2026-02-24 15시02분51초	1771912971294]	TimeThread..
[2026-02-24 15시02분51초	1771912971296]	2ms

[2026-02-24 15시02분51초	1771912971297]	AutoHuntThread..
[2026-02-24 15시02분51초	1771912971298]	0ms

[2026-02-24 15시02분51초	1771912971298]	======================================================================
[2026-02-24 15시02분51초	1771912971299]	Server Version  :  Lineage 2.0

[2026-02-24 15시02분51초	1771912971299]	Server Port      :  2000

[2026-02-24 15시02분51초	1771912971299]	계정 자동생성  :  on

[2026-02-24 15시02분51초	1771912971299]	인챈트 : 1.0배  ||  드랍 : 3.0배  ||  경험치 : 30.0배  ||  아데나 : 12.0배  ||  파티 : 1.1배

[2026-02-24 15시02분51초	1771912971299]	======================================================================
[2026-02-24 15시02분51초	1771912971299]	'서버' 가동되었습니다.

[2026-02-24 15시04분24초	1771913064853]	item 테이블 리로드 완료 - 
[2026-02-24 15시04분24초	1771913064921]	68ms

[2026-02-24 15시05분50초	1771913150298]	item 테이블 리로드 완료 - 
[2026-02-24 15시05분50초	1771913150363]	65ms

[2026-02-24 15시05분51초	1771913151935]	자동 저장완료 2026-02-24 15시05분51초
[2026-02-24 15시08분52초	1771913332462]	자동 저장완료 2026-02-24 15시08분52초
[2026-02-24 15시11분52초	1771913512930]	자동 저장완료 2026-02-24 15시11분52초
[2026-02-24 15시14분09초	1771913649232]	서버가 즉시 종료됩니다...
[2026-02-24 15시14분10초	1771913650234]	Thread close..
[2026-02-24 15시14분11초	1771913651234]	Save Database..
[2026-02-24 15시14분12초	1771913652205]	Socket close..
[2026-02-24 15시14분12초	1771913652205]	LineageServer Close...
[2026-02-24 15시14분12초	1771913652205]	0ms

[2026-02-24 15시14분12초	1771913652205]	ok..
