[2026-01-12 18시45분30초	1768211130557]	Mysql..
[2026-01-12 18시45분30초	1768211130558]	2ms

[2026-01-12 18시45분30초	1768211130577]	lineage.conf file loading...
[2026-01-12 18시45분30초	1768211130609]	32ms

[2026-01-12 18시45분30초	1768211130616]	Lineage_Balance..
[2026-01-12 18시45분30초	1768211130623]	7ms

[2026-01-12 18시45분30초	1768211130624]	npc_promotion..
[2026-01-12 18시45분30초	1768211130625]	1ms

[2026-01-12 18시45분30초	1768211130625]	Socket..
[2026-01-12 18시45분30초	1768211130626]	1ms

[2026-01-12 18시45분30초	1768211130626]	Common..
[2026-01-12 18시45분30초	1768211130626]	0ms

[2026-01-12 18시45분30초	1768211130626]	EventThread..
[2026-01-12 18시45분30초	1768211130627]	1ms

[2026-01-12 18시45분30초	1768211130627]	AiExecuteThread..
[2026-01-12 18시45분30초	1768211130628]	1ms

[2026-01-12 18시45분30초	1768211130628]	AiThread..
[2026-01-12 18시45분30초	1768211130629]	1ms

[2026-01-12 18시45분30초	1768211130633]	World..
[2026-01-12 18시45분30초	1768211130723]	90ms

[2026-01-12 18시45분30초	1768211130725]	BookController..
[2026-01-12 18시45분30초	1768211130725]	0ms

[2026-01-12 18시45분30초	1768211130726]	InventoryController..
[2026-01-12 18시45분30초	1768211130726]	0ms

[2026-01-12 18시45분30초	1768211130734]	BasePacketPooling..
[2026-01-12 18시45분30초	1768211130734]	0ms

[2026-01-12 18시45분30초	1768211130737]	SkillController..
[2026-01-12 18시45분30초	1768211130740]	0ms

[2026-01-12 18시45분30초	1768211130746]	DamageController..
[2026-01-12 18시45분30초	1768211130746]	0ms

[2026-01-12 18시45분30초	1768211130748]	CharacterController..
[2026-01-12 18시45분30초	1768211130748]	0ms

[2026-01-12 18시45분30초	1768211130749]	TradeController..
[2026-01-12 18시45분30초	1768211130750]	1ms

[2026-01-12 18시45분30초	1768211130750]	DungeonController..
[2026-01-12 18시45분30초	1768211130750]	0ms

[2026-01-12 18시45분30초	1768211130751]	ShipController..
[2026-01-12 18시45분30초	1768211130751]	0ms

[2026-01-12 18시45분30초	1768211130752]	BuffController..
[2026-01-12 18시45분30초	1768211130752]	0ms

[2026-01-12 18시45분30초	1768211130755]	SummonController..
[2026-01-12 18시45분30초	1768211130756]	1ms

[2026-01-12 18시45분30초	1768211130765]	PartyController..
[2026-01-12 18시45분30초	1768211130765]	0ms

[2026-01-12 18시45분30초	1768211130766]	InnController..
[2026-01-12 18시45분30초	1768211130766]	0ms

[2026-01-12 18시45분30초	1768211130767]	BoardController..
[2026-01-12 18시45분30초	1768211130767]	0ms

[2026-01-12 18시45분30초	1768211130769]	LetterController..
[2026-01-12 18시45분30초	1768211130769]	0ms

[2026-01-12 18시45분30초	1768211130770]	UserShopController..
[2026-01-12 18시45분30초	1768211130770]	0ms

[2026-01-12 18시45분30초	1768211130771]	ChattingController..
[2026-01-12 18시45분30초	1768211130772]	1ms

[2026-01-12 18시45분30초	1768211130774]	ColosseumController..
[2026-01-12 18시45분30초	1768211130774]	0ms

[2026-01-12 18시45분30초	1768211130775]	CraftController..
[2026-01-12 18시45분30초	1768211130775]	0ms

[2026-01-12 18시45분30초	1768211130776]	BossController..
[2026-01-12 18시45분30초	1768211130776]	0ms

[2026-01-12 18시45분30초	1768211130777]	NoticeController..
[2026-01-12 18시45분30초	1768211130777]	0ms

[2026-01-12 18시45분30초	1768211130778]	FriendController..
[2026-01-12 18시45분30초	1768211130778]	0ms

[2026-01-12 18시45분30초	1768211130779]	BugScanningController..
[2026-01-12 18시45분30초	1768211130779]	0ms

[2026-01-12 18시45분30초	1768211130780]	MagicDollController..
[2026-01-12 18시45분30초	1768211130780]	0ms

[2026-01-12 18시45분30초	1768211130781]	ShopController..
[2026-01-12 18시45분30초	1768211130781]	0ms

[2026-01-12 18시45분30초	1768211130782]	WarehouseDatabase..
[2026-01-12 18시45분30초	1768211130782]	0ms

[2026-01-12 18시45분30초	1768211130783]	PakTools..
[2026-01-12 18시45분30초	1768211130785]	2ms

[2026-01-12 18시45분30초	1768211130785]	ScriptController...
[2026-01-12 18시45분30초	1768211130788]	3ms

[2026-01-12 18시45분30초	1768211130789]	GiranClanLordController..
[2026-01-12 18시45분30초	1768211130789]	0ms

[2026-01-12 18시45분30초	1768211130791]	TeamBattleController..
[2026-01-12 18시45분30초	1768211130791]	0ms

[2026-01-12 18시45분30초	1768211130792]	WorldClearController..
[2026-01-12 18시45분30초	1768211130792]	0ms

[2026-01-12 18시45분30초	1768211130793]	SpotController..
[2026-01-12 18시45분30초	1768211130793]	0ms

[2026-01-12 18시45분30초	1768211130794]	테베라스 컨트롤러..
[2026-01-12 18시45분30초	1768211130794]	0ms

[2026-01-12 18시45분30초	1768211130795]	지옥 컨트롤러..
[2026-01-12 18시45분30초	1768211130795]	0ms

[2026-01-12 18시45분30초	1768211130795]	지하수로 컨트롤러..
[2026-01-12 18시45분30초	1768211130795]	0ms

[2026-01-12 18시45분30초	1768211130796]	보물찾기컨트롤러..
[2026-01-12 18시45분30초	1768211130796]	0ms

[2026-01-12 18시45분30초	1768211130797]	마족신전 컨트롤러..
[2026-01-12 18시45분30초	1768211130797]	0ms

[2026-01-12 18시45분30초	1768211130798]	고무 컨트롤러..
[2026-01-12 18시45분30초	1768211130799]	정무던전 컨트롤러..
[2026-01-12 18시45분30초	1768211130803]	4ms

[2026-01-12 18시45분30초	1768211130804]	그신 컨트롤러..
[2026-01-12 18시45분30초	1768211130804]	0ms

[2026-01-12 18시45분30초	1768211130805]	라바던전 컨트롤러..
[2026-01-12 18시45분30초	1768211130805]	0ms

[2026-01-12 18시45분30초	1768211130806]	월드보스컨트롤러..
[2026-01-12 18시45분30초	1768211130806]	0ms

[2026-01-12 18시45분30초	1768211130807]	펭귄 사냥터 컨트롤러..
[2026-01-12 18시45분30초	1768211130807]	0ms

[2026-01-12 18시45분30초	1768211130808]	칠흑던전 컨트롤러..
[2026-01-12 18시45분30초	1768211130809]	악마왕의영토컨트롤러..
[2026-01-12 18시45분30초	1768211130809]	0ms

[2026-01-12 18시45분30초	1768211130809]	얼던컨트롤러..
[2026-01-12 18시45분30초	1768211130809]	0ms

[2026-01-12 18시45분30초	1768211130810]	기감 컨트롤러..
[2026-01-12 18시45분30초	1768211130810]	0ms

[2026-01-12 18시45분30초	1768211130811]	고라스컨트롤러..
[2026-01-12 18시45분30초	1768211130811]	0ms

[2026-01-12 18시45분30초	1768211130812]	드워프컨트롤러..
[2026-01-12 18시45분30초	1768211130812]	0ms

[2026-01-12 18시45분30초	1768211130813]	타임이벤트컨트롤러..
[2026-01-12 18시45분30초	1768211130813]	0ms

[2026-01-12 18시45분30초	1768211130813]	AutoHuntController..
[2026-01-12 18시45분30초	1768211130813]	0ms

[2026-01-12 18시45분30초	1768211130832]	DatabaseConnection..
[2026-01-12 18시45분31초	1768211131115]	283ms

[2026-01-12 18시45분31초	1768211131141]	ServerDatabase..
[2026-01-12 18시45분31초	1768211131169]	28ms

[2026-01-12 18시45분31초	1768211131171]	SlimeRaceController..
[2026-01-12 18시45분31초	1768211131175]	4ms

[2026-01-12 18시45분31초	1768211131176]	DogRaceController..
[2026-01-12 18시45분31초	1768211131177]	1ms

[2026-01-12 18시45분31초	1768211131180]	ClanController..
[2026-01-12 18시45분31초	1768211131185]	5ms

[2026-01-12 18시45분31초	1768211131187]	KingdomController..
[2026-01-12 18시45분31초	1768211131193]	6ms

[2026-01-12 18시45분31초	1768211131194]	AgitController..
[2026-01-12 18시45분31초	1768211131199]	4ms

[2026-01-12 18시45분31초	1768211131200]	AuctionController..
[2026-01-12 18시45분31초	1768211131204]	4ms

[2026-01-12 18시45분31초	1768211131208]	ItemDatabase..
[2026-01-12 18시45분31초	1768211131316]	108ms

[2026-01-12 18시45분31초	1768211131317]	ItemSetopionDatabase..
[2026-01-12 18시45분31초	1768211131321]	4ms

[2026-01-12 18시45분31초	1768211131322]	AutosellDatabase..
[2026-01-12 18시45분31초	1768211131341]	19ms

[2026-01-12 18시45분31초	1768211131342]	ItemSkillDatabase..
[2026-01-12 18시45분31초	1768211131345]	3ms

[2026-01-12 18시45분31초	1768211131345]	ItemBundleDatabase..
[2026-01-12 18시45분31초	1768211131350]	5ms

[2026-01-12 18시45분31초	1768211131351]	ItemChanceBundleDatabase..
[2026-01-12 18시45분31초	1768211131359]	8ms

[2026-01-12 18시45분31초	1768211131360]	FishItemListDatabase..
[2026-01-12 18시45분31초	1768211131361]	1ms

[2026-01-12 18시45분31초	1768211131362]	ItemTeleport..
[2026-01-12 18시45분31초	1768211131365]	3ms

[2026-01-12 18시45분31초	1768211131367]	PolyDatabase..
[2026-01-12 18시45분31초	1768211131371]	4ms

[2026-01-12 18시45분31초	1768211131374]	DungeonDatabase..
[2026-01-12 18시45분31초	1768211131380]	6ms

[2026-01-12 18시45분31초	1768211131380]	DefiniteDatabase..
[2026-01-12 18시45분31초	1768211131384]	4ms

[2026-01-12 18시45분31초	1768211131385]	ExpDatabase..
[2026-01-12 18시45분31초	1768211131389]	4ms

[2026-01-12 18시45분31초	1768211131389]	BackgroundDatabase..
[2026-01-12 18시45분31초	1768211131502]	113ms

[2026-01-12 18시45분31초	1768211131502]	SpriteFrameDatabase..
[2026-01-12 18시45분31초	1768211131569]	67ms

[2026-01-12 18시45분31초	1768211131570]	SkillDatabase..
[2026-01-12 18시45분31초	1768211131573]	3ms

[2026-01-12 18시45분31초	1768211131573]	NpcDatabase..
[2026-01-12 18시45분31초	1768211131581]	8ms

[2026-01-12 18시45분31초	1768211131582]	NpcShopDatabase..
[2026-01-12 18시45분31초	1768211131640]	58ms

[2026-01-12 18시45분31초	1768211131641]	NpcTeleportDatabase..
[2026-01-12 18시45분31초	1768211131643]	2ms

[2026-01-12 18시45분31초	1768211131798]	NpcSpawnlistDatabase..
[2026-01-12 18시45분31초	1768211131845]	47ms

[2026-01-12 18시45분31초	1768211131847]	EventController..
[2026-01-12 18시45분31초	1768211131847]	0ms

[2026-01-12 18시45분31초	1768211131849]	MonsterDatabase..
[2026-01-12 18시45분31초	1768211131863]	14ms

[2026-01-12 18시45분31초	1768211131864]	MonsterDropDatabase..
[2026-01-12 18시45분31초	1768211131890]	26ms

[2026-01-12 18시45분31초	1768211131891]	MonsterSkillDatabase..
[2026-01-12 18시45분31초	1768211131909]	18ms

[2026-01-12 18시45분31초	1768211131911]	MonsterSpawnlistDatabase..
[2026-01-12 18시45분32초	1768211132930]	1018ms

[2026-01-12 18시45분32초	1768211132931]	MonsterBossSpawnlistDatabase..
[2026-01-12 18시45분32초	1768211132934]	3ms

[2026-01-12 18시45분32초	1768211132935]	ServerDownBossListDatabase..
[2026-01-12 18시45분32초	1768211132936]	1ms

[2026-01-12 18시45분32초	1768211132937]	BadIpDatabase..
[2026-01-12 18시45분32초	1768211132938]	1ms

[2026-01-12 18시45분32초	1768211132938]	QuestController..
[2026-01-12 18시45분32초	1768211132940]	2ms

[2026-01-12 18시45분32초	1768211132941]	ServerOpcodesDatabase..
[2026-01-12 18시45분32초	1768211132945]	4ms

[2026-01-12 18시45분32초	1768211132945]	ServerNoticeDatabase..
[2026-01-12 18시45분32초	1768211132948]	3ms

[2026-01-12 18시45분32초	1768211132949]	RankController..
[2026-01-12 18시45분32초	1768211132971]	22ms

[2026-01-12 18시45분32초	1768211132981]	WantedController..
[2026-01-12 18시45분32초	1768211132985]	4ms

[2026-01-12 18시45분32초	1768211132986]	TeleportHomeDatabase..
[2026-01-12 18시45분33초	1768211133012]	26ms

[2026-01-12 18시45분33초	1768211133012]	TeleportResetDatabase..
[2026-01-12 18시45분33초	1768211133043]	31ms

[2026-01-12 18시45분33초	1768211133044]	ItemPinewandDatabase..
[2026-01-12 18시45분33초	1768211133046]	2ms

[2026-01-12 18시45분33초	1768211133046]	ItemMaplewandDatabase..
[2026-01-12 18시45분33초	1768211133048]	2ms

[2026-01-12 18시45분33초	1768211133049]	SummonListDatabase..
[2026-01-12 18시45분33초	1768211133052]	3ms

[2026-01-12 18시45분33초	1768211133052]	GmListDatabase..
[2026-01-12 18시45분33초	1768211133053]	1ms

[2026-01-12 18시45분33초	1768211133054]	MagicdollListDatabase..
[2026-01-12 18시45분33초	1768211133056]	2ms

[2026-01-12 18시45분33초	1768211133060]	PcMarketController..
[2026-01-12 18시45분33초	1768211133061]	1ms

[2026-01-12 18시45분33초	1768211133062]	ServerOptionDatabase..
[2026-01-12 18시45분33초	1768211133062]	0ms

[2026-01-12 18시45분33초	1768211133063]	TimeDungeonDatabase..
[2026-01-12 18시45분33초	1768211133064]	1ms

[2026-01-12 18시45분33초	1768211133064]	TeamBattleDatabase..
[2026-01-12 18시45분33초	1768211133065]	1ms

[2026-01-12 18시45분33초	1768211133066]	LifeLostItemDatabase..
[2026-01-12 18시45분33초	1768211133068]	2ms

[2026-01-12 18시45분33초	1768211133069]	GmTeleportDatabase..
[2026-01-12 18시45분33초	1768211133070]	1ms

[2026-01-12 18시45분33초	1768211133072]	무인혈맹컨트롤러..
[2026-01-12 18시45분33초	1768211133073]	1ms

[2026-01-12 18시45분33초	1768211133074]	HackNoCheckDatabase..
[2026-01-12 18시45분33초	1768211133074]	0ms

[2026-01-12 18시45분33초	1768211133075]	EnchantLostItemDatabase..
[2026-01-12 18시45분33초	1768211133096]	21ms

[2026-01-12 18시45분33초	1768211133097]	ItemDropMessageDatabase..
[2026-01-12 18시45분33초	1768211133098]	1ms

[2026-01-12 18시45분33초	1768211133100]	FishingController..
[2026-01-12 18시45분33초	1768211133363]	263ms

[2026-01-12 18시45분33초	1768211133375]	RobotController..
[2026-01-12 18시45분33초	1768211133485]	110ms

[2026-01-12 18시45분33초	1768211133487]	Server..
[2026-01-12 18시45분33초	1768211133547]	60ms

[2026-01-12 18시45분33초	1768211133548]	ServerThread..
[2026-01-12 18시45분33초	1768211133548]	0ms

[2026-01-12 18시45분33초	1768211133549]	ControllerTherad..
[2026-01-12 18시45분33초	1768211133549]	0ms

[2026-01-12 18시45분33초	1768211133550]	CharacterThread..
[2026-01-12 18시45분33초	1768211133550]	0ms

[2026-01-12 18시45분33초	1768211133551]	DatabaseThread..
[2026-01-12 18시45분33초	1768211133551]	0ms

[2026-01-12 18시45분33초	1768211133551]	CharacterControlThread..
[2026-01-12 18시45분33초	1768211133552]	1ms

[2026-01-12 18시45분33초	1768211133555]	FightController..
[2026-01-12 18시45분33초	1768211133592]	37ms

[2026-01-12 18시45분33초	1768211133593]	TimeThread..
[2026-01-12 18시45분33초	1768211133594]	1ms

[2026-01-12 18시45분33초	1768211133594]	AutoHuntThread..
[2026-01-12 18시45분33초	1768211133594]	0ms

[2026-01-12 18시45분33초	1768211133594]	======================================================================
[2026-01-12 18시45분33초	1768211133595]	Server Version  :  Lineage 2.0

[2026-01-12 18시45분33초	1768211133595]	Server Port      :  2000

[2026-01-12 18시45분33초	1768211133595]	계정 자동생성  :  on

[2026-01-12 18시45분33초	1768211133595]	인챈트 : 1.0배  ||  드랍 : 3.0배  ||  경험치 : 30.0배  ||  아데나 : 12.0배  ||  파티 : 1.1배

[2026-01-12 18시45분33초	1768211133595]	======================================================================
[2026-01-12 18시45분33초	1768211133595]	'서버' 가동되었습니다.

