[2026-01-12 23시43분43초	1768229023756]	Mysql..
[2026-01-12 23시43분43초	1768229023757]	2ms

[2026-01-12 23시43분43초	1768229023774]	lineage.conf file loading...
[2026-01-12 23시43분43초	1768229023802]	28ms

[2026-01-12 23시43분43초	1768229023809]	Lineage_Balance..
[2026-01-12 23시43분43초	1768229023823]	14ms

[2026-01-12 23시43분43초	1768229023824]	npc_promotion..
[2026-01-12 23시43분43초	1768229023824]	0ms

[2026-01-12 23시43분43초	1768229023825]	Socket..
[2026-01-12 23시43분43초	1768229023825]	0ms

[2026-01-12 23시43분43초	1768229023825]	Common..
[2026-01-12 23시43분43초	1768229023825]	0ms

[2026-01-12 23시43분43초	1768229023826]	EventThread..
[2026-01-12 23시43분43초	1768229023826]	0ms

[2026-01-12 23시43분43초	1768229023827]	AiExecuteThread..
[2026-01-12 23시43분43초	1768229023827]	0ms

[2026-01-12 23시43분43초	1768229023828]	AiThread..
[2026-01-12 23시43분43초	1768229023828]	0ms

[2026-01-12 23시43분43초	1768229023831]	World..
[2026-01-12 23시43분43초	1768229023904]	73ms

[2026-01-12 23시43분43초	1768229023909]	BookController..
[2026-01-12 23시43분43초	1768229023909]	0ms

[2026-01-12 23시43분43초	1768229023910]	InventoryController..
[2026-01-12 23시43분43초	1768229023910]	0ms

[2026-01-12 23시43분43초	1768229023910]	BasePacketPooling..
[2026-01-12 23시43분43초	1768229023911]	1ms

[2026-01-12 23시43분43초	1768229023913]	SkillController..
[2026-01-12 23시43분43초	1768229023913]	0ms

[2026-01-12 23시43분43초	1768229023922]	DamageController..
[2026-01-12 23시43분43초	1768229023922]	2ms

[2026-01-12 23시43분43초	1768229023931]	CharacterController..
[2026-01-12 23시43분43초	1768229023931]	0ms

[2026-01-12 23시43분43초	1768229023932]	TradeController..
[2026-01-12 23시43분43초	1768229023932]	0ms

[2026-01-12 23시43분43초	1768229023932]	DungeonController..
[2026-01-12 23시43분43초	1768229023932]	0ms

[2026-01-12 23시43분43초	1768229023933]	ShipController..
[2026-01-12 23시43분43초	1768229023933]	0ms

[2026-01-12 23시43분43초	1768229023934]	BuffController..
[2026-01-12 23시43분43초	1768229023934]	0ms

[2026-01-12 23시43분43초	1768229023938]	SummonController..
[2026-01-12 23시43분43초	1768229023938]	0ms

[2026-01-12 23시43분43초	1768229023939]	PartyController..
[2026-01-12 23시43분43초	1768229023939]	0ms

[2026-01-12 23시43분43초	1768229023940]	InnController..
[2026-01-12 23시43분43초	1768229023940]	0ms

[2026-01-12 23시43분43초	1768229023941]	BoardController..
[2026-01-12 23시43분43초	1768229023941]	0ms

[2026-01-12 23시43분43초	1768229023943]	LetterController..
[2026-01-12 23시43분43초	1768229023943]	0ms

[2026-01-12 23시43분43초	1768229023944]	UserShopController..
[2026-01-12 23시43분43초	1768229023944]	0ms

[2026-01-12 23시43분43초	1768229023945]	ChattingController..
[2026-01-12 23시43분43초	1768229023946]	1ms

[2026-01-12 23시43분43초	1768229023948]	ColosseumController..
[2026-01-12 23시43분43초	1768229023948]	0ms

[2026-01-12 23시43분43초	1768229023949]	CraftController..
[2026-01-12 23시43분43초	1768229023949]	0ms

[2026-01-12 23시43분43초	1768229023950]	BossController..
[2026-01-12 23시43분43초	1768229023950]	0ms

[2026-01-12 23시43분43초	1768229023951]	NoticeController..
[2026-01-12 23시43분43초	1768229023951]	0ms

[2026-01-12 23시43분43초	1768229023952]	FriendController..
[2026-01-12 23시43분43초	1768229023953]	0ms

[2026-01-12 23시43분43초	1768229023953]	BugScanningController..
[2026-01-12 23시43분43초	1768229023953]	0ms

[2026-01-12 23시43분43초	1768229023954]	MagicDollController..
[2026-01-12 23시43분43초	1768229023955]	0ms

[2026-01-12 23시43분43초	1768229023955]	ShopController..
[2026-01-12 23시43분43초	1768229023955]	0ms

[2026-01-12 23시43분43초	1768229023963]	WarehouseDatabase..
[2026-01-12 23시43분43초	1768229023963]	0ms

[2026-01-12 23시43분43초	1768229023964]	PakTools..
[2026-01-12 23시43분43초	1768229023966]	2ms

[2026-01-12 23시43분43초	1768229023966]	ScriptController...
[2026-01-12 23시43분43초	1768229023969]	3ms

[2026-01-12 23시43분43초	1768229023970]	GiranClanLordController..
[2026-01-12 23시43분43초	1768229023970]	0ms

[2026-01-12 23시43분43초	1768229023971]	TeamBattleController..
[2026-01-12 23시43분43초	1768229023971]	0ms

[2026-01-12 23시43분43초	1768229023972]	WorldClearController..
[2026-01-12 23시43분43초	1768229023972]	0ms

[2026-01-12 23시43분43초	1768229023973]	SpotController..
[2026-01-12 23시43분43초	1768229023973]	0ms

[2026-01-12 23시43분43초	1768229023973]	테베라스 컨트롤러..
[2026-01-12 23시43분43초	1768229023974]	1ms

[2026-01-12 23시43분43초	1768229023974]	지옥 컨트롤러..
[2026-01-12 23시43분43초	1768229023974]	0ms

[2026-01-12 23시43분43초	1768229023975]	지하수로 컨트롤러..
[2026-01-12 23시43분43초	1768229023975]	0ms

[2026-01-12 23시43분43초	1768229023976]	보물찾기컨트롤러..
[2026-01-12 23시43분43초	1768229023976]	0ms

[2026-01-12 23시43분43초	1768229023976]	마족신전 컨트롤러..
[2026-01-12 23시43분43초	1768229023977]	1ms

[2026-01-12 23시43분43초	1768229023977]	고무 컨트롤러..
[2026-01-12 23시43분43초	1768229023978]	정무던전 컨트롤러..
[2026-01-12 23시43분43초	1768229023982]	4ms

[2026-01-12 23시43분43초	1768229023982]	그신 컨트롤러..
[2026-01-12 23시43분43초	1768229023983]	1ms

[2026-01-12 23시43분43초	1768229023983]	라바던전 컨트롤러..
[2026-01-12 23시43분43초	1768229023983]	0ms

[2026-01-12 23시43분43초	1768229023984]	월드보스컨트롤러..
[2026-01-12 23시43분43초	1768229023984]	0ms

[2026-01-12 23시43분43초	1768229023985]	펭귄 사냥터 컨트롤러..
[2026-01-12 23시43분43초	1768229023985]	0ms

[2026-01-12 23시43분43초	1768229023986]	칠흑던전 컨트롤러..
[2026-01-12 23시43분43초	1768229023987]	악마왕의영토컨트롤러..
[2026-01-12 23시43분43초	1768229023987]	0ms

[2026-01-12 23시43분43초	1768229023987]	얼던컨트롤러..
[2026-01-12 23시43분43초	1768229023988]	0ms

[2026-01-12 23시43분43초	1768229023988]	기감 컨트롤러..
[2026-01-12 23시43분43초	1768229023988]	0ms

[2026-01-12 23시43분43초	1768229023989]	고라스컨트롤러..
[2026-01-12 23시43분43초	1768229023989]	0ms

[2026-01-12 23시43분43초	1768229023990]	드워프컨트롤러..
[2026-01-12 23시43분43초	1768229023990]	0ms

[2026-01-12 23시43분43초	1768229023990]	타임이벤트컨트롤러..
[2026-01-12 23시43분43초	1768229023990]	0ms

[2026-01-12 23시43분43초	1768229023991]	AutoHuntController..
[2026-01-12 23시43분43초	1768229023991]	0ms

[2026-01-12 23시43분44초	1768229024005]	DatabaseConnection..
[2026-01-12 23시43분44초	1768229024305]	300ms

[2026-01-12 23시43분44초	1768229024324]	ServerDatabase..
[2026-01-12 23시43분44초	1768229024354]	30ms

[2026-01-12 23시43분44초	1768229024357]	SlimeRaceController..
[2026-01-12 23시43분44초	1768229024359]	2ms

[2026-01-12 23시43분44초	1768229024361]	DogRaceController..
[2026-01-12 23시43분44초	1768229024362]	1ms

[2026-01-12 23시43분44초	1768229024365]	ClanController..
[2026-01-12 23시43분44초	1768229024371]	6ms

[2026-01-12 23시43분44초	1768229024374]	KingdomController..
[2026-01-12 23시43분44초	1768229024380]	6ms

[2026-01-12 23시43분44초	1768229024382]	AgitController..
[2026-01-12 23시43분44초	1768229024386]	5ms

[2026-01-12 23시43분44초	1768229024388]	AuctionController..
[2026-01-12 23시43분44초	1768229024392]	4ms

[2026-01-12 23시43분44초	1768229024397]	ItemDatabase..
[2026-01-12 23시43분44초	1768229024492]	95ms

[2026-01-12 23시43분44초	1768229024493]	ItemSetopionDatabase..
[2026-01-12 23시43분44초	1768229024496]	3ms

[2026-01-12 23시43분44초	1768229024498]	AutosellDatabase..
[2026-01-12 23시43분44초	1768229024518]	20ms

[2026-01-12 23시43분44초	1768229024519]	ItemSkillDatabase..
[2026-01-12 23시43분44초	1768229024522]	3ms

[2026-01-12 23시43분44초	1768229024523]	ItemBundleDatabase..
[2026-01-12 23시43분44초	1768229024526]	3ms

[2026-01-12 23시43분44초	1768229024527]	ItemChanceBundleDatabase..
[2026-01-12 23시43분44초	1768229024531]	4ms

[2026-01-12 23시43분44초	1768229024531]	FishItemListDatabase..
[2026-01-12 23시43분44초	1768229024533]	2ms

[2026-01-12 23시43분44초	1768229024534]	ItemTeleport..
[2026-01-12 23시43분44초	1768229024538]	4ms

[2026-01-12 23시43분44초	1768229024539]	PolyDatabase..
[2026-01-12 23시43분44초	1768229024542]	3ms

[2026-01-12 23시43분44초	1768229024543]	DungeonDatabase..
[2026-01-12 23시43분44초	1768229024548]	5ms

[2026-01-12 23시43분44초	1768229024549]	DefiniteDatabase..
[2026-01-12 23시43분44초	1768229024553]	4ms

[2026-01-12 23시43분44초	1768229024554]	ExpDatabase..
[2026-01-12 23시43분44초	1768229024556]	2ms

[2026-01-12 23시43분44초	1768229024557]	BackgroundDatabase..
[2026-01-12 23시43분44초	1768229024675]	119ms

[2026-01-12 23시43분44초	1768229024675]	SpriteFrameDatabase..
[2026-01-12 23시43분44초	1768229024744]	69ms

[2026-01-12 23시43분44초	1768229024745]	SkillDatabase..
[2026-01-12 23시43분44초	1768229024748]	3ms

[2026-01-12 23시43분44초	1768229024749]	NpcDatabase..
[2026-01-12 23시43분44초	1768229024756]	7ms

[2026-01-12 23시43분44초	1768229024757]	NpcShopDatabase..
[2026-01-12 23시43분44초	1768229024820]	63ms

[2026-01-12 23시43분44초	1768229024820]	NpcTeleportDatabase..
[2026-01-12 23시43분44초	1768229024823]	3ms

[2026-01-12 23시43분44초	1768229024960]	NpcSpawnlistDatabase..
[2026-01-12 23시43분45초	1768229025044]	84ms

[2026-01-12 23시43분45초	1768229025045]	EventController..
[2026-01-12 23시43분45초	1768229025045]	0ms

[2026-01-12 23시43분45초	1768229025046]	MonsterDatabase..
[2026-01-12 23시43분45초	1768229025062]	16ms

[2026-01-12 23시43분45초	1768229025063]	MonsterDropDatabase..
[2026-01-12 23시43분45초	1768229025094]	31ms

[2026-01-12 23시43분45초	1768229025095]	MonsterSkillDatabase..
[2026-01-12 23시43분45초	1768229025107]	12ms

[2026-01-12 23시43분45초	1768229025108]	MonsterSpawnlistDatabase..
[2026-01-12 23시43분46초	1768229026161]	1052ms

[2026-01-12 23시43분46초	1768229026162]	MonsterBossSpawnlistDatabase..
[2026-01-12 23시43분46초	1768229026164]	2ms

[2026-01-12 23시43분46초	1768229026165]	ServerDownBossListDatabase..
[2026-01-12 23시43분46초	1768229026165]	0ms

[2026-01-12 23시43분46초	1768229026166]	BadIpDatabase..
[2026-01-12 23시43분46초	1768229026167]	1ms

[2026-01-12 23시43분46초	1768229026167]	QuestController..
[2026-01-12 23시43분46초	1768229026168]	1ms

[2026-01-12 23시43분46초	1768229026169]	ServerOpcodesDatabase..
[2026-01-12 23시43분46초	1768229026173]	4ms

[2026-01-12 23시43분46초	1768229026173]	ServerNoticeDatabase..
[2026-01-12 23시43분46초	1768229026175]	2ms

[2026-01-12 23시43분46초	1768229026176]	RankController..
[2026-01-12 23시43분46초	1768229026198]	22ms

[2026-01-12 23시43분46초	1768229026204]	WantedController..
[2026-01-12 23시43분46초	1768229026208]	4ms

[2026-01-12 23시43분46초	1768229026209]	TeleportHomeDatabase..
[2026-01-12 23시43분46초	1768229026240]	31ms

[2026-01-12 23시43분46초	1768229026241]	TeleportResetDatabase..
[2026-01-12 23시43분46초	1768229026271]	30ms

[2026-01-12 23시43분46초	1768229026271]	ItemPinewandDatabase..
[2026-01-12 23시43분46초	1768229026273]	2ms

[2026-01-12 23시43분46초	1768229026273]	ItemMaplewandDatabase..
[2026-01-12 23시43분46초	1768229026275]	2ms

[2026-01-12 23시43분46초	1768229026276]	SummonListDatabase..
[2026-01-12 23시43분46초	1768229026277]	1ms

[2026-01-12 23시43분46초	1768229026278]	GmListDatabase..
[2026-01-12 23시43분46초	1768229026279]	1ms

[2026-01-12 23시43분46초	1768229026280]	MagicdollListDatabase..
[2026-01-12 23시43분46초	1768229026281]	1ms

[2026-01-12 23시43분46초	1768229026284]	PcMarketController..
[2026-01-12 23시43분46초	1768229026285]	1ms

[2026-01-12 23시43분46초	1768229026286]	ServerOptionDatabase..
[2026-01-12 23시43분46초	1768229026286]	0ms

[2026-01-12 23시43분46초	1768229026287]	TimeDungeonDatabase..
[2026-01-12 23시43분46초	1768229026287]	0ms

[2026-01-12 23시43분46초	1768229026288]	TeamBattleDatabase..
[2026-01-12 23시43분46초	1768229026289]	1ms

[2026-01-12 23시43분46초	1768229026289]	LifeLostItemDatabase..
[2026-01-12 23시43분46초	1768229026291]	2ms

[2026-01-12 23시43분46초	1768229026291]	GmTeleportDatabase..
[2026-01-12 23시43분46초	1768229026292]	1ms

[2026-01-12 23시43분46초	1768229026294]	무인혈맹컨트롤러..
[2026-01-12 23시43분46초	1768229026295]	1ms

[2026-01-12 23시43분46초	1768229026296]	HackNoCheckDatabase..
[2026-01-12 23시43분46초	1768229026297]	1ms

[2026-01-12 23시43분46초	1768229026298]	EnchantLostItemDatabase..
[2026-01-12 23시43분46초	1768229026318]	20ms

[2026-01-12 23시43분46초	1768229026319]	ItemDropMessageDatabase..
[2026-01-12 23시43분46초	1768229026320]	1ms

[2026-01-12 23시43분46초	1768229026321]	FishingController..
[2026-01-12 23시43분46초	1768229026580]	259ms

[2026-01-12 23시43분46초	1768229026592]	RobotController..
[2026-01-12 23시43분46초	1768229026620]	28ms

[2026-01-12 23시43분46초	1768229026625]	Server..
[2026-01-12 23시43분46초	1768229026691]	66ms

[2026-01-12 23시43분46초	1768229026691]	ServerThread..
[2026-01-12 23시43분46초	1768229026692]	1ms

[2026-01-12 23시43분46초	1768229026692]	ControllerTherad..
[2026-01-12 23시43분46초	1768229026692]	0ms

[2026-01-12 23시43분46초	1768229026694]	CharacterThread..
[2026-01-12 23시43분46초	1768229026694]	0ms

[2026-01-12 23시43분46초	1768229026695]	DatabaseThread..
[2026-01-12 23시43분46초	1768229026695]	0ms

[2026-01-12 23시43분46초	1768229026695]	CharacterControlThread..
[2026-01-12 23시43분46초	1768229026696]	1ms

[2026-01-12 23시43분46초	1768229026699]	FightController..
[2026-01-12 23시43분46초	1768229026772]	73ms

[2026-01-12 23시43분46초	1768229026772]	TimeThread..
[2026-01-12 23시43분46초	1768229026773]	1ms

[2026-01-12 23시43분46초	1768229026776]	AutoHuntThread..
[2026-01-12 23시43분46초	1768229026776]	0ms

[2026-01-12 23시43분46초	1768229026776]	======================================================================
[2026-01-12 23시43분46초	1768229026776]	Server Version  :  Lineage 2.0

[2026-01-12 23시43분46초	1768229026776]	Server Port      :  2000

[2026-01-12 23시43분46초	1768229026776]	계정 자동생성  :  on

[2026-01-12 23시43분46초	1768229026776]	인챈트 : 1.0배  ||  드랍 : 3.0배  ||  경험치 : 30.0배  ||  아데나 : 12.0배  ||  파티 : 1.1배

[2026-01-12 23시43분46초	1768229026777]	======================================================================
[2026-01-12 23시43분46초	1768229026777]	'서버' 가동되었습니다.

[2026-01-12 23시46분47초	1768229207329]	자동 저장완료 2026-01-12 23시46분47초
[2026-01-12 23시49분47초	1768229387883]	자동 저장완료 2026-01-12 23시49분47초
[2026-01-12 23시52분48초	1768229568612]	자동 저장완료 2026-01-12 23시52분48초
[2026-01-12 23시55분48초	1768229748405]	서버가 즉시 종료됩니다...
[2026-01-12 23시55분49초	1768229749296]	자동 저장완료 2026-01-12 23시55분49초
[2026-01-12 23시55분49초	1768229749406]	Thread close..
[2026-01-12 23시55분50초	1768229750406]	Save Database..
[2026-01-12 23시55분51초	1768229751329]	Socket close..
[2026-01-12 23시55분51초	1768229751329]	LineageServer Close...
[2026-01-12 23시55분51초	1768229751329]	0ms

[2026-01-12 23시55분51초	1768229751329]	ok..
