[2026-01-13 19시18분36초	1768299516930]	Mysql..
[2026-01-13 19시18분36초	1768299516931]	2ms

[2026-01-13 19시18분36초	1768299516948]	lineage.conf file loading...
[2026-01-13 19시18분36초	1768299516980]	32ms

[2026-01-13 19시18분36초	1768299516986]	Lineage_Balance..
[2026-01-13 19시18분36초	1768299516995]	9ms

[2026-01-13 19시18분36초	1768299516996]	npc_promotion..
[2026-01-13 19시18분36초	1768299516997]	1ms

[2026-01-13 19시18분36초	1768299516998]	Socket..
[2026-01-13 19시18분36초	1768299516998]	0ms

[2026-01-13 19시18분36초	1768299516999]	Common..
[2026-01-13 19시18분36초	1768299516999]	0ms

[2026-01-13 19시18분37초	1768299517000]	EventThread..
[2026-01-13 19시18분37초	1768299517000]	0ms

[2026-01-13 19시18분37초	1768299517001]	AiExecuteThread..
[2026-01-13 19시18분37초	1768299517001]	0ms

[2026-01-13 19시18분37초	1768299517003]	AiThread..
[2026-01-13 19시18분37초	1768299517003]	0ms

[2026-01-13 19시18분37초	1768299517014]	World..
[2026-01-13 19시18분37초	1768299517117]	103ms

[2026-01-13 19시18분37초	1768299517119]	BookController..
[2026-01-13 19시18분37초	1768299517119]	0ms

[2026-01-13 19시18분37초	1768299517120]	InventoryController..
[2026-01-13 19시18분37초	1768299517120]	0ms

[2026-01-13 19시18분37초	1768299517120]	BasePacketPooling..
[2026-01-13 19시18분37초	1768299517120]	0ms

[2026-01-13 19시18분37초	1768299517122]	SkillController..
[2026-01-13 19시18분37초	1768299517122]	0ms

[2026-01-13 19시18분37초	1768299517128]	DamageController..
[2026-01-13 19시18분37초	1768299517128]	0ms

[2026-01-13 19시18분37초	1768299517136]	CharacterController..
[2026-01-13 19시18분37초	1768299517136]	0ms

[2026-01-13 19시18분37초	1768299517137]	TradeController..
[2026-01-13 19시18분37초	1768299517137]	0ms

[2026-01-13 19시18분37초	1768299517138]	DungeonController..
[2026-01-13 19시18분37초	1768299517138]	0ms

[2026-01-13 19시18분37초	1768299517138]	ShipController..
[2026-01-13 19시18분37초	1768299517138]	0ms

[2026-01-13 19시18분37초	1768299517139]	BuffController..
[2026-01-13 19시18분37초	1768299517139]	0ms

[2026-01-13 19시18분37초	1768299517144]	SummonController..
[2026-01-13 19시18분37초	1768299517144]	0ms

[2026-01-13 19시18분37초	1768299517144]	PartyController..
[2026-01-13 19시18분37초	1768299517145]	1ms

[2026-01-13 19시18분37초	1768299517145]	InnController..
[2026-01-13 19시18분37초	1768299517145]	0ms

[2026-01-13 19시18분37초	1768299517147]	BoardController..
[2026-01-13 19시18분37초	1768299517147]	0ms

[2026-01-13 19시18분37초	1768299517148]	LetterController..
[2026-01-13 19시18분37초	1768299517148]	0ms

[2026-01-13 19시18분37초	1768299517149]	UserShopController..
[2026-01-13 19시18분37초	1768299517149]	0ms

[2026-01-13 19시18분37초	1768299517151]	ChattingController..
[2026-01-13 19시18분37초	1768299517152]	1ms

[2026-01-13 19시18분37초	1768299517153]	ColosseumController..
[2026-01-13 19시18분37초	1768299517153]	0ms

[2026-01-13 19시18분37초	1768299517154]	CraftController..
[2026-01-13 19시18분37초	1768299517154]	0ms

[2026-01-13 19시18분37초	1768299517155]	BossController..
[2026-01-13 19시18분37초	1768299517155]	0ms

[2026-01-13 19시18분37초	1768299517157]	NoticeController..
[2026-01-13 19시18분37초	1768299517157]	0ms

[2026-01-13 19시18분37초	1768299517158]	FriendController..
[2026-01-13 19시18분37초	1768299517158]	0ms

[2026-01-13 19시18분37초	1768299517166]	BugScanningController..
[2026-01-13 19시18분37초	1768299517166]	0ms

[2026-01-13 19시18분37초	1768299517168]	MagicDollController..
[2026-01-13 19시18분37초	1768299517168]	0ms

[2026-01-13 19시18분37초	1768299517169]	ShopController..
[2026-01-13 19시18분37초	1768299517169]	0ms

[2026-01-13 19시18분37초	1768299517171]	WarehouseDatabase..
[2026-01-13 19시18분37초	1768299517171]	0ms

[2026-01-13 19시18분37초	1768299517171]	PakTools..
[2026-01-13 19시18분37초	1768299517173]	2ms

[2026-01-13 19시18분37초	1768299517174]	ScriptController...
[2026-01-13 19시18분37초	1768299517177]	3ms

[2026-01-13 19시18분37초	1768299517177]	GiranClanLordController..
[2026-01-13 19시18분37초	1768299517177]	0ms

[2026-01-13 19시18분37초	1768299517179]	TeamBattleController..
[2026-01-13 19시18분37초	1768299517179]	0ms

[2026-01-13 19시18분37초	1768299517180]	WorldClearController..
[2026-01-13 19시18분37초	1768299517180]	0ms

[2026-01-13 19시18분37초	1768299517181]	SpotController..
[2026-01-13 19시18분37초	1768299517184]	3ms

[2026-01-13 19시18분37초	1768299517185]	테베라스 컨트롤러..
[2026-01-13 19시18분37초	1768299517185]	0ms

[2026-01-13 19시18분37초	1768299517186]	지옥 컨트롤러..
[2026-01-13 19시18분37초	1768299517186]	0ms

[2026-01-13 19시18분37초	1768299517187]	지하수로 컨트롤러..
[2026-01-13 19시18분37초	1768299517187]	0ms

[2026-01-13 19시18분37초	1768299517188]	보물찾기컨트롤러..
[2026-01-13 19시18분37초	1768299517188]	0ms

[2026-01-13 19시18분37초	1768299517188]	마족신전 컨트롤러..
[2026-01-13 19시18분37초	1768299517189]	1ms

[2026-01-13 19시18분37초	1768299517189]	고무 컨트롤러..
[2026-01-13 19시18분37초	1768299517191]	정무던전 컨트롤러..
[2026-01-13 19시18분37초	1768299517195]	4ms

[2026-01-13 19시18분37초	1768299517196]	그신 컨트롤러..
[2026-01-13 19시18분37초	1768299517196]	0ms

[2026-01-13 19시18분37초	1768299517196]	라바던전 컨트롤러..
[2026-01-13 19시18분37초	1768299517197]	1ms

[2026-01-13 19시18분37초	1768299517197]	월드보스컨트롤러..
[2026-01-13 19시18분37초	1768299517197]	0ms

[2026-01-13 19시18분37초	1768299517198]	펭귄 사냥터 컨트롤러..
[2026-01-13 19시18분37초	1768299517198]	0ms

[2026-01-13 19시18분37초	1768299517199]	칠흑던전 컨트롤러..
[2026-01-13 19시18분37초	1768299517200]	악마왕의영토컨트롤러..
[2026-01-13 19시18분37초	1768299517200]	0ms

[2026-01-13 19시18분37초	1768299517201]	얼던컨트롤러..
[2026-01-13 19시18분37초	1768299517201]	0ms

[2026-01-13 19시18분37초	1768299517202]	기감 컨트롤러..
[2026-01-13 19시18분37초	1768299517202]	0ms

[2026-01-13 19시18분37초	1768299517203]	고라스컨트롤러..
[2026-01-13 19시18분37초	1768299517203]	0ms

[2026-01-13 19시18분37초	1768299517204]	드워프컨트롤러..
[2026-01-13 19시18분37초	1768299517204]	0ms

[2026-01-13 19시18분37초	1768299517205]	타임이벤트컨트롤러..
[2026-01-13 19시18분37초	1768299517205]	0ms

[2026-01-13 19시18분37초	1768299517206]	AutoHuntController..
[2026-01-13 19시18분37초	1768299517206]	0ms

[2026-01-13 19시18분37초	1768299517222]	DatabaseConnection..
[2026-01-13 19시18분37초	1768299517527]	305ms

[2026-01-13 19시18분37초	1768299517543]	ServerDatabase..
[2026-01-13 19시18분37초	1768299517583]	40ms

[2026-01-13 19시18분37초	1768299517587]	SlimeRaceController..
[2026-01-13 19시18분37초	1768299517589]	2ms

[2026-01-13 19시18분37초	1768299517591]	DogRaceController..
[2026-01-13 19시18분37초	1768299517593]	2ms

[2026-01-13 19시18분37초	1768299517596]	ClanController..
[2026-01-13 19시18분37초	1768299517604]	7ms

[2026-01-13 19시18분37초	1768299517606]	KingdomController..
[2026-01-13 19시18분37초	1768299517617]	11ms

[2026-01-13 19시18분37초	1768299517618]	AgitController..
[2026-01-13 19시18분37초	1768299517625]	7ms

[2026-01-13 19시18분37초	1768299517626]	AuctionController..
[2026-01-13 19시18분37초	1768299517632]	6ms

[2026-01-13 19시18분37초	1768299517637]	ItemDatabase..
[2026-01-13 19시18분37초	1768299517788]	151ms

[2026-01-13 19시18분37초	1768299517791]	ItemSetopionDatabase..
[2026-01-13 19시18분37초	1768299517795]	4ms

[2026-01-13 19시18분37초	1768299517796]	AutosellDatabase..
[2026-01-13 19시18분37초	1768299517816]	20ms

[2026-01-13 19시18분37초	1768299517817]	ItemSkillDatabase..
[2026-01-13 19시18분37초	1768299517820]	3ms

[2026-01-13 19시18분37초	1768299517821]	ItemBundleDatabase..
[2026-01-13 19시18분37초	1768299517825]	4ms

[2026-01-13 19시18분37초	1768299517826]	ItemChanceBundleDatabase..
[2026-01-13 19시18분37초	1768299517829]	3ms

[2026-01-13 19시18분37초	1768299517830]	FishItemListDatabase..
[2026-01-13 19시18분37초	1768299517832]	2ms

[2026-01-13 19시18분37초	1768299517833]	ItemTeleport..
[2026-01-13 19시18분37초	1768299517836]	3ms

[2026-01-13 19시18분37초	1768299517837]	PolyDatabase..
[2026-01-13 19시18분37초	1768299517840]	3ms

[2026-01-13 19시18분37초	1768299517841]	DungeonDatabase..
[2026-01-13 19시18분37초	1768299517845]	4ms

[2026-01-13 19시18분37초	1768299517846]	DefiniteDatabase..
[2026-01-13 19시18분37초	1768299517849]	3ms

[2026-01-13 19시18분37초	1768299517850]	ExpDatabase..
[2026-01-13 19시18분37초	1768299517852]	2ms

[2026-01-13 19시18분37초	1768299517852]	BackgroundDatabase..
[2026-01-13 19시18분37초	1768299517952]	100ms

[2026-01-13 19시18분37초	1768299517952]	SpriteFrameDatabase..
[2026-01-13 19시18분38초	1768299518006]	54ms

[2026-01-13 19시18분38초	1768299518007]	SkillDatabase..
[2026-01-13 19시18분38초	1768299518010]	3ms

[2026-01-13 19시18분38초	1768299518011]	NpcDatabase..
[2026-01-13 19시18분38초	1768299518018]	7ms

[2026-01-13 19시18분38초	1768299518020]	NpcShopDatabase..
[2026-01-13 19시18분38초	1768299518083]	63ms

[2026-01-13 19시18분38초	1768299518084]	NpcTeleportDatabase..
[2026-01-13 19시18분38초	1768299518086]	2ms

[2026-01-13 19시18분38초	1768299518251]	NpcSpawnlistDatabase..
[2026-01-13 19시18분38초	1768299518296]	45ms

[2026-01-13 19시18분38초	1768299518298]	EventController..
[2026-01-13 19시18분38초	1768299518298]	0ms

[2026-01-13 19시18분38초	1768299518299]	MonsterDatabase..
[2026-01-13 19시18분38초	1768299518316]	17ms

[2026-01-13 19시18분38초	1768299518317]	MonsterDropDatabase..
[2026-01-13 19시18분38초	1768299518343]	26ms

[2026-01-13 19시18분38초	1768299518344]	MonsterSkillDatabase..
[2026-01-13 19시18분38초	1768299518356]	12ms

[2026-01-13 19시18분38초	1768299518358]	MonsterSpawnlistDatabase..
[2026-01-13 19시18분39초	1768299519308]	950ms

[2026-01-13 19시18분39초	1768299519309]	MonsterBossSpawnlistDatabase..
[2026-01-13 19시18분39초	1768299519313]	4ms

[2026-01-13 19시18분39초	1768299519314]	ServerDownBossListDatabase..
[2026-01-13 19시18분39초	1768299519316]	2ms

[2026-01-13 19시18분39초	1768299519317]	BadIpDatabase..
[2026-01-13 19시18분39초	1768299519320]	3ms

[2026-01-13 19시18분39초	1768299519320]	QuestController..
[2026-01-13 19시18분39초	1768299519323]	3ms

[2026-01-13 19시18분39초	1768299519323]	ServerOpcodesDatabase..
[2026-01-13 19시18분39초	1768299519328]	4ms

[2026-01-13 19시18분39초	1768299519328]	ServerNoticeDatabase..
[2026-01-13 19시18분39초	1768299519331]	3ms

[2026-01-13 19시18분39초	1768299519332]	RankController..
[2026-01-13 19시18분39초	1768299519356]	24ms

[2026-01-13 19시18분39초	1768299519357]	WantedController..
[2026-01-13 19시18분39초	1768299519362]	5ms

[2026-01-13 19시18분39초	1768299519363]	TeleportHomeDatabase..
[2026-01-13 19시18분39초	1768299519395]	32ms

[2026-01-13 19시18분39초	1768299519396]	TeleportResetDatabase..
[2026-01-13 19시18분39초	1768299519426]	30ms

[2026-01-13 19시18분39초	1768299519426]	ItemPinewandDatabase..
[2026-01-13 19시18분39초	1768299519428]	2ms

[2026-01-13 19시18분39초	1768299519429]	ItemMaplewandDatabase..
[2026-01-13 19시18분39초	1768299519431]	2ms

[2026-01-13 19시18분39초	1768299519432]	SummonListDatabase..
[2026-01-13 19시18분39초	1768299519434]	2ms

[2026-01-13 19시18분39초	1768299519435]	GmListDatabase..
[2026-01-13 19시18분39초	1768299519436]	1ms

[2026-01-13 19시18분39초	1768299519437]	MagicdollListDatabase..
[2026-01-13 19시18분39초	1768299519439]	2ms

[2026-01-13 19시18분39초	1768299519444]	PcMarketController..
[2026-01-13 19시18분39초	1768299519445]	1ms

[2026-01-13 19시18분39초	1768299519446]	ServerOptionDatabase..
[2026-01-13 19시18분39초	1768299519447]	1ms

[2026-01-13 19시18분39초	1768299519448]	TimeDungeonDatabase..
[2026-01-13 19시18분39초	1768299519449]	1ms

[2026-01-13 19시18분39초	1768299519450]	TeamBattleDatabase..
[2026-01-13 19시18분39초	1768299519451]	1ms

[2026-01-13 19시18분39초	1768299519452]	LifeLostItemDatabase..
[2026-01-13 19시18분39초	1768299519454]	2ms

[2026-01-13 19시18분39초	1768299519455]	GmTeleportDatabase..
[2026-01-13 19시18분39초	1768299519457]	2ms

[2026-01-13 19시18분39초	1768299519460]	무인혈맹컨트롤러..
[2026-01-13 19시18분39초	1768299519461]	1ms

[2026-01-13 19시18분39초	1768299519462]	HackNoCheckDatabase..
[2026-01-13 19시18분39초	1768299519463]	1ms

[2026-01-13 19시18분39초	1768299519465]	EnchantLostItemDatabase..
[2026-01-13 19시18분39초	1768299519490]	25ms

[2026-01-13 19시18분39초	1768299519492]	ItemDropMessageDatabase..
[2026-01-13 19시18분39초	1768299519493]	1ms

[2026-01-13 19시18분39초	1768299519494]	FishingController..
[2026-01-13 19시18분39초	1768299519768]	274ms

[2026-01-13 19시18분39초	1768299519785]	RobotController..
[2026-01-13 19시18분39초	1768299519809]	24ms

[2026-01-13 19시18분39초	1768299519811]	Server..
[2026-01-13 19시18분39초	1768299519875]	64ms

[2026-01-13 19시18분39초	1768299519876]	ServerThread..
[2026-01-13 19시18분39초	1768299519877]	1ms

[2026-01-13 19시18분39초	1768299519878]	ControllerTherad..
[2026-01-13 19시18분39초	1768299519878]	0ms

[2026-01-13 19시18분39초	1768299519881]	CharacterThread..
[2026-01-13 19시18분39초	1768299519881]	0ms

[2026-01-13 19시18분39초	1768299519882]	DatabaseThread..
[2026-01-13 19시18분39초	1768299519884]	0ms

[2026-01-13 19시18분39초	1768299519885]	CharacterControlThread..
[2026-01-13 19시18분39초	1768299519886]	1ms

[2026-01-13 19시18분39초	1768299519954]	FightController..
