[2026-03-17 13시20분22초	1773721222518]	Mysql..
[2026-03-17 13시20분22초	1773721222519]	2ms

[2026-03-17 13시20분22초	1773721222541]	lineage.conf file loading...
[2026-03-17 13시20분22초	1773721222581]	40ms

[2026-03-17 13시20분22초	1773721222590]	Lineage_Balance..
[2026-03-17 13시20분22초	1773721222598]	8ms

[2026-03-17 13시20분22초	1773721222599]	npc_promotion..
[2026-03-17 13시20분22초	1773721222600]	1ms

[2026-03-17 13시20분22초	1773721222601]	Socket..
[2026-03-17 13시20분22초	1773721222601]	0ms

[2026-03-17 13시20분22초	1773721222601]	Common..
[2026-03-17 13시20분22초	1773721222601]	0ms

[2026-03-17 13시20분22초	1773721222602]	EventThread..
[2026-03-17 13시20분22초	1773721222603]	1ms

[2026-03-17 13시20분22초	1773721222604]	AiExecuteThread..
[2026-03-17 13시20분22초	1773721222604]	0ms

[2026-03-17 13시20분22초	1773721222605]	AiThread..
[2026-03-17 13시20분22초	1773721222605]	0ms

[2026-03-17 13시20분22초	1773721222609]	World..
[2026-03-17 13시20분22초	1773721222691]	82ms

[2026-03-17 13시20분22초	1773721222701]	BookController..
[2026-03-17 13시20분22초	1773721222701]	0ms

[2026-03-17 13시20분22초	1773721222701]	InventoryController..
[2026-03-17 13시20분22초	1773721222702]	1ms

[2026-03-17 13시20분22초	1773721222702]	BasePacketPooling..
[2026-03-17 13시20분22초	1773721222702]	0ms

[2026-03-17 13시20분22초	1773721222705]	SkillController..
[2026-03-17 13시20분22초	1773721222705]	0ms

[2026-03-17 13시20분22초	1773721222715]	DamageController..
[2026-03-17 13시20분22초	1773721222715]	0ms

[2026-03-17 13시20분22초	1773721222723]	CharacterController..
[2026-03-17 13시20분22초	1773721222723]	0ms

[2026-03-17 13시20분22초	1773721222724]	TradeController..
[2026-03-17 13시20분22초	1773721222724]	0ms

[2026-03-17 13시20분22초	1773721222725]	DungeonController..
[2026-03-17 13시20분22초	1773721222725]	0ms

[2026-03-17 13시20분22초	1773721222725]	ShipController..
[2026-03-17 13시20분22초	1773721222725]	0ms

[2026-03-17 13시20분22초	1773721222726]	BuffController..
[2026-03-17 13시20분22초	1773721222726]	0ms

[2026-03-17 13시20분22초	1773721222730]	SummonController..
[2026-03-17 13시20분22초	1773721222730]	0ms

[2026-03-17 13시20분22초	1773721222731]	PartyController..
[2026-03-17 13시20분22초	1773721222731]	0ms

[2026-03-17 13시20분22초	1773721222732]	InnController..
[2026-03-17 13시20분22초	1773721222732]	0ms

[2026-03-17 13시20분22초	1773721222734]	BoardController..
[2026-03-17 13시20분22초	1773721222734]	0ms

[2026-03-17 13시20분22초	1773721222735]	LetterController..
[2026-03-17 13시20분22초	1773721222735]	0ms

[2026-03-17 13시20분22초	1773721222736]	UserShopController..
[2026-03-17 13시20분22초	1773721222736]	0ms

[2026-03-17 13시20분22초	1773721222738]	ChattingController..
[2026-03-17 13시20분22초	1773721222739]	1ms

[2026-03-17 13시20분22초	1773721222740]	ColosseumController..
[2026-03-17 13시20분22초	1773721222741]	1ms

[2026-03-17 13시20분22초	1773721222741]	CraftController..
[2026-03-17 13시20분22초	1773721222742]	0ms

[2026-03-17 13시20분22초	1773721222743]	BossController..
[2026-03-17 13시20분22초	1773721222743]	0ms

[2026-03-17 13시20분22초	1773721222744]	NoticeController..
[2026-03-17 13시20분22초	1773721222744]	0ms

[2026-03-17 13시20분22초	1773721222745]	FriendController..
[2026-03-17 13시20분22초	1773721222745]	0ms

[2026-03-17 13시20분22초	1773721222746]	BugScanningController..
[2026-03-17 13시20분22초	1773721222746]	0ms

[2026-03-17 13시20분22초	1773721222747]	MagicDollController..
[2026-03-17 13시20분22초	1773721222747]	0ms

[2026-03-17 13시20분22초	1773721222748]	ShopController..
[2026-03-17 13시20분22초	1773721222748]	0ms

[2026-03-17 13시20분22초	1773721222749]	WarehouseDatabase..
[2026-03-17 13시20분22초	1773721222749]	0ms

[2026-03-17 13시20분22초	1773721222750]	PakTools..
[2026-03-17 13시20분22초	1773721222752]	1ms

[2026-03-17 13시20분22초	1773721222752]	ScriptController...
[2026-03-17 13시20분22초	1773721222762]	10ms

[2026-03-17 13시20분22초	1773721222763]	GiranClanLordController..
[2026-03-17 13시20분22초	1773721222763]	0ms

[2026-03-17 13시20분22초	1773721222765]	TeamBattleController..
[2026-03-17 13시20분22초	1773721222765]	0ms

[2026-03-17 13시20분22초	1773721222765]	WorldClearController..
[2026-03-17 13시20분22초	1773721222766]	1ms

[2026-03-17 13시20분22초	1773721222766]	SpotController..
[2026-03-17 13시20분22초	1773721222766]	0ms

[2026-03-17 13시20분22초	1773721222767]	테베라스 컨트롤러..
[2026-03-17 13시20분22초	1773721222767]	0ms

[2026-03-17 13시20분22초	1773721222768]	지옥 컨트롤러..
[2026-03-17 13시20분22초	1773721222768]	0ms

[2026-03-17 13시20분22초	1773721222769]	지하수로 컨트롤러..
[2026-03-17 13시20분22초	1773721222769]	0ms

[2026-03-17 13시20분22초	1773721222770]	보물찾기컨트롤러..
[2026-03-17 13시20분22초	1773721222770]	0ms

[2026-03-17 13시20분22초	1773721222770]	마족신전 컨트롤러..
[2026-03-17 13시20분22초	1773721222771]	1ms

[2026-03-17 13시20분22초	1773721222771]	고무 컨트롤러..
[2026-03-17 13시20분22초	1773721222772]	정무던전 컨트롤러..
[2026-03-17 13시20분22초	1773721222777]	5ms

[2026-03-17 13시20분22초	1773721222778]	그신 컨트롤러..
[2026-03-17 13시20분22초	1773721222778]	0ms

[2026-03-17 13시20분22초	1773721222779]	라바던전 컨트롤러..
[2026-03-17 13시20분22초	1773721222779]	0ms

[2026-03-17 13시20분22초	1773721222780]	월드보스컨트롤러..
[2026-03-17 13시20분22초	1773721222780]	0ms

[2026-03-17 13시20분22초	1773721222780]	펭귄 사냥터 컨트롤러..
[2026-03-17 13시20분22초	1773721222780]	0ms

[2026-03-17 13시20분22초	1773721222781]	칠흑던전 컨트롤러..
[2026-03-17 13시20분22초	1773721222782]	칠흑던전3층 컨트롤러..
[2026-03-17 13시20분22초	1773721222782]	0ms

[2026-03-17 13시20분22초	1773721222783]	칠흑던전4층 컨트롤러..
[2026-03-17 13시20분22초	1773721222783]	0ms

[2026-03-17 13시20분22초	1773721222784]	악마왕의영토컨트롤러..
[2026-03-17 13시20분22초	1773721222784]	0ms

[2026-03-17 13시20분22초	1773721222785]	얼던컨트롤러..
[2026-03-17 13시20분22초	1773721222785]	0ms

[2026-03-17 13시20분22초	1773721222786]	오만1층 컨트롤러..
[2026-03-17 13시20분22초	1773721222786]	0ms

[2026-03-17 13시20분22초	1773721222787]	오만1층 컨트롤러..
[2026-03-17 13시20분22초	1773721222787]	0ms

[2026-03-17 13시20분22초	1773721222788]	오만3층 컨트롤러..
[2026-03-17 13시20분22초	1773721222788]	0ms

[2026-03-17 13시20분22초	1773721222788]	오만4층 컨트롤러..
[2026-03-17 13시20분22초	1773721222789]	1ms

[2026-03-17 13시20분22초	1773721222789]	오만5층 컨트롤러..
[2026-03-17 13시20분22초	1773721222789]	0ms

[2026-03-17 13시20분22초	1773721222790]	오만6층 컨트롤러..
[2026-03-17 13시20분22초	1773721222790]	0ms

[2026-03-17 13시20분22초	1773721222791]	오만7층 컨트롤러..
[2026-03-17 13시20분22초	1773721222791]	0ms

[2026-03-17 13시20분22초	1773721222792]	오만8층 컨트롤러..
[2026-03-17 13시20분22초	1773721222792]	0ms

[2026-03-17 13시20분22초	1773721222793]	오만9층 컨트롤러..
[2026-03-17 13시20분22초	1773721222793]	0ms

[2026-03-17 13시20분22초	1773721222793]	오만10층 컨트롤러..
[2026-03-17 13시20분22초	1773721222794]	1ms

[2026-03-17 13시20분22초	1773721222795]	오만정상 컨트롤러..
[2026-03-17 13시20분22초	1773721222795]	0ms

[2026-03-17 13시20분22초	1773721222795]	기감 컨트롤러..
[2026-03-17 13시20분22초	1773721222796]	1ms

[2026-03-17 13시20분22초	1773721222796]	고라스컨트롤러..
[2026-03-17 13시20분22초	1773721222796]	0ms

[2026-03-17 13시20분22초	1773721222797]	드워프컨트롤러..
[2026-03-17 13시20분22초	1773721222797]	0ms

[2026-03-17 13시20분22초	1773721222798]	타임이벤트컨트롤러..
[2026-03-17 13시20분22초	1773721222798]	0ms

[2026-03-17 13시20분22초	1773721222799]	AutoHuntController..
[2026-03-17 13시20분22초	1773721222799]	0ms

[2026-03-17 13시20분22초	1773721222815]	DatabaseConnection..
[2026-03-17 13시20분23초	1773721223112]	296ms

[2026-03-17 13시20분23초	1773721223126]	ServerDatabase..
[2026-03-17 13시20분23초	1773721223163]	37ms

[2026-03-17 13시20분23초	1773721223166]	SlimeRaceController..
[2026-03-17 13시20분23초	1773721223168]	2ms

[2026-03-17 13시20분23초	1773721223169]	DogRaceController..
[2026-03-17 13시20분23초	1773721223171]	2ms

[2026-03-17 13시20분23초	1773721223173]	ClanController..
[2026-03-17 13시20분23초	1773721223179]	6ms

[2026-03-17 13시20분23초	1773721223181]	KingdomController..
[2026-03-17 13시20분23초	1773721223188]	7ms

[2026-03-17 13시20분23초	1773721223189]	AgitController..
[2026-03-17 13시20분23초	1773721223194]	5ms

[2026-03-17 13시20분23초	1773721223195]	AuctionController..
[2026-03-17 13시20분23초	1773721223200]	5ms

[2026-03-17 13시20분23초	1773721223205]	ItemDatabase..
[2026-03-17 13시20분23초	1773721223225]	class lineage.database.ItemDatabase : init(Connection con)

[2026-03-17 13시20분23초	1773721223225]	java.sql.SQLException: Column 'expire_time' not found.
[2026-03-17 13시20분23초	1773721223225]	20ms

[2026-03-17 13시20분23초	1773721223226]	ItemSetopionDatabase..
[2026-03-17 13시20분23초	1773721223229]	3ms

[2026-03-17 13시20분23초	1773721223230]	AutosellDatabase..
[2026-03-17 13시20분23초	1773721223245]	15ms

[2026-03-17 13시20분23초	1773721223246]	ItemSkillDatabase..
[2026-03-17 13시20분23초	1773721223248]	2ms

[2026-03-17 13시20분23초	1773721223249]	ItemBundleDatabase..
[2026-03-17 13시20분23초	1773721223285]	36ms

[2026-03-17 13시20분23초	1773721223286]	ItemChanceBundleDatabase..
[2026-03-17 13시20분23초	1773721223290]	4ms

[2026-03-17 13시20분23초	1773721223292]	FishItemListDatabase..
[2026-03-17 13시20분23초	1773721223294]	2ms

[2026-03-17 13시20분23초	1773721223295]	ItemTeleport..
[2026-03-17 13시20분23초	1773721223297]	2ms

[2026-03-17 13시20분23초	1773721223299]	PolyDatabase..
[2026-03-17 13시20분23초	1773721223301]	2ms

[2026-03-17 13시20분23초	1773721223302]	DungeonDatabase..
[2026-03-17 13시20분23초	1773721223307]	5ms

[2026-03-17 13시20분23초	1773721223308]	DefiniteDatabase..
[2026-03-17 13시20분23초	1773721223309]	1ms

[2026-03-17 13시20분23초	1773721223310]	ExpDatabase..
[2026-03-17 13시20분23초	1773721223312]	2ms

[2026-03-17 13시20분23초	1773721223312]	BackgroundDatabase..
[2026-03-17 13시20분23초	1773721223457]	145ms

[2026-03-17 13시20분23초	1773721223457]	SpriteFrameDatabase..
[2026-03-17 13시20분23초	1773721223538]	81ms

[2026-03-17 13시20분23초	1773721223539]	SkillDatabase..
[2026-03-17 13시20분23초	1773721223542]	3ms

[2026-03-17 13시20분23초	1773721223543]	NpcDatabase..
[2026-03-17 13시20분23초	1773721223554]	11ms

[2026-03-17 13시20분23초	1773721223555]	NpcShopDatabase..
[2026-03-17 13시20분23초	1773721223585]	30ms

[2026-03-17 13시20분23초	1773721223591]	NpcTeleportDatabase..
[2026-03-17 13시20분23초	1773721223594]	3ms

[2026-03-17 13시20분23초	1773721223787]	NpcSpawnlistDatabase..
[2026-03-17 13시20분23초	1773721223846]	59ms

[2026-03-17 13시20분23초	1773721223847]	EventController..
[2026-03-17 13시20분23초	1773721223848]	1ms

[2026-03-17 13시20분23초	1773721223849]	MonsterDatabase..
[2026-03-17 13시20분23초	1773721223869]	20ms

[2026-03-17 13시20분23초	1773721223870]	MonsterDropDatabase..
[2026-03-17 13시20분23초	1773721223903]	33ms

[2026-03-17 13시20분23초	1773721223904]	MonsterSkillDatabase..
[2026-03-17 13시20분23초	1773721223921]	17ms

[2026-03-17 13시20분23초	1773721223923]	MonsterSpawnlistDatabase..
[2026-03-17 13시20분25초	1773721225375]	1452ms

[2026-03-17 13시20분25초	1773721225377]	MonsterBossSpawnlistDatabase..
[2026-03-17 13시20분25초	1773721225379]	2ms

[2026-03-17 13시20분25초	1773721225380]	ServerDownBossListDatabase..
[2026-03-17 13시20분25초	1773721225381]	1ms

[2026-03-17 13시20분25초	1773721225382]	BadIpDatabase..
[2026-03-17 13시20분25초	1773721225383]	1ms

[2026-03-17 13시20분25초	1773721225383]	QuestController..
[2026-03-17 13시20분25초	1773721225384]	1ms

[2026-03-17 13시20분25초	1773721225385]	ServerOpcodesDatabase..
[2026-03-17 13시20분25초	1773721225388]	3ms

[2026-03-17 13시20분25초	1773721225389]	ServerNoticeDatabase..
[2026-03-17 13시20분25초	1773721225390]	1ms

[2026-03-17 13시20분25초	1773721225391]	RankController..
[2026-03-17 13시20분25초	1773721225420]	29ms

[2026-03-17 13시20분25초	1773721225421]	WantedController..
[2026-03-17 13시20분25초	1773721225426]	5ms

[2026-03-17 13시20분25초	1773721225427]	TeleportHomeDatabase..
[2026-03-17 13시20분25초	1773721225458]	31ms

[2026-03-17 13시20분25초	1773721225458]	TeleportResetDatabase..
[2026-03-17 13시20분25초	1773721225488]	30ms

[2026-03-17 13시20분25초	1773721225489]	ItemPinewandDatabase..
[2026-03-17 13시20분25초	1773721225490]	1ms

[2026-03-17 13시20분25초	1773721225491]	ItemMaplewandDatabase..
[2026-03-17 13시20분25초	1773721225492]	1ms

[2026-03-17 13시20분25초	1773721225493]	SummonListDatabase..
[2026-03-17 13시20분25초	1773721225495]	2ms

[2026-03-17 13시20분25초	1773721225495]	GmListDatabase..
[2026-03-17 13시20분25초	1773721225496]	1ms

[2026-03-17 13시20분25초	1773721225497]	MagicdollListDatabase..
[2026-03-17 13시20분25초	1773721225498]	1ms

[2026-03-17 13시20분25초	1773721225502]	PcMarketController..
[2026-03-17 13시20분25초	1773721225503]	1ms

[2026-03-17 13시20분25초	1773721225504]	ServerOptionDatabase..
[2026-03-17 13시20분25초	1773721225505]	0ms

[2026-03-17 13시20분25초	1773721225506]	TimeDungeonDatabase..
[2026-03-17 13시20분25초	1773721225506]	0ms

[2026-03-17 13시20분25초	1773721225507]	TeamBattleDatabase..
[2026-03-17 13시20분25초	1773721225508]	1ms

[2026-03-17 13시20분25초	1773721225509]	LifeLostItemDatabase..
[2026-03-17 13시20분25초	1773721225510]	1ms

[2026-03-17 13시20분25초	1773721225511]	GmTeleportDatabase..
[2026-03-17 13시20분25초	1773721225512]	1ms

[2026-03-17 13시20분25초	1773721225515]	무인혈맹컨트롤러..
[2026-03-17 13시20분25초	1773721225515]	0ms

[2026-03-17 13시20분25초	1773721225516]	HackNoCheckDatabase..
[2026-03-17 13시20분25초	1773721225517]	1ms

[2026-03-17 13시20분25초	1773721225518]	EnchantLostItemDatabase..
[2026-03-17 13시20분25초	1773721225529]	11ms

[2026-03-17 13시20분25초	1773721225530]	ItemDropMessageDatabase..
[2026-03-17 13시20분25초	1773721225533]	3ms

[2026-03-17 13시20분25초	1773721225535]	FishingController..
[2026-03-17 13시20분25초	1773721225547]	12ms

[2026-03-17 13시20분25초	1773721225561]	RobotController..
[2026-03-17 13시20분25초	1773721225585]	24ms

[2026-03-17 13시20분25초	1773721225588]	Server..
[2026-03-17 13시20분25초	1773721225678]	90ms

[2026-03-17 13시20분25초	1773721225679]	ServerThread..
[2026-03-17 13시20분25초	1773721225679]	0ms

[2026-03-17 13시20분25초	1773721225680]	ControllerTherad..
[2026-03-17 13시20분25초	1773721225680]	0ms

[2026-03-17 13시20분25초	1773721225681]	CharacterThread..
[2026-03-17 13시20분25초	1773721225681]	0ms

[2026-03-17 13시20분25초	1773721225682]	DatabaseThread..
[2026-03-17 13시20분25초	1773721225683]	1ms

[2026-03-17 13시20분25초	1773721225683]	CharacterControlThread..
[2026-03-17 13시20분25초	1773721225684]	1ms

[2026-03-17 13시20분25초	1773721225689]	FightController..
[2026-03-17 13시20분25초	1773721225728]	39ms

[2026-03-17 13시20분25초	1773721225729]	TimeThread..
[2026-03-17 13시20분25초	1773721225729]	0ms

[2026-03-17 13시20분25초	1773721225730]	AutoHuntThread..
[2026-03-17 13시20분25초	1773721225730]	0ms

[2026-03-17 13시20분25초	1773721225730]	======================================================================
[2026-03-17 13시20분25초	1773721225731]	Server Version  :  Lineage 2.0

[2026-03-17 13시20분25초	1773721225731]	Server Port      :  2000

[2026-03-17 13시20분25초	1773721225731]	계정 자동생성  :  on

[2026-03-17 13시20분25초	1773721225731]	인챈트 : 1.0배  ||  드랍 : 7.0배  ||  경험치 : 50.0배  ||  아데나 : 40.0배  ||  파티 : 1.1배

[2026-03-17 13시20분25초	1773721225731]	======================================================================
[2026-03-17 13시20분25초	1773721225731]	'서버' 가동되었습니다.

[2026-03-17 13시23분26초	1773721406189]	자동 저장완료 2026-03-17 13시23분26초
[2026-03-17 13시25분46초	1773721546035]	Thread close..
[2026-03-17 13시25분47초	1773721547036]	Save Database..
[2026-03-17 13시25분47초	1773721547589]	Socket close..
[2026-03-17 13시25분47초	1773721547589]	LineageServer Close...
[2026-03-17 13시25분47초	1773721547589]	0ms

[2026-03-17 13시25분47초	1773721547589]	ok..
