[2026-01-05 20시03분05초	1767610985179]	Mysql..
[2026-01-05 20시03분05초	1767610985180]	2ms

[2026-01-05 20시03분05초	1767610985196]	lineage.conf file loading...
[2026-01-05 20시03분05초	1767610985223]	27ms

[2026-01-05 20시03분05초	1767610985230]	Lineage_Balance..
[2026-01-05 20시03분05초	1767610985237]	7ms

[2026-01-05 20시03분05초	1767610985238]	npc_promotion..
[2026-01-05 20시03분05초	1767610985239]	1ms

[2026-01-05 20시03분05초	1767610985239]	Socket..
[2026-01-05 20시03분05초	1767610985240]	1ms

[2026-01-05 20시03분05초	1767610985240]	Common..
[2026-01-05 20시03분05초	1767610985240]	0ms

[2026-01-05 20시03분05초	1767610985240]	EventThread..
[2026-01-05 20시03분05초	1767610985241]	1ms

[2026-01-05 20시03분05초	1767610985241]	AiExecuteThread..
[2026-01-05 20시03분05초	1767610985242]	1ms

[2026-01-05 20시03분05초	1767610985242]	AiThread..
[2026-01-05 20시03분05초	1767610985243]	1ms

[2026-01-05 20시03분05초	1767610985246]	World..
[2026-01-05 20시03분05초	1767610985332]	86ms

[2026-01-05 20시03분05초	1767610985333]	BookController..
[2026-01-05 20시03분05초	1767610985333]	0ms

[2026-01-05 20시03분05초	1767610985334]	InventoryController..
[2026-01-05 20시03분05초	1767610985334]	0ms

[2026-01-05 20시03분05초	1767610985334]	BasePacketPooling..
[2026-01-05 20시03분05초	1767610985334]	0ms

[2026-01-05 20시03분05초	1767610985343]	SkillController..
[2026-01-05 20시03분05초	1767610985346]	0ms

[2026-01-05 20시03분05초	1767610985351]	DamageController..
[2026-01-05 20시03분05초	1767610985351]	0ms

[2026-01-05 20시03분05초	1767610985353]	CharacterController..
[2026-01-05 20시03분05초	1767610985353]	0ms

[2026-01-05 20시03분05초	1767610985354]	TradeController..
[2026-01-05 20시03분05초	1767610985354]	0ms

[2026-01-05 20시03분05초	1767610985355]	DungeonController..
[2026-01-05 20시03분05초	1767610985355]	0ms

[2026-01-05 20시03분05초	1767610985356]	ShipController..
[2026-01-05 20시03분05초	1767610985356]	0ms

[2026-01-05 20시03분05초	1767610985357]	BuffController..
[2026-01-05 20시03분05초	1767610985357]	0ms

[2026-01-05 20시03분05초	1767610985360]	SummonController..
[2026-01-05 20시03분05초	1767610985360]	0ms

[2026-01-05 20시03분05초	1767610985361]	PartyController..
[2026-01-05 20시03분05초	1767610985361]	0ms

[2026-01-05 20시03분05초	1767610985362]	InnController..
[2026-01-05 20시03분05초	1767610985362]	0ms

[2026-01-05 20시03분05초	1767610985363]	BoardController..
[2026-01-05 20시03분05초	1767610985363]	0ms

[2026-01-05 20시03분05초	1767610985372]	LetterController..
[2026-01-05 20시03분05초	1767610985372]	0ms

[2026-01-05 20시03분05초	1767610985380]	UserShopController..
[2026-01-05 20시03분05초	1767610985380]	0ms

[2026-01-05 20시03분05초	1767610985382]	ChattingController..
[2026-01-05 20시03분05초	1767610985382]	0ms

[2026-01-05 20시03분05초	1767610985384]	ColosseumController..
[2026-01-05 20시03분05초	1767610985384]	0ms

[2026-01-05 20시03분05초	1767610985385]	CraftController..
[2026-01-05 20시03분05초	1767610985385]	0ms

[2026-01-05 20시03분05초	1767610985386]	BossController..
[2026-01-05 20시03분05초	1767610985386]	0ms

[2026-01-05 20시03분05초	1767610985387]	NoticeController..
[2026-01-05 20시03분05초	1767610985387]	0ms

[2026-01-05 20시03분05초	1767610985387]	FriendController..
[2026-01-05 20시03분05초	1767610985388]	1ms

[2026-01-05 20시03분05초	1767610985388]	BugScanningController..
[2026-01-05 20시03분05초	1767610985388]	0ms

[2026-01-05 20시03분05초	1767610985389]	MagicDollController..
[2026-01-05 20시03분05초	1767610985389]	0ms

[2026-01-05 20시03분05초	1767610985390]	ShopController..
[2026-01-05 20시03분05초	1767610985390]	0ms

[2026-01-05 20시03분05초	1767610985391]	WarehouseDatabase..
[2026-01-05 20시03분05초	1767610985391]	0ms

[2026-01-05 20시03분05초	1767610985392]	PakTools..
[2026-01-05 20시03분05초	1767610985393]	1ms

[2026-01-05 20시03분05초	1767610985394]	ScriptController...
[2026-01-05 20시03분05초	1767610985396]	2ms

[2026-01-05 20시03분05초	1767610985397]	GiranClanLordController..
[2026-01-05 20시03분05초	1767610985397]	0ms

[2026-01-05 20시03분05초	1767610985398]	TeamBattleController..
[2026-01-05 20시03분05초	1767610985399]	1ms

[2026-01-05 20시03분05초	1767610985399]	WorldClearController..
[2026-01-05 20시03분05초	1767610985399]	0ms

[2026-01-05 20시03분05초	1767610985400]	SpotController..
[2026-01-05 20시03분05초	1767610985400]	0ms

[2026-01-05 20시03분05초	1767610985400]	테베라스 컨트롤러..
[2026-01-05 20시03분05초	1767610985400]	0ms

[2026-01-05 20시03분05초	1767610985401]	지옥 컨트롤러..
[2026-01-05 20시03분05초	1767610985401]	0ms

[2026-01-05 20시03분05초	1767610985402]	지하수로 컨트롤러..
[2026-01-05 20시03분05초	1767610985402]	0ms

[2026-01-05 20시03분05초	1767610985402]	보물찾기컨트롤러..
[2026-01-05 20시03분05초	1767610985402]	0ms

[2026-01-05 20시03분05초	1767610985403]	마족신전 컨트롤러..
[2026-01-05 20시03분05초	1767610985403]	0ms

[2026-01-05 20시03분05초	1767610985404]	고무 컨트롤러..
[2026-01-05 20시03분05초	1767610985404]	정무던전 컨트롤러..
[2026-01-05 20시03분05초	1767610985408]	4ms

[2026-01-05 20시03분05초	1767610985409]	그신 컨트롤러..
[2026-01-05 20시03분05초	1767610985409]	0ms

[2026-01-05 20시03분05초	1767610985410]	라바던전 컨트롤러..
[2026-01-05 20시03분05초	1767610985410]	0ms

[2026-01-05 20시03분05초	1767610985411]	월드보스컨트롤러..
[2026-01-05 20시03분05초	1767610985411]	0ms

[2026-01-05 20시03분05초	1767610985411]	펭귄 사냥터 컨트롤러..
[2026-01-05 20시03분05초	1767610985411]	0ms

[2026-01-05 20시03분05초	1767610985412]	칠흑던전 컨트롤러..
[2026-01-05 20시03분05초	1767610985412]	악마왕의영토컨트롤러..
[2026-01-05 20시03분05초	1767610985413]	1ms

[2026-01-05 20시03분05초	1767610985413]	얼던컨트롤러..
[2026-01-05 20시03분05초	1767610985413]	0ms

[2026-01-05 20시03분05초	1767610985414]	기감 컨트롤러..
[2026-01-05 20시03분05초	1767610985414]	0ms

[2026-01-05 20시03분05초	1767610985415]	고라스컨트롤러..
[2026-01-05 20시03분05초	1767610985415]	0ms

[2026-01-05 20시03분05초	1767610985415]	드워프컨트롤러..
[2026-01-05 20시03분05초	1767610985415]	0ms

[2026-01-05 20시03분05초	1767610985416]	타임이벤트컨트롤러..
[2026-01-05 20시03분05초	1767610985416]	0ms

[2026-01-05 20시03분05초	1767610985416]	AutoHuntController..
[2026-01-05 20시03분05초	1767610985416]	0ms

[2026-01-05 20시03분05초	1767610985417]	DatabaseConnection..
[2026-01-05 20시03분05초	1767610985722]	305ms

[2026-01-05 20시03분05초	1767610985737]	ServerDatabase..
[2026-01-05 20시03분05초	1767610985769]	32ms

[2026-01-05 20시03분05초	1767610985772]	SlimeRaceController..
[2026-01-05 20시03분05초	1767610985774]	2ms

[2026-01-05 20시03분05초	1767610985776]	DogRaceController..
[2026-01-05 20시03분05초	1767610985778]	2ms

[2026-01-05 20시03분05초	1767610985780]	ClanController..
[2026-01-05 20시03분05초	1767610985787]	7ms

[2026-01-05 20시03분05초	1767610985789]	KingdomController..
[2026-01-05 20시03분05초	1767610985797]	8ms

[2026-01-05 20시03분05초	1767610985798]	AgitController..
[2026-01-05 20시03분05초	1767610985804]	6ms

[2026-01-05 20시03분05초	1767610985805]	AuctionController..
[2026-01-05 20시03분05초	1767610985811]	6ms

[2026-01-05 20시03분05초	1767610985816]	ItemDatabase..
[2026-01-05 20시03분05초	1767610985922]	106ms

[2026-01-05 20시03분05초	1767610985923]	ItemSetopionDatabase..
[2026-01-05 20시03분05초	1767610985926]	3ms

[2026-01-05 20시03분05초	1767610985927]	AutosellDatabase..
[2026-01-05 20시03분05초	1767610985947]	20ms

[2026-01-05 20시03분05초	1767610985947]	ItemSkillDatabase..
[2026-01-05 20시03분05초	1767610985949]	2ms

[2026-01-05 20시03분05초	1767610985949]	ItemBundleDatabase..
[2026-01-05 20시03분05초	1767610985953]	4ms

[2026-01-05 20시03분05초	1767610985954]	ItemChanceBundleDatabase..
[2026-01-05 20시03분05초	1767610985958]	4ms

[2026-01-05 20시03분05초	1767610985958]	FishItemListDatabase..
[2026-01-05 20시03분05초	1767610985960]	2ms

[2026-01-05 20시03분05초	1767610985961]	ItemTeleport..
[2026-01-05 20시03분05초	1767610985964]	2ms

[2026-01-05 20시03분05초	1767610985966]	PolyDatabase..
[2026-01-05 20시03분05초	1767610985970]	4ms

[2026-01-05 20시03분05초	1767610985971]	DungeonDatabase..
[2026-01-05 20시03분05초	1767610985977]	6ms

[2026-01-05 20시03분05초	1767610985978]	DefiniteDatabase..
[2026-01-05 20시03분05초	1767610985981]	3ms

[2026-01-05 20시03분05초	1767610985981]	ExpDatabase..
[2026-01-05 20시03분05초	1767610985983]	2ms

[2026-01-05 20시03분05초	1767610985983]	BackgroundDatabase..
[2026-01-05 20시03분06초	1767610986092]	109ms

[2026-01-05 20시03분06초	1767610986092]	SpriteFrameDatabase..
[2026-01-05 20시03분06초	1767610986154]	62ms

[2026-01-05 20시03분06초	1767610986155]	SkillDatabase..
[2026-01-05 20시03분06초	1767610986158]	3ms

[2026-01-05 20시03분06초	1767610986159]	NpcDatabase..
[2026-01-05 20시03분06초	1767610986166]	7ms

[2026-01-05 20시03분06초	1767610986167]	NpcShopDatabase..
[2026-01-05 20시03분06초	1767610986232]	65ms

[2026-01-05 20시03분06초	1767610986233]	NpcTeleportDatabase..
[2026-01-05 20시03분06초	1767610986235]	2ms

[2026-01-05 20시03분06초	1767610986384]	NpcSpawnlistDatabase..
[2026-01-05 20시03분06초	1767610986434]	50ms

[2026-01-05 20시03분06초	1767610986436]	EventController..
[2026-01-05 20시03분06초	1767610986436]	0ms

[2026-01-05 20시03분06초	1767610986437]	MonsterDatabase..
[2026-01-05 20시03분06초	1767610986452]	15ms

[2026-01-05 20시03분06초	1767610986453]	MonsterDropDatabase..
[2026-01-05 20시03분06초	1767610986476]	23ms

[2026-01-05 20시03분06초	1767610986477]	MonsterSkillDatabase..
[2026-01-05 20시03분06초	1767610986491]	14ms

[2026-01-05 20시03분06초	1767610986492]	MonsterSpawnlistDatabase..
[2026-01-05 20시03분07초	1767610987448]	956ms

[2026-01-05 20시03분07초	1767610987449]	MonsterBossSpawnlistDatabase..
[2026-01-05 20시03분07초	1767610987452]	3ms

[2026-01-05 20시03분07초	1767610987453]	ServerDownBossListDatabase..
[2026-01-05 20시03분07초	1767610987453]	0ms

[2026-01-05 20시03분07초	1767610987454]	BadIpDatabase..
[2026-01-05 20시03분07초	1767610987457]	3ms

[2026-01-05 20시03분07초	1767610987457]	QuestController..
[2026-01-05 20시03분07초	1767610987459]	2ms

[2026-01-05 20시03분07초	1767610987460]	ServerOpcodesDatabase..
[2026-01-05 20시03분07초	1767610987463]	3ms

[2026-01-05 20시03분07초	1767610987464]	ServerNoticeDatabase..
[2026-01-05 20시03분07초	1767610987466]	2ms

[2026-01-05 20시03분07초	1767610987468]	RankController..
[2026-01-05 20시03분07초	1767610987489]	21ms

[2026-01-05 20시03분07초	1767610987491]	WantedController..
[2026-01-05 20시03분07초	1767610987495]	4ms

[2026-01-05 20시03분07초	1767610987496]	TeleportHomeDatabase..
[2026-01-05 20시03분07초	1767610987533]	37ms

[2026-01-05 20시03분07초	1767610987534]	TeleportResetDatabase..
[2026-01-05 20시03분07초	1767610987562]	28ms

[2026-01-05 20시03분07초	1767610987563]	ItemPinewandDatabase..
[2026-01-05 20시03분07초	1767610987565]	2ms

[2026-01-05 20시03분07초	1767610987566]	ItemMaplewandDatabase..
[2026-01-05 20시03분07초	1767610987567]	1ms

[2026-01-05 20시03분07초	1767610987568]	SummonListDatabase..
[2026-01-05 20시03분07초	1767610987570]	2ms

[2026-01-05 20시03분07초	1767610987571]	GmListDatabase..
[2026-01-05 20시03분07초	1767610987572]	1ms

[2026-01-05 20시03분07초	1767610987573]	MagicdollListDatabase..
[2026-01-05 20시03분07초	1767610987575]	2ms

[2026-01-05 20시03분07초	1767610987579]	PcMarketController..
[2026-01-05 20시03분07초	1767610987581]	2ms

[2026-01-05 20시03분07초	1767610987581]	ServerOptionDatabase..
[2026-01-05 20시03분07초	1767610987582]	1ms

[2026-01-05 20시03분07초	1767610987583]	TimeDungeonDatabase..
[2026-01-05 20시03분07초	1767610987583]	0ms

[2026-01-05 20시03분07초	1767610987584]	TeamBattleDatabase..
[2026-01-05 20시03분07초	1767610987585]	1ms

[2026-01-05 20시03분07초	1767610987586]	LifeLostItemDatabase..
[2026-01-05 20시03분07초	1767610987587]	1ms

[2026-01-05 20시03분07초	1767610987588]	GmTeleportDatabase..
[2026-01-05 20시03분07초	1767610987589]	1ms

[2026-01-05 20시03분07초	1767610987591]	무인혈맹컨트롤러..
[2026-01-05 20시03분07초	1767610987593]	2ms

[2026-01-05 20시03분07초	1767610987593]	HackNoCheckDatabase..
[2026-01-05 20시03분07초	1767610987594]	1ms

[2026-01-05 20시03분07초	1767610987595]	EnchantLostItemDatabase..
[2026-01-05 20시03분07초	1767610987606]	11ms

[2026-01-05 20시03분07초	1767610987609]	ItemDropMessageDatabase..
[2026-01-05 20시03분07초	1767610987609]	0ms

[2026-01-05 20시03분07초	1767610987611]	FishingController..
[2026-01-05 20시03분07초	1767610987734]	123ms

[2026-01-05 20시03분07초	1767610987744]	RobotController..
[2026-01-05 20시03분07초	1767610987767]	23ms

[2026-01-05 20시03분07초	1767610987769]	Server..
[2026-01-05 20시03분07초	1767610987838]	69ms

[2026-01-05 20시03분07초	1767610987839]	ServerThread..
[2026-01-05 20시03분07초	1767610987839]	0ms

[2026-01-05 20시03분07초	1767610987840]	ControllerTherad..
[2026-01-05 20시03분07초	1767610987840]	0ms

[2026-01-05 20시03분07초	1767610987841]	CharacterThread..
[2026-01-05 20시03분07초	1767610987841]	0ms

[2026-01-05 20시03분07초	1767610987842]	DatabaseThread..
[2026-01-05 20시03분07초	1767610987842]	0ms

[2026-01-05 20시03분07초	1767610987843]	CharacterControlThread..
[2026-01-05 20시03분07초	1767610987843]	0ms

[2026-01-05 20시03분07초	1767610987884]	FightController..
[2026-01-05 20시03분07초	1767610987896]	12ms

[2026-01-05 20시03분07초	1767610987897]	TimeThread..
[2026-01-05 20시03분07초	1767610987897]	0ms

[2026-01-05 20시03분07초	1767610987898]	AutoHuntThread..
[2026-01-05 20시03분07초	1767610987898]	0ms

[2026-01-05 20시03분07초	1767610987898]	======================================================================
[2026-01-05 20시03분07초	1767610987899]	Server Version  :  Lineage 2.0

[2026-01-05 20시03분07초	1767610987899]	Server Port      :  2000

[2026-01-05 20시03분07초	1767610987899]	계정 자동생성  :  on

[2026-01-05 20시03분07초	1767610987899]	인챈트 : 1.0배  ||  드랍 : 3.0배  ||  경험치 : 30.0배  ||  아데나 : 12.0배  ||  파티 : 1.1배

[2026-01-05 20시03분07초	1767610987899]	======================================================================
[2026-01-05 20시03분07초	1767610987899]	'서버' 가동되었습니다.

[2026-01-05 20시06분08초	1767611168785]	자동 저장완료 2026-01-05 20시06분08초
[2026-01-05 20시09분09초	1767611349666]	자동 저장완료 2026-01-05 20시09분09초
[2026-01-05 20시12분10초	1767611530531]	자동 저장완료 2026-01-05 20시12분10초
[2026-01-05 20시15분11초	1767611711148]	자동 저장완료 2026-01-05 20시15분11초
[2026-01-05 20시18분11초	1767611891709]	자동 저장완료 2026-01-05 20시18분11초
[2026-01-05 20시21분12초	1767612072285]	자동 저장완료 2026-01-05 20시21분12초
[2026-01-05 20시22분20초	1767612140513]	서버가 즉시 종료됩니다...
[2026-01-05 20시22분21초	1767612141514]	Thread close..
[2026-01-05 20시22분22초	1767612142514]	Save Database..
[2026-01-05 20시22분23초	1767612143200]	Socket close..
[2026-01-05 20시22분23초	1767612143200]	LineageServer Close...
[2026-01-05 20시22분23초	1767612143200]	0ms

[2026-01-05 20시22분23초	1767612143200]	ok..
