[2026-01-14 15시50분08초	1768373408822]	Mysql..
[2026-01-14 15시50분08초	1768373408823]	2ms

[2026-01-14 15시50분08초	1768373408839]	lineage.conf file loading...
[2026-01-14 15시50분08초	1768373408868]	29ms

[2026-01-14 15시50분08초	1768373408875]	Lineage_Balance..
[2026-01-14 15시50분08초	1768373408883]	8ms

[2026-01-14 15시50분08초	1768373408884]	npc_promotion..
[2026-01-14 15시50분08초	1768373408884]	0ms

[2026-01-14 15시50분08초	1768373408885]	Socket..
[2026-01-14 15시50분08초	1768373408885]	0ms

[2026-01-14 15시50분08초	1768373408885]	Common..
[2026-01-14 15시50분08초	1768373408885]	0ms

[2026-01-14 15시50분08초	1768373408886]	EventThread..
[2026-01-14 15시50분08초	1768373408886]	0ms

[2026-01-14 15시50분08초	1768373408887]	AiExecuteThread..
[2026-01-14 15시50분08초	1768373408887]	0ms

[2026-01-14 15시50분08초	1768373408888]	AiThread..
[2026-01-14 15시50분08초	1768373408888]	0ms

[2026-01-14 15시50분08초	1768373408892]	World..
[2026-01-14 15시50분08초	1768373408974]	82ms

[2026-01-14 15시50분08초	1768373408976]	BookController..
[2026-01-14 15시50분08초	1768373408976]	0ms

[2026-01-14 15시50분08초	1768373408977]	InventoryController..
[2026-01-14 15시50분08초	1768373408977]	0ms

[2026-01-14 15시50분08초	1768373408977]	BasePacketPooling..
[2026-01-14 15시50분08초	1768373408977]	0ms

[2026-01-14 15시50분08초	1768373408979]	SkillController..
[2026-01-14 15시50분08초	1768373408979]	0ms

[2026-01-14 15시50분08초	1768373408989]	DamageController..
[2026-01-14 15시50분08초	1768373408989]	0ms

[2026-01-14 15시50분08초	1768373408991]	CharacterController..
[2026-01-14 15시50분08초	1768373408991]	0ms

[2026-01-14 15시50분08초	1768373408992]	TradeController..
[2026-01-14 15시50분08초	1768373408992]	0ms

[2026-01-14 15시50분08초	1768373408992]	DungeonController..
[2026-01-14 15시50분08초	1768373408992]	0ms

[2026-01-14 15시50분08초	1768373408993]	ShipController..
[2026-01-14 15시50분08초	1768373408993]	0ms

[2026-01-14 15시50분08초	1768373408993]	BuffController..
[2026-01-14 15시50분08초	1768373408993]	0ms

[2026-01-14 15시50분08초	1768373408997]	SummonController..
[2026-01-14 15시50분08초	1768373408997]	0ms

[2026-01-14 15시50분08초	1768373408998]	PartyController..
[2026-01-14 15시50분08초	1768373408998]	0ms

[2026-01-14 15시50분08초	1768373408998]	InnController..
[2026-01-14 15시50분08초	1768373408998]	0ms

[2026-01-14 15시50분09초	1768373409000]	BoardController..
[2026-01-14 15시50분09초	1768373409000]	0ms

[2026-01-14 15시50분09초	1768373409002]	LetterController..
[2026-01-14 15시50분09초	1768373409002]	0ms

[2026-01-14 15시50분09초	1768373409002]	UserShopController..
[2026-01-14 15시50분09초	1768373409003]	1ms

[2026-01-14 15시50분09초	1768373409004]	ChattingController..
[2026-01-14 15시50분09초	1768373409005]	1ms

[2026-01-14 15시50분09초	1768373409006]	ColosseumController..
[2026-01-14 15시50분09초	1768373409006]	0ms

[2026-01-14 15시50분09초	1768373409007]	CraftController..
[2026-01-14 15시50분09초	1768373409007]	0ms

[2026-01-14 15시50분09초	1768373409008]	BossController..
[2026-01-14 15시50분09초	1768373409008]	0ms

[2026-01-14 15시50분09초	1768373409009]	NoticeController..
[2026-01-14 15시50분09초	1768373409009]	0ms

[2026-01-14 15시50분09초	1768373409010]	FriendController..
[2026-01-14 15시50분09초	1768373409010]	0ms

[2026-01-14 15시50분09초	1768373409011]	BugScanningController..
[2026-01-14 15시50분09초	1768373409011]	0ms

[2026-01-14 15시50분09초	1768373409019]	MagicDollController..
[2026-01-14 15시50분09초	1768373409019]	0ms

[2026-01-14 15시50분09초	1768373409029]	ShopController..
[2026-01-14 15시50분09초	1768373409029]	0ms

[2026-01-14 15시50분09초	1768373409030]	WarehouseDatabase..
[2026-01-14 15시50분09초	1768373409030]	0ms

[2026-01-14 15시50분09초	1768373409031]	PakTools..
[2026-01-14 15시50분09초	1768373409032]	1ms

[2026-01-14 15시50분09초	1768373409032]	ScriptController...
[2026-01-14 15시50분09초	1768373409035]	3ms

[2026-01-14 15시50분09초	1768373409036]	GiranClanLordController..
[2026-01-14 15시50분09초	1768373409036]	0ms

[2026-01-14 15시50분09초	1768373409037]	TeamBattleController..
[2026-01-14 15시50분09초	1768373409037]	0ms

[2026-01-14 15시50분09초	1768373409038]	WorldClearController..
[2026-01-14 15시50분09초	1768373409038]	0ms

[2026-01-14 15시50분09초	1768373409039]	SpotController..
[2026-01-14 15시50분09초	1768373409039]	0ms

[2026-01-14 15시50분09초	1768373409042]	테베라스 컨트롤러..
[2026-01-14 15시50분09초	1768373409042]	3ms

[2026-01-14 15시50분09초	1768373409043]	지옥 컨트롤러..
[2026-01-14 15시50분09초	1768373409043]	0ms

[2026-01-14 15시50분09초	1768373409044]	지하수로 컨트롤러..
[2026-01-14 15시50분09초	1768373409044]	0ms

[2026-01-14 15시50분09초	1768373409044]	보물찾기컨트롤러..
[2026-01-14 15시50분09초	1768373409044]	0ms

[2026-01-14 15시50분09초	1768373409045]	마족신전 컨트롤러..
[2026-01-14 15시50분09초	1768373409045]	0ms

[2026-01-14 15시50분09초	1768373409045]	고무 컨트롤러..
[2026-01-14 15시50분09초	1768373409046]	정무던전 컨트롤러..
[2026-01-14 15시50분09초	1768373409050]	4ms

[2026-01-14 15시50분09초	1768373409050]	그신 컨트롤러..
[2026-01-14 15시50분09초	1768373409050]	0ms

[2026-01-14 15시50분09초	1768373409051]	라바던전 컨트롤러..
[2026-01-14 15시50분09초	1768373409051]	0ms

[2026-01-14 15시50분09초	1768373409052]	월드보스컨트롤러..
[2026-01-14 15시50분09초	1768373409052]	0ms

[2026-01-14 15시50분09초	1768373409053]	펭귄 사냥터 컨트롤러..
[2026-01-14 15시50분09초	1768373409053]	0ms

[2026-01-14 15시50분09초	1768373409053]	칠흑던전 컨트롤러..
[2026-01-14 15시50분09초	1768373409054]	악마왕의영토컨트롤러..
[2026-01-14 15시50분09초	1768373409054]	0ms

[2026-01-14 15시50분09초	1768373409054]	얼던컨트롤러..
[2026-01-14 15시50분09초	1768373409054]	0ms

[2026-01-14 15시50분09초	1768373409055]	기감 컨트롤러..
[2026-01-14 15시50분09초	1768373409055]	0ms

[2026-01-14 15시50분09초	1768373409056]	고라스컨트롤러..
[2026-01-14 15시50분09초	1768373409056]	0ms

[2026-01-14 15시50분09초	1768373409056]	드워프컨트롤러..
[2026-01-14 15시50분09초	1768373409056]	0ms

[2026-01-14 15시50분09초	1768373409057]	타임이벤트컨트롤러..
[2026-01-14 15시50분09초	1768373409057]	0ms

[2026-01-14 15시50분09초	1768373409057]	AutoHuntController..
[2026-01-14 15시50분09초	1768373409058]	1ms

[2026-01-14 15시50분09초	1768373409074]	DatabaseConnection..
[2026-01-14 15시50분09초	1768373409386]	312ms

[2026-01-14 15시50분09초	1768373409404]	ServerDatabase..
[2026-01-14 15시50분09초	1768373409434]	30ms

[2026-01-14 15시50분09초	1768373409438]	SlimeRaceController..
[2026-01-14 15시50분09초	1768373409439]	1ms

[2026-01-14 15시50분09초	1768373409441]	DogRaceController..
[2026-01-14 15시50분09초	1768373409443]	2ms

[2026-01-14 15시50분09초	1768373409446]	ClanController..
[2026-01-14 15시50분09초	1768373409452]	6ms

[2026-01-14 15시50분09초	1768373409454]	KingdomController..
[2026-01-14 15시50분09초	1768373409460]	6ms

[2026-01-14 15시50분09초	1768373409461]	AgitController..
[2026-01-14 15시50분09초	1768373409466]	4ms

[2026-01-14 15시50분09초	1768373409467]	AuctionController..
[2026-01-14 15시50분09초	1768373409472]	5ms

[2026-01-14 15시50분09초	1768373409477]	ItemDatabase..
[2026-01-14 15시50분09초	1768373409578]	100ms

[2026-01-14 15시50분09초	1768373409579]	ItemSetopionDatabase..
[2026-01-14 15시50분09초	1768373409581]	2ms

[2026-01-14 15시50분09초	1768373409582]	AutosellDatabase..
[2026-01-14 15시50분09초	1768373409602]	20ms

[2026-01-14 15시50분09초	1768373409603]	ItemSkillDatabase..
[2026-01-14 15시50분09초	1768373409605]	2ms

[2026-01-14 15시50분09초	1768373409606]	ItemBundleDatabase..
[2026-01-14 15시50분09초	1768373409608]	2ms

[2026-01-14 15시50분09초	1768373409609]	ItemChanceBundleDatabase..
[2026-01-14 15시50분09초	1768373409612]	3ms

[2026-01-14 15시50분09초	1768373409612]	FishItemListDatabase..
[2026-01-14 15시50분09초	1768373409613]	1ms

[2026-01-14 15시50분09초	1768373409614]	ItemTeleport..
[2026-01-14 15시50분09초	1768373409616]	2ms

[2026-01-14 15시50분09초	1768373409617]	PolyDatabase..
[2026-01-14 15시50분09초	1768373409622]	5ms

[2026-01-14 15시50분09초	1768373409623]	DungeonDatabase..
[2026-01-14 15시50분09초	1768373409626]	3ms

[2026-01-14 15시50분09초	1768373409627]	DefiniteDatabase..
[2026-01-14 15시50분09초	1768373409629]	2ms

[2026-01-14 15시50분09초	1768373409629]	ExpDatabase..
[2026-01-14 15시50분09초	1768373409631]	2ms

[2026-01-14 15시50분09초	1768373409631]	BackgroundDatabase..
[2026-01-14 15시50분09초	1768373409767]	136ms

[2026-01-14 15시50분09초	1768373409767]	SpriteFrameDatabase..
[2026-01-14 15시50분09초	1768373409825]	58ms

[2026-01-14 15시50분09초	1768373409826]	SkillDatabase..
[2026-01-14 15시50분09초	1768373409828]	2ms

[2026-01-14 15시50분09초	1768373409829]	NpcDatabase..
[2026-01-14 15시50분09초	1768373409836]	7ms

[2026-01-14 15시50분09초	1768373409836]	NpcShopDatabase..
[2026-01-14 15시50분09초	1768373409893]	57ms

[2026-01-14 15시50분09초	1768373409894]	NpcTeleportDatabase..
[2026-01-14 15시50분09초	1768373409895]	1ms

[2026-01-14 15시50분10초	1768373410023]	NpcSpawnlistDatabase..
[2026-01-14 15시50분10초	1768373410073]	50ms

[2026-01-14 15시50분10초	1768373410074]	EventController..
[2026-01-14 15시50분10초	1768373410074]	0ms

[2026-01-14 15시50분10초	1768373410075]	MonsterDatabase..
[2026-01-14 15시50분10초	1768373410095]	19ms

[2026-01-14 15시50분10초	1768373410095]	MonsterDropDatabase..
[2026-01-14 15시50분10초	1768373410121]	26ms

[2026-01-14 15시50분10초	1768373410121]	MonsterSkillDatabase..
[2026-01-14 15시50분10초	1768373410132]	11ms

[2026-01-14 15시50분10초	1768373410135]	MonsterSpawnlistDatabase..
[2026-01-14 15시50분11초	1768373411193]	1058ms

[2026-01-14 15시50분11초	1768373411194]	MonsterBossSpawnlistDatabase..
[2026-01-14 15시50분11초	1768373411196]	2ms

[2026-01-14 15시50분11초	1768373411197]	ServerDownBossListDatabase..
[2026-01-14 15시50분11초	1768373411197]	0ms

[2026-01-14 15시50분11초	1768373411198]	BadIpDatabase..
[2026-01-14 15시50분11초	1768373411200]	2ms

[2026-01-14 15시50분11초	1768373411200]	QuestController..
[2026-01-14 15시50분11초	1768373411201]	1ms

[2026-01-14 15시50분11초	1768373411202]	ServerOpcodesDatabase..
[2026-01-14 15시50분11초	1768373411204]	2ms

[2026-01-14 15시50분11초	1768373411205]	ServerNoticeDatabase..
[2026-01-14 15시50분11초	1768373411206]	1ms

[2026-01-14 15시50분11초	1768373411207]	RankController..
[2026-01-14 15시50분11초	1768373411228]	21ms

[2026-01-14 15시50분11초	1768373411229]	WantedController..
[2026-01-14 15시50분11초	1768373411234]	5ms

[2026-01-14 15시50분11초	1768373411235]	TeleportHomeDatabase..
[2026-01-14 15시50분11초	1768373411264]	29ms

[2026-01-14 15시50분11초	1768373411265]	TeleportResetDatabase..
[2026-01-14 15시50분11초	1768373411293]	28ms

[2026-01-14 15시50분11초	1768373411294]	ItemPinewandDatabase..
[2026-01-14 15시50분11초	1768373411295]	1ms

[2026-01-14 15시50분11초	1768373411295]	ItemMaplewandDatabase..
[2026-01-14 15시50분11초	1768373411296]	1ms

[2026-01-14 15시50분11초	1768373411297]	SummonListDatabase..
[2026-01-14 15시50분11초	1768373411298]	1ms

[2026-01-14 15시50분11초	1768373411298]	GmListDatabase..
[2026-01-14 15시50분11초	1768373411299]	1ms

[2026-01-14 15시50분11초	1768373411300]	MagicdollListDatabase..
[2026-01-14 15시50분11초	1768373411302]	2ms

[2026-01-14 15시50분11초	1768373411305]	PcMarketController..
[2026-01-14 15시50분11초	1768373411306]	0ms

[2026-01-14 15시50분11초	1768373411306]	ServerOptionDatabase..
[2026-01-14 15시50분11초	1768373411306]	0ms

[2026-01-14 15시50분11초	1768373411307]	TimeDungeonDatabase..
[2026-01-14 15시50분11초	1768373411307]	0ms

[2026-01-14 15시50분11초	1768373411308]	TeamBattleDatabase..
[2026-01-14 15시50분11초	1768373411309]	1ms

[2026-01-14 15시50분11초	1768373411309]	LifeLostItemDatabase..
[2026-01-14 15시50분11초	1768373411310]	1ms

[2026-01-14 15시50분11초	1768373411311]	GmTeleportDatabase..
[2026-01-14 15시50분11초	1768373411312]	1ms

[2026-01-14 15시50분11초	1768373411314]	무인혈맹컨트롤러..
[2026-01-14 15시50분11초	1768373411315]	1ms

[2026-01-14 15시50분11초	1768373411316]	HackNoCheckDatabase..
[2026-01-14 15시50분11초	1768373411316]	0ms

[2026-01-14 15시50분11초	1768373411317]	EnchantLostItemDatabase..
[2026-01-14 15시50분11초	1768373411339]	22ms

[2026-01-14 15시50분11초	1768373411340]	ItemDropMessageDatabase..
[2026-01-14 15시50분11초	1768373411342]	2ms

[2026-01-14 15시50분11초	1768373411343]	FishingController..
[2026-01-14 15시50분11초	1768373411601]	258ms

[2026-01-14 15시50분11초	1768373411614]	RobotController..
[2026-01-14 15시50분11초	1768373411634]	20ms

[2026-01-14 15시50분11초	1768373411636]	Server..
[2026-01-14 15시50분11초	1768373411694]	58ms

[2026-01-14 15시50분11초	1768373411695]	ServerThread..
[2026-01-14 15시50분11초	1768373411695]	0ms

[2026-01-14 15시50분11초	1768373411695]	ControllerTherad..
[2026-01-14 15시50분11초	1768373411696]	1ms

[2026-01-14 15시50분11초	1768373411696]	CharacterThread..
[2026-01-14 15시50분11초	1768373411696]	0ms

[2026-01-14 15시50분11초	1768373411697]	DatabaseThread..
[2026-01-14 15시50분11초	1768373411697]	0ms

[2026-01-14 15시50분11초	1768373411698]	CharacterControlThread..
[2026-01-14 15시50분11초	1768373411698]	0ms

[2026-01-14 15시50분11초	1768373411741]	FightController..
[2026-01-14 15시50분11초	1768373411764]	23ms

[2026-01-14 15시50분11초	1768373411765]	TimeThread..
[2026-01-14 15시50분11초	1768373411765]	0ms

[2026-01-14 15시50분11초	1768373411766]	AutoHuntThread..
[2026-01-14 15시50분11초	1768373411766]	0ms

[2026-01-14 15시50분11초	1768373411766]	======================================================================
[2026-01-14 15시50분11초	1768373411766]	Server Version  :  Lineage 2.0

[2026-01-14 15시50분11초	1768373411766]	Server Port      :  2000

[2026-01-14 15시50분11초	1768373411766]	계정 자동생성  :  on

[2026-01-14 15시50분11초	1768373411767]	인챈트 : 1.0배  ||  드랍 : 3.0배  ||  경험치 : 30.0배  ||  아데나 : 12.0배  ||  파티 : 1.1배

[2026-01-14 15시50분11초	1768373411767]	======================================================================
[2026-01-14 15시50분11초	1768373411767]	'서버' 가동되었습니다.

[2026-01-14 15시53분12초	1768373592352]	자동 저장완료 2026-01-14 15시53분12초
[2026-01-14 15시56분13초	1768373773195]	자동 저장완료 2026-01-14 15시56분13초
[2026-01-14 15시59분14초	1768373954093]	자동 저장완료 2026-01-14 15시59분14초
[2026-01-14 16시02분14초	1768374134957]	자동 저장완료 2026-01-14 16시02분14초
[2026-01-14 16시02분37초	1768374157502]	서버가 즉시 종료됩니다...
[2026-01-14 16시02분38초	1768374158503]	Thread close..
[2026-01-14 16시02분39초	1768374159504]	Save Database..
[2026-01-14 16시02분40초	1768374160469]	Socket close..
[2026-01-14 16시02분40초	1768374160469]	LineageServer Close...
[2026-01-14 16시02분40초	1768374160469]	0ms

[2026-01-14 16시02분40초	1768374160469]	ok..
