[2026-02-24 16시57분44초	1771919864976]	Mysql..
[2026-02-24 16시57분44초	1771919864977]	2ms

[2026-02-24 16시57분44초	1771919864996]	lineage.conf file loading...
[2026-02-24 16시57분45초	1771919865027]	31ms

[2026-02-24 16시57분45초	1771919865034]	Lineage_Balance..
[2026-02-24 16시57분45초	1771919865042]	8ms

[2026-02-24 16시57분45초	1771919865043]	npc_promotion..
[2026-02-24 16시57분45초	1771919865043]	0ms

[2026-02-24 16시57분45초	1771919865044]	Socket..
[2026-02-24 16시57분45초	1771919865044]	0ms

[2026-02-24 16시57분45초	1771919865044]	Common..
[2026-02-24 16시57분45초	1771919865044]	0ms

[2026-02-24 16시57분45초	1771919865045]	EventThread..
[2026-02-24 16시57분45초	1771919865045]	0ms

[2026-02-24 16시57분45초	1771919865046]	AiExecuteThread..
[2026-02-24 16시57분45초	1771919865046]	0ms

[2026-02-24 16시57분45초	1771919865047]	AiThread..
[2026-02-24 16시57분45초	1771919865047]	0ms

[2026-02-24 16시57분45초	1771919865057]	World..
[2026-02-24 16시57분45초	1771919865134]	77ms

[2026-02-24 16시57분45초	1771919865136]	BookController..
[2026-02-24 16시57분45초	1771919865136]	0ms

[2026-02-24 16시57분45초	1771919865137]	InventoryController..
[2026-02-24 16시57분45초	1771919865137]	0ms

[2026-02-24 16시57분45초	1771919865137]	BasePacketPooling..
[2026-02-24 16시57분45초	1771919865137]	0ms

[2026-02-24 16시57분45초	1771919865146]	SkillController..
[2026-02-24 16시57분45초	1771919865149]	3ms

[2026-02-24 16시57분45초	1771919865155]	DamageController..
[2026-02-24 16시57분45초	1771919865155]	0ms

[2026-02-24 16시57분45초	1771919865157]	CharacterController..
[2026-02-24 16시57분45초	1771919865157]	0ms

[2026-02-24 16시57분45초	1771919865158]	TradeController..
[2026-02-24 16시57분45초	1771919865158]	0ms

[2026-02-24 16시57분45초	1771919865159]	DungeonController..
[2026-02-24 16시57분45초	1771919865159]	0ms

[2026-02-24 16시57분45초	1771919865159]	ShipController..
[2026-02-24 16시57분45초	1771919865159]	0ms

[2026-02-24 16시57분45초	1771919865167]	BuffController..
[2026-02-24 16시57분45초	1771919865168]	1ms

[2026-02-24 16시57분45초	1771919865172]	SummonController..
[2026-02-24 16시57분45초	1771919865172]	1ms

[2026-02-24 16시57분45초	1771919865172]	PartyController..
[2026-02-24 16시57분45초	1771919865173]	0ms

[2026-02-24 16시57분45초	1771919865174]	InnController..
[2026-02-24 16시57분45초	1771919865174]	0ms

[2026-02-24 16시57분45초	1771919865175]	BoardController..
[2026-02-24 16시57분45초	1771919865175]	0ms

[2026-02-24 16시57분45초	1771919865177]	LetterController..
[2026-02-24 16시57분45초	1771919865177]	0ms

[2026-02-24 16시57분45초	1771919865178]	UserShopController..
[2026-02-24 16시57분45초	1771919865178]	0ms

[2026-02-24 16시57분45초	1771919865187]	ChattingController..
[2026-02-24 16시57분45초	1771919865188]	1ms

[2026-02-24 16시57분45초	1771919865190]	ColosseumController..
[2026-02-24 16시57분45초	1771919865190]	0ms

[2026-02-24 16시57분45초	1771919865191]	CraftController..
[2026-02-24 16시57분45초	1771919865191]	0ms

[2026-02-24 16시57분45초	1771919865192]	BossController..
[2026-02-24 16시57분45초	1771919865192]	1ms

[2026-02-24 16시57분45초	1771919865193]	NoticeController..
[2026-02-24 16시57분45초	1771919865193]	0ms

[2026-02-24 16시57분45초	1771919865194]	FriendController..
[2026-02-24 16시57분45초	1771919865194]	0ms

[2026-02-24 16시57분45초	1771919865195]	BugScanningController..
[2026-02-24 16시57분45초	1771919865195]	0ms

[2026-02-24 16시57분45초	1771919865196]	MagicDollController..
[2026-02-24 16시57분45초	1771919865196]	0ms

[2026-02-24 16시57분45초	1771919865197]	ShopController..
[2026-02-24 16시57분45초	1771919865197]	0ms

[2026-02-24 16시57분45초	1771919865198]	WarehouseDatabase..
[2026-02-24 16시57분45초	1771919865198]	0ms

[2026-02-24 16시57분45초	1771919865199]	PakTools..
[2026-02-24 16시57분45초	1771919865200]	1ms

[2026-02-24 16시57분45초	1771919865200]	ScriptController...
[2026-02-24 16시57분45초	1771919865203]	3ms

[2026-02-24 16시57분45초	1771919865211]	GiranClanLordController..
[2026-02-24 16시57분45초	1771919865211]	0ms

[2026-02-24 16시57분45초	1771919865213]	TeamBattleController..
[2026-02-24 16시57분45초	1771919865213]	0ms

[2026-02-24 16시57분45초	1771919865214]	WorldClearController..
[2026-02-24 16시57분45초	1771919865214]	0ms

[2026-02-24 16시57분45초	1771919865214]	SpotController..
[2026-02-24 16시57분45초	1771919865214]	0ms

[2026-02-24 16시57분45초	1771919865215]	테베라스 컨트롤러..
[2026-02-24 16시57분45초	1771919865215]	0ms

[2026-02-24 16시57분45초	1771919865216]	지옥 컨트롤러..
[2026-02-24 16시57분45초	1771919865216]	0ms

[2026-02-24 16시57분45초	1771919865216]	지하수로 컨트롤러..
[2026-02-24 16시57분45초	1771919865216]	0ms

[2026-02-24 16시57분45초	1771919865217]	보물찾기컨트롤러..
[2026-02-24 16시57분45초	1771919865217]	0ms

[2026-02-24 16시57분45초	1771919865218]	마족신전 컨트롤러..
[2026-02-24 16시57분45초	1771919865218]	0ms

[2026-02-24 16시57분45초	1771919865218]	고무 컨트롤러..
[2026-02-24 16시57분45초	1771919865219]	정무던전 컨트롤러..
[2026-02-24 16시57분45초	1771919865223]	4ms

[2026-02-24 16시57분45초	1771919865224]	그신 컨트롤러..
[2026-02-24 16시57분45초	1771919865224]	0ms

[2026-02-24 16시57분45초	1771919865225]	라바던전 컨트롤러..
[2026-02-24 16시57분45초	1771919865225]	0ms

[2026-02-24 16시57분45초	1771919865225]	월드보스컨트롤러..
[2026-02-24 16시57분45초	1771919865225]	0ms

[2026-02-24 16시57분45초	1771919865226]	펭귄 사냥터 컨트롤러..
[2026-02-24 16시57분45초	1771919865226]	0ms

[2026-02-24 16시57분45초	1771919865226]	칠흑던전 컨트롤러..
[2026-02-24 16시57분45초	1771919865227]	악마왕의영토컨트롤러..
[2026-02-24 16시57분45초	1771919865227]	0ms

[2026-02-24 16시57분45초	1771919865228]	얼던컨트롤러..
[2026-02-24 16시57분45초	1771919865228]	0ms

[2026-02-24 16시57분45초	1771919865229]	오만1층 컨트롤러..
[2026-02-24 16시57분45초	1771919865229]	0ms

[2026-02-24 16시57분45초	1771919865229]	오만1층 컨트롤러..
[2026-02-24 16시57분45초	1771919865229]	0ms

[2026-02-24 16시57분45초	1771919865230]	오만3층 컨트롤러..
[2026-02-24 16시57분45초	1771919865230]	0ms

[2026-02-24 16시57분45초	1771919865231]	오만4층 컨트롤러..
[2026-02-24 16시57분45초	1771919865231]	0ms

[2026-02-24 16시57분45초	1771919865231]	오만5층 컨트롤러..
[2026-02-24 16시57분45초	1771919865231]	0ms

[2026-02-24 16시57분45초	1771919865232]	오만6층 컨트롤러..
[2026-02-24 16시57분45초	1771919865232]	0ms

[2026-02-24 16시57분45초	1771919865233]	오만7층 컨트롤러..
[2026-02-24 16시57분45초	1771919865233]	0ms

[2026-02-24 16시57분45초	1771919865233]	오만8층 컨트롤러..
[2026-02-24 16시57분45초	1771919865233]	0ms

[2026-02-24 16시57분45초	1771919865234]	오만9층 컨트롤러..
[2026-02-24 16시57분45초	1771919865234]	0ms

[2026-02-24 16시57분45초	1771919865235]	오만10층 컨트롤러..
[2026-02-24 16시57분45초	1771919865235]	0ms

[2026-02-24 16시57분45초	1771919865236]	오만정상 컨트롤러..
[2026-02-24 16시57분45초	1771919865236]	1ms

[2026-02-24 16시57분45초	1771919865236]	기감 컨트롤러..
[2026-02-24 16시57분45초	1771919865236]	0ms

[2026-02-24 16시57분45초	1771919865237]	고라스컨트롤러..
[2026-02-24 16시57분45초	1771919865237]	0ms

[2026-02-24 16시57분45초	1771919865238]	드워프컨트롤러..
[2026-02-24 16시57분45초	1771919865238]	0ms

[2026-02-24 16시57분45초	1771919865238]	타임이벤트컨트롤러..
[2026-02-24 16시57분45초	1771919865238]	0ms

[2026-02-24 16시57분45초	1771919865239]	AutoHuntController..
[2026-02-24 16시57분45초	1771919865239]	0ms

[2026-02-24 16시57분45초	1771919865253]	DatabaseConnection..
[2026-02-24 16시57분45초	1771919865517]	264ms

[2026-02-24 16시57분45초	1771919865540]	ServerDatabase..
[2026-02-24 16시57분45초	1771919865578]	38ms

[2026-02-24 16시57분45초	1771919865581]	SlimeRaceController..
[2026-02-24 16시57분45초	1771919865583]	2ms

[2026-02-24 16시57분45초	1771919865585]	DogRaceController..
[2026-02-24 16시57분45초	1771919865587]	1ms

[2026-02-24 16시57분45초	1771919865589]	ClanController..
[2026-02-24 16시57분45초	1771919865595]	6ms

[2026-02-24 16시57분45초	1771919865597]	KingdomController..
[2026-02-24 16시57분45초	1771919865603]	6ms

[2026-02-24 16시57분45초	1771919865604]	AgitController..
[2026-02-24 16시57분45초	1771919865609]	5ms

[2026-02-24 16시57분45초	1771919865610]	AuctionController..
[2026-02-24 16시57분45초	1771919865615]	5ms

[2026-02-24 16시57분45초	1771919865619]	ItemDatabase..
[2026-02-24 16시57분45초	1771919865712]	93ms

[2026-02-24 16시57분45초	1771919865713]	ItemSetopionDatabase..
[2026-02-24 16시57분45초	1771919865715]	2ms

[2026-02-24 16시57분45초	1771919865716]	AutosellDatabase..
[2026-02-24 16시57분45초	1771919865736]	20ms

[2026-02-24 16시57분45초	1771919865744]	ItemSkillDatabase..
[2026-02-24 16시57분45초	1771919865746]	2ms

[2026-02-24 16시57분45초	1771919865747]	ItemBundleDatabase..
[2026-02-24 16시57분45초	1771919865749]	2ms

[2026-02-24 16시57분45초	1771919865750]	ItemChanceBundleDatabase..
[2026-02-24 16시57분45초	1771919865753]	3ms

[2026-02-24 16시57분45초	1771919865754]	FishItemListDatabase..
[2026-02-24 16시57분45초	1771919865756]	2ms

[2026-02-24 16시57분45초	1771919865759]	ItemTeleport..
[2026-02-24 16시57분45초	1771919865761]	3ms

[2026-02-24 16시57분45초	1771919865763]	PolyDatabase..
[2026-02-24 16시57분45초	1771919865766]	3ms

[2026-02-24 16시57분45초	1771919865767]	DungeonDatabase..
[2026-02-24 16시57분45초	1771919865770]	3ms

[2026-02-24 16시57분45초	1771919865771]	DefiniteDatabase..
[2026-02-24 16시57분45초	1771919865773]	2ms

[2026-02-24 16시57분45초	1771919865773]	ExpDatabase..
[2026-02-24 16시57분45초	1771919865775]	2ms

[2026-02-24 16시57분45초	1771919865775]	BackgroundDatabase..
[2026-02-24 16시57분45초	1771919865907]	132ms

[2026-02-24 16시57분45초	1771919865907]	SpriteFrameDatabase..
[2026-02-24 16시57분45초	1771919865972]	65ms

[2026-02-24 16시57분45초	1771919865973]	SkillDatabase..
[2026-02-24 16시57분45초	1771919865976]	3ms

[2026-02-24 16시57분45초	1771919865977]	NpcDatabase..
[2026-02-24 16시57분45초	1771919865985]	8ms

[2026-02-24 16시57분45초	1771919865986]	NpcShopDatabase..
[2026-02-24 16시57분46초	1771919866046]	60ms

[2026-02-24 16시57분46초	1771919866047]	NpcTeleportDatabase..
[2026-02-24 16시57분46초	1771919866048]	1ms

[2026-02-24 16시57분46초	1771919866185]	NpcSpawnlistDatabase..
[2026-02-24 16시57분46초	1771919866251]	66ms

[2026-02-24 16시57분46초	1771919866253]	EventController..
[2026-02-24 16시57분46초	1771919866253]	0ms

[2026-02-24 16시57분46초	1771919866255]	MonsterDatabase..
[2026-02-24 16시57분46초	1771919866271]	16ms

[2026-02-24 16시57분46초	1771919866272]	MonsterDropDatabase..
[2026-02-24 16시57분46초	1771919866300]	28ms

[2026-02-24 16시57분46초	1771919866301]	MonsterSkillDatabase..
[2026-02-24 16시57분46초	1771919866317]	16ms

[2026-02-24 16시57분46초	1771919866319]	MonsterSpawnlistDatabase..
[2026-02-24 16시57분47초	1771919867566]	1247ms

[2026-02-24 16시57분47초	1771919867567]	MonsterBossSpawnlistDatabase..
[2026-02-24 16시57분47초	1771919867569]	2ms

[2026-02-24 16시57분47초	1771919867570]	ServerDownBossListDatabase..
[2026-02-24 16시57분47초	1771919867571]	1ms

[2026-02-24 16시57분47초	1771919867571]	BadIpDatabase..
[2026-02-24 16시57분47초	1771919867573]	2ms

[2026-02-24 16시57분47초	1771919867573]	QuestController..
[2026-02-24 16시57분47초	1771919867574]	1ms

[2026-02-24 16시57분47초	1771919867575]	ServerOpcodesDatabase..
[2026-02-24 16시57분47초	1771919867577]	2ms

[2026-02-24 16시57분47초	1771919867578]	ServerNoticeDatabase..
[2026-02-24 16시57분47초	1771919867579]	1ms

[2026-02-24 16시57분47초	1771919867581]	RankController..
[2026-02-24 16시57분47초	1771919867608]	27ms

[2026-02-24 16시57분47초	1771919867610]	WantedController..
[2026-02-24 16시57분47초	1771919867614]	4ms

[2026-02-24 16시57분47초	1771919867615]	TeleportHomeDatabase..
[2026-02-24 16시57분47초	1771919867641]	26ms

[2026-02-24 16시57분47초	1771919867642]	TeleportResetDatabase..
[2026-02-24 16시57분47초	1771919867670]	28ms

[2026-02-24 16시57분47초	1771919867671]	ItemPinewandDatabase..
[2026-02-24 16시57분47초	1771919867672]	1ms

[2026-02-24 16시57분47초	1771919867672]	ItemMaplewandDatabase..
[2026-02-24 16시57분47초	1771919867674]	2ms

[2026-02-24 16시57분47초	1771919867675]	SummonListDatabase..
[2026-02-24 16시57분47초	1771919867676]	1ms

[2026-02-24 16시57분47초	1771919867676]	GmListDatabase..
[2026-02-24 16시57분47초	1771919867678]	2ms

[2026-02-24 16시57분47초	1771919867679]	MagicdollListDatabase..
[2026-02-24 16시57분47초	1771919867680]	1ms

[2026-02-24 16시57분47초	1771919867684]	PcMarketController..
[2026-02-24 16시57분47초	1771919867686]	2ms

[2026-02-24 16시57분47초	1771919867687]	ServerOptionDatabase..
[2026-02-24 16시57분47초	1771919867687]	0ms

[2026-02-24 16시57분47초	1771919867688]	TimeDungeonDatabase..
[2026-02-24 16시57분47초	1771919867689]	1ms

[2026-02-24 16시57분47초	1771919867690]	TeamBattleDatabase..
[2026-02-24 16시57분47초	1771919867691]	1ms

[2026-02-24 16시57분47초	1771919867691]	LifeLostItemDatabase..
[2026-02-24 16시57분47초	1771919867693]	2ms

[2026-02-24 16시57분47초	1771919867694]	GmTeleportDatabase..
[2026-02-24 16시57분47초	1771919867695]	1ms

[2026-02-24 16시57분47초	1771919867697]	무인혈맹컨트롤러..
[2026-02-24 16시57분47초	1771919867699]	2ms

[2026-02-24 16시57분47초	1771919867700]	HackNoCheckDatabase..
[2026-02-24 16시57분47초	1771919867701]	1ms

[2026-02-24 16시57분47초	1771919867702]	EnchantLostItemDatabase..
[2026-02-24 16시57분47초	1771919867722]	20ms

[2026-02-24 16시57분47초	1771919867723]	ItemDropMessageDatabase..
[2026-02-24 16시57분47초	1771919867724]	1ms

[2026-02-24 16시57분47초	1771919867726]	FishingController..
[2026-02-24 16시57분48초	1771919868049]	323ms

[2026-02-24 16시57분48초	1771919868062]	RobotController..
[2026-02-24 16시57분48초	1771919868151]	89ms

[2026-02-24 16시57분48초	1771919868152]	Server..
[2026-02-24 16시57분48초	1771919868214]	62ms

[2026-02-24 16시57분48초	1771919868214]	ServerThread..
[2026-02-24 16시57분48초	1771919868215]	1ms

[2026-02-24 16시57분48초	1771919868216]	ControllerTherad..
[2026-02-24 16시57분48초	1771919868216]	0ms

[2026-02-24 16시57분48초	1771919868217]	CharacterThread..
[2026-02-24 16시57분48초	1771919868217]	0ms

[2026-02-24 16시57분48초	1771919868218]	DatabaseThread..
[2026-02-24 16시57분48초	1771919868218]	0ms

[2026-02-24 16시57분48초	1771919868219]	CharacterControlThread..
[2026-02-24 16시57분48초	1771919868219]	0ms

[2026-02-24 16시57분48초	1771919868264]	FightController..
[2026-02-24 16시57분48초	1771919868285]	21ms

[2026-02-24 16시57분48초	1771919868286]	TimeThread..
[2026-02-24 16시57분48초	1771919868286]	0ms

[2026-02-24 16시57분48초	1771919868287]	AutoHuntThread..
[2026-02-24 16시57분48초	1771919868287]	0ms

[2026-02-24 16시57분48초	1771919868287]	======================================================================
[2026-02-24 16시57분48초	1771919868288]	Server Version  :  Lineage 2.0

[2026-02-24 16시57분48초	1771919868288]	Server Port      :  2000

[2026-02-24 16시57분48초	1771919868288]	계정 자동생성  :  on

[2026-02-24 16시57분48초	1771919868288]	인챈트 : 1.0배  ||  드랍 : 3.0배  ||  경험치 : 30.0배  ||  아데나 : 12.0배  ||  파티 : 1.1배

[2026-02-24 16시57분48초	1771919868288]	======================================================================
[2026-02-24 16시57분48초	1771919868288]	'서버' 가동되었습니다.

[2026-02-24 16시58분38초	1771919918402]	_robot 테이블 리로드 완료 - 
[2026-02-24 16시58분38초	1771919918415]	13ms

[2026-02-24 17시00분48초	1771920048879]	자동 저장완료 2026-02-24 17시00분48초
[2026-02-24 17시03분49초	1771920229502]	자동 저장완료 2026-02-24 17시03분49초
[2026-02-24 17시06분50초	1771920410214]	자동 저장완료 2026-02-24 17시06분50초
[2026-02-24 17시09분30초	1771920570118]	item 테이블 리로드 완료 - 
[2026-02-24 17시09분30초	1771920570188]	70ms

[2026-02-24 17시09분50초	1771920590948]	자동 저장완료 2026-02-24 17시09분50초
[2026-02-24 17시12분51초	1771920771557]	자동 저장완료 2026-02-24 17시12분51초
[2026-02-24 17시13분26초	1771920806650]	서버가 즉시 종료됩니다...
[2026-02-24 17시13분27초	1771920807650]	Thread close..
[2026-02-24 17시13분28초	1771920808651]	Save Database..
[2026-02-24 17시13분29초	1771920809657]	Socket close..
[2026-02-24 17시13분29초	1771920809657]	LineageServer Close...
[2026-02-24 17시13분29초	1771920809657]	0ms

[2026-02-24 17시13분29초	1771920809657]	ok..
