[2026-01-12 21시54분27초	1768222467384]	Mysql..
[2026-01-12 21시54분27초	1768222467384]	2ms

[2026-01-12 21시54분27초	1768222467402]	lineage.conf file loading...
[2026-01-12 21시54분27초	1768222467432]	30ms

[2026-01-12 21시54분27초	1768222467439]	Lineage_Balance..
[2026-01-12 21시54분27초	1768222467447]	8ms

[2026-01-12 21시54분27초	1768222467448]	npc_promotion..
[2026-01-12 21시54분27초	1768222467449]	1ms

[2026-01-12 21시54분27초	1768222467450]	Socket..
[2026-01-12 21시54분27초	1768222467450]	0ms

[2026-01-12 21시54분27초	1768222467450]	Common..
[2026-01-12 21시54분27초	1768222467450]	0ms

[2026-01-12 21시54분27초	1768222467451]	EventThread..
[2026-01-12 21시54분27초	1768222467451]	0ms

[2026-01-12 21시54분27초	1768222467452]	AiExecuteThread..
[2026-01-12 21시54분27초	1768222467452]	0ms

[2026-01-12 21시54분27초	1768222467453]	AiThread..
[2026-01-12 21시54분27초	1768222467453]	0ms

[2026-01-12 21시54분27초	1768222467457]	World..
[2026-01-12 21시54분27초	1768222467550]	93ms

[2026-01-12 21시54분27초	1768222467552]	BookController..
[2026-01-12 21시54분27초	1768222467552]	0ms

[2026-01-12 21시54분27초	1768222467552]	InventoryController..
[2026-01-12 21시54분27초	1768222467553]	1ms

[2026-01-12 21시54분27초	1768222467553]	BasePacketPooling..
[2026-01-12 21시54분27초	1768222467553]	0ms

[2026-01-12 21시54분27초	1768222467556]	SkillController..
[2026-01-12 21시54분27초	1768222467556]	0ms

[2026-01-12 21시54분27초	1768222467571]	DamageController..
[2026-01-12 21시54분27초	1768222467571]	0ms

[2026-01-12 21시54분27초	1768222467573]	CharacterController..
[2026-01-12 21시54분27초	1768222467573]	0ms

[2026-01-12 21시54분27초	1768222467575]	TradeController..
[2026-01-12 21시54분27초	1768222467575]	0ms

[2026-01-12 21시54분27초	1768222467576]	DungeonController..
[2026-01-12 21시54분27초	1768222467576]	0ms

[2026-01-12 21시54분27초	1768222467576]	ShipController..
[2026-01-12 21시54분27초	1768222467576]	0ms

[2026-01-12 21시54분27초	1768222467577]	BuffController..
[2026-01-12 21시54분27초	1768222467577]	0ms

[2026-01-12 21시54분27초	1768222467582]	SummonController..
[2026-01-12 21시54분27초	1768222467582]	0ms

[2026-01-12 21시54분27초	1768222467583]	PartyController..
[2026-01-12 21시54분27초	1768222467583]	0ms

[2026-01-12 21시54분27초	1768222467584]	InnController..
[2026-01-12 21시54분27초	1768222467584]	0ms

[2026-01-12 21시54분27초	1768222467585]	BoardController..
[2026-01-12 21시54분27초	1768222467585]	0ms

[2026-01-12 21시54분27초	1768222467587]	LetterController..
[2026-01-12 21시54분27초	1768222467587]	0ms

[2026-01-12 21시54분27초	1768222467587]	UserShopController..
[2026-01-12 21시54분27초	1768222467587]	0ms

[2026-01-12 21시54분27초	1768222467589]	ChattingController..
[2026-01-12 21시54분27초	1768222467590]	1ms

[2026-01-12 21시54분27초	1768222467600]	ColosseumController..
[2026-01-12 21시54분27초	1768222467600]	0ms

[2026-01-12 21시54분27초	1768222467601]	CraftController..
[2026-01-12 21시54분27초	1768222467601]	0ms

[2026-01-12 21시54분27초	1768222467602]	BossController..
[2026-01-12 21시54분27초	1768222467602]	0ms

[2026-01-12 21시54분27초	1768222467603]	NoticeController..
[2026-01-12 21시54분27초	1768222467603]	0ms

[2026-01-12 21시54분27초	1768222467604]	FriendController..
[2026-01-12 21시54분27초	1768222467604]	0ms

[2026-01-12 21시54분27초	1768222467605]	BugScanningController..
[2026-01-12 21시54분27초	1768222467605]	0ms

[2026-01-12 21시54분27초	1768222467606]	MagicDollController..
[2026-01-12 21시54분27초	1768222467606]	0ms

[2026-01-12 21시54분27초	1768222467607]	ShopController..
[2026-01-12 21시54분27초	1768222467607]	0ms

[2026-01-12 21시54분27초	1768222467608]	WarehouseDatabase..
[2026-01-12 21시54분27초	1768222467609]	1ms

[2026-01-12 21시54분27초	1768222467610]	PakTools..
[2026-01-12 21시54분27초	1768222467611]	1ms

[2026-01-12 21시54분27초	1768222467612]	ScriptController...
[2026-01-12 21시54분27초	1768222467615]	3ms

[2026-01-12 21시54분27초	1768222467615]	GiranClanLordController..
[2026-01-12 21시54분27초	1768222467615]	0ms

[2026-01-12 21시54분27초	1768222467617]	TeamBattleController..
[2026-01-12 21시54분27초	1768222467617]	0ms

[2026-01-12 21시54분27초	1768222467618]	WorldClearController..
[2026-01-12 21시54분27초	1768222467618]	0ms

[2026-01-12 21시54분27초	1768222467618]	SpotController..
[2026-01-12 21시54분27초	1768222467621]	0ms

[2026-01-12 21시54분27초	1768222467622]	테베라스 컨트롤러..
[2026-01-12 21시54분27초	1768222467622]	0ms

[2026-01-12 21시54분27초	1768222467623]	지옥 컨트롤러..
[2026-01-12 21시54분27초	1768222467623]	0ms

[2026-01-12 21시54분27초	1768222467624]	지하수로 컨트롤러..
[2026-01-12 21시54분27초	1768222467624]	0ms

[2026-01-12 21시54분27초	1768222467624]	보물찾기컨트롤러..
[2026-01-12 21시54분27초	1768222467624]	0ms

[2026-01-12 21시54분27초	1768222467625]	마족신전 컨트롤러..
[2026-01-12 21시54분27초	1768222467625]	0ms

[2026-01-12 21시54분27초	1768222467626]	고무 컨트롤러..
[2026-01-12 21시54분27초	1768222467627]	정무던전 컨트롤러..
[2026-01-12 21시54분27초	1768222467631]	4ms

[2026-01-12 21시54분27초	1768222467631]	그신 컨트롤러..
[2026-01-12 21시54분27초	1768222467631]	0ms

[2026-01-12 21시54분27초	1768222467632]	라바던전 컨트롤러..
[2026-01-12 21시54분27초	1768222467632]	0ms

[2026-01-12 21시54분27초	1768222467633]	월드보스컨트롤러..
[2026-01-12 21시54분27초	1768222467633]	0ms

[2026-01-12 21시54분27초	1768222467633]	펭귄 사냥터 컨트롤러..
[2026-01-12 21시54분27초	1768222467633]	0ms

[2026-01-12 21시54분27초	1768222467634]	칠흑던전 컨트롤러..
[2026-01-12 21시54분27초	1768222467635]	악마왕의영토컨트롤러..
[2026-01-12 21시54분27초	1768222467635]	0ms

[2026-01-12 21시54분27초	1768222467635]	얼던컨트롤러..
[2026-01-12 21시54분27초	1768222467635]	0ms

[2026-01-12 21시54분27초	1768222467636]	기감 컨트롤러..
[2026-01-12 21시54분27초	1768222467636]	0ms

[2026-01-12 21시54분27초	1768222467637]	고라스컨트롤러..
[2026-01-12 21시54분27초	1768222467637]	0ms

[2026-01-12 21시54분27초	1768222467638]	드워프컨트롤러..
[2026-01-12 21시54분27초	1768222467638]	0ms

[2026-01-12 21시54분27초	1768222467638]	타임이벤트컨트롤러..
[2026-01-12 21시54분27초	1768222467638]	0ms

[2026-01-12 21시54분27초	1768222467646]	AutoHuntController..
[2026-01-12 21시54분27초	1768222467647]	1ms

[2026-01-12 21시54분27초	1768222467661]	DatabaseConnection..
[2026-01-12 21시54분27초	1768222467943]	282ms

[2026-01-12 21시54분27초	1768222467956]	ServerDatabase..
[2026-01-12 21시54분27초	1768222467991]	35ms

[2026-01-12 21시54분27초	1768222467993]	SlimeRaceController..
[2026-01-12 21시54분27초	1768222467995]	2ms

[2026-01-12 21시54분27초	1768222467996]	DogRaceController..
[2026-01-12 21시54분27초	1768222467997]	1ms

[2026-01-12 21시54분28초	1768222468000]	ClanController..
[2026-01-12 21시54분28초	1768222468005]	5ms

[2026-01-12 21시54분28초	1768222468007]	KingdomController..
[2026-01-12 21시54분28초	1768222468012]	5ms

[2026-01-12 21시54분28초	1768222468013]	AgitController..
[2026-01-12 21시54분28초	1768222468017]	4ms

[2026-01-12 21시54분28초	1768222468018]	AuctionController..
[2026-01-12 21시54분28초	1768222468023]	5ms

[2026-01-12 21시54분28초	1768222468027]	ItemDatabase..
[2026-01-12 21시54분28초	1768222468126]	99ms

[2026-01-12 21시54분28초	1768222468127]	ItemSetopionDatabase..
[2026-01-12 21시54분28초	1768222468129]	2ms

[2026-01-12 21시54분28초	1768222468130]	AutosellDatabase..
[2026-01-12 21시54분28초	1768222468150]	20ms

[2026-01-12 21시54분28초	1768222468151]	ItemSkillDatabase..
[2026-01-12 21시54분28초	1768222468153]	2ms

[2026-01-12 21시54분28초	1768222468154]	ItemBundleDatabase..
[2026-01-12 21시54분28초	1768222468156]	2ms

[2026-01-12 21시54분28초	1768222468157]	ItemChanceBundleDatabase..
[2026-01-12 21시54분28초	1768222468160]	3ms

[2026-01-12 21시54분28초	1768222468161]	FishItemListDatabase..
[2026-01-12 21시54분28초	1768222468163]	2ms

[2026-01-12 21시54분28초	1768222468164]	ItemTeleport..
[2026-01-12 21시54분28초	1768222468166]	2ms

[2026-01-12 21시54분28초	1768222468167]	PolyDatabase..
[2026-01-12 21시54분28초	1768222468170]	2ms

[2026-01-12 21시54분28초	1768222468170]	DungeonDatabase..
[2026-01-12 21시54분28초	1768222468174]	4ms

[2026-01-12 21시54분28초	1768222468175]	DefiniteDatabase..
[2026-01-12 21시54분28초	1768222468176]	1ms

[2026-01-12 21시54분28초	1768222468177]	ExpDatabase..
[2026-01-12 21시54분28초	1768222468178]	1ms

[2026-01-12 21시54분28초	1768222468178]	BackgroundDatabase..
[2026-01-12 21시54분28초	1768222468300]	122ms

[2026-01-12 21시54분28초	1768222468300]	SpriteFrameDatabase..
[2026-01-12 21시54분28초	1768222468357]	56ms

[2026-01-12 21시54분28초	1768222468358]	SkillDatabase..
[2026-01-12 21시54분28초	1768222468360]	2ms

[2026-01-12 21시54분28초	1768222468360]	NpcDatabase..
[2026-01-12 21시54분28초	1768222468367]	7ms

[2026-01-12 21시54분28초	1768222468368]	NpcShopDatabase..
[2026-01-12 21시54분28초	1768222468433]	65ms

[2026-01-12 21시54분28초	1768222468433]	NpcTeleportDatabase..
[2026-01-12 21시54분28초	1768222468434]	1ms

[2026-01-12 21시54분28초	1768222468566]	NpcSpawnlistDatabase..
[2026-01-12 21시54분28초	1768222468638]	71ms

[2026-01-12 21시54분28초	1768222468639]	EventController..
[2026-01-12 21시54분28초	1768222468639]	0ms

[2026-01-12 21시54분28초	1768222468640]	MonsterDatabase..
[2026-01-12 21시54분28초	1768222468654]	14ms

[2026-01-12 21시54분28초	1768222468655]	MonsterDropDatabase..
[2026-01-12 21시54분28초	1768222468682]	27ms

[2026-01-12 21시54분28초	1768222468683]	MonsterSkillDatabase..
[2026-01-12 21시54분28초	1768222468696]	13ms

[2026-01-12 21시54분28초	1768222468698]	MonsterSpawnlistDatabase..
[2026-01-12 21시54분29초	1768222469801]	1103ms

[2026-01-12 21시54분29초	1768222469802]	MonsterBossSpawnlistDatabase..
[2026-01-12 21시54분29초	1768222469804]	2ms

[2026-01-12 21시54분29초	1768222469804]	ServerDownBossListDatabase..
[2026-01-12 21시54분29초	1768222469805]	1ms

[2026-01-12 21시54분29초	1768222469805]	BadIpDatabase..
[2026-01-12 21시54분29초	1768222469807]	2ms

[2026-01-12 21시54분29초	1768222469807]	QuestController..
[2026-01-12 21시54분29초	1768222469809]	1ms

[2026-01-12 21시54분29초	1768222469809]	ServerOpcodesDatabase..
[2026-01-12 21시54분29초	1768222469812]	3ms

[2026-01-12 21시54분29초	1768222469813]	ServerNoticeDatabase..
[2026-01-12 21시54분29초	1768222469814]	1ms

[2026-01-12 21시54분29초	1768222469816]	RankController..
[2026-01-12 21시54분29초	1768222469840]	24ms

[2026-01-12 21시54분29초	1768222469843]	WantedController..
[2026-01-12 21시54분29초	1768222469848]	5ms

[2026-01-12 21시54분29초	1768222469848]	TeleportHomeDatabase..
[2026-01-12 21시54분29초	1768222469879]	31ms

[2026-01-12 21시54분29초	1768222469879]	TeleportResetDatabase..
[2026-01-12 21시54분29초	1768222469909]	30ms

[2026-01-12 21시54분29초	1768222469909]	ItemPinewandDatabase..
[2026-01-12 21시54분29초	1768222469911]	2ms

[2026-01-12 21시54분29초	1768222469911]	ItemMaplewandDatabase..
[2026-01-12 21시54분29초	1768222469912]	1ms

[2026-01-12 21시54분29초	1768222469913]	SummonListDatabase..
[2026-01-12 21시54분29초	1768222469914]	1ms

[2026-01-12 21시54분29초	1768222469915]	GmListDatabase..
[2026-01-12 21시54분29초	1768222469915]	0ms

[2026-01-12 21시54분29초	1768222469917]	MagicdollListDatabase..
[2026-01-12 21시54분29초	1768222469918]	1ms

[2026-01-12 21시54분29초	1768222469922]	PcMarketController..
[2026-01-12 21시54분29초	1768222469922]	0ms

[2026-01-12 21시54분29초	1768222469923]	ServerOptionDatabase..
[2026-01-12 21시54분29초	1768222469923]	0ms

[2026-01-12 21시54분29초	1768222469924]	TimeDungeonDatabase..
[2026-01-12 21시54분29초	1768222469925]	1ms

[2026-01-12 21시54분29초	1768222469925]	TeamBattleDatabase..
[2026-01-12 21시54분29초	1768222469926]	1ms

[2026-01-12 21시54분29초	1768222469927]	LifeLostItemDatabase..
[2026-01-12 21시54분29초	1768222469928]	1ms

[2026-01-12 21시54분29초	1768222469929]	GmTeleportDatabase..
[2026-01-12 21시54분29초	1768222469930]	1ms

[2026-01-12 21시54분29초	1768222469932]	무인혈맹컨트롤러..
[2026-01-12 21시54분29초	1768222469934]	1ms

[2026-01-12 21시54분29초	1768222469934]	HackNoCheckDatabase..
[2026-01-12 21시54분29초	1768222469935]	1ms

[2026-01-12 21시54분29초	1768222469936]	EnchantLostItemDatabase..
[2026-01-12 21시54분29초	1768222469961]	25ms

[2026-01-12 21시54분29초	1768222469962]	ItemDropMessageDatabase..
[2026-01-12 21시54분29초	1768222469963]	1ms

[2026-01-12 21시54분29초	1768222469965]	FishingController..
[2026-01-12 21시54분30초	1768222470233]	268ms

[2026-01-12 21시54분30초	1768222470248]	RobotController..
[2026-01-12 21시54분30초	1768222470346]	98ms

[2026-01-12 21시54분30초	1768222470351]	Server..
[2026-01-12 21시54분30초	1768222470418]	67ms

[2026-01-12 21시54분30초	1768222470419]	ServerThread..
[2026-01-12 21시54분30초	1768222470419]	0ms

[2026-01-12 21시54분30초	1768222470420]	ControllerTherad..
[2026-01-12 21시54분30초	1768222470420]	0ms

[2026-01-12 21시54분30초	1768222470421]	CharacterThread..
[2026-01-12 21시54분30초	1768222470422]	1ms

[2026-01-12 21시54분30초	1768222470423]	DatabaseThread..
[2026-01-12 21시54분30초	1768222470423]	0ms

[2026-01-12 21시54분30초	1768222470425]	CharacterControlThread..
[2026-01-12 21시54분30초	1768222470425]	0ms

[2026-01-12 21시54분30초	1768222470431]	FightController..
[2026-01-12 21시54분30초	1768222470494]	63ms

[2026-01-12 21시54분30초	1768222470495]	TimeThread..
[2026-01-12 21시54분30초	1768222470495]	0ms

[2026-01-12 21시54분30초	1768222470495]	AutoHuntThread..
[2026-01-12 21시54분30초	1768222470496]	1ms

[2026-01-12 21시54분30초	1768222470496]	======================================================================
[2026-01-12 21시54분30초	1768222470496]	Server Version  :  Lineage 2.0

[2026-01-12 21시54분30초	1768222470496]	Server Port      :  2000

[2026-01-12 21시54분30초	1768222470496]	계정 자동생성  :  on

[2026-01-12 21시54분30초	1768222470496]	인챈트 : 1.0배  ||  드랍 : 3.0배  ||  경험치 : 30.0배  ||  아데나 : 12.0배  ||  파티 : 1.1배

[2026-01-12 21시54분30초	1768222470496]	======================================================================
[2026-01-12 21시54분30초	1768222470496]	'서버' 가동되었습니다.

[2026-01-12 21시56분05초	1768222565193]	서버가 즉시 종료됩니다...
[2026-01-12 21시56분06초	1768222566193]	Thread close..
[2026-01-12 21시56분07초	1768222567194]	Save Database..
[2026-01-12 21시56분08초	1768222568145]	Socket close..
[2026-01-12 21시56분08초	1768222568145]	LineageServer Close...
[2026-01-12 21시56분08초	1768222568145]	0ms

[2026-01-12 21시56분08초	1768222568145]	ok..
