[2026-01-12 21시13분32초	1768220012336]	Mysql..
[2026-01-12 21시13분32초	1768220012337]	2ms

[2026-01-12 21시13분32초	1768220012355]	lineage.conf file loading...
[2026-01-12 21시13분32초	1768220012389]	34ms

[2026-01-12 21시13분32초	1768220012397]	Lineage_Balance..
[2026-01-12 21시13분32초	1768220012407]	10ms

[2026-01-12 21시13분32초	1768220012408]	npc_promotion..
[2026-01-12 21시13분32초	1768220012408]	0ms

[2026-01-12 21시13분32초	1768220012411]	Socket..
[2026-01-12 21시13분32초	1768220012412]	1ms

[2026-01-12 21시13분32초	1768220012412]	Common..
[2026-01-12 21시13분32초	1768220012412]	0ms

[2026-01-12 21시13분32초	1768220012413]	EventThread..
[2026-01-12 21시13분32초	1768220012413]	0ms

[2026-01-12 21시13분32초	1768220012414]	AiExecuteThread..
[2026-01-12 21시13분32초	1768220012414]	0ms

[2026-01-12 21시13분32초	1768220012415]	AiThread..
[2026-01-12 21시13분32초	1768220012415]	0ms

[2026-01-12 21시13분32초	1768220012426]	World..
[2026-01-12 21시13분32초	1768220012519]	93ms

[2026-01-12 21시13분32초	1768220012521]	BookController..
[2026-01-12 21시13분32초	1768220012521]	0ms

[2026-01-12 21시13분32초	1768220012522]	InventoryController..
[2026-01-12 21시13분32초	1768220012522]	0ms

[2026-01-12 21시13분32초	1768220012522]	BasePacketPooling..
[2026-01-12 21시13분32초	1768220012522]	0ms

[2026-01-12 21시13분32초	1768220012525]	SkillController..
[2026-01-12 21시13분32초	1768220012525]	0ms

[2026-01-12 21시13분32초	1768220012539]	DamageController..
[2026-01-12 21시13분32초	1768220012539]	0ms

[2026-01-12 21시13분32초	1768220012541]	CharacterController..
[2026-01-12 21시13분32초	1768220012541]	0ms

[2026-01-12 21시13분32초	1768220012542]	TradeController..
[2026-01-12 21시13분32초	1768220012542]	0ms

[2026-01-12 21시13분32초	1768220012543]	DungeonController..
[2026-01-12 21시13분32초	1768220012543]	0ms

[2026-01-12 21시13분32초	1768220012544]	ShipController..
[2026-01-12 21시13분32초	1768220012544]	0ms

[2026-01-12 21시13분32초	1768220012545]	BuffController..
[2026-01-12 21시13분32초	1768220012545]	0ms

[2026-01-12 21시13분32초	1768220012549]	SummonController..
[2026-01-12 21시13분32초	1768220012549]	0ms

[2026-01-12 21시13분32초	1768220012549]	PartyController..
[2026-01-12 21시13분32초	1768220012549]	0ms

[2026-01-12 21시13분32초	1768220012550]	InnController..
[2026-01-12 21시13분32초	1768220012550]	0ms

[2026-01-12 21시13분32초	1768220012552]	BoardController..
[2026-01-12 21시13분32초	1768220012552]	0ms

[2026-01-12 21시13분32초	1768220012554]	LetterController..
[2026-01-12 21시13분32초	1768220012554]	0ms

[2026-01-12 21시13분32초	1768220012555]	UserShopController..
[2026-01-12 21시13분32초	1768220012555]	0ms

[2026-01-12 21시13분32초	1768220012556]	ChattingController..
[2026-01-12 21시13분32초	1768220012557]	1ms

[2026-01-12 21시13분32초	1768220012559]	ColosseumController..
[2026-01-12 21시13분32초	1768220012559]	0ms

[2026-01-12 21시13분32초	1768220012560]	CraftController..
[2026-01-12 21시13분32초	1768220012560]	0ms

[2026-01-12 21시13분32초	1768220012561]	BossController..
[2026-01-12 21시13분32초	1768220012561]	0ms

[2026-01-12 21시13분32초	1768220012562]	NoticeController..
[2026-01-12 21시13분32초	1768220012562]	0ms

[2026-01-12 21시13분32초	1768220012563]	FriendController..
[2026-01-12 21시13분32초	1768220012563]	0ms

[2026-01-12 21시13분32초	1768220012564]	BugScanningController..
[2026-01-12 21시13분32초	1768220012564]	0ms

[2026-01-12 21시13분32초	1768220012565]	MagicDollController..
[2026-01-12 21시13분32초	1768220012565]	0ms

[2026-01-12 21시13분32초	1768220012566]	ShopController..
[2026-01-12 21시13분32초	1768220012567]	1ms

[2026-01-12 21시13분32초	1768220012568]	WarehouseDatabase..
[2026-01-12 21시13분32초	1768220012568]	0ms

[2026-01-12 21시13분32초	1768220012577]	PakTools..
[2026-01-12 21시13분32초	1768220012579]	2ms

[2026-01-12 21시13분32초	1768220012579]	ScriptController...
[2026-01-12 21시13분32초	1768220012583]	4ms

[2026-01-12 21시13분32초	1768220012584]	GiranClanLordController..
[2026-01-12 21시13분32초	1768220012584]	0ms

[2026-01-12 21시13분32초	1768220012585]	TeamBattleController..
[2026-01-12 21시13분32초	1768220012585]	0ms

[2026-01-12 21시13분32초	1768220012586]	WorldClearController..
[2026-01-12 21시13분32초	1768220012586]	0ms

[2026-01-12 21시13분32초	1768220012587]	SpotController..
[2026-01-12 21시13분32초	1768220012587]	0ms

[2026-01-12 21시13분32초	1768220012588]	테베라스 컨트롤러..
[2026-01-12 21시13분32초	1768220012588]	0ms

[2026-01-12 21시13분32초	1768220012588]	지옥 컨트롤러..
[2026-01-12 21시13분32초	1768220012589]	1ms

[2026-01-12 21시13분32초	1768220012589]	지하수로 컨트롤러..
[2026-01-12 21시13분32초	1768220012589]	0ms

[2026-01-12 21시13분32초	1768220012590]	보물찾기컨트롤러..
[2026-01-12 21시13분32초	1768220012590]	0ms

[2026-01-12 21시13분32초	1768220012591]	마족신전 컨트롤러..
[2026-01-12 21시13분32초	1768220012591]	0ms

[2026-01-12 21시13분32초	1768220012591]	고무 컨트롤러..
[2026-01-12 21시13분32초	1768220012592]	정무던전 컨트롤러..
[2026-01-12 21시13분32초	1768220012596]	4ms

[2026-01-12 21시13분32초	1768220012597]	그신 컨트롤러..
[2026-01-12 21시13분32초	1768220012597]	0ms

[2026-01-12 21시13분32초	1768220012598]	라바던전 컨트롤러..
[2026-01-12 21시13분32초	1768220012598]	0ms

[2026-01-12 21시13분32초	1768220012599]	월드보스컨트롤러..
[2026-01-12 21시13분32초	1768220012599]	0ms

[2026-01-12 21시13분32초	1768220012600]	펭귄 사냥터 컨트롤러..
[2026-01-12 21시13분32초	1768220012600]	0ms

[2026-01-12 21시13분32초	1768220012601]	칠흑던전 컨트롤러..
[2026-01-12 21시13분32초	1768220012602]	악마왕의영토컨트롤러..
[2026-01-12 21시13분32초	1768220012602]	0ms

[2026-01-12 21시13분32초	1768220012602]	얼던컨트롤러..
[2026-01-12 21시13분32초	1768220012603]	1ms

[2026-01-12 21시13분32초	1768220012603]	기감 컨트롤러..
[2026-01-12 21시13분32초	1768220012603]	0ms

[2026-01-12 21시13분32초	1768220012604]	고라스컨트롤러..
[2026-01-12 21시13분32초	1768220012604]	0ms

[2026-01-12 21시13분32초	1768220012605]	드워프컨트롤러..
[2026-01-12 21시13분32초	1768220012605]	0ms

[2026-01-12 21시13분32초	1768220012606]	타임이벤트컨트롤러..
[2026-01-12 21시13분32초	1768220012606]	0ms

[2026-01-12 21시13분32초	1768220012606]	AutoHuntController..
[2026-01-12 21시13분32초	1768220012606]	0ms

[2026-01-12 21시13분32초	1768220012621]	DatabaseConnection..
[2026-01-12 21시13분32초	1768220012974]	353ms

[2026-01-12 21시13분32초	1768220012994]	ServerDatabase..
[2026-01-12 21시13분33초	1768220013040]	46ms

[2026-01-12 21시13분33초	1768220013043]	SlimeRaceController..
[2026-01-12 21시13분33초	1768220013046]	3ms

[2026-01-12 21시13분33초	1768220013048]	DogRaceController..
[2026-01-12 21시13분33초	1768220013050]	2ms

[2026-01-12 21시13분33초	1768220013053]	ClanController..
[2026-01-12 21시13분33초	1768220013060]	7ms

[2026-01-12 21시13분33초	1768220013063]	KingdomController..
[2026-01-12 21시13분33초	1768220013072]	9ms

[2026-01-12 21시13분33초	1768220013074]	AgitController..
[2026-01-12 21시13분33초	1768220013080]	6ms

[2026-01-12 21시13분33초	1768220013082]	AuctionController..
[2026-01-12 21시13분33초	1768220013088]	6ms

[2026-01-12 21시13분33초	1768220013093]	ItemDatabase..
[2026-01-12 21시13분33초	1768220013230]	137ms

[2026-01-12 21시13분33초	1768220013232]	ItemSetopionDatabase..
[2026-01-12 21시13분33초	1768220013236]	4ms

[2026-01-12 21시13분33초	1768220013237]	AutosellDatabase..
[2026-01-12 21시13분33초	1768220013258]	21ms

[2026-01-12 21시13분33초	1768220013259]	ItemSkillDatabase..
[2026-01-12 21시13분33초	1768220013262]	3ms

[2026-01-12 21시13분33초	1768220013262]	ItemBundleDatabase..
[2026-01-12 21시13분33초	1768220013267]	5ms

[2026-01-12 21시13분33초	1768220013268]	ItemChanceBundleDatabase..
[2026-01-12 21시13분33초	1768220013273]	5ms

[2026-01-12 21시13분33초	1768220013274]	FishItemListDatabase..
[2026-01-12 21시13분33초	1768220013276]	2ms

[2026-01-12 21시13분33초	1768220013277]	ItemTeleport..
[2026-01-12 21시13분33초	1768220013281]	4ms

[2026-01-12 21시13분33초	1768220013283]	PolyDatabase..
[2026-01-12 21시13분33초	1768220013287]	4ms

[2026-01-12 21시13분33초	1768220013288]	DungeonDatabase..
[2026-01-12 21시13분33초	1768220013295]	7ms

[2026-01-12 21시13분33초	1768220013296]	DefiniteDatabase..
[2026-01-12 21시13분33초	1768220013300]	4ms

[2026-01-12 21시13분33초	1768220013301]	ExpDatabase..
[2026-01-12 21시13분33초	1768220013305]	4ms

[2026-01-12 21시13분33초	1768220013305]	BackgroundDatabase..
[2026-01-12 21시13분33초	1768220013474]	169ms

[2026-01-12 21시13분33초	1768220013474]	SpriteFrameDatabase..
[2026-01-12 21시13분33초	1768220013538]	64ms

[2026-01-12 21시13분33초	1768220013540]	SkillDatabase..
[2026-01-12 21시13분33초	1768220013543]	3ms

[2026-01-12 21시13분33초	1768220013544]	NpcDatabase..
[2026-01-12 21시13분33초	1768220013552]	8ms

[2026-01-12 21시13분33초	1768220013553]	NpcShopDatabase..
[2026-01-12 21시13분33초	1768220013623]	69ms

[2026-01-12 21시13분33초	1768220013626]	NpcTeleportDatabase..
[2026-01-12 21시13분33초	1768220013635]	9ms

[2026-01-12 21시13분33초	1768220013805]	NpcSpawnlistDatabase..
[2026-01-12 21시13분33초	1768220013872]	67ms

[2026-01-12 21시13분33초	1768220013875]	EventController..
[2026-01-12 21시13분33초	1768220013875]	0ms

[2026-01-12 21시13분33초	1768220013877]	MonsterDatabase..
[2026-01-12 21시13분33초	1768220013895]	18ms

[2026-01-12 21시13분33초	1768220013896]	MonsterDropDatabase..
[2026-01-12 21시13분33초	1768220013924]	28ms

[2026-01-12 21시13분33초	1768220013925]	MonsterSkillDatabase..
[2026-01-12 21시13분33초	1768220013941]	16ms

[2026-01-12 21시13분33초	1768220013943]	MonsterSpawnlistDatabase..
[2026-01-12 21시13분35초	1768220015322]	1379ms

[2026-01-12 21시13분35초	1768220015323]	MonsterBossSpawnlistDatabase..
[2026-01-12 21시13분35초	1768220015327]	4ms

[2026-01-12 21시13분35초	1768220015327]	ServerDownBossListDatabase..
[2026-01-12 21시13분35초	1768220015328]	1ms

[2026-01-12 21시13분35초	1768220015329]	BadIpDatabase..
[2026-01-12 21시13분35초	1768220015332]	3ms

[2026-01-12 21시13분35초	1768220015332]	QuestController..
[2026-01-12 21시13분35초	1768220015335]	3ms

[2026-01-12 21시13분35초	1768220015335]	ServerOpcodesDatabase..
[2026-01-12 21시13분35초	1768220015339]	4ms

[2026-01-12 21시13분35초	1768220015340]	ServerNoticeDatabase..
[2026-01-12 21시13분35초	1768220015343]	3ms

[2026-01-12 21시13분35초	1768220015344]	RankController..
[2026-01-12 21시13분35초	1768220015375]	31ms

[2026-01-12 21시13분35초	1768220015377]	WantedController..
[2026-01-12 21시13분35초	1768220015382]	5ms

[2026-01-12 21시13분35초	1768220015383]	TeleportHomeDatabase..
[2026-01-12 21시13분35초	1768220015415]	32ms

[2026-01-12 21시13분35초	1768220015416]	TeleportResetDatabase..
[2026-01-12 21시13분35초	1768220015448]	32ms

[2026-01-12 21시13분35초	1768220015449]	ItemPinewandDatabase..
[2026-01-12 21시13분35초	1768220015452]	3ms

[2026-01-12 21시13분35초	1768220015453]	ItemMaplewandDatabase..
[2026-01-12 21시13분35초	1768220015455]	2ms

[2026-01-12 21시13분35초	1768220015456]	SummonListDatabase..
[2026-01-12 21시13분35초	1768220015458]	2ms

[2026-01-12 21시13분35초	1768220015459]	GmListDatabase..
[2026-01-12 21시13분35초	1768220015460]	1ms

[2026-01-12 21시13분35초	1768220015462]	MagicdollListDatabase..
[2026-01-12 21시13분35초	1768220015465]	3ms

[2026-01-12 21시13분35초	1768220015470]	PcMarketController..
[2026-01-12 21시13분35초	1768220015472]	1ms

[2026-01-12 21시13분35초	1768220015472]	ServerOptionDatabase..
[2026-01-12 21시13분35초	1768220015473]	1ms

[2026-01-12 21시13분35초	1768220015474]	TimeDungeonDatabase..
[2026-01-12 21시13분35초	1768220015475]	1ms

[2026-01-12 21시13분35초	1768220015476]	TeamBattleDatabase..
[2026-01-12 21시13분35초	1768220015477]	1ms

[2026-01-12 21시13분35초	1768220015478]	LifeLostItemDatabase..
[2026-01-12 21시13분35초	1768220015479]	1ms

[2026-01-12 21시13분35초	1768220015480]	GmTeleportDatabase..
[2026-01-12 21시13분35초	1768220015482]	2ms

[2026-01-12 21시13분35초	1768220015485]	무인혈맹컨트롤러..
[2026-01-12 21시13분35초	1768220015487]	2ms

[2026-01-12 21시13분35초	1768220015488]	HackNoCheckDatabase..
[2026-01-12 21시13분35초	1768220015489]	1ms

[2026-01-12 21시13분35초	1768220015490]	EnchantLostItemDatabase..
[2026-01-12 21시13분35초	1768220015514]	24ms

[2026-01-12 21시13분35초	1768220015515]	ItemDropMessageDatabase..
[2026-01-12 21시13분35초	1768220015516]	1ms

[2026-01-12 21시13분35초	1768220015518]	FishingController..
[2026-01-12 21시13분35초	1768220015822]	304ms

[2026-01-12 21시13분35초	1768220015838]	RobotController..
[2026-01-12 21시13분35초	1768220015947]	109ms

[2026-01-12 21시13분35초	1768220015950]	Server..
[2026-01-12 21시13분36초	1768220016035]	85ms

[2026-01-12 21시13분36초	1768220016036]	ServerThread..
[2026-01-12 21시13분36초	1768220016036]	0ms

[2026-01-12 21시13분36초	1768220016038]	ControllerTherad..
[2026-01-12 21시13분36초	1768220016038]	0ms

[2026-01-12 21시13분36초	1768220016039]	CharacterThread..
[2026-01-12 21시13분36초	1768220016039]	0ms

[2026-01-12 21시13분36초	1768220016041]	DatabaseThread..
[2026-01-12 21시13분36초	1768220016043]	2ms

[2026-01-12 21시13분36초	1768220016044]	CharacterControlThread..
[2026-01-12 21시13분36초	1768220016045]	1ms

[2026-01-12 21시13분36초	1768220016091]	FightController..
[2026-01-12 21시13분36초	1768220016110]	19ms

[2026-01-12 21시13분36초	1768220016111]	TimeThread..
[2026-01-12 21시13분36초	1768220016111]	0ms

[2026-01-12 21시13분36초	1768220016112]	AutoHuntThread..
[2026-01-12 21시13분36초	1768220016112]	0ms

[2026-01-12 21시13분36초	1768220016112]	======================================================================
[2026-01-12 21시13분36초	1768220016113]	Server Version  :  Lineage 2.0

[2026-01-12 21시13분36초	1768220016113]	Server Port      :  2000

[2026-01-12 21시13분36초	1768220016113]	계정 자동생성  :  on

[2026-01-12 21시13분36초	1768220016113]	인챈트 : 1.0배  ||  드랍 : 3.0배  ||  경험치 : 30.0배  ||  아데나 : 12.0배  ||  파티 : 1.1배

[2026-01-12 21시13분36초	1768220016113]	======================================================================
[2026-01-12 21시13분36초	1768220016113]	'서버' 가동되었습니다.

