[2026-02-24 16시35분53초	1771918553618]	Mysql..
[2026-02-24 16시35분53초	1771918553619]	1ms

[2026-02-24 16시35분53초	1771918553637]	lineage.conf file loading...
[2026-02-24 16시35분53초	1771918553666]	29ms

[2026-02-24 16시35분53초	1771918553673]	Lineage_Balance..
[2026-02-24 16시35분53초	1771918553681]	9ms

[2026-02-24 16시35분53초	1771918553682]	npc_promotion..
[2026-02-24 16시35분53초	1771918553682]	0ms

[2026-02-24 16시35분53초	1771918553691]	Socket..
[2026-02-24 16시35분53초	1771918553691]	0ms

[2026-02-24 16시35분53초	1771918553691]	Common..
[2026-02-24 16시35분53초	1771918553692]	1ms

[2026-02-24 16시35분53초	1771918553692]	EventThread..
[2026-02-24 16시35분53초	1771918553693]	1ms

[2026-02-24 16시35분53초	1771918553693]	AiExecuteThread..
[2026-02-24 16시35분53초	1771918553694]	1ms

[2026-02-24 16시35분53초	1771918553694]	AiThread..
[2026-02-24 16시35분53초	1771918553695]	1ms

[2026-02-24 16시35분53초	1771918553698]	World..
[2026-02-24 16시35분53초	1771918553777]	79ms

[2026-02-24 16시35분53초	1771918553779]	BookController..
[2026-02-24 16시35분53초	1771918553779]	0ms

[2026-02-24 16시35분53초	1771918553779]	InventoryController..
[2026-02-24 16시35분53초	1771918553779]	0ms

[2026-02-24 16시35분53초	1771918553780]	BasePacketPooling..
[2026-02-24 16시35분53초	1771918553780]	0ms

[2026-02-24 16시35분53초	1771918553782]	SkillController..
[2026-02-24 16시35분53초	1771918553782]	0ms

[2026-02-24 16시35분53초	1771918553791]	DamageController..
[2026-02-24 16시35분53초	1771918553791]	0ms

[2026-02-24 16시35분53초	1771918553798]	CharacterController..
[2026-02-24 16시35분53초	1771918553799]	1ms

[2026-02-24 16시35분53초	1771918553799]	TradeController..
[2026-02-24 16시35분53초	1771918553799]	0ms

[2026-02-24 16시35분53초	1771918553800]	DungeonController..
[2026-02-24 16시35분53초	1771918553800]	0ms

[2026-02-24 16시35분53초	1771918553801]	ShipController..
[2026-02-24 16시35분53초	1771918553801]	0ms

[2026-02-24 16시35분53초	1771918553801]	BuffController..
[2026-02-24 16시35분53초	1771918553801]	0ms

[2026-02-24 16시35분53초	1771918553805]	SummonController..
[2026-02-24 16시35분53초	1771918553805]	0ms

[2026-02-24 16시35분53초	1771918553813]	PartyController..
[2026-02-24 16시35분53초	1771918553813]	0ms

[2026-02-24 16시35분53초	1771918553814]	InnController..
[2026-02-24 16시35분53초	1771918553814]	0ms

[2026-02-24 16시35분53초	1771918553815]	BoardController..
[2026-02-24 16시35분53초	1771918553815]	0ms

[2026-02-24 16시35분53초	1771918553817]	LetterController..
[2026-02-24 16시35분53초	1771918553817]	0ms

[2026-02-24 16시35분53초	1771918553818]	UserShopController..
[2026-02-24 16시35분53초	1771918553818]	0ms

[2026-02-24 16시35분53초	1771918553819]	ChattingController..
[2026-02-24 16시35분53초	1771918553820]	1ms

[2026-02-24 16시35분53초	1771918553822]	ColosseumController..
[2026-02-24 16시35분53초	1771918553822]	0ms

[2026-02-24 16시35분53초	1771918553823]	CraftController..
[2026-02-24 16시35분53초	1771918553823]	0ms

[2026-02-24 16시35분53초	1771918553824]	BossController..
[2026-02-24 16시35분53초	1771918553824]	0ms

[2026-02-24 16시35분53초	1771918553825]	NoticeController..
[2026-02-24 16시35분53초	1771918553826]	1ms

[2026-02-24 16시35분53초	1771918553826]	FriendController..
[2026-02-24 16시35분53초	1771918553826]	0ms

[2026-02-24 16시35분53초	1771918553827]	BugScanningController..
[2026-02-24 16시35분53초	1771918553827]	0ms

[2026-02-24 16시35분53초	1771918553828]	MagicDollController..
[2026-02-24 16시35분53초	1771918553828]	0ms

[2026-02-24 16시35분53초	1771918553829]	ShopController..
[2026-02-24 16시35분53초	1771918553829]	0ms

[2026-02-24 16시35분53초	1771918553830]	WarehouseDatabase..
[2026-02-24 16시35분53초	1771918553830]	0ms

[2026-02-24 16시35분53초	1771918553831]	PakTools..
[2026-02-24 16시35분53초	1771918553832]	1ms

[2026-02-24 16시35분53초	1771918553840]	ScriptController...
[2026-02-24 16시35분53초	1771918553843]	3ms

[2026-02-24 16시35분53초	1771918553844]	GiranClanLordController..
[2026-02-24 16시35분53초	1771918553844]	0ms

[2026-02-24 16시35분53초	1771918553845]	TeamBattleController..
[2026-02-24 16시35분53초	1771918553845]	0ms

[2026-02-24 16시35분53초	1771918553846]	WorldClearController..
[2026-02-24 16시35분53초	1771918553846]	0ms

[2026-02-24 16시35분53초	1771918553847]	SpotController..
[2026-02-24 16시35분53초	1771918553847]	0ms

[2026-02-24 16시35분53초	1771918553847]	테베라스 컨트롤러..
[2026-02-24 16시35분53초	1771918553847]	0ms

[2026-02-24 16시35분53초	1771918553848]	지옥 컨트롤러..
[2026-02-24 16시35분53초	1771918553848]	0ms

[2026-02-24 16시35분53초	1771918553849]	지하수로 컨트롤러..
[2026-02-24 16시35분53초	1771918553849]	1ms

[2026-02-24 16시35분53초	1771918553849]	보물찾기컨트롤러..
[2026-02-24 16시35분53초	1771918553849]	0ms

[2026-02-24 16시35분53초	1771918553850]	마족신전 컨트롤러..
[2026-02-24 16시35분53초	1771918553850]	0ms

[2026-02-24 16시35분53초	1771918553850]	고무 컨트롤러..
[2026-02-24 16시35분53초	1771918553851]	정무던전 컨트롤러..
[2026-02-24 16시35분53초	1771918553855]	4ms

[2026-02-24 16시35분53초	1771918553856]	그신 컨트롤러..
[2026-02-24 16시35분53초	1771918553856]	1ms

[2026-02-24 16시35분53초	1771918553856]	라바던전 컨트롤러..
[2026-02-24 16시35분53초	1771918553856]	0ms

[2026-02-24 16시35분53초	1771918553857]	월드보스컨트롤러..
[2026-02-24 16시35분53초	1771918553857]	0ms

[2026-02-24 16시35분53초	1771918553858]	펭귄 사냥터 컨트롤러..
[2026-02-24 16시35분53초	1771918553858]	0ms

[2026-02-24 16시35분53초	1771918553858]	칠흑던전 컨트롤러..
[2026-02-24 16시35분53초	1771918553859]	악마왕의영토컨트롤러..
[2026-02-24 16시35분53초	1771918553859]	0ms

[2026-02-24 16시35분53초	1771918553859]	얼던컨트롤러..
[2026-02-24 16시35분53초	1771918553860]	1ms

[2026-02-24 16시35분53초	1771918553860]	오만1층 컨트롤러..
[2026-02-24 16시35분53초	1771918553860]	0ms

[2026-02-24 16시35분53초	1771918553861]	오만1층 컨트롤러..
[2026-02-24 16시35분53초	1771918553861]	0ms

[2026-02-24 16시35분53초	1771918553861]	오만3층 컨트롤러..
[2026-02-24 16시35분53초	1771918553862]	1ms

[2026-02-24 16시35분53초	1771918553862]	오만4층 컨트롤러..
[2026-02-24 16시35분53초	1771918553862]	0ms

[2026-02-24 16시35분53초	1771918553863]	오만5층 컨트롤러..
[2026-02-24 16시35분53초	1771918553863]	0ms

[2026-02-24 16시35분53초	1771918553864]	오만6층 컨트롤러..
[2026-02-24 16시35분53초	1771918553864]	0ms

[2026-02-24 16시35분53초	1771918553864]	오만7층 컨트롤러..
[2026-02-24 16시35분53초	1771918553865]	1ms

[2026-02-24 16시35분53초	1771918553865]	오만8층 컨트롤러..
[2026-02-24 16시35분53초	1771918553865]	0ms

[2026-02-24 16시35분53초	1771918553866]	오만9층 컨트롤러..
[2026-02-24 16시35분53초	1771918553866]	0ms

[2026-02-24 16시35분53초	1771918553867]	오만10층 컨트롤러..
[2026-02-24 16시35분53초	1771918553867]	0ms

[2026-02-24 16시35분53초	1771918553867]	오만정상 컨트롤러..
[2026-02-24 16시35분53초	1771918553867]	0ms

[2026-02-24 16시35분53초	1771918553868]	기감 컨트롤러..
[2026-02-24 16시35분53초	1771918553868]	0ms

[2026-02-24 16시35분53초	1771918553869]	고라스컨트롤러..
[2026-02-24 16시35분53초	1771918553869]	0ms

[2026-02-24 16시35분53초	1771918553869]	드워프컨트롤러..
[2026-02-24 16시35분53초	1771918553869]	0ms

[2026-02-24 16시35분53초	1771918553870]	타임이벤트컨트롤러..
[2026-02-24 16시35분53초	1771918553870]	0ms

[2026-02-24 16시35분53초	1771918553871]	AutoHuntController..
[2026-02-24 16시35분53초	1771918553871]	0ms

[2026-02-24 16시35분53초	1771918553885]	DatabaseConnection..
[2026-02-24 16시35분54초	1771918554213]	328ms

[2026-02-24 16시35분54초	1771918554232]	ServerDatabase..
[2026-02-24 16시35분54초	1771918554265]	33ms

[2026-02-24 16시35분54초	1771918554269]	SlimeRaceController..
[2026-02-24 16시35분54초	1771918554271]	2ms

[2026-02-24 16시35분54초	1771918554274]	DogRaceController..
[2026-02-24 16시35분54초	1771918554276]	2ms

[2026-02-24 16시35분54초	1771918554279]	ClanController..
[2026-02-24 16시35분54초	1771918554285]	6ms

[2026-02-24 16시35분54초	1771918554288]	KingdomController..
[2026-02-24 16시35분54초	1771918554295]	7ms

[2026-02-24 16시35분54초	1771918554296]	AgitController..
[2026-02-24 16시35분54초	1771918554300]	4ms

[2026-02-24 16시35분54초	1771918554302]	AuctionController..
[2026-02-24 16시35분54초	1771918554307]	5ms

[2026-02-24 16시35분54초	1771918554312]	ItemDatabase..
[2026-02-24 16시35분54초	1771918554470]	158ms

[2026-02-24 16시35분54초	1771918554473]	ItemSetopionDatabase..
[2026-02-24 16시35분54초	1771918554476]	3ms

[2026-02-24 16시35분54초	1771918554477]	AutosellDatabase..
[2026-02-24 16시35분54초	1771918554499]	22ms

[2026-02-24 16시35분54초	1771918554500]	ItemSkillDatabase..
[2026-02-24 16시35분54초	1771918554503]	3ms

[2026-02-24 16시35분54초	1771918554504]	ItemBundleDatabase..
[2026-02-24 16시35분54초	1771918554508]	4ms

[2026-02-24 16시35분54초	1771918554509]	ItemChanceBundleDatabase..
[2026-02-24 16시35분54초	1771918554516]	7ms

[2026-02-24 16시35분54초	1771918554517]	FishItemListDatabase..
[2026-02-24 16시35분54초	1771918554519]	2ms

[2026-02-24 16시35분54초	1771918554520]	ItemTeleport..
[2026-02-24 16시35분54초	1771918554523]	3ms

[2026-02-24 16시35분54초	1771918554525]	PolyDatabase..
[2026-02-24 16시35분54초	1771918554528]	3ms

[2026-02-24 16시35분54초	1771918554529]	DungeonDatabase..
[2026-02-24 16시35분54초	1771918554534]	5ms

[2026-02-24 16시35분54초	1771918554534]	DefiniteDatabase..
[2026-02-24 16시35분54초	1771918554537]	3ms

[2026-02-24 16시35분54초	1771918554537]	ExpDatabase..
[2026-02-24 16시35분54초	1771918554540]	3ms

[2026-02-24 16시35분54초	1771918554540]	BackgroundDatabase..
[2026-02-24 16시35분54초	1771918554666]	126ms

[2026-02-24 16시35분54초	1771918554666]	SpriteFrameDatabase..
[2026-02-24 16시35분54초	1771918554724]	58ms

[2026-02-24 16시35분54초	1771918554725]	SkillDatabase..
[2026-02-24 16시35분54초	1771918554728]	3ms

[2026-02-24 16시35분54초	1771918554729]	NpcDatabase..
[2026-02-24 16시35분54초	1771918554737]	8ms

[2026-02-24 16시35분54초	1771918554744]	NpcShopDatabase..
[2026-02-24 16시35분54초	1771918554812]	67ms

[2026-02-24 16시35분54초	1771918554812]	NpcTeleportDatabase..
[2026-02-24 16시35분54초	1771918554814]	2ms

[2026-02-24 16시35분54초	1771918554971]	NpcSpawnlistDatabase..
[2026-02-24 16시35분55초	1771918555022]	51ms

[2026-02-24 16시35분55초	1771918555024]	EventController..
[2026-02-24 16시35분55초	1771918555024]	0ms

[2026-02-24 16시35분55초	1771918555026]	MonsterDatabase..
[2026-02-24 16시35분55초	1771918555041]	15ms

[2026-02-24 16시35분55초	1771918555046]	MonsterDropDatabase..
[2026-02-24 16시35분55초	1771918555074]	28ms

[2026-02-24 16시35분55초	1771918555075]	MonsterSkillDatabase..
[2026-02-24 16시35분55초	1771918555089]	14ms

[2026-02-24 16시35분55초	1771918555091]	MonsterSpawnlistDatabase..
[2026-02-24 16시35분56초	1771918556634]	1543ms

[2026-02-24 16시35분56초	1771918556636]	MonsterBossSpawnlistDatabase..
[2026-02-24 16시35분56초	1771918556638]	2ms

[2026-02-24 16시35분56초	1771918556639]	ServerDownBossListDatabase..
[2026-02-24 16시35분56초	1771918556640]	1ms

[2026-02-24 16시35분56초	1771918556641]	BadIpDatabase..
[2026-02-24 16시35분56초	1771918556643]	2ms

[2026-02-24 16시35분56초	1771918556643]	QuestController..
[2026-02-24 16시35분56초	1771918556644]	1ms

[2026-02-24 16시35분56초	1771918556644]	ServerOpcodesDatabase..
[2026-02-24 16시35분56초	1771918556647]	3ms

[2026-02-24 16시35분56초	1771918556648]	ServerNoticeDatabase..
[2026-02-24 16시35분56초	1771918556650]	2ms

[2026-02-24 16시35분56초	1771918556651]	RankController..
[2026-02-24 16시35분56초	1771918556679]	28ms

[2026-02-24 16시35분56초	1771918556680]	WantedController..
[2026-02-24 16시35분56초	1771918556685]	5ms

[2026-02-24 16시35분56초	1771918556686]	TeleportHomeDatabase..
[2026-02-24 16시35분56초	1771918556716]	30ms

[2026-02-24 16시35분56초	1771918556717]	TeleportResetDatabase..
[2026-02-24 16시35분56초	1771918556747]	30ms

[2026-02-24 16시35분56초	1771918556748]	ItemPinewandDatabase..
[2026-02-24 16시35분56초	1771918556749]	1ms

[2026-02-24 16시35분56초	1771918556750]	ItemMaplewandDatabase..
[2026-02-24 16시35분56초	1771918556752]	2ms

[2026-02-24 16시35분56초	1771918556752]	SummonListDatabase..
[2026-02-24 16시35분56초	1771918556754]	2ms

[2026-02-24 16시35분56초	1771918556755]	GmListDatabase..
[2026-02-24 16시35분56초	1771918556756]	1ms

[2026-02-24 16시35분56초	1771918556757]	MagicdollListDatabase..
[2026-02-24 16시35분56초	1771918556759]	2ms

[2026-02-24 16시35분56초	1771918556763]	PcMarketController..
[2026-02-24 16시35분56초	1771918556765]	2ms

[2026-02-24 16시35분56초	1771918556765]	ServerOptionDatabase..
[2026-02-24 16시35분56초	1771918556766]	1ms

[2026-02-24 16시35분56초	1771918556767]	TimeDungeonDatabase..
[2026-02-24 16시35분56초	1771918556768]	1ms

[2026-02-24 16시35분56초	1771918556768]	TeamBattleDatabase..
[2026-02-24 16시35분56초	1771918556770]	2ms

[2026-02-24 16시35분56초	1771918556770]	LifeLostItemDatabase..
[2026-02-24 16시35분56초	1771918556772]	2ms

[2026-02-24 16시35분56초	1771918556773]	GmTeleportDatabase..
[2026-02-24 16시35분56초	1771918556774]	1ms

[2026-02-24 16시35분56초	1771918556777]	무인혈맹컨트롤러..
[2026-02-24 16시35분56초	1771918556778]	1ms

[2026-02-24 16시35분56초	1771918556779]	HackNoCheckDatabase..
[2026-02-24 16시35분56초	1771918556780]	1ms

[2026-02-24 16시35분56초	1771918556781]	EnchantLostItemDatabase..
[2026-02-24 16시35분56초	1771918556806]	25ms

[2026-02-24 16시35분56초	1771918556807]	ItemDropMessageDatabase..
[2026-02-24 16시35분56초	1771918556808]	1ms

[2026-02-24 16시35분56초	1771918556811]	FishingController..
[2026-02-24 16시35분57초	1771918557132]	321ms

[2026-02-24 16시35분57초	1771918557151]	RobotController..
[2026-02-24 16시35분57초	1771918557175]	24ms

[2026-02-24 16시35분57초	1771918557177]	Server..
[2026-02-24 16시35분57초	1771918557259]	82ms

[2026-02-24 16시35분57초	1771918557260]	ServerThread..
[2026-02-24 16시35분57초	1771918557260]	0ms

[2026-02-24 16시35분57초	1771918557261]	ControllerTherad..
[2026-02-24 16시35분57초	1771918557261]	0ms

[2026-02-24 16시35분57초	1771918557263]	CharacterThread..
[2026-02-24 16시35분57초	1771918557263]	0ms

[2026-02-24 16시35분57초	1771918557264]	DatabaseThread..
[2026-02-24 16시35분57초	1771918557264]	0ms

[2026-02-24 16시35분57초	1771918557265]	CharacterControlThread..
[2026-02-24 16시35분57초	1771918557265]	0ms

[2026-02-24 16시35분57초	1771918557270]	FightController..
[2026-02-24 16시35분57초	1771918557316]	46ms

[2026-02-24 16시35분57초	1771918557317]	TimeThread..
[2026-02-24 16시35분57초	1771918557317]	0ms

[2026-02-24 16시35분57초	1771918557318]	AutoHuntThread..
[2026-02-24 16시35분57초	1771918557318]	0ms

[2026-02-24 16시35분57초	1771918557318]	======================================================================
[2026-02-24 16시35분57초	1771918557318]	Server Version  :  Lineage 2.0

[2026-02-24 16시35분57초	1771918557318]	Server Port      :  2000

[2026-02-24 16시35분57초	1771918557318]	계정 자동생성  :  on

[2026-02-24 16시35분57초	1771918557319]	인챈트 : 1.0배  ||  드랍 : 3.0배  ||  경험치 : 30.0배  ||  아데나 : 12.0배  ||  파티 : 1.1배

[2026-02-24 16시35분57초	1771918557319]	======================================================================
[2026-02-24 16시35분57초	1771918557319]	'서버' 가동되었습니다.

[2026-02-24 16시36분17초	1771918577298]	item 테이블 리로드 완료 - 
[2026-02-24 16시36분17초	1771918577368]	70ms

[2026-02-24 16시38분58초	1771918738074]	자동 저장완료 2026-02-24 16시38분58초
[2026-02-24 16시41분58초	1771918918743]	자동 저장완료 2026-02-24 16시41분58초
[2026-02-24 16시44분59초	1771919099375]	자동 저장완료 2026-02-24 16시44분59초
[2026-02-24 16시45분56초	1771919156365]	Thread close..
[2026-02-24 16시45분57초	1771919157365]	Save Database..
[2026-02-24 16시45분58초	1771919158324]	Socket close..
[2026-02-24 16시45분58초	1771919158324]	LineageServer Close...
[2026-02-24 16시45분58초	1771919158324]	0ms

[2026-02-24 16시45분58초	1771919158324]	ok..
