[2026-01-12 18시46분56초	1768211216189]	Mysql..
[2026-01-12 18시46분56초	1768211216189]	1ms

[2026-01-12 18시46분56초	1768211216205]	lineage.conf file loading...
[2026-01-12 18시46분56초	1768211216233]	28ms

[2026-01-12 18시46분56초	1768211216240]	Lineage_Balance..
[2026-01-12 18시46분56초	1768211216248]	8ms

[2026-01-12 18시46분56초	1768211216249]	npc_promotion..
[2026-01-12 18시46분56초	1768211216250]	1ms

[2026-01-12 18시46분56초	1768211216250]	Socket..
[2026-01-12 18시46분56초	1768211216251]	1ms

[2026-01-12 18시46분56초	1768211216251]	Common..
[2026-01-12 18시46분56초	1768211216251]	0ms

[2026-01-12 18시46분56초	1768211216251]	EventThread..
[2026-01-12 18시46분56초	1768211216252]	1ms

[2026-01-12 18시46분56초	1768211216252]	AiExecuteThread..
[2026-01-12 18시46분56초	1768211216253]	1ms

[2026-01-12 18시46분56초	1768211216254]	AiThread..
[2026-01-12 18시46분56초	1768211216254]	0ms

[2026-01-12 18시46분56초	1768211216262]	World..
[2026-01-12 18시46분56초	1768211216343]	81ms

[2026-01-12 18시46분56초	1768211216352]	BookController..
[2026-01-12 18시46분56초	1768211216352]	0ms

[2026-01-12 18시46분56초	1768211216353]	InventoryController..
[2026-01-12 18시46분56초	1768211216353]	0ms

[2026-01-12 18시46분56초	1768211216354]	BasePacketPooling..
[2026-01-12 18시46분56초	1768211216354]	0ms

[2026-01-12 18시46분56초	1768211216356]	SkillController..
[2026-01-12 18시46분56초	1768211216356]	0ms

[2026-01-12 18시46분56초	1768211216361]	DamageController..
[2026-01-12 18시46분56초	1768211216361]	0ms

[2026-01-12 18시46분56초	1768211216363]	CharacterController..
[2026-01-12 18시46분56초	1768211216363]	0ms

[2026-01-12 18시46분56초	1768211216364]	TradeController..
[2026-01-12 18시46분56초	1768211216364]	0ms

[2026-01-12 18시46분56초	1768211216364]	DungeonController..
[2026-01-12 18시46분56초	1768211216364]	0ms

[2026-01-12 18시46분56초	1768211216365]	ShipController..
[2026-01-12 18시46분56초	1768211216365]	0ms

[2026-01-12 18시46분56초	1768211216366]	BuffController..
[2026-01-12 18시46분56초	1768211216366]	0ms

[2026-01-12 18시46분56초	1768211216376]	SummonController..
[2026-01-12 18시46분56초	1768211216376]	0ms

[2026-01-12 18시46분56초	1768211216377]	PartyController..
[2026-01-12 18시46분56초	1768211216377]	0ms

[2026-01-12 18시46분56초	1768211216378]	InnController..
[2026-01-12 18시46분56초	1768211216378]	0ms

[2026-01-12 18시46분56초	1768211216379]	BoardController..
[2026-01-12 18시46분56초	1768211216379]	0ms

[2026-01-12 18시46분56초	1768211216381]	LetterController..
[2026-01-12 18시46분56초	1768211216381]	0ms

[2026-01-12 18시46분56초	1768211216381]	UserShopController..
[2026-01-12 18시46분56초	1768211216381]	0ms

[2026-01-12 18시46분56초	1768211216383]	ChattingController..
[2026-01-12 18시46분56초	1768211216384]	1ms

[2026-01-12 18시46분56초	1768211216391]	ColosseumController..
[2026-01-12 18시46분56초	1768211216391]	0ms

[2026-01-12 18시46분56초	1768211216392]	CraftController..
[2026-01-12 18시46분56초	1768211216392]	0ms

[2026-01-12 18시46분56초	1768211216393]	BossController..
[2026-01-12 18시46분56초	1768211216393]	0ms

[2026-01-12 18시46분56초	1768211216394]	NoticeController..
[2026-01-12 18시46분56초	1768211216395]	1ms

[2026-01-12 18시46분56초	1768211216395]	FriendController..
[2026-01-12 18시46분56초	1768211216395]	0ms

[2026-01-12 18시46분56초	1768211216396]	BugScanningController..
[2026-01-12 18시46분56초	1768211216396]	0ms

[2026-01-12 18시46분56초	1768211216397]	MagicDollController..
[2026-01-12 18시46분56초	1768211216397]	0ms

[2026-01-12 18시46분56초	1768211216398]	ShopController..
[2026-01-12 18시46분56초	1768211216398]	0ms

[2026-01-12 18시46분56초	1768211216399]	WarehouseDatabase..
[2026-01-12 18시46분56초	1768211216399]	0ms

[2026-01-12 18시46분56초	1768211216399]	PakTools..
[2026-01-12 18시46분56초	1768211216401]	2ms

[2026-01-12 18시46분56초	1768211216401]	ScriptController...
[2026-01-12 18시46분56초	1768211216404]	3ms

[2026-01-12 18시46분56초	1768211216404]	GiranClanLordController..
[2026-01-12 18시46분56초	1768211216404]	0ms

[2026-01-12 18시46분56초	1768211216406]	TeamBattleController..
[2026-01-12 18시46분56초	1768211216406]	0ms

[2026-01-12 18시46분56초	1768211216407]	WorldClearController..
[2026-01-12 18시46분56초	1768211216407]	0ms

[2026-01-12 18시46분56초	1768211216408]	SpotController..
[2026-01-12 18시46분56초	1768211216411]	0ms

[2026-01-12 18시46분56초	1768211216412]	테베라스 컨트롤러..
[2026-01-12 18시46분56초	1768211216412]	0ms

[2026-01-12 18시46분56초	1768211216412]	지옥 컨트롤러..
[2026-01-12 18시46분56초	1768211216412]	0ms

[2026-01-12 18시46분56초	1768211216413]	지하수로 컨트롤러..
[2026-01-12 18시46분56초	1768211216413]	0ms

[2026-01-12 18시46분56초	1768211216414]	보물찾기컨트롤러..
[2026-01-12 18시46분56초	1768211216414]	0ms

[2026-01-12 18시46분56초	1768211216414]	마족신전 컨트롤러..
[2026-01-12 18시46분56초	1768211216414]	0ms

[2026-01-12 18시46분56초	1768211216415]	고무 컨트롤러..
[2026-01-12 18시46분56초	1768211216416]	정무던전 컨트롤러..
[2026-01-12 18시46분56초	1768211216420]	4ms

[2026-01-12 18시46분56초	1768211216421]	그신 컨트롤러..
[2026-01-12 18시46분56초	1768211216421]	0ms

[2026-01-12 18시46분56초	1768211216421]	라바던전 컨트롤러..
[2026-01-12 18시46분56초	1768211216421]	0ms

[2026-01-12 18시46분56초	1768211216422]	월드보스컨트롤러..
[2026-01-12 18시46분56초	1768211216422]	0ms

[2026-01-12 18시46분56초	1768211216423]	펭귄 사냥터 컨트롤러..
[2026-01-12 18시46분56초	1768211216423]	0ms

[2026-01-12 18시46분56초	1768211216423]	칠흑던전 컨트롤러..
[2026-01-12 18시46분56초	1768211216424]	악마왕의영토컨트롤러..
[2026-01-12 18시46분56초	1768211216424]	0ms

[2026-01-12 18시46분56초	1768211216425]	얼던컨트롤러..
[2026-01-12 18시46분56초	1768211216425]	0ms

[2026-01-12 18시46분56초	1768211216426]	기감 컨트롤러..
[2026-01-12 18시46분56초	1768211216426]	0ms

[2026-01-12 18시46분56초	1768211216426]	고라스컨트롤러..
[2026-01-12 18시46분56초	1768211216426]	0ms

[2026-01-12 18시46분56초	1768211216427]	드워프컨트롤러..
[2026-01-12 18시46분56초	1768211216427]	0ms

[2026-01-12 18시46분56초	1768211216428]	타임이벤트컨트롤러..
[2026-01-12 18시46분56초	1768211216428]	0ms

[2026-01-12 18시46분56초	1768211216428]	AutoHuntController..
[2026-01-12 18시46분56초	1768211216428]	0ms

[2026-01-12 18시46분56초	1768211216442]	DatabaseConnection..
[2026-01-12 18시46분56초	1768211216777]	334ms

[2026-01-12 18시46분56초	1768211216792]	ServerDatabase..
[2026-01-12 18시46분56초	1768211216830]	38ms

[2026-01-12 18시46분56초	1768211216832]	SlimeRaceController..
[2026-01-12 18시46분56초	1768211216834]	2ms

[2026-01-12 18시46분56초	1768211216836]	DogRaceController..
[2026-01-12 18시46분56초	1768211216837]	1ms

[2026-01-12 18시46분56초	1768211216840]	ClanController..
[2026-01-12 18시46분56초	1768211216846]	6ms

[2026-01-12 18시46분56초	1768211216848]	KingdomController..
[2026-01-12 18시46분56초	1768211216854]	6ms

[2026-01-12 18시46분56초	1768211216855]	AgitController..
[2026-01-12 18시46분56초	1768211216859]	4ms

[2026-01-12 18시46분56초	1768211216860]	AuctionController..
[2026-01-12 18시46분56초	1768211216865]	5ms

[2026-01-12 18시46분56초	1768211216870]	ItemDatabase..
[2026-01-12 18시46분56초	1768211216987]	117ms

[2026-01-12 18시46분56초	1768211216989]	ItemSetopionDatabase..
[2026-01-12 18시46분56초	1768211216990]	1ms

[2026-01-12 18시46분56초	1768211216991]	AutosellDatabase..
[2026-01-12 18시46분57초	1768211217022]	31ms

[2026-01-12 18시46분57초	1768211217023]	ItemSkillDatabase..
[2026-01-12 18시46분57초	1768211217025]	2ms

[2026-01-12 18시46분57초	1768211217026]	ItemBundleDatabase..
[2026-01-12 18시46분57초	1768211217028]	2ms

[2026-01-12 18시46분57초	1768211217029]	ItemChanceBundleDatabase..
[2026-01-12 18시46분57초	1768211217032]	3ms

[2026-01-12 18시46분57초	1768211217033]	FishItemListDatabase..
[2026-01-12 18시46분57초	1768211217035]	2ms

[2026-01-12 18시46분57초	1768211217036]	ItemTeleport..
[2026-01-12 18시46분57초	1768211217038]	2ms

[2026-01-12 18시46분57초	1768211217039]	PolyDatabase..
[2026-01-12 18시46분57초	1768211217042]	3ms

[2026-01-12 18시46분57초	1768211217042]	DungeonDatabase..
[2026-01-12 18시46분57초	1768211217046]	4ms

[2026-01-12 18시46분57초	1768211217047]	DefiniteDatabase..
[2026-01-12 18시46분57초	1768211217048]	1ms

[2026-01-12 18시46분57초	1768211217049]	ExpDatabase..
[2026-01-12 18시46분57초	1768211217050]	1ms

[2026-01-12 18시46분57초	1768211217050]	BackgroundDatabase..
[2026-01-12 18시46분57초	1768211217164]	114ms

[2026-01-12 18시46분57초	1768211217164]	SpriteFrameDatabase..
[2026-01-12 18시46분57초	1768211217222]	58ms

[2026-01-12 18시46분57초	1768211217223]	SkillDatabase..
[2026-01-12 18시46분57초	1768211217226]	2ms

[2026-01-12 18시46분57초	1768211217226]	NpcDatabase..
[2026-01-12 18시46분57초	1768211217233]	7ms

[2026-01-12 18시46분57초	1768211217238]	NpcShopDatabase..
[2026-01-12 18시46분57초	1768211217301]	63ms

[2026-01-12 18시46분57초	1768211217302]	NpcTeleportDatabase..
[2026-01-12 18시46분57초	1768211217303]	1ms

[2026-01-12 18시46분57초	1768211217474]	NpcSpawnlistDatabase..
[2026-01-12 18시46분57초	1768211217528]	54ms

[2026-01-12 18시46분57초	1768211217530]	EventController..
[2026-01-12 18시46분57초	1768211217530]	0ms

[2026-01-12 18시46분57초	1768211217532]	MonsterDatabase..
[2026-01-12 18시46분57초	1768211217547]	15ms

[2026-01-12 18시46분57초	1768211217548]	MonsterDropDatabase..
[2026-01-12 18시46분57초	1768211217575]	27ms

[2026-01-12 18시46분57초	1768211217576]	MonsterSkillDatabase..
[2026-01-12 18시46분57초	1768211217587]	11ms

[2026-01-12 18시46분57초	1768211217589]	MonsterSpawnlistDatabase..
[2026-01-12 18시46분58초	1768211218496]	907ms

[2026-01-12 18시46분58초	1768211218497]	MonsterBossSpawnlistDatabase..
[2026-01-12 18시46분58초	1768211218499]	2ms

[2026-01-12 18시46분58초	1768211218499]	ServerDownBossListDatabase..
[2026-01-12 18시46분58초	1768211218500]	1ms

[2026-01-12 18시46분58초	1768211218501]	BadIpDatabase..
[2026-01-12 18시46분58초	1768211218502]	1ms

[2026-01-12 18시46분58초	1768211218502]	QuestController..
[2026-01-12 18시46분58초	1768211218503]	1ms

[2026-01-12 18시46분58초	1768211218503]	ServerOpcodesDatabase..
[2026-01-12 18시46분58초	1768211218505]	2ms

[2026-01-12 18시46분58초	1768211218506]	ServerNoticeDatabase..
[2026-01-12 18시46분58초	1768211218507]	1ms

[2026-01-12 18시46분58초	1768211218508]	RankController..
[2026-01-12 18시46분58초	1768211218531]	23ms

[2026-01-12 18시46분58초	1768211218533]	WantedController..
[2026-01-12 18시46분58초	1768211218542]	10ms

[2026-01-12 18시46분58초	1768211218543]	TeleportHomeDatabase..
[2026-01-12 18시46분58초	1768211218574]	31ms

[2026-01-12 18시46분58초	1768211218574]	TeleportResetDatabase..
[2026-01-12 18시46분58초	1768211218603]	29ms

[2026-01-12 18시46분58초	1768211218604]	ItemPinewandDatabase..
[2026-01-12 18시46분58초	1768211218605]	1ms

[2026-01-12 18시46분58초	1768211218606]	ItemMaplewandDatabase..
[2026-01-12 18시46분58초	1768211218607]	1ms

[2026-01-12 18시46분58초	1768211218608]	SummonListDatabase..
[2026-01-12 18시46분58초	1768211218609]	1ms

[2026-01-12 18시46분58초	1768211218609]	GmListDatabase..
[2026-01-12 18시46분58초	1768211218610]	1ms

[2026-01-12 18시46분58초	1768211218611]	MagicdollListDatabase..
[2026-01-12 18시46분58초	1768211218612]	1ms

[2026-01-12 18시46분58초	1768211218615]	PcMarketController..
[2026-01-12 18시46분58초	1768211218616]	1ms

[2026-01-12 18시46분58초	1768211218616]	ServerOptionDatabase..
[2026-01-12 18시46분58초	1768211218617]	1ms

[2026-01-12 18시46분58초	1768211218617]	TimeDungeonDatabase..
[2026-01-12 18시46분58초	1768211218618]	1ms

[2026-01-12 18시46분58초	1768211218618]	TeamBattleDatabase..
[2026-01-12 18시46분58초	1768211218619]	1ms

[2026-01-12 18시46분58초	1768211218620]	LifeLostItemDatabase..
[2026-01-12 18시46분58초	1768211218621]	1ms

[2026-01-12 18시46분58초	1768211218621]	GmTeleportDatabase..
[2026-01-12 18시46분58초	1768211218622]	1ms

[2026-01-12 18시46분58초	1768211218624]	무인혈맹컨트롤러..
[2026-01-12 18시46분58초	1768211218625]	1ms

[2026-01-12 18시46분58초	1768211218626]	HackNoCheckDatabase..
[2026-01-12 18시46분58초	1768211218627]	1ms

[2026-01-12 18시46분58초	1768211218628]	EnchantLostItemDatabase..
[2026-01-12 18시46분58초	1768211218653]	25ms

[2026-01-12 18시46분58초	1768211218655]	ItemDropMessageDatabase..
[2026-01-12 18시46분58초	1768211218655]	1ms

[2026-01-12 18시46분58초	1768211218657]	FishingController..
[2026-01-12 18시46분58초	1768211218913]	256ms

[2026-01-12 18시46분58초	1768211218923]	RobotController..
[2026-01-12 18시46분59초	1768211219031]	108ms

[2026-01-12 18시46분59초	1768211219032]	Server..
[2026-01-12 18시46분59초	1768211219093]	61ms

[2026-01-12 18시46분59초	1768211219094]	ServerThread..
[2026-01-12 18시46분59초	1768211219094]	0ms

[2026-01-12 18시46분59초	1768211219095]	ControllerTherad..
[2026-01-12 18시46분59초	1768211219095]	0ms

[2026-01-12 18시46분59초	1768211219096]	CharacterThread..
[2026-01-12 18시46분59초	1768211219096]	0ms

[2026-01-12 18시46분59초	1768211219097]	DatabaseThread..
[2026-01-12 18시46분59초	1768211219097]	0ms

[2026-01-12 18시46분59초	1768211219097]	CharacterControlThread..
[2026-01-12 18시46분59초	1768211219097]	0ms

[2026-01-12 18시46분59초	1768211219102]	FightController..
[2026-01-12 18시46분59초	1768211219114]	12ms

[2026-01-12 18시46분59초	1768211219115]	TimeThread..
[2026-01-12 18시46분59초	1768211219115]	0ms

[2026-01-12 18시46분59초	1768211219115]	AutoHuntThread..
[2026-01-12 18시46분59초	1768211219115]	0ms

[2026-01-12 18시46분59초	1768211219115]	======================================================================
[2026-01-12 18시46분59초	1768211219116]	Server Version  :  Lineage 2.0

[2026-01-12 18시46분59초	1768211219116]	Server Port      :  2000

[2026-01-12 18시46분59초	1768211219116]	계정 자동생성  :  on

[2026-01-12 18시46분59초	1768211219116]	인챈트 : 1.0배  ||  드랍 : 3.0배  ||  경험치 : 30.0배  ||  아데나 : 12.0배  ||  파티 : 1.1배

[2026-01-12 18시46분59초	1768211219116]	======================================================================
[2026-01-12 18시46분59초	1768211219116]	'서버' 가동되었습니다.

[2026-01-12 18시49분59초	1768211399923]	자동 저장완료 2026-01-12 18시49분59초
[2026-01-12 18시53분00초	1768211580613]	자동 저장완료 2026-01-12 18시53분00초
[2026-01-12 18시56분01초	1768211761214]	자동 저장완료 2026-01-12 18시56분01초
[2026-01-12 18시59분01초	1768211941747]	자동 저장완료 2026-01-12 18시59분01초
[2026-01-12 19시02분02초	1768212122254]	자동 저장완료 2026-01-12 19시02분02초
[2026-01-12 19시05분02초	1768212302750]	자동 저장완료 2026-01-12 19시05분02초
[2026-01-12 19시08분03초	1768212483254]	자동 저장완료 2026-01-12 19시08분03초
[2026-01-12 19시11분03초	1768212663741]	자동 저장완료 2026-01-12 19시11분03초
[2026-01-12 19시14분04초	1768212844244]	자동 저장완료 2026-01-12 19시14분04초
[2026-01-12 19시17분04초	1768213024741]	자동 저장완료 2026-01-12 19시17분04초
[2026-01-12 19시20분05초	1768213205247]	자동 저장완료 2026-01-12 19시20분05초
[2026-01-12 19시23분05초	1768213385752]	자동 저장완료 2026-01-12 19시23분05초
[2026-01-12 19시26분06초	1768213566278]	자동 저장완료 2026-01-12 19시26분06초
[2026-01-12 19시29분06초	1768213746787]	자동 저장완료 2026-01-12 19시29분06초
[2026-01-12 19시32분07초	1768213927289]	자동 저장완료 2026-01-12 19시32분07초
[2026-01-12 19시35분07초	1768214107797]	자동 저장완료 2026-01-12 19시35분07초
[2026-01-12 19시38분08초	1768214288300]	자동 저장완료 2026-01-12 19시38분08초
[2026-01-12 19시41분08초	1768214468797]	자동 저장완료 2026-01-12 19시41분08초
[2026-01-12 19시44분09초	1768214649327]	자동 저장완료 2026-01-12 19시44분09초
[2026-01-12 19시47분09초	1768214829825]	자동 저장완료 2026-01-12 19시47분09초
[2026-01-12 19시50분10초	1768215010338]	자동 저장완료 2026-01-12 19시50분10초
[2026-01-12 19시53분10초	1768215190851]	자동 저장완료 2026-01-12 19시53분10초
[2026-01-12 19시56분11초	1768215371384]	자동 저장완료 2026-01-12 19시56분11초
[2026-01-12 19시59분11초	1768215551904]	자동 저장완료 2026-01-12 19시59분11초
[2026-01-12 20시02분12초	1768215732417]	자동 저장완료 2026-01-12 20시02분12초
[2026-01-12 20시05분12초	1768215912931]	자동 저장완료 2026-01-12 20시05분12초
[2026-01-12 20시08분13초	1768216093422]	자동 저장완료 2026-01-12 20시08분13초
[2026-01-12 20시10분10초	1768216210139]	서버가 즉시 종료됩니다...
[2026-01-12 20시10분11초	1768216211139]	Thread close..
[2026-01-12 20시10분12초	1768216212140]	Save Database..
[2026-01-12 20시10분13초	1768216213072]	Socket close..
[2026-01-12 20시10분13초	1768216213072]	LineageServer Close...
[2026-01-12 20시10분13초	1768216213072]	0ms

[2026-01-12 20시10분13초	1768216213072]	ok..
