[2026-01-13 09시33분45초	1768264425086]	Mysql..
[2026-01-13 09시33분45초	1768264425086]	2ms

[2026-01-13 09시33분45초	1768264425104]	lineage.conf file loading...
[2026-01-13 09시33분45초	1768264425134]	29ms

[2026-01-13 09시33분45초	1768264425138]	Lineage_Balance..
[2026-01-13 09시33분45초	1768264425146]	8ms

[2026-01-13 09시33분45초	1768264425154]	npc_promotion..
[2026-01-13 09시33분45초	1768264425154]	0ms

[2026-01-13 09시33분45초	1768264425155]	Socket..
[2026-01-13 09시33분45초	1768264425156]	1ms

[2026-01-13 09시33분45초	1768264425156]	Common..
[2026-01-13 09시33분45초	1768264425156]	0ms

[2026-01-13 09시33분45초	1768264425157]	EventThread..
[2026-01-13 09시33분45초	1768264425157]	0ms

[2026-01-13 09시33분45초	1768264425158]	AiExecuteThread..
[2026-01-13 09시33분45초	1768264425158]	0ms

[2026-01-13 09시33분45초	1768264425159]	AiThread..
[2026-01-13 09시33분45초	1768264425159]	1ms

[2026-01-13 09시33분45초	1768264425163]	World..
[2026-01-13 09시33분45초	1768264425259]	96ms

[2026-01-13 09시33분45초	1768264425260]	BookController..
[2026-01-13 09시33분45초	1768264425260]	0ms

[2026-01-13 09시33분45초	1768264425261]	InventoryController..
[2026-01-13 09시33분45초	1768264425261]	0ms

[2026-01-13 09시33분45초	1768264425261]	BasePacketPooling..
[2026-01-13 09시33분45초	1768264425262]	1ms

[2026-01-13 09시33분45초	1768264425264]	SkillController..
[2026-01-13 09시33분45초	1768264425264]	0ms

[2026-01-13 09시33분45초	1768264425273]	DamageController..
[2026-01-13 09시33분45초	1768264425273]	0ms

[2026-01-13 09시33분45초	1768264425275]	CharacterController..
[2026-01-13 09시33분45초	1768264425275]	0ms

[2026-01-13 09시33분45초	1768264425276]	TradeController..
[2026-01-13 09시33분45초	1768264425276]	0ms

[2026-01-13 09시33분45초	1768264425276]	DungeonController..
[2026-01-13 09시33분45초	1768264425276]	0ms

[2026-01-13 09시33분45초	1768264425277]	ShipController..
[2026-01-13 09시33분45초	1768264425277]	0ms

[2026-01-13 09시33분45초	1768264425278]	BuffController..
[2026-01-13 09시33분45초	1768264425278]	0ms

[2026-01-13 09시33분45초	1768264425282]	SummonController..
[2026-01-13 09시33분45초	1768264425282]	0ms

[2026-01-13 09시33분45초	1768264425283]	PartyController..
[2026-01-13 09시33분45초	1768264425283]	0ms

[2026-01-13 09시33분45초	1768264425284]	InnController..
[2026-01-13 09시33분45초	1768264425284]	0ms

[2026-01-13 09시33분45초	1768264425285]	BoardController..
[2026-01-13 09시33분45초	1768264425285]	0ms

[2026-01-13 09시33분45초	1768264425287]	LetterController..
[2026-01-13 09시33분45초	1768264425287]	0ms

[2026-01-13 09시33분45초	1768264425287]	UserShopController..
[2026-01-13 09시33분45초	1768264425287]	0ms

[2026-01-13 09시33분45초	1768264425289]	ChattingController..
[2026-01-13 09시33분45초	1768264425290]	1ms

[2026-01-13 09시33분45초	1768264425291]	ColosseumController..
[2026-01-13 09시33분45초	1768264425292]	1ms

[2026-01-13 09시33분45초	1768264425292]	CraftController..
[2026-01-13 09시33분45초	1768264425292]	0ms

[2026-01-13 09시33분45초	1768264425293]	BossController..
[2026-01-13 09시33분45초	1768264425293]	0ms

[2026-01-13 09시33분45초	1768264425295]	NoticeController..
[2026-01-13 09시33분45초	1768264425295]	0ms

[2026-01-13 09시33분45초	1768264425303]	FriendController..
[2026-01-13 09시33분45초	1768264425303]	0ms

[2026-01-13 09시33분45초	1768264425304]	BugScanningController..
[2026-01-13 09시33분45초	1768264425304]	0ms

[2026-01-13 09시33분45초	1768264425312]	MagicDollController..
[2026-01-13 09시33분45초	1768264425312]	0ms

[2026-01-13 09시33분45초	1768264425313]	ShopController..
[2026-01-13 09시33분45초	1768264425313]	0ms

[2026-01-13 09시33분45초	1768264425314]	WarehouseDatabase..
[2026-01-13 09시33분45초	1768264425314]	0ms

[2026-01-13 09시33분45초	1768264425315]	PakTools..
[2026-01-13 09시33분45초	1768264425316]	1ms

[2026-01-13 09시33분45초	1768264425317]	ScriptController...
[2026-01-13 09시33분45초	1768264425319]	2ms

[2026-01-13 09시33분45초	1768264425320]	GiranClanLordController..
[2026-01-13 09시33분45초	1768264425320]	0ms

[2026-01-13 09시33분45초	1768264425321]	TeamBattleController..
[2026-01-13 09시33분45초	1768264425321]	0ms

[2026-01-13 09시33분45초	1768264425322]	WorldClearController..
[2026-01-13 09시33분45초	1768264425322]	0ms

[2026-01-13 09시33분45초	1768264425323]	SpotController..
[2026-01-13 09시33분45초	1768264425326]	0ms

[2026-01-13 09시33분45초	1768264425326]	테베라스 컨트롤러..
[2026-01-13 09시33분45초	1768264425326]	0ms

[2026-01-13 09시33분45초	1768264425327]	지옥 컨트롤러..
[2026-01-13 09시33분45초	1768264425327]	0ms

[2026-01-13 09시33분45초	1768264425328]	지하수로 컨트롤러..
[2026-01-13 09시33분45초	1768264425328]	0ms

[2026-01-13 09시33분45초	1768264425329]	보물찾기컨트롤러..
[2026-01-13 09시33분45초	1768264425329]	0ms

[2026-01-13 09시33분45초	1768264425329]	마족신전 컨트롤러..
[2026-01-13 09시33분45초	1768264425330]	1ms

[2026-01-13 09시33분45초	1768264425330]	고무 컨트롤러..
[2026-01-13 09시33분45초	1768264425331]	정무던전 컨트롤러..
[2026-01-13 09시33분45초	1768264425335]	4ms

[2026-01-13 09시33분45초	1768264425336]	그신 컨트롤러..
[2026-01-13 09시33분45초	1768264425336]	0ms

[2026-01-13 09시33분45초	1768264425337]	라바던전 컨트롤러..
[2026-01-13 09시33분45초	1768264425337]	0ms

[2026-01-13 09시33분45초	1768264425338]	월드보스컨트롤러..
[2026-01-13 09시33분45초	1768264425338]	0ms

[2026-01-13 09시33분45초	1768264425338]	펭귄 사냥터 컨트롤러..
[2026-01-13 09시33분45초	1768264425338]	0ms

[2026-01-13 09시33분45초	1768264425339]	칠흑던전 컨트롤러..
[2026-01-13 09시33분45초	1768264425340]	악마왕의영토컨트롤러..
[2026-01-13 09시33분45초	1768264425340]	0ms

[2026-01-13 09시33분45초	1768264425340]	얼던컨트롤러..
[2026-01-13 09시33분45초	1768264425340]	0ms

[2026-01-13 09시33분45초	1768264425341]	기감 컨트롤러..
[2026-01-13 09시33분45초	1768264425341]	0ms

[2026-01-13 09시33분45초	1768264425342]	고라스컨트롤러..
[2026-01-13 09시33분45초	1768264425342]	0ms

[2026-01-13 09시33분45초	1768264425343]	드워프컨트롤러..
[2026-01-13 09시33분45초	1768264425343]	0ms

[2026-01-13 09시33분45초	1768264425344]	타임이벤트컨트롤러..
[2026-01-13 09시33분45초	1768264425344]	0ms

[2026-01-13 09시33분45초	1768264425344]	AutoHuntController..
[2026-01-13 09시33분45초	1768264425345]	1ms

[2026-01-13 09시33분45초	1768264425360]	DatabaseConnection..
[2026-01-13 09시33분45초	1768264425633]	273ms

[2026-01-13 09시33분45초	1768264425650]	ServerDatabase..
[2026-01-13 09시33분45초	1768264425680]	30ms

[2026-01-13 09시33분45초	1768264425683]	SlimeRaceController..
[2026-01-13 09시33분45초	1768264425686]	3ms

[2026-01-13 09시33분45초	1768264425687]	DogRaceController..
[2026-01-13 09시33분45초	1768264425689]	2ms

[2026-01-13 09시33분45초	1768264425691]	ClanController..
[2026-01-13 09시33분45초	1768264425698]	7ms

[2026-01-13 09시33분45초	1768264425701]	KingdomController..
[2026-01-13 09시33분45초	1768264425708]	7ms

[2026-01-13 09시33분45초	1768264425709]	AgitController..
[2026-01-13 09시33분45초	1768264425715]	6ms

[2026-01-13 09시33분45초	1768264425716]	AuctionController..
[2026-01-13 09시33분45초	1768264425722]	6ms

[2026-01-13 09시33분45초	1768264425726]	ItemDatabase..
[2026-01-13 09시33분45초	1768264425830]	104ms

[2026-01-13 09시33분45초	1768264425831]	ItemSetopionDatabase..
[2026-01-13 09시33분45초	1768264425834]	3ms

[2026-01-13 09시33분45초	1768264425835]	AutosellDatabase..
[2026-01-13 09시33분45초	1768264425856]	21ms

[2026-01-13 09시33분45초	1768264425856]	ItemSkillDatabase..
[2026-01-13 09시33분45초	1768264425861]	5ms

[2026-01-13 09시33분45초	1768264425862]	ItemBundleDatabase..
[2026-01-13 09시33분45초	1768264425866]	4ms

[2026-01-13 09시33분45초	1768264425867]	ItemChanceBundleDatabase..
[2026-01-13 09시33분45초	1768264425871]	4ms

[2026-01-13 09시33분45초	1768264425872]	FishItemListDatabase..
[2026-01-13 09시33분45초	1768264425875]	3ms

[2026-01-13 09시33분45초	1768264425876]	ItemTeleport..
[2026-01-13 09시33분45초	1768264425882]	6ms

[2026-01-13 09시33분45초	1768264425883]	PolyDatabase..
[2026-01-13 09시33분45초	1768264425888]	4ms

[2026-01-13 09시33분45초	1768264425888]	DungeonDatabase..
[2026-01-13 09시33분45초	1768264425894]	6ms

[2026-01-13 09시33분45초	1768264425895]	DefiniteDatabase..
[2026-01-13 09시33분45초	1768264425898]	3ms

[2026-01-13 09시33분45초	1768264425899]	ExpDatabase..
[2026-01-13 09시33분45초	1768264425902]	3ms

[2026-01-13 09시33분45초	1768264425902]	BackgroundDatabase..
[2026-01-13 09시33분46초	1768264426010]	108ms

[2026-01-13 09시33분46초	1768264426010]	SpriteFrameDatabase..
[2026-01-13 09시33분46초	1768264426061]	51ms

[2026-01-13 09시33분46초	1768264426062]	SkillDatabase..
[2026-01-13 09시33분46초	1768264426065]	3ms

[2026-01-13 09시33분46초	1768264426066]	NpcDatabase..
[2026-01-13 09시33분46초	1768264426073]	7ms

[2026-01-13 09시33분46초	1768264426074]	NpcShopDatabase..
[2026-01-13 09시33분46초	1768264426133]	59ms

[2026-01-13 09시33분46초	1768264426134]	NpcTeleportDatabase..
[2026-01-13 09시33분46초	1768264426143]	9ms

[2026-01-13 09시33분46초	1768264426270]	NpcSpawnlistDatabase..
[2026-01-13 09시33분46초	1768264426323]	53ms

[2026-01-13 09시33분46초	1768264426324]	EventController..
[2026-01-13 09시33분46초	1768264426324]	0ms

[2026-01-13 09시33분46초	1768264426326]	MonsterDatabase..
[2026-01-13 09시33분46초	1768264426344]	18ms

[2026-01-13 09시33분46초	1768264426346]	MonsterDropDatabase..
[2026-01-13 09시33분46초	1768264426376]	30ms

[2026-01-13 09시33분46초	1768264426377]	MonsterSkillDatabase..
[2026-01-13 09시33분46초	1768264426393]	16ms

[2026-01-13 09시33분46초	1768264426395]	MonsterSpawnlistDatabase..
[2026-01-13 09시33분47초	1768264427183]	788ms

[2026-01-13 09시33분47초	1768264427185]	MonsterBossSpawnlistDatabase..
[2026-01-13 09시33분47초	1768264427188]	3ms

[2026-01-13 09시33분47초	1768264427189]	ServerDownBossListDatabase..
[2026-01-13 09시33분47초	1768264427190]	1ms

[2026-01-13 09시33분47초	1768264427190]	BadIpDatabase..
[2026-01-13 09시33분47초	1768264427192]	2ms

[2026-01-13 09시33분47초	1768264427192]	QuestController..
[2026-01-13 09시33분47초	1768264427194]	2ms

[2026-01-13 09시33분47초	1768264427194]	ServerOpcodesDatabase..
[2026-01-13 09시33분47초	1768264427198]	4ms

[2026-01-13 09시33분47초	1768264427198]	ServerNoticeDatabase..
[2026-01-13 09시33분47초	1768264427200]	2ms

[2026-01-13 09시33분47초	1768264427202]	RankController..
[2026-01-13 09시33분47초	1768264427224]	22ms

[2026-01-13 09시33분47초	1768264427226]	WantedController..
[2026-01-13 09시33분47초	1768264427230]	4ms

[2026-01-13 09시33분47초	1768264427231]	TeleportHomeDatabase..
[2026-01-13 09시33분47초	1768264427263]	32ms

[2026-01-13 09시33분47초	1768264427264]	TeleportResetDatabase..
[2026-01-13 09시33분47초	1768264427293]	29ms

[2026-01-13 09시33분47초	1768264427293]	ItemPinewandDatabase..
[2026-01-13 09시33분47초	1768264427295]	2ms

[2026-01-13 09시33분47초	1768264427296]	ItemMaplewandDatabase..
[2026-01-13 09시33분47초	1768264427298]	2ms

[2026-01-13 09시33분47초	1768264427298]	SummonListDatabase..
[2026-01-13 09시33분47초	1768264427301]	2ms

[2026-01-13 09시33분47초	1768264427301]	GmListDatabase..
[2026-01-13 09시33분47초	1768264427303]	2ms

[2026-01-13 09시33분47초	1768264427304]	MagicdollListDatabase..
[2026-01-13 09시33분47초	1768264427306]	2ms

[2026-01-13 09시33분47초	1768264427311]	PcMarketController..
[2026-01-13 09시33분47초	1768264427312]	1ms

[2026-01-13 09시33분47초	1768264427313]	ServerOptionDatabase..
[2026-01-13 09시33분47초	1768264427314]	1ms

[2026-01-13 09시33분47초	1768264427315]	TimeDungeonDatabase..
[2026-01-13 09시33분47초	1768264427316]	1ms

[2026-01-13 09시33분47초	1768264427316]	TeamBattleDatabase..
[2026-01-13 09시33분47초	1768264427318]	2ms

[2026-01-13 09시33분47초	1768264427319]	LifeLostItemDatabase..
[2026-01-13 09시33분47초	1768264427320]	1ms

[2026-01-13 09시33분47초	1768264427321]	GmTeleportDatabase..
[2026-01-13 09시33분47초	1768264427323]	2ms

[2026-01-13 09시33분47초	1768264427326]	무인혈맹컨트롤러..
[2026-01-13 09시33분47초	1768264427328]	3ms

[2026-01-13 09시33분47초	1768264427329]	HackNoCheckDatabase..
[2026-01-13 09시33분47초	1768264427330]	1ms

[2026-01-13 09시33분47초	1768264427331]	EnchantLostItemDatabase..
[2026-01-13 09시33분47초	1768264427352]	21ms

[2026-01-13 09시33분47초	1768264427353]	ItemDropMessageDatabase..
[2026-01-13 09시33분47초	1768264427354]	1ms

[2026-01-13 09시33분47초	1768264427356]	FishingController..
[2026-01-13 09시33분47초	1768264427623]	267ms

[2026-01-13 09시33분47초	1768264427639]	RobotController..
[2026-01-13 09시33분47초	1768264427663]	24ms

[2026-01-13 09시33분47초	1768264427665]	Server..
[2026-01-13 09시33분47초	1768264427730]	65ms

[2026-01-13 09시33분47초	1768264427731]	ServerThread..
[2026-01-13 09시33분47초	1768264427731]	0ms

[2026-01-13 09시33분47초	1768264427732]	ControllerTherad..
[2026-01-13 09시33분47초	1768264427732]	0ms

[2026-01-13 09시33분47초	1768264427734]	CharacterThread..
[2026-01-13 09시33분47초	1768264427734]	0ms

[2026-01-13 09시33분47초	1768264427735]	DatabaseThread..
[2026-01-13 09시33분47초	1768264427735]	0ms

[2026-01-13 09시33분47초	1768264427736]	CharacterControlThread..
[2026-01-13 09시33분47초	1768264427736]	0ms

[2026-01-13 09시33분47초	1768264427779]	FightController..
[2026-01-13 09시33분47초	1768264427801]	22ms

[2026-01-13 09시33분47초	1768264427802]	TimeThread..
[2026-01-13 09시33분47초	1768264427802]	0ms

[2026-01-13 09시33분47초	1768264427803]	AutoHuntThread..
[2026-01-13 09시33분47초	1768264427803]	0ms

[2026-01-13 09시33분47초	1768264427803]	======================================================================
[2026-01-13 09시33분47초	1768264427805]	Server Version  :  Lineage 2.0

[2026-01-13 09시33분47초	1768264427805]	Server Port      :  2000

[2026-01-13 09시33분47초	1768264427805]	계정 자동생성  :  on

[2026-01-13 09시33분47초	1768264427805]	인챈트 : 1.0배  ||  드랍 : 3.0배  ||  경험치 : 30.0배  ||  아데나 : 12.0배  ||  파티 : 1.1배

[2026-01-13 09시33분47초	1768264427805]	======================================================================
[2026-01-13 09시33분47초	1768264427805]	'서버' 가동되었습니다.

[2026-01-13 09시36분48초	1768264608452]	자동 저장완료 2026-01-13 09시36분48초
[2026-01-13 09시39분49초	1768264789079]	자동 저장완료 2026-01-13 09시39분49초
[2026-01-13 09시42분49초	1768264969745]	자동 저장완료 2026-01-13 09시42분49초
[2026-01-13 09시45분50초	1768265150347]	자동 저장완료 2026-01-13 09시45분50초
[2026-01-13 09시48분51초	1768265331028]	자동 저장완료 2026-01-13 09시48분51초
[2026-01-13 09시51분51초	1768265511688]	자동 저장완료 2026-01-13 09시51분51초
[2026-01-13 09시54분52초	1768265692346]	자동 저장완료 2026-01-13 09시54분52초
[2026-01-13 09시57분53초	1768265873014]	자동 저장완료 2026-01-13 09시57분53초
[2026-01-13 10시00분53초	1768266053671]	자동 저장완료 2026-01-13 10시00분53초
[2026-01-13 10시03분54초	1768266234377]	자동 저장완료 2026-01-13 10시03분54초
[2026-01-13 10시06분55초	1768266415065]	자동 저장완료 2026-01-13 10시06분55초
[2026-01-13 10시09분55초	1768266595764]	자동 저장완료 2026-01-13 10시09분55초
[2026-01-13 10시12분56초	1768266776458]	자동 저장완료 2026-01-13 10시12분56초
[2026-01-13 10시15분57초	1768266957130]	자동 저장완료 2026-01-13 10시15분57초
[2026-01-13 10시18분57초	1768267137855]	자동 저장완료 2026-01-13 10시18분57초
[2026-01-13 10시20분34초	1768267234023]	서버가 즉시 종료됩니다...
[2026-01-13 10시20분35초	1768267235023]	Thread close..
[2026-01-13 10시20분36초	1768267236023]	Save Database..
[2026-01-13 10시20분36초	1768267236941]	Socket close..
[2026-01-13 10시20분36초	1768267236941]	LineageServer Close...
[2026-01-13 10시20분36초	1768267236941]	0ms

[2026-01-13 10시20분36초	1768267236941]	ok..
