[2026-01-07 15시21분28초	1767766888845]	Mysql..
[2026-01-07 15시21분28초	1767766888845]	1ms

[2026-01-07 15시21분28초	1767766888864]	lineage.conf file loading...
[2026-01-07 15시21분28초	1767766888893]	29ms

[2026-01-07 15시21분28초	1767766888900]	Lineage_Balance..
[2026-01-07 15시21분28초	1767766888908]	8ms

[2026-01-07 15시21분28초	1767766888909]	npc_promotion..
[2026-01-07 15시21분28초	1767766888910]	1ms

[2026-01-07 15시21분28초	1767766888910]	Socket..
[2026-01-07 15시21분28초	1767766888911]	1ms

[2026-01-07 15시21분28초	1767766888911]	Common..
[2026-01-07 15시21분28초	1767766888911]	0ms

[2026-01-07 15시21분28초	1767766888912]	EventThread..
[2026-01-07 15시21분28초	1767766888912]	0ms

[2026-01-07 15시21분28초	1767766888913]	AiExecuteThread..
[2026-01-07 15시21분28초	1767766888913]	0ms

[2026-01-07 15시21분28초	1767766888914]	AiThread..
[2026-01-07 15시21분28초	1767766888914]	0ms

[2026-01-07 15시21분28초	1767766888917]	World..
[2026-01-07 15시21분28초	1767766888998]	81ms

[2026-01-07 15시21분29초	1767766889000]	BookController..
[2026-01-07 15시21분29초	1767766889000]	0ms

[2026-01-07 15시21분29초	1767766889000]	InventoryController..
[2026-01-07 15시21분29초	1767766889000]	0ms

[2026-01-07 15시21분29초	1767766889001]	BasePacketPooling..
[2026-01-07 15시21분29초	1767766889001]	0ms

[2026-01-07 15시21분29초	1767766889010]	SkillController..
[2026-01-07 15시21분29초	1767766889013]	0ms

[2026-01-07 15시21분29초	1767766889019]	DamageController..
[2026-01-07 15시21분29초	1767766889019]	0ms

[2026-01-07 15시21분29초	1767766889021]	CharacterController..
[2026-01-07 15시21분29초	1767766889021]	0ms

[2026-01-07 15시21분29초	1767766889022]	TradeController..
[2026-01-07 15시21분29초	1767766889022]	0ms

[2026-01-07 15시21분29초	1767766889022]	DungeonController..
[2026-01-07 15시21분29초	1767766889022]	0ms

[2026-01-07 15시21분29초	1767766889023]	ShipController..
[2026-01-07 15시21분29초	1767766889023]	0ms

[2026-01-07 15시21분29초	1767766889023]	BuffController..
[2026-01-07 15시21분29초	1767766889024]	1ms

[2026-01-07 15시21분29초	1767766889034]	SummonController..
[2026-01-07 15시21분29초	1767766889034]	0ms

[2026-01-07 15시21분29초	1767766889035]	PartyController..
[2026-01-07 15시21분29초	1767766889035]	0ms

[2026-01-07 15시21분29초	1767766889036]	InnController..
[2026-01-07 15시21분29초	1767766889036]	0ms

[2026-01-07 15시21분29초	1767766889037]	BoardController..
[2026-01-07 15시21분29초	1767766889037]	0ms

[2026-01-07 15시21분29초	1767766889039]	LetterController..
[2026-01-07 15시21분29초	1767766889039]	0ms

[2026-01-07 15시21분29초	1767766889040]	UserShopController..
[2026-01-07 15시21분29초	1767766889040]	0ms

[2026-01-07 15시21분29초	1767766889041]	ChattingController..
[2026-01-07 15시21분29초	1767766889042]	1ms

[2026-01-07 15시21분29초	1767766889049]	ColosseumController..
[2026-01-07 15시21분29초	1767766889050]	0ms

[2026-01-07 15시21분29초	1767766889050]	CraftController..
[2026-01-07 15시21분29초	1767766889050]	0ms

[2026-01-07 15시21분29초	1767766889059]	BossController..
[2026-01-07 15시21분29초	1767766889059]	0ms

[2026-01-07 15시21분29초	1767766889060]	NoticeController..
[2026-01-07 15시21분29초	1767766889060]	0ms

[2026-01-07 15시21분29초	1767766889061]	FriendController..
[2026-01-07 15시21분29초	1767766889061]	0ms

[2026-01-07 15시21분29초	1767766889061]	BugScanningController..
[2026-01-07 15시21분29초	1767766889061]	0ms

[2026-01-07 15시21분29초	1767766889062]	MagicDollController..
[2026-01-07 15시21분29초	1767766889063]	1ms

[2026-01-07 15시21분29초	1767766889063]	ShopController..
[2026-01-07 15시21분29초	1767766889063]	0ms

[2026-01-07 15시21분29초	1767766889064]	WarehouseDatabase..
[2026-01-07 15시21분29초	1767766889064]	0ms

[2026-01-07 15시21분29초	1767766889065]	PakTools..
[2026-01-07 15시21분29초	1767766889066]	1ms

[2026-01-07 15시21분29초	1767766889067]	ScriptController...
[2026-01-07 15시21분29초	1767766889069]	2ms

[2026-01-07 15시21분29초	1767766889070]	GiranClanLordController..
[2026-01-07 15시21분29초	1767766889070]	0ms

[2026-01-07 15시21분29초	1767766889072]	TeamBattleController..
[2026-01-07 15시21분29초	1767766889072]	0ms

[2026-01-07 15시21분29초	1767766889072]	WorldClearController..
[2026-01-07 15시21분29초	1767766889072]	0ms

[2026-01-07 15시21분29초	1767766889073]	SpotController..
[2026-01-07 15시21분29초	1767766889073]	0ms

[2026-01-07 15시21분29초	1767766889074]	테베라스 컨트롤러..
[2026-01-07 15시21분29초	1767766889074]	0ms

[2026-01-07 15시21분29초	1767766889074]	지옥 컨트롤러..
[2026-01-07 15시21분29초	1767766889074]	0ms

[2026-01-07 15시21분29초	1767766889075]	지하수로 컨트롤러..
[2026-01-07 15시21분29초	1767766889075]	0ms

[2026-01-07 15시21분29초	1767766889075]	보물찾기컨트롤러..
[2026-01-07 15시21분29초	1767766889076]	1ms

[2026-01-07 15시21분29초	1767766889076]	마족신전 컨트롤러..
[2026-01-07 15시21분29초	1767766889076]	0ms

[2026-01-07 15시21분29초	1767766889077]	고무 컨트롤러..
[2026-01-07 15시21분29초	1767766889077]	정무던전 컨트롤러..
[2026-01-07 15시21분29초	1767766889081]	4ms

[2026-01-07 15시21분29초	1767766889082]	그신 컨트롤러..
[2026-01-07 15시21분29초	1767766889082]	0ms

[2026-01-07 15시21분29초	1767766889082]	라바던전 컨트롤러..
[2026-01-07 15시21분29초	1767766889083]	1ms

[2026-01-07 15시21분29초	1767766889083]	월드보스컨트롤러..
[2026-01-07 15시21분29초	1767766889083]	0ms

[2026-01-07 15시21분29초	1767766889084]	펭귄 사냥터 컨트롤러..
[2026-01-07 15시21분29초	1767766889084]	0ms

[2026-01-07 15시21분29초	1767766889084]	칠흑던전 컨트롤러..
[2026-01-07 15시21분29초	1767766889085]	악마왕의영토컨트롤러..
[2026-01-07 15시21분29초	1767766889085]	0ms

[2026-01-07 15시21분29초	1767766889086]	얼던컨트롤러..
[2026-01-07 15시21분29초	1767766889086]	0ms

[2026-01-07 15시21분29초	1767766889087]	기감 컨트롤러..
[2026-01-07 15시21분29초	1767766889087]	0ms

[2026-01-07 15시21분29초	1767766889088]	고라스컨트롤러..
[2026-01-07 15시21분29초	1767766889088]	0ms

[2026-01-07 15시21분29초	1767766889088]	드워프컨트롤러..
[2026-01-07 15시21분29초	1767766889089]	1ms

[2026-01-07 15시21분29초	1767766889089]	타임이벤트컨트롤러..
[2026-01-07 15시21분29초	1767766889090]	1ms

[2026-01-07 15시21분29초	1767766889090]	AutoHuntController..
[2026-01-07 15시21분29초	1767766889090]	0ms

[2026-01-07 15시21분29초	1767766889091]	DatabaseConnection..
[2026-01-07 15시21분29초	1767766889366]	275ms

[2026-01-07 15시21분29초	1767766889388]	ServerDatabase..
[2026-01-07 15시21분29초	1767766889426]	38ms

[2026-01-07 15시21분29초	1767766889428]	SlimeRaceController..
[2026-01-07 15시21분29초	1767766889430]	2ms

[2026-01-07 15시21분29초	1767766889432]	DogRaceController..
[2026-01-07 15시21분29초	1767766889433]	1ms

[2026-01-07 15시21분29초	1767766889436]	ClanController..
[2026-01-07 15시21분29초	1767766889441]	5ms

[2026-01-07 15시21분29초	1767766889444]	KingdomController..
[2026-01-07 15시21분29초	1767766889449]	5ms

[2026-01-07 15시21분29초	1767766889450]	AgitController..
[2026-01-07 15시21분29초	1767766889454]	4ms

[2026-01-07 15시21분29초	1767766889456]	AuctionController..
[2026-01-07 15시21분29초	1767766889460]	4ms

[2026-01-07 15시21분29초	1767766889465]	ItemDatabase..
[2026-01-07 15시21분29초	1767766889572]	107ms

[2026-01-07 15시21분29초	1767766889573]	ItemSetopionDatabase..
[2026-01-07 15시21분29초	1767766889575]	2ms

[2026-01-07 15시21분29초	1767766889583]	AutosellDatabase..
[2026-01-07 15시21분29초	1767766889602]	18ms

[2026-01-07 15시21분29초	1767766889602]	ItemSkillDatabase..
[2026-01-07 15시21분29초	1767766889604]	2ms

[2026-01-07 15시21분29초	1767766889605]	ItemBundleDatabase..
[2026-01-07 15시21분29초	1767766889607]	2ms

[2026-01-07 15시21분29초	1767766889608]	ItemChanceBundleDatabase..
[2026-01-07 15시21분29초	1767766889611]	3ms

[2026-01-07 15시21분29초	1767766889612]	FishItemListDatabase..
[2026-01-07 15시21분29초	1767766889613]	1ms

[2026-01-07 15시21분29초	1767766889614]	ItemTeleport..
[2026-01-07 15시21분29초	1767766889616]	2ms

[2026-01-07 15시21분29초	1767766889618]	PolyDatabase..
[2026-01-07 15시21분29초	1767766889620]	2ms

[2026-01-07 15시21분29초	1767766889621]	DungeonDatabase..
[2026-01-07 15시21분29초	1767766889625]	4ms

[2026-01-07 15시21분29초	1767766889626]	DefiniteDatabase..
[2026-01-07 15시21분29초	1767766889627]	1ms

[2026-01-07 15시21분29초	1767766889628]	ExpDatabase..
[2026-01-07 15시21분29초	1767766889629]	1ms

[2026-01-07 15시21분29초	1767766889629]	BackgroundDatabase..
[2026-01-07 15시21분29초	1767766889748]	118ms

[2026-01-07 15시21분29초	1767766889748]	SpriteFrameDatabase..
[2026-01-07 15시21분29초	1767766889801]	53ms

[2026-01-07 15시21분29초	1767766889802]	SkillDatabase..
[2026-01-07 15시21분29초	1767766889805]	3ms

[2026-01-07 15시21분29초	1767766889806]	NpcDatabase..
[2026-01-07 15시21분29초	1767766889813]	6ms

[2026-01-07 15시21분29초	1767766889813]	NpcShopDatabase..
[2026-01-07 15시21분29초	1767766889875]	62ms

[2026-01-07 15시21분29초	1767766889876]	NpcTeleportDatabase..
[2026-01-07 15시21분29초	1767766889877]	1ms

[2026-01-07 15시21분30초	1767766890018]	NpcSpawnlistDatabase..
[2026-01-07 15시21분30초	1767766890079]	61ms

[2026-01-07 15시21분30초	1767766890081]	EventController..
[2026-01-07 15시21분30초	1767766890081]	0ms

[2026-01-07 15시21분30초	1767766890082]	MonsterDatabase..
[2026-01-07 15시21분30초	1767766890096]	14ms

[2026-01-07 15시21분30초	1767766890096]	MonsterDropDatabase..
[2026-01-07 15시21분30초	1767766890120]	24ms

[2026-01-07 15시21분30초	1767766890121]	MonsterSkillDatabase..
[2026-01-07 15시21분30초	1767766890140]	19ms

[2026-01-07 15시21분30초	1767766890142]	MonsterSpawnlistDatabase..
[2026-01-07 15시21분31초	1767766891191]	1049ms

[2026-01-07 15시21분31초	1767766891192]	MonsterBossSpawnlistDatabase..
[2026-01-07 15시21분31초	1767766891194]	2ms

[2026-01-07 15시21분31초	1767766891195]	ServerDownBossListDatabase..
[2026-01-07 15시21분31초	1767766891195]	0ms

[2026-01-07 15시21분31초	1767766891196]	BadIpDatabase..
[2026-01-07 15시21분31초	1767766891197]	1ms

[2026-01-07 15시21분31초	1767766891198]	QuestController..
[2026-01-07 15시21분31초	1767766891198]	0ms

[2026-01-07 15시21분31초	1767766891199]	ServerOpcodesDatabase..
[2026-01-07 15시21분31초	1767766891201]	2ms

[2026-01-07 15시21분31초	1767766891202]	ServerNoticeDatabase..
[2026-01-07 15시21분31초	1767766891203]	1ms

[2026-01-07 15시21분31초	1767766891205]	RankController..
[2026-01-07 15시21분31초	1767766891224]	19ms

[2026-01-07 15시21분31초	1767766891226]	WantedController..
[2026-01-07 15시21분31초	1767766891227]	1ms

[2026-01-07 15시21분31초	1767766891228]	TeleportHomeDatabase..
[2026-01-07 15시21분31초	1767766891264]	35ms

[2026-01-07 15시21분31초	1767766891264]	TeleportResetDatabase..
[2026-01-07 15시21분31초	1767766891294]	30ms

[2026-01-07 15시21분31초	1767766891294]	ItemPinewandDatabase..
[2026-01-07 15시21분31초	1767766891296]	1ms

[2026-01-07 15시21분31초	1767766891296]	ItemMaplewandDatabase..
[2026-01-07 15시21분31초	1767766891297]	1ms

[2026-01-07 15시21분31초	1767766891298]	SummonListDatabase..
[2026-01-07 15시21분31초	1767766891299]	1ms

[2026-01-07 15시21분31초	1767766891300]	GmListDatabase..
[2026-01-07 15시21분31초	1767766891301]	1ms

[2026-01-07 15시21분31초	1767766891302]	MagicdollListDatabase..
[2026-01-07 15시21분31초	1767766891304]	2ms

[2026-01-07 15시21분31초	1767766891308]	PcMarketController..
[2026-01-07 15시21분31초	1767766891309]	1ms

[2026-01-07 15시21분31초	1767766891309]	ServerOptionDatabase..
[2026-01-07 15시21분31초	1767766891310]	1ms

[2026-01-07 15시21분31초	1767766891311]	TimeDungeonDatabase..
[2026-01-07 15시21분31초	1767766891311]	0ms

[2026-01-07 15시21분31초	1767766891312]	TeamBattleDatabase..
[2026-01-07 15시21분31초	1767766891313]	1ms

[2026-01-07 15시21분31초	1767766891314]	LifeLostItemDatabase..
[2026-01-07 15시21분31초	1767766891315]	1ms

[2026-01-07 15시21분31초	1767766891316]	GmTeleportDatabase..
[2026-01-07 15시21분31초	1767766891317]	1ms

[2026-01-07 15시21분31초	1767766891320]	무인혈맹컨트롤러..
[2026-01-07 15시21분31초	1767766891321]	1ms

[2026-01-07 15시21분31초	1767766891322]	HackNoCheckDatabase..
[2026-01-07 15시21분31초	1767766891322]	0ms

[2026-01-07 15시21분31초	1767766891324]	EnchantLostItemDatabase..
[2026-01-07 15시21분31초	1767766891337]	13ms

[2026-01-07 15시21분31초	1767766891338]	ItemDropMessageDatabase..
[2026-01-07 15시21분31초	1767766891339]	1ms

[2026-01-07 15시21분31초	1767766891341]	FishingController..
[2026-01-07 15시21분31초	1767766891461]	120ms

[2026-01-07 15시21분31초	1767766891470]	RobotController..
[2026-01-07 15시21분31초	1767766891493]	23ms

[2026-01-07 15시21분31초	1767766891494]	Server..
[2026-01-07 15시21분31초	1767766891559]	65ms

[2026-01-07 15시21분31초	1767766891560]	ServerThread..
[2026-01-07 15시21분31초	1767766891560]	0ms

[2026-01-07 15시21분31초	1767766891561]	ControllerTherad..
[2026-01-07 15시21분31초	1767766891561]	0ms

[2026-01-07 15시21분31초	1767766891562]	CharacterThread..
[2026-01-07 15시21분31초	1767766891562]	0ms

[2026-01-07 15시21분31초	1767766891563]	DatabaseThread..
[2026-01-07 15시21분31초	1767766891563]	0ms

[2026-01-07 15시21분31초	1767766891564]	CharacterControlThread..
[2026-01-07 15시21분31초	1767766891564]	0ms

[2026-01-07 15시21분31초	1767766891605]	FightController..
[2026-01-07 15시21분31초	1767766891626]	21ms

[2026-01-07 15시21분31초	1767766891627]	TimeThread..
[2026-01-07 15시21분31초	1767766891627]	0ms

[2026-01-07 15시21분31초	1767766891628]	AutoHuntThread..
[2026-01-07 15시21분31초	1767766891628]	0ms

[2026-01-07 15시21분31초	1767766891628]	======================================================================
[2026-01-07 15시21분31초	1767766891628]	Server Version  :  Lineage 2.0

[2026-01-07 15시21분31초	1767766891628]	Server Port      :  2000

[2026-01-07 15시21분31초	1767766891629]	계정 자동생성  :  on

[2026-01-07 15시21분31초	1767766891629]	인챈트 : 1.0배  ||  드랍 : 3.0배  ||  경험치 : 30.0배  ||  아데나 : 12.0배  ||  파티 : 1.1배

[2026-01-07 15시21분31초	1767766891629]	======================================================================
[2026-01-07 15시21분31초	1767766891629]	'서버' 가동되었습니다.

[2026-01-07 15시22분32초	1767766952125]	서버가 즉시 종료됩니다...
[2026-01-07 15시22분33초	1767766953126]	Thread close..
[2026-01-07 15시22분34초	1767766954126]	Save Database..
[2026-01-07 15시22분34초	1767766954829]	Socket close..
[2026-01-07 15시22분34초	1767766954829]	LineageServer Close...
[2026-01-07 15시22분34초	1767766954829]	0ms

[2026-01-07 15시22분34초	1767766954829]	ok..
