[2026-01-13 19시38분10초	1768300690823]	Mysql..
[2026-01-13 19시38분10초	1768300690823]	2ms

[2026-01-13 19시38분10초	1768300690841]	lineage.conf file loading...
[2026-01-13 19시38분10초	1768300690870]	29ms

[2026-01-13 19시38분10초	1768300690877]	Lineage_Balance..
[2026-01-13 19시38분10초	1768300690885]	8ms

[2026-01-13 19시38분10초	1768300690886]	npc_promotion..
[2026-01-13 19시38분10초	1768300690887]	1ms

[2026-01-13 19시38분10초	1768300690887]	Socket..
[2026-01-13 19시38분10초	1768300690888]	1ms

[2026-01-13 19시38분10초	1768300690888]	Common..
[2026-01-13 19시38분10초	1768300690888]	0ms

[2026-01-13 19시38분10초	1768300690889]	EventThread..
[2026-01-13 19시38분10초	1768300690889]	0ms

[2026-01-13 19시38분10초	1768300690890]	AiExecuteThread..
[2026-01-13 19시38분10초	1768300690890]	0ms

[2026-01-13 19시38분10초	1768300690891]	AiThread..
[2026-01-13 19시38분10초	1768300690891]	0ms

[2026-01-13 19시38분10초	1768300690902]	World..
[2026-01-13 19시38분10초	1768300690992]	90ms

[2026-01-13 19시38분10초	1768300690994]	BookController..
[2026-01-13 19시38분10초	1768300690994]	0ms

[2026-01-13 19시38분10초	1768300690994]	InventoryController..
[2026-01-13 19시38분10초	1768300690994]	0ms

[2026-01-13 19시38분10초	1768300690995]	BasePacketPooling..
[2026-01-13 19시38분10초	1768300690995]	0ms

[2026-01-13 19시38분10초	1768300690997]	SkillController..
[2026-01-13 19시38분10초	1768300690997]	0ms

[2026-01-13 19시38분11초	1768300691004]	DamageController..
[2026-01-13 19시38분11초	1768300691004]	0ms

[2026-01-13 19시38분11초	1768300691013]	CharacterController..
[2026-01-13 19시38분11초	1768300691013]	0ms

[2026-01-13 19시38분11초	1768300691014]	TradeController..
[2026-01-13 19시38분11초	1768300691014]	0ms

[2026-01-13 19시38분11초	1768300691014]	DungeonController..
[2026-01-13 19시38분11초	1768300691014]	0ms

[2026-01-13 19시38분11초	1768300691015]	ShipController..
[2026-01-13 19시38분11초	1768300691015]	0ms

[2026-01-13 19시38분11초	1768300691016]	BuffController..
[2026-01-13 19시38분11초	1768300691016]	0ms

[2026-01-13 19시38분11초	1768300691020]	SummonController..
[2026-01-13 19시38분11초	1768300691020]	0ms

[2026-01-13 19시38분11초	1768300691021]	PartyController..
[2026-01-13 19시38분11초	1768300691021]	0ms

[2026-01-13 19시38분11초	1768300691021]	InnController..
[2026-01-13 19시38분11초	1768300691021]	0ms

[2026-01-13 19시38분11초	1768300691023]	BoardController..
[2026-01-13 19시38분11초	1768300691023]	0ms

[2026-01-13 19시38분11초	1768300691024]	LetterController..
[2026-01-13 19시38분11초	1768300691024]	0ms

[2026-01-13 19시38분11초	1768300691025]	UserShopController..
[2026-01-13 19시38분11초	1768300691025]	0ms

[2026-01-13 19시38분11초	1768300691027]	ChattingController..
[2026-01-13 19시38분11초	1768300691028]	1ms

[2026-01-13 19시38분11초	1768300691030]	ColosseumController..
[2026-01-13 19시38분11초	1768300691030]	1ms

[2026-01-13 19시38분11초	1768300691031]	CraftController..
[2026-01-13 19시38분11초	1768300691031]	0ms

[2026-01-13 19시38분11초	1768300691032]	BossController..
[2026-01-13 19시38분11초	1768300691032]	0ms

[2026-01-13 19시38분11초	1768300691033]	NoticeController..
[2026-01-13 19시38분11초	1768300691033]	0ms

[2026-01-13 19시38분11초	1768300691034]	FriendController..
[2026-01-13 19시38분11초	1768300691034]	0ms

[2026-01-13 19시38분11초	1768300691034]	BugScanningController..
[2026-01-13 19시38분11초	1768300691034]	0ms

[2026-01-13 19시38분11초	1768300691036]	MagicDollController..
[2026-01-13 19시38분11초	1768300691036]	0ms

[2026-01-13 19시38분11초	1768300691036]	ShopController..
[2026-01-13 19시38분11초	1768300691036]	0ms

[2026-01-13 19시38분11초	1768300691045]	WarehouseDatabase..
[2026-01-13 19시38분11초	1768300691045]	0ms

[2026-01-13 19시38분11초	1768300691046]	PakTools..
[2026-01-13 19시38분11초	1768300691047]	1ms

[2026-01-13 19시38분11초	1768300691048]	ScriptController...
[2026-01-13 19시38분11초	1768300691051]	3ms

[2026-01-13 19시38분11초	1768300691051]	GiranClanLordController..
[2026-01-13 19시38분11초	1768300691051]	0ms

[2026-01-13 19시38분11초	1768300691053]	TeamBattleController..
[2026-01-13 19시38분11초	1768300691053]	0ms

[2026-01-13 19시38분11초	1768300691054]	WorldClearController..
[2026-01-13 19시38분11초	1768300691054]	0ms

[2026-01-13 19시38분11초	1768300691054]	SpotController..
[2026-01-13 19시38분11초	1768300691055]	1ms

[2026-01-13 19시38분11초	1768300691055]	테베라스 컨트롤러..
[2026-01-13 19시38분11초	1768300691055]	0ms

[2026-01-13 19시38분11초	1768300691056]	지옥 컨트롤러..
[2026-01-13 19시38분11초	1768300691056]	0ms

[2026-01-13 19시38분11초	1768300691057]	지하수로 컨트롤러..
[2026-01-13 19시38분11초	1768300691057]	0ms

[2026-01-13 19시38분11초	1768300691058]	보물찾기컨트롤러..
[2026-01-13 19시38분11초	1768300691058]	0ms

[2026-01-13 19시38분11초	1768300691059]	마족신전 컨트롤러..
[2026-01-13 19시38분11초	1768300691059]	0ms

[2026-01-13 19시38분11초	1768300691060]	고무 컨트롤러..
[2026-01-13 19시38분11초	1768300691061]	정무던전 컨트롤러..
[2026-01-13 19시38분11초	1768300691065]	4ms

[2026-01-13 19시38분11초	1768300691065]	그신 컨트롤러..
[2026-01-13 19시38분11초	1768300691066]	1ms

[2026-01-13 19시38분11초	1768300691066]	라바던전 컨트롤러..
[2026-01-13 19시38분11초	1768300691066]	0ms

[2026-01-13 19시38분11초	1768300691067]	월드보스컨트롤러..
[2026-01-13 19시38분11초	1768300691067]	0ms

[2026-01-13 19시38분11초	1768300691068]	펭귄 사냥터 컨트롤러..
[2026-01-13 19시38분11초	1768300691068]	0ms

[2026-01-13 19시38분11초	1768300691069]	칠흑던전 컨트롤러..
[2026-01-13 19시38분11초	1768300691069]	악마왕의영토컨트롤러..
[2026-01-13 19시38분11초	1768300691069]	0ms

[2026-01-13 19시38분11초	1768300691070]	얼던컨트롤러..
[2026-01-13 19시38분11초	1768300691070]	0ms

[2026-01-13 19시38분11초	1768300691071]	기감 컨트롤러..
[2026-01-13 19시38분11초	1768300691071]	0ms

[2026-01-13 19시38분11초	1768300691072]	고라스컨트롤러..
[2026-01-13 19시38분11초	1768300691072]	0ms

[2026-01-13 19시38분11초	1768300691073]	드워프컨트롤러..
[2026-01-13 19시38분11초	1768300691073]	0ms

[2026-01-13 19시38분11초	1768300691073]	타임이벤트컨트롤러..
[2026-01-13 19시38분11초	1768300691073]	0ms

[2026-01-13 19시38분11초	1768300691074]	AutoHuntController..
[2026-01-13 19시38분11초	1768300691074]	0ms

[2026-01-13 19시38분11초	1768300691089]	DatabaseConnection..
[2026-01-13 19시38분11초	1768300691408]	319ms

[2026-01-13 19시38분11초	1768300691423]	ServerDatabase..
[2026-01-13 19시38분11초	1768300691456]	33ms

[2026-01-13 19시38분11초	1768300691458]	SlimeRaceController..
[2026-01-13 19시38분11초	1768300691461]	3ms

[2026-01-13 19시38분11초	1768300691463]	DogRaceController..
[2026-01-13 19시38분11초	1768300691464]	1ms

[2026-01-13 19시38분11초	1768300691467]	ClanController..
[2026-01-13 19시38분11초	1768300691473]	6ms

[2026-01-13 19시38분11초	1768300691476]	KingdomController..
[2026-01-13 19시38분11초	1768300691483]	7ms

[2026-01-13 19시38분11초	1768300691484]	AgitController..
[2026-01-13 19시38분11초	1768300691488]	4ms

[2026-01-13 19시38분11초	1768300691490]	AuctionController..
[2026-01-13 19시38분11초	1768300691494]	4ms

[2026-01-13 19시38분11초	1768300691499]	ItemDatabase..
[2026-01-13 19시38분11초	1768300691610]	111ms

[2026-01-13 19시38분11초	1768300691611]	ItemSetopionDatabase..
[2026-01-13 19시38분11초	1768300691613]	2ms

[2026-01-13 19시38분11초	1768300691615]	AutosellDatabase..
[2026-01-13 19시38분11초	1768300691644]	29ms

[2026-01-13 19시38분11초	1768300691645]	ItemSkillDatabase..
[2026-01-13 19시38분11초	1768300691648]	3ms

[2026-01-13 19시38분11초	1768300691649]	ItemBundleDatabase..
[2026-01-13 19시38분11초	1768300691653]	4ms

[2026-01-13 19시38분11초	1768300691654]	ItemChanceBundleDatabase..
[2026-01-13 19시38분11초	1768300691657]	3ms

[2026-01-13 19시38분11초	1768300691658]	FishItemListDatabase..
[2026-01-13 19시38분11초	1768300691660]	2ms

[2026-01-13 19시38분11초	1768300691662]	ItemTeleport..
[2026-01-13 19시38분11초	1768300691664]	2ms

[2026-01-13 19시38분11초	1768300691666]	PolyDatabase..
[2026-01-13 19시38분11초	1768300691669]	3ms

[2026-01-13 19시38분11초	1768300691670]	DungeonDatabase..
[2026-01-13 19시38분11초	1768300691676]	5ms

[2026-01-13 19시38분11초	1768300691676]	DefiniteDatabase..
[2026-01-13 19시38분11초	1768300691679]	3ms

[2026-01-13 19시38분11초	1768300691680]	ExpDatabase..
[2026-01-13 19시38분11초	1768300691682]	2ms

[2026-01-13 19시38분11초	1768300691682]	BackgroundDatabase..
[2026-01-13 19시38분11초	1768300691814]	132ms

[2026-01-13 19시38분11초	1768300691814]	SpriteFrameDatabase..
[2026-01-13 19시38분11초	1768300691877]	63ms

[2026-01-13 19시38분11초	1768300691878]	SkillDatabase..
[2026-01-13 19시38분11초	1768300691881]	3ms

[2026-01-13 19시38분11초	1768300691882]	NpcDatabase..
[2026-01-13 19시38분11초	1768300691889]	7ms

[2026-01-13 19시38분11초	1768300691890]	NpcShopDatabase..
[2026-01-13 19시38분11초	1768300691968]	78ms

[2026-01-13 19시38분11초	1768300691969]	NpcTeleportDatabase..
[2026-01-13 19시38분11초	1768300691971]	2ms

[2026-01-13 19시38분12초	1768300692130]	NpcSpawnlistDatabase..
[2026-01-13 19시38분12초	1768300692190]	60ms

[2026-01-13 19시38분12초	1768300692192]	EventController..
[2026-01-13 19시38분12초	1768300692192]	0ms

[2026-01-13 19시38분12초	1768300692194]	MonsterDatabase..
[2026-01-13 19시38분12초	1768300692210]	16ms

[2026-01-13 19시38분12초	1768300692211]	MonsterDropDatabase..
[2026-01-13 19시38분12초	1768300692237]	26ms

[2026-01-13 19시38분12초	1768300692238]	MonsterSkillDatabase..
[2026-01-13 19시38분12초	1768300692249]	11ms

[2026-01-13 19시38분12초	1768300692251]	MonsterSpawnlistDatabase..
[2026-01-13 19시38분13초	1768300693262]	1011ms

[2026-01-13 19시38분13초	1768300693263]	MonsterBossSpawnlistDatabase..
[2026-01-13 19시38분13초	1768300693267]	4ms

[2026-01-13 19시38분13초	1768300693267]	ServerDownBossListDatabase..
[2026-01-13 19시38분13초	1768300693269]	2ms

[2026-01-13 19시38분13초	1768300693269]	BadIpDatabase..
[2026-01-13 19시38분13초	1768300693271]	2ms

[2026-01-13 19시38분13초	1768300693271]	QuestController..
[2026-01-13 19시38분13초	1768300693273]	2ms

[2026-01-13 19시38분13초	1768300693274]	ServerOpcodesDatabase..
[2026-01-13 19시38분13초	1768300693277]	3ms

[2026-01-13 19시38분13초	1768300693278]	ServerNoticeDatabase..
[2026-01-13 19시38분13초	1768300693281]	2ms

[2026-01-13 19시38분13초	1768300693282]	RankController..
[2026-01-13 19시38분13초	1768300693304]	22ms

[2026-01-13 19시38분13초	1768300693305]	WantedController..
[2026-01-13 19시38분13초	1768300693307]	2ms

[2026-01-13 19시38분13초	1768300693307]	TeleportHomeDatabase..
[2026-01-13 19시38분13초	1768300693340]	32ms

[2026-01-13 19시38분13초	1768300693340]	TeleportResetDatabase..
[2026-01-13 19시38분13초	1768300693370]	30ms

[2026-01-13 19시38분13초	1768300693371]	ItemPinewandDatabase..
[2026-01-13 19시38분13초	1768300693373]	2ms

[2026-01-13 19시38분13초	1768300693373]	ItemMaplewandDatabase..
[2026-01-13 19시38분13초	1768300693376]	3ms

[2026-01-13 19시38분13초	1768300693377]	SummonListDatabase..
[2026-01-13 19시38분13초	1768300693379]	2ms

[2026-01-13 19시38분13초	1768300693380]	GmListDatabase..
[2026-01-13 19시38분13초	1768300693381]	1ms

[2026-01-13 19시38분13초	1768300693382]	MagicdollListDatabase..
[2026-01-13 19시38분13초	1768300693383]	1ms

[2026-01-13 19시38분13초	1768300693387]	PcMarketController..
[2026-01-13 19시38분13초	1768300693388]	1ms

[2026-01-13 19시38분13초	1768300693388]	ServerOptionDatabase..
[2026-01-13 19시38분13초	1768300693389]	1ms

[2026-01-13 19시38분13초	1768300693390]	TimeDungeonDatabase..
[2026-01-13 19시38분13초	1768300693390]	0ms

[2026-01-13 19시38분13초	1768300693391]	TeamBattleDatabase..
[2026-01-13 19시38분13초	1768300693392]	1ms

[2026-01-13 19시38분13초	1768300693393]	LifeLostItemDatabase..
[2026-01-13 19시38분13초	1768300693394]	1ms

[2026-01-13 19시38분13초	1768300693395]	GmTeleportDatabase..
[2026-01-13 19시38분13초	1768300693396]	1ms

[2026-01-13 19시38분13초	1768300693398]	무인혈맹컨트롤러..
[2026-01-13 19시38분13초	1768300693399]	1ms

[2026-01-13 19시38분13초	1768300693400]	HackNoCheckDatabase..
[2026-01-13 19시38분13초	1768300693401]	1ms

[2026-01-13 19시38분13초	1768300693402]	EnchantLostItemDatabase..
[2026-01-13 19시38분13초	1768300693423]	20ms

[2026-01-13 19시38분13초	1768300693424]	ItemDropMessageDatabase..
[2026-01-13 19시38분13초	1768300693424]	0ms

[2026-01-13 19시38분13초	1768300693426]	FishingController..
[2026-01-13 19시38분13초	1768300693688]	262ms

[2026-01-13 19시38분13초	1768300693701]	RobotController..
[2026-01-13 19시38분13초	1768300693725]	24ms

[2026-01-13 19시38분13초	1768300693727]	Server..
[2026-01-13 19시38분13초	1768300693783]	56ms

[2026-01-13 19시38분13초	1768300693783]	ServerThread..
[2026-01-13 19시38분13초	1768300693784]	1ms

[2026-01-13 19시38분13초	1768300693785]	ControllerTherad..
[2026-01-13 19시38분13초	1768300693785]	0ms

[2026-01-13 19시38분13초	1768300693787]	CharacterThread..
[2026-01-13 19시38분13초	1768300693787]	0ms

[2026-01-13 19시38분13초	1768300693787]	DatabaseThread..
[2026-01-13 19시38분13초	1768300693788]	1ms

[2026-01-13 19시38분13초	1768300693789]	CharacterControlThread..
[2026-01-13 19시38분13초	1768300693790]	1ms

[2026-01-13 19시38분13초	1768300693831]	FightController..
[2026-01-13 19시38분13초	1768300693866]	35ms

[2026-01-13 19시38분13초	1768300693867]	TimeThread..
[2026-01-13 19시38분13초	1768300693868]	1ms

[2026-01-13 19시38분13초	1768300693868]	AutoHuntThread..
[2026-01-13 19시38분13초	1768300693868]	0ms

[2026-01-13 19시38분13초	1768300693868]	======================================================================
[2026-01-13 19시38분13초	1768300693869]	Server Version  :  Lineage 2.0

[2026-01-13 19시38분13초	1768300693869]	Server Port      :  2000

[2026-01-13 19시38분13초	1768300693869]	계정 자동생성  :  on

[2026-01-13 19시38분13초	1768300693869]	인챈트 : 1.0배  ||  드랍 : 3.0배  ||  경험치 : 30.0배  ||  아데나 : 12.0배  ||  파티 : 1.1배

[2026-01-13 19시38분13초	1768300693869]	======================================================================
[2026-01-13 19시38분13초	1768300693869]	'서버' 가동되었습니다.

