[2026-01-13 01시32분27초	1768235547002]	Mysql..
[2026-01-13 01시32분27초	1768235547002]	1ms

[2026-01-13 01시32분27초	1768235547018]	lineage.conf file loading...
[2026-01-13 01시32분27초	1768235547045]	27ms

[2026-01-13 01시32분27초	1768235547052]	Lineage_Balance..
[2026-01-13 01시32분27초	1768235547059]	7ms

[2026-01-13 01시32분27초	1768235547060]	npc_promotion..
[2026-01-13 01시32분27초	1768235547061]	1ms

[2026-01-13 01시32분27초	1768235547061]	Socket..
[2026-01-13 01시32분27초	1768235547062]	0ms

[2026-01-13 01시32분27초	1768235547062]	Common..
[2026-01-13 01시32분27초	1768235547062]	0ms

[2026-01-13 01시32분27초	1768235547062]	EventThread..
[2026-01-13 01시32분27초	1768235547063]	1ms

[2026-01-13 01시32분27초	1768235547063]	AiExecuteThread..
[2026-01-13 01시32분27초	1768235547064]	1ms

[2026-01-13 01시32분27초	1768235547064]	AiThread..
[2026-01-13 01시32분27초	1768235547064]	0ms

[2026-01-13 01시32분27초	1768235547068]	World..
[2026-01-13 01시32분27초	1768235547150]	82ms

[2026-01-13 01시32분27초	1768235547152]	BookController..
[2026-01-13 01시32분27초	1768235547152]	0ms

[2026-01-13 01시32분27초	1768235547160]	InventoryController..
[2026-01-13 01시32분27초	1768235547160]	0ms

[2026-01-13 01시32분27초	1768235547161]	BasePacketPooling..
[2026-01-13 01시32분27초	1768235547161]	0ms

[2026-01-13 01시32분27초	1768235547163]	SkillController..
[2026-01-13 01시32분27초	1768235547163]	0ms

[2026-01-13 01시32분27초	1768235547169]	DamageController..
[2026-01-13 01시32분27초	1768235547169]	0ms

[2026-01-13 01시32분27초	1768235547170]	CharacterController..
[2026-01-13 01시32분27초	1768235547170]	0ms

[2026-01-13 01시32분27초	1768235547171]	TradeController..
[2026-01-13 01시32분27초	1768235547171]	0ms

[2026-01-13 01시32분27초	1768235547172]	DungeonController..
[2026-01-13 01시32분27초	1768235547172]	0ms

[2026-01-13 01시32분27초	1768235547172]	ShipController..
[2026-01-13 01시32분27초	1768235547172]	0ms

[2026-01-13 01시32분27초	1768235547173]	BuffController..
[2026-01-13 01시32분27초	1768235547173]	0ms

[2026-01-13 01시32분27초	1768235547184]	SummonController..
[2026-01-13 01시32분27초	1768235547184]	0ms

[2026-01-13 01시32분27초	1768235547185]	PartyController..
[2026-01-13 01시32분27초	1768235547185]	0ms

[2026-01-13 01시32분27초	1768235547186]	InnController..
[2026-01-13 01시32분27초	1768235547186]	0ms

[2026-01-13 01시32분27초	1768235547187]	BoardController..
[2026-01-13 01시32분27초	1768235547187]	0ms

[2026-01-13 01시32분27초	1768235547188]	LetterController..
[2026-01-13 01시32분27초	1768235547188]	0ms

[2026-01-13 01시32분27초	1768235547189]	UserShopController..
[2026-01-13 01시32분27초	1768235547189]	0ms

[2026-01-13 01시32분27초	1768235547190]	ChattingController..
[2026-01-13 01시32분27초	1768235547191]	1ms

[2026-01-13 01시32분27초	1768235547198]	ColosseumController..
[2026-01-13 01시32분27초	1768235547199]	1ms

[2026-01-13 01시32분27초	1768235547199]	CraftController..
[2026-01-13 01시32분27초	1768235547199]	0ms

[2026-01-13 01시32분27초	1768235547200]	BossController..
[2026-01-13 01시32분27초	1768235547200]	0ms

[2026-01-13 01시32분27초	1768235547201]	NoticeController..
[2026-01-13 01시32분27초	1768235547202]	1ms

[2026-01-13 01시32분27초	1768235547202]	FriendController..
[2026-01-13 01시32분27초	1768235547202]	0ms

[2026-01-13 01시32분27초	1768235547203]	BugScanningController..
[2026-01-13 01시32분27초	1768235547203]	0ms

[2026-01-13 01시32분27초	1768235547204]	MagicDollController..
[2026-01-13 01시32분27초	1768235547204]	0ms

[2026-01-13 01시32분27초	1768235547205]	ShopController..
[2026-01-13 01시32분27초	1768235547205]	0ms

[2026-01-13 01시32분27초	1768235547206]	WarehouseDatabase..
[2026-01-13 01시32분27초	1768235547206]	0ms

[2026-01-13 01시32분27초	1768235547206]	PakTools..
[2026-01-13 01시32분27초	1768235547207]	1ms

[2026-01-13 01시32분27초	1768235547208]	ScriptController...
[2026-01-13 01시32분27초	1768235547211]	3ms

[2026-01-13 01시32분27초	1768235547212]	GiranClanLordController..
[2026-01-13 01시32분27초	1768235547212]	0ms

[2026-01-13 01시32분27초	1768235547214]	TeamBattleController..
[2026-01-13 01시32분27초	1768235547214]	0ms

[2026-01-13 01시32분27초	1768235547214]	WorldClearController..
[2026-01-13 01시32분27초	1768235547214]	0ms

[2026-01-13 01시32분27초	1768235547215]	SpotController..
[2026-01-13 01시32분27초	1768235547218]	3ms

[2026-01-13 01시32분27초	1768235547218]	테베라스 컨트롤러..
[2026-01-13 01시32분27초	1768235547219]	1ms

[2026-01-13 01시32분27초	1768235547219]	지옥 컨트롤러..
[2026-01-13 01시32분27초	1768235547219]	0ms

[2026-01-13 01시32분27초	1768235547220]	지하수로 컨트롤러..
[2026-01-13 01시32분27초	1768235547220]	0ms

[2026-01-13 01시32분27초	1768235547220]	보물찾기컨트롤러..
[2026-01-13 01시32분27초	1768235547220]	0ms

[2026-01-13 01시32분27초	1768235547221]	마족신전 컨트롤러..
[2026-01-13 01시32분27초	1768235547221]	0ms

[2026-01-13 01시32분27초	1768235547222]	고무 컨트롤러..
[2026-01-13 01시32분27초	1768235547222]	정무던전 컨트롤러..
[2026-01-13 01시32분27초	1768235547226]	4ms

[2026-01-13 01시32분27초	1768235547227]	그신 컨트롤러..
[2026-01-13 01시32분27초	1768235547227]	0ms

[2026-01-13 01시32분27초	1768235547227]	라바던전 컨트롤러..
[2026-01-13 01시32분27초	1768235547227]	0ms

[2026-01-13 01시32분27초	1768235547228]	월드보스컨트롤러..
[2026-01-13 01시32분27초	1768235547228]	0ms

[2026-01-13 01시32분27초	1768235547229]	펭귄 사냥터 컨트롤러..
[2026-01-13 01시32분27초	1768235547229]	0ms

[2026-01-13 01시32분27초	1768235547229]	칠흑던전 컨트롤러..
[2026-01-13 01시32분27초	1768235547230]	악마왕의영토컨트롤러..
[2026-01-13 01시32분27초	1768235547230]	0ms

[2026-01-13 01시32분27초	1768235547230]	얼던컨트롤러..
[2026-01-13 01시32분27초	1768235547231]	1ms

[2026-01-13 01시32분27초	1768235547231]	기감 컨트롤러..
[2026-01-13 01시32분27초	1768235547231]	0ms

[2026-01-13 01시32분27초	1768235547232]	고라스컨트롤러..
[2026-01-13 01시32분27초	1768235547232]	0ms

[2026-01-13 01시32분27초	1768235547232]	드워프컨트롤러..
[2026-01-13 01시32분27초	1768235547233]	1ms

[2026-01-13 01시32분27초	1768235547233]	타임이벤트컨트롤러..
[2026-01-13 01시32분27초	1768235547233]	0ms

[2026-01-13 01시32분27초	1768235547234]	AutoHuntController..
[2026-01-13 01시32분27초	1768235547234]	0ms

[2026-01-13 01시32분27초	1768235547246]	DatabaseConnection..
[2026-01-13 01시32분27초	1768235547530]	284ms

[2026-01-13 01시32분27초	1768235547549]	ServerDatabase..
[2026-01-13 01시32분27초	1768235547580]	31ms

[2026-01-13 01시32분27초	1768235547583]	SlimeRaceController..
[2026-01-13 01시32분27초	1768235547585]	2ms

[2026-01-13 01시32분27초	1768235547586]	DogRaceController..
[2026-01-13 01시32분27초	1768235547588]	2ms

[2026-01-13 01시32분27초	1768235547590]	ClanController..
[2026-01-13 01시32분27초	1768235547597]	7ms

[2026-01-13 01시32분27초	1768235547599]	KingdomController..
[2026-01-13 01시32분27초	1768235547607]	8ms

[2026-01-13 01시32분27초	1768235547608]	AgitController..
[2026-01-13 01시32분27초	1768235547613]	5ms

[2026-01-13 01시32분27초	1768235547614]	AuctionController..
[2026-01-13 01시32분27초	1768235547620]	6ms

[2026-01-13 01시32분27초	1768235547624]	ItemDatabase..
[2026-01-13 01시32분27초	1768235547713]	89ms

[2026-01-13 01시32분27초	1768235547715]	ItemSetopionDatabase..
[2026-01-13 01시32분27초	1768235547718]	3ms

[2026-01-13 01시32분27초	1768235547719]	AutosellDatabase..
[2026-01-13 01시32분27초	1768235547739]	20ms

[2026-01-13 01시32분27초	1768235547740]	ItemSkillDatabase..
[2026-01-13 01시32분27초	1768235547745]	5ms

[2026-01-13 01시32분27초	1768235547746]	ItemBundleDatabase..
[2026-01-13 01시32분27초	1768235547751]	5ms

[2026-01-13 01시32분27초	1768235547752]	ItemChanceBundleDatabase..
[2026-01-13 01시32분27초	1768235547755]	3ms

[2026-01-13 01시32분27초	1768235547756]	FishItemListDatabase..
[2026-01-13 01시32분27초	1768235547758]	2ms

[2026-01-13 01시32분27초	1768235547759]	ItemTeleport..
[2026-01-13 01시32분27초	1768235547763]	4ms

[2026-01-13 01시32분27초	1768235547764]	PolyDatabase..
[2026-01-13 01시32분27초	1768235547768]	4ms

[2026-01-13 01시32분27초	1768235547769]	DungeonDatabase..
[2026-01-13 01시32분27초	1768235547774]	5ms

[2026-01-13 01시32분27초	1768235547774]	DefiniteDatabase..
[2026-01-13 01시32분27초	1768235547778]	4ms

[2026-01-13 01시32분27초	1768235547779]	ExpDatabase..
[2026-01-13 01시32분27초	1768235547782]	3ms

[2026-01-13 01시32분27초	1768235547782]	BackgroundDatabase..
[2026-01-13 01시32분27초	1768235547899]	117ms

[2026-01-13 01시32분27초	1768235547899]	SpriteFrameDatabase..
[2026-01-13 01시32분27초	1768235547974]	75ms

[2026-01-13 01시32분27초	1768235547975]	SkillDatabase..
[2026-01-13 01시32분27초	1768235547978]	3ms

[2026-01-13 01시32분27초	1768235547979]	NpcDatabase..
[2026-01-13 01시32분27초	1768235547986]	7ms

[2026-01-13 01시32분27초	1768235547994]	NpcShopDatabase..
[2026-01-13 01시32분28초	1768235548049]	55ms

[2026-01-13 01시32분28초	1768235548050]	NpcTeleportDatabase..
[2026-01-13 01시32분28초	1768235548052]	2ms

[2026-01-13 01시32분28초	1768235548195]	NpcSpawnlistDatabase..
[2026-01-13 01시32분28초	1768235548259]	64ms

[2026-01-13 01시32분28초	1768235548261]	EventController..
[2026-01-13 01시32분28초	1768235548261]	0ms

[2026-01-13 01시32분28초	1768235548262]	MonsterDatabase..
[2026-01-13 01시32분28초	1768235548277]	15ms

[2026-01-13 01시32분28초	1768235548286]	MonsterDropDatabase..
[2026-01-13 01시32분28초	1768235548312]	26ms

[2026-01-13 01시32분28초	1768235548313]	MonsterSkillDatabase..
[2026-01-13 01시32분28초	1768235548328]	15ms

[2026-01-13 01시32분28초	1768235548330]	MonsterSpawnlistDatabase..
[2026-01-13 01시32분29초	1768235549498]	1168ms

[2026-01-13 01시32분29초	1768235549499]	MonsterBossSpawnlistDatabase..
[2026-01-13 01시32분29초	1768235549502]	3ms

[2026-01-13 01시32분29초	1768235549502]	ServerDownBossListDatabase..
[2026-01-13 01시32분29초	1768235549504]	2ms

[2026-01-13 01시32분29초	1768235549504]	BadIpDatabase..
[2026-01-13 01시32분29초	1768235549506]	2ms

[2026-01-13 01시32분29초	1768235549506]	QuestController..
[2026-01-13 01시32분29초	1768235549508]	2ms

[2026-01-13 01시32분29초	1768235549509]	ServerOpcodesDatabase..
[2026-01-13 01시32분29초	1768235549512]	3ms

[2026-01-13 01시32분29초	1768235549513]	ServerNoticeDatabase..
[2026-01-13 01시32분29초	1768235549515]	2ms

[2026-01-13 01시32분29초	1768235549516]	RankController..
[2026-01-13 01시32분29초	1768235549538]	22ms

[2026-01-13 01시32분29초	1768235549540]	WantedController..
[2026-01-13 01시32분29초	1768235549544]	4ms

[2026-01-13 01시32분29초	1768235549544]	TeleportHomeDatabase..
[2026-01-13 01시32분29초	1768235549575]	31ms

[2026-01-13 01시32분29초	1768235549576]	TeleportResetDatabase..
[2026-01-13 01시32분29초	1768235549606]	30ms

[2026-01-13 01시32분29초	1768235549606]	ItemPinewandDatabase..
[2026-01-13 01시32분29초	1768235549608]	2ms

[2026-01-13 01시32분29초	1768235549609]	ItemMaplewandDatabase..
[2026-01-13 01시32분29초	1768235549610]	2ms

[2026-01-13 01시32분29초	1768235549611]	SummonListDatabase..
[2026-01-13 01시32분29초	1768235549613]	2ms

[2026-01-13 01시32분29초	1768235549613]	GmListDatabase..
[2026-01-13 01시32분29초	1768235549614]	1ms

[2026-01-13 01시32분29초	1768235549616]	MagicdollListDatabase..
[2026-01-13 01시32분29초	1768235549618]	1ms

[2026-01-13 01시32분29초	1768235549621]	PcMarketController..
[2026-01-13 01시32분29초	1768235549622]	1ms

[2026-01-13 01시32분29초	1768235549623]	ServerOptionDatabase..
[2026-01-13 01시32분29초	1768235549623]	0ms

[2026-01-13 01시32분29초	1768235549624]	TimeDungeonDatabase..
[2026-01-13 01시32분29초	1768235549625]	1ms

[2026-01-13 01시32분29초	1768235549625]	TeamBattleDatabase..
[2026-01-13 01시32분29초	1768235549626]	1ms

[2026-01-13 01시32분29초	1768235549627]	LifeLostItemDatabase..
[2026-01-13 01시32분29초	1768235549628]	1ms

[2026-01-13 01시32분29초	1768235549629]	GmTeleportDatabase..
[2026-01-13 01시32분29초	1768235549630]	1ms

[2026-01-13 01시32분29초	1768235549632]	무인혈맹컨트롤러..
[2026-01-13 01시32분29초	1768235549633]	1ms

[2026-01-13 01시32분29초	1768235549634]	HackNoCheckDatabase..
[2026-01-13 01시32분29초	1768235549635]	1ms

[2026-01-13 01시32분29초	1768235549636]	EnchantLostItemDatabase..
[2026-01-13 01시32분29초	1768235549655]	19ms

[2026-01-13 01시32분29초	1768235549656]	ItemDropMessageDatabase..
[2026-01-13 01시32분29초	1768235549657]	1ms

[2026-01-13 01시32분29초	1768235549658]	FishingController..
[2026-01-13 01시32분29초	1768235549928]	270ms

[2026-01-13 01시32분29초	1768235549941]	RobotController..
[2026-01-13 01시32분29초	1768235549972]	31ms

[2026-01-13 01시32분29초	1768235549977]	Server..
[2026-01-13 01시32분30초	1768235550042]	65ms

[2026-01-13 01시32분30초	1768235550043]	ServerThread..
[2026-01-13 01시32분30초	1768235550043]	0ms

[2026-01-13 01시32분30초	1768235550044]	ControllerTherad..
[2026-01-13 01시32분30초	1768235550044]	0ms

[2026-01-13 01시32분30초	1768235550044]	CharacterThread..
[2026-01-13 01시32분30초	1768235550045]	1ms

[2026-01-13 01시32분30초	1768235550046]	DatabaseThread..
[2026-01-13 01시32분30초	1768235550046]	0ms

[2026-01-13 01시32분30초	1768235550047]	CharacterControlThread..
[2026-01-13 01시32분30초	1768235550047]	0ms

[2026-01-13 01시32분30초	1768235550051]	FightController..
[2026-01-13 01시32분30초	1768235550100]	49ms

[2026-01-13 01시32분30초	1768235550100]	TimeThread..
[2026-01-13 01시32분30초	1768235550101]	1ms

[2026-01-13 01시32분30초	1768235550101]	AutoHuntThread..
[2026-01-13 01시32분30초	1768235550101]	0ms

[2026-01-13 01시32분30초	1768235550101]	======================================================================
[2026-01-13 01시32분30초	1768235550102]	Server Version  :  Lineage 2.0

[2026-01-13 01시32분30초	1768235550102]	Server Port      :  2000

[2026-01-13 01시32분30초	1768235550102]	계정 자동생성  :  on

[2026-01-13 01시32분30초	1768235550102]	인챈트 : 1.0배  ||  드랍 : 3.0배  ||  경험치 : 30.0배  ||  아데나 : 12.0배  ||  파티 : 1.1배

[2026-01-13 01시32분30초	1768235550102]	======================================================================
[2026-01-13 01시32분30초	1768235550102]	'서버' 가동되었습니다.

[2026-01-13 01시34분30초	1768235670655]	서버가 즉시 종료됩니다...
[2026-01-13 01시34분31초	1768235671656]	Thread close..
[2026-01-13 01시34분32초	1768235672656]	Save Database..
[2026-01-13 01시34분33초	1768235673596]	Socket close..
[2026-01-13 01시34분33초	1768235673596]	LineageServer Close...
[2026-01-13 01시34분33초	1768235673596]	0ms

[2026-01-13 01시34분33초	1768235673596]	ok..
