[2026-01-12 21시34분01초	1768221241374]	Mysql..
[2026-01-12 21시34분01초	1768221241374]	1ms

[2026-01-12 21시34분01초	1768221241392]	lineage.conf file loading...
[2026-01-12 21시34분01초	1768221241422]	30ms

[2026-01-12 21시34분01초	1768221241429]	Lineage_Balance..
[2026-01-12 21시34분01초	1768221241438]	9ms

[2026-01-12 21시34분01초	1768221241439]	npc_promotion..
[2026-01-12 21시34분01초	1768221241439]	0ms

[2026-01-12 21시34분01초	1768221241440]	Socket..
[2026-01-12 21시34분01초	1768221241440]	0ms

[2026-01-12 21시34분01초	1768221241440]	Common..
[2026-01-12 21시34분01초	1768221241440]	0ms

[2026-01-12 21시34분01초	1768221241441]	EventThread..
[2026-01-12 21시34분01초	1768221241441]	0ms

[2026-01-12 21시34분01초	1768221241442]	AiExecuteThread..
[2026-01-12 21시34분01초	1768221241442]	0ms

[2026-01-12 21시34분01초	1768221241443]	AiThread..
[2026-01-12 21시34분01초	1768221241443]	0ms

[2026-01-12 21시34분01초	1768221241447]	World..
[2026-01-12 21시34분01초	1768221241538]	91ms

[2026-01-12 21시34분01초	1768221241540]	BookController..
[2026-01-12 21시34분01초	1768221241540]	0ms

[2026-01-12 21시34분01초	1768221241540]	InventoryController..
[2026-01-12 21시34분01초	1768221241540]	0ms

[2026-01-12 21시34분01초	1768221241541]	BasePacketPooling..
[2026-01-12 21시34분01초	1768221241541]	0ms

[2026-01-12 21시34분01초	1768221241543]	SkillController..
[2026-01-12 21시34분01초	1768221241544]	1ms

[2026-01-12 21시34분01초	1768221241554]	DamageController..
[2026-01-12 21시34분01초	1768221241555]	1ms

[2026-01-12 21시34분01초	1768221241557]	CharacterController..
[2026-01-12 21시34분01초	1768221241557]	0ms

[2026-01-12 21시34분01초	1768221241557]	TradeController..
[2026-01-12 21시34분01초	1768221241558]	0ms

[2026-01-12 21시34분01초	1768221241558]	DungeonController..
[2026-01-12 21시34분01초	1768221241558]	0ms

[2026-01-12 21시34분01초	1768221241559]	ShipController..
[2026-01-12 21시34분01초	1768221241559]	0ms

[2026-01-12 21시34분01초	1768221241560]	BuffController..
[2026-01-12 21시34분01초	1768221241560]	0ms

[2026-01-12 21시34분01초	1768221241563]	SummonController..
[2026-01-12 21시34분01초	1768221241564]	0ms

[2026-01-12 21시34분01초	1768221241564]	PartyController..
[2026-01-12 21시34분01초	1768221241564]	0ms

[2026-01-12 21시34분01초	1768221241565]	InnController..
[2026-01-12 21시34분01초	1768221241565]	0ms

[2026-01-12 21시34분01초	1768221241566]	BoardController..
[2026-01-12 21시34분01초	1768221241566]	0ms

[2026-01-12 21시34분01초	1768221241568]	LetterController..
[2026-01-12 21시34분01초	1768221241568]	0ms

[2026-01-12 21시34분01초	1768221241569]	UserShopController..
[2026-01-12 21시34분01초	1768221241569]	0ms

[2026-01-12 21시34분01초	1768221241570]	ChattingController..
[2026-01-12 21시34분01초	1768221241572]	2ms

[2026-01-12 21시34분01초	1768221241573]	ColosseumController..
[2026-01-12 21시34분01초	1768221241574]	0ms

[2026-01-12 21시34분01초	1768221241574]	CraftController..
[2026-01-12 21시34분01초	1768221241574]	0ms

[2026-01-12 21시34분01초	1768221241575]	BossController..
[2026-01-12 21시34분01초	1768221241576]	1ms

[2026-01-12 21시34분01초	1768221241577]	NoticeController..
[2026-01-12 21시34분01초	1768221241577]	0ms

[2026-01-12 21시34분01초	1768221241578]	FriendController..
[2026-01-12 21시34분01초	1768221241578]	0ms

[2026-01-12 21시34분01초	1768221241578]	BugScanningController..
[2026-01-12 21시34분01초	1768221241578]	0ms

[2026-01-12 21시34분01초	1768221241580]	MagicDollController..
[2026-01-12 21시34분01초	1768221241580]	1ms

[2026-01-12 21시34분01초	1768221241580]	ShopController..
[2026-01-12 21시34분01초	1768221241580]	0ms

[2026-01-12 21시34분01초	1768221241589]	WarehouseDatabase..
[2026-01-12 21시34분01초	1768221241589]	0ms

[2026-01-12 21시34분01초	1768221241590]	PakTools..
[2026-01-12 21시34분01초	1768221241591]	1ms

[2026-01-12 21시34분01초	1768221241591]	ScriptController...
[2026-01-12 21시34분01초	1768221241594]	3ms

[2026-01-12 21시34분01초	1768221241595]	GiranClanLordController..
[2026-01-12 21시34분01초	1768221241595]	0ms

[2026-01-12 21시34분01초	1768221241597]	TeamBattleController..
[2026-01-12 21시34분01초	1768221241597]	0ms

[2026-01-12 21시34분01초	1768221241597]	WorldClearController..
[2026-01-12 21시34분01초	1768221241597]	0ms

[2026-01-12 21시34분01초	1768221241598]	SpotController..
[2026-01-12 21시34분01초	1768221241598]	0ms

[2026-01-12 21시34분01초	1768221241601]	테베라스 컨트롤러..
[2026-01-12 21시34분01초	1768221241602]	3ms

[2026-01-12 21시34분01초	1768221241602]	지옥 컨트롤러..
[2026-01-12 21시34분01초	1768221241603]	1ms

[2026-01-12 21시34분01초	1768221241603]	지하수로 컨트롤러..
[2026-01-12 21시34분01초	1768221241603]	0ms

[2026-01-12 21시34분01초	1768221241605]	보물찾기컨트롤러..
[2026-01-12 21시34분01초	1768221241605]	0ms

[2026-01-12 21시34분01초	1768221241606]	마족신전 컨트롤러..
[2026-01-12 21시34분01초	1768221241606]	0ms

[2026-01-12 21시34분01초	1768221241606]	고무 컨트롤러..
[2026-01-12 21시34분01초	1768221241607]	정무던전 컨트롤러..
[2026-01-12 21시34분01초	1768221241610]	3ms

[2026-01-12 21시34분01초	1768221241611]	그신 컨트롤러..
[2026-01-12 21시34분01초	1768221241611]	0ms

[2026-01-12 21시34분01초	1768221241612]	라바던전 컨트롤러..
[2026-01-12 21시34분01초	1768221241612]	0ms

[2026-01-12 21시34분01초	1768221241613]	월드보스컨트롤러..
[2026-01-12 21시34분01초	1768221241613]	0ms

[2026-01-12 21시34분01초	1768221241613]	펭귄 사냥터 컨트롤러..
[2026-01-12 21시34분01초	1768221241614]	1ms

[2026-01-12 21시34분01초	1768221241614]	칠흑던전 컨트롤러..
[2026-01-12 21시34분01초	1768221241615]	악마왕의영토컨트롤러..
[2026-01-12 21시34분01초	1768221241615]	0ms

[2026-01-12 21시34분01초	1768221241616]	얼던컨트롤러..
[2026-01-12 21시34분01초	1768221241616]	0ms

[2026-01-12 21시34분01초	1768221241617]	기감 컨트롤러..
[2026-01-12 21시34분01초	1768221241617]	0ms

[2026-01-12 21시34분01초	1768221241617]	고라스컨트롤러..
[2026-01-12 21시34분01초	1768221241618]	1ms

[2026-01-12 21시34분01초	1768221241618]	드워프컨트롤러..
[2026-01-12 21시34분01초	1768221241618]	0ms

[2026-01-12 21시34분01초	1768221241619]	타임이벤트컨트롤러..
[2026-01-12 21시34분01초	1768221241619]	0ms

[2026-01-12 21시34분01초	1768221241620]	AutoHuntController..
[2026-01-12 21시34분01초	1768221241620]	0ms

[2026-01-12 21시34분01초	1768221241635]	DatabaseConnection..
[2026-01-12 21시34분01초	1768221241932]	296ms

[2026-01-12 21시34분01초	1768221241954]	ServerDatabase..
[2026-01-12 21시34분01초	1768221241987]	33ms

[2026-01-12 21시34분01초	1768221241990]	SlimeRaceController..
[2026-01-12 21시34분01초	1768221241992]	2ms

[2026-01-12 21시34분01초	1768221241994]	DogRaceController..
[2026-01-12 21시34분01초	1768221241995]	1ms

[2026-01-12 21시34분01초	1768221241997]	ClanController..
[2026-01-12 21시34분02초	1768221242002]	5ms

[2026-01-12 21시34분02초	1768221242005]	KingdomController..
[2026-01-12 21시34분02초	1768221242011]	6ms

[2026-01-12 21시34분02초	1768221242012]	AgitController..
[2026-01-12 21시34분02초	1768221242016]	4ms

[2026-01-12 21시34분02초	1768221242017]	AuctionController..
[2026-01-12 21시34분02초	1768221242022]	5ms

[2026-01-12 21시34분02초	1768221242026]	ItemDatabase..
[2026-01-12 21시34분02초	1768221242141]	115ms

[2026-01-12 21시34분02초	1768221242142]	ItemSetopionDatabase..
[2026-01-12 21시34분02초	1768221242145]	3ms

[2026-01-12 21시34분02초	1768221242146]	AutosellDatabase..
[2026-01-12 21시34분02초	1768221242166]	20ms

[2026-01-12 21시34분02초	1768221242167]	ItemSkillDatabase..
[2026-01-12 21시34분02초	1768221242169]	2ms

[2026-01-12 21시34분02초	1768221242170]	ItemBundleDatabase..
[2026-01-12 21시34분02초	1768221242174]	4ms

[2026-01-12 21시34분02초	1768221242175]	ItemChanceBundleDatabase..
[2026-01-12 21시34분02초	1768221242179]	4ms

[2026-01-12 21시34분02초	1768221242180]	FishItemListDatabase..
[2026-01-12 21시34분02초	1768221242182]	2ms

[2026-01-12 21시34분02초	1768221242183]	ItemTeleport..
[2026-01-12 21시34분02초	1768221242187]	4ms

[2026-01-12 21시34분02초	1768221242188]	PolyDatabase..
[2026-01-12 21시34분02초	1768221242192]	4ms

[2026-01-12 21시34분02초	1768221242193]	DungeonDatabase..
[2026-01-12 21시34분02초	1768221242198]	5ms

[2026-01-12 21시34분02초	1768221242199]	DefiniteDatabase..
[2026-01-12 21시34분02초	1768221242202]	3ms

[2026-01-12 21시34분02초	1768221242203]	ExpDatabase..
[2026-01-12 21시34분02초	1768221242207]	3ms

[2026-01-12 21시34분02초	1768221242207]	BackgroundDatabase..
[2026-01-12 21시34분02초	1768221242329]	122ms

[2026-01-12 21시34분02초	1768221242329]	SpriteFrameDatabase..
[2026-01-12 21시34분02초	1768221242405]	76ms

[2026-01-12 21시34분02초	1768221242406]	SkillDatabase..
[2026-01-12 21시34분02초	1768221242411]	5ms

[2026-01-12 21시34분02초	1768221242412]	NpcDatabase..
[2026-01-12 21시34분02초	1768221242422]	10ms

[2026-01-12 21시34분02초	1768221242428]	NpcShopDatabase..
[2026-01-12 21시34분02초	1768221242484]	56ms

[2026-01-12 21시34분02초	1768221242485]	NpcTeleportDatabase..
[2026-01-12 21시34분02초	1768221242487]	2ms

[2026-01-12 21시34분02초	1768221242623]	NpcSpawnlistDatabase..
[2026-01-12 21시34분02초	1768221242704]	80ms

[2026-01-12 21시34분02초	1768221242705]	EventController..
[2026-01-12 21시34분02초	1768221242706]	1ms

[2026-01-12 21시34분02초	1768221242707]	MonsterDatabase..
[2026-01-12 21시34분02초	1768221242723]	16ms

[2026-01-12 21시34분02초	1768221242724]	MonsterDropDatabase..
[2026-01-12 21시34분02초	1768221242750]	26ms

[2026-01-12 21시34분02초	1768221242751]	MonsterSkillDatabase..
[2026-01-12 21시34분02초	1768221242766]	15ms

[2026-01-12 21시34분02초	1768221242768]	MonsterSpawnlistDatabase..
[2026-01-12 21시34분03초	1768221243773]	1005ms

[2026-01-12 21시34분03초	1768221243774]	MonsterBossSpawnlistDatabase..
[2026-01-12 21시34분03초	1768221243777]	3ms

[2026-01-12 21시34분03초	1768221243778]	ServerDownBossListDatabase..
[2026-01-12 21시34분03초	1768221243778]	0ms

[2026-01-12 21시34분03초	1768221243779]	BadIpDatabase..
[2026-01-12 21시34분03초	1768221243780]	1ms

[2026-01-12 21시34분03초	1768221243780]	QuestController..
[2026-01-12 21시34분03초	1768221243782]	2ms

[2026-01-12 21시34분03초	1768221243782]	ServerOpcodesDatabase..
[2026-01-12 21시34분03초	1768221243785]	3ms

[2026-01-12 21시34분03초	1768221243786]	ServerNoticeDatabase..
[2026-01-12 21시34분03초	1768221243789]	2ms

[2026-01-12 21시34분03초	1768221243790]	RankController..
[2026-01-12 21시34분03초	1768221243811]	21ms

[2026-01-12 21시34분03초	1768221243813]	WantedController..
[2026-01-12 21시34분03초	1768221243817]	4ms

[2026-01-12 21시34분03초	1768221243818]	TeleportHomeDatabase..
[2026-01-12 21시34분03초	1768221243849]	31ms

[2026-01-12 21시34분03초	1768221243850]	TeleportResetDatabase..
[2026-01-12 21시34분03초	1768221243879]	29ms

[2026-01-12 21시34분03초	1768221243879]	ItemPinewandDatabase..
[2026-01-12 21시34분03초	1768221243881]	2ms

[2026-01-12 21시34분03초	1768221243882]	ItemMaplewandDatabase..
[2026-01-12 21시34분03초	1768221243884]	2ms

[2026-01-12 21시34분03초	1768221243884]	SummonListDatabase..
[2026-01-12 21시34분03초	1768221243886]	2ms

[2026-01-12 21시34분03초	1768221243887]	GmListDatabase..
[2026-01-12 21시34분03초	1768221243888]	1ms

[2026-01-12 21시34분03초	1768221243889]	MagicdollListDatabase..
[2026-01-12 21시34분03초	1768221243891]	2ms

[2026-01-12 21시34분03초	1768221243894]	PcMarketController..
[2026-01-12 21시34분03초	1768221243895]	1ms

[2026-01-12 21시34분03초	1768221243896]	ServerOptionDatabase..
[2026-01-12 21시34분03초	1768221243896]	0ms

[2026-01-12 21시34분03초	1768221243897]	TimeDungeonDatabase..
[2026-01-12 21시34분03초	1768221243898]	1ms

[2026-01-12 21시34분03초	1768221243898]	TeamBattleDatabase..
[2026-01-12 21시34분03초	1768221243899]	1ms

[2026-01-12 21시34분03초	1768221243900]	LifeLostItemDatabase..
[2026-01-12 21시34분03초	1768221243901]	1ms

[2026-01-12 21시34분03초	1768221243902]	GmTeleportDatabase..
[2026-01-12 21시34분03초	1768221243903]	1ms

[2026-01-12 21시34분03초	1768221243906]	무인혈맹컨트롤러..
[2026-01-12 21시34분03초	1768221243907]	1ms

[2026-01-12 21시34분03초	1768221243908]	HackNoCheckDatabase..
[2026-01-12 21시34분03초	1768221243908]	0ms

[2026-01-12 21시34분03초	1768221243910]	EnchantLostItemDatabase..
[2026-01-12 21시34분03초	1768221243931]	20ms

[2026-01-12 21시34분03초	1768221243932]	ItemDropMessageDatabase..
[2026-01-12 21시34분03초	1768221243933]	1ms

[2026-01-12 21시34분03초	1768221243934]	FishingController..
[2026-01-12 21시34분04초	1768221244189]	255ms

[2026-01-12 21시34분04초	1768221244201]	RobotController..
[2026-01-12 21시34분04초	1768221244296]	95ms

[2026-01-12 21시34분04초	1768221244298]	Server..
[2026-01-12 21시34분04초	1768221244365]	67ms

[2026-01-12 21시34분04초	1768221244365]	ServerThread..
[2026-01-12 21시34분04초	1768221244366]	1ms

[2026-01-12 21시34분04초	1768221244366]	ControllerTherad..
[2026-01-12 21시34분04초	1768221244366]	0ms

[2026-01-12 21시34분04초	1768221244367]	CharacterThread..
[2026-01-12 21시34분04초	1768221244367]	0ms

[2026-01-12 21시34분04초	1768221244368]	DatabaseThread..
[2026-01-12 21시34분04초	1768221244368]	0ms

[2026-01-12 21시34분04초	1768221244369]	CharacterControlThread..
[2026-01-12 21시34분04초	1768221244369]	0ms

[2026-01-12 21시34분04초	1768221244410]	FightController..
[2026-01-12 21시34분04초	1768221244422]	12ms

[2026-01-12 21시34분04초	1768221244424]	TimeThread..
[2026-01-12 21시34분04초	1768221244424]	0ms

[2026-01-12 21시34분04초	1768221244426]	AutoHuntThread..
[2026-01-12 21시34분04초	1768221244426]	0ms

[2026-01-12 21시34분04초	1768221244426]	======================================================================
[2026-01-12 21시34분04초	1768221244426]	Server Version  :  Lineage 2.0

[2026-01-12 21시34분04초	1768221244426]	Server Port      :  2000

[2026-01-12 21시34분04초	1768221244426]	계정 자동생성  :  on

[2026-01-12 21시34분04초	1768221244426]	인챈트 : 1.0배  ||  드랍 : 3.0배  ||  경험치 : 30.0배  ||  아데나 : 12.0배  ||  파티 : 1.1배

[2026-01-12 21시34분04초	1768221244426]	======================================================================
[2026-01-12 21시34분04초	1768221244426]	'서버' 가동되었습니다.

[2026-01-12 21시34분54초	1768221294462]	서버가 즉시 종료됩니다...
[2026-01-12 21시34분55초	1768221295463]	Thread close..
[2026-01-12 21시34분56초	1768221296464]	Save Database..
[2026-01-12 21시34분57초	1768221297419]	Socket close..
[2026-01-12 21시34분57초	1768221297419]	LineageServer Close...
[2026-01-12 21시34분57초	1768221297419]	0ms

[2026-01-12 21시34분57초	1768221297419]	ok..
