[2026-01-13 21시52분52초	1768308772356]	Mysql..
[2026-01-13 21시52분52초	1768308772356]	2ms

[2026-01-13 21시52분52초	1768308772373]	lineage.conf file loading...
[2026-01-13 21시52분52초	1768308772401]	28ms

[2026-01-13 21시52분52초	1768308772408]	Lineage_Balance..
[2026-01-13 21시52분52초	1768308772415]	7ms

[2026-01-13 21시52분52초	1768308772416]	npc_promotion..
[2026-01-13 21시52분52초	1768308772417]	1ms

[2026-01-13 21시52분52초	1768308772417]	Socket..
[2026-01-13 21시52분52초	1768308772418]	1ms

[2026-01-13 21시52분52초	1768308772418]	Common..
[2026-01-13 21시52분52초	1768308772418]	0ms

[2026-01-13 21시52분52초	1768308772418]	EventThread..
[2026-01-13 21시52분52초	1768308772419]	1ms

[2026-01-13 21시52분52초	1768308772419]	AiExecuteThread..
[2026-01-13 21시52분52초	1768308772420]	1ms

[2026-01-13 21시52분52초	1768308772420]	AiThread..
[2026-01-13 21시52분52초	1768308772420]	0ms

[2026-01-13 21시52분52초	1768308772424]	World..
[2026-01-13 21시52분52초	1768308772506]	82ms

[2026-01-13 21시52분52초	1768308772516]	BookController..
[2026-01-13 21시52분52초	1768308772516]	0ms

[2026-01-13 21시52분52초	1768308772517]	InventoryController..
[2026-01-13 21시52분52초	1768308772517]	0ms

[2026-01-13 21시52분52초	1768308772517]	BasePacketPooling..
[2026-01-13 21시52분52초	1768308772517]	0ms

[2026-01-13 21시52분52초	1768308772519]	SkillController..
[2026-01-13 21시52분52초	1768308772520]	1ms

[2026-01-13 21시52분52초	1768308772525]	DamageController..
[2026-01-13 21시52분52초	1768308772526]	1ms

[2026-01-13 21시52분52초	1768308772527]	CharacterController..
[2026-01-13 21시52분52초	1768308772527]	0ms

[2026-01-13 21시52분52초	1768308772528]	TradeController..
[2026-01-13 21시52분52초	1768308772528]	0ms

[2026-01-13 21시52분52초	1768308772529]	DungeonController..
[2026-01-13 21시52분52초	1768308772529]	0ms

[2026-01-13 21시52분52초	1768308772529]	ShipController..
[2026-01-13 21시52분52초	1768308772530]	0ms

[2026-01-13 21시52분52초	1768308772531]	BuffController..
[2026-01-13 21시52분52초	1768308772531]	0ms

[2026-01-13 21시52분52초	1768308772534]	SummonController..
[2026-01-13 21시52분52초	1768308772535]	1ms

[2026-01-13 21시52분52초	1768308772535]	PartyController..
[2026-01-13 21시52분52초	1768308772535]	0ms

[2026-01-13 21시52분52초	1768308772544]	InnController..
[2026-01-13 21시52분52초	1768308772544]	0ms

[2026-01-13 21시52분52초	1768308772545]	BoardController..
[2026-01-13 21시52분52초	1768308772545]	0ms

[2026-01-13 21시52분52초	1768308772555]	LetterController..
[2026-01-13 21시52분52초	1768308772555]	0ms

[2026-01-13 21시52분52초	1768308772556]	UserShopController..
[2026-01-13 21시52분52초	1768308772556]	0ms

[2026-01-13 21시52분52초	1768308772557]	ChattingController..
[2026-01-13 21시52분52초	1768308772558]	1ms

[2026-01-13 21시52분52초	1768308772559]	ColosseumController..
[2026-01-13 21시52분52초	1768308772559]	0ms

[2026-01-13 21시52분52초	1768308772560]	CraftController..
[2026-01-13 21시52분52초	1768308772560]	0ms

[2026-01-13 21시52분52초	1768308772561]	BossController..
[2026-01-13 21시52분52초	1768308772561]	0ms

[2026-01-13 21시52분52초	1768308772562]	NoticeController..
[2026-01-13 21시52분52초	1768308772563]	1ms

[2026-01-13 21시52분52초	1768308772563]	FriendController..
[2026-01-13 21시52분52초	1768308772563]	0ms

[2026-01-13 21시52분52초	1768308772564]	BugScanningController..
[2026-01-13 21시52분52초	1768308772564]	0ms

[2026-01-13 21시52분52초	1768308772565]	MagicDollController..
[2026-01-13 21시52분52초	1768308772565]	0ms

[2026-01-13 21시52분52초	1768308772566]	ShopController..
[2026-01-13 21시52분52초	1768308772566]	0ms

[2026-01-13 21시52분52초	1768308772567]	WarehouseDatabase..
[2026-01-13 21시52분52초	1768308772567]	0ms

[2026-01-13 21시52분52초	1768308772568]	PakTools..
[2026-01-13 21시52분52초	1768308772569]	1ms

[2026-01-13 21시52분52초	1768308772569]	ScriptController...
[2026-01-13 21시52분52초	1768308772572]	3ms

[2026-01-13 21시52분52초	1768308772573]	GiranClanLordController..
[2026-01-13 21시52분52초	1768308772573]	0ms

[2026-01-13 21시52분52초	1768308772574]	TeamBattleController..
[2026-01-13 21시52분52초	1768308772574]	0ms

[2026-01-13 21시52분52초	1768308772575]	WorldClearController..
[2026-01-13 21시52분52초	1768308772575]	0ms

[2026-01-13 21시52분52초	1768308772576]	SpotController..
[2026-01-13 21시52분52초	1768308772578]	2ms

[2026-01-13 21시52분52초	1768308772579]	테베라스 컨트롤러..
[2026-01-13 21시52분52초	1768308772579]	0ms

[2026-01-13 21시52분52초	1768308772580]	지옥 컨트롤러..
[2026-01-13 21시52분52초	1768308772580]	0ms

[2026-01-13 21시52분52초	1768308772581]	지하수로 컨트롤러..
[2026-01-13 21시52분52초	1768308772581]	0ms

[2026-01-13 21시52분52초	1768308772581]	보물찾기컨트롤러..
[2026-01-13 21시52분52초	1768308772581]	0ms

[2026-01-13 21시52분52초	1768308772582]	마족신전 컨트롤러..
[2026-01-13 21시52분52초	1768308772582]	0ms

[2026-01-13 21시52분52초	1768308772583]	고무 컨트롤러..
[2026-01-13 21시52분52초	1768308772583]	정무던전 컨트롤러..
[2026-01-13 21시52분52초	1768308772587]	4ms

[2026-01-13 21시52분52초	1768308772588]	그신 컨트롤러..
[2026-01-13 21시52분52초	1768308772588]	0ms

[2026-01-13 21시52분52초	1768308772589]	라바던전 컨트롤러..
[2026-01-13 21시52분52초	1768308772589]	0ms

[2026-01-13 21시52분52초	1768308772590]	월드보스컨트롤러..
[2026-01-13 21시52분52초	1768308772590]	0ms

[2026-01-13 21시52분52초	1768308772590]	펭귄 사냥터 컨트롤러..
[2026-01-13 21시52분52초	1768308772590]	0ms

[2026-01-13 21시52분52초	1768308772591]	칠흑던전 컨트롤러..
[2026-01-13 21시52분52초	1768308772592]	악마왕의영토컨트롤러..
[2026-01-13 21시52분52초	1768308772592]	0ms

[2026-01-13 21시52분52초	1768308772592]	얼던컨트롤러..
[2026-01-13 21시52분52초	1768308772592]	0ms

[2026-01-13 21시52분52초	1768308772593]	기감 컨트롤러..
[2026-01-13 21시52분52초	1768308772593]	0ms

[2026-01-13 21시52분52초	1768308772594]	고라스컨트롤러..
[2026-01-13 21시52분52초	1768308772594]	0ms

[2026-01-13 21시52분52초	1768308772594]	드워프컨트롤러..
[2026-01-13 21시52분52초	1768308772594]	0ms

[2026-01-13 21시52분52초	1768308772595]	타임이벤트컨트롤러..
[2026-01-13 21시52분52초	1768308772595]	0ms

[2026-01-13 21시52분52초	1768308772596]	AutoHuntController..
[2026-01-13 21시52분52초	1768308772596]	0ms

[2026-01-13 21시52분52초	1768308772609]	DatabaseConnection..
[2026-01-13 21시52분52초	1768308772897]	288ms

[2026-01-13 21시52분52초	1768308772914]	ServerDatabase..
[2026-01-13 21시52분52초	1768308772944]	30ms

[2026-01-13 21시52분52초	1768308772947]	SlimeRaceController..
[2026-01-13 21시52분52초	1768308772949]	2ms

[2026-01-13 21시52분52초	1768308772951]	DogRaceController..
[2026-01-13 21시52분52초	1768308772952]	1ms

[2026-01-13 21시52분52초	1768308772955]	ClanController..
[2026-01-13 21시52분52초	1768308772961]	6ms

[2026-01-13 21시52분52초	1768308772964]	KingdomController..
[2026-01-13 21시52분52초	1768308772973]	9ms

[2026-01-13 21시52분52초	1768308772974]	AgitController..
[2026-01-13 21시52분52초	1768308772979]	5ms

[2026-01-13 21시52분52초	1768308772980]	AuctionController..
[2026-01-13 21시52분52초	1768308772986]	6ms

[2026-01-13 21시52분52초	1768308772991]	ItemDatabase..
[2026-01-13 21시52분53초	1768308773098]	107ms

[2026-01-13 21시52분53초	1768308773099]	ItemSetopionDatabase..
[2026-01-13 21시52분53초	1768308773102]	3ms

[2026-01-13 21시52분53초	1768308773103]	AutosellDatabase..
[2026-01-13 21시52분53초	1768308773121]	18ms

[2026-01-13 21시52분53초	1768308773122]	ItemSkillDatabase..
[2026-01-13 21시52분53초	1768308773124]	2ms

[2026-01-13 21시52분53초	1768308773125]	ItemBundleDatabase..
[2026-01-13 21시52분53초	1768308773129]	4ms

[2026-01-13 21시52분53초	1768308773130]	ItemChanceBundleDatabase..
[2026-01-13 21시52분53초	1768308773134]	4ms

[2026-01-13 21시52분53초	1768308773135]	FishItemListDatabase..
[2026-01-13 21시52분53초	1768308773137]	2ms

[2026-01-13 21시52분53초	1768308773138]	ItemTeleport..
[2026-01-13 21시52분53초	1768308773141]	3ms

[2026-01-13 21시52분53초	1768308773146]	PolyDatabase..
[2026-01-13 21시52분53초	1768308773150]	4ms

[2026-01-13 21시52분53초	1768308773151]	DungeonDatabase..
[2026-01-13 21시52분53초	1768308773156]	5ms

[2026-01-13 21시52분53초	1768308773157]	DefiniteDatabase..
[2026-01-13 21시52분53초	1768308773160]	3ms

[2026-01-13 21시52분53초	1768308773161]	ExpDatabase..
[2026-01-13 21시52분53초	1768308773164]	3ms

[2026-01-13 21시52분53초	1768308773164]	BackgroundDatabase..
[2026-01-13 21시52분53초	1768308773284]	120ms

[2026-01-13 21시52분53초	1768308773284]	SpriteFrameDatabase..
[2026-01-13 21시52분53초	1768308773344]	60ms

[2026-01-13 21시52분53초	1768308773345]	SkillDatabase..
[2026-01-13 21시52분53초	1768308773348]	3ms

[2026-01-13 21시52분53초	1768308773349]	NpcDatabase..
[2026-01-13 21시52분53초	1768308773357]	8ms

[2026-01-13 21시52분53초	1768308773357]	NpcShopDatabase..
[2026-01-13 21시52분53초	1768308773421]	64ms

[2026-01-13 21시52분53초	1768308773421]	NpcTeleportDatabase..
[2026-01-13 21시52분53초	1768308773424]	2ms

[2026-01-13 21시52분53초	1768308773552]	NpcSpawnlistDatabase..
[2026-01-13 21시52분53초	1768308773601]	49ms

[2026-01-13 21시52분53초	1768308773602]	EventController..
[2026-01-13 21시52분53초	1768308773602]	0ms

[2026-01-13 21시52분53초	1768308773603]	MonsterDatabase..
[2026-01-13 21시52분53초	1768308773619]	16ms

[2026-01-13 21시52분53초	1768308773619]	MonsterDropDatabase..
[2026-01-13 21시52분53초	1768308773645]	26ms

[2026-01-13 21시52분53초	1768308773646]	MonsterSkillDatabase..
[2026-01-13 21시52분53초	1768308773666]	20ms

[2026-01-13 21시52분53초	1768308773667]	MonsterSpawnlistDatabase..
[2026-01-13 21시52분54초	1768308774530]	863ms

[2026-01-13 21시52분54초	1768308774531]	MonsterBossSpawnlistDatabase..
[2026-01-13 21시52분54초	1768308774534]	3ms

[2026-01-13 21시52분54초	1768308774535]	ServerDownBossListDatabase..
[2026-01-13 21시52분54초	1768308774538]	3ms

[2026-01-13 21시52분54초	1768308774539]	BadIpDatabase..
[2026-01-13 21시52분54초	1768308774541]	2ms

[2026-01-13 21시52분54초	1768308774541]	QuestController..
[2026-01-13 21시52분54초	1768308774543]	2ms

[2026-01-13 21시52분54초	1768308774544]	ServerOpcodesDatabase..
[2026-01-13 21시52분54초	1768308774547]	3ms

[2026-01-13 21시52분54초	1768308774548]	ServerNoticeDatabase..
[2026-01-13 21시52분54초	1768308774550]	2ms

[2026-01-13 21시52분54초	1768308774551]	RankController..
[2026-01-13 21시52분54초	1768308774574]	23ms

[2026-01-13 21시52분54초	1768308774576]	WantedController..
[2026-01-13 21시52분54초	1768308774581]	5ms

[2026-01-13 21시52분54초	1768308774589]	TeleportHomeDatabase..
[2026-01-13 21시52분54초	1768308774619]	30ms

[2026-01-13 21시52분54초	1768308774620]	TeleportResetDatabase..
[2026-01-13 21시52분54초	1768308774649]	29ms

[2026-01-13 21시52분54초	1768308774650]	ItemPinewandDatabase..
[2026-01-13 21시52분54초	1768308774651]	1ms

[2026-01-13 21시52분54초	1768308774652]	ItemMaplewandDatabase..
[2026-01-13 21시52분54초	1768308774654]	2ms

[2026-01-13 21시52분54초	1768308774654]	SummonListDatabase..
[2026-01-13 21시52분54초	1768308774656]	2ms

[2026-01-13 21시52분54초	1768308774656]	GmListDatabase..
[2026-01-13 21시52분54초	1768308774657]	1ms

[2026-01-13 21시52분54초	1768308774658]	MagicdollListDatabase..
[2026-01-13 21시52분54초	1768308774660]	2ms

[2026-01-13 21시52분54초	1768308774663]	PcMarketController..
[2026-01-13 21시52분54초	1768308774665]	2ms

[2026-01-13 21시52분54초	1768308774665]	ServerOptionDatabase..
[2026-01-13 21시52분54초	1768308774666]	1ms

[2026-01-13 21시52분54초	1768308774667]	TimeDungeonDatabase..
[2026-01-13 21시52분54초	1768308774667]	0ms

[2026-01-13 21시52분54초	1768308774668]	TeamBattleDatabase..
[2026-01-13 21시52분54초	1768308774669]	1ms

[2026-01-13 21시52분54초	1768308774669]	LifeLostItemDatabase..
[2026-01-13 21시52분54초	1768308774671]	2ms

[2026-01-13 21시52분54초	1768308774671]	GmTeleportDatabase..
[2026-01-13 21시52분54초	1768308774672]	1ms

[2026-01-13 21시52분54초	1768308774674]	무인혈맹컨트롤러..
[2026-01-13 21시52분54초	1768308774677]	3ms

[2026-01-13 21시52분54초	1768308774678]	HackNoCheckDatabase..
[2026-01-13 21시52분54초	1768308774678]	0ms

[2026-01-13 21시52분54초	1768308774679]	EnchantLostItemDatabase..
[2026-01-13 21시52분54초	1768308774701]	22ms

[2026-01-13 21시52분54초	1768308774702]	ItemDropMessageDatabase..
[2026-01-13 21시52분54초	1768308774703]	1ms

[2026-01-13 21시52분54초	1768308774705]	FishingController..
[2026-01-13 21시52분54초	1768308774966]	261ms

[2026-01-13 21시52분54초	1768308774979]	RobotController..
[2026-01-13 21시52분55초	1768308775002]	23ms

[2026-01-13 21시52분55초	1768308775004]	Server..
[2026-01-13 21시52분55초	1768308775063]	58ms

[2026-01-13 21시52분55초	1768308775063]	ServerThread..
[2026-01-13 21시52분55초	1768308775063]	0ms

[2026-01-13 21시52분55초	1768308775064]	ControllerTherad..
[2026-01-13 21시52분55초	1768308775064]	0ms

[2026-01-13 21시52분55초	1768308775065]	CharacterThread..
[2026-01-13 21시52분55초	1768308775065]	0ms

[2026-01-13 21시52분55초	1768308775066]	DatabaseThread..
[2026-01-13 21시52분55초	1768308775066]	0ms

[2026-01-13 21시52분55초	1768308775067]	CharacterControlThread..
[2026-01-13 21시52분55초	1768308775067]	0ms

[2026-01-13 21시52분55초	1768308775107]	FightController..
[2026-01-13 21시52분55초	1768308775125]	18ms

[2026-01-13 21시52분55초	1768308775126]	TimeThread..
[2026-01-13 21시52분55초	1768308775126]	0ms

[2026-01-13 21시52분55초	1768308775127]	AutoHuntThread..
[2026-01-13 21시52분55초	1768308775127]	0ms

[2026-01-13 21시52분55초	1768308775127]	======================================================================
[2026-01-13 21시52분55초	1768308775128]	Server Version  :  Lineage 2.0

[2026-01-13 21시52분55초	1768308775128]	Server Port      :  2000

[2026-01-13 21시52분55초	1768308775128]	계정 자동생성  :  on

[2026-01-13 21시52분55초	1768308775128]	인챈트 : 1.0배  ||  드랍 : 3.0배  ||  경험치 : 30.0배  ||  아데나 : 12.0배  ||  파티 : 1.1배

[2026-01-13 21시52분55초	1768308775128]	======================================================================
[2026-01-13 21시52분55초	1768308775128]	'서버' 가동되었습니다.

[2026-01-13 21시55분55초	1768308955704]	자동 저장완료 2026-01-13 21시55분55초
[2026-01-13 21시58분01초	1768309081559]	서버가 즉시 종료됩니다...
[2026-01-13 21시58분02초	1768309082560]	Thread close..
[2026-01-13 21시58분03초	1768309083560]	Save Database..
[2026-01-13 21시58분04초	1768309084491]	Socket close..
[2026-01-13 21시58분04초	1768309084491]	LineageServer Close...
[2026-01-13 21시58분04초	1768309084491]	0ms

[2026-01-13 21시58분04초	1768309084491]	ok..
