[2026-01-14 15시14분45초	1768371285388]	Mysql..
[2026-01-14 15시14분45초	1768371285388]	1ms

[2026-01-14 15시14분45초	1768371285404]	lineage.conf file loading...
[2026-01-14 15시14분45초	1768371285431]	27ms

[2026-01-14 15시14분45초	1768371285438]	Lineage_Balance..
[2026-01-14 15시14분45초	1768371285445]	7ms

[2026-01-14 15시14분45초	1768371285447]	npc_promotion..
[2026-01-14 15시14분45초	1768371285447]	0ms

[2026-01-14 15시14분45초	1768371285448]	Socket..
[2026-01-14 15시14분45초	1768371285448]	0ms

[2026-01-14 15시14분45초	1768371285448]	Common..
[2026-01-14 15시14분45초	1768371285448]	0ms

[2026-01-14 15시14분45초	1768371285449]	EventThread..
[2026-01-14 15시14분45초	1768371285449]	0ms

[2026-01-14 15시14분45초	1768371285450]	AiExecuteThread..
[2026-01-14 15시14분45초	1768371285450]	0ms

[2026-01-14 15시14분45초	1768371285451]	AiThread..
[2026-01-14 15시14분45초	1768371285451]	1ms

[2026-01-14 15시14분45초	1768371285454]	World..
[2026-01-14 15시14분45초	1768371285544]	90ms

[2026-01-14 15시14분45초	1768371285546]	BookController..
[2026-01-14 15시14분45초	1768371285546]	0ms

[2026-01-14 15시14분45초	1768371285547]	InventoryController..
[2026-01-14 15시14분45초	1768371285547]	0ms

[2026-01-14 15시14분45초	1768371285548]	BasePacketPooling..
[2026-01-14 15시14분45초	1768371285548]	0ms

[2026-01-14 15시14분45초	1768371285557]	SkillController..
[2026-01-14 15시14분45초	1768371285560]	0ms

[2026-01-14 15시14분45초	1768371285566]	DamageController..
[2026-01-14 15시14분45초	1768371285566]	0ms

[2026-01-14 15시14분45초	1768371285568]	CharacterController..
[2026-01-14 15시14분45초	1768371285568]	0ms

[2026-01-14 15시14분45초	1768371285569]	TradeController..
[2026-01-14 15시14분45초	1768371285569]	0ms

[2026-01-14 15시14분45초	1768371285569]	DungeonController..
[2026-01-14 15시14분45초	1768371285569]	0ms

[2026-01-14 15시14분45초	1768371285570]	ShipController..
[2026-01-14 15시14분45초	1768371285570]	0ms

[2026-01-14 15시14분45초	1768371285570]	BuffController..
[2026-01-14 15시14분45초	1768371285570]	0ms

[2026-01-14 15시14분45초	1768371285574]	SummonController..
[2026-01-14 15시14분45초	1768371285574]	0ms

[2026-01-14 15시14분45초	1768371285575]	PartyController..
[2026-01-14 15시14분45초	1768371285575]	0ms

[2026-01-14 15시14분45초	1768371285575]	InnController..
[2026-01-14 15시14분45초	1768371285575]	0ms

[2026-01-14 15시14분45초	1768371285577]	BoardController..
[2026-01-14 15시14분45초	1768371285577]	0ms

[2026-01-14 15시14분45초	1768371285578]	LetterController..
[2026-01-14 15시14분45초	1768371285578]	0ms

[2026-01-14 15시14분45초	1768371285579]	UserShopController..
[2026-01-14 15시14분45초	1768371285579]	0ms

[2026-01-14 15시14분45초	1768371285588]	ChattingController..
[2026-01-14 15시14분45초	1768371285589]	1ms

[2026-01-14 15시14분45초	1768371285591]	ColosseumController..
[2026-01-14 15시14분45초	1768371285591]	0ms

[2026-01-14 15시14분45초	1768371285592]	CraftController..
[2026-01-14 15시14분45초	1768371285592]	0ms

[2026-01-14 15시14분45초	1768371285593]	BossController..
[2026-01-14 15시14분45초	1768371285593]	0ms

[2026-01-14 15시14분45초	1768371285594]	NoticeController..
[2026-01-14 15시14분45초	1768371285594]	0ms

[2026-01-14 15시14분45초	1768371285595]	FriendController..
[2026-01-14 15시14분45초	1768371285595]	0ms

[2026-01-14 15시14분45초	1768371285595]	BugScanningController..
[2026-01-14 15시14분45초	1768371285595]	0ms

[2026-01-14 15시14분45초	1768371285596]	MagicDollController..
[2026-01-14 15시14분45초	1768371285596]	0ms

[2026-01-14 15시14분45초	1768371285597]	ShopController..
[2026-01-14 15시14분45초	1768371285597]	0ms

[2026-01-14 15시14분45초	1768371285598]	WarehouseDatabase..
[2026-01-14 15시14분45초	1768371285598]	0ms

[2026-01-14 15시14분45초	1768371285599]	PakTools..
[2026-01-14 15시14분45초	1768371285600]	1ms

[2026-01-14 15시14분45초	1768371285600]	ScriptController...
[2026-01-14 15시14분45초	1768371285603]	3ms

[2026-01-14 15시14분45초	1768371285604]	GiranClanLordController..
[2026-01-14 15시14분45초	1768371285604]	0ms

[2026-01-14 15시14분45초	1768371285605]	TeamBattleController..
[2026-01-14 15시14분45초	1768371285605]	0ms

[2026-01-14 15시14분45초	1768371285606]	WorldClearController..
[2026-01-14 15시14분45초	1768371285606]	0ms

[2026-01-14 15시14분45초	1768371285606]	SpotController..
[2026-01-14 15시14분45초	1768371285607]	1ms

[2026-01-14 15시14분45초	1768371285607]	테베라스 컨트롤러..
[2026-01-14 15시14분45초	1768371285607]	0ms

[2026-01-14 15시14분45초	1768371285608]	지옥 컨트롤러..
[2026-01-14 15시14분45초	1768371285608]	0ms

[2026-01-14 15시14분45초	1768371285609]	지하수로 컨트롤러..
[2026-01-14 15시14분45초	1768371285609]	0ms

[2026-01-14 15시14분45초	1768371285609]	보물찾기컨트롤러..
[2026-01-14 15시14분45초	1768371285609]	0ms

[2026-01-14 15시14분45초	1768371285610]	마족신전 컨트롤러..
[2026-01-14 15시14분45초	1768371285610]	0ms

[2026-01-14 15시14분45초	1768371285610]	고무 컨트롤러..
[2026-01-14 15시14분45초	1768371285611]	정무던전 컨트롤러..
[2026-01-14 15시14분45초	1768371285614]	3ms

[2026-01-14 15시14분45초	1768371285615]	그신 컨트롤러..
[2026-01-14 15시14분45초	1768371285615]	0ms

[2026-01-14 15시14분45초	1768371285616]	라바던전 컨트롤러..
[2026-01-14 15시14분45초	1768371285616]	0ms

[2026-01-14 15시14분45초	1768371285617]	월드보스컨트롤러..
[2026-01-14 15시14분45초	1768371285617]	0ms

[2026-01-14 15시14분45초	1768371285617]	펭귄 사냥터 컨트롤러..
[2026-01-14 15시14분45초	1768371285617]	0ms

[2026-01-14 15시14분45초	1768371285618]	칠흑던전 컨트롤러..
[2026-01-14 15시14분45초	1768371285618]	악마왕의영토컨트롤러..
[2026-01-14 15시14분45초	1768371285618]	0ms

[2026-01-14 15시14분45초	1768371285619]	얼던컨트롤러..
[2026-01-14 15시14분45초	1768371285619]	0ms

[2026-01-14 15시14분45초	1768371285620]	기감 컨트롤러..
[2026-01-14 15시14분45초	1768371285620]	0ms

[2026-01-14 15시14분45초	1768371285620]	고라스컨트롤러..
[2026-01-14 15시14분45초	1768371285620]	0ms

[2026-01-14 15시14분45초	1768371285621]	드워프컨트롤러..
[2026-01-14 15시14분45초	1768371285621]	0ms

[2026-01-14 15시14분45초	1768371285621]	타임이벤트컨트롤러..
[2026-01-14 15시14분45초	1768371285622]	1ms

[2026-01-14 15시14분45초	1768371285622]	AutoHuntController..
[2026-01-14 15시14분45초	1768371285622]	0ms

[2026-01-14 15시14분45초	1768371285635]	DatabaseConnection..
[2026-01-14 15시14분45초	1768371285927]	292ms

[2026-01-14 15시14분45초	1768371285943]	ServerDatabase..
[2026-01-14 15시14분45초	1768371285973]	30ms

[2026-01-14 15시14분45초	1768371285976]	SlimeRaceController..
[2026-01-14 15시14분45초	1768371285978]	2ms

[2026-01-14 15시14분45초	1768371285980]	DogRaceController..
[2026-01-14 15시14분45초	1768371285981]	1ms

[2026-01-14 15시14분45초	1768371285984]	ClanController..
[2026-01-14 15시14분45초	1768371285989]	5ms

[2026-01-14 15시14분45초	1768371285991]	KingdomController..
[2026-01-14 15시14분45초	1768371285997]	6ms

[2026-01-14 15시14분45초	1768371285998]	AgitController..
[2026-01-14 15시14분46초	1768371286002]	4ms

[2026-01-14 15시14분46초	1768371286004]	AuctionController..
[2026-01-14 15시14분46초	1768371286008]	4ms

[2026-01-14 15시14분46초	1768371286013]	ItemDatabase..
[2026-01-14 15시14분46초	1768371286106]	93ms

[2026-01-14 15시14분46초	1768371286107]	ItemSetopionDatabase..
[2026-01-14 15시14분46초	1768371286110]	3ms

[2026-01-14 15시14분46초	1768371286111]	AutosellDatabase..
[2026-01-14 15시14분46초	1768371286130]	19ms

[2026-01-14 15시14분46초	1768371286131]	ItemSkillDatabase..
[2026-01-14 15시14분46초	1768371286134]	3ms

[2026-01-14 15시14분46초	1768371286135]	ItemBundleDatabase..
[2026-01-14 15시14분46초	1768371286138]	3ms

[2026-01-14 15시14분46초	1768371286139]	ItemChanceBundleDatabase..
[2026-01-14 15시14분46초	1768371286142]	3ms

[2026-01-14 15시14분46초	1768371286143]	FishItemListDatabase..
[2026-01-14 15시14분46초	1768371286144]	1ms

[2026-01-14 15시14분46초	1768371286145]	ItemTeleport..
[2026-01-14 15시14분46초	1768371286148]	3ms

[2026-01-14 15시14분46초	1768371286150]	PolyDatabase..
[2026-01-14 15시14분46초	1768371286153]	3ms

[2026-01-14 15시14분46초	1768371286154]	DungeonDatabase..
[2026-01-14 15시14분46초	1768371286158]	4ms

[2026-01-14 15시14분46초	1768371286158]	DefiniteDatabase..
[2026-01-14 15시14분46초	1768371286161]	3ms

[2026-01-14 15시14분46초	1768371286162]	ExpDatabase..
[2026-01-14 15시14분46초	1768371286165]	3ms

[2026-01-14 15시14분46초	1768371286165]	BackgroundDatabase..
[2026-01-14 15시14분46초	1768371286282]	117ms

[2026-01-14 15시14분46초	1768371286282]	SpriteFrameDatabase..
[2026-01-14 15시14분46초	1768371286345]	63ms

[2026-01-14 15시14분46초	1768371286346]	SkillDatabase..
[2026-01-14 15시14분46초	1768371286348]	2ms

[2026-01-14 15시14분46초	1768371286349]	NpcDatabase..
[2026-01-14 15시14분46초	1768371286357]	8ms

[2026-01-14 15시14분46초	1768371286358]	NpcShopDatabase..
[2026-01-14 15시14분46초	1768371286423]	65ms

[2026-01-14 15시14분46초	1768371286424]	NpcTeleportDatabase..
[2026-01-14 15시14분46초	1768371286426]	2ms

[2026-01-14 15시14분46초	1768371286570]	NpcSpawnlistDatabase..
[2026-01-14 15시14분46초	1768371286626]	56ms

[2026-01-14 15시14분46초	1768371286627]	EventController..
[2026-01-14 15시14분46초	1768371286628]	1ms

[2026-01-14 15시14분46초	1768371286629]	MonsterDatabase..
[2026-01-14 15시14분46초	1768371286644]	15ms

[2026-01-14 15시14분46초	1768371286645]	MonsterDropDatabase..
[2026-01-14 15시14분46초	1768371286671]	26ms

[2026-01-14 15시14분46초	1768371286672]	MonsterSkillDatabase..
[2026-01-14 15시14분46초	1768371286684]	12ms

[2026-01-14 15시14분46초	1768371286686]	MonsterSpawnlistDatabase..
[2026-01-14 15시14분47초	1768371287705]	1019ms

[2026-01-14 15시14분47초	1768371287706]	MonsterBossSpawnlistDatabase..
[2026-01-14 15시14분47초	1768371287709]	3ms

[2026-01-14 15시14분47초	1768371287710]	ServerDownBossListDatabase..
[2026-01-14 15시14분47초	1768371287711]	1ms

[2026-01-14 15시14분47초	1768371287712]	BadIpDatabase..
[2026-01-14 15시14분47초	1768371287713]	1ms

[2026-01-14 15시14분47초	1768371287713]	QuestController..
[2026-01-14 15시14분47초	1768371287715]	2ms

[2026-01-14 15시14분47초	1768371287715]	ServerOpcodesDatabase..
[2026-01-14 15시14분47초	1768371287719]	4ms

[2026-01-14 15시14분47초	1768371287720]	ServerNoticeDatabase..
[2026-01-14 15시14분47초	1768371287722]	2ms

[2026-01-14 15시14분47초	1768371287723]	RankController..
[2026-01-14 15시14분47초	1768371287745]	22ms

[2026-01-14 15시14분47초	1768371287747]	WantedController..
[2026-01-14 15시14분47초	1768371287751]	4ms

[2026-01-14 15시14분47초	1768371287752]	TeleportHomeDatabase..
[2026-01-14 15시14분47초	1768371287785]	33ms

[2026-01-14 15시14분47초	1768371287785]	TeleportResetDatabase..
[2026-01-14 15시14분47초	1768371287815]	30ms

[2026-01-14 15시14분47초	1768371287816]	ItemPinewandDatabase..
[2026-01-14 15시14분47초	1768371287818]	2ms

[2026-01-14 15시14분47초	1768371287819]	ItemMaplewandDatabase..
[2026-01-14 15시14분47초	1768371287822]	3ms

[2026-01-14 15시14분47초	1768371287822]	SummonListDatabase..
[2026-01-14 15시14분47초	1768371287825]	3ms

[2026-01-14 15시14분47초	1768371287825]	GmListDatabase..
[2026-01-14 15시14분47초	1768371287826]	1ms

[2026-01-14 15시14분47초	1768371287828]	MagicdollListDatabase..
[2026-01-14 15시14분47초	1768371287830]	2ms

[2026-01-14 15시14분47초	1768371287834]	PcMarketController..
[2026-01-14 15시14분47초	1768371287836]	2ms

[2026-01-14 15시14분47초	1768371287836]	ServerOptionDatabase..
[2026-01-14 15시14분47초	1768371287837]	1ms

[2026-01-14 15시14분47초	1768371287838]	TimeDungeonDatabase..
[2026-01-14 15시14분47초	1768371287839]	1ms

[2026-01-14 15시14분47초	1768371287840]	TeamBattleDatabase..
[2026-01-14 15시14분47초	1768371287841]	1ms

[2026-01-14 15시14분47초	1768371287842]	LifeLostItemDatabase..
[2026-01-14 15시14분47초	1768371287844]	2ms

[2026-01-14 15시14분47초	1768371287845]	GmTeleportDatabase..
[2026-01-14 15시14분47초	1768371287847]	2ms

[2026-01-14 15시14분47초	1768371287849]	무인혈맹컨트롤러..
[2026-01-14 15시14분47초	1768371287851]	2ms

[2026-01-14 15시14분47초	1768371287852]	HackNoCheckDatabase..
[2026-01-14 15시14분47초	1768371287852]	0ms

[2026-01-14 15시14분47초	1768371287854]	EnchantLostItemDatabase..
[2026-01-14 15시14분47초	1768371287876]	22ms

[2026-01-14 15시14분47초	1768371287878]	ItemDropMessageDatabase..
[2026-01-14 15시14분47초	1768371287879]	1ms

[2026-01-14 15시14분47초	1768371287881]	FishingController..
[2026-01-14 15시14분48초	1768371288151]	270ms

[2026-01-14 15시14분48초	1768371288164]	RobotController..
[2026-01-14 15시14분48초	1768371288188]	24ms

[2026-01-14 15시14분48초	1768371288190]	Server..
[2026-01-14 15시14분48초	1768371288254]	64ms

[2026-01-14 15시14분48초	1768371288254]	ServerThread..
[2026-01-14 15시14분48초	1768371288255]	1ms

[2026-01-14 15시14분48초	1768371288256]	ControllerTherad..
[2026-01-14 15시14분48초	1768371288256]	0ms

[2026-01-14 15시14분48초	1768371288257]	CharacterThread..
[2026-01-14 15시14분48초	1768371288257]	0ms

[2026-01-14 15시14분48초	1768371288258]	DatabaseThread..
[2026-01-14 15시14분48초	1768371288258]	0ms

[2026-01-14 15시14분48초	1768371288259]	CharacterControlThread..
[2026-01-14 15시14분48초	1768371288260]	1ms

[2026-01-14 15시14분48초	1768371288265]	FightController..
[2026-01-14 15시14분48초	1768371288319]	54ms

[2026-01-14 15시14분48초	1768371288320]	TimeThread..
[2026-01-14 15시14분48초	1768371288320]	0ms

[2026-01-14 15시14분48초	1768371288321]	AutoHuntThread..
[2026-01-14 15시14분48초	1768371288321]	0ms

[2026-01-14 15시14분48초	1768371288321]	======================================================================
[2026-01-14 15시14분48초	1768371288322]	Server Version  :  Lineage 2.0

[2026-01-14 15시14분48초	1768371288322]	Server Port      :  2000

[2026-01-14 15시14분48초	1768371288322]	계정 자동생성  :  on

[2026-01-14 15시14분48초	1768371288322]	인챈트 : 1.0배  ||  드랍 : 3.0배  ||  경험치 : 30.0배  ||  아데나 : 12.0배  ||  파티 : 1.1배

[2026-01-14 15시14분48초	1768371288322]	======================================================================
[2026-01-14 15시14분48초	1768371288322]	'서버' 가동되었습니다.

[2026-01-14 15시17분49초	1768371469103]	자동 저장완료 2026-01-14 15시17분49초
[2026-01-14 15시20분49초	1768371649822]	자동 저장완료 2026-01-14 15시20분49초
[2026-01-14 15시23분50초	1768371830647]	자동 저장완료 2026-01-14 15시23분50초
[2026-01-14 15시26분51초	1768372011379]	자동 저장완료 2026-01-14 15시26분51초
[2026-01-14 15시29분52초	1768372192232]	자동 저장완료 2026-01-14 15시29분52초
[2026-01-14 15시32분53초	1768372373188]	자동 저장완료 2026-01-14 15시32분53초
[2026-01-14 15시34분43초	1768372483855]	서버가 즉시 종료됩니다...
[2026-01-14 15시34분44초	1768372484856]	Thread close..
[2026-01-14 15시34분45초	1768372485856]	Save Database..
[2026-01-14 15시34분46초	1768372486797]	Socket close..
[2026-01-14 15시34분46초	1768372486797]	LineageServer Close...
[2026-01-14 15시34분46초	1768372486797]	0ms

[2026-01-14 15시34분46초	1768372486797]	ok..
