[2026-01-04 20시02분32초	1767524552757]	Mysql..
[2026-01-04 20시02분32초	1767524552758]	1ms

[2026-01-04 20시02분32초	1767524552775]	lineage.conf file loading...
[2026-01-04 20시02분32초	1767524552805]	30ms

[2026-01-04 20시02분32초	1767524552812]	Lineage_Balance..
[2026-01-04 20시02분32초	1767524552820]	8ms

[2026-01-04 20시02분32초	1767524552828]	npc_promotion..
[2026-01-04 20시02분32초	1767524552828]	0ms

[2026-01-04 20시02분32초	1767524552829]	Socket..
[2026-01-04 20시02분32초	1767524552830]	0ms

[2026-01-04 20시02분32초	1767524552830]	Common..
[2026-01-04 20시02분32초	1767524552830]	0ms

[2026-01-04 20시02분32초	1767524552830]	EventThread..
[2026-01-04 20시02분32초	1767524552831]	1ms

[2026-01-04 20시02분32초	1767524552831]	AiExecuteThread..
[2026-01-04 20시02분32초	1767524552832]	1ms

[2026-01-04 20시02분32초	1767524552832]	AiThread..
[2026-01-04 20시02분32초	1767524552833]	0ms

[2026-01-04 20시02분32초	1767524552836]	World..
[2026-01-04 20시02분32초	1767524552926]	90ms

[2026-01-04 20시02분32초	1767524552928]	BookController..
[2026-01-04 20시02분32초	1767524552928]	0ms

[2026-01-04 20시02분32초	1767524552928]	InventoryController..
[2026-01-04 20시02분32초	1767524552928]	0ms

[2026-01-04 20시02분32초	1767524552929]	BasePacketPooling..
[2026-01-04 20시02분32초	1767524552929]	0ms

[2026-01-04 20시02분32초	1767524552931]	SkillController..
[2026-01-04 20시02분32초	1767524552931]	0ms

[2026-01-04 20시02분32초	1767524552940]	DamageController..
[2026-01-04 20시02분32초	1767524552940]	0ms

[2026-01-04 20시02분32초	1767524552942]	CharacterController..
[2026-01-04 20시02분32초	1767524552942]	0ms

[2026-01-04 20시02분32초	1767524552943]	TradeController..
[2026-01-04 20시02분32초	1767524552943]	0ms

[2026-01-04 20시02분32초	1767524552944]	DungeonController..
[2026-01-04 20시02분32초	1767524552944]	0ms

[2026-01-04 20시02분32초	1767524552945]	ShipController..
[2026-01-04 20시02분32초	1767524552945]	0ms

[2026-01-04 20시02분32초	1767524552946]	BuffController..
[2026-01-04 20시02분32초	1767524552946]	0ms

[2026-01-04 20시02분32초	1767524552949]	SummonController..
[2026-01-04 20시02분32초	1767524552950]	1ms

[2026-01-04 20시02분32초	1767524552950]	PartyController..
[2026-01-04 20시02분32초	1767524552950]	0ms

[2026-01-04 20시02분32초	1767524552951]	InnController..
[2026-01-04 20시02분32초	1767524552951]	0ms

[2026-01-04 20시02분32초	1767524552952]	BoardController..
[2026-01-04 20시02분32초	1767524552952]	0ms

[2026-01-04 20시02분32초	1767524552954]	LetterController..
[2026-01-04 20시02분32초	1767524552954]	0ms

[2026-01-04 20시02분32초	1767524552955]	UserShopController..
[2026-01-04 20시02분32초	1767524552955]	0ms

[2026-01-04 20시02분32초	1767524552956]	ChattingController..
[2026-01-04 20시02분32초	1767524552957]	1ms

[2026-01-04 20시02분32초	1767524552958]	ColosseumController..
[2026-01-04 20시02분32초	1767524552959]	1ms

[2026-01-04 20시02분32초	1767524552960]	CraftController..
[2026-01-04 20시02분32초	1767524552960]	0ms

[2026-01-04 20시02분32초	1767524552961]	BossController..
[2026-01-04 20시02분32초	1767524552961]	0ms

[2026-01-04 20시02분32초	1767524552962]	NoticeController..
[2026-01-04 20시02분32초	1767524552962]	0ms

[2026-01-04 20시02분32초	1767524552970]	FriendController..
[2026-01-04 20시02분32초	1767524552970]	0ms

[2026-01-04 20시02분32초	1767524552971]	BugScanningController..
[2026-01-04 20시02분32초	1767524552971]	0ms

[2026-01-04 20시02분32초	1767524552972]	MagicDollController..
[2026-01-04 20시02분32초	1767524552972]	0ms

[2026-01-04 20시02분32초	1767524552973]	ShopController..
[2026-01-04 20시02분32초	1767524552973]	0ms

[2026-01-04 20시02분32초	1767524552974]	WarehouseDatabase..
[2026-01-04 20시02분32초	1767524552974]	0ms

[2026-01-04 20시02분32초	1767524552975]	PakTools..
[2026-01-04 20시02분32초	1767524552977]	2ms

[2026-01-04 20시02분32초	1767524552978]	ScriptController...
[2026-01-04 20시02분32초	1767524552980]	2ms

[2026-01-04 20시02분32초	1767524552981]	GiranClanLordController..
[2026-01-04 20시02분32초	1767524552981]	0ms

[2026-01-04 20시02분32초	1767524552982]	TeamBattleController..
[2026-01-04 20시02분32초	1767524552982]	0ms

[2026-01-04 20시02분32초	1767524552983]	WorldClearController..
[2026-01-04 20시02분32초	1767524552983]	0ms

[2026-01-04 20시02분32초	1767524552983]	SpotController..
[2026-01-04 20시02분32초	1767524552984]	1ms

[2026-01-04 20시02분32초	1767524552987]	테베라스 컨트롤러..
[2026-01-04 20시02분32초	1767524552987]	0ms

[2026-01-04 20시02분32초	1767524552988]	지옥 컨트롤러..
[2026-01-04 20시02분32초	1767524552988]	0ms

[2026-01-04 20시02분32초	1767524552988]	지하수로 컨트롤러..
[2026-01-04 20시02분32초	1767524552988]	0ms

[2026-01-04 20시02분32초	1767524552989]	보물찾기컨트롤러..
[2026-01-04 20시02분32초	1767524552989]	0ms

[2026-01-04 20시02분32초	1767524552989]	마족신전 컨트롤러..
[2026-01-04 20시02분32초	1767524552990]	1ms

[2026-01-04 20시02분32초	1767524552990]	고무 컨트롤러..
[2026-01-04 20시02분32초	1767524552991]	정무던전 컨트롤러..
[2026-01-04 20시02분32초	1767524552995]	4ms

[2026-01-04 20시02분32초	1767524552995]	그신 컨트롤러..
[2026-01-04 20시02분32초	1767524552996]	1ms

[2026-01-04 20시02분32초	1767524552996]	라바던전 컨트롤러..
[2026-01-04 20시02분32초	1767524552996]	0ms

[2026-01-04 20시02분32초	1767524552997]	월드보스컨트롤러..
[2026-01-04 20시02분32초	1767524552997]	0ms

[2026-01-04 20시02분32초	1767524552997]	펭귄 사냥터 컨트롤러..
[2026-01-04 20시02분32초	1767524552997]	0ms

[2026-01-04 20시02분32초	1767524552998]	칠흑던전 컨트롤러..
[2026-01-04 20시02분32초	1767524552998]	악마왕의영토컨트롤러..
[2026-01-04 20시02분32초	1767524552999]	1ms

[2026-01-04 20시02분32초	1767524552999]	얼던컨트롤러..
[2026-01-04 20시02분32초	1767524552999]	0ms

[2026-01-04 20시02분33초	1767524553000]	기감 컨트롤러..
[2026-01-04 20시02분33초	1767524553000]	0ms

[2026-01-04 20시02분33초	1767524553001]	고라스컨트롤러..
[2026-01-04 20시02분33초	1767524553001]	0ms

[2026-01-04 20시02분33초	1767524553001]	드워프컨트롤러..
[2026-01-04 20시02분33초	1767524553001]	0ms

[2026-01-04 20시02분33초	1767524553002]	타임이벤트컨트롤러..
[2026-01-04 20시02분33초	1767524553002]	0ms

[2026-01-04 20시02분33초	1767524553002]	AutoHuntController..
[2026-01-04 20시02분33초	1767524553002]	0ms

[2026-01-04 20시02분33초	1767524553003]	DatabaseConnection..
[2026-01-04 20시02분33초	1767524553325]	322ms

[2026-01-04 20시02분33초	1767524553340]	ServerDatabase..
[2026-01-04 20시02분33초	1767524553378]	38ms

[2026-01-04 20시02분33초	1767524553381]	SlimeRaceController..
[2026-01-04 20시02분33초	1767524553384]	2ms

[2026-01-04 20시02분33초	1767524553385]	DogRaceController..
[2026-01-04 20시02분33초	1767524553387]	2ms

[2026-01-04 20시02분33초	1767524553390]	ClanController..
[2026-01-04 20시02분33초	1767524553397]	7ms

[2026-01-04 20시02분33초	1767524553399]	KingdomController..
[2026-01-04 20시02분33초	1767524553406]	7ms

[2026-01-04 20시02분33초	1767524553408]	AgitController..
[2026-01-04 20시02분33초	1767524553413]	5ms

[2026-01-04 20시02분33초	1767524553415]	AuctionController..
[2026-01-04 20시02분33초	1767524553421]	6ms

[2026-01-04 20시02분33초	1767524553426]	ItemDatabase..
[2026-01-04 20시02분33초	1767524553533]	107ms

[2026-01-04 20시02분33초	1767524553534]	ItemSetopionDatabase..
[2026-01-04 20시02분33초	1767524553537]	3ms

[2026-01-04 20시02분33초	1767524553538]	AutosellDatabase..
[2026-01-04 20시02분33초	1767524553557]	19ms

[2026-01-04 20시02분33초	1767524553558]	ItemSkillDatabase..
[2026-01-04 20시02분33초	1767524553561]	3ms

[2026-01-04 20시02분33초	1767524553562]	ItemBundleDatabase..
[2026-01-04 20시02분33초	1767524553565]	3ms

[2026-01-04 20시02분33초	1767524553566]	ItemChanceBundleDatabase..
[2026-01-04 20시02분33초	1767524553569]	3ms

[2026-01-04 20시02분33초	1767524553570]	FishItemListDatabase..
[2026-01-04 20시02분33초	1767524553572]	2ms

[2026-01-04 20시02분33초	1767524553573]	ItemTeleport..
[2026-01-04 20시02분33초	1767524553574]	1ms

[2026-01-04 20시02분33초	1767524553576]	PolyDatabase..
[2026-01-04 20시02분33초	1767524553579]	3ms

[2026-01-04 20시02분33초	1767524553580]	DungeonDatabase..
[2026-01-04 20시02분33초	1767524553586]	6ms

[2026-01-04 20시02분33초	1767524553587]	DefiniteDatabase..
[2026-01-04 20시02분33초	1767524553589]	2ms

[2026-01-04 20시02분33초	1767524553590]	ExpDatabase..
[2026-01-04 20시02분33초	1767524553593]	3ms

[2026-01-04 20시02분33초	1767524553593]	BackgroundDatabase..
[2026-01-04 20시02분33초	1767524553718]	125ms

[2026-01-04 20시02분33초	1767524553718]	SpriteFrameDatabase..
[2026-01-04 20시02분33초	1767524553772]	54ms

[2026-01-04 20시02분33초	1767524553773]	SkillDatabase..
[2026-01-04 20시02분33초	1767524553776]	3ms

[2026-01-04 20시02분33초	1767524553777]	NpcDatabase..
[2026-01-04 20시02분33초	1767524553784]	7ms

[2026-01-04 20시02분33초	1767524553784]	NpcShopDatabase..
[2026-01-04 20시02분33초	1767524553839]	55ms

[2026-01-04 20시02분33초	1767524553840]	NpcTeleportDatabase..
[2026-01-04 20시02분33초	1767524553842]	2ms

[2026-01-04 20시02분33초	1767524553962]	NpcSpawnlistDatabase..
[2026-01-04 20시02분34초	1767524554010]	47ms

[2026-01-04 20시02분34초	1767524554011]	EventController..
[2026-01-04 20시02분34초	1767524554011]	0ms

[2026-01-04 20시02분34초	1767524554012]	MonsterDatabase..
[2026-01-04 20시02분34초	1767524554027]	15ms

[2026-01-04 20시02분34초	1767524554032]	MonsterDropDatabase..
[2026-01-04 20시02분34초	1767524554057]	25ms

[2026-01-04 20시02분34초	1767524554058]	MonsterSkillDatabase..
[2026-01-04 20시02분34초	1767524554072]	14ms

[2026-01-04 20시02분34초	1767524554073]	MonsterSpawnlistDatabase..
[2026-01-04 20시02분35초	1767524555026]	953ms

[2026-01-04 20시02분35초	1767524555027]	MonsterBossSpawnlistDatabase..
[2026-01-04 20시02분35초	1767524555030]	3ms

[2026-01-04 20시02분35초	1767524555031]	ServerDownBossListDatabase..
[2026-01-04 20시02분35초	1767524555031]	0ms

[2026-01-04 20시02분35초	1767524555032]	BadIpDatabase..
[2026-01-04 20시02분35초	1767524555034]	2ms

[2026-01-04 20시02분35초	1767524555034]	QuestController..
[2026-01-04 20시02분35초	1767524555037]	3ms

[2026-01-04 20시02분35초	1767524555037]	ServerOpcodesDatabase..
[2026-01-04 20시02분35초	1767524555041]	4ms

[2026-01-04 20시02분35초	1767524555042]	ServerNoticeDatabase..
[2026-01-04 20시02분35초	1767524555045]	3ms

[2026-01-04 20시02분35초	1767524555046]	RankController..
[2026-01-04 20시02분35초	1767524555069]	23ms

[2026-01-04 20시02분35초	1767524555071]	WantedController..
[2026-01-04 20시02분35초	1767524555072]	1ms

[2026-01-04 20시02분35초	1767524555073]	TeleportHomeDatabase..
[2026-01-04 20시02분35초	1767524555105]	32ms

[2026-01-04 20시02분35초	1767524555106]	TeleportResetDatabase..
[2026-01-04 20시02분35초	1767524555134]	28ms

[2026-01-04 20시02분35초	1767524555135]	ItemPinewandDatabase..
[2026-01-04 20시02분35초	1767524555137]	2ms

[2026-01-04 20시02분35초	1767524555137]	ItemMaplewandDatabase..
[2026-01-04 20시02분35초	1767524555139]	2ms

[2026-01-04 20시02분35초	1767524555140]	SummonListDatabase..
[2026-01-04 20시02분35초	1767524555141]	1ms

[2026-01-04 20시02분35초	1767524555142]	GmListDatabase..
[2026-01-04 20시02분35초	1767524555143]	1ms

[2026-01-04 20시02분35초	1767524555145]	MagicdollListDatabase..
[2026-01-04 20시02분35초	1767524555146]	1ms

[2026-01-04 20시02분35초	1767524555150]	PcMarketController..
[2026-01-04 20시02분35초	1767524555151]	1ms

[2026-01-04 20시02분35초	1767524555152]	ServerOptionDatabase..
[2026-01-04 20시02분35초	1767524555152]	0ms

[2026-01-04 20시02분35초	1767524555153]	TimeDungeonDatabase..
[2026-01-04 20시02분35초	1767524555153]	0ms

[2026-01-04 20시02분35초	1767524555154]	TeamBattleDatabase..
[2026-01-04 20시02분35초	1767524555155]	1ms

[2026-01-04 20시02분35초	1767524555156]	LifeLostItemDatabase..
[2026-01-04 20시02분35초	1767524555157]	1ms

[2026-01-04 20시02분35초	1767524555158]	GmTeleportDatabase..
[2026-01-04 20시02분35초	1767524555159]	1ms

[2026-01-04 20시02분35초	1767524555161]	무인혈맹컨트롤러..
[2026-01-04 20시02분35초	1767524555163]	2ms

[2026-01-04 20시02분35초	1767524555164]	HackNoCheckDatabase..
[2026-01-04 20시02분35초	1767524555164]	0ms

[2026-01-04 20시02분35초	1767524555166]	EnchantLostItemDatabase..
[2026-01-04 20시02분35초	1767524555180]	14ms

[2026-01-04 20시02분35초	1767524555181]	ItemDropMessageDatabase..
[2026-01-04 20시02분35초	1767524555182]	1ms

[2026-01-04 20시02분35초	1767524555184]	FishingController..
[2026-01-04 20시02분35초	1767524555302]	118ms

[2026-01-04 20시02분35초	1767524555311]	RobotController..
[2026-01-04 20시02분35초	1767524555335]	24ms

[2026-01-04 20시02분35초	1767524555337]	Server..
[2026-01-04 20시02분35초	1767524555409]	72ms

[2026-01-04 20시02분35초	1767524555409]	ServerThread..
[2026-01-04 20시02분35초	1767524555409]	0ms

[2026-01-04 20시02분35초	1767524555410]	ControllerTherad..
[2026-01-04 20시02분35초	1767524555410]	0ms

[2026-01-04 20시02분35초	1767524555412]	CharacterThread..
[2026-01-04 20시02분35초	1767524555412]	0ms

[2026-01-04 20시02분35초	1767524555414]	DatabaseThread..
[2026-01-04 20시02분35초	1767524555414]	0ms

[2026-01-04 20시02분35초	1767524555415]	CharacterControlThread..
[2026-01-04 20시02분35초	1767524555415]	0ms

[2026-01-04 20시02분35초	1767524555461]	FightController..
[2026-01-04 20시02분35초	1767524555499]	38ms

[2026-01-04 20시02분35초	1767524555501]	TimeThread..
[2026-01-04 20시02분35초	1767524555502]	1ms

[2026-01-04 20시02분35초	1767524555503]	AutoHuntThread..
[2026-01-04 20시02분35초	1767524555503]	0ms

[2026-01-04 20시02분35초	1767524555503]	======================================================================
[2026-01-04 20시02분35초	1767524555504]	Server Version  :  Lineage 2.0

[2026-01-04 20시02분35초	1767524555504]	Server Port      :  2000

[2026-01-04 20시02분35초	1767524555504]	계정 자동생성  :  on

[2026-01-04 20시02분35초	1767524555504]	인챈트 : 1.0배  ||  드랍 : 3.0배  ||  경험치 : 30.0배  ||  아데나 : 12.0배  ||  파티 : 1.1배

[2026-01-04 20시02분35초	1767524555504]	======================================================================
[2026-01-04 20시02분35초	1767524555504]	'서버' 가동되었습니다.

[2026-01-04 20시05분36초	1767524736281]	자동 저장완료 2026-01-04 20시05분36초
[2026-01-04 20시08분37초	1767524917051]	자동 저장완료 2026-01-04 20시08분37초
[2026-01-04 20시11분37초	1767525097776]	자동 저장완료 2026-01-04 20시11분37초
[2026-01-04 20시14분38초	1767525278426]	자동 저장완료 2026-01-04 20시14분38초
[2026-01-04 20시17분39초	1767525459128]	자동 저장완료 2026-01-04 20시17분39초
[2026-01-04 20시19분48초	1767525588263]	서버가 즉시 종료됩니다...
[2026-01-04 20시19분49초	1767525589265]	Thread close..
[2026-01-04 20시19분50초	1767525590265]	Save Database..
[2026-01-04 20시19분50초	1767525590953]	Socket close..
[2026-01-04 20시19분50초	1767525590953]	LineageServer Close...
[2026-01-04 20시19분50초	1767525590953]	0ms

[2026-01-04 20시19분50초	1767525590953]	ok..
