[2026-01-07 15시00분03초	1767765603933]	Mysql..
[2026-01-07 15시00분03초	1767765603933]	2ms

[2026-01-07 15시00분03초	1767765603952]	lineage.conf file loading...
[2026-01-07 15시00분03초	1767765603982]	30ms

[2026-01-07 15시00분03초	1767765603991]	Lineage_Balance..
[2026-01-07 15시00분03초	1767765603998]	8ms

[2026-01-07 15시00분03초	1767765603999]	npc_promotion..
[2026-01-07 15시00분03초	1767765603999]	0ms

[2026-01-07 15시00분04초	1767765604001]	Socket..
[2026-01-07 15시00분04초	1767765604002]	1ms

[2026-01-07 15시00분04초	1767765604002]	Common..
[2026-01-07 15시00분04초	1767765604002]	0ms

[2026-01-07 15시00분04초	1767765604003]	EventThread..
[2026-01-07 15시00분04초	1767765604003]	0ms

[2026-01-07 15시00분04초	1767765604004]	AiExecuteThread..
[2026-01-07 15시00분04초	1767765604004]	0ms

[2026-01-07 15시00분04초	1767765604005]	AiThread..
[2026-01-07 15시00분04초	1767765604005]	0ms

[2026-01-07 15시00분04초	1767765604015]	World..
[2026-01-07 15시00분04초	1767765604116]	101ms

[2026-01-07 15시00분04초	1767765604118]	BookController..
[2026-01-07 15시00분04초	1767765604118]	0ms

[2026-01-07 15시00분04초	1767765604118]	InventoryController..
[2026-01-07 15시00분04초	1767765604118]	0ms

[2026-01-07 15시00분04초	1767765604127]	BasePacketPooling..
[2026-01-07 15시00분04초	1767765604127]	0ms

[2026-01-07 15시00분04초	1767765604129]	SkillController..
[2026-01-07 15시00분04초	1767765604132]	0ms

[2026-01-07 15시00분04초	1767765604139]	DamageController..
[2026-01-07 15시00분04초	1767765604139]	0ms

[2026-01-07 15시00분04초	1767765604141]	CharacterController..
[2026-01-07 15시00분04초	1767765604141]	0ms

[2026-01-07 15시00분04초	1767765604142]	TradeController..
[2026-01-07 15시00분04초	1767765604142]	0ms

[2026-01-07 15시00분04초	1767765604143]	DungeonController..
[2026-01-07 15시00분04초	1767765604143]	0ms

[2026-01-07 15시00분04초	1767765604144]	ShipController..
[2026-01-07 15시00분04초	1767765604144]	0ms

[2026-01-07 15시00분04초	1767765604145]	BuffController..
[2026-01-07 15시00분04초	1767765604145]	0ms

[2026-01-07 15시00분04초	1767765604157]	SummonController..
[2026-01-07 15시00분04초	1767765604157]	0ms

[2026-01-07 15시00분04초	1767765604158]	PartyController..
[2026-01-07 15시00분04초	1767765604158]	0ms

[2026-01-07 15시00분04초	1767765604159]	InnController..
[2026-01-07 15시00분04초	1767765604159]	0ms

[2026-01-07 15시00분04초	1767765604160]	BoardController..
[2026-01-07 15시00분04초	1767765604160]	0ms

[2026-01-07 15시00분04초	1767765604162]	LetterController..
[2026-01-07 15시00분04초	1767765604162]	0ms

[2026-01-07 15시00분04초	1767765604163]	UserShopController..
[2026-01-07 15시00분04초	1767765604163]	0ms

[2026-01-07 15시00분04초	1767765604165]	ChattingController..
[2026-01-07 15시00분04초	1767765604166]	1ms

[2026-01-07 15시00분04초	1767765604168]	ColosseumController..
[2026-01-07 15시00분04초	1767765604168]	0ms

[2026-01-07 15시00분04초	1767765604169]	CraftController..
[2026-01-07 15시00분04초	1767765604169]	0ms

[2026-01-07 15시00분04초	1767765604170]	BossController..
[2026-01-07 15시00분04초	1767765604171]	0ms

[2026-01-07 15시00분04초	1767765604172]	NoticeController..
[2026-01-07 15시00분04초	1767765604172]	0ms

[2026-01-07 15시00분04초	1767765604173]	FriendController..
[2026-01-07 15시00분04초	1767765604173]	0ms

[2026-01-07 15시00분04초	1767765604174]	BugScanningController..
[2026-01-07 15시00분04초	1767765604174]	0ms

[2026-01-07 15시00분04초	1767765604175]	MagicDollController..
[2026-01-07 15시00분04초	1767765604176]	1ms

[2026-01-07 15시00분04초	1767765604176]	ShopController..
[2026-01-07 15시00분04초	1767765604176]	0ms

[2026-01-07 15시00분04초	1767765604178]	WarehouseDatabase..
[2026-01-07 15시00분04초	1767765604178]	0ms

[2026-01-07 15시00분04초	1767765604179]	PakTools..
[2026-01-07 15시00분04초	1767765604182]	3ms

[2026-01-07 15시00분04초	1767765604182]	ScriptController...
[2026-01-07 15시00분04초	1767765604185]	3ms

[2026-01-07 15시00분04초	1767765604186]	GiranClanLordController..
[2026-01-07 15시00분04초	1767765604186]	0ms

[2026-01-07 15시00분04초	1767765604188]	TeamBattleController..
[2026-01-07 15시00분04초	1767765604188]	0ms

[2026-01-07 15시00분04초	1767765604189]	WorldClearController..
[2026-01-07 15시00분04초	1767765604189]	0ms

[2026-01-07 15시00분04초	1767765604190]	SpotController..
[2026-01-07 15시00분04초	1767765604190]	0ms

[2026-01-07 15시00분04초	1767765604191]	테베라스 컨트롤러..
[2026-01-07 15시00분04초	1767765604191]	0ms

[2026-01-07 15시00분04초	1767765604192]	지옥 컨트롤러..
[2026-01-07 15시00분04초	1767765604192]	0ms

[2026-01-07 15시00분04초	1767765604193]	지하수로 컨트롤러..
[2026-01-07 15시00분04초	1767765604193]	0ms

[2026-01-07 15시00분04초	1767765604193]	보물찾기컨트롤러..
[2026-01-07 15시00분04초	1767765604193]	0ms

[2026-01-07 15시00분04초	1767765604194]	마족신전 컨트롤러..
[2026-01-07 15시00분04초	1767765604194]	0ms

[2026-01-07 15시00분04초	1767765604195]	고무 컨트롤러..
[2026-01-07 15시00분04초	1767765604196]	정무던전 컨트롤러..
[2026-01-07 15시00분04초	1767765604201]	5ms

[2026-01-07 15시00분04초	1767765604202]	그신 컨트롤러..
[2026-01-07 15시00분04초	1767765604202]	0ms

[2026-01-07 15시00분04초	1767765604203]	라바던전 컨트롤러..
[2026-01-07 15시00분04초	1767765604203]	0ms

[2026-01-07 15시00분04초	1767765604204]	월드보스컨트롤러..
[2026-01-07 15시00분04초	1767765604204]	0ms

[2026-01-07 15시00분04초	1767765604205]	펭귄 사냥터 컨트롤러..
[2026-01-07 15시00분04초	1767765604205]	0ms

[2026-01-07 15시00분04초	1767765604206]	칠흑던전 컨트롤러..
[2026-01-07 15시00분04초	1767765604207]	악마왕의영토컨트롤러..
[2026-01-07 15시00분04초	1767765604207]	0ms

[2026-01-07 15시00분04초	1767765604208]	얼던컨트롤러..
[2026-01-07 15시00분04초	1767765604208]	0ms

[2026-01-07 15시00분04초	1767765604209]	기감 컨트롤러..
[2026-01-07 15시00분04초	1767765604209]	0ms

[2026-01-07 15시00분04초	1767765604210]	고라스컨트롤러..
[2026-01-07 15시00분04초	1767765604210]	0ms

[2026-01-07 15시00분04초	1767765604210]	드워프컨트롤러..
[2026-01-07 15시00분04초	1767765604211]	1ms

[2026-01-07 15시00분04초	1767765604211]	타임이벤트컨트롤러..
[2026-01-07 15시00분04초	1767765604212]	1ms

[2026-01-07 15시00분04초	1767765604212]	AutoHuntController..
[2026-01-07 15시00분04초	1767765604212]	0ms

[2026-01-07 15시00분04초	1767765604213]	DatabaseConnection..
[2026-01-07 15시00분04초	1767765604515]	302ms

[2026-01-07 15시00분04초	1767765604533]	ServerDatabase..
[2026-01-07 15시00분04초	1767765604565]	32ms

[2026-01-07 15시00분04초	1767765604568]	SlimeRaceController..
[2026-01-07 15시00분04초	1767765604572]	4ms

[2026-01-07 15시00분04초	1767765604574]	DogRaceController..
[2026-01-07 15시00분04초	1767765604575]	1ms

[2026-01-07 15시00분04초	1767765604578]	ClanController..
[2026-01-07 15시00분04초	1767765604585]	7ms

[2026-01-07 15시00분04초	1767765604588]	KingdomController..
[2026-01-07 15시00분04초	1767765604595]	7ms

[2026-01-07 15시00분04초	1767765604597]	AgitController..
[2026-01-07 15시00분04초	1767765604602]	5ms

[2026-01-07 15시00분04초	1767765604604]	AuctionController..
[2026-01-07 15시00분04초	1767765604610]	6ms

[2026-01-07 15시00분04초	1767765604615]	ItemDatabase..
[2026-01-07 15시00분04초	1767765604716]	101ms

[2026-01-07 15시00분04초	1767765604718]	ItemSetopionDatabase..
[2026-01-07 15시00분04초	1767765604721]	3ms

[2026-01-07 15시00분04초	1767765604722]	AutosellDatabase..
[2026-01-07 15시00분04초	1767765604743]	21ms

[2026-01-07 15시00분04초	1767765604744]	ItemSkillDatabase..
[2026-01-07 15시00분04초	1767765604747]	3ms

[2026-01-07 15시00분04초	1767765604749]	ItemBundleDatabase..
[2026-01-07 15시00분04초	1767765604753]	4ms

[2026-01-07 15시00분04초	1767765604754]	ItemChanceBundleDatabase..
[2026-01-07 15시00분04초	1767765604758]	4ms

[2026-01-07 15시00분04초	1767765604759]	FishItemListDatabase..
[2026-01-07 15시00분04초	1767765604761]	2ms

[2026-01-07 15시00분04초	1767765604763]	ItemTeleport..
[2026-01-07 15시00분04초	1767765604766]	3ms

[2026-01-07 15시00분04초	1767765604768]	PolyDatabase..
[2026-01-07 15시00분04초	1767765604771]	3ms

[2026-01-07 15시00분04초	1767765604773]	DungeonDatabase..
[2026-01-07 15시00분04초	1767765604778]	5ms

[2026-01-07 15시00분04초	1767765604779]	DefiniteDatabase..
[2026-01-07 15시00분04초	1767765604783]	4ms

[2026-01-07 15시00분04초	1767765604783]	ExpDatabase..
[2026-01-07 15시00분04초	1767765604785]	2ms

[2026-01-07 15시00분04초	1767765604785]	BackgroundDatabase..
[2026-01-07 15시00분04초	1767765604905]	120ms

[2026-01-07 15시00분04초	1767765604905]	SpriteFrameDatabase..
[2026-01-07 15시00분04초	1767765604974]	69ms

[2026-01-07 15시00분04초	1767765604975]	SkillDatabase..
[2026-01-07 15시00분04초	1767765604979]	4ms

[2026-01-07 15시00분04초	1767765604980]	NpcDatabase..
[2026-01-07 15시00분04초	1767765604988]	8ms

[2026-01-07 15시00분04초	1767765604996]	NpcShopDatabase..
[2026-01-07 15시00분05초	1767765605053]	57ms

[2026-01-07 15시00분05초	1767765605053]	NpcTeleportDatabase..
[2026-01-07 15시00분05초	1767765605056]	3ms

[2026-01-07 15시00분05초	1767765605237]	NpcSpawnlistDatabase..
[2026-01-07 15시00분05초	1767765605301]	64ms

[2026-01-07 15시00분05초	1767765605304]	EventController..
[2026-01-07 15시00분05초	1767765605304]	0ms

[2026-01-07 15시00분05초	1767765605305]	MonsterDatabase..
[2026-01-07 15시00분05초	1767765605321]	16ms

[2026-01-07 15시00분05초	1767765605322]	MonsterDropDatabase..
[2026-01-07 15시00분05초	1767765605346]	24ms

[2026-01-07 15시00분05초	1767765605347]	MonsterSkillDatabase..
[2026-01-07 15시00분05초	1767765605362]	15ms

[2026-01-07 15시00분05초	1767765605365]	MonsterSpawnlistDatabase..
[2026-01-07 15시00분06초	1767765606277]	911ms

[2026-01-07 15시00분06초	1767765606278]	MonsterBossSpawnlistDatabase..
[2026-01-07 15시00분06초	1767765606280]	2ms

[2026-01-07 15시00분06초	1767765606281]	ServerDownBossListDatabase..
[2026-01-07 15시00분06초	1767765606281]	0ms

[2026-01-07 15시00분06초	1767765606282]	BadIpDatabase..
[2026-01-07 15시00분06초	1767765606284]	2ms

[2026-01-07 15시00분06초	1767765606284]	QuestController..
[2026-01-07 15시00분06초	1767765606286]	2ms

[2026-01-07 15시00분06초	1767765606286]	ServerOpcodesDatabase..
[2026-01-07 15시00분06초	1767765606290]	4ms

[2026-01-07 15시00분06초	1767765606291]	ServerNoticeDatabase..
[2026-01-07 15시00분06초	1767765606293]	2ms

[2026-01-07 15시00분06초	1767765606294]	RankController..
[2026-01-07 15시00분06초	1767765606315]	21ms

[2026-01-07 15시00분06초	1767765606317]	WantedController..
[2026-01-07 15시00분06초	1767765606321]	4ms

[2026-01-07 15시00분06초	1767765606322]	TeleportHomeDatabase..
[2026-01-07 15시00분06초	1767765606353]	31ms

[2026-01-07 15시00분06초	1767765606354]	TeleportResetDatabase..
[2026-01-07 15시00분06초	1767765606383]	29ms

[2026-01-07 15시00분06초	1767765606384]	ItemPinewandDatabase..
[2026-01-07 15시00분06초	1767765606386]	2ms

[2026-01-07 15시00분06초	1767765606386]	ItemMaplewandDatabase..
[2026-01-07 15시00분06초	1767765606388]	2ms

[2026-01-07 15시00분06초	1767765606389]	SummonListDatabase..
[2026-01-07 15시00분06초	1767765606391]	2ms

[2026-01-07 15시00분06초	1767765606392]	GmListDatabase..
[2026-01-07 15시00분06초	1767765606393]	1ms

[2026-01-07 15시00분06초	1767765606394]	MagicdollListDatabase..
[2026-01-07 15시00분06초	1767765606396]	2ms

[2026-01-07 15시00분06초	1767765606400]	PcMarketController..
[2026-01-07 15시00분06초	1767765606402]	2ms

[2026-01-07 15시00분06초	1767765606402]	ServerOptionDatabase..
[2026-01-07 15시00분06초	1767765606403]	1ms

[2026-01-07 15시00분06초	1767765606404]	TimeDungeonDatabase..
[2026-01-07 15시00분06초	1767765606405]	1ms

[2026-01-07 15시00분06초	1767765606405]	TeamBattleDatabase..
[2026-01-07 15시00분06초	1767765606407]	2ms

[2026-01-07 15시00분06초	1767765606408]	LifeLostItemDatabase..
[2026-01-07 15시00분06초	1767765606409]	1ms

[2026-01-07 15시00분06초	1767765606410]	GmTeleportDatabase..
[2026-01-07 15시00분06초	1767765606412]	2ms

[2026-01-07 15시00분06초	1767765606414]	무인혈맹컨트롤러..
[2026-01-07 15시00분06초	1767765606416]	2ms

[2026-01-07 15시00분06초	1767765606417]	HackNoCheckDatabase..
[2026-01-07 15시00분06초	1767765606417]	0ms

[2026-01-07 15시00분06초	1767765606419]	EnchantLostItemDatabase..
[2026-01-07 15시00분06초	1767765606432]	13ms

[2026-01-07 15시00분06초	1767765606434]	ItemDropMessageDatabase..
[2026-01-07 15시00분06초	1767765606434]	0ms

[2026-01-07 15시00분06초	1767765606436]	FishingController..
[2026-01-07 15시00분06초	1767765606553]	117ms

[2026-01-07 15시00분06초	1767765606562]	RobotController..
[2026-01-07 15시00분06초	1767765606588]	26ms

[2026-01-07 15시00분06초	1767765606593]	Server..
[2026-01-07 15시00분06초	1767765606662]	69ms

[2026-01-07 15시00분06초	1767765606663]	ServerThread..
[2026-01-07 15시00분06초	1767765606663]	0ms

[2026-01-07 15시00분06초	1767765606664]	ControllerTherad..
[2026-01-07 15시00분06초	1767765606664]	0ms

[2026-01-07 15시00분06초	1767765606665]	CharacterThread..
[2026-01-07 15시00분06초	1767765606665]	0ms

[2026-01-07 15시00분06초	1767765606667]	DatabaseThread..
[2026-01-07 15시00분06초	1767765606667]	0ms

[2026-01-07 15시00분06초	1767765606668]	CharacterControlThread..
[2026-01-07 15시00분06초	1767765606668]	0ms

[2026-01-07 15시00분06초	1767765606715]	FightController..
[2026-01-07 15시00분06초	1767765606727]	12ms

[2026-01-07 15시00분06초	1767765606728]	TimeThread..
[2026-01-07 15시00분06초	1767765606729]	1ms

[2026-01-07 15시00분06초	1767765606729]	AutoHuntThread..
[2026-01-07 15시00분06초	1767765606730]	1ms

[2026-01-07 15시00분06초	1767765606730]	======================================================================
[2026-01-07 15시00분06초	1767765606730]	Server Version  :  Lineage 2.0

[2026-01-07 15시00분06초	1767765606731]	Server Port      :  2000

[2026-01-07 15시00분06초	1767765606731]	계정 자동생성  :  on

[2026-01-07 15시00분06초	1767765606731]	인챈트 : 1.0배  ||  드랍 : 3.0배  ||  경험치 : 30.0배  ||  아데나 : 12.0배  ||  파티 : 1.1배

[2026-01-07 15시00분06초	1767765606731]	======================================================================
[2026-01-07 15시00분06초	1767765606731]	'서버' 가동되었습니다.

[2026-01-07 15시01분48초	1767765708177]	서버가 즉시 종료됩니다...
[2026-01-07 15시01분49초	1767765709178]	Thread close..
[2026-01-07 15시01분50초	1767765710178]	Save Database..
[2026-01-07 15시01분50초	1767765710864]	Socket close..
[2026-01-07 15시01분50초	1767765710864]	LineageServer Close...
[2026-01-07 15시01분50초	1767765710864]	0ms

[2026-01-07 15시01분50초	1767765710864]	ok..
