[2026-01-07 16시44분16초	1767771856593]	Mysql..
[2026-01-07 16시44분16초	1767771856593]	1ms

[2026-01-07 16시44분16초	1767771856610]	lineage.conf file loading...
[2026-01-07 16시44분16초	1767771856639]	29ms

[2026-01-07 16시44분16초	1767771856646]	Lineage_Balance..
[2026-01-07 16시44분16초	1767771856654]	8ms

[2026-01-07 16시44분16초	1767771856655]	npc_promotion..
[2026-01-07 16시44분16초	1767771856655]	0ms

[2026-01-07 16시44분16초	1767771856656]	Socket..
[2026-01-07 16시44분16초	1767771856656]	0ms

[2026-01-07 16시44분16초	1767771856656]	Common..
[2026-01-07 16시44분16초	1767771856656]	0ms

[2026-01-07 16시44분16초	1767771856657]	EventThread..
[2026-01-07 16시44분16초	1767771856657]	0ms

[2026-01-07 16시44분16초	1767771856658]	AiExecuteThread..
[2026-01-07 16시44분16초	1767771856658]	0ms

[2026-01-07 16시44분16초	1767771856658]	AiThread..
[2026-01-07 16시44분16초	1767771856658]	0ms

[2026-01-07 16시44분16초	1767771856662]	World..
[2026-01-07 16시44분16초	1767771856734]	72ms

[2026-01-07 16시44분16초	1767771856736]	BookController..
[2026-01-07 16시44분16초	1767771856736]	0ms

[2026-01-07 16시44분16초	1767771856737]	InventoryController..
[2026-01-07 16시44분16초	1767771856737]	0ms

[2026-01-07 16시44분16초	1767771856737]	BasePacketPooling..
[2026-01-07 16시44분16초	1767771856737]	0ms

[2026-01-07 16시44분16초	1767771856739]	SkillController..
[2026-01-07 16시44분16초	1767771856740]	1ms

[2026-01-07 16시44분16초	1767771856749]	DamageController..
[2026-01-07 16시44분16초	1767771856749]	0ms

[2026-01-07 16시44분16초	1767771856751]	CharacterController..
[2026-01-07 16시44분16초	1767771856751]	0ms

[2026-01-07 16시44분16초	1767771856752]	TradeController..
[2026-01-07 16시44분16초	1767771856752]	0ms

[2026-01-07 16시44분16초	1767771856752]	DungeonController..
[2026-01-07 16시44분16초	1767771856752]	0ms

[2026-01-07 16시44분16초	1767771856753]	ShipController..
[2026-01-07 16시44분16초	1767771856753]	0ms

[2026-01-07 16시44분16초	1767771856753]	BuffController..
[2026-01-07 16시44분16초	1767771856753]	0ms

[2026-01-07 16시44분16초	1767771856757]	SummonController..
[2026-01-07 16시44분16초	1767771856757]	0ms

[2026-01-07 16시44분16초	1767771856758]	PartyController..
[2026-01-07 16시44분16초	1767771856758]	0ms

[2026-01-07 16시44분16초	1767771856758]	InnController..
[2026-01-07 16시44분16초	1767771856758]	0ms

[2026-01-07 16시44분16초	1767771856760]	BoardController..
[2026-01-07 16시44분16초	1767771856760]	0ms

[2026-01-07 16시44분16초	1767771856761]	LetterController..
[2026-01-07 16시44분16초	1767771856761]	0ms

[2026-01-07 16시44분16초	1767771856762]	UserShopController..
[2026-01-07 16시44분16초	1767771856762]	0ms

[2026-01-07 16시44분16초	1767771856763]	ChattingController..
[2026-01-07 16시44분16초	1767771856764]	1ms

[2026-01-07 16시44분16초	1767771856766]	ColosseumController..
[2026-01-07 16시44분16초	1767771856766]	0ms

[2026-01-07 16시44분16초	1767771856767]	CraftController..
[2026-01-07 16시44분16초	1767771856767]	0ms

[2026-01-07 16시44분16초	1767771856768]	BossController..
[2026-01-07 16시44분16초	1767771856768]	0ms

[2026-01-07 16시44분16초	1767771856769]	NoticeController..
[2026-01-07 16시44분16초	1767771856769]	0ms

[2026-01-07 16시44분16초	1767771856770]	FriendController..
[2026-01-07 16시44분16초	1767771856770]	0ms

[2026-01-07 16시44분16초	1767771856770]	BugScanningController..
[2026-01-07 16시44분16초	1767771856770]	0ms

[2026-01-07 16시44분16초	1767771856779]	MagicDollController..
[2026-01-07 16시44분16초	1767771856779]	0ms

[2026-01-07 16시44분16초	1767771856788]	ShopController..
[2026-01-07 16시44분16초	1767771856788]	0ms

[2026-01-07 16시44분16초	1767771856789]	WarehouseDatabase..
[2026-01-07 16시44분16초	1767771856789]	0ms

[2026-01-07 16시44분16초	1767771856790]	PakTools..
[2026-01-07 16시44분16초	1767771856791]	1ms

[2026-01-07 16시44분16초	1767771856792]	ScriptController...
[2026-01-07 16시44분16초	1767771856794]	2ms

[2026-01-07 16시44분16초	1767771856795]	GiranClanLordController..
[2026-01-07 16시44분16초	1767771856795]	0ms

[2026-01-07 16시44분16초	1767771856796]	TeamBattleController..
[2026-01-07 16시44분16초	1767771856797]	0ms

[2026-01-07 16시44분16초	1767771856797]	WorldClearController..
[2026-01-07 16시44분16초	1767771856797]	0ms

[2026-01-07 16시44분16초	1767771856798]	SpotController..
[2026-01-07 16시44분16초	1767771856798]	0ms

[2026-01-07 16시44분16초	1767771856801]	테베라스 컨트롤러..
[2026-01-07 16시44분16초	1767771856802]	4ms

[2026-01-07 16시44분16초	1767771856802]	지옥 컨트롤러..
[2026-01-07 16시44분16초	1767771856802]	0ms

[2026-01-07 16시44분16초	1767771856803]	지하수로 컨트롤러..
[2026-01-07 16시44분16초	1767771856803]	0ms

[2026-01-07 16시44분16초	1767771856804]	보물찾기컨트롤러..
[2026-01-07 16시44분16초	1767771856804]	0ms

[2026-01-07 16시44분16초	1767771856804]	마족신전 컨트롤러..
[2026-01-07 16시44분16초	1767771856804]	0ms

[2026-01-07 16시44분16초	1767771856805]	고무 컨트롤러..
[2026-01-07 16시44분16초	1767771856806]	정무던전 컨트롤러..
[2026-01-07 16시44분16초	1767771856810]	4ms

[2026-01-07 16시44분16초	1767771856810]	그신 컨트롤러..
[2026-01-07 16시44분16초	1767771856810]	0ms

[2026-01-07 16시44분16초	1767771856811]	라바던전 컨트롤러..
[2026-01-07 16시44분16초	1767771856811]	0ms

[2026-01-07 16시44분16초	1767771856812]	월드보스컨트롤러..
[2026-01-07 16시44분16초	1767771856812]	0ms

[2026-01-07 16시44분16초	1767771856812]	펭귄 사냥터 컨트롤러..
[2026-01-07 16시44분16초	1767771856812]	0ms

[2026-01-07 16시44분16초	1767771856813]	칠흑던전 컨트롤러..
[2026-01-07 16시44분16초	1767771856814]	악마왕의영토컨트롤러..
[2026-01-07 16시44분16초	1767771856814]	0ms

[2026-01-07 16시44분16초	1767771856815]	얼던컨트롤러..
[2026-01-07 16시44분16초	1767771856815]	0ms

[2026-01-07 16시44분16초	1767771856815]	기감 컨트롤러..
[2026-01-07 16시44분16초	1767771856816]	1ms

[2026-01-07 16시44분16초	1767771856817]	고라스컨트롤러..
[2026-01-07 16시44분16초	1767771856817]	1ms

[2026-01-07 16시44분16초	1767771856817]	드워프컨트롤러..
[2026-01-07 16시44분16초	1767771856817]	0ms

[2026-01-07 16시44분16초	1767771856818]	타임이벤트컨트롤러..
[2026-01-07 16시44분16초	1767771856818]	0ms

[2026-01-07 16시44분16초	1767771856819]	AutoHuntController..
[2026-01-07 16시44분16초	1767771856819]	0ms

[2026-01-07 16시44분16초	1767771856819]	DatabaseConnection..
[2026-01-07 16시44분17초	1767771857114]	295ms

[2026-01-07 16시44분17초	1767771857129]	ServerDatabase..
[2026-01-07 16시44분17초	1767771857165]	36ms

[2026-01-07 16시44분17초	1767771857169]	SlimeRaceController..
[2026-01-07 16시44분17초	1767771857170]	1ms

[2026-01-07 16시44분17초	1767771857172]	DogRaceController..
[2026-01-07 16시44분17초	1767771857173]	1ms

[2026-01-07 16시44분17초	1767771857176]	ClanController..
[2026-01-07 16시44분17초	1767771857181]	5ms

[2026-01-07 16시44분17초	1767771857184]	KingdomController..
[2026-01-07 16시44분17초	1767771857189]	5ms

[2026-01-07 16시44분17초	1767771857190]	AgitController..
[2026-01-07 16시44분17초	1767771857194]	4ms

[2026-01-07 16시44분17초	1767771857196]	AuctionController..
[2026-01-07 16시44분17초	1767771857200]	4ms

[2026-01-07 16시44분17초	1767771857205]	ItemDatabase..
[2026-01-07 16시44분17초	1767771857305]	100ms

[2026-01-07 16시44분17초	1767771857307]	ItemSetopionDatabase..
[2026-01-07 16시44분17초	1767771857309]	2ms

[2026-01-07 16시44분17초	1767771857310]	AutosellDatabase..
[2026-01-07 16시44분17초	1767771857329]	19ms

[2026-01-07 16시44분17초	1767771857330]	ItemSkillDatabase..
[2026-01-07 16시44분17초	1767771857331]	1ms

[2026-01-07 16시44분17초	1767771857332]	ItemBundleDatabase..
[2026-01-07 16시44분17초	1767771857335]	3ms

[2026-01-07 16시44분17초	1767771857336]	ItemChanceBundleDatabase..
[2026-01-07 16시44분17초	1767771857340]	4ms

[2026-01-07 16시44분17초	1767771857340]	FishItemListDatabase..
[2026-01-07 16시44분17초	1767771857342]	2ms

[2026-01-07 16시44분17초	1767771857343]	ItemTeleport..
[2026-01-07 16시44분17초	1767771857345]	1ms

[2026-01-07 16시44분17초	1767771857346]	PolyDatabase..
[2026-01-07 16시44분17초	1767771857348]	2ms

[2026-01-07 16시44분17초	1767771857349]	DungeonDatabase..
[2026-01-07 16시44분17초	1767771857354]	5ms

[2026-01-07 16시44분17초	1767771857354]	DefiniteDatabase..
[2026-01-07 16시44분17초	1767771857356]	2ms

[2026-01-07 16시44분17초	1767771857357]	ExpDatabase..
[2026-01-07 16시44분17초	1767771857358]	1ms

[2026-01-07 16시44분17초	1767771857358]	BackgroundDatabase..
[2026-01-07 16시44분17초	1767771857509]	151ms

[2026-01-07 16시44분17초	1767771857509]	SpriteFrameDatabase..
[2026-01-07 16시44분17초	1767771857579]	70ms

[2026-01-07 16시44분17초	1767771857580]	SkillDatabase..
[2026-01-07 16시44분17초	1767771857583]	3ms

[2026-01-07 16시44분17초	1767771857584]	NpcDatabase..
[2026-01-07 16시44분17초	1767771857591]	7ms

[2026-01-07 16시44분17초	1767771857592]	NpcShopDatabase..
[2026-01-07 16시44분17초	1767771857658]	66ms

[2026-01-07 16시44분17초	1767771857659]	NpcTeleportDatabase..
[2026-01-07 16시44분17초	1767771857660]	1ms

[2026-01-07 16시44분17초	1767771857801]	NpcSpawnlistDatabase..
[2026-01-07 16시44분17초	1767771857847]	46ms

[2026-01-07 16시44분17초	1767771857849]	EventController..
[2026-01-07 16시44분17초	1767771857849]	0ms

[2026-01-07 16시44분17초	1767771857850]	MonsterDatabase..
[2026-01-07 16시44분17초	1767771857864]	14ms

[2026-01-07 16시44분17초	1767771857865]	MonsterDropDatabase..
[2026-01-07 16시44분17초	1767771857889]	24ms

[2026-01-07 16시44분17초	1767771857890]	MonsterSkillDatabase..
[2026-01-07 16시44분17초	1767771857903]	13ms

[2026-01-07 16시44분17초	1767771857905]	MonsterSpawnlistDatabase..
[2026-01-07 16시44분19초	1767771859229]	1324ms

[2026-01-07 16시44분19초	1767771859230]	MonsterBossSpawnlistDatabase..
[2026-01-07 16시44분19초	1767771859232]	2ms

[2026-01-07 16시44분19초	1767771859233]	ServerDownBossListDatabase..
[2026-01-07 16시44분19초	1767771859233]	1ms

[2026-01-07 16시44분19초	1767771859234]	BadIpDatabase..
[2026-01-07 16시44분19초	1767771859235]	1ms

[2026-01-07 16시44분19초	1767771859235]	QuestController..
[2026-01-07 16시44분19초	1767771859236]	1ms

[2026-01-07 16시44분19초	1767771859237]	ServerOpcodesDatabase..
[2026-01-07 16시44분19초	1767771859240]	3ms

[2026-01-07 16시44분19초	1767771859241]	ServerNoticeDatabase..
[2026-01-07 16시44분19초	1767771859242]	1ms

[2026-01-07 16시44분19초	1767771859244]	RankController..
[2026-01-07 16시44분19초	1767771859264]	20ms

[2026-01-07 16시44분19초	1767771859265]	WantedController..
[2026-01-07 16시44분19초	1767771859270]	5ms

[2026-01-07 16시44분19초	1767771859271]	TeleportHomeDatabase..
[2026-01-07 16시44분19초	1767771859296]	25ms

[2026-01-07 16시44분19초	1767771859297]	TeleportResetDatabase..
[2026-01-07 16시44분19초	1767771859326]	29ms

[2026-01-07 16시44분19초	1767771859326]	ItemPinewandDatabase..
[2026-01-07 16시44분19초	1767771859327]	1ms

[2026-01-07 16시44분19초	1767771859328]	ItemMaplewandDatabase..
[2026-01-07 16시44분19초	1767771859329]	1ms

[2026-01-07 16시44분19초	1767771859330]	SummonListDatabase..
[2026-01-07 16시44분19초	1767771859331]	1ms

[2026-01-07 16시44분19초	1767771859331]	GmListDatabase..
[2026-01-07 16시44분19초	1767771859332]	1ms

[2026-01-07 16시44분19초	1767771859333]	MagicdollListDatabase..
[2026-01-07 16시44분19초	1767771859334]	1ms

[2026-01-07 16시44분19초	1767771859338]	PcMarketController..
[2026-01-07 16시44분19초	1767771859339]	1ms

[2026-01-07 16시44분19초	1767771859339]	ServerOptionDatabase..
[2026-01-07 16시44분19초	1767771859340]	1ms

[2026-01-07 16시44분19초	1767771859340]	TimeDungeonDatabase..
[2026-01-07 16시44분19초	1767771859341]	1ms

[2026-01-07 16시44분19초	1767771859341]	TeamBattleDatabase..
[2026-01-07 16시44분19초	1767771859342]	1ms

[2026-01-07 16시44분19초	1767771859343]	LifeLostItemDatabase..
[2026-01-07 16시44분19초	1767771859344]	1ms

[2026-01-07 16시44분19초	1767771859344]	GmTeleportDatabase..
[2026-01-07 16시44분19초	1767771859345]	1ms

[2026-01-07 16시44분19초	1767771859348]	무인혈맹컨트롤러..
[2026-01-07 16시44분19초	1767771859349]	1ms

[2026-01-07 16시44분19초	1767771859350]	HackNoCheckDatabase..
[2026-01-07 16시44분19초	1767771859350]	0ms

[2026-01-07 16시44분19초	1767771859352]	EnchantLostItemDatabase..
[2026-01-07 16시44분19초	1767771859363]	11ms

[2026-01-07 16시44분19초	1767771859364]	ItemDropMessageDatabase..
[2026-01-07 16시44분19초	1767771859364]	0ms

[2026-01-07 16시44분19초	1767771859367]	FishingController..
[2026-01-07 16시44분19초	1767771859482]	115ms

[2026-01-07 16시44분19초	1767771859491]	RobotController..
[2026-01-07 16시44분19초	1767771859512]	21ms

[2026-01-07 16시44분19초	1767771859514]	Server..
[2026-01-07 16시44분19초	1767771859587]	73ms

[2026-01-07 16시44분19초	1767771859588]	ServerThread..
[2026-01-07 16시44분19초	1767771859588]	0ms

[2026-01-07 16시44분19초	1767771859588]	ControllerTherad..
[2026-01-07 16시44분19초	1767771859589]	1ms

[2026-01-07 16시44분19초	1767771859589]	CharacterThread..
[2026-01-07 16시44분19초	1767771859589]	0ms

[2026-01-07 16시44분19초	1767771859590]	DatabaseThread..
[2026-01-07 16시44분19초	1767771859591]	1ms

[2026-01-07 16시44분19초	1767771859591]	CharacterControlThread..
[2026-01-07 16시44분19초	1767771859591]	0ms

[2026-01-07 16시44분19초	1767771859632]	FightController..
[2026-01-07 16시44분19초	1767771859645]	13ms

[2026-01-07 16시44분19초	1767771859646]	TimeThread..
[2026-01-07 16시44분19초	1767771859646]	0ms

[2026-01-07 16시44분19초	1767771859647]	AutoHuntThread..
[2026-01-07 16시44분19초	1767771859647]	0ms

[2026-01-07 16시44분19초	1767771859647]	======================================================================
[2026-01-07 16시44분19초	1767771859647]	Server Version  :  Lineage 2.0

[2026-01-07 16시44분19초	1767771859648]	Server Port      :  2000

[2026-01-07 16시44분19초	1767771859648]	계정 자동생성  :  on

[2026-01-07 16시44분19초	1767771859648]	인챈트 : 1.0배  ||  드랍 : 3.0배  ||  경험치 : 30.0배  ||  아데나 : 12.0배  ||  파티 : 1.1배

[2026-01-07 16시44분19초	1767771859648]	======================================================================
[2026-01-07 16시44분19초	1767771859648]	'서버' 가동되었습니다.

[2026-01-07 16시47분20초	1767772040259]	자동 저장완료 2026-01-07 16시47분20초
[2026-01-07 16시50분20초	1767772220986]	자동 저장완료 2026-01-07 16시50분20초
[2026-01-07 16시51분31초	1767772291127]	서버가 즉시 종료됩니다...
[2026-01-07 16시51분32초	1767772292128]	Thread close..
[2026-01-07 16시51분33초	1767772293128]	Save Database..
[2026-01-07 16시51분33초	1767772293817]	Socket close..
[2026-01-07 16시51분33초	1767772293817]	LineageServer Close...
[2026-01-07 16시51분33초	1767772293817]	0ms

[2026-01-07 16시51분33초	1767772293817]	ok..
