[2026-01-13 02시00분46초	1768237246958]	Mysql..
[2026-01-13 02시00분46초	1768237246959]	1ms

[2026-01-13 02시00분46초	1768237246975]	lineage.conf file loading...
[2026-01-13 02시00분47초	1768237247002]	27ms

[2026-01-13 02시00분47초	1768237247009]	Lineage_Balance..
[2026-01-13 02시00분47초	1768237247016]	7ms

[2026-01-13 02시00분47초	1768237247024]	npc_promotion..
[2026-01-13 02시00분47초	1768237247024]	0ms

[2026-01-13 02시00분47초	1768237247025]	Socket..
[2026-01-13 02시00분47초	1768237247026]	0ms

[2026-01-13 02시00분47초	1768237247026]	Common..
[2026-01-13 02시00분47초	1768237247026]	0ms

[2026-01-13 02시00분47초	1768237247027]	EventThread..
[2026-01-13 02시00분47초	1768237247027]	0ms

[2026-01-13 02시00분47초	1768237247028]	AiExecuteThread..
[2026-01-13 02시00분47초	1768237247028]	0ms

[2026-01-13 02시00분47초	1768237247029]	AiThread..
[2026-01-13 02시00분47초	1768237247029]	0ms

[2026-01-13 02시00분47초	1768237247032]	World..
[2026-01-13 02시00분47초	1768237247115]	83ms

[2026-01-13 02시00분47초	1768237247116]	BookController..
[2026-01-13 02시00분47초	1768237247117]	0ms

[2026-01-13 02시00분47초	1768237247117]	InventoryController..
[2026-01-13 02시00분47초	1768237247117]	0ms

[2026-01-13 02시00분47초	1768237247118]	BasePacketPooling..
[2026-01-13 02시00분47초	1768237247118]	0ms

[2026-01-13 02시00분47초	1768237247126]	SkillController..
[2026-01-13 02시00분47초	1768237247129]	0ms

[2026-01-13 02시00분47초	1768237247135]	DamageController..
[2026-01-13 02시00분47초	1768237247135]	0ms

[2026-01-13 02시00분47초	1768237247137]	CharacterController..
[2026-01-13 02시00분47초	1768237247137]	0ms

[2026-01-13 02시00분47초	1768237247138]	TradeController..
[2026-01-13 02시00분47초	1768237247138]	0ms

[2026-01-13 02시00분47초	1768237247139]	DungeonController..
[2026-01-13 02시00분47초	1768237247139]	0ms

[2026-01-13 02시00분47초	1768237247139]	ShipController..
[2026-01-13 02시00분47초	1768237247139]	0ms

[2026-01-13 02시00분47초	1768237247140]	BuffController..
[2026-01-13 02시00분47초	1768237247140]	0ms

[2026-01-13 02시00분47초	1768237247144]	SummonController..
[2026-01-13 02시00분47초	1768237247144]	0ms

[2026-01-13 02시00분47초	1768237247145]	PartyController..
[2026-01-13 02시00분47초	1768237247145]	0ms

[2026-01-13 02시00분47초	1768237247145]	InnController..
[2026-01-13 02시00분47초	1768237247145]	0ms

[2026-01-13 02시00분47초	1768237247146]	BoardController..
[2026-01-13 02시00분47초	1768237247146]	0ms

[2026-01-13 02시00분47초	1768237247148]	LetterController..
[2026-01-13 02시00분47초	1768237247148]	0ms

[2026-01-13 02시00분47초	1768237247156]	UserShopController..
[2026-01-13 02시00분47초	1768237247156]	0ms

[2026-01-13 02시00분47초	1768237247165]	ChattingController..
[2026-01-13 02시00분47초	1768237247166]	1ms

[2026-01-13 02시00분47초	1768237247168]	ColosseumController..
[2026-01-13 02시00분47초	1768237247168]	0ms

[2026-01-13 02시00분47초	1768237247169]	CraftController..
[2026-01-13 02시00분47초	1768237247169]	0ms

[2026-01-13 02시00분47초	1768237247169]	BossController..
[2026-01-13 02시00분47초	1768237247170]	1ms

[2026-01-13 02시00분47초	1768237247170]	NoticeController..
[2026-01-13 02시00분47초	1768237247171]	1ms

[2026-01-13 02시00분47초	1768237247171]	FriendController..
[2026-01-13 02시00분47초	1768237247171]	0ms

[2026-01-13 02시00분47초	1768237247172]	BugScanningController..
[2026-01-13 02시00분47초	1768237247172]	0ms

[2026-01-13 02시00분47초	1768237247173]	MagicDollController..
[2026-01-13 02시00분47초	1768237247173]	0ms

[2026-01-13 02시00분47초	1768237247173]	ShopController..
[2026-01-13 02시00분47초	1768237247174]	1ms

[2026-01-13 02시00분47초	1768237247175]	WarehouseDatabase..
[2026-01-13 02시00분47초	1768237247175]	0ms

[2026-01-13 02시00분47초	1768237247176]	PakTools..
[2026-01-13 02시00분47초	1768237247177]	2ms

[2026-01-13 02시00분47초	1768237247177]	ScriptController...
[2026-01-13 02시00분47초	1768237247180]	3ms

[2026-01-13 02시00분47초	1768237247181]	GiranClanLordController..
[2026-01-13 02시00분47초	1768237247181]	0ms

[2026-01-13 02시00분47초	1768237247182]	TeamBattleController..
[2026-01-13 02시00분47초	1768237247182]	0ms

[2026-01-13 02시00분47초	1768237247183]	WorldClearController..
[2026-01-13 02시00분47초	1768237247183]	0ms

[2026-01-13 02시00분47초	1768237247184]	SpotController..
[2026-01-13 02시00분47초	1768237247184]	0ms

[2026-01-13 02시00분47초	1768237247184]	테베라스 컨트롤러..
[2026-01-13 02시00분47초	1768237247184]	0ms

[2026-01-13 02시00분47초	1768237247185]	지옥 컨트롤러..
[2026-01-13 02시00분47초	1768237247185]	0ms

[2026-01-13 02시00분47초	1768237247186]	지하수로 컨트롤러..
[2026-01-13 02시00분47초	1768237247186]	0ms

[2026-01-13 02시00분47초	1768237247186]	보물찾기컨트롤러..
[2026-01-13 02시00분47초	1768237247186]	0ms

[2026-01-13 02시00분47초	1768237247187]	마족신전 컨트롤러..
[2026-01-13 02시00분47초	1768237247187]	0ms

[2026-01-13 02시00분47초	1768237247188]	고무 컨트롤러..
[2026-01-13 02시00분47초	1768237247188]	정무던전 컨트롤러..
[2026-01-13 02시00분47초	1768237247192]	4ms

[2026-01-13 02시00분47초	1768237247193]	그신 컨트롤러..
[2026-01-13 02시00분47초	1768237247193]	0ms

[2026-01-13 02시00분47초	1768237247194]	라바던전 컨트롤러..
[2026-01-13 02시00분47초	1768237247194]	0ms

[2026-01-13 02시00분47초	1768237247194]	월드보스컨트롤러..
[2026-01-13 02시00분47초	1768237247194]	0ms

[2026-01-13 02시00분47초	1768237247195]	펭귄 사냥터 컨트롤러..
[2026-01-13 02시00분47초	1768237247195]	0ms

[2026-01-13 02시00분47초	1768237247195]	칠흑던전 컨트롤러..
[2026-01-13 02시00분47초	1768237247196]	악마왕의영토컨트롤러..
[2026-01-13 02시00분47초	1768237247196]	0ms

[2026-01-13 02시00분47초	1768237247197]	얼던컨트롤러..
[2026-01-13 02시00분47초	1768237247197]	0ms

[2026-01-13 02시00분47초	1768237247198]	기감 컨트롤러..
[2026-01-13 02시00분47초	1768237247198]	0ms

[2026-01-13 02시00분47초	1768237247198]	고라스컨트롤러..
[2026-01-13 02시00분47초	1768237247199]	1ms

[2026-01-13 02시00분47초	1768237247199]	드워프컨트롤러..
[2026-01-13 02시00분47초	1768237247199]	0ms

[2026-01-13 02시00분47초	1768237247200]	타임이벤트컨트롤러..
[2026-01-13 02시00분47초	1768237247200]	0ms

[2026-01-13 02시00분47초	1768237247209]	AutoHuntController..
[2026-01-13 02시00분47초	1768237247209]	0ms

[2026-01-13 02시00분47초	1768237247222]	DatabaseConnection..
[2026-01-13 02시00분47초	1768237247520]	298ms

[2026-01-13 02시00분47초	1768237247538]	ServerDatabase..
[2026-01-13 02시00분47초	1768237247568]	30ms

[2026-01-13 02시00분47초	1768237247571]	SlimeRaceController..
[2026-01-13 02시00분47초	1768237247573]	2ms

[2026-01-13 02시00분47초	1768237247575]	DogRaceController..
[2026-01-13 02시00분47초	1768237247576]	1ms

[2026-01-13 02시00분47초	1768237247579]	ClanController..
[2026-01-13 02시00분47초	1768237247585]	6ms

[2026-01-13 02시00분47초	1768237247587]	KingdomController..
[2026-01-13 02시00분47초	1768237247600]	13ms

[2026-01-13 02시00분47초	1768237247602]	AgitController..
[2026-01-13 02시00분47초	1768237247606]	4ms

[2026-01-13 02시00분47초	1768237247607]	AuctionController..
[2026-01-13 02시00분47초	1768237247612]	5ms

[2026-01-13 02시00분47초	1768237247617]	ItemDatabase..
[2026-01-13 02시00분47초	1768237247732]	115ms

[2026-01-13 02시00분47초	1768237247741]	ItemSetopionDatabase..
[2026-01-13 02시00분47초	1768237247745]	4ms

[2026-01-13 02시00분47초	1768237247746]	AutosellDatabase..
[2026-01-13 02시00분47초	1768237247768]	22ms

[2026-01-13 02시00분47초	1768237247769]	ItemSkillDatabase..
[2026-01-13 02시00분47초	1768237247772]	3ms

[2026-01-13 02시00분47초	1768237247773]	ItemBundleDatabase..
[2026-01-13 02시00분47초	1768237247777]	4ms

[2026-01-13 02시00분47초	1768237247778]	ItemChanceBundleDatabase..
[2026-01-13 02시00분47초	1768237247782]	4ms

[2026-01-13 02시00분47초	1768237247782]	FishItemListDatabase..
[2026-01-13 02시00분47초	1768237247784]	2ms

[2026-01-13 02시00분47초	1768237247785]	ItemTeleport..
[2026-01-13 02시00분47초	1768237247788]	3ms

[2026-01-13 02시00분47초	1768237247789]	PolyDatabase..
[2026-01-13 02시00분47초	1768237247794]	5ms

[2026-01-13 02시00분47초	1768237247795]	DungeonDatabase..
[2026-01-13 02시00분47초	1768237247799]	4ms

[2026-01-13 02시00분47초	1768237247800]	DefiniteDatabase..
[2026-01-13 02시00분47초	1768237247803]	3ms

[2026-01-13 02시00분47초	1768237247803]	ExpDatabase..
[2026-01-13 02시00분47초	1768237247806]	3ms

[2026-01-13 02시00분47초	1768237247806]	BackgroundDatabase..
[2026-01-13 02시00분47초	1768237247913]	107ms

[2026-01-13 02시00분47초	1768237247913]	SpriteFrameDatabase..
[2026-01-13 02시00분47초	1768237247968]	55ms

[2026-01-13 02시00분47초	1768237247969]	SkillDatabase..
[2026-01-13 02시00분47초	1768237247972]	3ms

[2026-01-13 02시00분47초	1768237247973]	NpcDatabase..
[2026-01-13 02시00분47초	1768237247980]	7ms

[2026-01-13 02시00분47초	1768237247981]	NpcShopDatabase..
[2026-01-13 02시00분48초	1768237248040]	59ms

[2026-01-13 02시00분48초	1768237248041]	NpcTeleportDatabase..
[2026-01-13 02시00분48초	1768237248043]	2ms

[2026-01-13 02시00분48초	1768237248170]	NpcSpawnlistDatabase..
[2026-01-13 02시00분48초	1768237248222]	52ms

[2026-01-13 02시00분48초	1768237248224]	EventController..
[2026-01-13 02시00분48초	1768237248224]	0ms

[2026-01-13 02시00분48초	1768237248225]	MonsterDatabase..
[2026-01-13 02시00분48초	1768237248240]	15ms

[2026-01-13 02시00분48초	1768237248241]	MonsterDropDatabase..
[2026-01-13 02시00분48초	1768237248266]	25ms

[2026-01-13 02시00분48초	1768237248267]	MonsterSkillDatabase..
[2026-01-13 02시00분48초	1768237248282]	14ms

[2026-01-13 02시00분48초	1768237248283]	MonsterSpawnlistDatabase..
[2026-01-13 02시00분49초	1768237249573]	1289ms

[2026-01-13 02시00분49초	1768237249574]	MonsterBossSpawnlistDatabase..
[2026-01-13 02시00분49초	1768237249577]	3ms

[2026-01-13 02시00분49초	1768237249577]	ServerDownBossListDatabase..
[2026-01-13 02시00분49초	1768237249579]	2ms

[2026-01-13 02시00분49초	1768237249579]	BadIpDatabase..
[2026-01-13 02시00분49초	1768237249581]	2ms

[2026-01-13 02시00분49초	1768237249581]	QuestController..
[2026-01-13 02시00분49초	1768237249582]	1ms

[2026-01-13 02시00분49초	1768237249582]	ServerOpcodesDatabase..
[2026-01-13 02시00분49초	1768237249585]	3ms

[2026-01-13 02시00분49초	1768237249586]	ServerNoticeDatabase..
[2026-01-13 02시00분49초	1768237249588]	2ms

[2026-01-13 02시00분49초	1768237249589]	RankController..
[2026-01-13 02시00분49초	1768237249612]	23ms

[2026-01-13 02시00분49초	1768237249613]	WantedController..
[2026-01-13 02시00분49초	1768237249617]	4ms

[2026-01-13 02시00분49초	1768237249618]	TeleportHomeDatabase..
[2026-01-13 02시00분49초	1768237249649]	31ms

[2026-01-13 02시00분49초	1768237249649]	TeleportResetDatabase..
[2026-01-13 02시00분49초	1768237249677]	28ms

[2026-01-13 02시00분49초	1768237249678]	ItemPinewandDatabase..
[2026-01-13 02시00분49초	1768237249681]	3ms

[2026-01-13 02시00분49초	1768237249681]	ItemMaplewandDatabase..
[2026-01-13 02시00분49초	1768237249682]	1ms

[2026-01-13 02시00분49초	1768237249684]	SummonListDatabase..
[2026-01-13 02시00분49초	1768237249686]	2ms

[2026-01-13 02시00분49초	1768237249686]	GmListDatabase..
[2026-01-13 02시00분49초	1768237249686]	0ms

[2026-01-13 02시00분49초	1768237249688]	MagicdollListDatabase..
[2026-01-13 02시00분49초	1768237249689]	1ms

[2026-01-13 02시00분49초	1768237249693]	PcMarketController..
[2026-01-13 02시00분49초	1768237249694]	1ms

[2026-01-13 02시00분49초	1768237249695]	ServerOptionDatabase..
[2026-01-13 02시00분49초	1768237249695]	0ms

[2026-01-13 02시00분49초	1768237249696]	TimeDungeonDatabase..
[2026-01-13 02시00분49초	1768237249697]	1ms

[2026-01-13 02시00분49초	1768237249697]	TeamBattleDatabase..
[2026-01-13 02시00분49초	1768237249698]	1ms

[2026-01-13 02시00분49초	1768237249699]	LifeLostItemDatabase..
[2026-01-13 02시00분49초	1768237249700]	1ms

[2026-01-13 02시00분49초	1768237249701]	GmTeleportDatabase..
[2026-01-13 02시00분49초	1768237249703]	2ms

[2026-01-13 02시00분49초	1768237249704]	무인혈맹컨트롤러..
[2026-01-13 02시00분49초	1768237249706]	2ms

[2026-01-13 02시00분49초	1768237249707]	HackNoCheckDatabase..
[2026-01-13 02시00분49초	1768237249707]	0ms

[2026-01-13 02시00분49초	1768237249709]	EnchantLostItemDatabase..
[2026-01-13 02시00분49초	1768237249730]	21ms

[2026-01-13 02시00분49초	1768237249731]	ItemDropMessageDatabase..
[2026-01-13 02시00분49초	1768237249731]	0ms

[2026-01-13 02시00분49초	1768237249733]	FishingController..
[2026-01-13 02시00분49초	1768237249984]	251ms

[2026-01-13 02시00분49초	1768237249998]	RobotController..
[2026-01-13 02시00분50초	1768237250021]	23ms

[2026-01-13 02시00분50초	1768237250023]	Server..
[2026-01-13 02시00분50초	1768237250079]	56ms

[2026-01-13 02시00분50초	1768237250080]	ServerThread..
[2026-01-13 02시00분50초	1768237250080]	0ms

[2026-01-13 02시00분50초	1768237250080]	ControllerTherad..
[2026-01-13 02시00분50초	1768237250080]	0ms

[2026-01-13 02시00분50초	1768237250081]	CharacterThread..
[2026-01-13 02시00분50초	1768237250081]	0ms

[2026-01-13 02시00분50초	1768237250082]	DatabaseThread..
[2026-01-13 02시00분50초	1768237250082]	0ms

[2026-01-13 02시00분50초	1768237250082]	CharacterControlThread..
[2026-01-13 02시00분50초	1768237250083]	1ms

[2026-01-13 02시00분50초	1768237250122]	FightController..
[2026-01-13 02시00분50초	1768237250136]	14ms

[2026-01-13 02시00분50초	1768237250137]	TimeThread..
[2026-01-13 02시00분50초	1768237250137]	0ms

[2026-01-13 02시00분50초	1768237250138]	AutoHuntThread..
[2026-01-13 02시00분50초	1768237250138]	0ms

[2026-01-13 02시00분50초	1768237250138]	======================================================================
[2026-01-13 02시00분50초	1768237250138]	Server Version  :  Lineage 2.0

[2026-01-13 02시00분50초	1768237250138]	Server Port      :  2000

[2026-01-13 02시00분50초	1768237250138]	계정 자동생성  :  on

[2026-01-13 02시00분50초	1768237250146]	인챈트 : 1.0배  ||  드랍 : 3.0배  ||  경험치 : 30.0배  ||  아데나 : 12.0배  ||  파티 : 1.1배

[2026-01-13 02시00분50초	1768237250146]	======================================================================
[2026-01-13 02시00분50초	1768237250146]	'서버' 가동되었습니다.

[2026-01-13 02시01분34초	1768237294973]	서버가 즉시 종료됩니다...
[2026-01-13 02시01분35초	1768237295974]	Thread close..
[2026-01-13 02시01분36초	1768237296975]	Save Database..
[2026-01-13 02시01분37초	1768237297941]	Socket close..
[2026-01-13 02시01분37초	1768237297941]	LineageServer Close...
[2026-01-13 02시01분37초	1768237297941]	0ms

[2026-01-13 02시01분37초	1768237297941]	ok..
