[2026-01-10 14시34분57초	1768023297170]	Mysql..
[2026-01-10 14시34분57초	1768023297171]	2ms

[2026-01-10 14시34분57초	1768023297187]	lineage.conf file loading...
[2026-01-10 14시34분57초	1768023297216]	29ms

[2026-01-10 14시34분57초	1768023297223]	Lineage_Balance..
[2026-01-10 14시34분57초	1768023297230]	7ms

[2026-01-10 14시34분57초	1768023297231]	npc_promotion..
[2026-01-10 14시34분57초	1768023297232]	1ms

[2026-01-10 14시34분57초	1768023297232]	Socket..
[2026-01-10 14시34분57초	1768023297233]	1ms

[2026-01-10 14시34분57초	1768023297233]	Common..
[2026-01-10 14시34분57초	1768023297233]	0ms

[2026-01-10 14시34분57초	1768023297242]	EventThread..
[2026-01-10 14시34분57초	1768023297242]	0ms

[2026-01-10 14시34분57초	1768023297243]	AiExecuteThread..
[2026-01-10 14시34분57초	1768023297243]	0ms

[2026-01-10 14시34분57초	1768023297244]	AiThread..
[2026-01-10 14시34분57초	1768023297244]	0ms

[2026-01-10 14시34분57초	1768023297253]	World..
[2026-01-10 14시34분57초	1768023297332]	79ms

[2026-01-10 14시34분57초	1768023297334]	BookController..
[2026-01-10 14시34분57초	1768023297334]	0ms

[2026-01-10 14시34분57초	1768023297342]	InventoryController..
[2026-01-10 14시34분57초	1768023297342]	0ms

[2026-01-10 14시34분57초	1768023297343]	BasePacketPooling..
[2026-01-10 14시34분57초	1768023297343]	0ms

[2026-01-10 14시34분57초	1768023297345]	SkillController..
[2026-01-10 14시34분57초	1768023297345]	0ms

[2026-01-10 14시34분57초	1768023297351]	DamageController..
[2026-01-10 14시34분57초	1768023297351]	0ms

[2026-01-10 14시34분57초	1768023297352]	CharacterController..
[2026-01-10 14시34분57초	1768023297353]	1ms

[2026-01-10 14시34분57초	1768023297353]	TradeController..
[2026-01-10 14시34분57초	1768023297353]	0ms

[2026-01-10 14시34분57초	1768023297354]	DungeonController..
[2026-01-10 14시34분57초	1768023297354]	0ms

[2026-01-10 14시34분57초	1768023297354]	ShipController..
[2026-01-10 14시34분57초	1768023297354]	0ms

[2026-01-10 14시34분57초	1768023297355]	BuffController..
[2026-01-10 14시34분57초	1768023297355]	0ms

[2026-01-10 14시34분57초	1768023297359]	SummonController..
[2026-01-10 14시34분57초	1768023297359]	0ms

[2026-01-10 14시34분57초	1768023297360]	PartyController..
[2026-01-10 14시34분57초	1768023297360]	0ms

[2026-01-10 14시34분57초	1768023297361]	InnController..
[2026-01-10 14시34분57초	1768023297361]	0ms

[2026-01-10 14시34분57초	1768023297362]	BoardController..
[2026-01-10 14시34분57초	1768023297362]	0ms

[2026-01-10 14시34분57초	1768023297371]	LetterController..
[2026-01-10 14시34분57초	1768023297371]	0ms

[2026-01-10 14시34분57초	1768023297372]	UserShopController..
[2026-01-10 14시34분57초	1768023297372]	0ms

[2026-01-10 14시34분57초	1768023297373]	ChattingController..
[2026-01-10 14시34분57초	1768023297374]	1ms

[2026-01-10 14시34분57초	1768023297375]	ColosseumController..
[2026-01-10 14시34분57초	1768023297375]	0ms

[2026-01-10 14시34분57초	1768023297376]	CraftController..
[2026-01-10 14시34분57초	1768023297376]	0ms

[2026-01-10 14시34분57초	1768023297377]	BossController..
[2026-01-10 14시34분57초	1768023297377]	0ms

[2026-01-10 14시34분57초	1768023297378]	NoticeController..
[2026-01-10 14시34분57초	1768023297378]	0ms

[2026-01-10 14시34분57초	1768023297379]	FriendController..
[2026-01-10 14시34분57초	1768023297379]	0ms

[2026-01-10 14시34분57초	1768023297380]	BugScanningController..
[2026-01-10 14시34분57초	1768023297380]	0ms

[2026-01-10 14시34분57초	1768023297381]	MagicDollController..
[2026-01-10 14시34분57초	1768023297381]	0ms

[2026-01-10 14시34분57초	1768023297382]	ShopController..
[2026-01-10 14시34분57초	1768023297382]	0ms

[2026-01-10 14시34분57초	1768023297383]	WarehouseDatabase..
[2026-01-10 14시34분57초	1768023297383]	0ms

[2026-01-10 14시34분57초	1768023297384]	PakTools..
[2026-01-10 14시34분57초	1768023297385]	2ms

[2026-01-10 14시34분57초	1768023297385]	ScriptController...
[2026-01-10 14시34분57초	1768023297388]	3ms

[2026-01-10 14시34분57초	1768023297389]	GiranClanLordController..
[2026-01-10 14시34분57초	1768023297389]	0ms

[2026-01-10 14시34분57초	1768023297390]	TeamBattleController..
[2026-01-10 14시34분57초	1768023297390]	0ms

[2026-01-10 14시34분57초	1768023297399]	WorldClearController..
[2026-01-10 14시34분57초	1768023297399]	0ms

[2026-01-10 14시34분57초	1768023297400]	SpotController..
[2026-01-10 14시34분57초	1768023297402]	2ms

[2026-01-10 14시34분57초	1768023297403]	테베라스 컨트롤러..
[2026-01-10 14시34분57초	1768023297403]	0ms

[2026-01-10 14시34분57초	1768023297404]	지옥 컨트롤러..
[2026-01-10 14시34분57초	1768023297404]	0ms

[2026-01-10 14시34분57초	1768023297404]	지하수로 컨트롤러..
[2026-01-10 14시34분57초	1768023297405]	1ms

[2026-01-10 14시34분57초	1768023297405]	보물찾기컨트롤러..
[2026-01-10 14시34분57초	1768023297405]	0ms

[2026-01-10 14시34분57초	1768023297406]	마족신전 컨트롤러..
[2026-01-10 14시34분57초	1768023297406]	0ms

[2026-01-10 14시34분57초	1768023297406]	고무 컨트롤러..
[2026-01-10 14시34분57초	1768023297407]	정무던전 컨트롤러..
[2026-01-10 14시34분57초	1768023297411]	4ms

[2026-01-10 14시34분57초	1768023297411]	그신 컨트롤러..
[2026-01-10 14시34분57초	1768023297411]	0ms

[2026-01-10 14시34분57초	1768023297412]	라바던전 컨트롤러..
[2026-01-10 14시34분57초	1768023297412]	0ms

[2026-01-10 14시34분57초	1768023297413]	월드보스컨트롤러..
[2026-01-10 14시34분57초	1768023297413]	0ms

[2026-01-10 14시34분57초	1768023297413]	펭귄 사냥터 컨트롤러..
[2026-01-10 14시34분57초	1768023297414]	1ms

[2026-01-10 14시34분57초	1768023297414]	칠흑던전 컨트롤러..
[2026-01-10 14시34분57초	1768023297415]	악마왕의영토컨트롤러..
[2026-01-10 14시34분57초	1768023297415]	0ms

[2026-01-10 14시34분57초	1768023297415]	얼던컨트롤러..
[2026-01-10 14시34분57초	1768023297415]	0ms

[2026-01-10 14시34분57초	1768023297416]	기감 컨트롤러..
[2026-01-10 14시34분57초	1768023297416]	0ms

[2026-01-10 14시34분57초	1768023297417]	고라스컨트롤러..
[2026-01-10 14시34분57초	1768023297417]	0ms

[2026-01-10 14시34분57초	1768023297417]	드워프컨트롤러..
[2026-01-10 14시34분57초	1768023297417]	0ms

[2026-01-10 14시34분57초	1768023297418]	타임이벤트컨트롤러..
[2026-01-10 14시34분57초	1768023297418]	0ms

[2026-01-10 14시34분57초	1768023297419]	AutoHuntController..
[2026-01-10 14시34분57초	1768023297419]	0ms

[2026-01-10 14시34분57초	1768023297419]	DatabaseConnection..
[2026-01-10 14시34분57초	1768023297702]	283ms

[2026-01-10 14시34분57초	1768023297717]	ServerDatabase..
[2026-01-10 14시34분57초	1768023297746]	29ms

[2026-01-10 14시34분57초	1768023297749]	SlimeRaceController..
[2026-01-10 14시34분57초	1768023297752]	3ms

[2026-01-10 14시34분57초	1768023297753]	DogRaceController..
[2026-01-10 14시34분57초	1768023297755]	2ms

[2026-01-10 14시34분57초	1768023297757]	ClanController..
[2026-01-10 14시34분57초	1768023297763]	6ms

[2026-01-10 14시34분57초	1768023297765]	KingdomController..
[2026-01-10 14시34분57초	1768023297772]	7ms

[2026-01-10 14시34분57초	1768023297773]	AgitController..
[2026-01-10 14시34분57초	1768023297777]	4ms

[2026-01-10 14시34분57초	1768023297779]	AuctionController..
[2026-01-10 14시34분57초	1768023297784]	4ms

[2026-01-10 14시34분57초	1768023297788]	ItemDatabase..
[2026-01-10 14시34분57초	1768023297892]	104ms

[2026-01-10 14시34분57초	1768023297893]	ItemSetopionDatabase..
[2026-01-10 14시34분57초	1768023297896]	3ms

[2026-01-10 14시34분57초	1768023297897]	AutosellDatabase..
[2026-01-10 14시34분57초	1768023297917]	19ms

[2026-01-10 14시34분57초	1768023297917]	ItemSkillDatabase..
[2026-01-10 14시34분57초	1768023297919]	2ms

[2026-01-10 14시34분57초	1768023297919]	ItemBundleDatabase..
[2026-01-10 14시34분57초	1768023297922]	2ms

[2026-01-10 14시34분57초	1768023297922]	ItemChanceBundleDatabase..
[2026-01-10 14시34분57초	1768023297925]	3ms

[2026-01-10 14시34분57초	1768023297926]	FishItemListDatabase..
[2026-01-10 14시34분57초	1768023297927]	1ms

[2026-01-10 14시34분57초	1768023297928]	ItemTeleport..
[2026-01-10 14시34분57초	1768023297930]	2ms

[2026-01-10 14시34분57초	1768023297931]	PolyDatabase..
[2026-01-10 14시34분57초	1768023297934]	3ms

[2026-01-10 14시34분57초	1768023297934]	DungeonDatabase..
[2026-01-10 14시34분57초	1768023297938]	4ms

[2026-01-10 14시34분57초	1768023297939]	DefiniteDatabase..
[2026-01-10 14시34분57초	1768023297940]	1ms

[2026-01-10 14시34분57초	1768023297941]	ExpDatabase..
[2026-01-10 14시34분57초	1768023297942]	1ms

[2026-01-10 14시34분57초	1768023297942]	BackgroundDatabase..
[2026-01-10 14시34분58초	1768023298069]	127ms

[2026-01-10 14시34분58초	1768023298070]	SpriteFrameDatabase..
[2026-01-10 14시34분58초	1768023298141]	71ms

[2026-01-10 14시34분58초	1768023298142]	SkillDatabase..
[2026-01-10 14시34분58초	1768023298144]	2ms

[2026-01-10 14시34분58초	1768023298145]	NpcDatabase..
[2026-01-10 14시34분58초	1768023298153]	8ms

[2026-01-10 14시34분58초	1768023298154]	NpcShopDatabase..
[2026-01-10 14시34분58초	1768023298221]	67ms

[2026-01-10 14시34분58초	1768023298221]	NpcTeleportDatabase..
[2026-01-10 14시34분58초	1768023298223]	2ms

[2026-01-10 14시34분58초	1768023298366]	NpcSpawnlistDatabase..
[2026-01-10 14시34분58초	1768023298417]	51ms

[2026-01-10 14시34분58초	1768023298419]	EventController..
[2026-01-10 14시34분58초	1768023298419]	0ms

[2026-01-10 14시34분58초	1768023298420]	MonsterDatabase..
[2026-01-10 14시34분58초	1768023298435]	15ms

[2026-01-10 14시34분58초	1768023298435]	MonsterDropDatabase..
[2026-01-10 14시34분58초	1768023298459]	24ms

[2026-01-10 14시34분58초	1768023298460]	MonsterSkillDatabase..
[2026-01-10 14시34분58초	1768023298480]	20ms

[2026-01-10 14시34분58초	1768023298482]	MonsterSpawnlistDatabase..
[2026-01-10 14시34분59초	1768023299434]	952ms

[2026-01-10 14시34분59초	1768023299435]	MonsterBossSpawnlistDatabase..
[2026-01-10 14시34분59초	1768023299437]	2ms

[2026-01-10 14시34분59초	1768023299438]	ServerDownBossListDatabase..
[2026-01-10 14시34분59초	1768023299440]	2ms

[2026-01-10 14시34분59초	1768023299440]	BadIpDatabase..
[2026-01-10 14시34분59초	1768023299442]	2ms

[2026-01-10 14시34분59초	1768023299442]	QuestController..
[2026-01-10 14시34분59초	1768023299443]	1ms

[2026-01-10 14시34분59초	1768023299444]	ServerOpcodesDatabase..
[2026-01-10 14시34분59초	1768023299447]	3ms

[2026-01-10 14시34분59초	1768023299447]	ServerNoticeDatabase..
[2026-01-10 14시34분59초	1768023299449]	2ms

[2026-01-10 14시34분59초	1768023299450]	RankController..
[2026-01-10 14시34분59초	1768023299472]	22ms

[2026-01-10 14시34분59초	1768023299474]	WantedController..
[2026-01-10 14시34분59초	1768023299478]	4ms

[2026-01-10 14시34분59초	1768023299480]	TeleportHomeDatabase..
[2026-01-10 14시34분59초	1768023299510]	30ms

[2026-01-10 14시34분59초	1768023299511]	TeleportResetDatabase..
[2026-01-10 14시34분59초	1768023299540]	29ms

[2026-01-10 14시34분59초	1768023299540]	ItemPinewandDatabase..
[2026-01-10 14시34분59초	1768023299542]	2ms

[2026-01-10 14시34분59초	1768023299542]	ItemMaplewandDatabase..
[2026-01-10 14시34분59초	1768023299544]	1ms

[2026-01-10 14시34분59초	1768023299544]	SummonListDatabase..
[2026-01-10 14시34분59초	1768023299546]	2ms

[2026-01-10 14시34분59초	1768023299547]	GmListDatabase..
[2026-01-10 14시34분59초	1768023299548]	1ms

[2026-01-10 14시34분59초	1768023299550]	MagicdollListDatabase..
[2026-01-10 14시34분59초	1768023299551]	1ms

[2026-01-10 14시34분59초	1768023299555]	PcMarketController..
[2026-01-10 14시34분59초	1768023299557]	2ms

[2026-01-10 14시34분59초	1768023299557]	ServerOptionDatabase..
[2026-01-10 14시34분59초	1768023299558]	1ms

[2026-01-10 14시34분59초	1768023299559]	TimeDungeonDatabase..
[2026-01-10 14시34분59초	1768023299559]	0ms

[2026-01-10 14시34분59초	1768023299560]	TeamBattleDatabase..
[2026-01-10 14시34분59초	1768023299561]	1ms

[2026-01-10 14시34분59초	1768023299561]	LifeLostItemDatabase..
[2026-01-10 14시34분59초	1768023299563]	2ms

[2026-01-10 14시34분59초	1768023299564]	GmTeleportDatabase..
[2026-01-10 14시34분59초	1768023299565]	1ms

[2026-01-10 14시34분59초	1768023299567]	무인혈맹컨트롤러..
[2026-01-10 14시34분59초	1768023299569]	2ms

[2026-01-10 14시34분59초	1768023299569]	HackNoCheckDatabase..
[2026-01-10 14시34분59초	1768023299571]	2ms

[2026-01-10 14시34분59초	1768023299572]	EnchantLostItemDatabase..
[2026-01-10 14시34분59초	1768023299594]	22ms

[2026-01-10 14시34분59초	1768023299595]	ItemDropMessageDatabase..
[2026-01-10 14시34분59초	1768023299596]	1ms

[2026-01-10 14시34분59초	1768023299598]	FishingController..
[2026-01-10 14시34분59초	1768023299819]	221ms

[2026-01-10 14시34분59초	1768023299829]	RobotController..
[2026-01-10 14시34분59초	1768023299913]	84ms

[2026-01-10 14시34분59초	1768023299915]	Server..
[2026-01-10 14시34분59초	1768023299976]	61ms

[2026-01-10 14시34분59초	1768023299977]	ServerThread..
[2026-01-10 14시34분59초	1768023299977]	0ms

[2026-01-10 14시34분59초	1768023299978]	ControllerTherad..
[2026-01-10 14시34분59초	1768023299978]	0ms

[2026-01-10 14시34분59초	1768023299978]	CharacterThread..
[2026-01-10 14시34분59초	1768023299978]	0ms

[2026-01-10 14시34분59초	1768023299979]	DatabaseThread..
[2026-01-10 14시34분59초	1768023299979]	0ms

[2026-01-10 14시34분59초	1768023299980]	CharacterControlThread..
[2026-01-10 14시34분59초	1768023299980]	0ms

[2026-01-10 14시35분00초	1768023300021]	FightController..
[2026-01-10 14시35분00초	1768023300051]	30ms

[2026-01-10 14시35분00초	1768023300052]	TimeThread..
[2026-01-10 14시35분00초	1768023300052]	0ms

[2026-01-10 14시35분00초	1768023300053]	AutoHuntThread..
[2026-01-10 14시35분00초	1768023300053]	0ms

[2026-01-10 14시35분00초	1768023300053]	======================================================================
[2026-01-10 14시35분00초	1768023300054]	Server Version  :  Lineage 2.0

[2026-01-10 14시35분00초	1768023300054]	Server Port      :  2000

[2026-01-10 14시35분00초	1768023300054]	계정 자동생성  :  on

[2026-01-10 14시35분00초	1768023300054]	인챈트 : 1.0배  ||  드랍 : 3.0배  ||  경험치 : 30.0배  ||  아데나 : 12.0배  ||  파티 : 1.1배

[2026-01-10 14시35분00초	1768023300054]	======================================================================
[2026-01-10 14시35분00초	1768023300054]	'서버' 가동되었습니다.

[2026-01-10 14시36분47초	1768023407619]	item 테이블 리로드 완료 - 
[2026-01-10 14시36분47초	1768023407689]	70ms

[2026-01-10 14시38분00초	1768023480660]	자동 저장완료 2026-01-10 14시38분00초
[2026-01-10 14시41분01초	1768023661269]	자동 저장완료 2026-01-10 14시41분01초
[2026-01-10 14시44분01초	1768023841888]	자동 저장완료 2026-01-10 14시44분01초
[2026-01-10 14시47분02초	1768024022511]	자동 저장완료 2026-01-10 14시47분02초
[2026-01-10 14시50분03초	1768024203137]	자동 저장완료 2026-01-10 14시50분03초
[2026-01-10 14시53분03초	1768024383765]	자동 저장완료 2026-01-10 14시53분03초
[2026-01-10 14시56분04초	1768024564396]	자동 저장완료 2026-01-10 14시56분04초
[2026-01-10 14시59분05초	1768024745010]	자동 저장완료 2026-01-10 14시59분05초
[2026-01-10 15시02분05초	1768024925641]	자동 저장완료 2026-01-10 15시02분05초
[2026-01-10 15시05분06초	1768025106288]	자동 저장완료 2026-01-10 15시05분06초
[2026-01-10 15시08분06초	1768025286903]	자동 저장완료 2026-01-10 15시08분06초
[2026-01-10 15시11분07초	1768025467528]	자동 저장완료 2026-01-10 15시11분07초
[2026-01-10 15시14분08초	1768025648143]	자동 저장완료 2026-01-10 15시14분08초
[2026-01-10 15시17분08초	1768025828762]	자동 저장완료 2026-01-10 15시17분08초
[2026-01-10 15시20분09초	1768026009372]	자동 저장완료 2026-01-10 15시20분09초
[2026-01-10 15시23분09초	1768026189990]	자동 저장완료 2026-01-10 15시23분09초
[2026-01-10 15시26분10초	1768026370610]	자동 저장완료 2026-01-10 15시26분10초
[2026-01-10 15시29분11초	1768026551260]	자동 저장완료 2026-01-10 15시29분11초
[2026-01-10 15시32분11초	1768026731926]	자동 저장완료 2026-01-10 15시32분11초
[2026-01-10 15시35분12초	1768026912598]	자동 저장완료 2026-01-10 15시35분12초
[2026-01-10 15시38분13초	1768027093350]	자동 저장완료 2026-01-10 15시38분13초
[2026-01-10 15시41분13초	1768027273995]	자동 저장완료 2026-01-10 15시41분13초
[2026-01-10 15시44분14초	1768027454632]	자동 저장완료 2026-01-10 15시44분14초
[2026-01-10 15시47분15초	1768027635320]	자동 저장완료 2026-01-10 15시47분15초
[2026-01-10 15시50분15초	1768027815993]	자동 저장완료 2026-01-10 15시50분15초
[2026-01-10 15시53분16초	1768027996713]	자동 저장완료 2026-01-10 15시53분16초
[2026-01-10 15시56분17초	1768028177363]	자동 저장완료 2026-01-10 15시56분17초
[2026-01-10 15시59분18초	1768028358011]	자동 저장완료 2026-01-10 15시59분18초
[2026-01-10 16시02분18초	1768028538799]	자동 저장완료 2026-01-10 16시02분18초
[2026-01-10 16시05분19초	1768028719543]	자동 저장완료 2026-01-10 16시05분19초
[2026-01-10 16시08분20초	1768028900245]	자동 저장완료 2026-01-10 16시08분20초
[2026-01-10 16시11분20초	1768029080883]	자동 저장완료 2026-01-10 16시11분20초
[2026-01-10 16시14분21초	1768029261508]	자동 저장완료 2026-01-10 16시14분21초
[2026-01-10 16시17분22초	1768029442199]	자동 저장완료 2026-01-10 16시17분22초
[2026-01-10 16시20분22초	1768029622683]	자동 저장완료 2026-01-10 16시20분22초
[2026-01-10 16시23분23초	1768029803606]	자동 저장완료 2026-01-10 16시23분23초
[2026-01-10 16시26분23초	1768029983893]	자동 저장완료 2026-01-10 16시26분23초
[2026-01-10 16시29분24초	1768030164452]	자동 저장완료 2026-01-10 16시29분24초
[2026-01-10 16시32분24초	1768030344476]	자동 저장완료 2026-01-10 16시32분24초
[2026-01-10 16시35분24초	1768030524508]	자동 저장완료 2026-01-10 16시35분24초
[2026-01-10 16시38분24초	1768030704724]	자동 저장완료 2026-01-10 16시38분24초
[2026-01-10 16시41분25초	1768030885519]	자동 저장완료 2026-01-10 16시41분25초
[2026-01-10 16시44분26초	1768031066284]	자동 저장완료 2026-01-10 16시44분26초
[2026-01-10 16시46분45초	1768031205821]	서버가 즉시 종료됩니다...
[2026-01-10 16시46분46초	1768031206821]	Thread close..
[2026-01-10 16시46분47초	1768031207821]	Save Database..
[2026-01-10 16시46분48초	1768031208728]	Socket close..
[2026-01-10 16시46분48초	1768031208728]	LineageServer Close...
[2026-01-10 16시46분48초	1768031208728]	0ms

[2026-01-10 16시46분48초	1768031208728]	ok..
