[2026-03-10 23시09분37초	1773151777899]	Mysql..
[2026-03-10 23시09분37초	1773151777899]	2ms

[2026-03-10 23시09분37초	1773151777919]	lineage.conf file loading...
[2026-03-10 23시09분37초	1773151777956]	37ms

[2026-03-10 23시09분37초	1773151777961]	Lineage_Balance..
[2026-03-10 23시09분37초	1773151777970]	8ms

[2026-03-10 23시09분37초	1773151777972]	npc_promotion..
[2026-03-10 23시09분37초	1773151777973]	1ms

[2026-03-10 23시09분37초	1773151777973]	Socket..
[2026-03-10 23시09분37초	1773151777974]	1ms

[2026-03-10 23시09분37초	1773151777974]	Common..
[2026-03-10 23시09분37초	1773151777974]	0ms

[2026-03-10 23시09분37초	1773151777976]	EventThread..
[2026-03-10 23시09분37초	1773151777976]	0ms

[2026-03-10 23시09분37초	1773151777977]	AiExecuteThread..
[2026-03-10 23시09분37초	1773151777977]	0ms

[2026-03-10 23시09분37초	1773151777978]	AiThread..
[2026-03-10 23시09분37초	1773151777979]	0ms

[2026-03-10 23시09분37초	1773151777982]	World..
[2026-03-10 23시09분38초	1773151778082]	100ms

[2026-03-10 23시09분38초	1773151778084]	BookController..
[2026-03-10 23시09분38초	1773151778084]	0ms

[2026-03-10 23시09분38초	1773151778085]	InventoryController..
[2026-03-10 23시09분38초	1773151778085]	0ms

[2026-03-10 23시09분38초	1773151778085]	BasePacketPooling..
[2026-03-10 23시09분38초	1773151778085]	0ms

[2026-03-10 23시09분38초	1773151778088]	SkillController..
[2026-03-10 23시09분38초	1773151778088]	0ms

[2026-03-10 23시09분38초	1773151778104]	DamageController..
[2026-03-10 23시09분38초	1773151778104]	0ms

[2026-03-10 23시09분38초	1773151778106]	CharacterController..
[2026-03-10 23시09분38초	1773151778106]	0ms

[2026-03-10 23시09분38초	1773151778107]	TradeController..
[2026-03-10 23시09분38초	1773151778107]	0ms

[2026-03-10 23시09분38초	1773151778108]	DungeonController..
[2026-03-10 23시09분38초	1773151778108]	0ms

[2026-03-10 23시09분38초	1773151778109]	ShipController..
[2026-03-10 23시09분38초	1773151778109]	0ms

[2026-03-10 23시09분38초	1773151778110]	BuffController..
[2026-03-10 23시09분38초	1773151778110]	0ms

[2026-03-10 23시09분38초	1773151778115]	SummonController..
[2026-03-10 23시09분38초	1773151778115]	0ms

[2026-03-10 23시09분38초	1773151778116]	PartyController..
[2026-03-10 23시09분38초	1773151778116]	0ms

[2026-03-10 23시09분38초	1773151778117]	InnController..
[2026-03-10 23시09분38초	1773151778117]	0ms

[2026-03-10 23시09분38초	1773151778119]	BoardController..
[2026-03-10 23시09분38초	1773151778119]	0ms

[2026-03-10 23시09분38초	1773151778121]	LetterController..
[2026-03-10 23시09분38초	1773151778121]	0ms

[2026-03-10 23시09분38초	1773151778122]	UserShopController..
[2026-03-10 23시09분38초	1773151778122]	0ms

[2026-03-10 23시09분38초	1773151778124]	ChattingController..
[2026-03-10 23시09분38초	1773151778125]	1ms

[2026-03-10 23시09분38초	1773151778128]	ColosseumController..
[2026-03-10 23시09분38초	1773151778128]	0ms

[2026-03-10 23시09분38초	1773151778137]	CraftController..
[2026-03-10 23시09분38초	1773151778137]	0ms

[2026-03-10 23시09분38초	1773151778139]	BossController..
[2026-03-10 23시09분38초	1773151778139]	0ms

[2026-03-10 23시09분38초	1773151778142]	NoticeController..
[2026-03-10 23시09분38초	1773151778142]	1ms

[2026-03-10 23시09분38초	1773151778143]	FriendController..
[2026-03-10 23시09분38초	1773151778143]	0ms

[2026-03-10 23시09분38초	1773151778144]	BugScanningController..
[2026-03-10 23시09분38초	1773151778144]	0ms

[2026-03-10 23시09분38초	1773151778146]	MagicDollController..
[2026-03-10 23시09분38초	1773151778146]	0ms

[2026-03-10 23시09분38초	1773151778147]	ShopController..
[2026-03-10 23시09분38초	1773151778147]	0ms

[2026-03-10 23시09분38초	1773151778149]	WarehouseDatabase..
[2026-03-10 23시09분38초	1773151778150]	1ms

[2026-03-10 23시09분38초	1773151778151]	PakTools..
[2026-03-10 23시09분38초	1773151778152]	1ms

[2026-03-10 23시09분38초	1773151778160]	ScriptController...
[2026-03-10 23시09분38초	1773151778164]	4ms

[2026-03-10 23시09분38초	1773151778165]	GiranClanLordController..
[2026-03-10 23시09분38초	1773151778165]	0ms

[2026-03-10 23시09분38초	1773151778167]	TeamBattleController..
[2026-03-10 23시09분38초	1773151778167]	0ms

[2026-03-10 23시09분38초	1773151778168]	WorldClearController..
[2026-03-10 23시09분38초	1773151778168]	0ms

[2026-03-10 23시09분38초	1773151778169]	SpotController..
[2026-03-10 23시09분38초	1773151778169]	0ms

[2026-03-10 23시09분38초	1773151778170]	테베라스 컨트롤러..
[2026-03-10 23시09분38초	1773151778170]	0ms

[2026-03-10 23시09분38초	1773151778171]	지옥 컨트롤러..
[2026-03-10 23시09분38초	1773151778171]	0ms

[2026-03-10 23시09분38초	1773151778172]	지하수로 컨트롤러..
[2026-03-10 23시09분38초	1773151778172]	0ms

[2026-03-10 23시09분38초	1773151778173]	보물찾기컨트롤러..
[2026-03-10 23시09분38초	1773151778173]	0ms

[2026-03-10 23시09분38초	1773151778174]	마족신전 컨트롤러..
[2026-03-10 23시09분38초	1773151778174]	0ms

[2026-03-10 23시09분38초	1773151778175]	고무 컨트롤러..
[2026-03-10 23시09분38초	1773151778177]	정무던전 컨트롤러..
[2026-03-10 23시09분38초	1773151778181]	4ms

[2026-03-10 23시09분38초	1773151778183]	그신 컨트롤러..
[2026-03-10 23시09분38초	1773151778183]	0ms

[2026-03-10 23시09분38초	1773151778185]	라바던전 컨트롤러..
[2026-03-10 23시09분38초	1773151778185]	0ms

[2026-03-10 23시09분38초	1773151778186]	월드보스컨트롤러..
[2026-03-10 23시09분38초	1773151778186]	0ms

[2026-03-10 23시09분38초	1773151778187]	펭귄 사냥터 컨트롤러..
[2026-03-10 23시09분38초	1773151778187]	0ms

[2026-03-10 23시09분38초	1773151778188]	칠흑던전 컨트롤러..
[2026-03-10 23시09분38초	1773151778189]	칠흑던전3층 컨트롤러..
[2026-03-10 23시09분38초	1773151778189]	0ms

[2026-03-10 23시09분38초	1773151778190]	칠흑던전4층 컨트롤러..
[2026-03-10 23시09분38초	1773151778190]	0ms

[2026-03-10 23시09분38초	1773151778191]	악마왕의영토컨트롤러..
[2026-03-10 23시09분38초	1773151778192]	1ms

[2026-03-10 23시09분38초	1773151778193]	얼던컨트롤러..
[2026-03-10 23시09분38초	1773151778193]	0ms

[2026-03-10 23시09분38초	1773151778194]	오만1층 컨트롤러..
[2026-03-10 23시09분38초	1773151778194]	0ms

[2026-03-10 23시09분38초	1773151778195]	오만1층 컨트롤러..
[2026-03-10 23시09분38초	1773151778195]	0ms

[2026-03-10 23시09분38초	1773151778241]	오만3층 컨트롤러..
[2026-03-10 23시09분38초	1773151778241]	0ms

[2026-03-10 23시09분38초	1773151778242]	오만4층 컨트롤러..
[2026-03-10 23시09분38초	1773151778242]	0ms

[2026-03-10 23시09분38초	1773151778243]	오만5층 컨트롤러..
[2026-03-10 23시09분38초	1773151778243]	0ms

[2026-03-10 23시09분38초	1773151778244]	오만6층 컨트롤러..
[2026-03-10 23시09분38초	1773151778244]	0ms

[2026-03-10 23시09분38초	1773151778245]	오만7층 컨트롤러..
[2026-03-10 23시09분38초	1773151778245]	0ms

[2026-03-10 23시09분38초	1773151778246]	오만8층 컨트롤러..
[2026-03-10 23시09분38초	1773151778246]	0ms

[2026-03-10 23시09분38초	1773151778247]	오만9층 컨트롤러..
[2026-03-10 23시09분38초	1773151778247]	0ms

[2026-03-10 23시09분38초	1773151778248]	오만10층 컨트롤러..
[2026-03-10 23시09분38초	1773151778248]	0ms

[2026-03-10 23시09분38초	1773151778249]	오만정상 컨트롤러..
[2026-03-10 23시09분38초	1773151778249]	0ms

[2026-03-10 23시09분38초	1773151778250]	기감 컨트롤러..
[2026-03-10 23시09분38초	1773151778250]	0ms

[2026-03-10 23시09분38초	1773151778251]	고라스컨트롤러..
[2026-03-10 23시09분38초	1773151778251]	0ms

[2026-03-10 23시09분38초	1773151778252]	드워프컨트롤러..
[2026-03-10 23시09분38초	1773151778252]	0ms

[2026-03-10 23시09분38초	1773151778254]	타임이벤트컨트롤러..
[2026-03-10 23시09분38초	1773151778254]	0ms

[2026-03-10 23시09분38초	1773151778254]	AutoHuntController..
[2026-03-10 23시09분38초	1773151778254]	0ms

[2026-03-10 23시09분38초	1773151778289]	DatabaseConnection..
[2026-03-10 23시09분38초	1773151778632]	343ms

[2026-03-10 23시09분38초	1773151778647]	ServerDatabase..
[2026-03-10 23시09분38초	1773151778688]	40ms

[2026-03-10 23시09분38초	1773151778691]	SlimeRaceController..
[2026-03-10 23시09분38초	1773151778695]	4ms

[2026-03-10 23시09분38초	1773151778697]	DogRaceController..
[2026-03-10 23시09분38초	1773151778699]	2ms

[2026-03-10 23시09분38초	1773151778702]	ClanController..
[2026-03-10 23시09분38초	1773151778708]	6ms

[2026-03-10 23시09분38초	1773151778711]	KingdomController..
[2026-03-10 23시09분38초	1773151778722]	11ms

[2026-03-10 23시09분38초	1773151778723]	AgitController..
[2026-03-10 23시09분38초	1773151778730]	7ms

[2026-03-10 23시09분38초	1773151778732]	AuctionController..
[2026-03-10 23시09분38초	1773151778737]	5ms

[2026-03-10 23시09분38초	1773151778742]	ItemDatabase..
[2026-03-10 23시09분38초	1773151778845]	103ms

[2026-03-10 23시09분38초	1773151778847]	ItemSetopionDatabase..
[2026-03-10 23시09분38초	1773151778850]	3ms

[2026-03-10 23시09분38초	1773151778852]	AutosellDatabase..
[2026-03-10 23시09분38초	1773151778874]	22ms

[2026-03-10 23시09분38초	1773151778876]	ItemSkillDatabase..
[2026-03-10 23시09분38초	1773151778879]	3ms

[2026-03-10 23시09분38초	1773151778880]	ItemBundleDatabase..
[2026-03-10 23시09분38초	1773151778884]	4ms

[2026-03-10 23시09분38초	1773151778885]	ItemChanceBundleDatabase..
[2026-03-10 23시09분38초	1773151778889]	4ms

[2026-03-10 23시09분38초	1773151778890]	FishItemListDatabase..
[2026-03-10 23시09분38초	1773151778893]	3ms

[2026-03-10 23시09분38초	1773151778895]	ItemTeleport..
[2026-03-10 23시09분38초	1773151778905]	10ms

[2026-03-10 23시09분38초	1773151778907]	PolyDatabase..
[2026-03-10 23시09분38초	1773151778912]	5ms

[2026-03-10 23시09분38초	1773151778913]	DungeonDatabase..
[2026-03-10 23시09분38초	1773151778918]	5ms

[2026-03-10 23시09분38초	1773151778919]	DefiniteDatabase..
[2026-03-10 23시09분38초	1773151778930]	11ms

[2026-03-10 23시09분38초	1773151778937]	ExpDatabase..
[2026-03-10 23시09분38초	1773151778940]	3ms

[2026-03-10 23시09분38초	1773151778940]	BackgroundDatabase..
[2026-03-10 23시09분39초	1773151779090]	150ms

[2026-03-10 23시09분39초	1773151779090]	SpriteFrameDatabase..
[2026-03-10 23시09분39초	1773151779153]	63ms

[2026-03-10 23시09분39초	1773151779155]	SkillDatabase..
[2026-03-10 23시09분39초	1773151779160]	5ms

[2026-03-10 23시09분39초	1773151779161]	NpcDatabase..
[2026-03-10 23시09분39초	1773151779169]	8ms

[2026-03-10 23시09분39초	1773151779171]	NpcShopDatabase..
[2026-03-10 23시09분39초	1773151779237]	66ms

[2026-03-10 23시09분39초	1773151779238]	NpcTeleportDatabase..
[2026-03-10 23시09분39초	1773151779241]	3ms

[2026-03-10 23시09분39초	1773151779531]	NpcSpawnlistDatabase..
[2026-03-10 23시09분39초	1773151779584]	53ms

[2026-03-10 23시09분39초	1773151779586]	EventController..
[2026-03-10 23시09분39초	1773151779586]	0ms

[2026-03-10 23시09분39초	1773151779589]	MonsterDatabase..
[2026-03-10 23시09분39초	1773151779607]	18ms

[2026-03-10 23시09분39초	1773151779608]	MonsterDropDatabase..
[2026-03-10 23시09분39초	1773151779638]	30ms

[2026-03-10 23시09분39초	1773151779639]	MonsterSkillDatabase..
[2026-03-10 23시09분39초	1773151779656]	17ms

[2026-03-10 23시09분39초	1773151779658]	MonsterSpawnlistDatabase..
[2026-03-10 23시09분40초	1773151780497]	839ms

[2026-03-10 23시09분40초	1773151780499]	MonsterBossSpawnlistDatabase..
[2026-03-10 23시09분40초	1773151780503]	4ms

[2026-03-10 23시09분40초	1773151780504]	ServerDownBossListDatabase..
[2026-03-10 23시09분40초	1773151780505]	1ms

[2026-03-10 23시09분40초	1773151780506]	BadIpDatabase..
[2026-03-10 23시09분40초	1773151780509]	3ms

[2026-03-10 23시09분40초	1773151780509]	QuestController..
[2026-03-10 23시09분40초	1773151780511]	2ms

[2026-03-10 23시09분40초	1773151780511]	ServerOpcodesDatabase..
[2026-03-10 23시09분40초	1773151780516]	5ms

[2026-03-10 23시09분40초	1773151780517]	ServerNoticeDatabase..
[2026-03-10 23시09분40초	1773151780519]	2ms

[2026-03-10 23시09분40초	1773151780520]	RankController..
[2026-03-10 23시09분40초	1773151780529]	9ms

[2026-03-10 23시09분40초	1773151780531]	WantedController..
[2026-03-10 23시09분40초	1773151780532]	1ms

[2026-03-10 23시09분40초	1773151780534]	TeleportHomeDatabase..
[2026-03-10 23시09분40초	1773151780568]	34ms

[2026-03-10 23시09분40초	1773151780569]	TeleportResetDatabase..
[2026-03-10 23시09분40초	1773151780599]	30ms

[2026-03-10 23시09분40초	1773151780600]	ItemPinewandDatabase..
[2026-03-10 23시09분40초	1773151780602]	2ms

[2026-03-10 23시09분40초	1773151780603]	ItemMaplewandDatabase..
[2026-03-10 23시09분40초	1773151780605]	2ms

[2026-03-10 23시09분40초	1773151780606]	SummonListDatabase..
[2026-03-10 23시09분40초	1773151780608]	2ms

[2026-03-10 23시09분40초	1773151780609]	GmListDatabase..
[2026-03-10 23시09분40초	1773151780610]	1ms

[2026-03-10 23시09분40초	1773151780612]	MagicdollListDatabase..
[2026-03-10 23시09분40초	1773151780615]	3ms

[2026-03-10 23시09분40초	1773151780620]	PcMarketController..
[2026-03-10 23시09분40초	1773151780621]	1ms

[2026-03-10 23시09분40초	1773151780622]	ServerOptionDatabase..
[2026-03-10 23시09분40초	1773151780622]	0ms

[2026-03-10 23시09분40초	1773151780623]	TimeDungeonDatabase..
[2026-03-10 23시09분40초	1773151780624]	1ms

[2026-03-10 23시09분40초	1773151780625]	TeamBattleDatabase..
[2026-03-10 23시09분40초	1773151780627]	2ms

[2026-03-10 23시09분40초	1773151780627]	LifeLostItemDatabase..
[2026-03-10 23시09분40초	1773151780629]	2ms

[2026-03-10 23시09분40초	1773151780630]	GmTeleportDatabase..
[2026-03-10 23시09분40초	1773151780632]	2ms

[2026-03-10 23시09분40초	1773151780634]	무인혈맹컨트롤러..
[2026-03-10 23시09분40초	1773151780636]	2ms

[2026-03-10 23시09분40초	1773151780637]	HackNoCheckDatabase..
[2026-03-10 23시09분40초	1773151780638]	1ms

[2026-03-10 23시09분40초	1773151780640]	EnchantLostItemDatabase..
[2026-03-10 23시09분40초	1773151780640]	0ms

[2026-03-10 23시09분40초	1773151780642]	ItemDropMessageDatabase..
[2026-03-10 23시09분40초	1773151780644]	1ms

[2026-03-10 23시09분40초	1773151780645]	FishingController..
[2026-03-10 23시09분40초	1773151780658]	13ms

[2026-03-10 23시09분40초	1773151780674]	RobotController..
[2026-03-10 23시09분40초	1773151780706]	32ms

[2026-03-10 23시09분40초	1773151780709]	Server..
[2026-03-10 23시09분40초	1773151780807]	98ms

[2026-03-10 23시09분40초	1773151780809]	ServerThread..
[2026-03-10 23시09분40초	1773151780809]	0ms

[2026-03-10 23시09분40초	1773151780810]	ControllerTherad..
[2026-03-10 23시09분40초	1773151780811]	1ms

[2026-03-10 23시09분40초	1773151780812]	CharacterThread..
[2026-03-10 23시09분40초	1773151780812]	0ms

[2026-03-10 23시09분40초	1773151780813]	DatabaseThread..
[2026-03-10 23시09분40초	1773151780813]	0ms

[2026-03-10 23시09분40초	1773151780815]	CharacterControlThread..
[2026-03-10 23시09분40초	1773151780815]	0ms

[2026-03-10 23시09분40초	1773151780860]	FightController..
[2026-03-10 23시09분40초	1773151780881]	21ms

[2026-03-10 23시09분40초	1773151780882]	TimeThread..
[2026-03-10 23시09분40초	1773151780882]	0ms

[2026-03-10 23시09분40초	1773151780884]	AutoHuntThread..
[2026-03-10 23시09분37초	1773151780885]	1ms

[2026-03-10 23시09분40초	1773151780885]	======================================================================
[2026-03-10 23시09분40초	1773151780888]	Server Version  :  Lineage 2.0

[2026-03-10 23시09분40초	1773151780888]	Server Port      :  2000

[2026-03-10 23시09분40초	1773151780888]	계정 자동생성  :  on

[2026-03-10 23시09분40초	1773151780889]	인챈트 : 1.0배  ||  드랍 : 7.0배  ||  경험치 : 50.0배  ||  아데나 : 40.0배  ||  파티 : 1.1배

[2026-03-10 23시09분40초	1773151780889]	======================================================================
[2026-03-10 23시09분40초	1773151780889]	'서버' 가동되었습니다.

[2026-03-10 23시12분41초	1773151961421]	자동 저장완료 2026-03-10 23시12분41초
[2026-03-10 23시15분41초	1773152141976]	자동 저장완료 2026-03-10 23시15분41초
[2026-03-10 23시18분42초	1773152322608]	자동 저장완료 2026-03-10 23시18분42초
[2026-03-10 23시21분43초	1773152503178]	자동 저장완료 2026-03-10 23시21분43초
[2026-03-10 23시24분43초	1773152683763]	자동 저장완료 2026-03-10 23시24분43초
[2026-03-10 23시27분44초	1773152864311]	자동 저장완료 2026-03-10 23시27분44초
[2026-03-10 23시30분44초	1773153044869]	자동 저장완료 2026-03-10 23시30분44초
[2026-03-10 23시33분45초	1773153225508]	자동 저장완료 2026-03-10 23시33분45초
[2026-03-10 23시36분46초	1773153406066]	자동 저장완료 2026-03-10 23시36분46초
[2026-03-10 23시39분46초	1773153586488]	자동 저장완료 2026-03-10 23시39분46초
[2026-03-10 23시42분46초	1773153766815]	자동 저장완료 2026-03-10 23시42분46초
[2026-03-10 23시45분47초	1773153947492]	자동 저장완료 2026-03-10 23시45분47초
[2026-03-10 23시48분48초	1773154128298]	자동 저장완료 2026-03-10 23시48분48초
[2026-03-10 23시51분48초	1773154308446]	자동 저장완료 2026-03-10 23시51분48초
[2026-03-10 23시54분48초	1773154488997]	자동 저장완료 2026-03-10 23시54분48초
[2026-03-10 23시57분49초	1773154669602]	자동 저장완료 2026-03-10 23시57분49초
[2026-03-11 00시00분00초	1773154800143]	lineage.conf file loading...
[2026-03-11 00시00분00초	1773154800174]	31ms

[2026-03-11 00시00분50초	1773154850171]	자동 저장완료 2026-03-11 00시00분50초
[2026-03-11 00시03분50초	1773155030337]	자동 저장완료 2026-03-11 00시03분50초
[2026-03-11 00시06분50초	1773155210858]	자동 저장완료 2026-03-11 00시06분50초
[2026-03-11 00시08분42초	1773155322294]	item 테이블 리로드 완료 - 
[2026-03-11 00시08분42초	1773155322363]	69ms

[2026-03-11 00시09분51초	1773155391684]	자동 저장완료 2026-03-11 00시09분51초
[2026-03-11 00시12분51초	1773155571997]	자동 저장완료 2026-03-11 00시12분51초
[2026-03-11 00시15분52초	1773155752596]	자동 저장완료 2026-03-11 00시15분52초
[2026-03-11 00시18분53초	1773155933208]	자동 저장완료 2026-03-11 00시18분53초
[2026-03-11 00시21분53초	1773156113823]	자동 저장완료 2026-03-11 00시21분53초
[2026-03-11 00시23분00초	1773156180646]	item 테이블 리로드 완료 - 
[2026-03-11 00시23분00초	1773156180713]	67ms

[2026-03-11 00시23분11초	1773156191373]	class party_auto_sell.AutosellDatabase : UpdateautoSell(Connection con, PcInstance pc)

[2026-03-11 00시23분11초	1773156191373]	com.mysql.jdbc.exceptions.jdbc4.MySQLIntegrityConstraintViolationException: Duplicate entry '47657345' for key 'PRIMARY'
[2026-03-11 00시24분54초	1773156294488]	자동 저장완료 2026-03-11 00시24분54초
[2026-03-11 00시25분57초	1773156357631]	[자동판매] tryAutoSellOnPickup() 에러: java.lang.NullPointerException

[2026-03-11 00시26분03초	1773156363353]	[자동판매] tryAutoSellOnPickup() 에러: java.lang.NullPointerException

[2026-03-11 00시26분08초	1773156368077]	[자동판매] tryAutoSellOnPickup() 에러: java.lang.NullPointerException

[2026-03-11 00시26분34초	1773156394204]	[자동판매] tryAutoSellOnPickup() 에러: java.lang.NullPointerException

[2026-03-11 00시26분42초	1773156402889]	[자동판매] tryAutoSellOnPickup() 에러: java.lang.NullPointerException

[2026-03-11 00시27분43초	1773156463055]	[자동판매] tryAutoSellOnPickup() 에러: java.lang.NullPointerException

[2026-03-11 00시27분54초	1773156474981]	자동 저장완료 2026-03-11 00시27분54초
[2026-03-11 00시28분35초	1773156515964]	[자동판매] tryAutoSellOnPickup() 에러: java.lang.NullPointerException

[2026-03-11 00시29분17초	1773156557515]	[자동판매] tryAutoSellOnPickup() 에러: java.lang.NullPointerException

[2026-03-11 00시29분35초	1773156575512]	[자동판매] tryAutoSellOnPickup() 에러: java.lang.NullPointerException

[2026-03-11 00시30분36초	1773156636056]	[자동판매] tryAutoSellOnPickup() 에러: java.lang.NullPointerException

[2026-03-11 00시30분40초	1773156640310]	[자동판매] tryAutoSellOnPickup() 에러: java.lang.NullPointerException

[2026-03-11 00시30분45초	1773156645587]	[자동판매] tryAutoSellOnPickup() 에러: java.lang.NullPointerException

[2026-03-11 00시30분55초	1773156655420]	자동 저장완료 2026-03-11 00시30분55초
[2026-03-11 00시31분05초	1773156665440]	[자동판매] tryAutoSellOnPickup() 에러: java.lang.NullPointerException

[2026-03-11 00시31분17초	1773156677347]	[자동판매] tryAutoSellOnPickup() 에러: java.lang.NullPointerException

[2026-03-11 00시31분18초	1773156678667]	[자동판매] tryAutoSellOnPickup() 에러: java.lang.NullPointerException

[2026-03-11 00시31분21초	1773156681510]	[자동판매] tryAutoSellOnPickup() 에러: java.lang.NullPointerException

[2026-03-11 00시31분22초	1773156682312]	[자동판매] tryAutoSellOnPickup() 에러: java.lang.NullPointerException

[2026-03-11 00시31분39초	1773156699105]	[자동판매] tryAutoSellOnPickup() 에러: java.lang.NullPointerException

[2026-03-11 00시31분48초	1773156708977]	[자동판매] tryAutoSellOnPickup() 에러: java.lang.NullPointerException

[2026-03-11 00시32분15초	1773156735111]	[자동판매] tryAutoSellOnPickup() 에러: java.lang.NullPointerException

[2026-03-11 00시32분18초	1773156738718]	[자동판매] tryAutoSellOnPickup() 에러: java.lang.NullPointerException

[2026-03-11 00시32분20초	1773156740418]	[자동판매] tryAutoSellOnPickup() 에러: java.lang.NullPointerException

[2026-03-11 00시33분55초	1773156835930]	자동 저장완료 2026-03-11 00시33분55초
[2026-03-11 00시36분56초	1773157016466]	자동 저장완료 2026-03-11 00시36분56초
[2026-03-11 00시39분57초	1773157197414]	자동 저장완료 2026-03-11 00시39분57초
[2026-03-11 00시42분57초	1773157377968]	자동 저장완료 2026-03-11 00시42분57초
[2026-03-11 00시43분49초	1773157429030]	[자동판매] tryAutoSellOnPickup() 에러: java.lang.NullPointerException

[2026-03-11 00시44분14초	1773157454536]	[자동판매] tryAutoSellOnPickup() 에러: java.lang.NullPointerException

[2026-03-11 00시44분14초	1773157454569]	[자동판매] tryAutoSellOnPickup() 에러: java.lang.NullPointerException

[2026-03-11 00시45분57초	1773157557991]	자동 저장완료 2026-03-11 00시45분57초
[2026-03-11 00시48분13초	1773157693721]	서버가 즉시 종료됩니다...
[2026-03-11 00시48분14초	1773157694722]	Thread close..
[2026-03-11 00시48분15초	1773157695723]	Save Database..
[2026-03-11 00시48분16초	1773157696265]	Socket close..
[2026-03-11 00시48분16초	1773157696265]	LineageServer Close...
[2026-03-11 00시48분16초	1773157696265]	0ms

[2026-03-11 00시48분16초	1773157696265]	ok..
