[2026-03-11 15시20분30초	1773210030717]	Mysql..
[2026-03-11 15시20분30초	1773210030717]	1ms

[2026-03-11 15시20분30초	1773210030737]	lineage.conf file loading...
[2026-03-11 15시20분30초	1773210030769]	32ms

[2026-03-11 15시20분30초	1773210030776]	Lineage_Balance..
[2026-03-11 15시20분30초	1773210030784]	8ms

[2026-03-11 15시20분30초	1773210030785]	npc_promotion..
[2026-03-11 15시20분30초	1773210030785]	0ms

[2026-03-11 15시20분30초	1773210030786]	Socket..
[2026-03-11 15시20분30초	1773210030787]	1ms

[2026-03-11 15시20분30초	1773210030787]	Common..
[2026-03-11 15시20분30초	1773210030787]	0ms

[2026-03-11 15시20분30초	1773210030788]	EventThread..
[2026-03-11 15시20분30초	1773210030789]	1ms

[2026-03-11 15시20분30초	1773210030790]	AiExecuteThread..
[2026-03-11 15시20분30초	1773210030790]	0ms

[2026-03-11 15시20분30초	1773210030791]	AiThread..
[2026-03-11 15시20분30초	1773210030791]	0ms

[2026-03-11 15시20분30초	1773210030803]	World..
[2026-03-11 15시20분30초	1773210030885]	82ms

[2026-03-11 15시20분30초	1773210030894]	BookController..
[2026-03-11 15시20분30초	1773210030894]	0ms

[2026-03-11 15시20분30초	1773210030895]	InventoryController..
[2026-03-11 15시20분30초	1773210030895]	0ms

[2026-03-11 15시20분30초	1773210030895]	BasePacketPooling..
[2026-03-11 15시20분30초	1773210030895]	0ms

[2026-03-11 15시20분30초	1773210030898]	SkillController..
[2026-03-11 15시20분30초	1773210030898]	0ms

[2026-03-11 15시20분30초	1773210030904]	DamageController..
[2026-03-11 15시20분30초	1773210030904]	0ms

[2026-03-11 15시20분30초	1773210030906]	CharacterController..
[2026-03-11 15시20분30초	1773210030906]	0ms

[2026-03-11 15시20분30초	1773210030907]	TradeController..
[2026-03-11 15시20분30초	1773210030907]	0ms

[2026-03-11 15시20분30초	1773210030907]	DungeonController..
[2026-03-11 15시20분30초	1773210030907]	0ms

[2026-03-11 15시20분30초	1773210030908]	ShipController..
[2026-03-11 15시20분30초	1773210030908]	0ms

[2026-03-11 15시20분30초	1773210030908]	BuffController..
[2026-03-11 15시20분30초	1773210030909]	1ms

[2026-03-11 15시20분30초	1773210030912]	SummonController..
[2026-03-11 15시20분30초	1773210030912]	0ms

[2026-03-11 15시20분30초	1773210030913]	PartyController..
[2026-03-11 15시20분30초	1773210030913]	0ms

[2026-03-11 15시20분30초	1773210030914]	InnController..
[2026-03-11 15시20분30초	1773210030914]	0ms

[2026-03-11 15시20분30초	1773210030915]	BoardController..
[2026-03-11 15시20분30초	1773210030915]	0ms

[2026-03-11 15시20분30초	1773210030917]	LetterController..
[2026-03-11 15시20분30초	1773210030917]	0ms

[2026-03-11 15시20분30초	1773210030917]	UserShopController..
[2026-03-11 15시20분30초	1773210030917]	0ms

[2026-03-11 15시20분30초	1773210030919]	ChattingController..
[2026-03-11 15시20분30초	1773210030920]	1ms

[2026-03-11 15시20분30초	1773210030929]	ColosseumController..
[2026-03-11 15시20분30초	1773210030929]	0ms

[2026-03-11 15시20분30초	1773210030937]	CraftController..
[2026-03-11 15시20분30초	1773210030937]	0ms

[2026-03-11 15시20분30초	1773210030938]	BossController..
[2026-03-11 15시20분30초	1773210030938]	0ms

[2026-03-11 15시20분30초	1773210030939]	NoticeController..
[2026-03-11 15시20분30초	1773210030939]	0ms

[2026-03-11 15시20분30초	1773210030940]	FriendController..
[2026-03-11 15시20분30초	1773210030940]	0ms

[2026-03-11 15시20분30초	1773210030940]	BugScanningController..
[2026-03-11 15시20분30초	1773210030941]	1ms

[2026-03-11 15시20분30초	1773210030942]	MagicDollController..
[2026-03-11 15시20분30초	1773210030942]	0ms

[2026-03-11 15시20분30초	1773210030942]	ShopController..
[2026-03-11 15시20분30초	1773210030942]	0ms

[2026-03-11 15시20분30초	1773210030944]	WarehouseDatabase..
[2026-03-11 15시20분30초	1773210030944]	0ms

[2026-03-11 15시20분30초	1773210030944]	PakTools..
[2026-03-11 15시20분30초	1773210030946]	2ms

[2026-03-11 15시20분30초	1773210030946]	ScriptController...
[2026-03-11 15시20분30초	1773210030949]	3ms

[2026-03-11 15시20분30초	1773210030950]	GiranClanLordController..
[2026-03-11 15시20분30초	1773210030950]	0ms

[2026-03-11 15시20분30초	1773210030951]	TeamBattleController..
[2026-03-11 15시20분30초	1773210030952]	1ms

[2026-03-11 15시20분30초	1773210030952]	WorldClearController..
[2026-03-11 15시20분30초	1773210030952]	0ms

[2026-03-11 15시20분30초	1773210030953]	SpotController..
[2026-03-11 15시20분30초	1773210030956]	0ms

[2026-03-11 15시20분30초	1773210030957]	테베라스 컨트롤러..
[2026-03-11 15시20분30초	1773210030957]	0ms

[2026-03-11 15시20분30초	1773210030957]	지옥 컨트롤러..
[2026-03-11 15시20분30초	1773210030957]	0ms

[2026-03-11 15시20분30초	1773210030958]	지하수로 컨트롤러..
[2026-03-11 15시20분30초	1773210030958]	0ms

[2026-03-11 15시20분30초	1773210030959]	보물찾기컨트롤러..
[2026-03-11 15시20분30초	1773210030959]	0ms

[2026-03-11 15시20분30초	1773210030959]	마족신전 컨트롤러..
[2026-03-11 15시20분30초	1773210030959]	0ms

[2026-03-11 15시20분30초	1773210030960]	고무 컨트롤러..
[2026-03-11 15시20분30초	1773210030961]	정무던전 컨트롤러..
[2026-03-11 15시20분30초	1773210030965]	4ms

[2026-03-11 15시20분30초	1773210030966]	그신 컨트롤러..
[2026-03-11 15시20분30초	1773210030966]	0ms

[2026-03-11 15시20분30초	1773210030966]	라바던전 컨트롤러..
[2026-03-11 15시20분30초	1773210030966]	0ms

[2026-03-11 15시20분30초	1773210030967]	월드보스컨트롤러..
[2026-03-11 15시20분30초	1773210030967]	0ms

[2026-03-11 15시20분30초	1773210030968]	펭귄 사냥터 컨트롤러..
[2026-03-11 15시20분30초	1773210030968]	0ms

[2026-03-11 15시20분30초	1773210030968]	칠흑던전 컨트롤러..
[2026-03-11 15시20분30초	1773210030969]	칠흑던전3층 컨트롤러..
[2026-03-11 15시20분30초	1773210030969]	0ms

[2026-03-11 15시20분30초	1773210030970]	칠흑던전4층 컨트롤러..
[2026-03-11 15시20분30초	1773210030970]	0ms

[2026-03-11 15시20분30초	1773210030971]	악마왕의영토컨트롤러..
[2026-03-11 15시20분30초	1773210030971]	0ms

[2026-03-11 15시20분30초	1773210030972]	얼던컨트롤러..
[2026-03-11 15시20분30초	1773210030972]	0ms

[2026-03-11 15시20분30초	1773210030973]	오만1층 컨트롤러..
[2026-03-11 15시20분30초	1773210030973]	0ms

[2026-03-11 15시20분30초	1773210030973]	오만1층 컨트롤러..
[2026-03-11 15시20분30초	1773210030973]	0ms

[2026-03-11 15시20분30초	1773210030974]	오만3층 컨트롤러..
[2026-03-11 15시20분30초	1773210030974]	0ms

[2026-03-11 15시20분30초	1773210030975]	오만4층 컨트롤러..
[2026-03-11 15시20분30초	1773210030975]	0ms

[2026-03-11 15시20분30초	1773210030975]	오만5층 컨트롤러..
[2026-03-11 15시20분30초	1773210030975]	0ms

[2026-03-11 15시20분30초	1773210030976]	오만6층 컨트롤러..
[2026-03-11 15시20분30초	1773210030976]	0ms

[2026-03-11 15시20분30초	1773210030977]	오만7층 컨트롤러..
[2026-03-11 15시20분30초	1773210030977]	0ms

[2026-03-11 15시20분30초	1773210030978]	오만8층 컨트롤러..
[2026-03-11 15시20분30초	1773210030978]	0ms

[2026-03-11 15시20분30초	1773210030978]	오만9층 컨트롤러..
[2026-03-11 15시20분30초	1773210030978]	0ms

[2026-03-11 15시20분30초	1773210030979]	오만10층 컨트롤러..
[2026-03-11 15시20분30초	1773210030979]	0ms

[2026-03-11 15시20분30초	1773210030980]	오만정상 컨트롤러..
[2026-03-11 15시20분30초	1773210030980]	0ms

[2026-03-11 15시20분30초	1773210030980]	기감 컨트롤러..
[2026-03-11 15시20분30초	1773210030981]	1ms

[2026-03-11 15시20분30초	1773210030981]	고라스컨트롤러..
[2026-03-11 15시20분30초	1773210030981]	0ms

[2026-03-11 15시20분30초	1773210030982]	드워프컨트롤러..
[2026-03-11 15시20분30초	1773210030982]	0ms

[2026-03-11 15시20분30초	1773210030983]	타임이벤트컨트롤러..
[2026-03-11 15시20분30초	1773210030983]	0ms

[2026-03-11 15시20분30초	1773210030983]	AutoHuntController..
[2026-03-11 15시20분30초	1773210030983]	0ms

[2026-03-11 15시20분30초	1773210030997]	DatabaseConnection..
[2026-03-11 15시20분31초	1773210031289]	292ms

[2026-03-11 15시20분31초	1773210031305]	ServerDatabase..
[2026-03-11 15시20분31초	1773210031338]	33ms

[2026-03-11 15시20분31초	1773210031349]	SlimeRaceController..
[2026-03-11 15시20분31초	1773210031351]	2ms

[2026-03-11 15시20분31초	1773210031353]	DogRaceController..
[2026-03-11 15시20분31초	1773210031355]	2ms

[2026-03-11 15시20분31초	1773210031357]	ClanController..
[2026-03-11 15시20분31초	1773210031363]	6ms

[2026-03-11 15시20분31초	1773210031365]	KingdomController..
[2026-03-11 15시20분31초	1773210031374]	9ms

[2026-03-11 15시20분31초	1773210031375]	AgitController..
[2026-03-11 15시20분31초	1773210031380]	5ms

[2026-03-11 15시20분31초	1773210031381]	AuctionController..
[2026-03-11 15시20분31초	1773210031387]	6ms

[2026-03-11 15시20분31초	1773210031391]	ItemDatabase..
[2026-03-11 15시20분31초	1773210031491]	100ms

[2026-03-11 15시20분31초	1773210031492]	ItemSetopionDatabase..
[2026-03-11 15시20분31초	1773210031497]	5ms

[2026-03-11 15시20분31초	1773210031498]	AutosellDatabase..
[2026-03-11 15시20분31초	1773210031522]	24ms

[2026-03-11 15시20분31초	1773210031525]	ItemSkillDatabase..
[2026-03-11 15시20분31초	1773210031528]	3ms

[2026-03-11 15시20분31초	1773210031529]	ItemBundleDatabase..
[2026-03-11 15시20분31초	1773210031533]	4ms

[2026-03-11 15시20분31초	1773210031534]	ItemChanceBundleDatabase..
[2026-03-11 15시20분31초	1773210031537]	3ms

[2026-03-11 15시20분31초	1773210031538]	FishItemListDatabase..
[2026-03-11 15시20분31초	1773210031541]	3ms

[2026-03-11 15시20분31초	1773210031542]	ItemTeleport..
[2026-03-11 15시20분31초	1773210031545]	3ms

[2026-03-11 15시20분31초	1773210031546]	PolyDatabase..
[2026-03-11 15시20분31초	1773210031550]	4ms

[2026-03-11 15시20분31초	1773210031550]	DungeonDatabase..
[2026-03-11 15시20분31초	1773210031557]	7ms

[2026-03-11 15시20분31초	1773210031557]	DefiniteDatabase..
[2026-03-11 15시20분31초	1773210031560]	3ms

[2026-03-11 15시20분31초	1773210031561]	ExpDatabase..
[2026-03-11 15시20분31초	1773210031563]	2ms

[2026-03-11 15시20분31초	1773210031563]	BackgroundDatabase..
[2026-03-11 15시20분31초	1773210031732]	169ms

[2026-03-11 15시20분31초	1773210031732]	SpriteFrameDatabase..
[2026-03-11 15시20분31초	1773210031807]	75ms

[2026-03-11 15시20분31초	1773210031808]	SkillDatabase..
[2026-03-11 15시20분31초	1773210031812]	4ms

[2026-03-11 15시20분31초	1773210031813]	NpcDatabase..
[2026-03-11 15시20분31초	1773210031822]	9ms

[2026-03-11 15시20분31초	1773210031823]	NpcShopDatabase..
[2026-03-11 15시20분31초	1773210031888]	65ms

[2026-03-11 15시20분31초	1773210031889]	NpcTeleportDatabase..
[2026-03-11 15시20분31초	1773210031891]	2ms

[2026-03-11 15시20분32초	1773210032025]	NpcSpawnlistDatabase..
[2026-03-11 15시20분32초	1773210032078]	53ms

[2026-03-11 15시20분32초	1773210032080]	EventController..
[2026-03-11 15시20분32초	1773210032080]	0ms

[2026-03-11 15시20분32초	1773210032081]	MonsterDatabase..
[2026-03-11 15시20분32초	1773210032099]	18ms

[2026-03-11 15시20분32초	1773210032100]	MonsterDropDatabase..
[2026-03-11 15시20분32초	1773210032127]	27ms

[2026-03-11 15시20분32초	1773210032128]	MonsterSkillDatabase..
[2026-03-11 15시20분32초	1773210032145]	16ms

[2026-03-11 15시20분32초	1773210032146]	MonsterSpawnlistDatabase..
[2026-03-11 15시20분33초	1773210033045]	899ms

[2026-03-11 15시20분33초	1773210033047]	MonsterBossSpawnlistDatabase..
[2026-03-11 15시20분33초	1773210033049]	2ms

[2026-03-11 15시20분33초	1773210033050]	ServerDownBossListDatabase..
[2026-03-11 15시20분33초	1773210033051]	1ms

[2026-03-11 15시20분33초	1773210033052]	BadIpDatabase..
[2026-03-11 15시20분33초	1773210033054]	2ms

[2026-03-11 15시20분33초	1773210033054]	QuestController..
[2026-03-11 15시20분33초	1773210033056]	2ms

[2026-03-11 15시20분33초	1773210033057]	ServerOpcodesDatabase..
[2026-03-11 15시20분33초	1773210033061]	4ms

[2026-03-11 15시20분33초	1773210033061]	ServerNoticeDatabase..
[2026-03-11 15시20분33초	1773210033064]	3ms

[2026-03-11 15시20분33초	1773210033065]	RankController..
[2026-03-11 15시20분33초	1773210033074]	9ms

[2026-03-11 15시20분33초	1773210033075]	WantedController..
[2026-03-11 15시20분33초	1773210033077]	2ms

[2026-03-11 15시20분33초	1773210033078]	TeleportHomeDatabase..
[2026-03-11 15시20분33초	1773210033108]	30ms

[2026-03-11 15시20분33초	1773210033109]	TeleportResetDatabase..
[2026-03-11 15시20분33초	1773210033139]	30ms

[2026-03-11 15시20분33초	1773210033139]	ItemPinewandDatabase..
[2026-03-11 15시20분33초	1773210033141]	2ms

[2026-03-11 15시20분33초	1773210033142]	ItemMaplewandDatabase..
[2026-03-11 15시20분33초	1773210033144]	2ms

[2026-03-11 15시20분33초	1773210033145]	SummonListDatabase..
[2026-03-11 15시20분33초	1773210033147]	2ms

[2026-03-11 15시20분33초	1773210033148]	GmListDatabase..
[2026-03-11 15시20분33초	1773210033149]	1ms

[2026-03-11 15시20분33초	1773210033150]	MagicdollListDatabase..
[2026-03-11 15시20분33초	1773210033152]	2ms

[2026-03-11 15시20분33초	1773210033156]	PcMarketController..
[2026-03-11 15시20분33초	1773210033157]	1ms

[2026-03-11 15시20분33초	1773210033157]	ServerOptionDatabase..
[2026-03-11 15시20분33초	1773210033158]	1ms

[2026-03-11 15시20분33초	1773210033159]	TimeDungeonDatabase..
[2026-03-11 15시20분33초	1773210033159]	0ms

[2026-03-11 15시20분33초	1773210033160]	TeamBattleDatabase..
[2026-03-11 15시20분33초	1773210033161]	1ms

[2026-03-11 15시20분33초	1773210033162]	LifeLostItemDatabase..
[2026-03-11 15시20분33초	1773210033163]	1ms

[2026-03-11 15시20분33초	1773210033164]	GmTeleportDatabase..
[2026-03-11 15시20분33초	1773210033165]	1ms

[2026-03-11 15시20분33초	1773210033167]	무인혈맹컨트롤러..
[2026-03-11 15시20분33초	1773210033168]	1ms

[2026-03-11 15시20분33초	1773210033169]	HackNoCheckDatabase..
[2026-03-11 15시20분33초	1773210033170]	1ms

[2026-03-11 15시20분33초	1773210033171]	EnchantLostItemDatabase..
[2026-03-11 15시20분33초	1773210033172]	1ms

[2026-03-11 15시20분33초	1773210033173]	ItemDropMessageDatabase..
[2026-03-11 15시20분33초	1773210033174]	1ms

[2026-03-11 15시20분33초	1773210033175]	FishingController..
[2026-03-11 15시20분33초	1773210033187]	12ms

[2026-03-11 15시20분33초	1773210033199]	RobotController..
[2026-03-11 15시20분33초	1773210033224]	25ms

[2026-03-11 15시20분33초	1773210033226]	Server..
[2026-03-11 15시20분33초	1773210033300]	74ms

[2026-03-11 15시20분33초	1773210033301]	ServerThread..
[2026-03-11 15시20분33초	1773210033301]	0ms

[2026-03-11 15시20분33초	1773210033302]	ControllerTherad..
[2026-03-11 15시20분33초	1773210033302]	0ms

[2026-03-11 15시20분33초	1773210033303]	CharacterThread..
[2026-03-11 15시20분33초	1773210033303]	0ms

[2026-03-11 15시20분33초	1773210033305]	DatabaseThread..
[2026-03-11 15시20분33초	1773210033305]	0ms

[2026-03-11 15시20분33초	1773210033306]	CharacterControlThread..
[2026-03-11 15시20분33초	1773210033306]	0ms

[2026-03-11 15시20분33초	1773210033349]	FightController..
[2026-03-11 15시20분33초	1773210033366]	17ms

[2026-03-11 15시20분33초	1773210033370]	TimeThread..
[2026-03-11 15시20분33초	1773210033370]	0ms

[2026-03-11 15시20분33초	1773210033371]	AutoHuntThread..
[2026-03-11 15시20분33초	1773210033371]	0ms

[2026-03-11 15시20분33초	1773210033371]	======================================================================
[2026-03-11 15시20분33초	1773210033372]	Server Version  :  Lineage 2.0

[2026-03-11 15시20분33초	1773210033372]	Server Port      :  2000

[2026-03-11 15시20분33초	1773210033372]	계정 자동생성  :  on

[2026-03-11 15시20분33초	1773210033372]	인챈트 : 1.0배  ||  드랍 : 7.0배  ||  경험치 : 50.0배  ||  아데나 : 40.0배  ||  파티 : 1.1배

[2026-03-11 15시20분33초	1773210033372]	======================================================================
[2026-03-11 15시20분33초	1773210033372]	'서버' 가동되었습니다.

[2026-03-11 15시23분34초	1773210214030]	자동 저장완료 2026-03-11 15시23분34초
[2026-03-11 15시26분34초	1773210394751]	자동 저장완료 2026-03-11 15시26분34초
[2026-03-11 15시29분35초	1773210575516]	자동 저장완료 2026-03-11 15시29분35초
[2026-03-11 15시32분36초	1773210756289]	자동 저장완료 2026-03-11 15시32분36초
[2026-03-11 15시32분54초	1773210774100]	kubera_word_list.txt 파일 리로드 완료 - 
[2026-03-11 15시32분54초	1773210774100]	0ms

[2026-03-11 15시33분39초	1773210819710]	kubera_word_list.txt 파일 리로드 완료 - 
[2026-03-11 15시33분39초	1773210819710]	0ms

[2026-03-11 15시34분11초	1773210851027]	kubera_word_list.txt 파일 리로드 완료 - 
[2026-03-11 15시34분11초	1773210851027]	0ms

[2026-03-11 15시35분36초	1773210936928]	자동 저장완료 2026-03-11 15시35분36초
[2026-03-11 15시35분42초	1773210942407]	kubera_word_list.txt 파일 리로드 완료 - 
[2026-03-11 15시35분42초	1773210942407]	0ms

[2026-03-11 15시37분02초	1773211022964]	kubera_word_list.txt 파일 리로드 완료 - 
[2026-03-11 15시37분02초	1773211022964]	0ms

[2026-03-11 15시37분45초	1773211065964]	kubera_word_list.txt 파일 리로드 완료 - 
[2026-03-11 15시37분45초	1773211065965]	1ms

[2026-03-11 15시38분37초	1773211117563]	자동 저장완료 2026-03-11 15시38분37초
[2026-03-11 15시41분38초	1773211298258]	자동 저장완료 2026-03-11 15시41분38초
[2026-03-11 15시42분08초	1773211328003]	서버가 즉시 종료됩니다...
[2026-03-11 15시42분09초	1773211329003]	Thread close..
[2026-03-11 15시42분10초	1773211330004]	Save Database..
[2026-03-11 15시42분10초	1773211330591]	Socket close..
[2026-03-11 15시42분10초	1773211330591]	LineageServer Close...
[2026-03-11 15시42분10초	1773211330594]	3ms

[2026-03-11 15시42분10초	1773211330594]	ok..
