[2026-01-14 16시20분35초	1768375235551]	Mysql..
[2026-01-14 16시20분35초	1768375235552]	2ms

[2026-01-14 16시20분35초	1768375235570]	lineage.conf file loading...
[2026-01-14 16시20분35초	1768375235598]	28ms

[2026-01-14 16시20분35초	1768375235605]	Lineage_Balance..
[2026-01-14 16시20분35초	1768375235613]	8ms

[2026-01-14 16시20분35초	1768375235614]	npc_promotion..
[2026-01-14 16시20분35초	1768375235614]	0ms

[2026-01-14 16시20분35초	1768375235615]	Socket..
[2026-01-14 16시20분35초	1768375235615]	0ms

[2026-01-14 16시20분35초	1768375235615]	Common..
[2026-01-14 16시20분35초	1768375235615]	0ms

[2026-01-14 16시20분35초	1768375235624]	EventThread..
[2026-01-14 16시20분35초	1768375235624]	0ms

[2026-01-14 16시20분35초	1768375235625]	AiExecuteThread..
[2026-01-14 16시20분35초	1768375235625]	0ms

[2026-01-14 16시20분35초	1768375235626]	AiThread..
[2026-01-14 16시20분35초	1768375235626]	0ms

[2026-01-14 16시20분35초	1768375235636]	World..
[2026-01-14 16시20분35초	1768375235718]	82ms

[2026-01-14 16시20분35초	1768375235720]	BookController..
[2026-01-14 16시20분35초	1768375235720]	0ms

[2026-01-14 16시20분35초	1768375235720]	InventoryController..
[2026-01-14 16시20분35초	1768375235720]	0ms

[2026-01-14 16시20분35초	1768375235721]	BasePacketPooling..
[2026-01-14 16시20분35초	1768375235721]	0ms

[2026-01-14 16시20분35초	1768375235723]	SkillController..
[2026-01-14 16시20분35초	1768375235723]	0ms

[2026-01-14 16시20분35초	1768375235729]	DamageController..
[2026-01-14 16시20분35초	1768375235729]	0ms

[2026-01-14 16시20분35초	1768375235738]	CharacterController..
[2026-01-14 16시20분35초	1768375235738]	0ms

[2026-01-14 16시20분35초	1768375235739]	TradeController..
[2026-01-14 16시20분35초	1768375235739]	0ms

[2026-01-14 16시20분35초	1768375235739]	DungeonController..
[2026-01-14 16시20분35초	1768375235739]	0ms

[2026-01-14 16시20분35초	1768375235740]	ShipController..
[2026-01-14 16시20분35초	1768375235740]	0ms

[2026-01-14 16시20분35초	1768375235741]	BuffController..
[2026-01-14 16시20분35초	1768375235741]	0ms

[2026-01-14 16시20분35초	1768375235745]	SummonController..
[2026-01-14 16시20분35초	1768375235745]	0ms

[2026-01-14 16시20분35초	1768375235746]	PartyController..
[2026-01-14 16시20분35초	1768375235746]	0ms

[2026-01-14 16시20분35초	1768375235747]	InnController..
[2026-01-14 16시20분35초	1768375235747]	0ms

[2026-01-14 16시20분35초	1768375235748]	BoardController..
[2026-01-14 16시20분35초	1768375235748]	0ms

[2026-01-14 16시20분35초	1768375235749]	LetterController..
[2026-01-14 16시20분35초	1768375235750]	1ms

[2026-01-14 16시20분35초	1768375235750]	UserShopController..
[2026-01-14 16시20분35초	1768375235750]	0ms

[2026-01-14 16시20분35초	1768375235752]	ChattingController..
[2026-01-14 16시20분35초	1768375235753]	1ms

[2026-01-14 16시20분35초	1768375235755]	ColosseumController..
[2026-01-14 16시20분35초	1768375235755]	0ms

[2026-01-14 16시20분35초	1768375235756]	CraftController..
[2026-01-14 16시20분35초	1768375235756]	0ms

[2026-01-14 16시20분35초	1768375235757]	BossController..
[2026-01-14 16시20분35초	1768375235757]	0ms

[2026-01-14 16시20분35초	1768375235758]	NoticeController..
[2026-01-14 16시20분35초	1768375235758]	0ms

[2026-01-14 16시20분35초	1768375235759]	FriendController..
[2026-01-14 16시20분35초	1768375235759]	0ms

[2026-01-14 16시20분35초	1768375235760]	BugScanningController..
[2026-01-14 16시20분35초	1768375235760]	0ms

[2026-01-14 16시20분35초	1768375235761]	MagicDollController..
[2026-01-14 16시20분35초	1768375235761]	0ms

[2026-01-14 16시20분35초	1768375235770]	ShopController..
[2026-01-14 16시20분35초	1768375235770]	0ms

[2026-01-14 16시20분35초	1768375235771]	WarehouseDatabase..
[2026-01-14 16시20분35초	1768375235771]	0ms

[2026-01-14 16시20분35초	1768375235772]	PakTools..
[2026-01-14 16시20분35초	1768375235773]	1ms

[2026-01-14 16시20분35초	1768375235774]	ScriptController...
[2026-01-14 16시20분35초	1768375235777]	3ms

[2026-01-14 16시20분35초	1768375235777]	GiranClanLordController..
[2026-01-14 16시20분35초	1768375235777]	0ms

[2026-01-14 16시20분35초	1768375235779]	TeamBattleController..
[2026-01-14 16시20분35초	1768375235779]	0ms

[2026-01-14 16시20분35초	1768375235780]	WorldClearController..
[2026-01-14 16시20분35초	1768375235780]	0ms

[2026-01-14 16시20분35초	1768375235781]	SpotController..
[2026-01-14 16시20분35초	1768375235781]	0ms

[2026-01-14 16시20분35초	1768375235782]	테베라스 컨트롤러..
[2026-01-14 16시20분35초	1768375235782]	0ms

[2026-01-14 16시20분35초	1768375235782]	지옥 컨트롤러..
[2026-01-14 16시20분35초	1768375235782]	0ms

[2026-01-14 16시20분35초	1768375235783]	지하수로 컨트롤러..
[2026-01-14 16시20분35초	1768375235783]	0ms

[2026-01-14 16시20분35초	1768375235784]	보물찾기컨트롤러..
[2026-01-14 16시20분35초	1768375235784]	0ms

[2026-01-14 16시20분35초	1768375235785]	마족신전 컨트롤러..
[2026-01-14 16시20분35초	1768375235785]	0ms

[2026-01-14 16시20분35초	1768375235785]	고무 컨트롤러..
[2026-01-14 16시20분35초	1768375235786]	정무던전 컨트롤러..
[2026-01-14 16시20분35초	1768375235790]	4ms

[2026-01-14 16시20분35초	1768375235798]	그신 컨트롤러..
[2026-01-14 16시20분35초	1768375235798]	0ms

[2026-01-14 16시20분35초	1768375235799]	라바던전 컨트롤러..
[2026-01-14 16시20분35초	1768375235799]	0ms

[2026-01-14 16시20분35초	1768375235800]	월드보스컨트롤러..
[2026-01-14 16시20분35초	1768375235800]	0ms

[2026-01-14 16시20분35초	1768375235801]	펭귄 사냥터 컨트롤러..
[2026-01-14 16시20분35초	1768375235802]	0ms

[2026-01-14 16시20분35초	1768375235802]	칠흑던전 컨트롤러..
[2026-01-14 16시20분35초	1768375235803]	악마왕의영토컨트롤러..
[2026-01-14 16시20분35초	1768375235803]	0ms

[2026-01-14 16시20분35초	1768375235804]	얼던컨트롤러..
[2026-01-14 16시20분35초	1768375235804]	0ms

[2026-01-14 16시20분35초	1768375235805]	기감 컨트롤러..
[2026-01-14 16시20분35초	1768375235805]	0ms

[2026-01-14 16시20분35초	1768375235805]	고라스컨트롤러..
[2026-01-14 16시20분35초	1768375235805]	0ms

[2026-01-14 16시20분35초	1768375235806]	드워프컨트롤러..
[2026-01-14 16시20분35초	1768375235806]	0ms

[2026-01-14 16시20분35초	1768375235807]	타임이벤트컨트롤러..
[2026-01-14 16시20분35초	1768375235807]	0ms

[2026-01-14 16시20분35초	1768375235807]	AutoHuntController..
[2026-01-14 16시20분35초	1768375235807]	0ms

[2026-01-14 16시20분35초	1768375235822]	DatabaseConnection..
[2026-01-14 16시20분36초	1768375236128]	306ms

[2026-01-14 16시20분36초	1768375236146]	ServerDatabase..
[2026-01-14 16시20분36초	1768375236175]	29ms

[2026-01-14 16시20분36초	1768375236178]	SlimeRaceController..
[2026-01-14 16시20분36초	1768375236180]	2ms

[2026-01-14 16시20분36초	1768375236181]	DogRaceController..
[2026-01-14 16시20분36초	1768375236183]	2ms

[2026-01-14 16시20분36초	1768375236185]	ClanController..
[2026-01-14 16시20분36초	1768375236191]	6ms

[2026-01-14 16시20분36초	1768375236193]	KingdomController..
[2026-01-14 16시20분36초	1768375236199]	6ms

[2026-01-14 16시20분36초	1768375236200]	AgitController..
[2026-01-14 16시20분36초	1768375236204]	4ms

[2026-01-14 16시20분36초	1768375236205]	AuctionController..
[2026-01-14 16시20분36초	1768375236210]	5ms

[2026-01-14 16시20분36초	1768375236214]	ItemDatabase..
[2026-01-14 16시20분36초	1768375236327]	113ms

[2026-01-14 16시20분36초	1768375236328]	ItemSetopionDatabase..
[2026-01-14 16시20분36초	1768375236330]	2ms

[2026-01-14 16시20분36초	1768375236331]	AutosellDatabase..
[2026-01-14 16시20분36초	1768375236350]	19ms

[2026-01-14 16시20분36초	1768375236351]	ItemSkillDatabase..
[2026-01-14 16시20분36초	1768375236353]	2ms

[2026-01-14 16시20분36초	1768375236354]	ItemBundleDatabase..
[2026-01-14 16시20분36초	1768375236356]	2ms

[2026-01-14 16시20분36초	1768375236357]	ItemChanceBundleDatabase..
[2026-01-14 16시20분36초	1768375236361]	4ms

[2026-01-14 16시20분36초	1768375236362]	FishItemListDatabase..
[2026-01-14 16시20분36초	1768375236363]	1ms

[2026-01-14 16시20분36초	1768375236364]	ItemTeleport..
[2026-01-14 16시20분36초	1768375236366]	2ms

[2026-01-14 16시20분36초	1768375236368]	PolyDatabase..
[2026-01-14 16시20분36초	1768375236370]	2ms

[2026-01-14 16시20분36초	1768375236371]	DungeonDatabase..
[2026-01-14 16시20분36초	1768375236375]	4ms

[2026-01-14 16시20분36초	1768375236376]	DefiniteDatabase..
[2026-01-14 16시20분36초	1768375236377]	1ms

[2026-01-14 16시20분36초	1768375236378]	ExpDatabase..
[2026-01-14 16시20분36초	1768375236379]	1ms

[2026-01-14 16시20분36초	1768375236379]	BackgroundDatabase..
[2026-01-14 16시20분36초	1768375236509]	130ms

[2026-01-14 16시20분36초	1768375236509]	SpriteFrameDatabase..
[2026-01-14 16시20분36초	1768375236582]	73ms

[2026-01-14 16시20분36초	1768375236583]	SkillDatabase..
[2026-01-14 16시20분36초	1768375236585]	2ms

[2026-01-14 16시20분36초	1768375236586]	NpcDatabase..
[2026-01-14 16시20분36초	1768375236592]	6ms

[2026-01-14 16시20분36초	1768375236593]	NpcShopDatabase..
[2026-01-14 16시20분36초	1768375236657]	64ms

[2026-01-14 16시20분36초	1768375236658]	NpcTeleportDatabase..
[2026-01-14 16시20분36초	1768375236659]	1ms

[2026-01-14 16시20분36초	1768375236782]	NpcSpawnlistDatabase..
[2026-01-14 16시20분36초	1768375236836]	54ms

[2026-01-14 16시20분36초	1768375236837]	EventController..
[2026-01-14 16시20분36초	1768375236837]	0ms

[2026-01-14 16시20분36초	1768375236838]	MonsterDatabase..
[2026-01-14 16시20분36초	1768375236853]	15ms

[2026-01-14 16시20분36초	1768375236854]	MonsterDropDatabase..
[2026-01-14 16시20분36초	1768375236878]	24ms

[2026-01-14 16시20분36초	1768375236879]	MonsterSkillDatabase..
[2026-01-14 16시20분36초	1768375236890]	11ms

[2026-01-14 16시20분36초	1768375236898]	MonsterSpawnlistDatabase..
[2026-01-14 16시20분37초	1768375237792]	894ms

[2026-01-14 16시20분37초	1768375237793]	MonsterBossSpawnlistDatabase..
[2026-01-14 16시20분37초	1768375237795]	2ms

[2026-01-14 16시20분37초	1768375237796]	ServerDownBossListDatabase..
[2026-01-14 16시20분37초	1768375237796]	0ms

[2026-01-14 16시20분37초	1768375237797]	BadIpDatabase..
[2026-01-14 16시20분37초	1768375237798]	1ms

[2026-01-14 16시20분37초	1768375237798]	QuestController..
[2026-01-14 16시20분37초	1768375237799]	1ms

[2026-01-14 16시20분37초	1768375237799]	ServerOpcodesDatabase..
[2026-01-14 16시20분37초	1768375237802]	3ms

[2026-01-14 16시20분37초	1768375237802]	ServerNoticeDatabase..
[2026-01-14 16시20분37초	1768375237803]	1ms

[2026-01-14 16시20분37초	1768375237804]	RankController..
[2026-01-14 16시20분37초	1768375237826]	22ms

[2026-01-14 16시20분37초	1768375237827]	WantedController..
[2026-01-14 16시20분37초	1768375237829]	2ms

[2026-01-14 16시20분37초	1768375237836]	TeleportHomeDatabase..
[2026-01-14 16시20분37초	1768375237866]	30ms

[2026-01-14 16시20분37초	1768375237867]	TeleportResetDatabase..
[2026-01-14 16시20분37초	1768375237895]	28ms

[2026-01-14 16시20분37초	1768375237896]	ItemPinewandDatabase..
[2026-01-14 16시20분37초	1768375237897]	1ms

[2026-01-14 16시20분37초	1768375237897]	ItemMaplewandDatabase..
[2026-01-14 16시20분37초	1768375237898]	1ms

[2026-01-14 16시20분37초	1768375237899]	SummonListDatabase..
[2026-01-14 16시20분37초	1768375237900]	1ms

[2026-01-14 16시20분37초	1768375237900]	GmListDatabase..
[2026-01-14 16시20분37초	1768375237901]	1ms

[2026-01-14 16시20분37초	1768375237902]	MagicdollListDatabase..
[2026-01-14 16시20분37초	1768375237903]	1ms

[2026-01-14 16시20분37초	1768375237906]	PcMarketController..
[2026-01-14 16시20분37초	1768375237907]	1ms

[2026-01-14 16시20분37초	1768375237907]	ServerOptionDatabase..
[2026-01-14 16시20분37초	1768375237908]	1ms

[2026-01-14 16시20분37초	1768375237908]	TimeDungeonDatabase..
[2026-01-14 16시20분37초	1768375237909]	1ms

[2026-01-14 16시20분37초	1768375237909]	TeamBattleDatabase..
[2026-01-14 16시20분37초	1768375237910]	1ms

[2026-01-14 16시20분37초	1768375237910]	LifeLostItemDatabase..
[2026-01-14 16시20분37초	1768375237912]	2ms

[2026-01-14 16시20분37초	1768375237912]	GmTeleportDatabase..
[2026-01-14 16시20분37초	1768375237913]	1ms

[2026-01-14 16시20분37초	1768375237915]	무인혈맹컨트롤러..
[2026-01-14 16시20분37초	1768375237916]	1ms

[2026-01-14 16시20분37초	1768375237917]	HackNoCheckDatabase..
[2026-01-14 16시20분37초	1768375237917]	0ms

[2026-01-14 16시20분37초	1768375237918]	EnchantLostItemDatabase..
[2026-01-14 16시20분37초	1768375237939]	21ms

[2026-01-14 16시20분37초	1768375237940]	ItemDropMessageDatabase..
[2026-01-14 16시20분37초	1768375237941]	1ms

[2026-01-14 16시20분37초	1768375237942]	FishingController..
[2026-01-14 16시20분38초	1768375238200]	258ms

[2026-01-14 16시20분38초	1768375238211]	RobotController..
[2026-01-14 16시20분38초	1768375238235]	24ms

[2026-01-14 16시20분38초	1768375238239]	Server..
[2026-01-14 16시20분38초	1768375238301]	62ms

[2026-01-14 16시20분38초	1768375238302]	ServerThread..
[2026-01-14 16시20분38초	1768375238302]	0ms

[2026-01-14 16시20분38초	1768375238302]	ControllerTherad..
[2026-01-14 16시20분38초	1768375238303]	0ms

[2026-01-14 16시20분38초	1768375238303]	CharacterThread..
[2026-01-14 16시20분38초	1768375238303]	0ms

[2026-01-14 16시20분38초	1768375238304]	DatabaseThread..
[2026-01-14 16시20분38초	1768375238304]	0ms

[2026-01-14 16시20분38초	1768375238304]	CharacterControlThread..
[2026-01-14 16시20분38초	1768375238305]	1ms

[2026-01-14 16시20분38초	1768375238345]	FightController..
[2026-01-14 16시20분38초	1768375238362]	17ms

[2026-01-14 16시20분38초	1768375238362]	TimeThread..
[2026-01-14 16시20분38초	1768375238363]	1ms

[2026-01-14 16시20분38초	1768375238363]	AutoHuntThread..
[2026-01-14 16시20분38초	1768375238363]	0ms

[2026-01-14 16시20분38초	1768375238363]	======================================================================
[2026-01-14 16시20분38초	1768375238364]	Server Version  :  Lineage 2.0

[2026-01-14 16시20분38초	1768375238364]	Server Port      :  2000

[2026-01-14 16시20분38초	1768375238364]	계정 자동생성  :  on

[2026-01-14 16시20분38초	1768375238364]	인챈트 : 1.0배  ||  드랍 : 3.0배  ||  경험치 : 30.0배  ||  아데나 : 12.0배  ||  파티 : 1.1배

[2026-01-14 16시20분38초	1768375238364]	======================================================================
[2026-01-14 16시20분38초	1768375238364]	'서버' 가동되었습니다.

[2026-01-14 16시23분03초	1768375383748]	Thread close..
[2026-01-14 16시23분04초	1768375384748]	Save Database..
[2026-01-14 16시23분05초	1768375385728]	Socket close..
[2026-01-14 16시23분05초	1768375385728]	LineageServer Close...
[2026-01-14 16시23분05초	1768375385728]	0ms

[2026-01-14 16시23분05초	1768375385728]	ok..
