[2026-01-14 15시36분27초	1768372587634]	Mysql..
[2026-01-14 15시36분27초	1768372587635]	2ms

[2026-01-14 15시36분27초	1768372587653]	lineage.conf file loading...
[2026-01-14 15시36분27초	1768372587681]	28ms

[2026-01-14 15시36분27초	1768372587688]	Lineage_Balance..
[2026-01-14 15시36분27초	1768372587696]	8ms

[2026-01-14 15시36분27초	1768372587697]	npc_promotion..
[2026-01-14 15시36분27초	1768372587697]	0ms

[2026-01-14 15시36분27초	1768372587698]	Socket..
[2026-01-14 15시36분27초	1768372587698]	0ms

[2026-01-14 15시36분27초	1768372587698]	Common..
[2026-01-14 15시36분27초	1768372587698]	0ms

[2026-01-14 15시36분27초	1768372587699]	EventThread..
[2026-01-14 15시36분27초	1768372587700]	0ms

[2026-01-14 15시36분27초	1768372587700]	AiExecuteThread..
[2026-01-14 15시36분27초	1768372587701]	1ms

[2026-01-14 15시36분27초	1768372587702]	AiThread..
[2026-01-14 15시36분27초	1768372587702]	0ms

[2026-01-14 15시36분27초	1768372587711]	World..
[2026-01-14 15시36분27초	1768372587799]	88ms

[2026-01-14 15시36분27초	1768372587800]	BookController..
[2026-01-14 15시36분27초	1768372587800]	0ms

[2026-01-14 15시36분27초	1768372587801]	InventoryController..
[2026-01-14 15시36분27초	1768372587801]	0ms

[2026-01-14 15시36분27초	1768372587801]	BasePacketPooling..
[2026-01-14 15시36분27초	1768372587801]	0ms

[2026-01-14 15시36분27초	1768372587804]	SkillController..
[2026-01-14 15시36분27초	1768372587804]	1ms

[2026-01-14 15시36분27초	1768372587809]	DamageController..
[2026-01-14 15시36분27초	1768372587809]	0ms

[2026-01-14 15시36분27초	1768372587811]	CharacterController..
[2026-01-14 15시36분27초	1768372587811]	0ms

[2026-01-14 15시36분27초	1768372587812]	TradeController..
[2026-01-14 15시36분27초	1768372587812]	0ms

[2026-01-14 15시36분27초	1768372587812]	DungeonController..
[2026-01-14 15시36분27초	1768372587812]	0ms

[2026-01-14 15시36분27초	1768372587813]	ShipController..
[2026-01-14 15시36분27초	1768372587813]	0ms

[2026-01-14 15시36분27초	1768372587814]	BuffController..
[2026-01-14 15시36분27초	1768372587814]	0ms

[2026-01-14 15시36분27초	1768372587817]	SummonController..
[2026-01-14 15시36분27초	1768372587817]	0ms

[2026-01-14 15시36분27초	1768372587818]	PartyController..
[2026-01-14 15시36분27초	1768372587818]	0ms

[2026-01-14 15시36분27초	1768372587819]	InnController..
[2026-01-14 15시36분27초	1768372587819]	0ms

[2026-01-14 15시36분27초	1768372587821]	BoardController..
[2026-01-14 15시36분27초	1768372587821]	1ms

[2026-01-14 15시36분27초	1768372587822]	LetterController..
[2026-01-14 15시36분27초	1768372587822]	0ms

[2026-01-14 15시36분27초	1768372587823]	UserShopController..
[2026-01-14 15시36분27초	1768372587823]	0ms

[2026-01-14 15시36분27초	1768372587824]	ChattingController..
[2026-01-14 15시36분27초	1768372587825]	1ms

[2026-01-14 15시36분27초	1768372587833]	ColosseumController..
[2026-01-14 15시36분27초	1768372587834]	1ms

[2026-01-14 15시36분27초	1768372587834]	CraftController..
[2026-01-14 15시36분27초	1768372587835]	1ms

[2026-01-14 15시36분27초	1768372587835]	BossController..
[2026-01-14 15시36분27초	1768372587836]	0ms

[2026-01-14 15시36분27초	1768372587844]	NoticeController..
[2026-01-14 15시36분27초	1768372587844]	0ms

[2026-01-14 15시36분27초	1768372587845]	FriendController..
[2026-01-14 15시36분27초	1768372587845]	0ms

[2026-01-14 15시36분27초	1768372587846]	BugScanningController..
[2026-01-14 15시36분27초	1768372587846]	0ms

[2026-01-14 15시36분27초	1768372587847]	MagicDollController..
[2026-01-14 15시36분27초	1768372587847]	0ms

[2026-01-14 15시36분27초	1768372587848]	ShopController..
[2026-01-14 15시36분27초	1768372587848]	0ms

[2026-01-14 15시36분27초	1768372587849]	WarehouseDatabase..
[2026-01-14 15시36분27초	1768372587849]	0ms

[2026-01-14 15시36분27초	1768372587849]	PakTools..
[2026-01-14 15시36분27초	1768372587851]	2ms

[2026-01-14 15시36분27초	1768372587851]	ScriptController...
[2026-01-14 15시36분27초	1768372587854]	3ms

[2026-01-14 15시36분27초	1768372587855]	GiranClanLordController..
[2026-01-14 15시36분27초	1768372587855]	0ms

[2026-01-14 15시36분27초	1768372587856]	TeamBattleController..
[2026-01-14 15시36분27초	1768372587856]	0ms

[2026-01-14 15시36분27초	1768372587857]	WorldClearController..
[2026-01-14 15시36분27초	1768372587857]	0ms

[2026-01-14 15시36분27초	1768372587857]	SpotController..
[2026-01-14 15시36분27초	1768372587858]	0ms

[2026-01-14 15시36분27초	1768372587861]	테베라스 컨트롤러..
[2026-01-14 15시36분27초	1768372587861]	0ms

[2026-01-14 15시36분27초	1768372587861]	지옥 컨트롤러..
[2026-01-14 15시36분27초	1768372587861]	0ms

[2026-01-14 15시36분27초	1768372587862]	지하수로 컨트롤러..
[2026-01-14 15시36분27초	1768372587862]	0ms

[2026-01-14 15시36분27초	1768372587862]	보물찾기컨트롤러..
[2026-01-14 15시36분27초	1768372587863]	1ms

[2026-01-14 15시36분27초	1768372587863]	마족신전 컨트롤러..
[2026-01-14 15시36분27초	1768372587863]	0ms

[2026-01-14 15시36분27초	1768372587864]	고무 컨트롤러..
[2026-01-14 15시36분27초	1768372587864]	정무던전 컨트롤러..
[2026-01-14 15시36분27초	1768372587868]	4ms

[2026-01-14 15시36분27초	1768372587869]	그신 컨트롤러..
[2026-01-14 15시36분27초	1768372587869]	0ms

[2026-01-14 15시36분27초	1768372587870]	라바던전 컨트롤러..
[2026-01-14 15시36분27초	1768372587870]	0ms

[2026-01-14 15시36분27초	1768372587871]	월드보스컨트롤러..
[2026-01-14 15시36분27초	1768372587871]	0ms

[2026-01-14 15시36분27초	1768372587871]	펭귄 사냥터 컨트롤러..
[2026-01-14 15시36분27초	1768372587871]	0ms

[2026-01-14 15시36분27초	1768372587872]	칠흑던전 컨트롤러..
[2026-01-14 15시36분27초	1768372587873]	악마왕의영토컨트롤러..
[2026-01-14 15시36분27초	1768372587873]	0ms

[2026-01-14 15시36분27초	1768372587874]	얼던컨트롤러..
[2026-01-14 15시36분27초	1768372587874]	0ms

[2026-01-14 15시36분27초	1768372587874]	기감 컨트롤러..
[2026-01-14 15시36분27초	1768372587875]	1ms

[2026-01-14 15시36분27초	1768372587875]	고라스컨트롤러..
[2026-01-14 15시36분27초	1768372587875]	0ms

[2026-01-14 15시36분27초	1768372587876]	드워프컨트롤러..
[2026-01-14 15시36분27초	1768372587876]	0ms

[2026-01-14 15시36분27초	1768372587877]	타임이벤트컨트롤러..
[2026-01-14 15시36분27초	1768372587877]	0ms

[2026-01-14 15시36분27초	1768372587878]	AutoHuntController..
[2026-01-14 15시36분27초	1768372587878]	0ms

[2026-01-14 15시36분27초	1768372587893]	DatabaseConnection..
[2026-01-14 15시36분28초	1768372588168]	275ms

[2026-01-14 15시36분28초	1768372588191]	ServerDatabase..
[2026-01-14 15시36분28초	1768372588219]	28ms

[2026-01-14 15시36분28초	1768372588221]	SlimeRaceController..
[2026-01-14 15시36분28초	1768372588224]	3ms

[2026-01-14 15시36분28초	1768372588225]	DogRaceController..
[2026-01-14 15시36분28초	1768372588226]	1ms

[2026-01-14 15시36분28초	1768372588229]	ClanController..
[2026-01-14 15시36분28초	1768372588234]	5ms

[2026-01-14 15시36분28초	1768372588237]	KingdomController..
[2026-01-14 15시36분28초	1768372588242]	5ms

[2026-01-14 15시36분28초	1768372588243]	AgitController..
[2026-01-14 15시36분28초	1768372588247]	4ms

[2026-01-14 15시36분28초	1768372588248]	AuctionController..
[2026-01-14 15시36분28초	1768372588253]	5ms

[2026-01-14 15시36분28초	1768372588257]	ItemDatabase..
[2026-01-14 15시36분28초	1768372588352]	95ms

[2026-01-14 15시36분28초	1768372588353]	ItemSetopionDatabase..
[2026-01-14 15시36분28초	1768372588356]	3ms

[2026-01-14 15시36분28초	1768372588357]	AutosellDatabase..
[2026-01-14 15시36분28초	1768372588377]	20ms

[2026-01-14 15시36분28초	1768372588378]	ItemSkillDatabase..
[2026-01-14 15시36분28초	1768372588381]	2ms

[2026-01-14 15시36분28초	1768372588381]	ItemBundleDatabase..
[2026-01-14 15시36분28초	1768372588384]	3ms

[2026-01-14 15시36분28초	1768372588385]	ItemChanceBundleDatabase..
[2026-01-14 15시36분28초	1768372588388]	3ms

[2026-01-14 15시36분28초	1768372588389]	FishItemListDatabase..
[2026-01-14 15시36분28초	1768372588391]	2ms

[2026-01-14 15시36분28초	1768372588392]	ItemTeleport..
[2026-01-14 15시36분28초	1768372588394]	2ms

[2026-01-14 15시36분28초	1768372588396]	PolyDatabase..
[2026-01-14 15시36분28초	1768372588399]	3ms

[2026-01-14 15시36분28초	1768372588399]	DungeonDatabase..
[2026-01-14 15시36분28초	1768372588404]	5ms

[2026-01-14 15시36분28초	1768372588405]	DefiniteDatabase..
[2026-01-14 15시36분28초	1768372588407]	2ms

[2026-01-14 15시36분28초	1768372588408]	ExpDatabase..
[2026-01-14 15시36분28초	1768372588410]	2ms

[2026-01-14 15시36분28초	1768372588410]	BackgroundDatabase..
[2026-01-14 15시36분28초	1768372588540]	130ms

[2026-01-14 15시36분28초	1768372588540]	SpriteFrameDatabase..
[2026-01-14 15시36분28초	1768372588606]	66ms

[2026-01-14 15시36분28초	1768372588607]	SkillDatabase..
[2026-01-14 15시36분28초	1768372588610]	3ms

[2026-01-14 15시36분28초	1768372588611]	NpcDatabase..
[2026-01-14 15시36분28초	1768372588619]	8ms

[2026-01-14 15시36분28초	1768372588631]	NpcShopDatabase..
[2026-01-14 15시36분28초	1768372588693]	62ms

[2026-01-14 15시36분28초	1768372588694]	NpcTeleportDatabase..
[2026-01-14 15시36분28초	1768372588696]	2ms

[2026-01-14 15시36분28초	1768372588831]	NpcSpawnlistDatabase..
[2026-01-14 15시36분28초	1768372588886]	55ms

[2026-01-14 15시36분28초	1768372588888]	EventController..
[2026-01-14 15시36분28초	1768372588888]	0ms

[2026-01-14 15시36분28초	1768372588889]	MonsterDatabase..
[2026-01-14 15시36분28초	1768372588904]	15ms

[2026-01-14 15시36분28초	1768372588905]	MonsterDropDatabase..
[2026-01-14 15시36분28초	1768372588929]	23ms

[2026-01-14 15시36분28초	1768372588929]	MonsterSkillDatabase..
[2026-01-14 15시36분28초	1768372588942]	13ms

[2026-01-14 15시36분28초	1768372588948]	MonsterSpawnlistDatabase..
[2026-01-14 15시36분30초	1768372590264]	1316ms

[2026-01-14 15시36분30초	1768372590265]	MonsterBossSpawnlistDatabase..
[2026-01-14 15시36분30초	1768372590268]	3ms

[2026-01-14 15시36분30초	1768372590269]	ServerDownBossListDatabase..
[2026-01-14 15시36분30초	1768372590270]	1ms

[2026-01-14 15시36분30초	1768372590271]	BadIpDatabase..
[2026-01-14 15시36분30초	1768372590272]	1ms

[2026-01-14 15시36분30초	1768372590272]	QuestController..
[2026-01-14 15시36분30초	1768372590273]	1ms

[2026-01-14 15시36분30초	1768372590274]	ServerOpcodesDatabase..
[2026-01-14 15시36분30초	1768372590277]	3ms

[2026-01-14 15시36분30초	1768372590278]	ServerNoticeDatabase..
[2026-01-14 15시36분30초	1768372590280]	2ms

[2026-01-14 15시36분30초	1768372590282]	RankController..
[2026-01-14 15시36분30초	1768372590306]	24ms

[2026-01-14 15시36분30초	1768372590307]	WantedController..
[2026-01-14 15시36분30초	1768372590312]	5ms

[2026-01-14 15시36분30초	1768372590313]	TeleportHomeDatabase..
[2026-01-14 15시36분30초	1768372590344]	31ms

[2026-01-14 15시36분30초	1768372590345]	TeleportResetDatabase..
[2026-01-14 15시36분30초	1768372590375]	30ms

[2026-01-14 15시36분30초	1768372590376]	ItemPinewandDatabase..
[2026-01-14 15시36분30초	1768372590378]	2ms

[2026-01-14 15시36분30초	1768372590379]	ItemMaplewandDatabase..
[2026-01-14 15시36분30초	1768372590381]	2ms

[2026-01-14 15시36분30초	1768372590382]	SummonListDatabase..
[2026-01-14 15시36분30초	1768372590384]	2ms

[2026-01-14 15시36분30초	1768372590384]	GmListDatabase..
[2026-01-14 15시36분30초	1768372590385]	1ms

[2026-01-14 15시36분30초	1768372590387]	MagicdollListDatabase..
[2026-01-14 15시36분30초	1768372590389]	2ms

[2026-01-14 15시36분30초	1768372590393]	PcMarketController..
[2026-01-14 15시36분30초	1768372590394]	1ms

[2026-01-14 15시36분30초	1768372590395]	ServerOptionDatabase..
[2026-01-14 15시36분30초	1768372590396]	1ms

[2026-01-14 15시36분30초	1768372590397]	TimeDungeonDatabase..
[2026-01-14 15시36분30초	1768372590397]	0ms

[2026-01-14 15시36분30초	1768372590398]	TeamBattleDatabase..
[2026-01-14 15시36분30초	1768372590399]	1ms

[2026-01-14 15시36분30초	1768372590400]	LifeLostItemDatabase..
[2026-01-14 15시36분30초	1768372590402]	2ms

[2026-01-14 15시36분30초	1768372590403]	GmTeleportDatabase..
[2026-01-14 15시36분30초	1768372590404]	1ms

[2026-01-14 15시36분30초	1768372590407]	무인혈맹컨트롤러..
[2026-01-14 15시36분30초	1768372590408]	1ms

[2026-01-14 15시36분30초	1768372590409]	HackNoCheckDatabase..
[2026-01-14 15시36분30초	1768372590410]	1ms

[2026-01-14 15시36분30초	1768372590411]	EnchantLostItemDatabase..
[2026-01-14 15시36분30초	1768372590435]	24ms

[2026-01-14 15시36분30초	1768372590436]	ItemDropMessageDatabase..
[2026-01-14 15시36분30초	1768372590437]	1ms

[2026-01-14 15시36분30초	1768372590439]	FishingController..
[2026-01-14 15시36분30초	1768372590724]	284ms

[2026-01-14 15시36분30초	1768372590735]	RobotController..
[2026-01-14 15시36분30초	1768372590759]	24ms

[2026-01-14 15시36분30초	1768372590761]	Server..
[2026-01-14 15시36분30초	1768372590827]	66ms

[2026-01-14 15시36분30초	1768372590827]	ServerThread..
[2026-01-14 15시36분30초	1768372590827]	0ms

[2026-01-14 15시36분30초	1768372590828]	ControllerTherad..
[2026-01-14 15시36분30초	1768372590828]	0ms

[2026-01-14 15시36분30초	1768372590829]	CharacterThread..
[2026-01-14 15시36분30초	1768372590829]	0ms

[2026-01-14 15시36분30초	1768372590830]	DatabaseThread..
[2026-01-14 15시36분30초	1768372590830]	0ms

[2026-01-14 15시36분30초	1768372590831]	CharacterControlThread..
[2026-01-14 15시36분30초	1768372590831]	0ms

[2026-01-14 15시36분30초	1768372590835]	FightController..
[2026-01-14 15시36분30초	1768372590849]	14ms

[2026-01-14 15시36분30초	1768372590850]	TimeThread..
[2026-01-14 15시36분30초	1768372590850]	0ms

[2026-01-14 15시36분30초	1768372590851]	AutoHuntThread..
[2026-01-14 15시36분30초	1768372590851]	0ms

[2026-01-14 15시36분30초	1768372590851]	======================================================================
[2026-01-14 15시36분30초	1768372590851]	Server Version  :  Lineage 2.0

[2026-01-14 15시36분30초	1768372590851]	Server Port      :  2000

[2026-01-14 15시36분30초	1768372590851]	계정 자동생성  :  on

[2026-01-14 15시36분30초	1768372590851]	인챈트 : 1.0배  ||  드랍 : 3.0배  ||  경험치 : 30.0배  ||  아데나 : 12.0배  ||  파티 : 1.1배

[2026-01-14 15시36분30초	1768372590851]	======================================================================
[2026-01-14 15시36분30초	1768372590851]	'서버' 가동되었습니다.

[2026-01-14 15시39분31초	1768372771665]	자동 저장완료 2026-01-14 15시39분31초
[2026-01-14 15시42분32초	1768372952485]	자동 저장완료 2026-01-14 15시42분32초
[2026-01-14 15시45분33초	1768373133333]	자동 저장완료 2026-01-14 15시45분33초
[2026-01-14 15시47분09초	1768373229853]	서버가 즉시 종료됩니다...
[2026-01-14 15시47분10초	1768373230854]	Thread close..
[2026-01-14 15시47분11초	1768373231854]	Save Database..
[2026-01-14 15시47분12초	1768373232807]	Socket close..
[2026-01-14 15시47분12초	1768373232807]	LineageServer Close...
[2026-01-14 15시47분12초	1768373232807]	0ms

[2026-01-14 15시47분12초	1768373232807]	ok..
