[2026-03-17 13시15분17초	1773720917715]	Mysql..
[2026-03-17 13시15분17초	1773720917715]	1ms

[2026-03-17 13시15분17초	1773720917736]	lineage.conf file loading...
[2026-03-17 13시15분17초	1773720917771]	35ms

[2026-03-17 13시15분17초	1773720917778]	Lineage_Balance..
[2026-03-17 13시15분17초	1773720917786]	8ms

[2026-03-17 13시15분17초	1773720917787]	npc_promotion..
[2026-03-17 13시15분17초	1773720917787]	0ms

[2026-03-17 13시15분17초	1773720917788]	Socket..
[2026-03-17 13시15분17초	1773720917788]	0ms

[2026-03-17 13시15분17초	1773720917788]	Common..
[2026-03-17 13시15분17초	1773720917788]	0ms

[2026-03-17 13시15분17초	1773720917789]	EventThread..
[2026-03-17 13시15분17초	1773720917789]	0ms

[2026-03-17 13시15분17초	1773720917797]	AiExecuteThread..
[2026-03-17 13시15분17초	1773720917798]	1ms

[2026-03-17 13시15분17초	1773720917799]	AiThread..
[2026-03-17 13시15분17초	1773720917799]	0ms

[2026-03-17 13시15분17초	1773720917802]	World..
[2026-03-17 13시15분17초	1773720917897]	95ms

[2026-03-17 13시15분17초	1773720917899]	BookController..
[2026-03-17 13시15분17초	1773720917899]	0ms

[2026-03-17 13시15분17초	1773720917899]	InventoryController..
[2026-03-17 13시15분17초	1773720917900]	1ms

[2026-03-17 13시15분17초	1773720917900]	BasePacketPooling..
[2026-03-17 13시15분17초	1773720917900]	0ms

[2026-03-17 13시15분17초	1773720917903]	SkillController..
[2026-03-17 13시15분17초	1773720917903]	0ms

[2026-03-17 13시15분17초	1773720917909]	DamageController..
[2026-03-17 13시15분17초	1773720917910]	1ms

[2026-03-17 13시15분17초	1773720917918]	CharacterController..
[2026-03-17 13시15분17초	1773720917918]	0ms

[2026-03-17 13시15분17초	1773720917919]	TradeController..
[2026-03-17 13시15분17초	1773720917919]	0ms

[2026-03-17 13시15분17초	1773720917919]	DungeonController..
[2026-03-17 13시15분17초	1773720917919]	0ms

[2026-03-17 13시15분17초	1773720917920]	ShipController..
[2026-03-17 13시15분17초	1773720917920]	0ms

[2026-03-17 13시15분17초	1773720917921]	BuffController..
[2026-03-17 13시15분17초	1773720917921]	0ms

[2026-03-17 13시15분17초	1773720917925]	SummonController..
[2026-03-17 13시15분17초	1773720917925]	0ms

[2026-03-17 13시15분17초	1773720917926]	PartyController..
[2026-03-17 13시15분17초	1773720917926]	0ms

[2026-03-17 13시15분17초	1773720917926]	InnController..
[2026-03-17 13시15분17초	1773720917926]	0ms

[2026-03-17 13시15분17초	1773720917928]	BoardController..
[2026-03-17 13시15분17초	1773720917928]	0ms

[2026-03-17 13시15분17초	1773720917930]	LetterController..
[2026-03-17 13시15분17초	1773720917930]	0ms

[2026-03-17 13시15분17초	1773720917930]	UserShopController..
[2026-03-17 13시15분17초	1773720917931]	0ms

[2026-03-17 13시15분17초	1773720917932]	ChattingController..
[2026-03-17 13시15분17초	1773720917933]	1ms

[2026-03-17 13시15분17초	1773720917935]	ColosseumController..
[2026-03-17 13시15분17초	1773720917935]	0ms

[2026-03-17 13시15분17초	1773720917936]	CraftController..
[2026-03-17 13시15분17초	1773720917936]	0ms

[2026-03-17 13시15분17초	1773720917937]	BossController..
[2026-03-17 13시15분17초	1773720917937]	0ms

[2026-03-17 13시15분17초	1773720917938]	NoticeController..
[2026-03-17 13시15분17초	1773720917938]	0ms

[2026-03-17 13시15분17초	1773720917939]	FriendController..
[2026-03-17 13시15분17초	1773720917939]	0ms

[2026-03-17 13시15분17초	1773720917940]	BugScanningController..
[2026-03-17 13시15분17초	1773720917940]	0ms

[2026-03-17 13시15분17초	1773720917941]	MagicDollController..
[2026-03-17 13시15분17초	1773720917941]	0ms

[2026-03-17 13시15분17초	1773720917942]	ShopController..
[2026-03-17 13시15분17초	1773720917942]	0ms

[2026-03-17 13시15분17초	1773720917943]	WarehouseDatabase..
[2026-03-17 13시15분17초	1773720917943]	0ms

[2026-03-17 13시15분17초	1773720917944]	PakTools..
[2026-03-17 13시15분17초	1773720917945]	1ms

[2026-03-17 13시15분17초	1773720917946]	ScriptController...
[2026-03-17 13시15분17초	1773720917949]	3ms

[2026-03-17 13시15분17초	1773720917950]	GiranClanLordController..
[2026-03-17 13시15분17초	1773720917950]	0ms

[2026-03-17 13시15분17초	1773720917958]	TeamBattleController..
[2026-03-17 13시15분17초	1773720917959]	1ms

[2026-03-17 13시15분17초	1773720917959]	WorldClearController..
[2026-03-17 13시15분17초	1773720917959]	0ms

[2026-03-17 13시15분17초	1773720917960]	SpotController..
[2026-03-17 13시15분17초	1773720917960]	0ms

[2026-03-17 13시15분17초	1773720917960]	테베라스 컨트롤러..
[2026-03-17 13시15분17초	1773720917961]	1ms

[2026-03-17 13시15분17초	1773720917961]	지옥 컨트롤러..
[2026-03-17 13시15분17초	1773720917961]	0ms

[2026-03-17 13시15분17초	1773720917962]	지하수로 컨트롤러..
[2026-03-17 13시15분17초	1773720917962]	0ms

[2026-03-17 13시15분17초	1773720917962]	보물찾기컨트롤러..
[2026-03-17 13시15분17초	1773720917962]	0ms

[2026-03-17 13시15분17초	1773720917963]	마족신전 컨트롤러..
[2026-03-17 13시15분17초	1773720917963]	0ms

[2026-03-17 13시15분17초	1773720917964]	고무 컨트롤러..
[2026-03-17 13시15분17초	1773720917964]	정무던전 컨트롤러..
[2026-03-17 13시15분17초	1773720917968]	4ms

[2026-03-17 13시15분17초	1773720917969]	그신 컨트롤러..
[2026-03-17 13시15분17초	1773720917969]	0ms

[2026-03-17 13시15분17초	1773720917977]	라바던전 컨트롤러..
[2026-03-17 13시15분17초	1773720917978]	1ms

[2026-03-17 13시15분17초	1773720917978]	월드보스컨트롤러..
[2026-03-17 13시15분17초	1773720917978]	0ms

[2026-03-17 13시15분17초	1773720917979]	펭귄 사냥터 컨트롤러..
[2026-03-17 13시15분17초	1773720917979]	0ms

[2026-03-17 13시15분17초	1773720917980]	칠흑던전 컨트롤러..
[2026-03-17 13시15분17초	1773720917980]	칠흑던전3층 컨트롤러..
[2026-03-17 13시15분17초	1773720917980]	0ms

[2026-03-17 13시15분17초	1773720917981]	칠흑던전4층 컨트롤러..
[2026-03-17 13시15분17초	1773720917981]	0ms

[2026-03-17 13시15분17초	1773720917981]	악마왕의영토컨트롤러..
[2026-03-17 13시15분17초	1773720917981]	0ms

[2026-03-17 13시15분17초	1773720917982]	얼던컨트롤러..
[2026-03-17 13시15분17초	1773720917982]	0ms

[2026-03-17 13시15분17초	1773720917983]	오만1층 컨트롤러..
[2026-03-17 13시15분17초	1773720917983]	0ms

[2026-03-17 13시15분17초	1773720917984]	오만1층 컨트롤러..
[2026-03-17 13시15분17초	1773720917984]	0ms

[2026-03-17 13시15분17초	1773720917984]	오만3층 컨트롤러..
[2026-03-17 13시15분17초	1773720917984]	0ms

[2026-03-17 13시15분17초	1773720917985]	오만4층 컨트롤러..
[2026-03-17 13시15분17초	1773720917985]	0ms

[2026-03-17 13시15분17초	1773720917986]	오만5층 컨트롤러..
[2026-03-17 13시15분17초	1773720917986]	0ms

[2026-03-17 13시15분17초	1773720917986]	오만6층 컨트롤러..
[2026-03-17 13시15분17초	1773720917986]	0ms

[2026-03-17 13시15분17초	1773720917987]	오만7층 컨트롤러..
[2026-03-17 13시15분17초	1773720917987]	0ms

[2026-03-17 13시15분17초	1773720917988]	오만8층 컨트롤러..
[2026-03-17 13시15분17초	1773720917988]	0ms

[2026-03-17 13시15분17초	1773720917989]	오만9층 컨트롤러..
[2026-03-17 13시15분17초	1773720917989]	0ms

[2026-03-17 13시15분17초	1773720917989]	오만10층 컨트롤러..
[2026-03-17 13시15분17초	1773720917990]	1ms

[2026-03-17 13시15분17초	1773720917990]	오만정상 컨트롤러..
[2026-03-17 13시15분17초	1773720917990]	0ms

[2026-03-17 13시15분17초	1773720917991]	기감 컨트롤러..
[2026-03-17 13시15분17초	1773720917991]	0ms

[2026-03-17 13시15분17초	1773720917991]	고라스컨트롤러..
[2026-03-17 13시15분17초	1773720917992]	1ms

[2026-03-17 13시15분17초	1773720917992]	드워프컨트롤러..
[2026-03-17 13시15분17초	1773720917992]	0ms

[2026-03-17 13시15분17초	1773720917993]	타임이벤트컨트롤러..
[2026-03-17 13시15분17초	1773720917993]	0ms

[2026-03-17 13시15분17초	1773720917993]	AutoHuntController..
[2026-03-17 13시15분17초	1773720917993]	0ms

[2026-03-17 13시15분18초	1773720918007]	DatabaseConnection..
[2026-03-17 13시15분18초	1773720918289]	282ms

[2026-03-17 13시15분18초	1773720918304]	ServerDatabase..
[2026-03-17 13시15분18초	1773720918339]	35ms

[2026-03-17 13시15분18초	1773720918342]	SlimeRaceController..
[2026-03-17 13시15분18초	1773720918345]	3ms

[2026-03-17 13시15분18초	1773720918347]	DogRaceController..
[2026-03-17 13시15분18초	1773720918349]	2ms

[2026-03-17 13시15분18초	1773720918352]	ClanController..
[2026-03-17 13시15분18초	1773720918359]	7ms

[2026-03-17 13시15분18초	1773720918362]	KingdomController..
[2026-03-17 13시15분18초	1773720918372]	10ms

[2026-03-17 13시15분18초	1773720918373]	AgitController..
[2026-03-17 13시15분18초	1773720918379]	6ms

[2026-03-17 13시15분18초	1773720918381]	AuctionController..
[2026-03-17 13시15분18초	1773720918388]	7ms

[2026-03-17 13시15분18초	1773720918394]	ItemDatabase..
[2026-03-17 13시15분18초	1773720918423]	class lineage.database.ItemDatabase : init(Connection con)

[2026-03-17 13시15분18초	1773720918423]	java.sql.SQLException: Column 'expire_time' not found.
[2026-03-17 13시15분18초	1773720918423]	29ms

[2026-03-17 13시15분18초	1773720918424]	ItemSetopionDatabase..
[2026-03-17 13시15분18초	1773720918434]	10ms

[2026-03-17 13시15분18초	1773720918435]	AutosellDatabase..
[2026-03-17 13시15분18초	1773720918451]	16ms

[2026-03-17 13시15분18초	1773720918452]	ItemSkillDatabase..
[2026-03-17 13시15분18초	1773720918492]	40ms

[2026-03-17 13시15분18초	1773720918494]	ItemBundleDatabase..
[2026-03-17 13시15분18초	1773720918500]	6ms

[2026-03-17 13시15분18초	1773720918501]	ItemChanceBundleDatabase..
[2026-03-17 13시15분18초	1773720918505]	4ms

[2026-03-17 13시15분18초	1773720918506]	FishItemListDatabase..
[2026-03-17 13시15분18초	1773720918508]	2ms

[2026-03-17 13시15분18초	1773720918510]	ItemTeleport..
[2026-03-17 13시15분18초	1773720918513]	3ms

[2026-03-17 13시15분18초	1773720918515]	PolyDatabase..
[2026-03-17 13시15분18초	1773720918519]	4ms

[2026-03-17 13시15분18초	1773720918522]	DungeonDatabase..
[2026-03-17 13시15분18초	1773720918528]	6ms

[2026-03-17 13시15분18초	1773720918529]	DefiniteDatabase..
[2026-03-17 13시15분18초	1773720918531]	2ms

[2026-03-17 13시15분18초	1773720918532]	ExpDatabase..
[2026-03-17 13시15분18초	1773720918535]	3ms

[2026-03-17 13시15분18초	1773720918535]	BackgroundDatabase..
[2026-03-17 13시15분18초	1773720918731]	196ms

[2026-03-17 13시15분18초	1773720918731]	SpriteFrameDatabase..
[2026-03-17 13시15분18초	1773720918795]	64ms

[2026-03-17 13시15분18초	1773720918796]	SkillDatabase..
[2026-03-17 13시15분18초	1773720918801]	5ms

[2026-03-17 13시15분18초	1773720918802]	NpcDatabase..
[2026-03-17 13시15분18초	1773720918812]	10ms

[2026-03-17 13시15분18초	1773720918813]	NpcShopDatabase..
[2026-03-17 13시15분18초	1773720918846]	33ms

[2026-03-17 13시15분18초	1773720918848]	NpcTeleportDatabase..
[2026-03-17 13시15분18초	1773720918851]	3ms

[2026-03-17 13시15분19초	1773720919024]	NpcSpawnlistDatabase..
[2026-03-17 13시15분19초	1773720919075]	51ms

[2026-03-17 13시15분19초	1773720919077]	EventController..
[2026-03-17 13시15분19초	1773720919077]	0ms

[2026-03-17 13시15분19초	1773720919078]	MonsterDatabase..
[2026-03-17 13시15분19초	1773720919095]	17ms

[2026-03-17 13시15분19초	1773720919095]	MonsterDropDatabase..
[2026-03-17 13시15분19초	1773720919123]	28ms

[2026-03-17 13시15분19초	1773720919124]	MonsterSkillDatabase..
[2026-03-17 13시15분19초	1773720919142]	17ms

[2026-03-17 13시15분19초	1773720919143]	MonsterSpawnlistDatabase..
[2026-03-17 13시15분20초	1773720920160]	1017ms

[2026-03-17 13시15분20초	1773720920161]	MonsterBossSpawnlistDatabase..
[2026-03-17 13시15분20초	1773720920164]	3ms

[2026-03-17 13시15분20초	1773720920164]	ServerDownBossListDatabase..
[2026-03-17 13시15분20초	1773720920165]	1ms

[2026-03-17 13시15분20초	1773720920166]	BadIpDatabase..
[2026-03-17 13시15분20초	1773720920169]	2ms

[2026-03-17 13시15분20초	1773720920169]	QuestController..
[2026-03-17 13시15분20초	1773720920170]	1ms

[2026-03-17 13시15분20초	1773720920171]	ServerOpcodesDatabase..
[2026-03-17 13시15분20초	1773720920174]	3ms

[2026-03-17 13시15분20초	1773720920175]	ServerNoticeDatabase..
[2026-03-17 13시15분20초	1773720920178]	3ms

[2026-03-17 13시15분20초	1773720920179]	RankController..
[2026-03-17 13시15분20초	1773720920208]	29ms

[2026-03-17 13시15분20초	1773720920209]	WantedController..
[2026-03-17 13시15분20초	1773720920214]	5ms

[2026-03-17 13시15분20초	1773720920215]	TeleportHomeDatabase..
[2026-03-17 13시15분20초	1773720920248]	33ms

[2026-03-17 13시15분20초	1773720920248]	TeleportResetDatabase..
[2026-03-17 13시15분20초	1773720920280]	32ms

[2026-03-17 13시15분20초	1773720920281]	ItemPinewandDatabase..
[2026-03-17 13시15분20초	1773720920283]	2ms

[2026-03-17 13시15분20초	1773720920283]	ItemMaplewandDatabase..
[2026-03-17 13시15분20초	1773720920286]	3ms

[2026-03-17 13시15분20초	1773720920286]	SummonListDatabase..
[2026-03-17 13시15분20초	1773720920289]	3ms

[2026-03-17 13시15분20초	1773720920289]	GmListDatabase..
[2026-03-17 13시15분20초	1773720920291]	2ms

[2026-03-17 13시15분20초	1773720920292]	MagicdollListDatabase..
[2026-03-17 13시15분20초	1773720920295]	3ms

[2026-03-17 13시15분20초	1773720920298]	PcMarketController..
[2026-03-17 13시15분20초	1773720920300]	2ms

[2026-03-17 13시15분20초	1773720920300]	ServerOptionDatabase..
[2026-03-17 13시15분20초	1773720920301]	1ms

[2026-03-17 13시15분20초	1773720920302]	TimeDungeonDatabase..
[2026-03-17 13시15분20초	1773720920303]	1ms

[2026-03-17 13시15분20초	1773720920304]	TeamBattleDatabase..
[2026-03-17 13시15분20초	1773720920305]	1ms

[2026-03-17 13시15분20초	1773720920306]	LifeLostItemDatabase..
[2026-03-17 13시15분20초	1773720920308]	1ms

[2026-03-17 13시15분20초	1773720920308]	GmTeleportDatabase..
[2026-03-17 13시15분20초	1773720920310]	2ms

[2026-03-17 13시15분20초	1773720920312]	무인혈맹컨트롤러..
[2026-03-17 13시15분20초	1773720920313]	1ms

[2026-03-17 13시15분20초	1773720920314]	HackNoCheckDatabase..
[2026-03-17 13시15분20초	1773720920315]	1ms

[2026-03-17 13시15분20초	1773720920316]	EnchantLostItemDatabase..
[2026-03-17 13시15분20초	1773720920329]	13ms

[2026-03-17 13시15분20초	1773720920330]	ItemDropMessageDatabase..
[2026-03-17 13시15분20초	1773720920332]	2ms

[2026-03-17 13시15분20초	1773720920334]	FishingController..
[2026-03-17 13시15분20초	1773720920391]	57ms

[2026-03-17 13시15분20초	1773720920408]	RobotController..
[2026-03-17 13시15분20초	1773720920436]	28ms

[2026-03-17 13시15분20초	1773720920439]	Server..
[2026-03-17 13시15분20초	1773720920528]	89ms

[2026-03-17 13시15분20초	1773720920529]	ServerThread..
[2026-03-17 13시15분20초	1773720920529]	0ms

[2026-03-17 13시15분20초	1773720920530]	ControllerTherad..
[2026-03-17 13시15분20초	1773720920530]	0ms

[2026-03-17 13시15분20초	1773720920532]	CharacterThread..
[2026-03-17 13시15분20초	1773720920534]	2ms

[2026-03-17 13시15분20초	1773720920535]	DatabaseThread..
[2026-03-17 13시15분20초	1773720920535]	0ms

[2026-03-17 13시15분20초	1773720920536]	CharacterControlThread..
[2026-03-17 13시15분20초	1773720920536]	0ms

[2026-03-17 13시15분20초	1773720920540]	FightController..
[2026-03-17 13시15분20초	1773720920621]	81ms

[2026-03-17 13시15분20초	1773720920622]	TimeThread..
[2026-03-17 13시15분20초	1773720920622]	0ms

[2026-03-17 13시15분20초	1773720920623]	AutoHuntThread..
[2026-03-17 13시15분20초	1773720920623]	0ms

[2026-03-17 13시15분20초	1773720920623]	======================================================================
[2026-03-17 13시15분20초	1773720920624]	Server Version  :  Lineage 2.0

[2026-03-17 13시15분20초	1773720920624]	Server Port      :  2000

[2026-03-17 13시15분20초	1773720920624]	계정 자동생성  :  on

[2026-03-17 13시15분20초	1773720920624]	인챈트 : 1.0배  ||  드랍 : 7.0배  ||  경험치 : 50.0배  ||  아데나 : 40.0배  ||  파티 : 1.1배

[2026-03-17 13시15분20초	1773720920624]	======================================================================
[2026-03-17 13시15분20초	1773720920624]	'서버' 가동되었습니다.

[2026-03-17 13시16분43초	1773721003651]	서버가 즉시 종료됩니다...
[2026-03-17 13시16분44초	1773721004654]	Thread close..
[2026-03-17 13시16분45초	1773721005654]	Save Database..
[2026-03-17 13시16분46초	1773721006333]	Socket close..
[2026-03-17 13시16분46초	1773721006333]	LineageServer Close...
[2026-03-17 13시16분46초	1773721006337]	4ms

[2026-03-17 13시16분46초	1773721006337]	ok..
