[2026-01-04 19시19분19초	1767521959577]	Mysql..
[2026-01-04 19시19분19초	1767521959577]	2ms

[2026-01-04 19시19분19초	1767521959595]	lineage.conf file loading...
[2026-01-04 19시19분19초	1767521959625]	30ms

[2026-01-04 19시19분19초	1767521959633]	Lineage_Balance..
[2026-01-04 19시19분19초	1767521959641]	8ms

[2026-01-04 19시19분19초	1767521959642]	npc_promotion..
[2026-01-04 19시19분19초	1767521959642]	0ms

[2026-01-04 19시19분19초	1767521959651]	Socket..
[2026-01-04 19시19분19초	1767521959651]	0ms

[2026-01-04 19시19분19초	1767521959651]	Common..
[2026-01-04 19시19분19초	1767521959651]	0ms

[2026-01-04 19시19분19초	1767521959652]	EventThread..
[2026-01-04 19시19분19초	1767521959653]	0ms

[2026-01-04 19시19분19초	1767521959653]	AiExecuteThread..
[2026-01-04 19시19분19초	1767521959654]	1ms

[2026-01-04 19시19분19초	1767521959654]	AiThread..
[2026-01-04 19시19분19초	1767521959654]	0ms

[2026-01-04 19시19분19초	1767521959659]	World..
[2026-01-04 19시19분19초	1767521959753]	94ms

[2026-01-04 19시19분19초	1767521959757]	BookController..
[2026-01-04 19시19분19초	1767521959757]	0ms

[2026-01-04 19시19분19초	1767521959758]	InventoryController..
[2026-01-04 19시19분19초	1767521959758]	0ms

[2026-01-04 19시19분19초	1767521959759]	BasePacketPooling..
[2026-01-04 19시19분19초	1767521959759]	0ms

[2026-01-04 19시19분19초	1767521959763]	SkillController..
[2026-01-04 19시19분19초	1767521959763]	0ms

[2026-01-04 19시19분19초	1767521959771]	DamageController..
[2026-01-04 19시19분19초	1767521959771]	0ms

[2026-01-04 19시19분19초	1767521959779]	CharacterController..
[2026-01-04 19시19분19초	1767521959786]	0ms

[2026-01-04 19시19분19초	1767521959787]	TradeController..
[2026-01-04 19시19분19초	1767521959787]	0ms

[2026-01-04 19시19분19초	1767521959788]	DungeonController..
[2026-01-04 19시19분19초	1767521959788]	0ms

[2026-01-04 19시19분19초	1767521959789]	ShipController..
[2026-01-04 19시19분19초	1767521959789]	0ms

[2026-01-04 19시19분19초	1767521959789]	BuffController..
[2026-01-04 19시19분19초	1767521959790]	1ms

[2026-01-04 19시19분19초	1767521959793]	SummonController..
[2026-01-04 19시19분19초	1767521959793]	0ms

[2026-01-04 19시19분19초	1767521959794]	PartyController..
[2026-01-04 19시19분19초	1767521959794]	0ms

[2026-01-04 19시19분19초	1767521959795]	InnController..
[2026-01-04 19시19분19초	1767521959795]	0ms

[2026-01-04 19시19분19초	1767521959796]	BoardController..
[2026-01-04 19시19분19초	1767521959796]	0ms

[2026-01-04 19시19분19초	1767521959798]	LetterController..
[2026-01-04 19시19분19초	1767521959798]	0ms

[2026-01-04 19시19분19초	1767521959799]	UserShopController..
[2026-01-04 19시19분19초	1767521959799]	0ms

[2026-01-04 19시19분19초	1767521959801]	ChattingController..
[2026-01-04 19시19분19초	1767521959802]	1ms

[2026-01-04 19시19분19초	1767521959803]	ColosseumController..
[2026-01-04 19시19분19초	1767521959804]	1ms

[2026-01-04 19시19분19초	1767521959812]	CraftController..
[2026-01-04 19시19분19초	1767521959813]	1ms

[2026-01-04 19시19분19초	1767521959814]	BossController..
[2026-01-04 19시19분19초	1767521959814]	0ms

[2026-01-04 19시19분19초	1767521959815]	NoticeController..
[2026-01-04 19시19분19초	1767521959815]	0ms

[2026-01-04 19시19분19초	1767521959816]	FriendController..
[2026-01-04 19시19분19초	1767521959816]	0ms

[2026-01-04 19시19분19초	1767521959817]	BugScanningController..
[2026-01-04 19시19분19초	1767521959817]	0ms

[2026-01-04 19시19분19초	1767521959818]	MagicDollController..
[2026-01-04 19시19분19초	1767521959818]	0ms

[2026-01-04 19시19분19초	1767521959819]	ShopController..
[2026-01-04 19시19분19초	1767521959819]	0ms

[2026-01-04 19시19분19초	1767521959820]	WarehouseDatabase..
[2026-01-04 19시19분19초	1767521959820]	0ms

[2026-01-04 19시19분19초	1767521959820]	PakTools..
[2026-01-04 19시19분19초	1767521959822]	2ms

[2026-01-04 19시19분19초	1767521959822]	ScriptController...
[2026-01-04 19시19분19초	1767521959825]	3ms

[2026-01-04 19시19분19초	1767521959826]	GiranClanLordController..
[2026-01-04 19시19분19초	1767521959826]	0ms

[2026-01-04 19시19분19초	1767521959827]	TeamBattleController..
[2026-01-04 19시19분19초	1767521959827]	0ms

[2026-01-04 19시19분19초	1767521959828]	WorldClearController..
[2026-01-04 19시19분19초	1767521959828]	0ms

[2026-01-04 19시19분19초	1767521959829]	SpotController..
[2026-01-04 19시19분19초	1767521959829]	0ms

[2026-01-04 19시19분19초	1767521959829]	테베라스 컨트롤러..
[2026-01-04 19시19분19초	1767521959829]	0ms

[2026-01-04 19시19분19초	1767521959830]	지옥 컨트롤러..
[2026-01-04 19시19분19초	1767521959830]	0ms

[2026-01-04 19시19분19초	1767521959831]	지하수로 컨트롤러..
[2026-01-04 19시19분19초	1767521959831]	0ms

[2026-01-04 19시19분19초	1767521959831]	보물찾기컨트롤러..
[2026-01-04 19시19분19초	1767521959831]	0ms

[2026-01-04 19시19분19초	1767521959832]	마족신전 컨트롤러..
[2026-01-04 19시19분19초	1767521959832]	0ms

[2026-01-04 19시19분19초	1767521959833]	고무 컨트롤러..
[2026-01-04 19시19분19초	1767521959834]	정무던전 컨트롤러..
[2026-01-04 19시19분19초	1767521959837]	4ms

[2026-01-04 19시19분19초	1767521959838]	그신 컨트롤러..
[2026-01-04 19시19분19초	1767521959838]	0ms

[2026-01-04 19시19분19초	1767521959839]	라바던전 컨트롤러..
[2026-01-04 19시19분19초	1767521959839]	0ms

[2026-01-04 19시19분19초	1767521959840]	월드보스컨트롤러..
[2026-01-04 19시19분19초	1767521959840]	0ms

[2026-01-04 19시19분19초	1767521959840]	펭귄 사냥터 컨트롤러..
[2026-01-04 19시19분19초	1767521959840]	0ms

[2026-01-04 19시19분19초	1767521959841]	칠흑던전 컨트롤러..
[2026-01-04 19시19분19초	1767521959841]	악마왕의영토컨트롤러..
[2026-01-04 19시19분19초	1767521959841]	0ms

[2026-01-04 19시19분19초	1767521959842]	얼던컨트롤러..
[2026-01-04 19시19분19초	1767521959842]	0ms

[2026-01-04 19시19분19초	1767521959843]	기감 컨트롤러..
[2026-01-04 19시19분19초	1767521959843]	0ms

[2026-01-04 19시19분19초	1767521959843]	고라스컨트롤러..
[2026-01-04 19시19분19초	1767521959844]	1ms

[2026-01-04 19시19분19초	1767521959844]	드워프컨트롤러..
[2026-01-04 19시19분19초	1767521959844]	0ms

[2026-01-04 19시19분19초	1767521959845]	타임이벤트컨트롤러..
[2026-01-04 19시19분19초	1767521959845]	0ms

[2026-01-04 19시19분19초	1767521959846]	AutoHuntController..
[2026-01-04 19시19분19초	1767521959846]	0ms

[2026-01-04 19시19분19초	1767521959846]	DatabaseConnection..
[2026-01-04 19시19분20초	1767521960151]	305ms

[2026-01-04 19시19분20초	1767521960166]	ServerDatabase..
[2026-01-04 19시19분20초	1767521960204]	38ms

[2026-01-04 19시19분20초	1767521960208]	SlimeRaceController..
[2026-01-04 19시19분20초	1767521960210]	2ms

[2026-01-04 19시19분20초	1767521960212]	DogRaceController..
[2026-01-04 19시19분20초	1767521960214]	2ms

[2026-01-04 19시19분20초	1767521960217]	ClanController..
[2026-01-04 19시19분20초	1767521960224]	7ms

[2026-01-04 19시19분20초	1767521960227]	KingdomController..
[2026-01-04 19시19분20초	1767521960236]	9ms

[2026-01-04 19시19분20초	1767521960237]	AgitController..
[2026-01-04 19시19분20초	1767521960242]	5ms

[2026-01-04 19시19분20초	1767521960243]	AuctionController..
[2026-01-04 19시19분20초	1767521960251]	7ms

[2026-01-04 19시19분20초	1767521960256]	ItemDatabase..
[2026-01-04 19시19분20초	1767521960389]	133ms

[2026-01-04 19시19분20초	1767521960391]	ItemSetopionDatabase..
[2026-01-04 19시19분20초	1767521960396]	5ms

[2026-01-04 19시19분20초	1767521960398]	AutosellDatabase..
[2026-01-04 19시19분20초	1767521960419]	21ms

[2026-01-04 19시19분20초	1767521960420]	ItemSkillDatabase..
[2026-01-04 19시19분20초	1767521960423]	3ms

[2026-01-04 19시19분20초	1767521960423]	ItemBundleDatabase..
[2026-01-04 19시19분20초	1767521960427]	4ms

[2026-01-04 19시19분20초	1767521960428]	ItemChanceBundleDatabase..
[2026-01-04 19시19분20초	1767521960432]	4ms

[2026-01-04 19시19분20초	1767521960433]	FishItemListDatabase..
[2026-01-04 19시19분20초	1767521960435]	2ms

[2026-01-04 19시19분20초	1767521960436]	ItemTeleport..
[2026-01-04 19시19분20초	1767521960439]	3ms

[2026-01-04 19시19분20초	1767521960440]	PolyDatabase..
[2026-01-04 19시19분20초	1767521960443]	3ms

[2026-01-04 19시19분20초	1767521960444]	DungeonDatabase..
[2026-01-04 19시19분20초	1767521960449]	5ms

[2026-01-04 19시19분20초	1767521960449]	DefiniteDatabase..
[2026-01-04 19시19분20초	1767521960452]	3ms

[2026-01-04 19시19분20초	1767521960452]	ExpDatabase..
[2026-01-04 19시19분20초	1767521960454]	2ms

[2026-01-04 19시19분20초	1767521960454]	BackgroundDatabase..
[2026-01-04 19시19분20초	1767521960570]	116ms

[2026-01-04 19시19분20초	1767521960570]	SpriteFrameDatabase..
[2026-01-04 19시19분20초	1767521960636]	66ms

[2026-01-04 19시19분20초	1767521960637]	SkillDatabase..
[2026-01-04 19시19분20초	1767521960640]	3ms

[2026-01-04 19시19분20초	1767521960641]	NpcDatabase..
[2026-01-04 19시19분20초	1767521960650]	9ms

[2026-01-04 19시19분20초	1767521960651]	NpcShopDatabase..
[2026-01-04 19시19분20초	1767521960711]	60ms

[2026-01-04 19시19분20초	1767521960711]	NpcTeleportDatabase..
[2026-01-04 19시19분20초	1767521960713]	2ms

[2026-01-04 19시19분20초	1767521960841]	NpcSpawnlistDatabase..
[2026-01-04 19시19분20초	1767521960896]	55ms

[2026-01-04 19시19분20초	1767521960897]	EventController..
[2026-01-04 19시19분20초	1767521960898]	1ms

[2026-01-04 19시19분20초	1767521960899]	MonsterDatabase..
[2026-01-04 19시19분20초	1767521960915]	16ms

[2026-01-04 19시19분20초	1767521960916]	MonsterDropDatabase..
[2026-01-04 19시19분20초	1767521960941]	25ms

[2026-01-04 19시19분20초	1767521960942]	MonsterSkillDatabase..
[2026-01-04 19시19분20초	1767521960954]	12ms

[2026-01-04 19시19분20초	1767521960956]	MonsterSpawnlistDatabase..
[2026-01-04 19시19분21초	1767521961851]	895ms

[2026-01-04 19시19분21초	1767521961852]	MonsterBossSpawnlistDatabase..
[2026-01-04 19시19분21초	1767521961855]	3ms

[2026-01-04 19시19분21초	1767521961856]	ServerDownBossListDatabase..
[2026-01-04 19시19분21초	1767521961856]	0ms

[2026-01-04 19시19분21초	1767521961857]	BadIpDatabase..
[2026-01-04 19시19분21초	1767521961859]	2ms

[2026-01-04 19시19분21초	1767521961859]	QuestController..
[2026-01-04 19시19분21초	1767521961861]	2ms

[2026-01-04 19시19분21초	1767521961861]	ServerOpcodesDatabase..
[2026-01-04 19시19분21초	1767521961865]	4ms

[2026-01-04 19시19분21초	1767521961865]	ServerNoticeDatabase..
[2026-01-04 19시19분21초	1767521961868]	3ms

[2026-01-04 19시19분21초	1767521961869]	RankController..
[2026-01-04 19시19분21초	1767521961889]	20ms

[2026-01-04 19시19분21초	1767521961895]	WantedController..
[2026-01-04 19시19분21초	1767521961900]	5ms

[2026-01-04 19시19분21초	1767521961900]	TeleportHomeDatabase..
[2026-01-04 19시19분21초	1767521961932]	32ms

[2026-01-04 19시19분21초	1767521961933]	TeleportResetDatabase..
[2026-01-04 19시19분21초	1767521961962]	29ms

[2026-01-04 19시19분21초	1767521961963]	ItemPinewandDatabase..
[2026-01-04 19시19분21초	1767521961965]	2ms

[2026-01-04 19시19분21초	1767521961965]	ItemMaplewandDatabase..
[2026-01-04 19시19분21초	1767521961967]	2ms

[2026-01-04 19시19분21초	1767521961968]	SummonListDatabase..
[2026-01-04 19시19분21초	1767521961970]	2ms

[2026-01-04 19시19분21초	1767521961970]	GmListDatabase..
[2026-01-04 19시19분21초	1767521961971]	1ms

[2026-01-04 19시19분21초	1767521961972]	MagicdollListDatabase..
[2026-01-04 19시19분21초	1767521961974]	2ms

[2026-01-04 19시19분21초	1767521961977]	PcMarketController..
[2026-01-04 19시19분21초	1767521961979]	2ms

[2026-01-04 19시19분21초	1767521961979]	ServerOptionDatabase..
[2026-01-04 19시19분21초	1767521961980]	1ms

[2026-01-04 19시19분21초	1767521961981]	TimeDungeonDatabase..
[2026-01-04 19시19분21초	1767521961981]	0ms

[2026-01-04 19시19분21초	1767521961982]	TeamBattleDatabase..
[2026-01-04 19시19분21초	1767521961983]	1ms

[2026-01-04 19시19분21초	1767521961984]	LifeLostItemDatabase..
[2026-01-04 19시19분21초	1767521961985]	1ms

[2026-01-04 19시19분21초	1767521961986]	GmTeleportDatabase..
[2026-01-04 19시19분21초	1767521961987]	1ms

[2026-01-04 19시19분21초	1767521961989]	무인혈맹컨트롤러..
[2026-01-04 19시19분21초	1767521961990]	1ms

[2026-01-04 19시19분21초	1767521961991]	HackNoCheckDatabase..
[2026-01-04 19시19분21초	1767521961992]	1ms

[2026-01-04 19시19분21초	1767521961993]	EnchantLostItemDatabase..
[2026-01-04 19시19분22초	1767521962006]	13ms

[2026-01-04 19시19분22초	1767521962008]	ItemDropMessageDatabase..
[2026-01-04 19시19분22초	1767521962008]	0ms

[2026-01-04 19시19분22초	1767521962010]	FishingController..
[2026-01-04 19시19분22초	1767521962122]	112ms

[2026-01-04 19시19분22초	1767521962131]	RobotController..
[2026-01-04 19시19분22초	1767521962154]	23ms

[2026-01-04 19시19분22초	1767521962156]	Server..
[2026-01-04 19시19분22초	1767521962223]	66ms

[2026-01-04 19시19분22초	1767521962223]	ServerThread..
[2026-01-04 19시19분22초	1767521962223]	0ms

[2026-01-04 19시19분22초	1767521962224]	ControllerTherad..
[2026-01-04 19시19분22초	1767521962224]	0ms

[2026-01-04 19시19분22초	1767521962225]	CharacterThread..
[2026-01-04 19시19분22초	1767521962225]	0ms

[2026-01-04 19시19분22초	1767521962226]	DatabaseThread..
[2026-01-04 19시19분22초	1767521962226]	0ms

[2026-01-04 19시19분22초	1767521962227]	CharacterControlThread..
[2026-01-04 19시19분22초	1767521962228]	1ms

[2026-01-04 19시19분22초	1767521962234]	FightController..
[2026-01-04 19시19분22초	1767521962303]	69ms

[2026-01-04 19시19분22초	1767521962304]	TimeThread..
[2026-01-04 19시19분22초	1767521962304]	0ms

[2026-01-04 19시19분22초	1767521962304]	AutoHuntThread..
[2026-01-04 19시19분22초	1767521962305]	0ms

[2026-01-04 19시19분22초	1767521962305]	======================================================================
[2026-01-04 19시19분22초	1767521962305]	Server Version  :  Lineage 2.0

[2026-01-04 19시19분22초	1767521962305]	Server Port      :  2000

[2026-01-04 19시19분22초	1767521962305]	계정 자동생성  :  on

[2026-01-04 19시19분22초	1767521962305]	인챈트 : 1.0배  ||  드랍 : 3.0배  ||  경험치 : 30.0배  ||  아데나 : 12.0배  ||  파티 : 1.1배

[2026-01-04 19시19분22초	1767521962305]	======================================================================
[2026-01-04 19시19분22초	1767521962305]	'서버' 가동되었습니다.

[2026-01-04 19시22분22초	1767522142917]	자동 저장완료 2026-01-04 19시22분22초
[2026-01-04 19시25분23초	1767522323608]	자동 저장완료 2026-01-04 19시25분23초
[2026-01-04 19시28분24초	1767522504254]	자동 저장완료 2026-01-04 19시28분24초
[2026-01-04 19시31분24초	1767522684884]	자동 저장완료 2026-01-04 19시31분24초
[2026-01-04 19시33분05초	1767522785084]	서버가 즉시 종료됩니다...
[2026-01-04 19시33분06초	1767522786085]	Thread close..
[2026-01-04 19시33분07초	1767522787085]	Save Database..
[2026-01-04 19시33분07초	1767522787802]	Socket close..
[2026-01-04 19시33분07초	1767522787802]	LineageServer Close...
[2026-01-04 19시33분07초	1767522787802]	0ms

[2026-01-04 19시33분07초	1767522787802]	ok..
