[2026-01-13 10시26분36초	1768267596182]	Mysql..
[2026-01-13 10시26분36초	1768267596183]	2ms

[2026-01-13 10시26분36초	1768267596202]	lineage.conf file loading...
[2026-01-13 10시26분36초	1768267596232]	30ms

[2026-01-13 10시26분36초	1768267596239]	Lineage_Balance..
[2026-01-13 10시26분36초	1768267596247]	8ms

[2026-01-13 10시26분36초	1768267596255]	npc_promotion..
[2026-01-13 10시26분36초	1768267596255]	0ms

[2026-01-13 10시26분36초	1768267596256]	Socket..
[2026-01-13 10시26분36초	1768267596257]	0ms

[2026-01-13 10시26분36초	1768267596257]	Common..
[2026-01-13 10시26분36초	1768267596257]	0ms

[2026-01-13 10시26분36초	1768267596257]	EventThread..
[2026-01-13 10시26분36초	1768267596258]	1ms

[2026-01-13 10시26분36초	1768267596259]	AiExecuteThread..
[2026-01-13 10시26분36초	1768267596259]	0ms

[2026-01-13 10시26분36초	1768267596260]	AiThread..
[2026-01-13 10시26분36초	1768267596260]	0ms

[2026-01-13 10시26분36초	1768267596264]	World..
[2026-01-13 10시26분36초	1768267596361]	97ms

[2026-01-13 10시26분36초	1768267596362]	BookController..
[2026-01-13 10시26분36초	1768267596362]	0ms

[2026-01-13 10시26분36초	1768267596363]	InventoryController..
[2026-01-13 10시26분36초	1768267596363]	0ms

[2026-01-13 10시26분36초	1768267596363]	BasePacketPooling..
[2026-01-13 10시26분36초	1768267596364]	1ms

[2026-01-13 10시26분36초	1768267596366]	SkillController..
[2026-01-13 10시26분36초	1768267596366]	0ms

[2026-01-13 10시26분36초	1768267596376]	DamageController..
[2026-01-13 10시26분36초	1768267596376]	0ms

[2026-01-13 10시26분36초	1768267596378]	CharacterController..
[2026-01-13 10시26분36초	1768267596378]	0ms

[2026-01-13 10시26분36초	1768267596379]	TradeController..
[2026-01-13 10시26분36초	1768267596379]	0ms

[2026-01-13 10시26분36초	1768267596379]	DungeonController..
[2026-01-13 10시26분36초	1768267596379]	0ms

[2026-01-13 10시26분36초	1768267596380]	ShipController..
[2026-01-13 10시26분36초	1768267596380]	0ms

[2026-01-13 10시26분36초	1768267596381]	BuffController..
[2026-01-13 10시26분36초	1768267596381]	0ms

[2026-01-13 10시26분36초	1768267596385]	SummonController..
[2026-01-13 10시26분36초	1768267596385]	0ms

[2026-01-13 10시26분36초	1768267596385]	PartyController..
[2026-01-13 10시26분36초	1768267596386]	1ms

[2026-01-13 10시26분36초	1768267596386]	InnController..
[2026-01-13 10시26분36초	1768267596386]	0ms

[2026-01-13 10시26분36초	1768267596387]	BoardController..
[2026-01-13 10시26분36초	1768267596387]	0ms

[2026-01-13 10시26분36초	1768267596389]	LetterController..
[2026-01-13 10시26분36초	1768267596389]	0ms

[2026-01-13 10시26분36초	1768267596390]	UserShopController..
[2026-01-13 10시26분36초	1768267596390]	0ms

[2026-01-13 10시26분36초	1768267596391]	ChattingController..
[2026-01-13 10시26분36초	1768267596392]	1ms

[2026-01-13 10시26분36초	1768267596393]	ColosseumController..
[2026-01-13 10시26분36초	1768267596394]	1ms

[2026-01-13 10시26분36초	1768267596394]	CraftController..
[2026-01-13 10시26분36초	1768267596394]	0ms

[2026-01-13 10시26분36초	1768267596395]	BossController..
[2026-01-13 10시26분36초	1768267596395]	0ms

[2026-01-13 10시26분36초	1768267596396]	NoticeController..
[2026-01-13 10시26분36초	1768267596397]	1ms

[2026-01-13 10시26분36초	1768267596398]	FriendController..
[2026-01-13 10시26분36초	1768267596398]	0ms

[2026-01-13 10시26분36초	1768267596406]	BugScanningController..
[2026-01-13 10시26분36초	1768267596406]	0ms

[2026-01-13 10시26분36초	1768267596415]	MagicDollController..
[2026-01-13 10시26분36초	1768267596415]	0ms

[2026-01-13 10시26분36초	1768267596416]	ShopController..
[2026-01-13 10시26분36초	1768267596416]	0ms

[2026-01-13 10시26분36초	1768267596417]	WarehouseDatabase..
[2026-01-13 10시26분36초	1768267596417]	0ms

[2026-01-13 10시26분36초	1768267596417]	PakTools..
[2026-01-13 10시26분36초	1768267596418]	1ms

[2026-01-13 10시26분36초	1768267596419]	ScriptController...
[2026-01-13 10시26분36초	1768267596421]	2ms

[2026-01-13 10시26분36초	1768267596422]	GiranClanLordController..
[2026-01-13 10시26분36초	1768267596422]	0ms

[2026-01-13 10시26분36초	1768267596423]	TeamBattleController..
[2026-01-13 10시26분36초	1768267596423]	0ms

[2026-01-13 10시26분36초	1768267596424]	WorldClearController..
[2026-01-13 10시26분36초	1768267596424]	0ms

[2026-01-13 10시26분36초	1768267596425]	SpotController..
[2026-01-13 10시26분36초	1768267596425]	0ms

[2026-01-13 10시26분36초	1768267596428]	테베라스 컨트롤러..
[2026-01-13 10시26분36초	1768267596428]	3ms

[2026-01-13 10시26분36초	1768267596429]	지옥 컨트롤러..
[2026-01-13 10시26분36초	1768267596429]	0ms

[2026-01-13 10시26분36초	1768267596429]	지하수로 컨트롤러..
[2026-01-13 10시26분36초	1768267596429]	0ms

[2026-01-13 10시26분36초	1768267596430]	보물찾기컨트롤러..
[2026-01-13 10시26분36초	1768267596430]	0ms

[2026-01-13 10시26분36초	1768267596430]	마족신전 컨트롤러..
[2026-01-13 10시26분36초	1768267596430]	0ms

[2026-01-13 10시26분36초	1768267596431]	고무 컨트롤러..
[2026-01-13 10시26분36초	1768267596432]	정무던전 컨트롤러..
[2026-01-13 10시26분36초	1768267596436]	4ms

[2026-01-13 10시26분36초	1768267596436]	그신 컨트롤러..
[2026-01-13 10시26분36초	1768267596436]	0ms

[2026-01-13 10시26분36초	1768267596437]	라바던전 컨트롤러..
[2026-01-13 10시26분36초	1768267596437]	0ms

[2026-01-13 10시26분36초	1768267596437]	월드보스컨트롤러..
[2026-01-13 10시26분36초	1768267596437]	0ms

[2026-01-13 10시26분36초	1768267596438]	펭귄 사냥터 컨트롤러..
[2026-01-13 10시26분36초	1768267596438]	0ms

[2026-01-13 10시26분36초	1768267596439]	칠흑던전 컨트롤러..
[2026-01-13 10시26분36초	1768267596439]	악마왕의영토컨트롤러..
[2026-01-13 10시26분36초	1768267596439]	0ms

[2026-01-13 10시26분36초	1768267596440]	얼던컨트롤러..
[2026-01-13 10시26분36초	1768267596440]	0ms

[2026-01-13 10시26분36초	1768267596441]	기감 컨트롤러..
[2026-01-13 10시26분36초	1768267596441]	0ms

[2026-01-13 10시26분36초	1768267596441]	고라스컨트롤러..
[2026-01-13 10시26분36초	1768267596441]	0ms

[2026-01-13 10시26분36초	1768267596442]	드워프컨트롤러..
[2026-01-13 10시26분36초	1768267596442]	0ms

[2026-01-13 10시26분36초	1768267596442]	타임이벤트컨트롤러..
[2026-01-13 10시26분36초	1768267596443]	1ms

[2026-01-13 10시26분36초	1768267596443]	AutoHuntController..
[2026-01-13 10시26분36초	1768267596443]	0ms

[2026-01-13 10시26분36초	1768267596458]	DatabaseConnection..
[2026-01-13 10시26분36초	1768267596768]	310ms

[2026-01-13 10시26분36초	1768267596791]	ServerDatabase..
[2026-01-13 10시26분36초	1768267596821]	30ms

[2026-01-13 10시26분36초	1768267596824]	SlimeRaceController..
[2026-01-13 10시26분36초	1768267596826]	2ms

[2026-01-13 10시26분36초	1768267596828]	DogRaceController..
[2026-01-13 10시26분36초	1768267596830]	2ms

[2026-01-13 10시26분36초	1768267596833]	ClanController..
[2026-01-13 10시26분36초	1768267596839]	6ms

[2026-01-13 10시26분36초	1768267596842]	KingdomController..
[2026-01-13 10시26분36초	1768267596851]	9ms

[2026-01-13 10시26분36초	1768267596852]	AgitController..
[2026-01-13 10시26분36초	1768267596857]	4ms

[2026-01-13 10시26분36초	1768267596858]	AuctionController..
[2026-01-13 10시26분36초	1768267596862]	4ms

[2026-01-13 10시26분36초	1768267596867]	ItemDatabase..
[2026-01-13 10시26분36초	1768267596989]	122ms

[2026-01-13 10시26분36초	1768267596990]	ItemSetopionDatabase..
[2026-01-13 10시26분36초	1768267596992]	2ms

[2026-01-13 10시26분36초	1768267596993]	AutosellDatabase..
[2026-01-13 10시26분37초	1768267597013]	20ms

[2026-01-13 10시26분37초	1768267597014]	ItemSkillDatabase..
[2026-01-13 10시26분37초	1768267597017]	3ms

[2026-01-13 10시26분37초	1768267597017]	ItemBundleDatabase..
[2026-01-13 10시26분37초	1768267597021]	4ms

[2026-01-13 10시26분37초	1768267597022]	ItemChanceBundleDatabase..
[2026-01-13 10시26분37초	1768267597025]	3ms

[2026-01-13 10시26분37초	1768267597026]	FishItemListDatabase..
[2026-01-13 10시26분37초	1768267597027]	1ms

[2026-01-13 10시26분37초	1768267597028]	ItemTeleport..
[2026-01-13 10시26분37초	1768267597031]	3ms

[2026-01-13 10시26분37초	1768267597033]	PolyDatabase..
[2026-01-13 10시26분37초	1768267597036]	3ms

[2026-01-13 10시26분37초	1768267597037]	DungeonDatabase..
[2026-01-13 10시26분37초	1768267597042]	5ms

[2026-01-13 10시26분37초	1768267597043]	DefiniteDatabase..
[2026-01-13 10시26분37초	1768267597045]	2ms

[2026-01-13 10시26분37초	1768267597048]	ExpDatabase..
[2026-01-13 10시26분37초	1768267597050]	2ms

[2026-01-13 10시26분37초	1768267597050]	BackgroundDatabase..
[2026-01-13 10시26분37초	1768267597184]	133ms

[2026-01-13 10시26분37초	1768267597184]	SpriteFrameDatabase..
[2026-01-13 10시26분37초	1768267597257]	73ms

[2026-01-13 10시26분37초	1768267597258]	SkillDatabase..
[2026-01-13 10시26분37초	1768267597261]	3ms

[2026-01-13 10시26분37초	1768267597262]	NpcDatabase..
[2026-01-13 10시26분37초	1768267597270]	8ms

[2026-01-13 10시26분37초	1768267597271]	NpcShopDatabase..
[2026-01-13 10시26분37초	1768267597348]	77ms

[2026-01-13 10시26분37초	1768267597349]	NpcTeleportDatabase..
[2026-01-13 10시26분37초	1768267597351]	2ms

[2026-01-13 10시26분37초	1768267597493]	NpcSpawnlistDatabase..
[2026-01-13 10시26분37초	1768267597557]	64ms

[2026-01-13 10시26분37초	1768267597559]	EventController..
[2026-01-13 10시26분37초	1768267597559]	0ms

[2026-01-13 10시26분37초	1768267597560]	MonsterDatabase..
[2026-01-13 10시26분37초	1768267597576]	16ms

[2026-01-13 10시26분37초	1768267597577]	MonsterDropDatabase..
[2026-01-13 10시26분37초	1768267597604]	27ms

[2026-01-13 10시26분37초	1768267597605]	MonsterSkillDatabase..
[2026-01-13 10시26분37초	1768267597620]	15ms

[2026-01-13 10시26분37초	1768267597622]	MonsterSpawnlistDatabase..
[2026-01-13 10시26분38초	1768267598603]	981ms

[2026-01-13 10시26분38초	1768267598604]	MonsterBossSpawnlistDatabase..
[2026-01-13 10시26분38초	1768267598607]	3ms

[2026-01-13 10시26분38초	1768267598607]	ServerDownBossListDatabase..
[2026-01-13 10시26분38초	1768267598609]	2ms

[2026-01-13 10시26분38초	1768267598610]	BadIpDatabase..
[2026-01-13 10시26분38초	1768267598612]	2ms

[2026-01-13 10시26분38초	1768267598612]	QuestController..
[2026-01-13 10시26분38초	1768267598614]	2ms

[2026-01-13 10시26분38초	1768267598615]	ServerOpcodesDatabase..
[2026-01-13 10시26분38초	1768267598618]	3ms

[2026-01-13 10시26분38초	1768267598619]	ServerNoticeDatabase..
[2026-01-13 10시26분38초	1768267598621]	2ms

[2026-01-13 10시26분38초	1768267598622]	RankController..
[2026-01-13 10시26분38초	1768267598645]	23ms

[2026-01-13 10시26분38초	1768267598646]	WantedController..
[2026-01-13 10시26분38초	1768267598651]	5ms

[2026-01-13 10시26분38초	1768267598652]	TeleportHomeDatabase..
[2026-01-13 10시26분38초	1768267598683]	31ms

[2026-01-13 10시26분38초	1768267598684]	TeleportResetDatabase..
[2026-01-13 10시26분38초	1768267598713]	29ms

[2026-01-13 10시26분38초	1768267598713]	ItemPinewandDatabase..
[2026-01-13 10시26분38초	1768267598716]	3ms

[2026-01-13 10시26분38초	1768267598716]	ItemMaplewandDatabase..
[2026-01-13 10시26분38초	1768267598718]	2ms

[2026-01-13 10시26분38초	1768267598719]	SummonListDatabase..
[2026-01-13 10시26분38초	1768267598721]	2ms

[2026-01-13 10시26분38초	1768267598721]	GmListDatabase..
[2026-01-13 10시26분38초	1768267598722]	1ms

[2026-01-13 10시26분38초	1768267598723]	MagicdollListDatabase..
[2026-01-13 10시26분38초	1768267598726]	2ms

[2026-01-13 10시26분38초	1768267598730]	PcMarketController..
[2026-01-13 10시26분38초	1768267598731]	1ms

[2026-01-13 10시26분38초	1768267598731]	ServerOptionDatabase..
[2026-01-13 10시26분38초	1768267598732]	1ms

[2026-01-13 10시26분38초	1768267598733]	TimeDungeonDatabase..
[2026-01-13 10시26분38초	1768267598733]	0ms

[2026-01-13 10시26분38초	1768267598734]	TeamBattleDatabase..
[2026-01-13 10시26분38초	1768267598735]	1ms

[2026-01-13 10시26분38초	1768267598736]	LifeLostItemDatabase..
[2026-01-13 10시26분38초	1768267598737]	1ms

[2026-01-13 10시26분38초	1768267598738]	GmTeleportDatabase..
[2026-01-13 10시26분38초	1768267598739]	1ms

[2026-01-13 10시26분38초	1768267598741]	무인혈맹컨트롤러..
[2026-01-13 10시26분38초	1768267598742]	1ms

[2026-01-13 10시26분38초	1768267598743]	HackNoCheckDatabase..
[2026-01-13 10시26분38초	1768267598744]	1ms

[2026-01-13 10시26분38초	1768267598745]	EnchantLostItemDatabase..
[2026-01-13 10시26분38초	1768267598768]	23ms

[2026-01-13 10시26분38초	1768267598769]	ItemDropMessageDatabase..
[2026-01-13 10시26분38초	1768267598770]	0ms

[2026-01-13 10시26분38초	1768267598771]	FishingController..
[2026-01-13 10시26분39초	1768267599030]	259ms

[2026-01-13 10시26분39초	1768267599041]	RobotController..
[2026-01-13 10시26분39초	1768267599064]	23ms

[2026-01-13 10시26분39초	1768267599066]	Server..
[2026-01-13 10시26분39초	1768267599123]	57ms

[2026-01-13 10시26분39초	1768267599124]	ServerThread..
[2026-01-13 10시26분39초	1768267599124]	0ms

[2026-01-13 10시26분39초	1768267599125]	ControllerTherad..
[2026-01-13 10시26분39초	1768267599125]	0ms

[2026-01-13 10시26분39초	1768267599130]	CharacterThread..
[2026-01-13 10시26분39초	1768267599130]	0ms

[2026-01-13 10시26분39초	1768267599131]	DatabaseThread..
[2026-01-13 10시26분39초	1768267599131]	0ms

[2026-01-13 10시26분39초	1768267599132]	CharacterControlThread..
[2026-01-13 10시26분39초	1768267599132]	0ms

[2026-01-13 10시26분39초	1768267599136]	FightController..
[2026-01-13 10시26분39초	1768267599203]	67ms

[2026-01-13 10시26분39초	1768267599204]	TimeThread..
[2026-01-13 10시26분39초	1768267599204]	0ms

[2026-01-13 10시26분39초	1768267599204]	AutoHuntThread..
[2026-01-13 10시26분39초	1768267599204]	0ms

[2026-01-13 10시26분39초	1768267599204]	======================================================================
[2026-01-13 10시26분39초	1768267599205]	Server Version  :  Lineage 2.0

[2026-01-13 10시26분39초	1768267599205]	Server Port      :  2000

[2026-01-13 10시26분39초	1768267599205]	계정 자동생성  :  on

[2026-01-13 10시26분39초	1768267599205]	인챈트 : 1.0배  ||  드랍 : 3.0배  ||  경험치 : 30.0배  ||  아데나 : 12.0배  ||  파티 : 1.1배

[2026-01-13 10시26분39초	1768267599205]	======================================================================
[2026-01-13 10시26분39초	1768267599205]	'서버' 가동되었습니다.

[2026-01-13 10시27분18초	1768267638908]	서버가 즉시 종료됩니다...
[2026-01-13 10시27분19초	1768267639910]	Thread close..
[2026-01-13 10시27분20초	1768267640911]	Save Database..
[2026-01-13 10시27분21초	1768267641873]	Socket close..
[2026-01-13 10시27분21초	1768267641873]	LineageServer Close...
[2026-01-13 10시27분21초	1768267641873]	0ms

[2026-01-13 10시27분21초	1768267641873]	ok..
