[2026-01-13 01시51분28초	1768236688474]	Mysql..
[2026-01-13 01시51분28초	1768236688474]	1ms

[2026-01-13 01시51분28초	1768236688491]	lineage.conf file loading...
[2026-01-13 01시51분28초	1768236688519]	28ms

[2026-01-13 01시51분28초	1768236688526]	Lineage_Balance..
[2026-01-13 01시51분28초	1768236688534]	8ms

[2026-01-13 01시51분28초	1768236688535]	npc_promotion..
[2026-01-13 01시51분28초	1768236688535]	0ms

[2026-01-13 01시51분28초	1768236688536]	Socket..
[2026-01-13 01시51분28초	1768236688536]	0ms

[2026-01-13 01시51분28초	1768236688536]	Common..
[2026-01-13 01시51분28초	1768236688537]	0ms

[2026-01-13 01시51분28초	1768236688537]	EventThread..
[2026-01-13 01시51분28초	1768236688538]	1ms

[2026-01-13 01시51분28초	1768236688538]	AiExecuteThread..
[2026-01-13 01시51분28초	1768236688539]	1ms

[2026-01-13 01시51분28초	1768236688539]	AiThread..
[2026-01-13 01시51분28초	1768236688540]	1ms

[2026-01-13 01시51분28초	1768236688543]	World..
[2026-01-13 01시51분28초	1768236688635]	91ms

[2026-01-13 01시51분28초	1768236688636]	BookController..
[2026-01-13 01시51분28초	1768236688636]	0ms

[2026-01-13 01시51분28초	1768236688637]	InventoryController..
[2026-01-13 01시51분28초	1768236688637]	0ms

[2026-01-13 01시51분28초	1768236688637]	BasePacketPooling..
[2026-01-13 01시51분28초	1768236688638]	1ms

[2026-01-13 01시51분28초	1768236688640]	SkillController..
[2026-01-13 01시51분28초	1768236688640]	0ms

[2026-01-13 01시51분28초	1768236688646]	DamageController..
[2026-01-13 01시51분28초	1768236688647]	1ms

[2026-01-13 01시51분28초	1768236688649]	CharacterController..
[2026-01-13 01시51분28초	1768236688649]	0ms

[2026-01-13 01시51분28초	1768236688650]	TradeController..
[2026-01-13 01시51분28초	1768236688650]	0ms

[2026-01-13 01시51분28초	1768236688650]	DungeonController..
[2026-01-13 01시51분28초	1768236688650]	0ms

[2026-01-13 01시51분28초	1768236688651]	ShipController..
[2026-01-13 01시51분28초	1768236688651]	0ms

[2026-01-13 01시51분28초	1768236688652]	BuffController..
[2026-01-13 01시51분28초	1768236688652]	0ms

[2026-01-13 01시51분28초	1768236688662]	SummonController..
[2026-01-13 01시51분28초	1768236688662]	0ms

[2026-01-13 01시51분28초	1768236688663]	PartyController..
[2026-01-13 01시51분28초	1768236688663]	0ms

[2026-01-13 01시51분28초	1768236688664]	InnController..
[2026-01-13 01시51분28초	1768236688664]	0ms

[2026-01-13 01시51분28초	1768236688665]	BoardController..
[2026-01-13 01시51분28초	1768236688665]	0ms

[2026-01-13 01시51분28초	1768236688667]	LetterController..
[2026-01-13 01시51분28초	1768236688667]	0ms

[2026-01-13 01시51분28초	1768236688668]	UserShopController..
[2026-01-13 01시51분28초	1768236688668]	0ms

[2026-01-13 01시51분28초	1768236688669]	ChattingController..
[2026-01-13 01시51분28초	1768236688670]	1ms

[2026-01-13 01시51분28초	1768236688678]	ColosseumController..
[2026-01-13 01시51분28초	1768236688678]	0ms

[2026-01-13 01시51분28초	1768236688679]	CraftController..
[2026-01-13 01시51분28초	1768236688679]	0ms

[2026-01-13 01시51분28초	1768236688680]	BossController..
[2026-01-13 01시51분28초	1768236688680]	0ms

[2026-01-13 01시51분28초	1768236688689]	NoticeController..
[2026-01-13 01시51분28초	1768236688689]	0ms

[2026-01-13 01시51분28초	1768236688690]	FriendController..
[2026-01-13 01시51분28초	1768236688690]	0ms

[2026-01-13 01시51분28초	1768236688690]	BugScanningController..
[2026-01-13 01시51분28초	1768236688690]	0ms

[2026-01-13 01시51분28초	1768236688691]	MagicDollController..
[2026-01-13 01시51분28초	1768236688691]	0ms

[2026-01-13 01시51분28초	1768236688692]	ShopController..
[2026-01-13 01시51분28초	1768236688692]	0ms

[2026-01-13 01시51분28초	1768236688693]	WarehouseDatabase..
[2026-01-13 01시51분28초	1768236688693]	0ms

[2026-01-13 01시51분28초	1768236688694]	PakTools..
[2026-01-13 01시51분28초	1768236688695]	1ms

[2026-01-13 01시51분28초	1768236688695]	ScriptController...
[2026-01-13 01시51분28초	1768236688698]	3ms

[2026-01-13 01시51분28초	1768236688699]	GiranClanLordController..
[2026-01-13 01시51분28초	1768236688699]	0ms

[2026-01-13 01시51분28초	1768236688700]	TeamBattleController..
[2026-01-13 01시51분28초	1768236688700]	0ms

[2026-01-13 01시51분28초	1768236688700]	WorldClearController..
[2026-01-13 01시51분28초	1768236688700]	0ms

[2026-01-13 01시51분28초	1768236688701]	SpotController..
[2026-01-13 01시51분28초	1768236688704]	0ms

[2026-01-13 01시51분28초	1768236688704]	테베라스 컨트롤러..
[2026-01-13 01시51분28초	1768236688705]	1ms

[2026-01-13 01시51분28초	1768236688705]	지옥 컨트롤러..
[2026-01-13 01시51분28초	1768236688705]	0ms

[2026-01-13 01시51분28초	1768236688706]	지하수로 컨트롤러..
[2026-01-13 01시51분28초	1768236688706]	0ms

[2026-01-13 01시51분28초	1768236688706]	보물찾기컨트롤러..
[2026-01-13 01시51분28초	1768236688706]	0ms

[2026-01-13 01시51분28초	1768236688707]	마족신전 컨트롤러..
[2026-01-13 01시51분28초	1768236688707]	0ms

[2026-01-13 01시51분28초	1768236688708]	고무 컨트롤러..
[2026-01-13 01시51분28초	1768236688709]	정무던전 컨트롤러..
[2026-01-13 01시51분28초	1768236688712]	3ms

[2026-01-13 01시51분28초	1768236688713]	그신 컨트롤러..
[2026-01-13 01시51분28초	1768236688713]	0ms

[2026-01-13 01시51분28초	1768236688714]	라바던전 컨트롤러..
[2026-01-13 01시51분28초	1768236688714]	0ms

[2026-01-13 01시51분28초	1768236688715]	월드보스컨트롤러..
[2026-01-13 01시51분28초	1768236688715]	0ms

[2026-01-13 01시51분28초	1768236688715]	펭귄 사냥터 컨트롤러..
[2026-01-13 01시51분28초	1768236688716]	1ms

[2026-01-13 01시51분28초	1768236688716]	칠흑던전 컨트롤러..
[2026-01-13 01시51분28초	1768236688717]	악마왕의영토컨트롤러..
[2026-01-13 01시51분28초	1768236688717]	0ms

[2026-01-13 01시51분28초	1768236688718]	얼던컨트롤러..
[2026-01-13 01시51분28초	1768236688718]	0ms

[2026-01-13 01시51분28초	1768236688718]	기감 컨트롤러..
[2026-01-13 01시51분28초	1768236688719]	1ms

[2026-01-13 01시51분28초	1768236688719]	고라스컨트롤러..
[2026-01-13 01시51분28초	1768236688719]	0ms

[2026-01-13 01시51분28초	1768236688720]	드워프컨트롤러..
[2026-01-13 01시51분28초	1768236688720]	0ms

[2026-01-13 01시51분28초	1768236688720]	타임이벤트컨트롤러..
[2026-01-13 01시51분28초	1768236688720]	0ms

[2026-01-13 01시51분28초	1768236688721]	AutoHuntController..
[2026-01-13 01시51분28초	1768236688721]	0ms

[2026-01-13 01시51분28초	1768236688733]	DatabaseConnection..
[2026-01-13 01시51분29초	1768236689039]	306ms

[2026-01-13 01시51분29초	1768236689053]	ServerDatabase..
[2026-01-13 01시51분29초	1768236689091]	38ms

[2026-01-13 01시51분29초	1768236689094]	SlimeRaceController..
[2026-01-13 01시51분29초	1768236689096]	2ms

[2026-01-13 01시51분29초	1768236689098]	DogRaceController..
[2026-01-13 01시51분29초	1768236689100]	1ms

[2026-01-13 01시51분29초	1768236689102]	ClanController..
[2026-01-13 01시51분29초	1768236689108]	6ms

[2026-01-13 01시51분29초	1768236689111]	KingdomController..
[2026-01-13 01시51분29초	1768236689120]	9ms

[2026-01-13 01시51분29초	1768236689121]	AgitController..
[2026-01-13 01시51분29초	1768236689126]	5ms

[2026-01-13 01시51분29초	1768236689127]	AuctionController..
[2026-01-13 01시51분29초	1768236689133]	6ms

[2026-01-13 01시51분29초	1768236689139]	ItemDatabase..
[2026-01-13 01시51분29초	1768236689328]	189ms

[2026-01-13 01시51분29초	1768236689329]	ItemSetopionDatabase..
[2026-01-13 01시51분29초	1768236689333]	3ms

[2026-01-13 01시51분29초	1768236689334]	AutosellDatabase..
[2026-01-13 01시51분29초	1768236689354]	19ms

[2026-01-13 01시51분29초	1768236689354]	ItemSkillDatabase..
[2026-01-13 01시51분29초	1768236689356]	2ms

[2026-01-13 01시51분29초	1768236689357]	ItemBundleDatabase..
[2026-01-13 01시51분29초	1768236689359]	2ms

[2026-01-13 01시51분29초	1768236689360]	ItemChanceBundleDatabase..
[2026-01-13 01시51분29초	1768236689363]	3ms

[2026-01-13 01시51분29초	1768236689364]	FishItemListDatabase..
[2026-01-13 01시51분29초	1768236689366]	2ms

[2026-01-13 01시51분29초	1768236689367]	ItemTeleport..
[2026-01-13 01시51분29초	1768236689368]	1ms

[2026-01-13 01시51분29초	1768236689370]	PolyDatabase..
[2026-01-13 01시51분29초	1768236689372]	2ms

[2026-01-13 01시51분29초	1768236689372]	DungeonDatabase..
[2026-01-13 01시51분29초	1768236689376]	4ms

[2026-01-13 01시51분29초	1768236689377]	DefiniteDatabase..
[2026-01-13 01시51분29초	1768236689378]	1ms

[2026-01-13 01시51분29초	1768236689379]	ExpDatabase..
[2026-01-13 01시51분29초	1768236689380]	1ms

[2026-01-13 01시51분29초	1768236689380]	BackgroundDatabase..
[2026-01-13 01시51분29초	1768236689521]	141ms

[2026-01-13 01시51분29초	1768236689521]	SpriteFrameDatabase..
[2026-01-13 01시51분29초	1768236689579]	58ms

[2026-01-13 01시51분29초	1768236689581]	SkillDatabase..
[2026-01-13 01시51분29초	1768236689583]	3ms

[2026-01-13 01시51분29초	1768236689584]	NpcDatabase..
[2026-01-13 01시51분29초	1768236689590]	6ms

[2026-01-13 01시51분29초	1768236689591]	NpcShopDatabase..
[2026-01-13 01시51분29초	1768236689651]	59ms

[2026-01-13 01시51분29초	1768236689651]	NpcTeleportDatabase..
[2026-01-13 01시51분29초	1768236689653]	2ms

[2026-01-13 01시51분29초	1768236689806]	NpcSpawnlistDatabase..
[2026-01-13 01시51분29초	1768236689873]	67ms

[2026-01-13 01시51분29초	1768236689874]	EventController..
[2026-01-13 01시51분29초	1768236689875]	1ms

[2026-01-13 01시51분29초	1768236689876]	MonsterDatabase..
[2026-01-13 01시51분29초	1768236689891]	15ms

[2026-01-13 01시51분29초	1768236689899]	MonsterDropDatabase..
[2026-01-13 01시51분29초	1768236689925]	26ms

[2026-01-13 01시51분29초	1768236689927]	MonsterSkillDatabase..
[2026-01-13 01시51분29초	1768236689938]	11ms

[2026-01-13 01시51분29초	1768236689940]	MonsterSpawnlistDatabase..
[2026-01-13 01시51분30초	1768236690916]	976ms

[2026-01-13 01시51분30초	1768236690917]	MonsterBossSpawnlistDatabase..
[2026-01-13 01시51분30초	1768236690919]	2ms

[2026-01-13 01시51분30초	1768236690919]	ServerDownBossListDatabase..
[2026-01-13 01시51분30초	1768236690920]	1ms

[2026-01-13 01시51분30초	1768236690921]	BadIpDatabase..
[2026-01-13 01시51분30초	1768236690922]	1ms

[2026-01-13 01시51분30초	1768236690922]	QuestController..
[2026-01-13 01시51분30초	1768236690923]	1ms

[2026-01-13 01시51분30초	1768236690924]	ServerOpcodesDatabase..
[2026-01-13 01시51분30초	1768236690926]	2ms

[2026-01-13 01시51분30초	1768236690927]	ServerNoticeDatabase..
[2026-01-13 01시51분30초	1768236690928]	1ms

[2026-01-13 01시51분30초	1768236690929]	RankController..
[2026-01-13 01시51분30초	1768236690952]	23ms

[2026-01-13 01시51분30초	1768236690953]	WantedController..
[2026-01-13 01시51분30초	1768236690955]	2ms

[2026-01-13 01시51분30초	1768236690955]	TeleportHomeDatabase..
[2026-01-13 01시51분30초	1768236690983]	28ms

[2026-01-13 01시51분30초	1768236690984]	TeleportResetDatabase..
[2026-01-13 01시51분31초	1768236691014]	30ms

[2026-01-13 01시51분31초	1768236691014]	ItemPinewandDatabase..
[2026-01-13 01시51분31초	1768236691016]	2ms

[2026-01-13 01시51분31초	1768236691016]	ItemMaplewandDatabase..
[2026-01-13 01시51분31초	1768236691018]	2ms

[2026-01-13 01시51분31초	1768236691019]	SummonListDatabase..
[2026-01-13 01시51분31초	1768236691020]	1ms

[2026-01-13 01시51분31초	1768236691020]	GmListDatabase..
[2026-01-13 01시51분31초	1768236691021]	1ms

[2026-01-13 01시51분31초	1768236691022]	MagicdollListDatabase..
[2026-01-13 01시51분31초	1768236691024]	1ms

[2026-01-13 01시51분31초	1768236691027]	PcMarketController..
[2026-01-13 01시51분31초	1768236691028]	1ms

[2026-01-13 01시51분31초	1768236691028]	ServerOptionDatabase..
[2026-01-13 01시51분31초	1768236691029]	1ms

[2026-01-13 01시51분31초	1768236691029]	TimeDungeonDatabase..
[2026-01-13 01시51분31초	1768236691030]	1ms

[2026-01-13 01시51분31초	1768236691030]	TeamBattleDatabase..
[2026-01-13 01시51분31초	1768236691031]	1ms

[2026-01-13 01시51분31초	1768236691032]	LifeLostItemDatabase..
[2026-01-13 01시51분31초	1768236691033]	1ms

[2026-01-13 01시51분31초	1768236691033]	GmTeleportDatabase..
[2026-01-13 01시51분31초	1768236691034]	1ms

[2026-01-13 01시51분31초	1768236691036]	무인혈맹컨트롤러..
[2026-01-13 01시51분31초	1768236691038]	2ms

[2026-01-13 01시51분31초	1768236691038]	HackNoCheckDatabase..
[2026-01-13 01시51분31초	1768236691039]	1ms

[2026-01-13 01시51분31초	1768236691040]	EnchantLostItemDatabase..
[2026-01-13 01시51분31초	1768236691061]	21ms

[2026-01-13 01시51분31초	1768236691062]	ItemDropMessageDatabase..
[2026-01-13 01시51분31초	1768236691063]	1ms

[2026-01-13 01시51분31초	1768236691064]	FishingController..
[2026-01-13 01시51분31초	1768236691322]	257ms

[2026-01-13 01시51분31초	1768236691333]	RobotController..
[2026-01-13 01시51분31초	1768236691357]	24ms

[2026-01-13 01시51분31초	1768236691360]	Server..
[2026-01-13 01시51분31초	1768236691424]	64ms

[2026-01-13 01시51분31초	1768236691424]	ServerThread..
[2026-01-13 01시51분31초	1768236691425]	1ms

[2026-01-13 01시51분31초	1768236691425]	ControllerTherad..
[2026-01-13 01시51분31초	1768236691426]	1ms

[2026-01-13 01시51분31초	1768236691427]	CharacterThread..
[2026-01-13 01시51분31초	1768236691427]	0ms

[2026-01-13 01시51분31초	1768236691428]	DatabaseThread..
[2026-01-13 01시51분31초	1768236691428]	0ms

[2026-01-13 01시51분31초	1768236691428]	CharacterControlThread..
[2026-01-13 01시51분31초	1768236691428]	0ms

[2026-01-13 01시51분31초	1768236691434]	FightController..
[2026-01-13 01시51분31초	1768236691487]	53ms

[2026-01-13 01시51분31초	1768236691488]	TimeThread..
[2026-01-13 01시51분31초	1768236691489]	1ms

[2026-01-13 01시51분31초	1768236691495]	AutoHuntThread..
[2026-01-13 01시51분31초	1768236691495]	0ms

[2026-01-13 01시51분31초	1768236691495]	======================================================================
[2026-01-13 01시51분31초	1768236691496]	Server Version  :  Lineage 2.0

[2026-01-13 01시51분31초	1768236691496]	Server Port      :  2000

[2026-01-13 01시51분31초	1768236691496]	계정 자동생성  :  on

[2026-01-13 01시51분31초	1768236691496]	인챈트 : 1.0배  ||  드랍 : 3.0배  ||  경험치 : 30.0배  ||  아데나 : 12.0배  ||  파티 : 1.1배

[2026-01-13 01시51분31초	1768236691496]	======================================================================
[2026-01-13 01시51분31초	1768236691496]	'서버' 가동되었습니다.

[2026-01-13 01시54분32초	1768236872134]	자동 저장완료 2026-01-13 01시54분32초
[2026-01-13 01시57분32초	1768237052797]	자동 저장완료 2026-01-13 01시57분32초
[2026-01-13 02시00분20초	1768237220599]	서버가 즉시 종료됩니다...
[2026-01-13 02시00분21초	1768237221600]	Thread close..
[2026-01-13 02시00분22초	1768237222600]	Save Database..
[2026-01-13 02시00분23초	1768237223527]	Socket close..
[2026-01-13 02시00분23초	1768237223527]	LineageServer Close...
[2026-01-13 02시00분23초	1768237223527]	0ms

[2026-01-13 02시00분23초	1768237223527]	ok..
