[2026-01-12 23시57분01초	1768229821070]	Mysql..
[2026-01-12 23시57분01초	1768229821071]	2ms

[2026-01-12 23시57분01초	1768229821088]	lineage.conf file loading...
[2026-01-12 23시57분01초	1768229821119]	31ms

[2026-01-12 23시57분01초	1768229821126]	Lineage_Balance..
[2026-01-12 23시57분01초	1768229821135]	8ms

[2026-01-12 23시57분01초	1768229821136]	npc_promotion..
[2026-01-12 23시57분01초	1768229821136]	1ms

[2026-01-12 23시57분01초	1768229821137]	Socket..
[2026-01-12 23시57분01초	1768229821137]	0ms

[2026-01-12 23시57분01초	1768229821137]	Common..
[2026-01-12 23시57분01초	1768229821137]	0ms

[2026-01-12 23시57분01초	1768229821138]	EventThread..
[2026-01-12 23시57분01초	1768229821139]	1ms

[2026-01-12 23시57분01초	1768229821140]	AiExecuteThread..
[2026-01-12 23시57분01초	1768229821140]	0ms

[2026-01-12 23시57분01초	1768229821141]	AiThread..
[2026-01-12 23시57분01초	1768229821141]	0ms

[2026-01-12 23시57분01초	1768229821150]	World..
[2026-01-12 23시57분01초	1768229821242]	92ms

[2026-01-12 23시57분01초	1768229821243]	BookController..
[2026-01-12 23시57분01초	1768229821244]	1ms

[2026-01-12 23시57분01초	1768229821244]	InventoryController..
[2026-01-12 23시57분01초	1768229821244]	0ms

[2026-01-12 23시57분01초	1768229821245]	BasePacketPooling..
[2026-01-12 23시57분01초	1768229821245]	0ms

[2026-01-12 23시57분01초	1768229821247]	SkillController..
[2026-01-12 23시57분01초	1768229821247]	0ms

[2026-01-12 23시57분01초	1768229821254]	DamageController..
[2026-01-12 23시57분01초	1768229821254]	0ms

[2026-01-12 23시57분01초	1768229821256]	CharacterController..
[2026-01-12 23시57분01초	1768229821256]	0ms

[2026-01-12 23시57분01초	1768229821256]	TradeController..
[2026-01-12 23시57분01초	1768229821256]	0ms

[2026-01-12 23시57분01초	1768229821257]	DungeonController..
[2026-01-12 23시57분01초	1768229821257]	0ms

[2026-01-12 23시57분01초	1768229821257]	ShipController..
[2026-01-12 23시57분01초	1768229821257]	0ms

[2026-01-12 23시57분01초	1768229821258]	BuffController..
[2026-01-12 23시57분01초	1768229821258]	0ms

[2026-01-12 23시57분01초	1768229821262]	SummonController..
[2026-01-12 23시57분01초	1768229821262]	0ms

[2026-01-12 23시57분01초	1768229821263]	PartyController..
[2026-01-12 23시57분01초	1768229821263]	0ms

[2026-01-12 23시57분01초	1768229821263]	InnController..
[2026-01-12 23시57분01초	1768229821264]	1ms

[2026-01-12 23시57분01초	1768229821265]	BoardController..
[2026-01-12 23시57분01초	1768229821265]	0ms

[2026-01-12 23시57분01초	1768229821267]	LetterController..
[2026-01-12 23시57분01초	1768229821267]	0ms

[2026-01-12 23시57분01초	1768229821268]	UserShopController..
[2026-01-12 23시57분01초	1768229821268]	0ms

[2026-01-12 23시57분01초	1768229821269]	ChattingController..
[2026-01-12 23시57분01초	1768229821270]	1ms

[2026-01-12 23시57분01초	1768229821279]	ColosseumController..
[2026-01-12 23시57분01초	1768229821279]	0ms

[2026-01-12 23시57분01초	1768229821280]	CraftController..
[2026-01-12 23시57분01초	1768229821280]	0ms

[2026-01-12 23시57분01초	1768229821281]	BossController..
[2026-01-12 23시57분01초	1768229821281]	0ms

[2026-01-12 23시57분01초	1768229821289]	NoticeController..
[2026-01-12 23시57분01초	1768229821290]	1ms

[2026-01-12 23시57분01초	1768229821291]	FriendController..
[2026-01-12 23시57분01초	1768229821291]	0ms

[2026-01-12 23시57분01초	1768229821291]	BugScanningController..
[2026-01-12 23시57분01초	1768229821291]	0ms

[2026-01-12 23시57분01초	1768229821292]	MagicDollController..
[2026-01-12 23시57분01초	1768229821293]	0ms

[2026-01-12 23시57분01초	1768229821293]	ShopController..
[2026-01-12 23시57분01초	1768229821293]	0ms

[2026-01-12 23시57분01초	1768229821294]	WarehouseDatabase..
[2026-01-12 23시57분01초	1768229821294]	0ms

[2026-01-12 23시57분01초	1768229821295]	PakTools..
[2026-01-12 23시57분01초	1768229821298]	3ms

[2026-01-12 23시57분01초	1768229821299]	ScriptController...
[2026-01-12 23시57분01초	1768229821301]	2ms

[2026-01-12 23시57분01초	1768229821302]	GiranClanLordController..
[2026-01-12 23시57분01초	1768229821302]	0ms

[2026-01-12 23시57분01초	1768229821304]	TeamBattleController..
[2026-01-12 23시57분01초	1768229821304]	0ms

[2026-01-12 23시57분01초	1768229821305]	WorldClearController..
[2026-01-12 23시57분01초	1768229821305]	0ms

[2026-01-12 23시57분01초	1768229821306]	SpotController..
[2026-01-12 23시57분01초	1768229821309]	0ms

[2026-01-12 23시57분01초	1768229821310]	테베라스 컨트롤러..
[2026-01-12 23시57분01초	1768229821310]	0ms

[2026-01-12 23시57분01초	1768229821310]	지옥 컨트롤러..
[2026-01-12 23시57분01초	1768229821310]	0ms

[2026-01-12 23시57분01초	1768229821311]	지하수로 컨트롤러..
[2026-01-12 23시57분01초	1768229821311]	0ms

[2026-01-12 23시57분01초	1768229821312]	보물찾기컨트롤러..
[2026-01-12 23시57분01초	1768229821312]	0ms

[2026-01-12 23시57분01초	1768229821313]	마족신전 컨트롤러..
[2026-01-12 23시57분01초	1768229821313]	0ms

[2026-01-12 23시57분01초	1768229821314]	고무 컨트롤러..
[2026-01-12 23시57분01초	1768229821314]	정무던전 컨트롤러..
[2026-01-12 23시57분01초	1768229821319]	5ms

[2026-01-12 23시57분01초	1768229821320]	그신 컨트롤러..
[2026-01-12 23시57분01초	1768229821320]	0ms

[2026-01-12 23시57분01초	1768229821320]	라바던전 컨트롤러..
[2026-01-12 23시57분01초	1768229821320]	0ms

[2026-01-12 23시57분01초	1768229821321]	월드보스컨트롤러..
[2026-01-12 23시57분01초	1768229821321]	0ms

[2026-01-12 23시57분01초	1768229821322]	펭귄 사냥터 컨트롤러..
[2026-01-12 23시57분01초	1768229821322]	0ms

[2026-01-12 23시57분01초	1768229821323]	칠흑던전 컨트롤러..
[2026-01-12 23시57분01초	1768229821323]	악마왕의영토컨트롤러..
[2026-01-12 23시57분01초	1768229821324]	1ms

[2026-01-12 23시57분01초	1768229821324]	얼던컨트롤러..
[2026-01-12 23시57분01초	1768229821324]	0ms

[2026-01-12 23시57분01초	1768229821325]	기감 컨트롤러..
[2026-01-12 23시57분01초	1768229821325]	0ms

[2026-01-12 23시57분01초	1768229821326]	고라스컨트롤러..
[2026-01-12 23시57분01초	1768229821326]	0ms

[2026-01-12 23시57분01초	1768229821327]	드워프컨트롤러..
[2026-01-12 23시57분01초	1768229821327]	0ms

[2026-01-12 23시57분01초	1768229821328]	타임이벤트컨트롤러..
[2026-01-12 23시57분01초	1768229821328]	0ms

[2026-01-12 23시57분01초	1768229821328]	AutoHuntController..
[2026-01-12 23시57분01초	1768229821328]	0ms

[2026-01-12 23시57분01초	1768229821344]	DatabaseConnection..
[2026-01-12 23시57분01초	1768229821644]	300ms

[2026-01-12 23시57분01초	1768229821657]	ServerDatabase..
[2026-01-12 23시57분01초	1768229821695]	38ms

[2026-01-12 23시57분01초	1768229821701]	SlimeRaceController..
[2026-01-12 23시57분01초	1768229821705]	4ms

[2026-01-12 23시57분01초	1768229821707]	DogRaceController..
[2026-01-12 23시57분01초	1768229821708]	1ms

[2026-01-12 23시57분01초	1768229821711]	ClanController..
[2026-01-12 23시57분01초	1768229821717]	6ms

[2026-01-12 23시57분01초	1768229821719]	KingdomController..
[2026-01-12 23시57분01초	1768229821726]	7ms

[2026-01-12 23시57분01초	1768229821727]	AgitController..
[2026-01-12 23시57분01초	1768229821731]	4ms

[2026-01-12 23시57분01초	1768229821732]	AuctionController..
[2026-01-12 23시57분01초	1768229821737]	5ms

[2026-01-12 23시57분01초	1768229821742]	ItemDatabase..
[2026-01-12 23시57분01초	1768229821876]	134ms

[2026-01-12 23시57분01초	1768229821877]	ItemSetopionDatabase..
[2026-01-12 23시57분01초	1768229821880]	3ms

[2026-01-12 23시57분01초	1768229821881]	AutosellDatabase..
[2026-01-12 23시57분01초	1768229821905]	24ms

[2026-01-12 23시57분01초	1768229821906]	ItemSkillDatabase..
[2026-01-12 23시57분01초	1768229821908]	2ms

[2026-01-12 23시57분01초	1768229821909]	ItemBundleDatabase..
[2026-01-12 23시57분01초	1768229821913]	4ms

[2026-01-12 23시57분01초	1768229821914]	ItemChanceBundleDatabase..
[2026-01-12 23시57분01초	1768229821918]	4ms

[2026-01-12 23시57분01초	1768229821919]	FishItemListDatabase..
[2026-01-12 23시57분01초	1768229821920]	1ms

[2026-01-12 23시57분01초	1768229821921]	ItemTeleport..
[2026-01-12 23시57분01초	1768229821924]	3ms

[2026-01-12 23시57분01초	1768229821925]	PolyDatabase..
[2026-01-12 23시57분01초	1768229821928]	3ms

[2026-01-12 23시57분01초	1768229821929]	DungeonDatabase..
[2026-01-12 23시57분01초	1768229821934]	5ms

[2026-01-12 23시57분01초	1768229821935]	DefiniteDatabase..
[2026-01-12 23시57분01초	1768229821937]	2ms

[2026-01-12 23시57분01초	1768229821938]	ExpDatabase..
[2026-01-12 23시57분01초	1768229821940]	2ms

[2026-01-12 23시57분01초	1768229821941]	BackgroundDatabase..
[2026-01-12 23시57분02초	1768229822063]	121ms

[2026-01-12 23시57분02초	1768229822063]	SpriteFrameDatabase..
[2026-01-12 23시57분02초	1768229822128]	65ms

[2026-01-12 23시57분02초	1768229822129]	SkillDatabase..
[2026-01-12 23시57분02초	1768229822133]	4ms

[2026-01-12 23시57분02초	1768229822134]	NpcDatabase..
[2026-01-12 23시57분02초	1768229822142]	8ms

[2026-01-12 23시57분02초	1768229822143]	NpcShopDatabase..
[2026-01-12 23시57분02초	1768229822212]	69ms

[2026-01-12 23시57분02초	1768229822213]	NpcTeleportDatabase..
[2026-01-12 23시57분02초	1768229822215]	2ms

[2026-01-12 23시57분02초	1768229822369]	NpcSpawnlistDatabase..
[2026-01-12 23시57분02초	1768229822424]	55ms

[2026-01-12 23시57분02초	1768229822426]	EventController..
[2026-01-12 23시57분02초	1768229822426]	0ms

[2026-01-12 23시57분02초	1768229822428]	MonsterDatabase..
[2026-01-12 23시57분02초	1768229822443]	15ms

[2026-01-12 23시57분02초	1768229822444]	MonsterDropDatabase..
[2026-01-12 23시57분02초	1768229822479]	35ms

[2026-01-12 23시57분02초	1768229822480]	MonsterSkillDatabase..
[2026-01-12 23시57분02초	1768229822495]	15ms

[2026-01-12 23시57분02초	1768229822497]	MonsterSpawnlistDatabase..
[2026-01-12 23시57분03초	1768229823900]	1403ms

[2026-01-12 23시57분03초	1768229823902]	MonsterBossSpawnlistDatabase..
[2026-01-12 23시57분03초	1768229823906]	4ms

[2026-01-12 23시57분03초	1768229823907]	ServerDownBossListDatabase..
[2026-01-12 23시57분03초	1768229823907]	0ms

[2026-01-12 23시57분03초	1768229823908]	BadIpDatabase..
[2026-01-12 23시57분03초	1768229823909]	1ms

[2026-01-12 23시57분03초	1768229823909]	QuestController..
[2026-01-12 23시57분03초	1768229823911]	1ms

[2026-01-12 23시57분03초	1768229823911]	ServerOpcodesDatabase..
[2026-01-12 23시57분03초	1768229823915]	4ms

[2026-01-12 23시57분03초	1768229823916]	ServerNoticeDatabase..
[2026-01-12 23시57분03초	1768229823918]	2ms

[2026-01-12 23시57분03초	1768229823919]	RankController..
[2026-01-12 23시57분03초	1768229823943]	24ms

[2026-01-12 23시57분03초	1768229823944]	WantedController..
[2026-01-12 23시57분03초	1768229823949]	5ms

[2026-01-12 23시57분03초	1768229823950]	TeleportHomeDatabase..
[2026-01-12 23시57분03초	1768229823978]	28ms

[2026-01-12 23시57분03초	1768229823978]	TeleportResetDatabase..
[2026-01-12 23시57분04초	1768229824008]	30ms

[2026-01-12 23시57분04초	1768229824009]	ItemPinewandDatabase..
[2026-01-12 23시57분04초	1768229824011]	2ms

[2026-01-12 23시57분04초	1768229824011]	ItemMaplewandDatabase..
[2026-01-12 23시57분04초	1768229824014]	2ms

[2026-01-12 23시57분04초	1768229824014]	SummonListDatabase..
[2026-01-12 23시57분04초	1768229824016]	2ms

[2026-01-12 23시57분04초	1768229824017]	GmListDatabase..
[2026-01-12 23시57분04초	1768229824018]	1ms

[2026-01-12 23시57분04초	1768229824019]	MagicdollListDatabase..
[2026-01-12 23시57분04초	1768229824021]	2ms

[2026-01-12 23시57분04초	1768229824024]	PcMarketController..
[2026-01-12 23시57분04초	1768229824025]	1ms

[2026-01-12 23시57분04초	1768229824025]	ServerOptionDatabase..
[2026-01-12 23시57분04초	1768229824026]	1ms

[2026-01-12 23시57분04초	1768229824027]	TimeDungeonDatabase..
[2026-01-12 23시57분04초	1768229824027]	0ms

[2026-01-12 23시57분04초	1768229824028]	TeamBattleDatabase..
[2026-01-12 23시57분04초	1768229824029]	1ms

[2026-01-12 23시57분04초	1768229824029]	LifeLostItemDatabase..
[2026-01-12 23시57분04초	1768229824030]	1ms

[2026-01-12 23시57분04초	1768229824031]	GmTeleportDatabase..
[2026-01-12 23시57분04초	1768229824032]	1ms

[2026-01-12 23시57분04초	1768229824034]	무인혈맹컨트롤러..
[2026-01-12 23시57분04초	1768229824036]	1ms

[2026-01-12 23시57분04초	1768229824036]	HackNoCheckDatabase..
[2026-01-12 23시57분04초	1768229824037]	1ms

[2026-01-12 23시57분04초	1768229824038]	EnchantLostItemDatabase..
[2026-01-12 23시57분04초	1768229824057]	19ms

[2026-01-12 23시57분04초	1768229824059]	ItemDropMessageDatabase..
[2026-01-12 23시57분04초	1768229824059]	0ms

[2026-01-12 23시57분04초	1768229824061]	FishingController..
[2026-01-12 23시57분04초	1768229824328]	267ms

[2026-01-12 23시57분04초	1768229824341]	RobotController..
[2026-01-12 23시57분04초	1768229824366]	25ms

[2026-01-12 23시57분04초	1768229824371]	Server..
[2026-01-12 23시57분04초	1768229824433]	62ms

[2026-01-12 23시57분04초	1768229824434]	ServerThread..
[2026-01-12 23시57분04초	1768229824434]	0ms

[2026-01-12 23시57분04초	1768229824435]	ControllerTherad..
[2026-01-12 23시57분04초	1768229824435]	0ms

[2026-01-12 23시57분04초	1768229824436]	CharacterThread..
[2026-01-12 23시57분04초	1768229824436]	0ms

[2026-01-12 23시57분04초	1768229824437]	DatabaseThread..
[2026-01-12 23시57분04초	1768229824437]	0ms

[2026-01-12 23시57분04초	1768229824439]	CharacterControlThread..
[2026-01-12 23시57분04초	1768229824439]	0ms

[2026-01-12 23시57분04초	1768229824443]	FightController..
[2026-01-12 23시57분04초	1768229824499]	56ms

[2026-01-12 23시57분04초	1768229824500]	TimeThread..
[2026-01-12 23시57분04초	1768229824500]	0ms

[2026-01-12 23시57분04초	1768229824500]	AutoHuntThread..
[2026-01-12 23시57분04초	1768229824500]	0ms

[2026-01-12 23시57분04초	1768229824500]	======================================================================
[2026-01-12 23시57분04초	1768229824501]	Server Version  :  Lineage 2.0

[2026-01-12 23시57분04초	1768229824501]	Server Port      :  2000

[2026-01-12 23시57분04초	1768229824501]	계정 자동생성  :  on

[2026-01-12 23시57분04초	1768229824501]	인챈트 : 1.0배  ||  드랍 : 3.0배  ||  경험치 : 30.0배  ||  아데나 : 12.0배  ||  파티 : 1.1배

[2026-01-12 23시57분04초	1768229824501]	======================================================================
[2026-01-12 23시57분04초	1768229824501]	'서버' 가동되었습니다.

[2026-01-13 00시00분00초	1768230000825]	lineage.conf file loading...
[2026-01-13 00시00분00초	1768230000848]	23ms

[2026-01-13 00시00분05초	1768230005116]	자동 저장완료 2026-01-13 00시00분05초
[2026-01-13 00시03분05초	1768230185689]	자동 저장완료 2026-01-13 00시03분05초
[2026-01-13 00시06분06초	1768230366250]	자동 저장완료 2026-01-13 00시06분06초
[2026-01-13 00시06분20초	1768230380971]	서버가 즉시 종료됩니다...
[2026-01-13 00시06분21초	1768230381972]	Thread close..
[2026-01-13 00시06분22초	1768230382972]	Save Database..
[2026-01-13 00시06분23초	1768230383895]	Socket close..
[2026-01-13 00시06분23초	1768230383895]	LineageServer Close...
[2026-01-13 00시06분23초	1768230383895]	0ms

[2026-01-13 00시06분23초	1768230383895]	ok..
