[2026-03-17 15시50분34초	1773730234255]	Mysql..
[2026-03-17 15시50분34초	1773730234255]	2ms

[2026-03-17 15시50분34초	1773730234275]	lineage.conf file loading...
[2026-03-17 15시50분34초	1773730234308]	33ms

[2026-03-17 15시50분34초	1773730234312]	Lineage_Balance..
[2026-03-17 15시50분34초	1773730234320]	8ms

[2026-03-17 15시50분34초	1773730234321]	npc_promotion..
[2026-03-17 15시50분34초	1773730234322]	1ms

[2026-03-17 15시50분34초	1773730234322]	Socket..
[2026-03-17 15시50분34초	1773730234323]	1ms

[2026-03-17 15시50분34초	1773730234323]	Common..
[2026-03-17 15시50분34초	1773730234323]	0ms

[2026-03-17 15시50분34초	1773730234324]	EventThread..
[2026-03-17 15시50분34초	1773730234324]	0ms

[2026-03-17 15시50분34초	1773730234325]	AiExecuteThread..
[2026-03-17 15시50분34초	1773730234325]	0ms

[2026-03-17 15시50분34초	1773730234326]	AiThread..
[2026-03-17 15시50분34초	1773730234326]	0ms

[2026-03-17 15시50분34초	1773730234330]	World..
[2026-03-17 15시50분34초	1773730234433]	103ms

[2026-03-17 15시50분34초	1773730234434]	BookController..
[2026-03-17 15시50분34초	1773730234435]	0ms

[2026-03-17 15시50분34초	1773730234435]	InventoryController..
[2026-03-17 15시50분34초	1773730234435]	0ms

[2026-03-17 15시50분34초	1773730234436]	BasePacketPooling..
[2026-03-17 15시50분34초	1773730234436]	0ms

[2026-03-17 15시50분34초	1773730234445]	SkillController..
[2026-03-17 15시50분34초	1773730234448]	3ms

[2026-03-17 15시50분34초	1773730234454]	DamageController..
[2026-03-17 15시50분34초	1773730234455]	1ms

[2026-03-17 15시50분34초	1773730234457]	CharacterController..
[2026-03-17 15시50분34초	1773730234457]	0ms

[2026-03-17 15시50분34초	1773730234458]	TradeController..
[2026-03-17 15시50분34초	1773730234458]	0ms

[2026-03-17 15시50분34초	1773730234458]	DungeonController..
[2026-03-17 15시50분34초	1773730234458]	0ms

[2026-03-17 15시50분34초	1773730234459]	ShipController..
[2026-03-17 15시50분34초	1773730234459]	0ms

[2026-03-17 15시50분34초	1773730234460]	BuffController..
[2026-03-17 15시50분34초	1773730234460]	0ms

[2026-03-17 15시50분34초	1773730234464]	SummonController..
[2026-03-17 15시50분34초	1773730234464]	0ms

[2026-03-17 15시50분34초	1773730234465]	PartyController..
[2026-03-17 15시50분34초	1773730234465]	0ms

[2026-03-17 15시50분34초	1773730234466]	InnController..
[2026-03-17 15시50분34초	1773730234466]	0ms

[2026-03-17 15시50분34초	1773730234467]	BoardController..
[2026-03-17 15시50분34초	1773730234467]	0ms

[2026-03-17 15시50분34초	1773730234469]	LetterController..
[2026-03-17 15시50분34초	1773730234469]	0ms

[2026-03-17 15시50분34초	1773730234470]	UserShopController..
[2026-03-17 15시50분34초	1773730234470]	0ms

[2026-03-17 15시50분34초	1773730234472]	ChattingController..
[2026-03-17 15시50분34초	1773730234473]	1ms

[2026-03-17 15시50분34초	1773730234474]	ColosseumController..
[2026-03-17 15시50분34초	1773730234474]	0ms

[2026-03-17 15시50분34초	1773730234475]	CraftController..
[2026-03-17 15시50분34초	1773730234475]	0ms

[2026-03-17 15시50분34초	1773730234484]	BossController..
[2026-03-17 15시50분34초	1773730234484]	0ms

[2026-03-17 15시50분34초	1773730234485]	NoticeController..
[2026-03-17 15시50분34초	1773730234486]	1ms

[2026-03-17 15시50분34초	1773730234487]	FriendController..
[2026-03-17 15시50분34초	1773730234487]	0ms

[2026-03-17 15시50분34초	1773730234487]	BugScanningController..
[2026-03-17 15시50분34초	1773730234487]	0ms

[2026-03-17 15시50분34초	1773730234488]	MagicDollController..
[2026-03-17 15시50분34초	1773730234489]	1ms

[2026-03-17 15시50분34초	1773730234489]	ShopController..
[2026-03-17 15시50분34초	1773730234489]	0ms

[2026-03-17 15시50분34초	1773730234490]	WarehouseDatabase..
[2026-03-17 15시50분34초	1773730234491]	0ms

[2026-03-17 15시50분34초	1773730234491]	PakTools..
[2026-03-17 15시50분34초	1773730234493]	2ms

[2026-03-17 15시50분34초	1773730234494]	ScriptController...
[2026-03-17 15시50분34초	1773730234496]	2ms

[2026-03-17 15시50분34초	1773730234497]	GiranClanLordController..
[2026-03-17 15시50분34초	1773730234497]	0ms

[2026-03-17 15시50분34초	1773730234499]	TeamBattleController..
[2026-03-17 15시50분34초	1773730234499]	0ms

[2026-03-17 15시50분34초	1773730234500]	WorldClearController..
[2026-03-17 15시50분34초	1773730234500]	0ms

[2026-03-17 15시50분34초	1773730234500]	SpotController..
[2026-03-17 15시50분34초	1773730234501]	1ms

[2026-03-17 15시50분34초	1773730234502]	테베라스 컨트롤러..
[2026-03-17 15시50분34초	1773730234502]	0ms

[2026-03-17 15시50분34초	1773730234503]	지옥 컨트롤러..
[2026-03-17 15시50분34초	1773730234503]	0ms

[2026-03-17 15시50분34초	1773730234504]	지하수로 컨트롤러..
[2026-03-17 15시50분34초	1773730234504]	0ms

[2026-03-17 15시50분34초	1773730234504]	보물찾기컨트롤러..
[2026-03-17 15시50분34초	1773730234504]	0ms

[2026-03-17 15시50분34초	1773730234505]	마족신전 컨트롤러..
[2026-03-17 15시50분34초	1773730234505]	0ms

[2026-03-17 15시50분34초	1773730234506]	고무 컨트롤러..
[2026-03-17 15시50분34초	1773730234507]	정무던전 컨트롤러..
[2026-03-17 15시50분34초	1773730234511]	4ms

[2026-03-17 15시50분34초	1773730234512]	그신 컨트롤러..
[2026-03-17 15시50분34초	1773730234512]	0ms

[2026-03-17 15시50분34초	1773730234513]	라바던전 컨트롤러..
[2026-03-17 15시50분34초	1773730234513]	0ms

[2026-03-17 15시50분34초	1773730234514]	월드보스컨트롤러..
[2026-03-17 15시50분34초	1773730234514]	0ms

[2026-03-17 15시50분34초	1773730234514]	펭귄 사냥터 컨트롤러..
[2026-03-17 15시50분34초	1773730234514]	0ms

[2026-03-17 15시50분34초	1773730234515]	칠흑던전 컨트롤러..
[2026-03-17 15시50분34초	1773730234516]	칠흑던전3층 컨트롤러..
[2026-03-17 15시50분34초	1773730234516]	0ms

[2026-03-17 15시50분34초	1773730234517]	칠흑던전4층 컨트롤러..
[2026-03-17 15시50분34초	1773730234517]	0ms

[2026-03-17 15시50분34초	1773730234518]	악마왕의영토컨트롤러..
[2026-03-17 15시50분34초	1773730234518]	0ms

[2026-03-17 15시50분34초	1773730234518]	얼던컨트롤러..
[2026-03-17 15시50분34초	1773730234518]	0ms

[2026-03-17 15시50분34초	1773730234519]	오만1층 컨트롤러..
[2026-03-17 15시50분34초	1773730234519]	0ms

[2026-03-17 15시50분34초	1773730234520]	오만1층 컨트롤러..
[2026-03-17 15시50분34초	1773730234520]	0ms

[2026-03-17 15시50분34초	1773730234521]	오만3층 컨트롤러..
[2026-03-17 15시50분34초	1773730234521]	0ms

[2026-03-17 15시50분34초	1773730234522]	오만4층 컨트롤러..
[2026-03-17 15시50분34초	1773730234522]	0ms

[2026-03-17 15시50분34초	1773730234523]	오만5층 컨트롤러..
[2026-03-17 15시50분34초	1773730234523]	0ms

[2026-03-17 15시50분34초	1773730234523]	오만6층 컨트롤러..
[2026-03-17 15시50분34초	1773730234523]	0ms

[2026-03-17 15시50분34초	1773730234524]	오만7층 컨트롤러..
[2026-03-17 15시50분34초	1773730234524]	0ms

[2026-03-17 15시50분34초	1773730234525]	오만8층 컨트롤러..
[2026-03-17 15시50분34초	1773730234525]	0ms

[2026-03-17 15시50분34초	1773730234526]	오만9층 컨트롤러..
[2026-03-17 15시50분34초	1773730234526]	0ms

[2026-03-17 15시50분34초	1773730234527]	오만10층 컨트롤러..
[2026-03-17 15시50분34초	1773730234527]	0ms

[2026-03-17 15시50분34초	1773730234527]	오만정상 컨트롤러..
[2026-03-17 15시50분34초	1773730234527]	0ms

[2026-03-17 15시50분34초	1773730234528]	기감 컨트롤러..
[2026-03-17 15시50분34초	1773730234528]	0ms

[2026-03-17 15시50분34초	1773730234529]	고라스컨트롤러..
[2026-03-17 15시50분34초	1773730234529]	0ms

[2026-03-17 15시50분34초	1773730234530]	드워프컨트롤러..
[2026-03-17 15시50분34초	1773730234530]	0ms

[2026-03-17 15시50분34초	1773730234531]	타임이벤트컨트롤러..
[2026-03-17 15시50분34초	1773730234531]	0ms

[2026-03-17 15시50분34초	1773730234532]	AutoHuntController..
[2026-03-17 15시50분34초	1773730234532]	0ms

[2026-03-17 15시50분34초	1773730234547]	DatabaseConnection..
[2026-03-17 15시50분34초	1773730234831]	284ms

[2026-03-17 15시50분34초	1773730234852]	ServerDatabase..
[2026-03-17 15시50분34초	1773730234882]	30ms

[2026-03-17 15시50분34초	1773730234885]	SlimeRaceController..
[2026-03-17 15시50분34초	1773730234887]	2ms

[2026-03-17 15시50분34초	1773730234889]	DogRaceController..
[2026-03-17 15시50분34초	1773730234890]	1ms

[2026-03-17 15시50분34초	1773730234893]	ClanController..
[2026-03-17 15시50분34초	1773730234906]	13ms

[2026-03-17 15시50분34초	1773730234909]	KingdomController..
[2026-03-17 15시50분34초	1773730234916]	7ms

[2026-03-17 15시50분34초	1773730234917]	AgitController..
[2026-03-17 15시50분34초	1773730234922]	5ms

[2026-03-17 15시50분34초	1773730234923]	AuctionController..
[2026-03-17 15시50분34초	1773730234929]	6ms

[2026-03-17 15시50분34초	1773730234933]	ItemDatabase..
[2026-03-17 15시50분35초	1773730235037]	104ms

[2026-03-17 15시50분35초	1773730235038]	ItemSetopionDatabase..
[2026-03-17 15시50분35초	1773730235041]	3ms

[2026-03-17 15시50분35초	1773730235042]	AutosellDatabase..
[2026-03-17 15시50분35초	1773730235079]	37ms

[2026-03-17 15시50분35초	1773730235079]	ItemSkillDatabase..
[2026-03-17 15시50분35초	1773730235082]	3ms

[2026-03-17 15시50분35초	1773730235083]	ItemBundleDatabase..
[2026-03-17 15시50분35초	1773730235087]	4ms

[2026-03-17 15시50분35초	1773730235088]	ItemChanceBundleDatabase..
[2026-03-17 15시50분35초	1773730235091]	3ms

[2026-03-17 15시50분35초	1773730235092]	FishItemListDatabase..
[2026-03-17 15시50분35초	1773730235101]	9ms

[2026-03-17 15시50분35초	1773730235102]	ItemTeleport..
[2026-03-17 15시50분35초	1773730235106]	4ms

[2026-03-17 15시50분35초	1773730235107]	PolyDatabase..
[2026-03-17 15시50분35초	1773730235111]	4ms

[2026-03-17 15시50분35초	1773730235112]	DungeonDatabase..
[2026-03-17 15시50분35초	1773730235117]	5ms

[2026-03-17 15시50분35초	1773730235118]	DefiniteDatabase..
[2026-03-17 15시50분35초	1773730235120]	3ms

[2026-03-17 15시50분35초	1773730235121]	ExpDatabase..
[2026-03-17 15시50분35초	1773730235124]	3ms

[2026-03-17 15시50분35초	1773730235124]	BackgroundDatabase..
[2026-03-17 15시50분35초	1773730235271]	147ms

[2026-03-17 15시50분35초	1773730235271]	SpriteFrameDatabase..
[2026-03-17 15시50분35초	1773730235337]	66ms

[2026-03-17 15시50분35초	1773730235344]	SkillDatabase..
[2026-03-17 15시50분35초	1773730235348]	4ms

[2026-03-17 15시50분35초	1773730235349]	NpcDatabase..
[2026-03-17 15시50분35초	1773730235358]	9ms

[2026-03-17 15시50분35초	1773730235358]	NpcShopDatabase..
[2026-03-17 15시50분35초	1773730235417]	59ms

[2026-03-17 15시50분35초	1773730235418]	NpcTeleportDatabase..
[2026-03-17 15시50분35초	1773730235421]	2ms

[2026-03-17 15시50분35초	1773730235565]	NpcSpawnlistDatabase..
[2026-03-17 15시50분35초	1773730235614]	49ms

[2026-03-17 15시50분35초	1773730235616]	EventController..
[2026-03-17 15시50분35초	1773730235616]	0ms

[2026-03-17 15시50분35초	1773730235617]	MonsterDatabase..
[2026-03-17 15시50분35초	1773730235635]	17ms

[2026-03-17 15시50분35초	1773730235635]	MonsterDropDatabase..
[2026-03-17 15시50분35초	1773730235661]	26ms

[2026-03-17 15시50분35초	1773730235662]	MonsterSkillDatabase..
[2026-03-17 15시50분35초	1773730235678]	16ms

[2026-03-17 15시50분35초	1773730235679]	MonsterSpawnlistDatabase..
[2026-03-17 15시50분36초	1773730236730]	1051ms

[2026-03-17 15시50분36초	1773730236731]	MonsterBossSpawnlistDatabase..
[2026-03-17 15시50분36초	1773730236734]	3ms

[2026-03-17 15시50분36초	1773730236735]	ServerDownBossListDatabase..
[2026-03-17 15시50분36초	1773730236737]	2ms

[2026-03-17 15시50분36초	1773730236738]	BadIpDatabase..
[2026-03-17 15시50분36초	1773730236741]	3ms

[2026-03-17 15시50분36초	1773730236741]	QuestController..
[2026-03-17 15시50분36초	1773730236743]	2ms

[2026-03-17 15시50분36초	1773730236743]	ServerOpcodesDatabase..
[2026-03-17 15시50분36초	1773730236747]	4ms

[2026-03-17 15시50분36초	1773730236748]	ServerNoticeDatabase..
[2026-03-17 15시50분36초	1773730236751]	3ms

[2026-03-17 15시50분36초	1773730236752]	RankController..
[2026-03-17 15시50분36초	1773730236779]	27ms

[2026-03-17 15시50분36초	1773730236780]	WantedController..
[2026-03-17 15시50분36초	1773730236784]	4ms

[2026-03-17 15시50분36초	1773730236785]	TeleportHomeDatabase..
[2026-03-17 15시50분36초	1773730236817]	32ms

[2026-03-17 15시50분36초	1773730236817]	TeleportResetDatabase..
[2026-03-17 15시50분36초	1773730236847]	30ms

[2026-03-17 15시50분36초	1773730236848]	ItemPinewandDatabase..
[2026-03-17 15시50분36초	1773730236850]	2ms

[2026-03-17 15시50분36초	1773730236851]	ItemMaplewandDatabase..
[2026-03-17 15시50분36초	1773730236853]	2ms

[2026-03-17 15시50분36초	1773730236854]	SummonListDatabase..
[2026-03-17 15시50분36초	1773730236857]	3ms

[2026-03-17 15시50분36초	1773730236857]	GmListDatabase..
[2026-03-17 15시50분36초	1773730236859]	2ms

[2026-03-17 15시50분36초	1773730236860]	MagicdollListDatabase..
[2026-03-17 15시50분36초	1773730236863]	3ms

[2026-03-17 15시50분36초	1773730236867]	PcMarketController..
[2026-03-17 15시50분36초	1773730236868]	1ms

[2026-03-17 15시50분36초	1773730236869]	ServerOptionDatabase..
[2026-03-17 15시50분36초	1773730236870]	1ms

[2026-03-17 15시50분36초	1773730236871]	TimeDungeonDatabase..
[2026-03-17 15시50분36초	1773730236872]	1ms

[2026-03-17 15시50분36초	1773730236873]	TeamBattleDatabase..
[2026-03-17 15시50분36초	1773730236874]	1ms

[2026-03-17 15시50분36초	1773730236875]	LifeLostItemDatabase..
[2026-03-17 15시50분36초	1773730236876]	1ms

[2026-03-17 15시50분36초	1773730236877]	GmTeleportDatabase..
[2026-03-17 15시50분36초	1773730236879]	1ms

[2026-03-17 15시50분36초	1773730236881]	무인혈맹컨트롤러..
[2026-03-17 15시50분36초	1773730236882]	1ms

[2026-03-17 15시50분36초	1773730236883]	HackNoCheckDatabase..
[2026-03-17 15시50분36초	1773730236883]	0ms

[2026-03-17 15시50분36초	1773730236884]	EnchantLostItemDatabase..
[2026-03-17 15시50분36초	1773730236896]	12ms

[2026-03-17 15시50분36초	1773730236898]	ItemDropMessageDatabase..
[2026-03-17 15시50분36초	1773730236899]	1ms

[2026-03-17 15시50분36초	1773730236901]	FishingController..
[2026-03-17 15시50분36초	1773730236913]	12ms

[2026-03-17 15시50분36초	1773730236927]	RobotController..
[2026-03-17 15시50분36초	1773730236954]	27ms

[2026-03-17 15시50분36초	1773730236956]	Server..
[2026-03-17 15시50분37초	1773730237032]	76ms

[2026-03-17 15시50분37초	1773730237033]	ServerThread..
[2026-03-17 15시50분37초	1773730237033]	0ms

[2026-03-17 15시50분37초	1773730237034]	ControllerTherad..
[2026-03-17 15시50분37초	1773730237034]	0ms

[2026-03-17 15시50분37초	1773730237035]	CharacterThread..
[2026-03-17 15시50분37초	1773730237035]	0ms

[2026-03-17 15시50분37초	1773730237036]	DatabaseThread..
[2026-03-17 15시50분37초	1773730237037]	1ms

[2026-03-17 15시50분37초	1773730237037]	CharacterControlThread..
[2026-03-17 15시50분37초	1773730237038]	1ms

[2026-03-17 15시50분37초	1773730237079]	FightController..
[2026-03-17 15시50분37초	1773730237091]	12ms

[2026-03-17 15시50분37초	1773730237092]	TimeThread..
[2026-03-17 15시50분37초	1773730237093]	1ms

[2026-03-17 15시50분37초	1773730237093]	AutoHuntThread..
[2026-03-17 15시50분37초	1773730237094]	1ms

[2026-03-17 15시50분37초	1773730237094]	======================================================================
[2026-03-17 15시50분37초	1773730237094]	Server Version  :  Lineage 2.0

[2026-03-17 15시50분37초	1773730237095]	Server Port      :  2000

[2026-03-17 15시50분37초	1773730237095]	계정 자동생성  :  on

[2026-03-17 15시50분37초	1773730237095]	인챈트 : 1.0배  ||  드랍 : 7.0배  ||  경험치 : 50.0배  ||  아데나 : 40.0배  ||  파티 : 1.1배

[2026-03-17 15시50분37초	1773730237095]	======================================================================
[2026-03-17 15시50분37초	1773730237095]	'서버' 가동되었습니다.

[2026-03-17 15시52분28초	1773730348218]	lineage.conf file loading...
[2026-03-17 15시52분28초	1773730348244]	26ms

[2026-03-17 15시52분49초	1773730369364]	lineage.conf file loading...
[2026-03-17 15시52분49초	1773730369387]	23ms

[2026-03-17 15시53분24초	1773730404260]	item 테이블 리로드 완료 - 
[2026-03-17 15시53분24초	1773730404323]	63ms

[2026-03-17 15시53분37초	1773730417643]	자동 저장완료 2026-03-17 15시53분37초
[2026-03-17 15시54분08초	1773730448060]	item 테이블 리로드 완료 - 
[2026-03-17 15시54분08초	1773730448121]	61ms

[2026-03-17 15시54분16초	1773730456210]	npc 테이블 리로드 - 
[2026-03-17 15시54분16초	1773730456226]	16ms

[2026-03-17 15시54분16초	1773730456226]	npc_shop 테이블 리로드 완료 - 
[2026-03-17 15시54분16초	1773730456273]	47ms

[2026-03-17 15시54분16초	1773730456399]	npc_promotion reload..
[2026-03-17 15시54분16초	1773730456399]	0ms

[2026-03-17 15시54분41초	1773730481505]	서버가 즉시 종료됩니다...
[2026-03-17 15시54분42초	1773730482507]	Thread close..
[2026-03-17 15시54분43초	1773730483507]	Save Database..
[2026-03-17 15시54분44초	1773730484050]	Socket close..
[2026-03-17 15시54분44초	1773730484050]	LineageServer Close...
[2026-03-17 15시54분44초	1773730484050]	0ms

[2026-03-17 15시54분44초	1773730484050]	ok..
