[2026-03-17 13시25분53초	1773721553043]	Mysql..
[2026-03-17 13시25분53초	1773721553043]	1ms

[2026-03-17 13시25분53초	1773721553065]	lineage.conf file loading...
[2026-03-17 13시25분53초	1773721553099]	34ms

[2026-03-17 13시25분53초	1773721553103]	Lineage_Balance..
[2026-03-17 13시25분53초	1773721553113]	10ms

[2026-03-17 13시25분53초	1773721553114]	npc_promotion..
[2026-03-17 13시25분53초	1773721553115]	1ms

[2026-03-17 13시25분53초	1773721553115]	Socket..
[2026-03-17 13시25분53초	1773721553116]	1ms

[2026-03-17 13시25분53초	1773721553116]	Common..
[2026-03-17 13시25분53초	1773721553116]	0ms

[2026-03-17 13시25분53초	1773721553117]	EventThread..
[2026-03-17 13시25분53초	1773721553118]	1ms

[2026-03-17 13시25분53초	1773721553118]	AiExecuteThread..
[2026-03-17 13시25분53초	1773721553119]	1ms

[2026-03-17 13시25분53초	1773721553120]	AiThread..
[2026-03-17 13시25분53초	1773721553120]	0ms

[2026-03-17 13시25분53초	1773721553124]	World..
[2026-03-17 13시25분53초	1773721553216]	92ms

[2026-03-17 13시25분53초	1773721553218]	BookController..
[2026-03-17 13시25분53초	1773721553218]	0ms

[2026-03-17 13시25분53초	1773721553219]	InventoryController..
[2026-03-17 13시25분53초	1773721553219]	0ms

[2026-03-17 13시25분53초	1773721553220]	BasePacketPooling..
[2026-03-17 13시25분53초	1773721553220]	0ms

[2026-03-17 13시25분53초	1773721553229]	SkillController..
[2026-03-17 13시25분53초	1773721553232]	0ms

[2026-03-17 13시25분53초	1773721553240]	DamageController..
[2026-03-17 13시25분53초	1773721553240]	0ms

[2026-03-17 13시25분53초	1773721553242]	CharacterController..
[2026-03-17 13시25분53초	1773721553242]	0ms

[2026-03-17 13시25분53초	1773721553243]	TradeController..
[2026-03-17 13시25분53초	1773721553243]	0ms

[2026-03-17 13시25분53초	1773721553244]	DungeonController..
[2026-03-17 13시25분53초	1773721553244]	0ms

[2026-03-17 13시25분53초	1773721553245]	ShipController..
[2026-03-17 13시25분53초	1773721553245]	0ms

[2026-03-17 13시25분53초	1773721553246]	BuffController..
[2026-03-17 13시25분53초	1773721553246]	0ms

[2026-03-17 13시25분53초	1773721553250]	SummonController..
[2026-03-17 13시25분53초	1773721553250]	0ms

[2026-03-17 13시25분53초	1773721553252]	PartyController..
[2026-03-17 13시25분53초	1773721553252]	1ms

[2026-03-17 13시25분53초	1773721553252]	InnController..
[2026-03-17 13시25분53초	1773721553253]	1ms

[2026-03-17 13시25분53초	1773721553254]	BoardController..
[2026-03-17 13시25분53초	1773721553254]	0ms

[2026-03-17 13시25분53초	1773721553256]	LetterController..
[2026-03-17 13시25분53초	1773721553256]	0ms

[2026-03-17 13시25분53초	1773721553257]	UserShopController..
[2026-03-17 13시25분53초	1773721553257]	0ms

[2026-03-17 13시25분53초	1773721553259]	ChattingController..
[2026-03-17 13시25분53초	1773721553268]	9ms

[2026-03-17 13시25분53초	1773721553270]	ColosseumController..
[2026-03-17 13시25분53초	1773721553270]	0ms

[2026-03-17 13시25분53초	1773721553271]	CraftController..
[2026-03-17 13시25분53초	1773721553271]	0ms

[2026-03-17 13시25분53초	1773721553272]	BossController..
[2026-03-17 13시25분53초	1773721553272]	0ms

[2026-03-17 13시25분53초	1773721553273]	NoticeController..
[2026-03-17 13시25분53초	1773721553274]	1ms

[2026-03-17 13시25분53초	1773721553275]	FriendController..
[2026-03-17 13시25분53초	1773721553275]	0ms

[2026-03-17 13시25분53초	1773721553275]	BugScanningController..
[2026-03-17 13시25분53초	1773721553275]	0ms

[2026-03-17 13시25분53초	1773721553277]	MagicDollController..
[2026-03-17 13시25분53초	1773721553277]	0ms

[2026-03-17 13시25분53초	1773721553278]	ShopController..
[2026-03-17 13시25분53초	1773721553278]	0ms

[2026-03-17 13시25분53초	1773721553279]	WarehouseDatabase..
[2026-03-17 13시25분53초	1773721553279]	0ms

[2026-03-17 13시25분53초	1773721553280]	PakTools..
[2026-03-17 13시25분53초	1773721553282]	1ms

[2026-03-17 13시25분53초	1773721553283]	ScriptController...
[2026-03-17 13시25분53초	1773721553286]	4ms

[2026-03-17 13시25분53초	1773721553287]	GiranClanLordController..
[2026-03-17 13시25분53초	1773721553287]	0ms

[2026-03-17 13시25분53초	1773721553288]	TeamBattleController..
[2026-03-17 13시25분53초	1773721553289]	1ms

[2026-03-17 13시25분53초	1773721553289]	WorldClearController..
[2026-03-17 13시25분53초	1773721553289]	0ms

[2026-03-17 13시25분53초	1773721553290]	SpotController..
[2026-03-17 13시25분53초	1773721553290]	0ms

[2026-03-17 13시25분53초	1773721553291]	테베라스 컨트롤러..
[2026-03-17 13시25분53초	1773721553291]	0ms

[2026-03-17 13시25분53초	1773721553292]	지옥 컨트롤러..
[2026-03-17 13시25분53초	1773721553292]	0ms

[2026-03-17 13시25분53초	1773721553293]	지하수로 컨트롤러..
[2026-03-17 13시25분53초	1773721553293]	0ms

[2026-03-17 13시25분53초	1773721553294]	보물찾기컨트롤러..
[2026-03-17 13시25분53초	1773721553294]	0ms

[2026-03-17 13시25분53초	1773721553295]	마족신전 컨트롤러..
[2026-03-17 13시25분53초	1773721553295]	0ms

[2026-03-17 13시25분53초	1773721553296]	고무 컨트롤러..
[2026-03-17 13시25분53초	1773721553297]	정무던전 컨트롤러..
[2026-03-17 13시25분53초	1773721553302]	5ms

[2026-03-17 13시25분53초	1773721553303]	그신 컨트롤러..
[2026-03-17 13시25분53초	1773721553303]	0ms

[2026-03-17 13시25분53초	1773721553304]	라바던전 컨트롤러..
[2026-03-17 13시25분53초	1773721553304]	1ms

[2026-03-17 13시25분53초	1773721553304]	월드보스컨트롤러..
[2026-03-17 13시25분53초	1773721553305]	1ms

[2026-03-17 13시25분53초	1773721553305]	펭귄 사냥터 컨트롤러..
[2026-03-17 13시25분53초	1773721553305]	0ms

[2026-03-17 13시25분53초	1773721553306]	칠흑던전 컨트롤러..
[2026-03-17 13시25분53초	1773721553307]	칠흑던전3층 컨트롤러..
[2026-03-17 13시25분53초	1773721553307]	0ms

[2026-03-17 13시25분53초	1773721553308]	칠흑던전4층 컨트롤러..
[2026-03-17 13시25분53초	1773721553308]	0ms

[2026-03-17 13시25분53초	1773721553309]	악마왕의영토컨트롤러..
[2026-03-17 13시25분53초	1773721553309]	0ms

[2026-03-17 13시25분53초	1773721553310]	얼던컨트롤러..
[2026-03-17 13시25분53초	1773721553310]	0ms

[2026-03-17 13시25분53초	1773721553311]	오만1층 컨트롤러..
[2026-03-17 13시25분53초	1773721553312]	1ms

[2026-03-17 13시25분53초	1773721553312]	오만1층 컨트롤러..
[2026-03-17 13시25분53초	1773721553313]	0ms

[2026-03-17 13시25분53초	1773721553313]	오만3층 컨트롤러..
[2026-03-17 13시25분53초	1773721553313]	0ms

[2026-03-17 13시25분53초	1773721553314]	오만4층 컨트롤러..
[2026-03-17 13시25분53초	1773721553314]	0ms

[2026-03-17 13시25분53초	1773721553315]	오만5층 컨트롤러..
[2026-03-17 13시25분53초	1773721553315]	0ms

[2026-03-17 13시25분53초	1773721553316]	오만6층 컨트롤러..
[2026-03-17 13시25분53초	1773721553316]	0ms

[2026-03-17 13시25분53초	1773721553317]	오만7층 컨트롤러..
[2026-03-17 13시25분53초	1773721553317]	0ms

[2026-03-17 13시25분53초	1773721553318]	오만8층 컨트롤러..
[2026-03-17 13시25분53초	1773721553318]	0ms

[2026-03-17 13시25분53초	1773721553319]	오만9층 컨트롤러..
[2026-03-17 13시25분53초	1773721553319]	0ms

[2026-03-17 13시25분53초	1773721553320]	오만10층 컨트롤러..
[2026-03-17 13시25분53초	1773721553321]	1ms

[2026-03-17 13시25분53초	1773721553321]	오만정상 컨트롤러..
[2026-03-17 13시25분53초	1773721553322]	1ms

[2026-03-17 13시25분53초	1773721553323]	기감 컨트롤러..
[2026-03-17 13시25분53초	1773721553323]	0ms

[2026-03-17 13시25분53초	1773721553323]	고라스컨트롤러..
[2026-03-17 13시25분53초	1773721553324]	1ms

[2026-03-17 13시25분53초	1773721553324]	드워프컨트롤러..
[2026-03-17 13시25분53초	1773721553324]	0ms

[2026-03-17 13시25분53초	1773721553333]	타임이벤트컨트롤러..
[2026-03-17 13시25분53초	1773721553333]	0ms

[2026-03-17 13시25분53초	1773721553333]	AutoHuntController..
[2026-03-17 13시25분53초	1773721553334]	1ms

[2026-03-17 13시25분53초	1773721553351]	DatabaseConnection..
[2026-03-17 13시25분53초	1773721553633]	282ms

[2026-03-17 13시25분53초	1773721553655]	ServerDatabase..
[2026-03-17 13시25분53초	1773721553693]	37ms

[2026-03-17 13시25분53초	1773721553696]	SlimeRaceController..
[2026-03-17 13시25분53초	1773721553697]	1ms

[2026-03-17 13시25분53초	1773721553699]	DogRaceController..
[2026-03-17 13시25분53초	1773721553701]	2ms

[2026-03-17 13시25분53초	1773721553704]	ClanController..
[2026-03-17 13시25분53초	1773721553711]	7ms

[2026-03-17 13시25분53초	1773721553713]	KingdomController..
[2026-03-17 13시25분53초	1773721553719]	6ms

[2026-03-17 13시25분53초	1773721553720]	AgitController..
[2026-03-17 13시25분53초	1773721553725]	5ms

[2026-03-17 13시25분53초	1773721553726]	AuctionController..
[2026-03-17 13시25분53초	1773721553731]	5ms

[2026-03-17 13시25분53초	1773721553735]	ItemDatabase..
[2026-03-17 13시25분53초	1773721553863]	128ms

[2026-03-17 13시25분53초	1773721553864]	ItemSetopionDatabase..
[2026-03-17 13시25분53초	1773721553867]	3ms

[2026-03-17 13시25분53초	1773721553868]	AutosellDatabase..
[2026-03-17 13시25분53초	1773721553893]	25ms

[2026-03-17 13시25분53초	1773721553894]	ItemSkillDatabase..
[2026-03-17 13시25분53초	1773721553895]	1ms

[2026-03-17 13시25분53초	1773721553896]	ItemBundleDatabase..
[2026-03-17 13시25분53초	1773721553899]	3ms

[2026-03-17 13시25분53초	1773721553900]	ItemChanceBundleDatabase..
[2026-03-17 13시25분53초	1773721553903]	3ms

[2026-03-17 13시25분53초	1773721553904]	FishItemListDatabase..
[2026-03-17 13시25분53초	1773721553906]	2ms

[2026-03-17 13시25분53초	1773721553907]	ItemTeleport..
[2026-03-17 13시25분53초	1773721553909]	2ms

[2026-03-17 13시25분53초	1773721553910]	PolyDatabase..
[2026-03-17 13시25분53초	1773721553913]	3ms

[2026-03-17 13시25분53초	1773721553914]	DungeonDatabase..
[2026-03-17 13시25분53초	1773721553918]	4ms

[2026-03-17 13시25분53초	1773721553919]	DefiniteDatabase..
[2026-03-17 13시25분53초	1773721553921]	2ms

[2026-03-17 13시25분53초	1773721553922]	ExpDatabase..
[2026-03-17 13시25분53초	1773721553924]	2ms

[2026-03-17 13시25분53초	1773721553924]	BackgroundDatabase..
[2026-03-17 13시25분54초	1773721554049]	125ms

[2026-03-17 13시25분54초	1773721554049]	SpriteFrameDatabase..
[2026-03-17 13시25분54초	1773721554105]	56ms

[2026-03-17 13시25분54초	1773721554106]	SkillDatabase..
[2026-03-17 13시25분54초	1773721554109]	3ms

[2026-03-17 13시25분54초	1773721554110]	NpcDatabase..
[2026-03-17 13시25분54초	1773721554117]	7ms

[2026-03-17 13시25분54초	1773721554118]	NpcShopDatabase..
[2026-03-17 13시25분54초	1773721554169]	51ms

[2026-03-17 13시25분54초	1773721554174]	NpcTeleportDatabase..
[2026-03-17 13시25분54초	1773721554175]	1ms

[2026-03-17 13시25분54초	1773721554367]	NpcSpawnlistDatabase..
[2026-03-17 13시25분54초	1773721554438]	71ms

[2026-03-17 13시25분54초	1773721554440]	EventController..
[2026-03-17 13시25분54초	1773721554440]	0ms

[2026-03-17 13시25분54초	1773721554442]	MonsterDatabase..
[2026-03-17 13시25분54초	1773721554458]	16ms

[2026-03-17 13시25분54초	1773721554459]	MonsterDropDatabase..
[2026-03-17 13시25분54초	1773721554488]	29ms

[2026-03-17 13시25분54초	1773721554489]	MonsterSkillDatabase..
[2026-03-17 13시25분54초	1773721554504]	15ms

[2026-03-17 13시25분54초	1773721554506]	MonsterSpawnlistDatabase..
[2026-03-17 13시25분55초	1773721555597]	1091ms

[2026-03-17 13시25분55초	1773721555598]	MonsterBossSpawnlistDatabase..
[2026-03-17 13시25분55초	1773721555600]	2ms

[2026-03-17 13시25분55초	1773721555601]	ServerDownBossListDatabase..
[2026-03-17 13시25분55초	1773721555602]	1ms

[2026-03-17 13시25분55초	1773721555603]	BadIpDatabase..
[2026-03-17 13시25분55초	1773721555604]	2ms

[2026-03-17 13시25분55초	1773721555604]	QuestController..
[2026-03-17 13시25분55초	1773721555604]	0ms

[2026-03-17 13시25분55초	1773721555605]	ServerOpcodesDatabase..
[2026-03-17 13시25분55초	1773721555608]	3ms

[2026-03-17 13시25분55초	1773721555608]	ServerNoticeDatabase..
[2026-03-17 13시25분55초	1773721555610]	2ms

[2026-03-17 13시25분55초	1773721555611]	RankController..
[2026-03-17 13시25분55초	1773721555636]	25ms

[2026-03-17 13시25분55초	1773721555637]	WantedController..
[2026-03-17 13시25분55초	1773721555639]	2ms

[2026-03-17 13시25분55초	1773721555640]	TeleportHomeDatabase..
[2026-03-17 13시25분55초	1773721555664]	24ms

[2026-03-17 13시25분55초	1773721555665]	TeleportResetDatabase..
[2026-03-17 13시25분55초	1773721555694]	29ms

[2026-03-17 13시25분55초	1773721555695]	ItemPinewandDatabase..
[2026-03-17 13시25분55초	1773721555696]	1ms

[2026-03-17 13시25분55초	1773721555697]	ItemMaplewandDatabase..
[2026-03-17 13시25분55초	1773721555698]	1ms

[2026-03-17 13시25분55초	1773721555699]	SummonListDatabase..
[2026-03-17 13시25분55초	1773721555700]	1ms

[2026-03-17 13시25분55초	1773721555701]	GmListDatabase..
[2026-03-17 13시25분55초	1773721555702]	0ms

[2026-03-17 13시25분55초	1773721555703]	MagicdollListDatabase..
[2026-03-17 13시25분55초	1773721555704]	1ms

[2026-03-17 13시25분55초	1773721555708]	PcMarketController..
[2026-03-17 13시25분55초	1773721555709]	1ms

[2026-03-17 13시25분55초	1773721555709]	ServerOptionDatabase..
[2026-03-17 13시25분55초	1773721555710]	1ms

[2026-03-17 13시25분55초	1773721555711]	TimeDungeonDatabase..
[2026-03-17 13시25분55초	1773721555711]	0ms

[2026-03-17 13시25분55초	1773721555712]	TeamBattleDatabase..
[2026-03-17 13시25분55초	1773721555713]	1ms

[2026-03-17 13시25분55초	1773721555713]	LifeLostItemDatabase..
[2026-03-17 13시25분55초	1773721555715]	2ms

[2026-03-17 13시25분55초	1773721555715]	GmTeleportDatabase..
[2026-03-17 13시25분55초	1773721555716]	1ms

[2026-03-17 13시25분55초	1773721555718]	무인혈맹컨트롤러..
[2026-03-17 13시25분55초	1773721555719]	1ms

[2026-03-17 13시25분55초	1773721555720]	HackNoCheckDatabase..
[2026-03-17 13시25분55초	1773721555720]	0ms

[2026-03-17 13시25분55초	1773721555721]	EnchantLostItemDatabase..
[2026-03-17 13시25분55초	1773721555733]	12ms

[2026-03-17 13시25분55초	1773721555734]	ItemDropMessageDatabase..
[2026-03-17 13시25분55초	1773721555735]	1ms

[2026-03-17 13시25분55초	1773721555737]	FishingController..
[2026-03-17 13시25분55초	1773721555749]	12ms

[2026-03-17 13시25분55초	1773721555763]	RobotController..
[2026-03-17 13시25분55초	1773721555785]	22ms

[2026-03-17 13시25분55초	1773721555787]	Server..
[2026-03-17 13시25분55초	1773721555865]	78ms

[2026-03-17 13시25분55초	1773721555866]	ServerThread..
[2026-03-17 13시25분55초	1773721555866]	0ms

[2026-03-17 13시25분55초	1773721555867]	ControllerTherad..
[2026-03-17 13시25분55초	1773721555867]	0ms

[2026-03-17 13시25분55초	1773721555869]	CharacterThread..
[2026-03-17 13시25분55초	1773721555869]	0ms

[2026-03-17 13시25분55초	1773721555870]	DatabaseThread..
[2026-03-17 13시25분55초	1773721555871]	1ms

[2026-03-17 13시25분55초	1773721555871]	CharacterControlThread..
[2026-03-17 13시25분55초	1773721555872]	1ms

[2026-03-17 13시25분55초	1773721555876]	FightController..
[2026-03-17 13시25분55초	1773721555929]	53ms

[2026-03-17 13시25분55초	1773721555930]	TimeThread..
[2026-03-17 13시25분55초	1773721555931]	1ms

[2026-03-17 13시25분55초	1773721555931]	AutoHuntThread..
[2026-03-17 13시25분55초	1773721555932]	1ms

[2026-03-17 13시25분55초	1773721555932]	======================================================================
[2026-03-17 13시25분55초	1773721555932]	Server Version  :  Lineage 2.0

[2026-03-17 13시25분55초	1773721555932]	Server Port      :  2000

[2026-03-17 13시25분55초	1773721555932]	계정 자동생성  :  on

[2026-03-17 13시25분55초	1773721555932]	인챈트 : 1.0배  ||  드랍 : 7.0배  ||  경험치 : 50.0배  ||  아데나 : 40.0배  ||  파티 : 1.1배

[2026-03-17 13시25분55초	1773721555932]	======================================================================
[2026-03-17 13시25분55초	1773721555932]	'서버' 가동되었습니다.

