[2026-02-24 15시14분39초	1771913679583]	Mysql..
[2026-02-24 15시14분39초	1771913679583]	1ms

[2026-02-24 15시14분39초	1771913679602]	lineage.conf file loading...
[2026-02-24 15시14분39초	1771913679631]	28ms

[2026-02-24 15시14분39초	1771913679635]	Lineage_Balance..
[2026-02-24 15시14분39초	1771913679642]	7ms

[2026-02-24 15시14분39초	1771913679643]	npc_promotion..
[2026-02-24 15시14분39초	1771913679643]	0ms

[2026-02-24 15시14분39초	1771913679644]	Socket..
[2026-02-24 15시14분39초	1771913679644]	0ms

[2026-02-24 15시14분39초	1771913679644]	Common..
[2026-02-24 15시14분39초	1771913679645]	0ms

[2026-02-24 15시14분39초	1771913679645]	EventThread..
[2026-02-24 15시14분39초	1771913679645]	0ms

[2026-02-24 15시14분39초	1771913679654]	AiExecuteThread..
[2026-02-24 15시14분39초	1771913679654]	0ms

[2026-02-24 15시14분39초	1771913679655]	AiThread..
[2026-02-24 15시14분39초	1771913679655]	0ms

[2026-02-24 15시14분39초	1771913679666]	World..
[2026-02-24 15시14분39초	1771913679741]	75ms

[2026-02-24 15시14분39초	1771913679743]	BookController..
[2026-02-24 15시14분39초	1771913679743]	0ms

[2026-02-24 15시14분39초	1771913679743]	InventoryController..
[2026-02-24 15시14분39초	1771913679743]	0ms

[2026-02-24 15시14분39초	1771913679744]	BasePacketPooling..
[2026-02-24 15시14분39초	1771913679744]	0ms

[2026-02-24 15시14분39초	1771913679746]	SkillController..
[2026-02-24 15시14분39초	1771913679746]	0ms

[2026-02-24 15시14분39초	1771913679755]	DamageController..
[2026-02-24 15시14분39초	1771913679755]	0ms

[2026-02-24 15시14분39초	1771913679757]	CharacterController..
[2026-02-24 15시14분39초	1771913679757]	0ms

[2026-02-24 15시14분39초	1771913679758]	TradeController..
[2026-02-24 15시14분39초	1771913679758]	0ms

[2026-02-24 15시14분39초	1771913679758]	DungeonController..
[2026-02-24 15시14분39초	1771913679758]	0ms

[2026-02-24 15시14분39초	1771913679759]	ShipController..
[2026-02-24 15시14분39초	1771913679759]	0ms

[2026-02-24 15시14분39초	1771913679760]	BuffController..
[2026-02-24 15시14분39초	1771913679760]	0ms

[2026-02-24 15시14분39초	1771913679763]	SummonController..
[2026-02-24 15시14분39초	1771913679764]	1ms

[2026-02-24 15시14분39초	1771913679764]	PartyController..
[2026-02-24 15시14분39초	1771913679764]	0ms

[2026-02-24 15시14분39초	1771913679765]	InnController..
[2026-02-24 15시14분39초	1771913679765]	0ms

[2026-02-24 15시14분39초	1771913679766]	BoardController..
[2026-02-24 15시14분39초	1771913679766]	0ms

[2026-02-24 15시14분39초	1771913679768]	LetterController..
[2026-02-24 15시14분39초	1771913679768]	0ms

[2026-02-24 15시14분39초	1771913679768]	UserShopController..
[2026-02-24 15시14분39초	1771913679768]	0ms

[2026-02-24 15시14분39초	1771913679769]	ChattingController..
[2026-02-24 15시14분39초	1771913679770]	1ms

[2026-02-24 15시14분39초	1771913679772]	ColosseumController..
[2026-02-24 15시14분39초	1771913679772]	0ms

[2026-02-24 15시14분39초	1771913679773]	CraftController..
[2026-02-24 15시14분39초	1771913679773]	0ms

[2026-02-24 15시14분39초	1771913679774]	BossController..
[2026-02-24 15시14분39초	1771913679774]	0ms

[2026-02-24 15시14분39초	1771913679775]	NoticeController..
[2026-02-24 15시14분39초	1771913679775]	0ms

[2026-02-24 15시14분39초	1771913679776]	FriendController..
[2026-02-24 15시14분39초	1771913679776]	0ms

[2026-02-24 15시14분39초	1771913679777]	BugScanningController..
[2026-02-24 15시14분39초	1771913679777]	0ms

[2026-02-24 15시14분39초	1771913679778]	MagicDollController..
[2026-02-24 15시14분39초	1771913679778]	0ms

[2026-02-24 15시14분39초	1771913679778]	ShopController..
[2026-02-24 15시14분39초	1771913679778]	0ms

[2026-02-24 15시14분39초	1771913679787]	WarehouseDatabase..
[2026-02-24 15시14분39초	1771913679787]	0ms

[2026-02-24 15시14분39초	1771913679788]	PakTools..
[2026-02-24 15시14분39초	1771913679789]	1ms

[2026-02-24 15시14분39초	1771913679790]	ScriptController...
[2026-02-24 15시14분39초	1771913679792]	2ms

[2026-02-24 15시14분39초	1771913679793]	GiranClanLordController..
[2026-02-24 15시14분39초	1771913679793]	0ms

[2026-02-24 15시14분39초	1771913679794]	TeamBattleController..
[2026-02-24 15시14분39초	1771913679794]	0ms

[2026-02-24 15시14분39초	1771913679795]	WorldClearController..
[2026-02-24 15시14분39초	1771913679795]	0ms

[2026-02-24 15시14분39초	1771913679795]	SpotController..
[2026-02-24 15시14분39초	1771913679795]	0ms

[2026-02-24 15시14분39초	1771913679799]	테베라스 컨트롤러..
[2026-02-24 15시14분39초	1771913679799]	3ms

[2026-02-24 15시14분39초	1771913679799]	지옥 컨트롤러..
[2026-02-24 15시14분39초	1771913679799]	0ms

[2026-02-24 15시14분39초	1771913679800]	지하수로 컨트롤러..
[2026-02-24 15시14분39초	1771913679800]	0ms

[2026-02-24 15시14분39초	1771913679800]	보물찾기컨트롤러..
[2026-02-24 15시14분39초	1771913679800]	0ms

[2026-02-24 15시14분39초	1771913679801]	마족신전 컨트롤러..
[2026-02-24 15시14분39초	1771913679801]	0ms

[2026-02-24 15시14분39초	1771913679802]	고무 컨트롤러..
[2026-02-24 15시14분39초	1771913679802]	정무던전 컨트롤러..
[2026-02-24 15시14분39초	1771913679806]	4ms

[2026-02-24 15시14분39초	1771913679807]	그신 컨트롤러..
[2026-02-24 15시14분39초	1771913679807]	0ms

[2026-02-24 15시14분39초	1771913679807]	라바던전 컨트롤러..
[2026-02-24 15시14분39초	1771913679808]	1ms

[2026-02-24 15시14분39초	1771913679808]	월드보스컨트롤러..
[2026-02-24 15시14분39초	1771913679808]	0ms

[2026-02-24 15시14분39초	1771913679809]	펭귄 사냥터 컨트롤러..
[2026-02-24 15시14분39초	1771913679809]	0ms

[2026-02-24 15시14분39초	1771913679810]	칠흑던전 컨트롤러..
[2026-02-24 15시14분39초	1771913679810]	악마왕의영토컨트롤러..
[2026-02-24 15시14분39초	1771913679810]	0ms

[2026-02-24 15시14분39초	1771913679811]	얼던컨트롤러..
[2026-02-24 15시14분39초	1771913679811]	0ms

[2026-02-24 15시14분39초	1771913679811]	오만1층 컨트롤러..
[2026-02-24 15시14분39초	1771913679811]	0ms

[2026-02-24 15시14분39초	1771913679812]	오만1층 컨트롤러..
[2026-02-24 15시14분39초	1771913679812]	0ms

[2026-02-24 15시14분39초	1771913679813]	오만3층 컨트롤러..
[2026-02-24 15시14분39초	1771913679813]	0ms

[2026-02-24 15시14분39초	1771913679813]	오만4층 컨트롤러..
[2026-02-24 15시14분39초	1771913679813]	0ms

[2026-02-24 15시14분39초	1771913679814]	오만5층 컨트롤러..
[2026-02-24 15시14분39초	1771913679814]	0ms

[2026-02-24 15시14분39초	1771913679814]	오만6층 컨트롤러..
[2026-02-24 15시14분39초	1771913679815]	1ms

[2026-02-24 15시14분39초	1771913679815]	오만7층 컨트롤러..
[2026-02-24 15시14분39초	1771913679815]	0ms

[2026-02-24 15시14분39초	1771913679816]	오만8층 컨트롤러..
[2026-02-24 15시14분39초	1771913679816]	0ms

[2026-02-24 15시14분39초	1771913679816]	오만9층 컨트롤러..
[2026-02-24 15시14분39초	1771913679816]	0ms

[2026-02-24 15시14분39초	1771913679817]	오만10층 컨트롤러..
[2026-02-24 15시14분39초	1771913679817]	0ms

[2026-02-24 15시14분39초	1771913679818]	오만정상 컨트롤러..
[2026-02-24 15시14분39초	1771913679818]	0ms

[2026-02-24 15시14분39초	1771913679818]	기감 컨트롤러..
[2026-02-24 15시14분39초	1771913679818]	0ms

[2026-02-24 15시14분39초	1771913679819]	고라스컨트롤러..
[2026-02-24 15시14분39초	1771913679819]	0ms

[2026-02-24 15시14분39초	1771913679819]	드워프컨트롤러..
[2026-02-24 15시14분39초	1771913679820]	1ms

[2026-02-24 15시14분39초	1771913679820]	타임이벤트컨트롤러..
[2026-02-24 15시14분39초	1771913679820]	0ms

[2026-02-24 15시14분39초	1771913679821]	AutoHuntController..
[2026-02-24 15시14분39초	1771913679821]	0ms

[2026-02-24 15시14분39초	1771913679834]	DatabaseConnection..
[2026-02-24 15시14분40초	1771913680131]	297ms

[2026-02-24 15시14분40초	1771913680150]	ServerDatabase..
[2026-02-24 15시14분40초	1771913680178]	28ms

[2026-02-24 15시14분40초	1771913680181]	SlimeRaceController..
[2026-02-24 15시14분40초	1771913680183]	2ms

[2026-02-24 15시14분40초	1771913680185]	DogRaceController..
[2026-02-24 15시14분40초	1771913680186]	1ms

[2026-02-24 15시14분40초	1771913680189]	ClanController..
[2026-02-24 15시14분40초	1771913680194]	5ms

[2026-02-24 15시14분40초	1771913680197]	KingdomController..
[2026-02-24 15시14분40초	1771913680202]	5ms

[2026-02-24 15시14분40초	1771913680203]	AgitController..
[2026-02-24 15시14분40초	1771913680208]	4ms

[2026-02-24 15시14분40초	1771913680209]	AuctionController..
[2026-02-24 15시14분40초	1771913680213]	4ms

[2026-02-24 15시14분40초	1771913680217]	ItemDatabase..
[2026-02-24 15시14분40초	1771913680311]	94ms

[2026-02-24 15시14분40초	1771913680317]	ItemSetopionDatabase..
[2026-02-24 15시14분40초	1771913680320]	2ms

[2026-02-24 15시14분40초	1771913680321]	AutosellDatabase..
[2026-02-24 15시14분40초	1771913680342]	21ms

[2026-02-24 15시14분40초	1771913680342]	ItemSkillDatabase..
[2026-02-24 15시14분40초	1771913680345]	3ms

[2026-02-24 15시14분40초	1771913680346]	ItemBundleDatabase..
[2026-02-24 15시14분40초	1771913680349]	3ms

[2026-02-24 15시14분40초	1771913680350]	ItemChanceBundleDatabase..
[2026-02-24 15시14분40초	1771913680353]	3ms

[2026-02-24 15시14분40초	1771913680354]	FishItemListDatabase..
[2026-02-24 15시14분40초	1771913680355]	1ms

[2026-02-24 15시14분40초	1771913680356]	ItemTeleport..
[2026-02-24 15시14분40초	1771913680359]	3ms

[2026-02-24 15시14분40초	1771913680360]	PolyDatabase..
[2026-02-24 15시14분40초	1771913680363]	3ms

[2026-02-24 15시14분40초	1771913680363]	DungeonDatabase..
[2026-02-24 15시14분40초	1771913680367]	4ms

[2026-02-24 15시14분40초	1771913680368]	DefiniteDatabase..
[2026-02-24 15시14분40초	1771913680370]	2ms

[2026-02-24 15시14분40초	1771913680371]	ExpDatabase..
[2026-02-24 15시14분40초	1771913680373]	2ms

[2026-02-24 15시14분40초	1771913680373]	BackgroundDatabase..
[2026-02-24 15시14분40초	1771913680495]	122ms

[2026-02-24 15시14분40초	1771913680495]	SpriteFrameDatabase..
[2026-02-24 15시14분40초	1771913680556]	61ms

[2026-02-24 15시14분40초	1771913680557]	SkillDatabase..
[2026-02-24 15시14분40초	1771913680560]	3ms

[2026-02-24 15시14분40초	1771913680561]	NpcDatabase..
[2026-02-24 15시14분40초	1771913680574]	13ms

[2026-02-24 15시14분40초	1771913680575]	NpcShopDatabase..
[2026-02-24 15시14분40초	1771913680632]	57ms

[2026-02-24 15시14분40초	1771913680632]	NpcTeleportDatabase..
[2026-02-24 15시14분40초	1771913680634]	2ms

[2026-02-24 15시14분40초	1771913680758]	NpcSpawnlistDatabase..
[2026-02-24 15시14분40초	1771913680814]	56ms

[2026-02-24 15시14분40초	1771913680816]	EventController..
[2026-02-24 15시14분40초	1771913680816]	0ms

[2026-02-24 15시14분40초	1771913680817]	MonsterDatabase..
[2026-02-24 15시14분40초	1771913680832]	15ms

[2026-02-24 15시14분40초	1771913680833]	MonsterDropDatabase..
[2026-02-24 15시14분40초	1771913680858]	25ms

[2026-02-24 15시14분40초	1771913680859]	MonsterSkillDatabase..
[2026-02-24 15시14분40초	1771913680872]	13ms

[2026-02-24 15시14분40초	1771913680874]	MonsterSpawnlistDatabase..
[2026-02-24 15시14분42초	1771913682159]	1285ms

[2026-02-24 15시14분42초	1771913682160]	MonsterBossSpawnlistDatabase..
[2026-02-24 15시14분42초	1771913682162]	2ms

[2026-02-24 15시14분42초	1771913682163]	ServerDownBossListDatabase..
[2026-02-24 15시14분42초	1771913682163]	0ms

[2026-02-24 15시14분42초	1771913682164]	BadIpDatabase..
[2026-02-24 15시14분42초	1771913682165]	1ms

[2026-02-24 15시14분42초	1771913682165]	QuestController..
[2026-02-24 15시14분42초	1771913682166]	1ms

[2026-02-24 15시14분42초	1771913682167]	ServerOpcodesDatabase..
[2026-02-24 15시14분42초	1771913682170]	3ms

[2026-02-24 15시14분42초	1771913682171]	ServerNoticeDatabase..
[2026-02-24 15시14분42초	1771913682173]	2ms

[2026-02-24 15시14분42초	1771913682174]	RankController..
[2026-02-24 15시14분42초	1771913682196]	22ms

[2026-02-24 15시14분42초	1771913682197]	WantedController..
[2026-02-24 15시14분42초	1771913682201]	4ms

[2026-02-24 15시14분42초	1771913682202]	TeleportHomeDatabase..
[2026-02-24 15시14분42초	1771913682231]	29ms

[2026-02-24 15시14분42초	1771913682232]	TeleportResetDatabase..
[2026-02-24 15시14분42초	1771913682259]	27ms

[2026-02-24 15시14분42초	1771913682259]	ItemPinewandDatabase..
[2026-02-24 15시14분42초	1771913682261]	2ms

[2026-02-24 15시14분42초	1771913682261]	ItemMaplewandDatabase..
[2026-02-24 15시14분42초	1771913682263]	2ms

[2026-02-24 15시14분42초	1771913682264]	SummonListDatabase..
[2026-02-24 15시14분42초	1771913682265]	1ms

[2026-02-24 15시14분42초	1771913682266]	GmListDatabase..
[2026-02-24 15시14분42초	1771913682267]	1ms

[2026-02-24 15시14분42초	1771913682268]	MagicdollListDatabase..
[2026-02-24 15시14분42초	1771913682270]	2ms

[2026-02-24 15시14분42초	1771913682273]	PcMarketController..
[2026-02-24 15시14분42초	1771913682275]	2ms

[2026-02-24 15시14분42초	1771913682275]	ServerOptionDatabase..
[2026-02-24 15시14분42초	1771913682276]	1ms

[2026-02-24 15시14분42초	1771913682277]	TimeDungeonDatabase..
[2026-02-24 15시14분42초	1771913682278]	1ms

[2026-02-24 15시14분42초	1771913682278]	TeamBattleDatabase..
[2026-02-24 15시14분42초	1771913682279]	1ms

[2026-02-24 15시14분42초	1771913682280]	LifeLostItemDatabase..
[2026-02-24 15시14분42초	1771913682282]	1ms

[2026-02-24 15시14분42초	1771913682282]	GmTeleportDatabase..
[2026-02-24 15시14분42초	1771913682283]	1ms

[2026-02-24 15시14분42초	1771913682285]	무인혈맹컨트롤러..
[2026-02-24 15시14분42초	1771913682287]	2ms

[2026-02-24 15시14분42초	1771913682287]	HackNoCheckDatabase..
[2026-02-24 15시14분42초	1771913682288]	1ms

[2026-02-24 15시14분42초	1771913682289]	EnchantLostItemDatabase..
[2026-02-24 15시14분42초	1771913682309]	20ms

[2026-02-24 15시14분42초	1771913682310]	ItemDropMessageDatabase..
[2026-02-24 15시14분42초	1771913682311]	1ms

[2026-02-24 15시14분42초	1771913682313]	FishingController..
[2026-02-24 15시14분42초	1771913682578]	265ms

[2026-02-24 15시14분42초	1771913682590]	RobotController..
[2026-02-24 15시14분42초	1771913682614]	24ms

[2026-02-24 15시14분42초	1771913682616]	Server..
[2026-02-24 15시14분42초	1771913682679]	63ms

[2026-02-24 15시14분42초	1771913682680]	ServerThread..
[2026-02-24 15시14분42초	1771913682680]	0ms

[2026-02-24 15시14분42초	1771913682681]	ControllerTherad..
[2026-02-24 15시14분42초	1771913682681]	0ms

[2026-02-24 15시14분42초	1771913682682]	CharacterThread..
[2026-02-24 15시14분42초	1771913682683]	1ms

[2026-02-24 15시14분42초	1771913682683]	DatabaseThread..
[2026-02-24 15시14분42초	1771913682683]	0ms

[2026-02-24 15시14분42초	1771913682685]	CharacterControlThread..
[2026-02-24 15시14분42초	1771913682685]	0ms

[2026-02-24 15시14분42초	1771913682737]	FightController..
[2026-02-24 15시14분42초	1771913682752]	15ms

[2026-02-24 15시14분42초	1771913682753]	TimeThread..
[2026-02-24 15시14분42초	1771913682753]	0ms

[2026-02-24 15시14분42초	1771913682754]	AutoHuntThread..
[2026-02-24 15시14분42초	1771913682755]	0ms

[2026-02-24 15시14분42초	1771913682755]	======================================================================
[2026-02-24 15시14분42초	1771913682756]	Server Version  :  Lineage 2.0

[2026-02-24 15시14분42초	1771913682756]	Server Port      :  2000

[2026-02-24 15시14분42초	1771913682756]	계정 자동생성  :  on

[2026-02-24 15시14분42초	1771913682756]	인챈트 : 1.0배  ||  드랍 : 3.0배  ||  경험치 : 30.0배  ||  아데나 : 12.0배  ||  파티 : 1.1배

[2026-02-24 15시14분42초	1771913682756]	======================================================================
[2026-02-24 15시14분42초	1771913682756]	'서버' 가동되었습니다.

[2026-02-24 15시17분43초	1771913863350]	자동 저장완료 2026-02-24 15시17분43초
[2026-02-24 15시20분44초	1771914044022]	자동 저장완료 2026-02-24 15시20분44초
[2026-02-24 15시23분44초	1771914224635]	자동 저장완료 2026-02-24 15시23분44초
[2026-02-24 15시26분45초	1771914405382]	자동 저장완료 2026-02-24 15시26분45초
[2026-02-24 15시29분46초	1771914586109]	자동 저장완료 2026-02-24 15시29분46초
[2026-02-24 15시32분46초	1771914766740]	자동 저장완료 2026-02-24 15시32분46초
[2026-02-24 15시35분47초	1771914947565]	자동 저장완료 2026-02-24 15시35분47초
[2026-02-24 15시38분48초	1771915128178]	자동 저장완료 2026-02-24 15시38분48초
[2026-02-24 15시41분48초	1771915308924]	자동 저장완료 2026-02-24 15시41분48초
[2026-02-24 15시44분49초	1771915489734]	자동 저장완료 2026-02-24 15시44분49초
[2026-02-24 15시47분50초	1771915670351]	자동 저장완료 2026-02-24 15시47분50초
[2026-02-24 15시50분51초	1771915851113]	자동 저장완료 2026-02-24 15시50분51초
[2026-02-24 15시53분51초	1771916031863]	자동 저장완료 2026-02-24 15시53분51초
[2026-02-24 15시56분52초	1771916212618]	자동 저장완료 2026-02-24 15시56분52초
[2026-02-24 15시59분53초	1771916393267]	자동 저장완료 2026-02-24 15시59분53초
[2026-02-24 16시02분53초	1771916573891]	자동 저장완료 2026-02-24 16시02분53초
[2026-02-24 16시05분54초	1771916754677]	자동 저장완료 2026-02-24 16시05분54초
[2026-02-24 16시08분55초	1771916935348]	자동 저장완료 2026-02-24 16시08분55초
[2026-02-24 16시11분55초	1771917115985]	자동 저장완료 2026-02-24 16시11분55초
[2026-02-24 16시14분56초	1771917296593]	자동 저장완료 2026-02-24 16시14분56초
[2026-02-24 16시17분57초	1771917477206]	자동 저장완료 2026-02-24 16시17분57초
[2026-02-24 16시20분57초	1771917657805]	자동 저장완료 2026-02-24 16시20분57초
[2026-02-24 16시23분58초	1771917838410]	자동 저장완료 2026-02-24 16시23분58초
[2026-02-24 16시26분59초	1771918019023]	자동 저장완료 2026-02-24 16시26분59초
[2026-02-24 16시29분59초	1771918199669]	자동 저장완료 2026-02-24 16시29분59초
[2026-02-24 16시33분00초	1771918380409]	자동 저장완료 2026-02-24 16시33분00초
[2026-02-24 16시35분44초	1771918544576]	서버가 즉시 종료됩니다...
[2026-02-24 16시35분45초	1771918545576]	Thread close..
[2026-02-24 16시35분46초	1771918546577]	Save Database..
[2026-02-24 16시35분47초	1771918547551]	Socket close..
[2026-02-24 16시35분47초	1771918547551]	LineageServer Close...
[2026-02-24 16시35분47초	1771918547551]	0ms

[2026-02-24 16시35분47초	1771918547551]	ok..
