[2026-01-05 19시21분29초	1767608489710]	Mysql..
[2026-01-05 19시21분29초	1767608489710]	2ms

[2026-01-05 19시21분29초	1767608489727]	lineage.conf file loading...
[2026-01-05 19시21분29초	1767608489759]	32ms

[2026-01-05 19시21분29초	1767608489766]	Lineage_Balance..
[2026-01-05 19시21분29초	1767608489774]	7ms

[2026-01-05 19시21분29초	1767608489775]	npc_promotion..
[2026-01-05 19시21분29초	1767608489775]	0ms

[2026-01-05 19시21분29초	1767608489776]	Socket..
[2026-01-05 19시21분29초	1767608489776]	0ms

[2026-01-05 19시21분29초	1767608489776]	Common..
[2026-01-05 19시21분29초	1767608489776]	0ms

[2026-01-05 19시21분29초	1767608489777]	EventThread..
[2026-01-05 19시21분29초	1767608489778]	0ms

[2026-01-05 19시21분29초	1767608489780]	AiExecuteThread..
[2026-01-05 19시21분29초	1767608489780]	0ms

[2026-01-05 19시21분29초	1767608489789]	AiThread..
[2026-01-05 19시21분29초	1767608489789]	0ms

[2026-01-05 19시21분29초	1767608489792]	World..
[2026-01-05 19시21분29초	1767608489873]	81ms

[2026-01-05 19시21분29초	1767608489874]	BookController..
[2026-01-05 19시21분29초	1767608489875]	1ms

[2026-01-05 19시21분29초	1767608489875]	InventoryController..
[2026-01-05 19시21분29초	1767608489875]	0ms

[2026-01-05 19시21분29초	1767608489876]	BasePacketPooling..
[2026-01-05 19시21분29초	1767608489876]	0ms

[2026-01-05 19시21분29초	1767608489878]	SkillController..
[2026-01-05 19시21분29초	1767608489878]	0ms

[2026-01-05 19시21분29초	1767608489885]	DamageController..
[2026-01-05 19시21분29초	1767608489885]	0ms

[2026-01-05 19시21분29초	1767608489887]	CharacterController..
[2026-01-05 19시21분29초	1767608489888]	1ms

[2026-01-05 19시21분29초	1767608489888]	TradeController..
[2026-01-05 19시21분29초	1767608489889]	1ms

[2026-01-05 19시21분29초	1767608489889]	DungeonController..
[2026-01-05 19시21분29초	1767608489889]	0ms

[2026-01-05 19시21분29초	1767608489890]	ShipController..
[2026-01-05 19시21분29초	1767608489890]	0ms

[2026-01-05 19시21분29초	1767608489891]	BuffController..
[2026-01-05 19시21분29초	1767608489891]	0ms

[2026-01-05 19시21분29초	1767608489896]	SummonController..
[2026-01-05 19시21분29초	1767608489896]	0ms

[2026-01-05 19시21분29초	1767608489897]	PartyController..
[2026-01-05 19시21분29초	1767608489897]	0ms

[2026-01-05 19시21분29초	1767608489898]	InnController..
[2026-01-05 19시21분29초	1767608489898]	0ms

[2026-01-05 19시21분29초	1767608489899]	BoardController..
[2026-01-05 19시21분29초	1767608489900]	1ms

[2026-01-05 19시21분29초	1767608489908]	LetterController..
[2026-01-05 19시21분29초	1767608489908]	0ms

[2026-01-05 19시21분29초	1767608489909]	UserShopController..
[2026-01-05 19시21분29초	1767608489909]	0ms

[2026-01-05 19시21분29초	1767608489910]	ChattingController..
[2026-01-05 19시21분29초	1767608489919]	9ms

[2026-01-05 19시21분29초	1767608489921]	ColosseumController..
[2026-01-05 19시21분29초	1767608489921]	0ms

[2026-01-05 19시21분29초	1767608489922]	CraftController..
[2026-01-05 19시21분29초	1767608489922]	0ms

[2026-01-05 19시21분29초	1767608489923]	BossController..
[2026-01-05 19시21분29초	1767608489923]	0ms

[2026-01-05 19시21분29초	1767608489925]	NoticeController..
[2026-01-05 19시21분29초	1767608489925]	0ms

[2026-01-05 19시21분29초	1767608489926]	FriendController..
[2026-01-05 19시21분29초	1767608489926]	0ms

[2026-01-05 19시21분29초	1767608489927]	BugScanningController..
[2026-01-05 19시21분29초	1767608489927]	0ms

[2026-01-05 19시21분29초	1767608489928]	MagicDollController..
[2026-01-05 19시21분29초	1767608489928]	0ms

[2026-01-05 19시21분29초	1767608489929]	ShopController..
[2026-01-05 19시21분29초	1767608489929]	0ms

[2026-01-05 19시21분29초	1767608489930]	WarehouseDatabase..
[2026-01-05 19시21분29초	1767608489930]	0ms

[2026-01-05 19시21분29초	1767608489931]	PakTools..
[2026-01-05 19시21분29초	1767608489933]	2ms

[2026-01-05 19시21분29초	1767608489934]	ScriptController...
[2026-01-05 19시21분29초	1767608489936]	2ms

[2026-01-05 19시21분29초	1767608489937]	GiranClanLordController..
[2026-01-05 19시21분29초	1767608489937]	0ms

[2026-01-05 19시21분29초	1767608489939]	TeamBattleController..
[2026-01-05 19시21분29초	1767608489939]	0ms

[2026-01-05 19시21분29초	1767608489940]	WorldClearController..
[2026-01-05 19시21분29초	1767608489940]	0ms

[2026-01-05 19시21분29초	1767608489940]	SpotController..
[2026-01-05 19시21분29초	1767608489943]	3ms

[2026-01-05 19시21분29초	1767608489944]	테베라스 컨트롤러..
[2026-01-05 19시21분29초	1767608489944]	0ms

[2026-01-05 19시21분29초	1767608489945]	지옥 컨트롤러..
[2026-01-05 19시21분29초	1767608489945]	0ms

[2026-01-05 19시21분29초	1767608489946]	지하수로 컨트롤러..
[2026-01-05 19시21분29초	1767608489946]	0ms

[2026-01-05 19시21분29초	1767608489947]	보물찾기컨트롤러..
[2026-01-05 19시21분29초	1767608489947]	0ms

[2026-01-05 19시21분29초	1767608489947]	마족신전 컨트롤러..
[2026-01-05 19시21분29초	1767608489947]	0ms

[2026-01-05 19시21분29초	1767608489948]	고무 컨트롤러..
[2026-01-05 19시21분29초	1767608489950]	정무던전 컨트롤러..
[2026-01-05 19시21분29초	1767608489954]	4ms

[2026-01-05 19시21분29초	1767608489955]	그신 컨트롤러..
[2026-01-05 19시21분29초	1767608489955]	0ms

[2026-01-05 19시21분29초	1767608489956]	라바던전 컨트롤러..
[2026-01-05 19시21분29초	1767608489956]	0ms

[2026-01-05 19시21분29초	1767608489957]	월드보스컨트롤러..
[2026-01-05 19시21분29초	1767608489957]	0ms

[2026-01-05 19시21분29초	1767608489957]	펭귄 사냥터 컨트롤러..
[2026-01-05 19시21분29초	1767608489957]	0ms

[2026-01-05 19시21분29초	1767608489958]	칠흑던전 컨트롤러..
[2026-01-05 19시21분29초	1767608489959]	악마왕의영토컨트롤러..
[2026-01-05 19시21분29초	1767608489959]	0ms

[2026-01-05 19시21분29초	1767608489959]	얼던컨트롤러..
[2026-01-05 19시21분29초	1767608489960]	1ms

[2026-01-05 19시21분29초	1767608489960]	기감 컨트롤러..
[2026-01-05 19시21분29초	1767608489960]	0ms

[2026-01-05 19시21분29초	1767608489961]	고라스컨트롤러..
[2026-01-05 19시21분29초	1767608489961]	0ms

[2026-01-05 19시21분29초	1767608489962]	드워프컨트롤러..
[2026-01-05 19시21분29초	1767608489962]	0ms

[2026-01-05 19시21분29초	1767608489963]	타임이벤트컨트롤러..
[2026-01-05 19시21분29초	1767608489963]	0ms

[2026-01-05 19시21분29초	1767608489963]	AutoHuntController..
[2026-01-05 19시21분29초	1767608489963]	0ms

[2026-01-05 19시21분29초	1767608489964]	DatabaseConnection..
[2026-01-05 19시21분30초	1767608490263]	299ms

[2026-01-05 19시21분30초	1767608490279]	ServerDatabase..
[2026-01-05 19시21분30초	1767608490321]	42ms

[2026-01-05 19시21분30초	1767608490324]	SlimeRaceController..
[2026-01-05 19시21분30초	1767608490327]	3ms

[2026-01-05 19시21분30초	1767608490329]	DogRaceController..
[2026-01-05 19시21분30초	1767608490331]	2ms

[2026-01-05 19시21분30초	1767608490334]	ClanController..
[2026-01-05 19시21분30초	1767608490341]	7ms

[2026-01-05 19시21분30초	1767608490344]	KingdomController..
[2026-01-05 19시21분30초	1767608490352]	8ms

[2026-01-05 19시21분30초	1767608490353]	AgitController..
[2026-01-05 19시21분30초	1767608490358]	5ms

[2026-01-05 19시21분30초	1767608490360]	AuctionController..
[2026-01-05 19시21분30초	1767608490367]	7ms

[2026-01-05 19시21분30초	1767608490372]	ItemDatabase..
[2026-01-05 19시21분30초	1767608490480]	108ms

[2026-01-05 19시21분30초	1767608490482]	ItemSetopionDatabase..
[2026-01-05 19시21분30초	1767608490485]	3ms

[2026-01-05 19시21분30초	1767608490487]	AutosellDatabase..
[2026-01-05 19시21분30초	1767608490509]	22ms

[2026-01-05 19시21분30초	1767608490510]	ItemSkillDatabase..
[2026-01-05 19시21분30초	1767608490513]	3ms

[2026-01-05 19시21분30초	1767608490515]	ItemBundleDatabase..
[2026-01-05 19시21분30초	1767608490520]	5ms

[2026-01-05 19시21분30초	1767608490521]	ItemChanceBundleDatabase..
[2026-01-05 19시21분30초	1767608490525]	4ms

[2026-01-05 19시21분30초	1767608490526]	FishItemListDatabase..
[2026-01-05 19시21분30초	1767608490528]	1ms

[2026-01-05 19시21분30초	1767608490529]	ItemTeleport..
[2026-01-05 19시21분30초	1767608490535]	6ms

[2026-01-05 19시21분30초	1767608490536]	PolyDatabase..
[2026-01-05 19시21분30초	1767608490540]	4ms

[2026-01-05 19시21분30초	1767608490541]	DungeonDatabase..
[2026-01-05 19시21분30초	1767608490546]	5ms

[2026-01-05 19시21분30초	1767608490547]	DefiniteDatabase..
[2026-01-05 19시21분30초	1767608490551]	4ms

[2026-01-05 19시21분30초	1767608490552]	ExpDatabase..
[2026-01-05 19시21분30초	1767608490555]	2ms

[2026-01-05 19시21분30초	1767608490555]	BackgroundDatabase..
[2026-01-05 19시21분30초	1767608490694]	139ms

[2026-01-05 19시21분30초	1767608490694]	SpriteFrameDatabase..
[2026-01-05 19시21분30초	1767608490758]	64ms

[2026-01-05 19시21분30초	1767608490759]	SkillDatabase..
[2026-01-05 19시21분30초	1767608490763]	4ms

[2026-01-05 19시21분30초	1767608490764]	NpcDatabase..
[2026-01-05 19시21분30초	1767608490772]	8ms

[2026-01-05 19시21분30초	1767608490773]	NpcShopDatabase..
[2026-01-05 19시21분30초	1767608490832]	59ms

[2026-01-05 19시21분30초	1767608490833]	NpcTeleportDatabase..
[2026-01-05 19시21분30초	1767608490835]	2ms

[2026-01-05 19시21분31초	1767608491006]	NpcSpawnlistDatabase..
[2026-01-05 19시21분31초	1767608491055]	49ms

[2026-01-05 19시21분31초	1767608491056]	EventController..
[2026-01-05 19시21분31초	1767608491057]	1ms

[2026-01-05 19시21분31초	1767608491058]	MonsterDatabase..
[2026-01-05 19시21분31초	1767608491074]	16ms

[2026-01-05 19시21분31초	1767608491078]	MonsterDropDatabase..
[2026-01-05 19시21분31초	1767608491104]	26ms

[2026-01-05 19시21분31초	1767608491105]	MonsterSkillDatabase..
[2026-01-05 19시21분31초	1767608491121]	16ms

[2026-01-05 19시21분31초	1767608491128]	MonsterSpawnlistDatabase..
[2026-01-05 19시21분32초	1767608492536]	1408ms

[2026-01-05 19시21분32초	1767608492538]	MonsterBossSpawnlistDatabase..
[2026-01-05 19시21분32초	1767608492542]	4ms

[2026-01-05 19시21분32초	1767608492543]	ServerDownBossListDatabase..
[2026-01-05 19시21분32초	1767608492543]	0ms

[2026-01-05 19시21분32초	1767608492544]	BadIpDatabase..
[2026-01-05 19시21분32초	1767608492547]	3ms

[2026-01-05 19시21분32초	1767608492547]	QuestController..
[2026-01-05 19시21분32초	1767608492550]	3ms

[2026-01-05 19시21분32초	1767608492550]	ServerOpcodesDatabase..
[2026-01-05 19시21분32초	1767608492555]	5ms

[2026-01-05 19시21분32초	1767608492556]	ServerNoticeDatabase..
[2026-01-05 19시21분32초	1767608492558]	2ms

[2026-01-05 19시21분32초	1767608492560]	RankController..
[2026-01-05 19시21분32초	1767608492588]	28ms

[2026-01-05 19시21분32초	1767608492590]	WantedController..
[2026-01-05 19시21분32초	1767608492596]	6ms

[2026-01-05 19시21분32초	1767608492597]	TeleportHomeDatabase..
[2026-01-05 19시21분32초	1767608492632]	35ms

[2026-01-05 19시21분32초	1767608492633]	TeleportResetDatabase..
[2026-01-05 19시21분32초	1767608492662]	29ms

[2026-01-05 19시21분32초	1767608492663]	ItemPinewandDatabase..
[2026-01-05 19시21분32초	1767608492665]	2ms

[2026-01-05 19시21분32초	1767608492666]	ItemMaplewandDatabase..
[2026-01-05 19시21분32초	1767608492668]	2ms

[2026-01-05 19시21분32초	1767608492669]	SummonListDatabase..
[2026-01-05 19시21분32초	1767608492671]	2ms

[2026-01-05 19시21분32초	1767608492672]	GmListDatabase..
[2026-01-05 19시21분32초	1767608492673]	1ms

[2026-01-05 19시21분32초	1767608492674]	MagicdollListDatabase..
[2026-01-05 19시21분32초	1767608492675]	1ms

[2026-01-05 19시21분32초	1767608492679]	PcMarketController..
[2026-01-05 19시21분32초	1767608492680]	1ms

[2026-01-05 19시21분32초	1767608492680]	ServerOptionDatabase..
[2026-01-05 19시21분32초	1767608492681]	1ms

[2026-01-05 19시21분32초	1767608492682]	TimeDungeonDatabase..
[2026-01-05 19시21분32초	1767608492683]	1ms

[2026-01-05 19시21분32초	1767608492684]	TeamBattleDatabase..
[2026-01-05 19시21분32초	1767608492685]	1ms

[2026-01-05 19시21분32초	1767608492685]	LifeLostItemDatabase..
[2026-01-05 19시21분32초	1767608492687]	2ms

[2026-01-05 19시21분32초	1767608492688]	GmTeleportDatabase..
[2026-01-05 19시21분32초	1767608492689]	1ms

[2026-01-05 19시21분32초	1767608492691]	무인혈맹컨트롤러..
[2026-01-05 19시21분32초	1767608492693]	2ms

[2026-01-05 19시21분32초	1767608492694]	HackNoCheckDatabase..
[2026-01-05 19시21분32초	1767608492694]	0ms

[2026-01-05 19시21분32초	1767608492695]	EnchantLostItemDatabase..
[2026-01-05 19시21분32초	1767608492709]	14ms

[2026-01-05 19시21분32초	1767608492710]	ItemDropMessageDatabase..
[2026-01-05 19시21분32초	1767608492711]	1ms

[2026-01-05 19시21분32초	1767608492713]	FishingController..
[2026-01-05 19시21분32초	1767608492841]	128ms

[2026-01-05 19시21분32초	1767608492850]	RobotController..
[2026-01-05 19시21분32초	1767608492874]	24ms

[2026-01-05 19시21분32초	1767608492876]	Server..
[2026-01-05 19시21분32초	1767608492939]	63ms

[2026-01-05 19시21분32초	1767608492940]	ServerThread..
[2026-01-05 19시21분32초	1767608492940]	0ms

[2026-01-05 19시21분32초	1767608492941]	ControllerTherad..
[2026-01-05 19시21분32초	1767608492941]	0ms

[2026-01-05 19시21분32초	1767608492942]	CharacterThread..
[2026-01-05 19시21분32초	1767608492942]	0ms

[2026-01-05 19시21분32초	1767608492943]	DatabaseThread..
[2026-01-05 19시21분32초	1767608492943]	0ms

[2026-01-05 19시21분32초	1767608492944]	CharacterControlThread..
[2026-01-05 19시21분32초	1767608492944]	0ms

[2026-01-05 19시21분32초	1767608492948]	FightController..
[2026-01-05 19시21분32초	1767608492999]	51ms

[2026-01-05 19시21분33초	1767608493000]	TimeThread..
[2026-01-05 19시21분33초	1767608493000]	0ms

[2026-01-05 19시21분33초	1767608493001]	AutoHuntThread..
[2026-01-05 19시21분33초	1767608493001]	0ms

[2026-01-05 19시21분33초	1767608493001]	======================================================================
[2026-01-05 19시21분33초	1767608493002]	Server Version  :  Lineage 2.0

[2026-01-05 19시21분33초	1767608493002]	Server Port      :  2000

[2026-01-05 19시21분33초	1767608493002]	계정 자동생성  :  on

[2026-01-05 19시21분33초	1767608493002]	인챈트 : 1.0배  ||  드랍 : 3.0배  ||  경험치 : 30.0배  ||  아데나 : 12.0배  ||  파티 : 1.1배

[2026-01-05 19시21분33초	1767608493002]	======================================================================
[2026-01-05 19시21분33초	1767608493002]	'서버' 가동되었습니다.

[2026-01-05 19시24분06초	1767608646669]	서버가 즉시 종료됩니다...
[2026-01-05 19시24분07초	1767608647669]	Thread close..
[2026-01-05 19시24분08초	1767608648669]	Save Database..
[2026-01-05 19시24분09초	1767608649384]	Socket close..
[2026-01-05 19시24분09초	1767608649384]	LineageServer Close...
[2026-01-05 19시24분09초	1767608649384]	0ms

[2026-01-05 19시24분09초	1767608649384]	ok..
