[2026-03-11 00시48분25초	1773157705596]	Mysql..
[2026-03-11 00시48분25초	1773157705596]	1ms

[2026-03-11 00시48분25초	1773157705616]	lineage.conf file loading...
[2026-03-11 00시48분25초	1773157705648]	32ms

[2026-03-11 00시48분25초	1773157705655]	Lineage_Balance..
[2026-03-11 00시48분25초	1773157705664]	9ms

[2026-03-11 00시48분25초	1773157705665]	npc_promotion..
[2026-03-11 00시48분25초	1773157705665]	0ms

[2026-03-11 00시48분25초	1773157705666]	Socket..
[2026-03-11 00시48분25초	1773157705666]	0ms

[2026-03-11 00시48분25초	1773157705666]	Common..
[2026-03-11 00시48분25초	1773157705666]	0ms

[2026-03-11 00시48분25초	1773157705667]	EventThread..
[2026-03-11 00시48분25초	1773157705667]	0ms

[2026-03-11 00시48분25초	1773157705668]	AiExecuteThread..
[2026-03-11 00시48분25초	1773157705668]	0ms

[2026-03-11 00시48분25초	1773157705669]	AiThread..
[2026-03-11 00시48분25초	1773157705669]	0ms

[2026-03-11 00시48분25초	1773157705673]	World..
[2026-03-11 00시48분25초	1773157705758]	85ms

[2026-03-11 00시48분25초	1773157705759]	BookController..
[2026-03-11 00시48분25초	1773157705760]	1ms

[2026-03-11 00시48분25초	1773157705760]	InventoryController..
[2026-03-11 00시48분25초	1773157705760]	0ms

[2026-03-11 00시48분25초	1773157705761]	BasePacketPooling..
[2026-03-11 00시48분25초	1773157705761]	0ms

[2026-03-11 00시48분25초	1773157705763]	SkillController..
[2026-03-11 00시48분25초	1773157705763]	0ms

[2026-03-11 00시48분25초	1773157705775]	DamageController..
[2026-03-11 00시48분25초	1773157705775]	0ms

[2026-03-11 00시48분25초	1773157705777]	CharacterController..
[2026-03-11 00시48분25초	1773157705777]	0ms

[2026-03-11 00시48분25초	1773157705778]	TradeController..
[2026-03-11 00시48분25초	1773157705778]	0ms

[2026-03-11 00시48분25초	1773157705778]	DungeonController..
[2026-03-11 00시48분25초	1773157705778]	0ms

[2026-03-11 00시48분25초	1773157705779]	ShipController..
[2026-03-11 00시48분25초	1773157705779]	0ms

[2026-03-11 00시48분25초	1773157705780]	BuffController..
[2026-03-11 00시48분25초	1773157705780]	0ms

[2026-03-11 00시48분25초	1773157705784]	SummonController..
[2026-03-11 00시48분25초	1773157705784]	0ms

[2026-03-11 00시48분25초	1773157705785]	PartyController..
[2026-03-11 00시48분25초	1773157705785]	0ms

[2026-03-11 00시48분25초	1773157705786]	InnController..
[2026-03-11 00시48분25초	1773157705786]	0ms

[2026-03-11 00시48분25초	1773157705787]	BoardController..
[2026-03-11 00시48분25초	1773157705787]	0ms

[2026-03-11 00시48분25초	1773157705789]	LetterController..
[2026-03-11 00시48분25초	1773157705789]	0ms

[2026-03-11 00시48분25초	1773157705789]	UserShopController..
[2026-03-11 00시48분25초	1773157705789]	0ms

[2026-03-11 00시48분25초	1773157705791]	ChattingController..
[2026-03-11 00시48분25초	1773157705792]	1ms

[2026-03-11 00시48분25초	1773157705793]	ColosseumController..
[2026-03-11 00시48분25초	1773157705793]	0ms

[2026-03-11 00시48분25초	1773157705794]	CraftController..
[2026-03-11 00시48분25초	1773157705794]	0ms

[2026-03-11 00시48분25초	1773157705795]	BossController..
[2026-03-11 00시48분25초	1773157705795]	0ms

[2026-03-11 00시48분25초	1773157705796]	NoticeController..
[2026-03-11 00시48분25초	1773157705797]	1ms

[2026-03-11 00시48분25초	1773157705798]	FriendController..
[2026-03-11 00시48분25초	1773157705798]	0ms

[2026-03-11 00시48분25초	1773157705798]	BugScanningController..
[2026-03-11 00시48분25초	1773157705798]	0ms

[2026-03-11 00시48분25초	1773157705800]	MagicDollController..
[2026-03-11 00시48분25초	1773157705800]	0ms

[2026-03-11 00시48분25초	1773157705800]	ShopController..
[2026-03-11 00시48분25초	1773157705800]	0ms

[2026-03-11 00시48분25초	1773157705809]	WarehouseDatabase..
[2026-03-11 00시48분25초	1773157705809]	0ms

[2026-03-11 00시48분25초	1773157705810]	PakTools..
[2026-03-11 00시48분25초	1773157705819]	9ms

[2026-03-11 00시48분25초	1773157705819]	ScriptController...
[2026-03-11 00시48분25초	1773157705822]	3ms

[2026-03-11 00시48분25초	1773157705823]	GiranClanLordController..
[2026-03-11 00시48분25초	1773157705823]	0ms

[2026-03-11 00시48분25초	1773157705825]	TeamBattleController..
[2026-03-11 00시48분25초	1773157705825]	0ms

[2026-03-11 00시48분25초	1773157705825]	WorldClearController..
[2026-03-11 00시48분25초	1773157705825]	0ms

[2026-03-11 00시48분25초	1773157705826]	SpotController..
[2026-03-11 00시48분25초	1773157705826]	0ms

[2026-03-11 00시48분25초	1773157705830]	테베라스 컨트롤러..
[2026-03-11 00시48분25초	1773157705830]	3ms

[2026-03-11 00시48분25초	1773157705831]	지옥 컨트롤러..
[2026-03-11 00시48분25초	1773157705831]	0ms

[2026-03-11 00시48분25초	1773157705831]	지하수로 컨트롤러..
[2026-03-11 00시48분25초	1773157705831]	0ms

[2026-03-11 00시48분25초	1773157705832]	보물찾기컨트롤러..
[2026-03-11 00시48분25초	1773157705832]	0ms

[2026-03-11 00시48분25초	1773157705833]	마족신전 컨트롤러..
[2026-03-11 00시48분25초	1773157705833]	0ms

[2026-03-11 00시48분25초	1773157705833]	고무 컨트롤러..
[2026-03-11 00시48분25초	1773157705834]	정무던전 컨트롤러..
[2026-03-11 00시48분25초	1773157705839]	5ms

[2026-03-11 00시48분25초	1773157705839]	그신 컨트롤러..
[2026-03-11 00시48분25초	1773157705840]	1ms

[2026-03-11 00시48분25초	1773157705840]	라바던전 컨트롤러..
[2026-03-11 00시48분25초	1773157705841]	0ms

[2026-03-11 00시48분25초	1773157705841]	월드보스컨트롤러..
[2026-03-11 00시48분25초	1773157705841]	0ms

[2026-03-11 00시48분25초	1773157705842]	펭귄 사냥터 컨트롤러..
[2026-03-11 00시48분25초	1773157705842]	0ms

[2026-03-11 00시48분25초	1773157705843]	칠흑던전 컨트롤러..
[2026-03-11 00시48분25초	1773157705844]	칠흑던전3층 컨트롤러..
[2026-03-11 00시48분25초	1773157705844]	0ms

[2026-03-11 00시48분25초	1773157705844]	칠흑던전4층 컨트롤러..
[2026-03-11 00시48분25초	1773157705844]	0ms

[2026-03-11 00시48분25초	1773157705845]	악마왕의영토컨트롤러..
[2026-03-11 00시48분25초	1773157705845]	0ms

[2026-03-11 00시48분25초	1773157705846]	얼던컨트롤러..
[2026-03-11 00시48분25초	1773157705846]	0ms

[2026-03-11 00시48분25초	1773157705847]	오만1층 컨트롤러..
[2026-03-11 00시48분25초	1773157705847]	0ms

[2026-03-11 00시48분25초	1773157705847]	오만1층 컨트롤러..
[2026-03-11 00시48분25초	1773157705847]	0ms

[2026-03-11 00시48분25초	1773157705848]	오만3층 컨트롤러..
[2026-03-11 00시48분25초	1773157705848]	0ms

[2026-03-11 00시48분25초	1773157705849]	오만4층 컨트롤러..
[2026-03-11 00시48분25초	1773157705849]	0ms

[2026-03-11 00시48분25초	1773157705849]	오만5층 컨트롤러..
[2026-03-11 00시48분25초	1773157705849]	0ms

[2026-03-11 00시48분25초	1773157705858]	오만6층 컨트롤러..
[2026-03-11 00시48분25초	1773157705859]	1ms

[2026-03-11 00시48분25초	1773157705859]	오만7층 컨트롤러..
[2026-03-11 00시48분25초	1773157705859]	0ms

[2026-03-11 00시48분25초	1773157705860]	오만8층 컨트롤러..
[2026-03-11 00시48분25초	1773157705860]	0ms

[2026-03-11 00시48분25초	1773157705861]	오만9층 컨트롤러..
[2026-03-11 00시48분25초	1773157705861]	0ms

[2026-03-11 00시48분25초	1773157705862]	오만10층 컨트롤러..
[2026-03-11 00시48분25초	1773157705862]	0ms

[2026-03-11 00시48분25초	1773157705862]	오만정상 컨트롤러..
[2026-03-11 00시48분25초	1773157705863]	1ms

[2026-03-11 00시48분25초	1773157705863]	기감 컨트롤러..
[2026-03-11 00시48분25초	1773157705863]	0ms

[2026-03-11 00시48분25초	1773157705864]	고라스컨트롤러..
[2026-03-11 00시48분25초	1773157705864]	0ms

[2026-03-11 00시48분25초	1773157705865]	드워프컨트롤러..
[2026-03-11 00시48분25초	1773157705865]	0ms

[2026-03-11 00시48분25초	1773157705865]	타임이벤트컨트롤러..
[2026-03-11 00시48분25초	1773157705865]	0ms

[2026-03-11 00시48분25초	1773157705866]	AutoHuntController..
[2026-03-11 00시48분25초	1773157705866]	0ms

[2026-03-11 00시48분25초	1773157705880]	DatabaseConnection..
[2026-03-11 00시48분26초	1773157706182]	302ms

[2026-03-11 00시48분26초	1773157706205]	ServerDatabase..
[2026-03-11 00시48분26초	1773157706243]	38ms

[2026-03-11 00시48분26초	1773157706246]	SlimeRaceController..
[2026-03-11 00시48분26초	1773157706248]	2ms

[2026-03-11 00시48분26초	1773157706250]	DogRaceController..
[2026-03-11 00시48분26초	1773157706251]	1ms

[2026-03-11 00시48분26초	1773157706254]	ClanController..
[2026-03-11 00시48분26초	1773157706259]	5ms

[2026-03-11 00시48분26초	1773157706262]	KingdomController..
[2026-03-11 00시48분26초	1773157706268]	6ms

[2026-03-11 00시48분26초	1773157706269]	AgitController..
[2026-03-11 00시48분26초	1773157706273]	4ms

[2026-03-11 00시48분26초	1773157706274]	AuctionController..
[2026-03-11 00시48분26초	1773157706279]	5ms

[2026-03-11 00시48분26초	1773157706283]	ItemDatabase..
[2026-03-11 00시48분26초	1773157706385]	102ms

[2026-03-11 00시48분26초	1773157706387]	ItemSetopionDatabase..
[2026-03-11 00시48분26초	1773157706393]	6ms

[2026-03-11 00시48분26초	1773157706394]	AutosellDatabase..
[2026-03-11 00시48분26초	1773157706424]	30ms

[2026-03-11 00시48분26초	1773157706425]	ItemSkillDatabase..
[2026-03-11 00시48분26초	1773157706428]	3ms

[2026-03-11 00시48분26초	1773157706428]	ItemBundleDatabase..
[2026-03-11 00시48분26초	1773157706431]	3ms

[2026-03-11 00시48분26초	1773157706432]	ItemChanceBundleDatabase..
[2026-03-11 00시48분26초	1773157706436]	4ms

[2026-03-11 00시48분26초	1773157706437]	FishItemListDatabase..
[2026-03-11 00시48분26초	1773157706440]	3ms

[2026-03-11 00시48분26초	1773157706441]	ItemTeleport..
[2026-03-11 00시48분26초	1773157706444]	3ms

[2026-03-11 00시48분26초	1773157706445]	PolyDatabase..
[2026-03-11 00시48분26초	1773157706449]	4ms

[2026-03-11 00시48분26초	1773157706450]	DungeonDatabase..
[2026-03-11 00시48분26초	1773157706455]	5ms

[2026-03-11 00시48분26초	1773157706456]	DefiniteDatabase..
[2026-03-11 00시48분26초	1773157706458]	2ms

[2026-03-11 00시48분26초	1773157706459]	ExpDatabase..
[2026-03-11 00시48분26초	1773157706461]	2ms

[2026-03-11 00시48분26초	1773157706461]	BackgroundDatabase..
[2026-03-11 00시48분26초	1773157706640]	179ms

[2026-03-11 00시48분26초	1773157706641]	SpriteFrameDatabase..
[2026-03-11 00시48분26초	1773157706702]	61ms

[2026-03-11 00시48분26초	1773157706703]	SkillDatabase..
[2026-03-11 00시48분26초	1773157706705]	2ms

[2026-03-11 00시48분26초	1773157706706]	NpcDatabase..
[2026-03-11 00시48분26초	1773157706714]	8ms

[2026-03-11 00시48분26초	1773157706715]	NpcShopDatabase..
[2026-03-11 00시48분26초	1773157706775]	60ms

[2026-03-11 00시48분26초	1773157706776]	NpcTeleportDatabase..
[2026-03-11 00시48분26초	1773157706778]	2ms

[2026-03-11 00시48분26초	1773157706923]	NpcSpawnlistDatabase..
[2026-03-11 00시48분26초	1773157706972]	49ms

[2026-03-11 00시48분26초	1773157706974]	EventController..
[2026-03-11 00시48분26초	1773157706974]	0ms

[2026-03-11 00시48분26초	1773157706975]	MonsterDatabase..
[2026-03-11 00시48분26초	1773157706991]	16ms

[2026-03-11 00시48분26초	1773157706992]	MonsterDropDatabase..
[2026-03-11 00시48분27초	1773157707020]	28ms

[2026-03-11 00시48분27초	1773157707021]	MonsterSkillDatabase..
[2026-03-11 00시48분27초	1773157707036]	15ms

[2026-03-11 00시48분27초	1773157707038]	MonsterSpawnlistDatabase..
[2026-03-11 00시48분28초	1773157708401]	1363ms

[2026-03-11 00시48분28초	1773157708402]	MonsterBossSpawnlistDatabase..
[2026-03-11 00시48분28초	1773157708405]	3ms

[2026-03-11 00시48분28초	1773157708405]	ServerDownBossListDatabase..
[2026-03-11 00시48분28초	1773157708406]	1ms

[2026-03-11 00시48분28초	1773157708407]	BadIpDatabase..
[2026-03-11 00시48분28초	1773157708409]	2ms

[2026-03-11 00시48분28초	1773157708409]	QuestController..
[2026-03-11 00시48분28초	1773157708409]	0ms

[2026-03-11 00시48분28초	1773157708410]	ServerOpcodesDatabase..
[2026-03-11 00시48분28초	1773157708414]	4ms

[2026-03-11 00시48분28초	1773157708415]	ServerNoticeDatabase..
[2026-03-11 00시48분28초	1773157708417]	2ms

[2026-03-11 00시48분28초	1773157708418]	RankController..
[2026-03-11 00시48분28초	1773157708425]	7ms

[2026-03-11 00시48분28초	1773157708427]	WantedController..
[2026-03-11 00시48분28초	1773157708428]	1ms

[2026-03-11 00시48분28초	1773157708429]	TeleportHomeDatabase..
[2026-03-11 00시48분28초	1773157708459]	30ms

[2026-03-11 00시48분28초	1773157708460]	TeleportResetDatabase..
[2026-03-11 00시48분28초	1773157708490]	30ms

[2026-03-11 00시48분28초	1773157708491]	ItemPinewandDatabase..
[2026-03-11 00시48분28초	1773157708493]	2ms

[2026-03-11 00시48분28초	1773157708493]	ItemMaplewandDatabase..
[2026-03-11 00시48분28초	1773157708495]	2ms

[2026-03-11 00시48분28초	1773157708496]	SummonListDatabase..
[2026-03-11 00시48분28초	1773157708498]	2ms

[2026-03-11 00시48분28초	1773157708498]	GmListDatabase..
[2026-03-11 00시48분28초	1773157708499]	1ms

[2026-03-11 00시48분28초	1773157708501]	MagicdollListDatabase..
[2026-03-11 00시48분28초	1773157708503]	2ms

[2026-03-11 00시48분28초	1773157708507]	PcMarketController..
[2026-03-11 00시48분28초	1773157708509]	2ms

[2026-03-11 00시48분28초	1773157708509]	ServerOptionDatabase..
[2026-03-11 00시48분28초	1773157708510]	1ms

[2026-03-11 00시48분28초	1773157708511]	TimeDungeonDatabase..
[2026-03-11 00시48분28초	1773157708512]	1ms

[2026-03-11 00시48분28초	1773157708513]	TeamBattleDatabase..
[2026-03-11 00시48분28초	1773157708514]	1ms

[2026-03-11 00시48분28초	1773157708514]	LifeLostItemDatabase..
[2026-03-11 00시48분28초	1773157708516]	2ms

[2026-03-11 00시48분28초	1773157708517]	GmTeleportDatabase..
[2026-03-11 00시48분28초	1773157708518]	1ms

[2026-03-11 00시48분28초	1773157708521]	무인혈맹컨트롤러..
[2026-03-11 00시48분28초	1773157708522]	1ms

[2026-03-11 00시48분28초	1773157708523]	HackNoCheckDatabase..
[2026-03-11 00시48분28초	1773157708524]	1ms

[2026-03-11 00시48분28초	1773157708525]	EnchantLostItemDatabase..
[2026-03-11 00시48분28초	1773157708526]	1ms

[2026-03-11 00시48분28초	1773157708527]	ItemDropMessageDatabase..
[2026-03-11 00시48분28초	1773157708528]	1ms

[2026-03-11 00시48분28초	1773157708530]	FishingController..
[2026-03-11 00시48분28초	1773157708542]	12ms

[2026-03-11 00시48분28초	1773157708555]	RobotController..
[2026-03-11 00시48분28초	1773157708580]	25ms

[2026-03-11 00시48분28초	1773157708583]	Server..
[2026-03-11 00시48분28초	1773157708661]	78ms

[2026-03-11 00시48분28초	1773157708662]	ServerThread..
[2026-03-11 00시48분28초	1773157708662]	0ms

[2026-03-11 00시48분28초	1773157708663]	ControllerTherad..
[2026-03-11 00시48분28초	1773157708663]	0ms

[2026-03-11 00시48분28초	1773157708664]	CharacterThread..
[2026-03-11 00시48분28초	1773157708664]	0ms

[2026-03-11 00시48분28초	1773157708665]	DatabaseThread..
[2026-03-11 00시48분28초	1773157708665]	0ms

[2026-03-11 00시48분28초	1773157708667]	CharacterControlThread..
[2026-03-11 00시48분28초	1773157708667]	0ms

[2026-03-11 00시48분28초	1773157708672]	FightController..
[2026-03-11 00시48분28초	1773157708729]	57ms

[2026-03-11 00시48분28초	1773157708730]	TimeThread..
[2026-03-11 00시48분28초	1773157708731]	0ms

[2026-03-11 00시48분28초	1773157708731]	AutoHuntThread..
[2026-03-11 00시48분28초	1773157708731]	0ms

[2026-03-11 00시48분28초	1773157708731]	======================================================================
[2026-03-11 00시48분28초	1773157708732]	Server Version  :  Lineage 2.0

[2026-03-11 00시48분28초	1773157708732]	Server Port      :  2000

[2026-03-11 00시48분28초	1773157708732]	계정 자동생성  :  on

[2026-03-11 00시48분28초	1773157708732]	인챈트 : 1.0배  ||  드랍 : 7.0배  ||  경험치 : 50.0배  ||  아데나 : 40.0배  ||  파티 : 1.1배

[2026-03-11 00시48분28초	1773157708732]	======================================================================
[2026-03-11 00시48분28초	1773157708732]	'서버' 가동되었습니다.

[2026-03-11 00시49분03초	1773157743073]	[자동매입] tryAutoSellOnPickup() 에러: java.lang.NullPointerException
[2026-03-11 00시49분41초	1773157781329]	[자동매입] tryAutoSellOnPickup() 에러: java.lang.NullPointerException
[2026-03-11 00시49분41초	1773157781461]	[자동매입] tryAutoSellOnPickup() 에러: java.lang.NullPointerException
[2026-03-11 00시51분29초	1773157889185]	자동 저장완료 2026-03-11 00시51분29초
[2026-03-11 00시54분29초	1773158069873]	자동 저장완료 2026-03-11 00시54분29초
[2026-03-11 00시57분30초	1773158250441]	자동 저장완료 2026-03-11 00시57분30초
[2026-03-11 00시58분02초	1773158282699]	class party_auto_sell.AutosellDatabase : UpdateautoSell(Connection con, PcInstance pc)

[2026-03-11 00시58분02초	1773158282699]	com.mysql.jdbc.exceptions.jdbc4.MySQLIntegrityConstraintViolationException: Duplicate entry '47657531' for key 'PRIMARY'
[2026-03-11 00시58분02초	1773158282710]	class party_auto_sell.AutosellDatabase : UpdateautoSell(Connection con, PcInstance pc)

[2026-03-11 00시58분02초	1773158282710]	com.mysql.jdbc.exceptions.jdbc4.MySQLIntegrityConstraintViolationException: Duplicate entry '47657229' for key 'PRIMARY'
[2026-03-11 01시00분30초	1773158430691]	자동 저장완료 2026-03-11 01시00분30초
[2026-03-11 01시03분31초	1773158611240]	자동 저장완료 2026-03-11 01시03분31초
[2026-03-11 01시06분25초	1773158785110]	서버가 즉시 종료됩니다...
[2026-03-11 01시06분26초	1773158786110]	Thread close..
[2026-03-11 01시06분27초	1773158787110]	Save Database..
[2026-03-11 01시06분27초	1773158787653]	Socket close..
[2026-03-11 01시06분27초	1773158787653]	LineageServer Close...
[2026-03-11 01시06분27초	1773158787653]	0ms

[2026-03-11 01시06분27초	1773158787653]	ok..
