[2026-03-17 13시18분44초	1773721124714]	Mysql..
[2026-03-17 13시18분44초	1773721124714]	1ms

[2026-03-17 13시18분44초	1773721124735]	lineage.conf file loading...
[2026-03-17 13시18분44초	1773721124770]	35ms

[2026-03-17 13시18분44초	1773721124783]	Lineage_Balance..
[2026-03-17 13시18분44초	1773721124792]	9ms

[2026-03-17 13시18분44초	1773721124793]	npc_promotion..
[2026-03-17 13시18분44초	1773721124793]	0ms

[2026-03-17 13시18분44초	1773721124794]	Socket..
[2026-03-17 13시18분44초	1773721124794]	0ms

[2026-03-17 13시18분44초	1773721124795]	Common..
[2026-03-17 13시18분44초	1773721124795]	0ms

[2026-03-17 13시18분44초	1773721124795]	EventThread..
[2026-03-17 13시18분44초	1773721124796]	1ms

[2026-03-17 13시18분44초	1773721124797]	AiExecuteThread..
[2026-03-17 13시18분44초	1773721124797]	0ms

[2026-03-17 13시18분44초	1773721124798]	AiThread..
[2026-03-17 13시18분44초	1773721124798]	0ms

[2026-03-17 13시18분44초	1773721124808]	World..
[2026-03-17 13시18분44초	1773721124898]	90ms

[2026-03-17 13시18분44초	1773721124900]	BookController..
[2026-03-17 13시18분44초	1773721124900]	0ms

[2026-03-17 13시18분44초	1773721124901]	InventoryController..
[2026-03-17 13시18분44초	1773721124901]	0ms

[2026-03-17 13시18분44초	1773721124902]	BasePacketPooling..
[2026-03-17 13시18분44초	1773721124902]	0ms

[2026-03-17 13시18분44초	1773721124904]	SkillController..
[2026-03-17 13시18분44초	1773721124904]	0ms

[2026-03-17 13시18분44초	1773721124911]	DamageController..
[2026-03-17 13시18분44초	1773721124911]	0ms

[2026-03-17 13시18분44초	1773721124913]	CharacterController..
[2026-03-17 13시18분44초	1773721124913]	0ms

[2026-03-17 13시18분44초	1773721124914]	TradeController..
[2026-03-17 13시18분44초	1773721124914]	0ms

[2026-03-17 13시18분44초	1773721124915]	DungeonController..
[2026-03-17 13시18분44초	1773721124915]	0ms

[2026-03-17 13시18분44초	1773721124916]	ShipController..
[2026-03-17 13시18분44초	1773721124916]	0ms

[2026-03-17 13시18분44초	1773721124917]	BuffController..
[2026-03-17 13시18분44초	1773721124917]	0ms

[2026-03-17 13시18분44초	1773721124921]	SummonController..
[2026-03-17 13시18분44초	1773721124921]	1ms

[2026-03-17 13시18분44초	1773721124922]	PartyController..
[2026-03-17 13시18분44초	1773721124922]	0ms

[2026-03-17 13시18분44초	1773721124923]	InnController..
[2026-03-17 13시18분44초	1773721124923]	0ms

[2026-03-17 13시18분44초	1773721124924]	BoardController..
[2026-03-17 13시18분44초	1773721124924]	0ms

[2026-03-17 13시18분44초	1773721124925]	LetterController..
[2026-03-17 13시18분44초	1773721124926]	1ms

[2026-03-17 13시18분44초	1773721124926]	UserShopController..
[2026-03-17 13시18분44초	1773721124926]	0ms

[2026-03-17 13시18분44초	1773721124928]	ChattingController..
[2026-03-17 13시18분44초	1773721124929]	1ms

[2026-03-17 13시18분44초	1773721124939]	ColosseumController..
[2026-03-17 13시18분44초	1773721124939]	0ms

[2026-03-17 13시18분44초	1773721124940]	CraftController..
[2026-03-17 13시18분44초	1773721124940]	0ms

[2026-03-17 13시18분44초	1773721124941]	BossController..
[2026-03-17 13시18분44초	1773721124941]	0ms

[2026-03-17 13시18분44초	1773721124950]	NoticeController..
[2026-03-17 13시18분44초	1773721124950]	0ms

[2026-03-17 13시18분44초	1773721124951]	FriendController..
[2026-03-17 13시18분44초	1773721124951]	0ms

[2026-03-17 13시18분44초	1773721124960]	BugScanningController..
[2026-03-17 13시18분44초	1773721124960]	0ms

[2026-03-17 13시18분44초	1773721124961]	MagicDollController..
[2026-03-17 13시18분44초	1773721124961]	0ms

[2026-03-17 13시18분44초	1773721124962]	ShopController..
[2026-03-17 13시18분44초	1773721124962]	0ms

[2026-03-17 13시18분44초	1773721124963]	WarehouseDatabase..
[2026-03-17 13시18분44초	1773721124963]	0ms

[2026-03-17 13시18분44초	1773721124964]	PakTools..
[2026-03-17 13시18분44초	1773721124965]	1ms

[2026-03-17 13시18분44초	1773721124966]	ScriptController...
[2026-03-17 13시18분44초	1773721124969]	3ms

[2026-03-17 13시18분44초	1773721124969]	GiranClanLordController..
[2026-03-17 13시18분44초	1773721124969]	0ms

[2026-03-17 13시18분44초	1773721124971]	TeamBattleController..
[2026-03-17 13시18분44초	1773721124971]	0ms

[2026-03-17 13시18분44초	1773721124972]	WorldClearController..
[2026-03-17 13시18분44초	1773721124972]	0ms

[2026-03-17 13시18분44초	1773721124973]	SpotController..
[2026-03-17 13시18분44초	1773721124973]	0ms

[2026-03-17 13시18분44초	1773721124976]	테베라스 컨트롤러..
[2026-03-17 13시18분44초	1773721124976]	2ms

[2026-03-17 13시18분44초	1773721124977]	지옥 컨트롤러..
[2026-03-17 13시18분44초	1773721124977]	0ms

[2026-03-17 13시18분44초	1773721124978]	지하수로 컨트롤러..
[2026-03-17 13시18분44초	1773721124978]	0ms

[2026-03-17 13시18분44초	1773721124979]	보물찾기컨트롤러..
[2026-03-17 13시18분44초	1773721124979]	0ms

[2026-03-17 13시18분44초	1773721124979]	마족신전 컨트롤러..
[2026-03-17 13시18분44초	1773721124979]	0ms

[2026-03-17 13시18분44초	1773721124980]	고무 컨트롤러..
[2026-03-17 13시18분44초	1773721124981]	정무던전 컨트롤러..
[2026-03-17 13시18분44초	1773721124985]	4ms

[2026-03-17 13시18분44초	1773721124986]	그신 컨트롤러..
[2026-03-17 13시18분44초	1773721124986]	0ms

[2026-03-17 13시18분44초	1773721124987]	라바던전 컨트롤러..
[2026-03-17 13시18분44초	1773721124987]	0ms

[2026-03-17 13시18분44초	1773721124988]	월드보스컨트롤러..
[2026-03-17 13시18분44초	1773721124988]	0ms

[2026-03-17 13시18분44초	1773721124989]	펭귄 사냥터 컨트롤러..
[2026-03-17 13시18분44초	1773721124989]	0ms

[2026-03-17 13시18분44초	1773721124990]	칠흑던전 컨트롤러..
[2026-03-17 13시18분44초	1773721124990]	칠흑던전3층 컨트롤러..
[2026-03-17 13시18분44초	1773721124990]	0ms

[2026-03-17 13시18분44초	1773721124991]	칠흑던전4층 컨트롤러..
[2026-03-17 13시18분44초	1773721124991]	0ms

[2026-03-17 13시18분44초	1773721124992]	악마왕의영토컨트롤러..
[2026-03-17 13시18분44초	1773721124992]	0ms

[2026-03-17 13시18분44초	1773721124993]	얼던컨트롤러..
[2026-03-17 13시18분44초	1773721124993]	0ms

[2026-03-17 13시18분44초	1773721124994]	오만1층 컨트롤러..
[2026-03-17 13시18분44초	1773721124994]	0ms

[2026-03-17 13시18분44초	1773721124994]	오만1층 컨트롤러..
[2026-03-17 13시18분44초	1773721124994]	0ms

[2026-03-17 13시18분44초	1773721124995]	오만3층 컨트롤러..
[2026-03-17 13시18분44초	1773721124995]	0ms

[2026-03-17 13시18분44초	1773721124996]	오만4층 컨트롤러..
[2026-03-17 13시18분44초	1773721124996]	0ms

[2026-03-17 13시18분44초	1773721124997]	오만5층 컨트롤러..
[2026-03-17 13시18분44초	1773721124997]	0ms

[2026-03-17 13시18분44초	1773721124997]	오만6층 컨트롤러..
[2026-03-17 13시18분44초	1773721124998]	0ms

[2026-03-17 13시18분44초	1773721124998]	오만7층 컨트롤러..
[2026-03-17 13시18분44초	1773721124998]	0ms

[2026-03-17 13시18분44초	1773721124999]	오만8층 컨트롤러..
[2026-03-17 13시18분44초	1773721124999]	0ms

[2026-03-17 13시18분45초	1773721125000]	오만9층 컨트롤러..
[2026-03-17 13시18분45초	1773721125000]	0ms

[2026-03-17 13시18분45초	1773721125000]	오만10층 컨트롤러..
[2026-03-17 13시18분45초	1773721125000]	0ms

[2026-03-17 13시18분45초	1773721125001]	오만정상 컨트롤러..
[2026-03-17 13시18분45초	1773721125001]	0ms

[2026-03-17 13시18분45초	1773721125002]	기감 컨트롤러..
[2026-03-17 13시18분45초	1773721125002]	0ms

[2026-03-17 13시18분45초	1773721125003]	고라스컨트롤러..
[2026-03-17 13시18분45초	1773721125003]	0ms

[2026-03-17 13시18분45초	1773721125003]	드워프컨트롤러..
[2026-03-17 13시18분45초	1773721125003]	0ms

[2026-03-17 13시18분45초	1773721125004]	타임이벤트컨트롤러..
[2026-03-17 13시18분45초	1773721125004]	0ms

[2026-03-17 13시18분45초	1773721125005]	AutoHuntController..
[2026-03-17 13시18분45초	1773721125005]	0ms

[2026-03-17 13시18분45초	1773721125018]	DatabaseConnection..
[2026-03-17 13시18분45초	1773721125319]	301ms

[2026-03-17 13시18분45초	1773721125338]	ServerDatabase..
[2026-03-17 13시18분45초	1773721125374]	36ms

[2026-03-17 13시18분45초	1773721125377]	SlimeRaceController..
[2026-03-17 13시18분45초	1773721125379]	2ms

[2026-03-17 13시18분45초	1773721125380]	DogRaceController..
[2026-03-17 13시18분45초	1773721125382]	2ms

[2026-03-17 13시18분45초	1773721125392]	ClanController..
[2026-03-17 13시18분45초	1773721125397]	5ms

[2026-03-17 13시18분45초	1773721125400]	KingdomController..
[2026-03-17 13시18분45초	1773721125411]	10ms

[2026-03-17 13시18분45초	1773721125412]	AgitController..
[2026-03-17 13시18분45초	1773721125416]	4ms

[2026-03-17 13시18분45초	1773721125417]	AuctionController..
[2026-03-17 13시18분45초	1773721125422]	5ms

[2026-03-17 13시18분45초	1773721125428]	ItemDatabase..
[2026-03-17 13시18분45초	1773721125459]	class lineage.database.ItemDatabase : init(Connection con)

[2026-03-17 13시18분45초	1773721125459]	java.sql.SQLException: Column 'expire_time' not found.
[2026-03-17 13시18분45초	1773721125459]	31ms

[2026-03-17 13시18분45초	1773721125461]	ItemSetopionDatabase..
[2026-03-17 13시18분45초	1773721125464]	3ms

[2026-03-17 13시18분45초	1773721125465]	AutosellDatabase..
[2026-03-17 13시18분45초	1773721125478]	13ms

[2026-03-17 13시18분45초	1773721125479]	ItemSkillDatabase..
[2026-03-17 13시18분45초	1773721125482]	3ms

[2026-03-17 13시18분45초	1773721125483]	ItemBundleDatabase..
[2026-03-17 13시18분45초	1773721125521]	38ms

[2026-03-17 13시18분45초	1773721125523]	ItemChanceBundleDatabase..
[2026-03-17 13시18분45초	1773721125527]	4ms

[2026-03-17 13시18분45초	1773721125527]	FishItemListDatabase..
[2026-03-17 13시18분45초	1773721125529]	2ms

[2026-03-17 13시18분45초	1773721125531]	ItemTeleport..
[2026-03-17 13시18분45초	1773721125533]	2ms

[2026-03-17 13시18분45초	1773721125535]	PolyDatabase..
[2026-03-17 13시18분45초	1773721125537]	2ms

[2026-03-17 13시18분45초	1773721125538]	DungeonDatabase..
[2026-03-17 13시18분45초	1773721125542]	4ms

[2026-03-17 13시18분45초	1773721125543]	DefiniteDatabase..
[2026-03-17 13시18분45초	1773721125546]	3ms

[2026-03-17 13시18분45초	1773721125547]	ExpDatabase..
[2026-03-17 13시18분45초	1773721125553]	6ms

[2026-03-17 13시18분45초	1773721125553]	BackgroundDatabase..
[2026-03-17 13시18분45초	1773721125697]	143ms

[2026-03-17 13시18분45초	1773721125697]	SpriteFrameDatabase..
[2026-03-17 13시18분45초	1773721125755]	58ms

[2026-03-17 13시18분45초	1773721125755]	SkillDatabase..
[2026-03-17 13시18분45초	1773721125758]	2ms

[2026-03-17 13시18분45초	1773721125766]	NpcDatabase..
[2026-03-17 13시18분45초	1773721125783]	17ms

[2026-03-17 13시18분45초	1773721125784]	NpcShopDatabase..
[2026-03-17 13시18분45초	1773721125818]	34ms

[2026-03-17 13시18분45초	1773721125824]	NpcTeleportDatabase..
[2026-03-17 13시18분45초	1773721125825]	1ms

[2026-03-17 13시18분46초	1773721126021]	NpcSpawnlistDatabase..
[2026-03-17 13시18분46초	1773721126087]	66ms

[2026-03-17 13시18분46초	1773721126089]	EventController..
[2026-03-17 13시18분46초	1773721126089]	0ms

[2026-03-17 13시18분46초	1773721126091]	MonsterDatabase..
[2026-03-17 13시18분46초	1773721126107]	16ms

[2026-03-17 13시18분46초	1773721126108]	MonsterDropDatabase..
[2026-03-17 13시18분46초	1773721126134]	26ms

[2026-03-17 13시18분46초	1773721126135]	MonsterSkillDatabase..
[2026-03-17 13시18분46초	1773721126150]	15ms

[2026-03-17 13시18분46초	1773721126153]	MonsterSpawnlistDatabase..
[2026-03-17 13시18분47초	1773721127555]	1402ms

[2026-03-17 13시18분47초	1773721127556]	MonsterBossSpawnlistDatabase..
[2026-03-17 13시18분47초	1773721127558]	2ms

[2026-03-17 13시18분47초	1773721127559]	ServerDownBossListDatabase..
[2026-03-17 13시18분47초	1773721127560]	1ms

[2026-03-17 13시18분47초	1773721127561]	BadIpDatabase..
[2026-03-17 13시18분47초	1773721127563]	2ms

[2026-03-17 13시18분47초	1773721127563]	QuestController..
[2026-03-17 13시18분47초	1773721127563]	0ms

[2026-03-17 13시18분47초	1773721127564]	ServerOpcodesDatabase..
[2026-03-17 13시18분47초	1773721127567]	3ms

[2026-03-17 13시18분47초	1773721127568]	ServerNoticeDatabase..
[2026-03-17 13시18분47초	1773721127569]	1ms

[2026-03-17 13시18분47초	1773721127571]	RankController..
[2026-03-17 13시18분47초	1773721127599]	28ms

[2026-03-17 13시18분47초	1773721127601]	WantedController..
[2026-03-17 13시18분47초	1773721127606]	5ms

[2026-03-17 13시18분47초	1773721127607]	TeleportHomeDatabase..
[2026-03-17 13시18분47초	1773721127639]	32ms

[2026-03-17 13시18분47초	1773721127640]	TeleportResetDatabase..
[2026-03-17 13시18분47초	1773721127669]	29ms

[2026-03-17 13시18분47초	1773721127670]	ItemPinewandDatabase..
[2026-03-17 13시18분47초	1773721127671]	1ms

[2026-03-17 13시18분47초	1773721127672]	ItemMaplewandDatabase..
[2026-03-17 13시18분47초	1773721127673]	1ms

[2026-03-17 13시18분47초	1773721127674]	SummonListDatabase..
[2026-03-17 13시18분47초	1773721127675]	1ms

[2026-03-17 13시18분47초	1773721127676]	GmListDatabase..
[2026-03-17 13시18분47초	1773721127676]	0ms

[2026-03-17 13시18분47초	1773721127678]	MagicdollListDatabase..
[2026-03-17 13시18분47초	1773721127679]	1ms

[2026-03-17 13시18분47초	1773721127684]	PcMarketController..
[2026-03-17 13시18분47초	1773721127684]	0ms

[2026-03-17 13시18분47초	1773721127685]	ServerOptionDatabase..
[2026-03-17 13시18분47초	1773721127686]	1ms

[2026-03-17 13시18분47초	1773721127687]	TimeDungeonDatabase..
[2026-03-17 13시18분47초	1773721127687]	0ms

[2026-03-17 13시18분47초	1773721127688]	TeamBattleDatabase..
[2026-03-17 13시18분47초	1773721127689]	1ms

[2026-03-17 13시18분47초	1773721127690]	LifeLostItemDatabase..
[2026-03-17 13시18분47초	1773721127692]	1ms

[2026-03-17 13시18분47초	1773721127692]	GmTeleportDatabase..
[2026-03-17 13시18분47초	1773721127694]	2ms

[2026-03-17 13시18분47초	1773721127696]	무인혈맹컨트롤러..
[2026-03-17 13시18분47초	1773721127696]	0ms

[2026-03-17 13시18분47초	1773721127697]	HackNoCheckDatabase..
[2026-03-17 13시18분47초	1773721127698]	1ms

[2026-03-17 13시18분47초	1773721127699]	EnchantLostItemDatabase..
[2026-03-17 13시18분47초	1773721127711]	12ms

[2026-03-17 13시18분47초	1773721127712]	ItemDropMessageDatabase..
[2026-03-17 13시18분47초	1773721127714]	2ms

[2026-03-17 13시18분47초	1773721127716]	FishingController..
[2026-03-17 13시18분47초	1773721127727]	11ms

[2026-03-17 13시18분47초	1773721127743]	RobotController..
[2026-03-17 13시18분47초	1773721127767]	24ms

[2026-03-17 13시18분47초	1773721127769]	Server..
[2026-03-17 13시18분47초	1773721127866]	97ms

[2026-03-17 13시18분47초	1773721127867]	ServerThread..
[2026-03-17 13시18분47초	1773721127867]	0ms

[2026-03-17 13시18분47초	1773721127868]	ControllerTherad..
[2026-03-17 13시18분47초	1773721127868]	0ms

[2026-03-17 13시18분47초	1773721127869]	CharacterThread..
[2026-03-17 13시18분47초	1773721127869]	0ms

[2026-03-17 13시18분47초	1773721127870]	DatabaseThread..
[2026-03-17 13시18분47초	1773721127871]	1ms

[2026-03-17 13시18분47초	1773721127872]	CharacterControlThread..
[2026-03-17 13시18분47초	1773721127872]	0ms

[2026-03-17 13시18분47초	1773721127920]	FightController..
[2026-03-17 13시18분47초	1773721127944]	24ms

[2026-03-17 13시18분47초	1773721127945]	TimeThread..
[2026-03-17 13시18분47초	1773721127945]	0ms

[2026-03-17 13시18분47초	1773721127946]	AutoHuntThread..
[2026-03-17 13시18분47초	1773721127946]	0ms

[2026-03-17 13시18분47초	1773721127946]	======================================================================
[2026-03-17 13시18분47초	1773721127947]	Server Version  :  Lineage 2.0

[2026-03-17 13시18분47초	1773721127947]	Server Port      :  2000

[2026-03-17 13시18분47초	1773721127947]	계정 자동생성  :  on

[2026-03-17 13시18분47초	1773721127947]	인챈트 : 1.0배  ||  드랍 : 7.0배  ||  경험치 : 50.0배  ||  아데나 : 40.0배  ||  파티 : 1.1배

[2026-03-17 13시18분47초	1773721127947]	======================================================================
[2026-03-17 13시18분47초	1773721127947]	'서버' 가동되었습니다.

[2026-03-17 13시19분16초	1773721156752]	Thread close..
[2026-03-17 13시19분17초	1773721157753]	Save Database..
[2026-03-17 13시19분18초	1773721158321]	Socket close..
[2026-03-17 13시19분18초	1773721158321]	LineageServer Close...
[2026-03-17 13시19분18초	1773721158321]	0ms

[2026-03-17 13시19분18초	1773721158321]	ok..
