[2026-01-14 16시03분09초	1768374189490]	Mysql..
[2026-01-14 16시03분09초	1768374189490]	2ms

[2026-01-14 16시03분09초	1768374189508]	lineage.conf file loading...
[2026-01-14 16시03분09초	1768374189538]	30ms

[2026-01-14 16시03분09초	1768374189545]	Lineage_Balance..
[2026-01-14 16시03분09초	1768374189553]	8ms

[2026-01-14 16시03분09초	1768374189554]	npc_promotion..
[2026-01-14 16시03분09초	1768374189554]	0ms

[2026-01-14 16시03분09초	1768374189562]	Socket..
[2026-01-14 16시03분09초	1768374189562]	0ms

[2026-01-14 16시03분09초	1768374189563]	Common..
[2026-01-14 16시03분09초	1768374189563]	0ms

[2026-01-14 16시03분09초	1768374189563]	EventThread..
[2026-01-14 16시03분09초	1768374189564]	1ms

[2026-01-14 16시03분09초	1768374189564]	AiExecuteThread..
[2026-01-14 16시03분09초	1768374189565]	1ms

[2026-01-14 16시03분09초	1768374189566]	AiThread..
[2026-01-14 16시03분09초	1768374189566]	0ms

[2026-01-14 16시03분09초	1768374189575]	World..
[2026-01-14 16시03분09초	1768374189666]	91ms

[2026-01-14 16시03분09초	1768374189667]	BookController..
[2026-01-14 16시03분09초	1768374189667]	0ms

[2026-01-14 16시03분09초	1768374189668]	InventoryController..
[2026-01-14 16시03분09초	1768374189668]	0ms

[2026-01-14 16시03분09초	1768374189668]	BasePacketPooling..
[2026-01-14 16시03분09초	1768374189668]	0ms

[2026-01-14 16시03분09초	1768374189670]	SkillController..
[2026-01-14 16시03분09초	1768374189670]	0ms

[2026-01-14 16시03분09초	1768374189679]	DamageController..
[2026-01-14 16시03분09초	1768374189679]	0ms

[2026-01-14 16시03분09초	1768374189682]	CharacterController..
[2026-01-14 16시03분09초	1768374189682]	0ms

[2026-01-14 16시03분09초	1768374189683]	TradeController..
[2026-01-14 16시03분09초	1768374189683]	0ms

[2026-01-14 16시03분09초	1768374189683]	DungeonController..
[2026-01-14 16시03분09초	1768374189683]	0ms

[2026-01-14 16시03분09초	1768374189684]	ShipController..
[2026-01-14 16시03분09초	1768374189684]	0ms

[2026-01-14 16시03분09초	1768374189685]	BuffController..
[2026-01-14 16시03분09초	1768374189685]	0ms

[2026-01-14 16시03분09초	1768374189695]	SummonController..
[2026-01-14 16시03분09초	1768374189695]	0ms

[2026-01-14 16시03분09초	1768374189696]	PartyController..
[2026-01-14 16시03분09초	1768374189696]	0ms

[2026-01-14 16시03분09초	1768374189697]	InnController..
[2026-01-14 16시03분09초	1768374189697]	1ms

[2026-01-14 16시03분09초	1768374189698]	BoardController..
[2026-01-14 16시03분09초	1768374189698]	0ms

[2026-01-14 16시03분09초	1768374189700]	LetterController..
[2026-01-14 16시03분09초	1768374189700]	0ms

[2026-01-14 16시03분09초	1768374189700]	UserShopController..
[2026-01-14 16시03분09초	1768374189700]	0ms

[2026-01-14 16시03분09초	1768374189702]	ChattingController..
[2026-01-14 16시03분09초	1768374189703]	1ms

[2026-01-14 16시03분09초	1768374189704]	ColosseumController..
[2026-01-14 16시03분09초	1768374189704]	0ms

[2026-01-14 16시03분09초	1768374189705]	CraftController..
[2026-01-14 16시03분09초	1768374189705]	0ms

[2026-01-14 16시03분09초	1768374189706]	BossController..
[2026-01-14 16시03분09초	1768374189706]	0ms

[2026-01-14 16시03분09초	1768374189707]	NoticeController..
[2026-01-14 16시03분09초	1768374189707]	0ms

[2026-01-14 16시03분09초	1768374189708]	FriendController..
[2026-01-14 16시03분09초	1768374189708]	0ms

[2026-01-14 16시03분09초	1768374189708]	BugScanningController..
[2026-01-14 16시03분09초	1768374189708]	0ms

[2026-01-14 16시03분09초	1768374189710]	MagicDollController..
[2026-01-14 16시03분09초	1768374189710]	0ms

[2026-01-14 16시03분09초	1768374189710]	ShopController..
[2026-01-14 16시03분09초	1768374189710]	0ms

[2026-01-14 16시03분09초	1768374189719]	WarehouseDatabase..
[2026-01-14 16시03분09초	1768374189719]	0ms

[2026-01-14 16시03분09초	1768374189720]	PakTools..
[2026-01-14 16시03분09초	1768374189721]	1ms

[2026-01-14 16시03분09초	1768374189721]	ScriptController...
[2026-01-14 16시03분09초	1768374189724]	3ms

[2026-01-14 16시03분09초	1768374189725]	GiranClanLordController..
[2026-01-14 16시03분09초	1768374189725]	0ms

[2026-01-14 16시03분09초	1768374189726]	TeamBattleController..
[2026-01-14 16시03분09초	1768374189726]	0ms

[2026-01-14 16시03분09초	1768374189727]	WorldClearController..
[2026-01-14 16시03분09초	1768374189727]	0ms

[2026-01-14 16시03분09초	1768374189727]	SpotController..
[2026-01-14 16시03분09초	1768374189727]	0ms

[2026-01-14 16시03분09초	1768374189731]	테베라스 컨트롤러..
[2026-01-14 16시03분09초	1768374189731]	3ms

[2026-01-14 16시03분09초	1768374189731]	지옥 컨트롤러..
[2026-01-14 16시03분09초	1768374189731]	0ms

[2026-01-14 16시03분09초	1768374189732]	지하수로 컨트롤러..
[2026-01-14 16시03분09초	1768374189732]	0ms

[2026-01-14 16시03분09초	1768374189733]	보물찾기컨트롤러..
[2026-01-14 16시03분09초	1768374189733]	0ms

[2026-01-14 16시03분09초	1768374189733]	마족신전 컨트롤러..
[2026-01-14 16시03분09초	1768374189733]	0ms

[2026-01-14 16시03분09초	1768374189734]	고무 컨트롤러..
[2026-01-14 16시03분09초	1768374189735]	정무던전 컨트롤러..
[2026-01-14 16시03분09초	1768374189738]	3ms

[2026-01-14 16시03분09초	1768374189739]	그신 컨트롤러..
[2026-01-14 16시03분09초	1768374189739]	0ms

[2026-01-14 16시03분09초	1768374189739]	라바던전 컨트롤러..
[2026-01-14 16시03분09초	1768374189739]	0ms

[2026-01-14 16시03분09초	1768374189740]	월드보스컨트롤러..
[2026-01-14 16시03분09초	1768374189740]	0ms

[2026-01-14 16시03분09초	1768374189740]	펭귄 사냥터 컨트롤러..
[2026-01-14 16시03분09초	1768374189740]	0ms

[2026-01-14 16시03분09초	1768374189741]	칠흑던전 컨트롤러..
[2026-01-14 16시03분09초	1768374189742]	악마왕의영토컨트롤러..
[2026-01-14 16시03분09초	1768374189742]	0ms

[2026-01-14 16시03분09초	1768374189742]	얼던컨트롤러..
[2026-01-14 16시03분09초	1768374189743]	1ms

[2026-01-14 16시03분09초	1768374189743]	기감 컨트롤러..
[2026-01-14 16시03분09초	1768374189743]	0ms

[2026-01-14 16시03분09초	1768374189744]	고라스컨트롤러..
[2026-01-14 16시03분09초	1768374189744]	0ms

[2026-01-14 16시03분09초	1768374189745]	드워프컨트롤러..
[2026-01-14 16시03분09초	1768374189745]	0ms

[2026-01-14 16시03분09초	1768374189745]	타임이벤트컨트롤러..
[2026-01-14 16시03분09초	1768374189745]	0ms

[2026-01-14 16시03분09초	1768374189746]	AutoHuntController..
[2026-01-14 16시03분09초	1768374189746]	0ms

[2026-01-14 16시03분09초	1768374189761]	DatabaseConnection..
[2026-01-14 16시03분10초	1768374190071]	310ms

[2026-01-14 16시03분10초	1768374190085]	ServerDatabase..
[2026-01-14 16시03분10초	1768374190123]	38ms

[2026-01-14 16시03분10초	1768374190126]	SlimeRaceController..
[2026-01-14 16시03분10초	1768374190129]	3ms

[2026-01-14 16시03분10초	1768374190131]	DogRaceController..
[2026-01-14 16시03분10초	1768374190132]	1ms

[2026-01-14 16시03분10초	1768374190135]	ClanController..
[2026-01-14 16시03분10초	1768374190141]	6ms

[2026-01-14 16시03분10초	1768374190144]	KingdomController..
[2026-01-14 16시03분10초	1768374190151]	7ms

[2026-01-14 16시03분10초	1768374190152]	AgitController..
[2026-01-14 16시03분10초	1768374190157]	5ms

[2026-01-14 16시03분10초	1768374190159]	AuctionController..
[2026-01-14 16시03분10초	1768374190164]	5ms

[2026-01-14 16시03분10초	1768374190170]	ItemDatabase..
[2026-01-14 16시03분10초	1768374190291]	121ms

[2026-01-14 16시03분10초	1768374190293]	ItemSetopionDatabase..
[2026-01-14 16시03분10초	1768374190296]	3ms

[2026-01-14 16시03분10초	1768374190297]	AutosellDatabase..
[2026-01-14 16시03분10초	1768374190317]	20ms

[2026-01-14 16시03분10초	1768374190318]	ItemSkillDatabase..
[2026-01-14 16시03분10초	1768374190321]	3ms

[2026-01-14 16시03분10초	1768374190322]	ItemBundleDatabase..
[2026-01-14 16시03분10초	1768374190326]	4ms

[2026-01-14 16시03분10초	1768374190327]	ItemChanceBundleDatabase..
[2026-01-14 16시03분10초	1768374190331]	4ms

[2026-01-14 16시03분10초	1768374190332]	FishItemListDatabase..
[2026-01-14 16시03분10초	1768374190342]	10ms

[2026-01-14 16시03분10초	1768374190344]	ItemTeleport..
[2026-01-14 16시03분10초	1768374190347]	3ms

[2026-01-14 16시03분10초	1768374190349]	PolyDatabase..
[2026-01-14 16시03분10초	1768374190352]	3ms

[2026-01-14 16시03분10초	1768374190353]	DungeonDatabase..
[2026-01-14 16시03분10초	1768374190358]	5ms

[2026-01-14 16시03분10초	1768374190359]	DefiniteDatabase..
[2026-01-14 16시03분10초	1768374190361]	2ms

[2026-01-14 16시03분10초	1768374190362]	ExpDatabase..
[2026-01-14 16시03분10초	1768374190364]	2ms

[2026-01-14 16시03분10초	1768374190364]	BackgroundDatabase..
[2026-01-14 16시03분10초	1768374190482]	118ms

[2026-01-14 16시03분10초	1768374190483]	SpriteFrameDatabase..
[2026-01-14 16시03분10초	1768374190547]	64ms

[2026-01-14 16시03분10초	1768374190548]	SkillDatabase..
[2026-01-14 16시03분10초	1768374190551]	3ms

[2026-01-14 16시03분10초	1768374190552]	NpcDatabase..
[2026-01-14 16시03분10초	1768374190560]	8ms

[2026-01-14 16시03분10초	1768374190561]	NpcShopDatabase..
[2026-01-14 16시03분10초	1768374190628]	66ms

[2026-01-14 16시03분10초	1768374190628]	NpcTeleportDatabase..
[2026-01-14 16시03분10초	1768374190630]	2ms

[2026-01-14 16시03분10초	1768374190787]	NpcSpawnlistDatabase..
[2026-01-14 16시03분10초	1768374190843]	56ms

[2026-01-14 16시03분10초	1768374190844]	EventController..
[2026-01-14 16시03분10초	1768374190844]	0ms

[2026-01-14 16시03분10초	1768374190846]	MonsterDatabase..
[2026-01-14 16시03분10초	1768374190861]	15ms

[2026-01-14 16시03분10초	1768374190862]	MonsterDropDatabase..
[2026-01-14 16시03분10초	1768374190891]	29ms

[2026-01-14 16시03분10초	1768374190892]	MonsterSkillDatabase..
[2026-01-14 16시03분10초	1768374190904]	12ms

[2026-01-14 16시03분10초	1768374190906]	MonsterSpawnlistDatabase..
[2026-01-14 16시03분12초	1768374192040]	1134ms

[2026-01-14 16시03분12초	1768374192042]	MonsterBossSpawnlistDatabase..
[2026-01-14 16시03분12초	1768374192045]	3ms

[2026-01-14 16시03분12초	1768374192046]	ServerDownBossListDatabase..
[2026-01-14 16시03분12초	1768374192047]	1ms

[2026-01-14 16시03분12초	1768374192048]	BadIpDatabase..
[2026-01-14 16시03분12초	1768374192049]	1ms

[2026-01-14 16시03분12초	1768374192049]	QuestController..
[2026-01-14 16시03분12초	1768374192051]	2ms

[2026-01-14 16시03분12초	1768374192051]	ServerOpcodesDatabase..
[2026-01-14 16시03분12초	1768374192055]	4ms

[2026-01-14 16시03분12초	1768374192056]	ServerNoticeDatabase..
[2026-01-14 16시03분12초	1768374192058]	2ms

[2026-01-14 16시03분12초	1768374192059]	RankController..
[2026-01-14 16시03분12초	1768374192082]	23ms

[2026-01-14 16시03분12초	1768374192085]	WantedController..
[2026-01-14 16시03분12초	1768374192089]	4ms

[2026-01-14 16시03분12초	1768374192090]	TeleportHomeDatabase..
[2026-01-14 16시03분12초	1768374192121]	31ms

[2026-01-14 16시03분12초	1768374192122]	TeleportResetDatabase..
[2026-01-14 16시03분12초	1768374192151]	29ms

[2026-01-14 16시03분12초	1768374192152]	ItemPinewandDatabase..
[2026-01-14 16시03분12초	1768374192154]	2ms

[2026-01-14 16시03분12초	1768374192154]	ItemMaplewandDatabase..
[2026-01-14 16시03분12초	1768374192157]	3ms

[2026-01-14 16시03분12초	1768374192157]	SummonListDatabase..
[2026-01-14 16시03분12초	1768374192160]	2ms

[2026-01-14 16시03분12초	1768374192160]	GmListDatabase..
[2026-01-14 16시03분12초	1768374192161]	1ms

[2026-01-14 16시03분12초	1768374192163]	MagicdollListDatabase..
[2026-01-14 16시03분12초	1768374192165]	2ms

[2026-01-14 16시03분12초	1768374192169]	PcMarketController..
[2026-01-14 16시03분12초	1768374192171]	2ms

[2026-01-14 16시03분12초	1768374192172]	ServerOptionDatabase..
[2026-01-14 16시03분12초	1768374192172]	0ms

[2026-01-14 16시03분12초	1768374192173]	TimeDungeonDatabase..
[2026-01-14 16시03분12초	1768374192174]	1ms

[2026-01-14 16시03분12초	1768374192175]	TeamBattleDatabase..
[2026-01-14 16시03분12초	1768374192176]	2ms

[2026-01-14 16시03분12초	1768374192177]	LifeLostItemDatabase..
[2026-01-14 16시03분12초	1768374192179]	2ms

[2026-01-14 16시03분12초	1768374192179]	GmTeleportDatabase..
[2026-01-14 16시03분12초	1768374192181]	2ms

[2026-01-14 16시03분12초	1768374192183]	무인혈맹컨트롤러..
[2026-01-14 16시03분12초	1768374192185]	2ms

[2026-01-14 16시03분12초	1768374192186]	HackNoCheckDatabase..
[2026-01-14 16시03분12초	1768374192186]	0ms

[2026-01-14 16시03분12초	1768374192188]	EnchantLostItemDatabase..
[2026-01-14 16시03분12초	1768374192211]	23ms

[2026-01-14 16시03분12초	1768374192213]	ItemDropMessageDatabase..
[2026-01-14 16시03분12초	1768374192213]	0ms

[2026-01-14 16시03분12초	1768374192215]	FishingController..
[2026-01-14 16시03분12초	1768374192493]	278ms

[2026-01-14 16시03분12초	1768374192505]	RobotController..
[2026-01-14 16시03분12초	1768374192529]	24ms

[2026-01-14 16시03분12초	1768374192531]	Server..
[2026-01-14 16시03분12초	1768374192596]	65ms

[2026-01-14 16시03분12초	1768374192597]	ServerThread..
[2026-01-14 16시03분12초	1768374192597]	0ms

[2026-01-14 16시03분12초	1768374192599]	ControllerTherad..
[2026-01-14 16시03분12초	1768374192599]	0ms

[2026-01-14 16시03분12초	1768374192600]	CharacterThread..
[2026-01-14 16시03분12초	1768374192600]	0ms

[2026-01-14 16시03분12초	1768374192600]	DatabaseThread..
[2026-01-14 16시03분12초	1768374192601]	1ms

[2026-01-14 16시03분12초	1768374192601]	CharacterControlThread..
[2026-01-14 16시03분12초	1768374192602]	0ms

[2026-01-14 16시03분12초	1768374192606]	FightController..
[2026-01-14 16시03분12초	1768374192672]	66ms

[2026-01-14 16시03분12초	1768374192673]	TimeThread..
[2026-01-14 16시03분12초	1768374192673]	0ms

[2026-01-14 16시03분12초	1768374192674]	AutoHuntThread..
[2026-01-14 16시03분12초	1768374192674]	0ms

[2026-01-14 16시03분12초	1768374192674]	======================================================================
[2026-01-14 16시03분12초	1768374192674]	Server Version  :  Lineage 2.0

[2026-01-14 16시03분12초	1768374192674]	Server Port      :  2000

[2026-01-14 16시03분12초	1768374192674]	계정 자동생성  :  on

[2026-01-14 16시03분12초	1768374192675]	인챈트 : 1.0배  ||  드랍 : 3.0배  ||  경험치 : 30.0배  ||  아데나 : 12.0배  ||  파티 : 1.1배

[2026-01-14 16시03분12초	1768374192675]	======================================================================
[2026-01-14 16시03분12초	1768374192675]	'서버' 가동되었습니다.

