[2026-01-14 08시50분54초	1768348254692]	Mysql..
[2026-01-14 08시50분54초	1768348254693]	1ms

[2026-01-14 08시50분54초	1768348254709]	lineage.conf file loading...
[2026-01-14 08시50분54초	1768348254737]	28ms

[2026-01-14 08시50분54초	1768348254744]	Lineage_Balance..
[2026-01-14 08시50분54초	1768348254752]	8ms

[2026-01-14 08시50분54초	1768348254753]	npc_promotion..
[2026-01-14 08시50분54초	1768348254753]	0ms

[2026-01-14 08시50분54초	1768348254754]	Socket..
[2026-01-14 08시50분54초	1768348254754]	0ms

[2026-01-14 08시50분54초	1768348254754]	Common..
[2026-01-14 08시50분54초	1768348254755]	1ms

[2026-01-14 08시50분54초	1768348254755]	EventThread..
[2026-01-14 08시50분54초	1768348254755]	0ms

[2026-01-14 08시50분54초	1768348254756]	AiExecuteThread..
[2026-01-14 08시50분54초	1768348254757]	0ms

[2026-01-14 08시50분54초	1768348254758]	AiThread..
[2026-01-14 08시50분54초	1768348254758]	0ms

[2026-01-14 08시50분54초	1768348254762]	World..
[2026-01-14 08시50분54초	1768348254867]	105ms

[2026-01-14 08시50분54초	1768348254868]	BookController..
[2026-01-14 08시50분54초	1768348254868]	0ms

[2026-01-14 08시50분54초	1768348254869]	InventoryController..
[2026-01-14 08시50분54초	1768348254869]	0ms

[2026-01-14 08시50분54초	1768348254869]	BasePacketPooling..
[2026-01-14 08시50분54초	1768348254869]	0ms

[2026-01-14 08시50분54초	1768348254879]	SkillController..
[2026-01-14 08시50분54초	1768348254882]	0ms

[2026-01-14 08시50분54초	1768348254887]	DamageController..
[2026-01-14 08시50분54초	1768348254887]	0ms

[2026-01-14 08시50분54초	1768348254889]	CharacterController..
[2026-01-14 08시50분54초	1768348254889]	0ms

[2026-01-14 08시50분54초	1768348254890]	TradeController..
[2026-01-14 08시50분54초	1768348254890]	0ms

[2026-01-14 08시50분54초	1768348254890]	DungeonController..
[2026-01-14 08시50분54초	1768348254890]	0ms

[2026-01-14 08시50분54초	1768348254891]	ShipController..
[2026-01-14 08시50분54초	1768348254891]	0ms

[2026-01-14 08시50분54초	1768348254892]	BuffController..
[2026-01-14 08시50분54초	1768348254892]	0ms

[2026-01-14 08시50분54초	1768348254900]	SummonController..
[2026-01-14 08시50분54초	1768348254901]	1ms

[2026-01-14 08시50분54초	1768348254901]	PartyController..
[2026-01-14 08시50분54초	1768348254902]	1ms

[2026-01-14 08시50분54초	1768348254902]	InnController..
[2026-01-14 08시50분54초	1768348254902]	0ms

[2026-01-14 08시50분54초	1768348254903]	BoardController..
[2026-01-14 08시50분54초	1768348254903]	0ms

[2026-01-14 08시50분54초	1768348254905]	LetterController..
[2026-01-14 08시50분54초	1768348254905]	0ms

[2026-01-14 08시50분54초	1768348254905]	UserShopController..
[2026-01-14 08시50분54초	1768348254905]	0ms

[2026-01-14 08시50분54초	1768348254907]	ChattingController..
[2026-01-14 08시50분54초	1768348254908]	1ms

[2026-01-14 08시50분54초	1768348254909]	ColosseumController..
[2026-01-14 08시50분54초	1768348254909]	0ms

[2026-01-14 08시50분54초	1768348254910]	CraftController..
[2026-01-14 08시50분54초	1768348254910]	0ms

[2026-01-14 08시50분54초	1768348254911]	BossController..
[2026-01-14 08시50분54초	1768348254911]	0ms

[2026-01-14 08시50분54초	1768348254912]	NoticeController..
[2026-01-14 08시50분54초	1768348254912]	0ms

[2026-01-14 08시50분54초	1768348254913]	FriendController..
[2026-01-14 08시50분54초	1768348254913]	0ms

[2026-01-14 08시50분54초	1768348254913]	BugScanningController..
[2026-01-14 08시50분54초	1768348254914]	1ms

[2026-01-14 08시50분54초	1768348254915]	MagicDollController..
[2026-01-14 08시50분54초	1768348254915]	0ms

[2026-01-14 08시50분54초	1768348254915]	ShopController..
[2026-01-14 08시50분54초	1768348254915]	0ms

[2026-01-14 08시50분54초	1768348254916]	WarehouseDatabase..
[2026-01-14 08시50분54초	1768348254916]	0ms

[2026-01-14 08시50분54초	1768348254917]	PakTools..
[2026-01-14 08시50분54초	1768348254918]	1ms

[2026-01-14 08시50분54초	1768348254918]	ScriptController...
[2026-01-14 08시50분54초	1768348254921]	3ms

[2026-01-14 08시50분54초	1768348254922]	GiranClanLordController..
[2026-01-14 08시50분54초	1768348254922]	0ms

[2026-01-14 08시50분54초	1768348254923]	TeamBattleController..
[2026-01-14 08시50분54초	1768348254924]	1ms

[2026-01-14 08시50분54초	1768348254924]	WorldClearController..
[2026-01-14 08시50분54초	1768348254924]	0ms

[2026-01-14 08시50분54초	1768348254925]	SpotController..
[2026-01-14 08시50분54초	1768348254925]	0ms

[2026-01-14 08시50분54초	1768348254925]	테베라스 컨트롤러..
[2026-01-14 08시50분54초	1768348254926]	1ms

[2026-01-14 08시50분54초	1768348254926]	지옥 컨트롤러..
[2026-01-14 08시50분54초	1768348254926]	0ms

[2026-01-14 08시50분54초	1768348254927]	지하수로 컨트롤러..
[2026-01-14 08시50분54초	1768348254927]	0ms

[2026-01-14 08시50분54초	1768348254927]	보물찾기컨트롤러..
[2026-01-14 08시50분54초	1768348254927]	0ms

[2026-01-14 08시50분54초	1768348254928]	마족신전 컨트롤러..
[2026-01-14 08시50분54초	1768348254928]	0ms

[2026-01-14 08시50분54초	1768348254929]	고무 컨트롤러..
[2026-01-14 08시50분54초	1768348254929]	정무던전 컨트롤러..
[2026-01-14 08시50분54초	1768348254933]	4ms

[2026-01-14 08시50분54초	1768348254934]	그신 컨트롤러..
[2026-01-14 08시50분54초	1768348254934]	0ms

[2026-01-14 08시50분54초	1768348254935]	라바던전 컨트롤러..
[2026-01-14 08시50분54초	1768348254935]	0ms

[2026-01-14 08시50분54초	1768348254936]	월드보스컨트롤러..
[2026-01-14 08시50분54초	1768348254936]	0ms

[2026-01-14 08시50분54초	1768348254936]	펭귄 사냥터 컨트롤러..
[2026-01-14 08시50분54초	1768348254936]	0ms

[2026-01-14 08시50분54초	1768348254937]	칠흑던전 컨트롤러..
[2026-01-14 08시50분54초	1768348254938]	악마왕의영토컨트롤러..
[2026-01-14 08시50분54초	1768348254938]	0ms

[2026-01-14 08시50분54초	1768348254938]	얼던컨트롤러..
[2026-01-14 08시50분54초	1768348254938]	0ms

[2026-01-14 08시50분54초	1768348254939]	기감 컨트롤러..
[2026-01-14 08시50분54초	1768348254939]	0ms

[2026-01-14 08시50분54초	1768348254940]	고라스컨트롤러..
[2026-01-14 08시50분54초	1768348254940]	0ms

[2026-01-14 08시50분54초	1768348254941]	드워프컨트롤러..
[2026-01-14 08시50분54초	1768348254941]	0ms

[2026-01-14 08시50분54초	1768348254942]	타임이벤트컨트롤러..
[2026-01-14 08시50분54초	1768348254942]	0ms

[2026-01-14 08시50분54초	1768348254943]	AutoHuntController..
[2026-01-14 08시50분54초	1768348254943]	0ms

[2026-01-14 08시50분54초	1768348254964]	DatabaseConnection..
[2026-01-14 08시50분55초	1768348255269]	305ms

[2026-01-14 08시50분55초	1768348255288]	ServerDatabase..
[2026-01-14 08시50분55초	1768348255326]	38ms

[2026-01-14 08시50분55초	1768348255329]	SlimeRaceController..
[2026-01-14 08시50분55초	1768348255332]	3ms

[2026-01-14 08시50분55초	1768348255334]	DogRaceController..
[2026-01-14 08시50분55초	1768348255335]	1ms

[2026-01-14 08시50분55초	1768348255338]	ClanController..
[2026-01-14 08시50분55초	1768348255345]	7ms

[2026-01-14 08시50분55초	1768348255348]	KingdomController..
[2026-01-14 08시50분55초	1768348255359]	11ms

[2026-01-14 08시50분55초	1768348255360]	AgitController..
[2026-01-14 08시50분55초	1768348255366]	6ms

[2026-01-14 08시50분55초	1768348255367]	AuctionController..
[2026-01-14 08시50분55초	1768348255374]	7ms

[2026-01-14 08시50분55초	1768348255379]	ItemDatabase..
[2026-01-14 08시50분55초	1768348255481]	102ms

[2026-01-14 08시50분55초	1768348255488]	ItemSetopionDatabase..
[2026-01-14 08시50분55초	1768348255491]	3ms

[2026-01-14 08시50분55초	1768348255492]	AutosellDatabase..
[2026-01-14 08시50분55초	1768348255511]	19ms

[2026-01-14 08시50분55초	1768348255514]	ItemSkillDatabase..
[2026-01-14 08시50분55초	1768348255516]	2ms

[2026-01-14 08시50분55초	1768348255517]	ItemBundleDatabase..
[2026-01-14 08시50분55초	1768348255520]	3ms

[2026-01-14 08시50분55초	1768348255521]	ItemChanceBundleDatabase..
[2026-01-14 08시50분55초	1768348255525]	4ms

[2026-01-14 08시50분55초	1768348255526]	FishItemListDatabase..
[2026-01-14 08시50분55초	1768348255528]	2ms

[2026-01-14 08시50분55초	1768348255529]	ItemTeleport..
[2026-01-14 08시50분55초	1768348255532]	3ms

[2026-01-14 08시50분55초	1768348255533]	PolyDatabase..
[2026-01-14 08시50분55초	1768348255536]	3ms

[2026-01-14 08시50분55초	1768348255537]	DungeonDatabase..
[2026-01-14 08시50분55초	1768348255542]	5ms

[2026-01-14 08시50분55초	1768348255543]	DefiniteDatabase..
[2026-01-14 08시50분55초	1768348255545]	2ms

[2026-01-14 08시50분55초	1768348255546]	ExpDatabase..
[2026-01-14 08시50분55초	1768348255548]	2ms

[2026-01-14 08시50분55초	1768348255548]	BackgroundDatabase..
[2026-01-14 08시50분55초	1768348255666]	118ms

[2026-01-14 08시50분55초	1768348255666]	SpriteFrameDatabase..
[2026-01-14 08시50분55초	1768348255718]	52ms

[2026-01-14 08시50분55초	1768348255719]	SkillDatabase..
[2026-01-14 08시50분55초	1768348255722]	3ms

[2026-01-14 08시50분55초	1768348255723]	NpcDatabase..
[2026-01-14 08시50분55초	1768348255731]	8ms

[2026-01-14 08시50분55초	1768348255732]	NpcShopDatabase..
[2026-01-14 08시50분55초	1768348255797]	65ms

[2026-01-14 08시50분55초	1768348255798]	NpcTeleportDatabase..
[2026-01-14 08시50분55초	1768348255800]	2ms

[2026-01-14 08시50분55초	1768348255948]	NpcSpawnlistDatabase..
[2026-01-14 08시50분56초	1768348256008]	61ms

[2026-01-14 08시50분56초	1768348256009]	EventController..
[2026-01-14 08시50분56초	1768348256010]	1ms

[2026-01-14 08시50분56초	1768348256011]	MonsterDatabase..
[2026-01-14 08시50분56초	1768348256026]	15ms

[2026-01-14 08시50분56초	1768348256027]	MonsterDropDatabase..
[2026-01-14 08시50분56초	1768348256055]	28ms

[2026-01-14 08시50분56초	1768348256056]	MonsterSkillDatabase..
[2026-01-14 08시50분56초	1768348256067]	11ms

[2026-01-14 08시50분56초	1768348256069]	MonsterSpawnlistDatabase..
[2026-01-14 08시50분57초	1768348257065]	996ms

[2026-01-14 08시50분57초	1768348257066]	MonsterBossSpawnlistDatabase..
[2026-01-14 08시50분57초	1768348257069]	3ms

[2026-01-14 08시50분57초	1768348257069]	ServerDownBossListDatabase..
[2026-01-14 08시50분57초	1768348257071]	2ms

[2026-01-14 08시50분57초	1768348257072]	BadIpDatabase..
[2026-01-14 08시50분57초	1768348257075]	3ms

[2026-01-14 08시50분57초	1768348257075]	QuestController..
[2026-01-14 08시50분57초	1768348257077]	2ms

[2026-01-14 08시50분57초	1768348257078]	ServerOpcodesDatabase..
[2026-01-14 08시50분57초	1768348257082]	4ms

[2026-01-14 08시50분57초	1768348257083]	ServerNoticeDatabase..
[2026-01-14 08시50분57초	1768348257086]	2ms

[2026-01-14 08시50분57초	1768348257087]	RankController..
[2026-01-14 08시50분57초	1768348257110]	23ms

[2026-01-14 08시50분57초	1768348257112]	WantedController..
[2026-01-14 08시50분57초	1768348257116]	4ms

[2026-01-14 08시50분57초	1768348257117]	TeleportHomeDatabase..
[2026-01-14 08시50분57초	1768348257161]	44ms

[2026-01-14 08시50분57초	1768348257162]	TeleportResetDatabase..
[2026-01-14 08시50분57초	1768348257194]	32ms

[2026-01-14 08시50분57초	1768348257194]	ItemPinewandDatabase..
[2026-01-14 08시50분57초	1768348257197]	3ms

[2026-01-14 08시50분57초	1768348257197]	ItemMaplewandDatabase..
[2026-01-14 08시50분57초	1768348257200]	3ms

[2026-01-14 08시50분57초	1768348257201]	SummonListDatabase..
[2026-01-14 08시50분57초	1768348257203]	2ms

[2026-01-14 08시50분57초	1768348257204]	GmListDatabase..
[2026-01-14 08시50분57초	1768348257205]	1ms

[2026-01-14 08시50분57초	1768348257208]	MagicdollListDatabase..
[2026-01-14 08시50분57초	1768348257211]	3ms

[2026-01-14 08시50분57초	1768348257216]	PcMarketController..
[2026-01-14 08시50분57초	1768348257218]	2ms

[2026-01-14 08시50분57초	1768348257220]	ServerOptionDatabase..
[2026-01-14 08시50분57초	1768348257221]	2ms

[2026-01-14 08시50분57초	1768348257222]	TimeDungeonDatabase..
[2026-01-14 08시50분57초	1768348257225]	3ms

[2026-01-14 08시50분57초	1768348257226]	TeamBattleDatabase..
[2026-01-14 08시50분57초	1768348257227]	1ms

[2026-01-14 08시50분57초	1768348257228]	LifeLostItemDatabase..
[2026-01-14 08시50분57초	1768348257231]	3ms

[2026-01-14 08시50분57초	1768348257231]	GmTeleportDatabase..
[2026-01-14 08시50분57초	1768348257233]	2ms

[2026-01-14 08시50분57초	1768348257235]	무인혈맹컨트롤러..
[2026-01-14 08시50분57초	1768348257236]	1ms

[2026-01-14 08시50분57초	1768348257237]	HackNoCheckDatabase..
[2026-01-14 08시50분57초	1768348257238]	1ms

[2026-01-14 08시50분57초	1768348257239]	EnchantLostItemDatabase..
[2026-01-14 08시50분57초	1768348257261]	22ms

[2026-01-14 08시50분57초	1768348257262]	ItemDropMessageDatabase..
[2026-01-14 08시50분57초	1768348257263]	1ms

[2026-01-14 08시50분57초	1768348257264]	FishingController..
[2026-01-14 08시50분57초	1768348257527]	263ms

[2026-01-14 08시50분57초	1768348257541]	RobotController..
[2026-01-14 08시50분57초	1768348257564]	24ms

[2026-01-14 08시50분57초	1768348257566]	Server..
[2026-01-14 08시50분57초	1768348257630]	64ms

[2026-01-14 08시50분57초	1768348257631]	ServerThread..
[2026-01-14 08시50분57초	1768348257631]	0ms

[2026-01-14 08시50분57초	1768348257632]	ControllerTherad..
[2026-01-14 08시50분57초	1768348257632]	0ms

[2026-01-14 08시50분57초	1768348257632]	CharacterThread..
[2026-01-14 08시50분57초	1768348257633]	1ms

[2026-01-14 08시50분57초	1768348257633]	DatabaseThread..
[2026-01-14 08시50분57초	1768348257633]	0ms

[2026-01-14 08시50분57초	1768348257634]	CharacterControlThread..
[2026-01-14 08시50분57초	1768348257634]	0ms

[2026-01-14 08시50분57초	1768348257643]	FightController..
[2026-01-14 08시50분57초	1768348257699]	56ms

[2026-01-14 08시50분57초	1768348257700]	TimeThread..
[2026-01-14 08시50분57초	1768348257700]	0ms

[2026-01-14 08시50분57초	1768348257701]	AutoHuntThread..
[2026-01-14 08시50분57초	1768348257701]	0ms

[2026-01-14 08시50분57초	1768348257701]	======================================================================
[2026-01-14 08시50분57초	1768348257701]	Server Version  :  Lineage 2.0

[2026-01-14 08시50분57초	1768348257701]	Server Port      :  2000

[2026-01-14 08시50분57초	1768348257701]	계정 자동생성  :  on

[2026-01-14 08시50분57초	1768348257702]	인챈트 : 1.0배  ||  드랍 : 3.0배  ||  경험치 : 30.0배  ||  아데나 : 12.0배  ||  파티 : 1.1배

[2026-01-14 08시50분57초	1768348257702]	======================================================================
[2026-01-14 08시50분57초	1768348257702]	'서버' 가동되었습니다.

[2026-01-14 08시53분40초	1768348420383]	서버가 즉시 종료됩니다...
[2026-01-14 08시53분41초	1768348421384]	Thread close..
[2026-01-14 08시53분42초	1768348422384]	Save Database..
[2026-01-14 08시53분43초	1768348423330]	Socket close..
[2026-01-14 08시53분43초	1768348423330]	LineageServer Close...
[2026-01-14 08시53분43초	1768348423330]	0ms

[2026-01-14 08시53분43초	1768348423330]	ok..
