[2026-03-09 13시59분36초	1773032376670]	Mysql..
[2026-03-09 13시59분36초	1773032376670]	2ms

[2026-03-09 13시59분36초	1773032376690]	lineage.conf file loading...
[2026-03-09 13시59분36초	1773032376722]	32ms

[2026-03-09 13시59분36초	1773032376729]	Lineage_Balance..
[2026-03-09 13시59분36초	1773032376738]	9ms

[2026-03-09 13시59분36초	1773032376739]	npc_promotion..
[2026-03-09 13시59분36초	1773032376739]	0ms

[2026-03-09 13시59분36초	1773032376740]	Socket..
[2026-03-09 13시59분36초	1773032376740]	0ms

[2026-03-09 13시59분36초	1773032376740]	Common..
[2026-03-09 13시59분36초	1773032376741]	0ms

[2026-03-09 13시59분36초	1773032376741]	EventThread..
[2026-03-09 13시59분36초	1773032376742]	0ms

[2026-03-09 13시59분36초	1773032376742]	AiExecuteThread..
[2026-03-09 13시59분36초	1773032376743]	0ms

[2026-03-09 13시59분36초	1773032376743]	AiThread..
[2026-03-09 13시59분36초	1773032376743]	0ms

[2026-03-09 13시59분36초	1773032376747]	World..
[2026-03-09 13시59분36초	1773032376833]	86ms

[2026-03-09 13시59분36초	1773032376835]	BookController..
[2026-03-09 13시59분36초	1773032376835]	0ms

[2026-03-09 13시59분36초	1773032376836]	InventoryController..
[2026-03-09 13시59분36초	1773032376836]	0ms

[2026-03-09 13시59분36초	1773032376836]	BasePacketPooling..
[2026-03-09 13시59분36초	1773032376836]	0ms

[2026-03-09 13시59분36초	1773032376838]	SkillController..
[2026-03-09 13시59분36초	1773032376838]	0ms

[2026-03-09 13시59분36초	1773032376843]	DamageController..
[2026-03-09 13시59분36초	1773032376843]	0ms

[2026-03-09 13시59분36초	1773032376852]	CharacterController..
[2026-03-09 13시59분36초	1773032376852]	0ms

[2026-03-09 13시59분36초	1773032376853]	TradeController..
[2026-03-09 13시59분36초	1773032376853]	0ms

[2026-03-09 13시59분36초	1773032376853]	DungeonController..
[2026-03-09 13시59분36초	1773032376853]	0ms

[2026-03-09 13시59분36초	1773032376854]	ShipController..
[2026-03-09 13시59분36초	1773032376854]	0ms

[2026-03-09 13시59분36초	1773032376854]	BuffController..
[2026-03-09 13시59분36초	1773032376854]	0ms

[2026-03-09 13시59분36초	1773032376858]	SummonController..
[2026-03-09 13시59분36초	1773032376858]	0ms

[2026-03-09 13시59분36초	1773032376859]	PartyController..
[2026-03-09 13시59분36초	1773032376859]	0ms

[2026-03-09 13시59분36초	1773032376859]	InnController..
[2026-03-09 13시59분36초	1773032376859]	0ms

[2026-03-09 13시59분36초	1773032376861]	BoardController..
[2026-03-09 13시59분36초	1773032376861]	0ms

[2026-03-09 13시59분36초	1773032376862]	LetterController..
[2026-03-09 13시59분36초	1773032376862]	0ms

[2026-03-09 13시59분36초	1773032376863]	UserShopController..
[2026-03-09 13시59분36초	1773032376863]	0ms

[2026-03-09 13시59분36초	1773032376865]	ChattingController..
[2026-03-09 13시59분36초	1773032376866]	1ms

[2026-03-09 13시59분36초	1773032376867]	ColosseumController..
[2026-03-09 13시59분36초	1773032376868]	1ms

[2026-03-09 13시59분36초	1773032376868]	CraftController..
[2026-03-09 13시59분36초	1773032376869]	0ms

[2026-03-09 13시59분36초	1773032376869]	BossController..
[2026-03-09 13시59분36초	1773032376870]	1ms

[2026-03-09 13시59분36초	1773032376878]	NoticeController..
[2026-03-09 13시59분36초	1773032376879]	1ms

[2026-03-09 13시59분36초	1773032376880]	FriendController..
[2026-03-09 13시59분36초	1773032376880]	1ms

[2026-03-09 13시59분36초	1773032376880]	BugScanningController..
[2026-03-09 13시59분36초	1773032376880]	0ms

[2026-03-09 13시59분36초	1773032376881]	MagicDollController..
[2026-03-09 13시59분36초	1773032376882]	1ms

[2026-03-09 13시59분36초	1773032376882]	ShopController..
[2026-03-09 13시59분36초	1773032376883]	1ms

[2026-03-09 13시59분36초	1773032376884]	WarehouseDatabase..
[2026-03-09 13시59분36초	1773032376884]	0ms

[2026-03-09 13시59분36초	1773032376885]	PakTools..
[2026-03-09 13시59분36초	1773032376886]	1ms

[2026-03-09 13시59분36초	1773032376893]	ScriptController...
[2026-03-09 13시59분36초	1773032376896]	3ms

[2026-03-09 13시59분36초	1773032376897]	GiranClanLordController..
[2026-03-09 13시59분36초	1773032376897]	0ms

[2026-03-09 13시59분36초	1773032376898]	TeamBattleController..
[2026-03-09 13시59분36초	1773032376898]	0ms

[2026-03-09 13시59분36초	1773032376899]	WorldClearController..
[2026-03-09 13시59분36초	1773032376899]	0ms

[2026-03-09 13시59분36초	1773032376900]	SpotController..
[2026-03-09 13시59분36초	1773032376900]	0ms

[2026-03-09 13시59분36초	1773032376900]	테베라스 컨트롤러..
[2026-03-09 13시59분36초	1773032376900]	0ms

[2026-03-09 13시59분36초	1773032376901]	지옥 컨트롤러..
[2026-03-09 13시59분36초	1773032376901]	0ms

[2026-03-09 13시59분36초	1773032376902]	지하수로 컨트롤러..
[2026-03-09 13시59분36초	1773032376902]	0ms

[2026-03-09 13시59분36초	1773032376902]	보물찾기컨트롤러..
[2026-03-09 13시59분36초	1773032376902]	0ms

[2026-03-09 13시59분36초	1773032376903]	마족신전 컨트롤러..
[2026-03-09 13시59분36초	1773032376903]	0ms

[2026-03-09 13시59분36초	1773032376903]	고무 컨트롤러..
[2026-03-09 13시59분36초	1773032376904]	정무던전 컨트롤러..
[2026-03-09 13시59분36초	1773032376908]	4ms

[2026-03-09 13시59분36초	1773032376909]	그신 컨트롤러..
[2026-03-09 13시59분36초	1773032376909]	0ms

[2026-03-09 13시59분36초	1773032376910]	라바던전 컨트롤러..
[2026-03-09 13시59분36초	1773032376910]	0ms

[2026-03-09 13시59분36초	1773032376910]	월드보스컨트롤러..
[2026-03-09 13시59분36초	1773032376910]	0ms

[2026-03-09 13시59분36초	1773032376911]	펭귄 사냥터 컨트롤러..
[2026-03-09 13시59분36초	1773032376911]	0ms

[2026-03-09 13시59분36초	1773032376911]	칠흑던전 컨트롤러..
[2026-03-09 13시59분36초	1773032376912]	칠흑던전3층 컨트롤러..
[2026-03-09 13시59분36초	1773032376912]	0ms

[2026-03-09 13시59분36초	1773032376913]	칠흑던전4층 컨트롤러..
[2026-03-09 13시59분36초	1773032376913]	0ms

[2026-03-09 13시59분36초	1773032376914]	악마왕의영토컨트롤러..
[2026-03-09 13시59분36초	1773032376914]	0ms

[2026-03-09 13시59분36초	1773032376914]	얼던컨트롤러..
[2026-03-09 13시59분36초	1773032376915]	0ms

[2026-03-09 13시59분36초	1773032376915]	오만1층 컨트롤러..
[2026-03-09 13시59분36초	1773032376915]	0ms

[2026-03-09 13시59분36초	1773032376916]	오만1층 컨트롤러..
[2026-03-09 13시59분36초	1773032376916]	0ms

[2026-03-09 13시59분36초	1773032376917]	오만3층 컨트롤러..
[2026-03-09 13시59분36초	1773032376917]	0ms

[2026-03-09 13시59분36초	1773032376917]	오만4층 컨트롤러..
[2026-03-09 13시59분36초	1773032376917]	0ms

[2026-03-09 13시59분36초	1773032376918]	오만5층 컨트롤러..
[2026-03-09 13시59분36초	1773032376918]	0ms

[2026-03-09 13시59분36초	1773032376919]	오만6층 컨트롤러..
[2026-03-09 13시59분36초	1773032376919]	0ms

[2026-03-09 13시59분36초	1773032376920]	오만7층 컨트롤러..
[2026-03-09 13시59분36초	1773032376920]	0ms

[2026-03-09 13시59분36초	1773032376920]	오만8층 컨트롤러..
[2026-03-09 13시59분36초	1773032376921]	1ms

[2026-03-09 13시59분36초	1773032376921]	오만9층 컨트롤러..
[2026-03-09 13시59분36초	1773032376921]	0ms

[2026-03-09 13시59분36초	1773032376922]	오만10층 컨트롤러..
[2026-03-09 13시59분36초	1773032376922]	0ms

[2026-03-09 13시59분36초	1773032376923]	오만정상 컨트롤러..
[2026-03-09 13시59분36초	1773032376923]	0ms

[2026-03-09 13시59분36초	1773032376924]	기감 컨트롤러..
[2026-03-09 13시59분36초	1773032376924]	0ms

[2026-03-09 13시59분36초	1773032376925]	고라스컨트롤러..
[2026-03-09 13시59분36초	1773032376925]	0ms

[2026-03-09 13시59분36초	1773032376925]	드워프컨트롤러..
[2026-03-09 13시59분36초	1773032376925]	0ms

[2026-03-09 13시59분36초	1773032376926]	타임이벤트컨트롤러..
[2026-03-09 13시59분36초	1773032376926]	0ms

[2026-03-09 13시59분36초	1773032376927]	AutoHuntController..
[2026-03-09 13시59분36초	1773032376927]	0ms

[2026-03-09 13시59분36초	1773032376941]	DatabaseConnection..
[2026-03-09 13시59분37초	1773032377235]	294ms

[2026-03-09 13시59분37초	1773032377256]	ServerDatabase..
[2026-03-09 13시59분37초	1773032377293]	37ms

[2026-03-09 13시59분37초	1773032377296]	SlimeRaceController..
[2026-03-09 13시59분37초	1773032377299]	3ms

[2026-03-09 13시59분37초	1773032377301]	DogRaceController..
[2026-03-09 13시59분37초	1773032377302]	1ms

[2026-03-09 13시59분37초	1773032377305]	ClanController..
[2026-03-09 13시59분37초	1773032377310]	5ms

[2026-03-09 13시59분37초	1773032377312]	KingdomController..
[2026-03-09 13시59분37초	1773032377318]	6ms

[2026-03-09 13시59분37초	1773032377320]	AgitController..
[2026-03-09 13시59분37초	1773032377325]	5ms

[2026-03-09 13시59분37초	1773032377326]	AuctionController..
[2026-03-09 13시59분37초	1773032377331]	5ms

[2026-03-09 13시59분37초	1773032377336]	ItemDatabase..
[2026-03-09 13시59분37초	1773032377453]	117ms

[2026-03-09 13시59분37초	1773032377455]	ItemSetopionDatabase..
[2026-03-09 13시59분37초	1773032377462]	7ms

[2026-03-09 13시59분37초	1773032377463]	AutosellDatabase..
[2026-03-09 13시59분37초	1773032377483]	20ms

[2026-03-09 13시59분37초	1773032377484]	ItemSkillDatabase..
[2026-03-09 13시59분37초	1773032377488]	4ms

[2026-03-09 13시59분37초	1773032377489]	ItemBundleDatabase..
[2026-03-09 13시59분37초	1773032377493]	4ms

[2026-03-09 13시59분37초	1773032377494]	ItemChanceBundleDatabase..
[2026-03-09 13시59분37초	1773032377498]	4ms

[2026-03-09 13시59분37초	1773032377499]	FishItemListDatabase..
[2026-03-09 13시59분37초	1773032377501]	2ms

[2026-03-09 13시59분37초	1773032377502]	ItemTeleport..
[2026-03-09 13시59분37초	1773032377506]	4ms

[2026-03-09 13시59분37초	1773032377507]	PolyDatabase..
[2026-03-09 13시59분37초	1773032377519]	12ms

[2026-03-09 13시59분37초	1773032377520]	DungeonDatabase..
[2026-03-09 13시59분37초	1773032377525]	5ms

[2026-03-09 13시59분37초	1773032377526]	DefiniteDatabase..
[2026-03-09 13시59분37초	1773032377529]	3ms

[2026-03-09 13시59분37초	1773032377529]	ExpDatabase..
[2026-03-09 13시59분37초	1773032377532]	3ms

[2026-03-09 13시59분37초	1773032377532]	BackgroundDatabase..
[2026-03-09 13시59분37초	1773032377673]	141ms

[2026-03-09 13시59분37초	1773032377673]	SpriteFrameDatabase..
[2026-03-09 13시59분37초	1773032377737]	64ms

[2026-03-09 13시59분37초	1773032377738]	SkillDatabase..
[2026-03-09 13시59분37초	1773032377741]	3ms

[2026-03-09 13시59분37초	1773032377749]	NpcDatabase..
[2026-03-09 13시59분37초	1773032377756]	7ms

[2026-03-09 13시59분37초	1773032377757]	NpcShopDatabase..
[2026-03-09 13시59분37초	1773032377824]	67ms

[2026-03-09 13시59분37초	1773032377825]	NpcTeleportDatabase..
[2026-03-09 13시59분37초	1773032377827]	2ms

[2026-03-09 13시59분37초	1773032377959]	NpcSpawnlistDatabase..
[2026-03-09 13시59분38초	1773032378008]	49ms

[2026-03-09 13시59분38초	1773032378010]	EventController..
[2026-03-09 13시59분38초	1773032378010]	0ms

[2026-03-09 13시59분38초	1773032378011]	MonsterDatabase..
[2026-03-09 13시59분38초	1773032378027]	16ms

[2026-03-09 13시59분38초	1773032378028]	MonsterDropDatabase..
[2026-03-09 13시59분38초	1773032378056]	28ms

[2026-03-09 13시59분38초	1773032378057]	MonsterSkillDatabase..
[2026-03-09 13시59분38초	1773032378072]	15ms

[2026-03-09 13시59분38초	1773032378074]	MonsterSpawnlistDatabase..
[2026-03-09 13시59분39초	1773032379134]	1060ms

[2026-03-09 13시59분39초	1773032379135]	MonsterBossSpawnlistDatabase..
[2026-03-09 13시59분39초	1773032379137]	2ms

[2026-03-09 13시59분39초	1773032379138]	ServerDownBossListDatabase..
[2026-03-09 13시59분39초	1773032379138]	0ms

[2026-03-09 13시59분39초	1773032379139]	BadIpDatabase..
[2026-03-09 13시59분39초	1773032379140]	1ms

[2026-03-09 13시59분39초	1773032379140]	QuestController..
[2026-03-09 13시59분39초	1773032379141]	1ms

[2026-03-09 13시59분39초	1773032379141]	ServerOpcodesDatabase..
[2026-03-09 13시59분39초	1773032379145]	4ms

[2026-03-09 13시59분39초	1773032379146]	ServerNoticeDatabase..
[2026-03-09 13시59분39초	1773032379148]	2ms

[2026-03-09 13시59분39초	1773032379149]	RankController..
[2026-03-09 13시59분39초	1773032379157]	8ms

[2026-03-09 13시59분39초	1773032379158]	WantedController..
[2026-03-09 13시59분39초	1773032379159]	1ms

[2026-03-09 13시59분39초	1773032379160]	TeleportHomeDatabase..
[2026-03-09 13시59분39초	1773032379193]	33ms

[2026-03-09 13시59분39초	1773032379194]	TeleportResetDatabase..
[2026-03-09 13시59분39초	1773032379225]	31ms

[2026-03-09 13시59분39초	1773032379225]	ItemPinewandDatabase..
[2026-03-09 13시59분39초	1773032379228]	3ms

[2026-03-09 13시59분39초	1773032379228]	ItemMaplewandDatabase..
[2026-03-09 13시59분39초	1773032379231]	3ms

[2026-03-09 13시59분39초	1773032379232]	SummonListDatabase..
[2026-03-09 13시59분39초	1773032379234]	2ms

[2026-03-09 13시59분39초	1773032379234]	GmListDatabase..
[2026-03-09 13시59분39초	1773032379236]	2ms

[2026-03-09 13시59분39초	1773032379237]	MagicdollListDatabase..
[2026-03-09 13시59분39초	1773032379239]	2ms

[2026-03-09 13시59분39초	1773032379242]	PcMarketController..
[2026-03-09 13시59분39초	1773032379244]	2ms

[2026-03-09 13시59분39초	1773032379244]	ServerOptionDatabase..
[2026-03-09 13시59분39초	1773032379245]	1ms

[2026-03-09 13시59분39초	1773032379246]	TimeDungeonDatabase..
[2026-03-09 13시59분39초	1773032379246]	0ms

[2026-03-09 13시59분39초	1773032379247]	TeamBattleDatabase..
[2026-03-09 13시59분39초	1773032379248]	1ms

[2026-03-09 13시59분39초	1773032379249]	LifeLostItemDatabase..
[2026-03-09 13시59분39초	1773032379250]	1ms

[2026-03-09 13시59분39초	1773032379251]	GmTeleportDatabase..
[2026-03-09 13시59분39초	1773032379252]	1ms

[2026-03-09 13시59분39초	1773032379254]	무인혈맹컨트롤러..
[2026-03-09 13시59분39초	1773032379255]	1ms

[2026-03-09 13시59분39초	1773032379256]	HackNoCheckDatabase..
[2026-03-09 13시59분39초	1773032379257]	1ms

[2026-03-09 13시59분39초	1773032379258]	EnchantLostItemDatabase..
[2026-03-09 13시59분39초	1773032379259]	1ms

[2026-03-09 13시59분39초	1773032379260]	ItemDropMessageDatabase..
[2026-03-09 13시59분39초	1773032379261]	1ms

[2026-03-09 13시59분39초	1773032379262]	FishingController..
[2026-03-09 13시59분39초	1773032379274]	12ms

[2026-03-09 13시59분39초	1773032379287]	RobotController..
[2026-03-09 13시59분39초	1773032379313]	26ms

[2026-03-09 13시59분39초	1773032379316]	Server..
[2026-03-09 13시59분39초	1773032379397]	81ms

[2026-03-09 13시59분39초	1773032379398]	ServerThread..
[2026-03-09 13시59분39초	1773032379398]	0ms

[2026-03-09 13시59분39초	1773032379399]	ControllerTherad..
[2026-03-09 13시59분39초	1773032379399]	0ms

[2026-03-09 13시59분39초	1773032379400]	CharacterThread..
[2026-03-09 13시59분39초	1773032379400]	0ms

[2026-03-09 13시59분39초	1773032379401]	DatabaseThread..
[2026-03-09 13시59분39초	1773032379402]	1ms

[2026-03-09 13시59분39초	1773032379402]	CharacterControlThread..
[2026-03-09 13시59분39초	1773032379403]	1ms

[2026-03-09 13시59분39초	1773032379445]	FightController..
[2026-03-09 13시59분39초	1773032379463]	18ms

[2026-03-09 13시59분39초	1773032379465]	TimeThread..
[2026-03-09 13시59분39초	1773032379465]	0ms

[2026-03-09 13시59분39초	1773032379470]	AutoHuntThread..
[2026-03-09 13시59분39초	1773032379470]	0ms

[2026-03-09 13시59분39초	1773032379470]	======================================================================
[2026-03-09 13시59분39초	1773032379471]	Server Version  :  Lineage 2.0

[2026-03-09 13시59분39초	1773032379471]	Server Port      :  2000

[2026-03-09 13시59분39초	1773032379471]	계정 자동생성  :  on

[2026-03-09 13시59분39초	1773032379471]	인챈트 : 1.0배  ||  드랍 : 7.0배  ||  경험치 : 50.0배  ||  아데나 : 40.0배  ||  파티 : 1.1배

[2026-03-09 13시59분39초	1773032379471]	======================================================================
[2026-03-09 13시59분39초	1773032379471]	'서버' 가동되었습니다.

[2026-03-09 14시02분40초	1773032560127]	자동 저장완료 2026-03-09 14시02분40초
[2026-03-09 14시05분40초	1773032740823]	자동 저장완료 2026-03-09 14시05분40초
[2026-03-09 14시06분17초	1773032777296]	서버가 즉시 종료됩니다...
[2026-03-09 14시06분18초	1773032778296]	Thread close..
[2026-03-09 14시06분19초	1773032779296]	Save Database..
[2026-03-09 14시06분19초	1773032779840]	Socket close..
[2026-03-09 14시06분19초	1773032779840]	LineageServer Close...
[2026-03-09 14시06분19초	1773032779840]	0ms

[2026-03-09 14시06분19초	1773032779840]	ok..
