[2026-01-14 13시00분46초	1768363246608]	Mysql..
[2026-01-14 13시00분46초	1768363246609]	2ms

[2026-01-14 13시00분46초	1768363246625]	lineage.conf file loading...
[2026-01-14 13시00분46초	1768363246653]	28ms

[2026-01-14 13시00분46초	1768363246660]	Lineage_Balance..
[2026-01-14 13시00분46초	1768363246668]	8ms

[2026-01-14 13시00분46초	1768363246669]	npc_promotion..
[2026-01-14 13시00분46초	1768363246669]	0ms

[2026-01-14 13시00분46초	1768363246670]	Socket..
[2026-01-14 13시00분46초	1768363246670]	0ms

[2026-01-14 13시00분46초	1768363246670]	Common..
[2026-01-14 13시00분46초	1768363246670]	0ms

[2026-01-14 13시00분46초	1768363246671]	EventThread..
[2026-01-14 13시00분46초	1768363246671]	0ms

[2026-01-14 13시00분46초	1768363246672]	AiExecuteThread..
[2026-01-14 13시00분46초	1768363246672]	0ms

[2026-01-14 13시00분46초	1768363246673]	AiThread..
[2026-01-14 13시00분46초	1768363246673]	0ms

[2026-01-14 13시00분46초	1768363246677]	World..
[2026-01-14 13시00분46초	1768363246756]	79ms

[2026-01-14 13시00분46초	1768363246757]	BookController..
[2026-01-14 13시00분46초	1768363246757]	0ms

[2026-01-14 13시00분46초	1768363246758]	InventoryController..
[2026-01-14 13시00분46초	1768363246758]	0ms

[2026-01-14 13시00분46초	1768363246759]	BasePacketPooling..
[2026-01-14 13시00분46초	1768363246759]	0ms

[2026-01-14 13시00분46초	1768363246769]	SkillController..
[2026-01-14 13시00분46초	1768363246772]	1ms

[2026-01-14 13시00분46초	1768363246778]	DamageController..
[2026-01-14 13시00분46초	1768363246779]	1ms

[2026-01-14 13시00분46초	1768363246780]	CharacterController..
[2026-01-14 13시00분46초	1768363246781]	1ms

[2026-01-14 13시00분46초	1768363246781]	TradeController..
[2026-01-14 13시00분46초	1768363246781]	0ms

[2026-01-14 13시00분46초	1768363246782]	DungeonController..
[2026-01-14 13시00분46초	1768363246782]	0ms

[2026-01-14 13시00분46초	1768363246783]	ShipController..
[2026-01-14 13시00분46초	1768363246783]	0ms

[2026-01-14 13시00분46초	1768363246784]	BuffController..
[2026-01-14 13시00분46초	1768363246784]	0ms

[2026-01-14 13시00분46초	1768363246793]	SummonController..
[2026-01-14 13시00분46초	1768363246793]	0ms

[2026-01-14 13시00분46초	1768363246794]	PartyController..
[2026-01-14 13시00분46초	1768363246794]	0ms

[2026-01-14 13시00분46초	1768363246795]	InnController..
[2026-01-14 13시00분46초	1768363246795]	0ms

[2026-01-14 13시00분46초	1768363246796]	BoardController..
[2026-01-14 13시00분46초	1768363246796]	0ms

[2026-01-14 13시00분46초	1768363246798]	LetterController..
[2026-01-14 13시00분46초	1768363246798]	0ms

[2026-01-14 13시00분46초	1768363246798]	UserShopController..
[2026-01-14 13시00분46초	1768363246798]	0ms

[2026-01-14 13시00분46초	1768363246807]	ChattingController..
[2026-01-14 13시00분46초	1768363246809]	2ms

[2026-01-14 13시00분46초	1768363246810]	ColosseumController..
[2026-01-14 13시00분46초	1768363246810]	0ms

[2026-01-14 13시00분46초	1768363246811]	CraftController..
[2026-01-14 13시00분46초	1768363246811]	0ms

[2026-01-14 13시00분46초	1768363246812]	BossController..
[2026-01-14 13시00분46초	1768363246812]	0ms

[2026-01-14 13시00분46초	1768363246813]	NoticeController..
[2026-01-14 13시00분46초	1768363246814]	1ms

[2026-01-14 13시00분46초	1768363246815]	FriendController..
[2026-01-14 13시00분46초	1768363246815]	0ms

[2026-01-14 13시00분46초	1768363246815]	BugScanningController..
[2026-01-14 13시00분46초	1768363246815]	0ms

[2026-01-14 13시00분46초	1768363246817]	MagicDollController..
[2026-01-14 13시00분46초	1768363246817]	0ms

[2026-01-14 13시00분46초	1768363246818]	ShopController..
[2026-01-14 13시00분46초	1768363246818]	0ms

[2026-01-14 13시00분46초	1768363246819]	WarehouseDatabase..
[2026-01-14 13시00분46초	1768363246819]	0ms

[2026-01-14 13시00분46초	1768363246820]	PakTools..
[2026-01-14 13시00분46초	1768363246821]	1ms

[2026-01-14 13시00분46초	1768363246822]	ScriptController...
[2026-01-14 13시00분46초	1768363246825]	3ms

[2026-01-14 13시00분46초	1768363246826]	GiranClanLordController..
[2026-01-14 13시00분46초	1768363246826]	0ms

[2026-01-14 13시00분46초	1768363246828]	TeamBattleController..
[2026-01-14 13시00분46초	1768363246828]	0ms

[2026-01-14 13시00분46초	1768363246828]	WorldClearController..
[2026-01-14 13시00분46초	1768363246828]	0ms

[2026-01-14 13시00분46초	1768363246829]	SpotController..
[2026-01-14 13시00분46초	1768363246829]	0ms

[2026-01-14 13시00분46초	1768363246830]	테베라스 컨트롤러..
[2026-01-14 13시00분46초	1768363246830]	0ms

[2026-01-14 13시00분46초	1768363246831]	지옥 컨트롤러..
[2026-01-14 13시00분46초	1768363246831]	0ms

[2026-01-14 13시00분46초	1768363246832]	지하수로 컨트롤러..
[2026-01-14 13시00분46초	1768363246832]	0ms

[2026-01-14 13시00분46초	1768363246833]	보물찾기컨트롤러..
[2026-01-14 13시00분46초	1768363246833]	0ms

[2026-01-14 13시00분46초	1768363246834]	마족신전 컨트롤러..
[2026-01-14 13시00분46초	1768363246834]	0ms

[2026-01-14 13시00분46초	1768363246835]	고무 컨트롤러..
[2026-01-14 13시00분46초	1768363246836]	정무던전 컨트롤러..
[2026-01-14 13시00분46초	1768363246840]	4ms

[2026-01-14 13시00분46초	1768363246841]	그신 컨트롤러..
[2026-01-14 13시00분46초	1768363246841]	0ms

[2026-01-14 13시00분46초	1768363246842]	라바던전 컨트롤러..
[2026-01-14 13시00분46초	1768363246842]	0ms

[2026-01-14 13시00분46초	1768363246843]	월드보스컨트롤러..
[2026-01-14 13시00분46초	1768363246843]	0ms

[2026-01-14 13시00분46초	1768363246844]	펭귄 사냥터 컨트롤러..
[2026-01-14 13시00분46초	1768363246844]	0ms

[2026-01-14 13시00분46초	1768363246844]	칠흑던전 컨트롤러..
[2026-01-14 13시00분46초	1768363246845]	악마왕의영토컨트롤러..
[2026-01-14 13시00분46초	1768363246845]	0ms

[2026-01-14 13시00분46초	1768363246846]	얼던컨트롤러..
[2026-01-14 13시00분46초	1768363246846]	0ms

[2026-01-14 13시00분46초	1768363246847]	기감 컨트롤러..
[2026-01-14 13시00분46초	1768363246847]	0ms

[2026-01-14 13시00분46초	1768363246848]	고라스컨트롤러..
[2026-01-14 13시00분46초	1768363246848]	0ms

[2026-01-14 13시00분46초	1768363246849]	드워프컨트롤러..
[2026-01-14 13시00분46초	1768363246849]	0ms

[2026-01-14 13시00분46초	1768363246850]	타임이벤트컨트롤러..
[2026-01-14 13시00분46초	1768363246850]	0ms

[2026-01-14 13시00분46초	1768363246850]	AutoHuntController..
[2026-01-14 13시00분46초	1768363246850]	0ms

[2026-01-14 13시00분46초	1768363246872]	DatabaseConnection..
[2026-01-14 13시00분47초	1768363247177]	305ms

[2026-01-14 13시00분47초	1768363247191]	ServerDatabase..
[2026-01-14 13시00분47초	1768363247223]	32ms

[2026-01-14 13시00분47초	1768363247226]	SlimeRaceController..
[2026-01-14 13시00분47초	1768363247229]	2ms

[2026-01-14 13시00분47초	1768363247230]	DogRaceController..
[2026-01-14 13시00분47초	1768363247232]	1ms

[2026-01-14 13시00분47초	1768363247234]	ClanController..
[2026-01-14 13시00분47초	1768363247240]	5ms

[2026-01-14 13시00분47초	1768363247243]	KingdomController..
[2026-01-14 13시00분47초	1768363247249]	6ms

[2026-01-14 13시00분47초	1768363247250]	AgitController..
[2026-01-14 13시00분47초	1768363247254]	4ms

[2026-01-14 13시00분47초	1768363247256]	AuctionController..
[2026-01-14 13시00분47초	1768363247260]	4ms

[2026-01-14 13시00분47초	1768363247265]	ItemDatabase..
[2026-01-14 13시00분47초	1768363247375]	110ms

[2026-01-14 13시00분47초	1768363247376]	ItemSetopionDatabase..
[2026-01-14 13시00분47초	1768363247379]	3ms

[2026-01-14 13시00분47초	1768363247380]	AutosellDatabase..
[2026-01-14 13시00분47초	1768363247400]	20ms

[2026-01-14 13시00분47초	1768363247401]	ItemSkillDatabase..
[2026-01-14 13시00분47초	1768363247406]	5ms

[2026-01-14 13시00분47초	1768363247407]	ItemBundleDatabase..
[2026-01-14 13시00분47초	1768363247411]	4ms

[2026-01-14 13시00분47초	1768363247412]	ItemChanceBundleDatabase..
[2026-01-14 13시00분47초	1768363247415]	3ms

[2026-01-14 13시00분47초	1768363247416]	FishItemListDatabase..
[2026-01-14 13시00분47초	1768363247418]	2ms

[2026-01-14 13시00분47초	1768363247419]	ItemTeleport..
[2026-01-14 13시00분47초	1768363247422]	2ms

[2026-01-14 13시00분47초	1768363247423]	PolyDatabase..
[2026-01-14 13시00분47초	1768363247426]	3ms

[2026-01-14 13시00분47초	1768363247427]	DungeonDatabase..
[2026-01-14 13시00분47초	1768363247432]	5ms

[2026-01-14 13시00분47초	1768363247433]	DefiniteDatabase..
[2026-01-14 13시00분47초	1768363247435]	2ms

[2026-01-14 13시00분47초	1768363247436]	ExpDatabase..
[2026-01-14 13시00분47초	1768363247438]	2ms

[2026-01-14 13시00분47초	1768363247438]	BackgroundDatabase..
[2026-01-14 13시00분47초	1768363247566]	128ms

[2026-01-14 13시00분47초	1768363247566]	SpriteFrameDatabase..
[2026-01-14 13시00분47초	1768363247627]	61ms

[2026-01-14 13시00분47초	1768363247628]	SkillDatabase..
[2026-01-14 13시00분47초	1768363247631]	3ms

[2026-01-14 13시00분47초	1768363247632]	NpcDatabase..
[2026-01-14 13시00분47초	1768363247641]	9ms

[2026-01-14 13시00분47초	1768363247648]	NpcShopDatabase..
[2026-01-14 13시00분47초	1768363247710]	62ms

[2026-01-14 13시00분47초	1768363247711]	NpcTeleportDatabase..
[2026-01-14 13시00분47초	1768363247713]	2ms

[2026-01-14 13시00분47초	1768363247871]	NpcSpawnlistDatabase..
[2026-01-14 13시00분47초	1768363247942]	71ms

[2026-01-14 13시00분47초	1768363247944]	EventController..
[2026-01-14 13시00분47초	1768363247945]	0ms

[2026-01-14 13시00분47초	1768363247946]	MonsterDatabase..
[2026-01-14 13시00분47초	1768363247963]	16ms

[2026-01-14 13시00분47초	1768363247963]	MonsterDropDatabase..
[2026-01-14 13시00분47초	1768363247991]	28ms

[2026-01-14 13시00분47초	1768363247992]	MonsterSkillDatabase..
[2026-01-14 13시00분48초	1768363248004]	12ms

[2026-01-14 13시00분48초	1768363248006]	MonsterSpawnlistDatabase..
[2026-01-14 13시00분49초	1768363249289]	1283ms

[2026-01-14 13시00분49초	1768363249290]	MonsterBossSpawnlistDatabase..
[2026-01-14 13시00분49초	1768363249293]	3ms

[2026-01-14 13시00분49초	1768363249294]	ServerDownBossListDatabase..
[2026-01-14 13시00분49초	1768363249296]	2ms

[2026-01-14 13시00분49초	1768363249297]	BadIpDatabase..
[2026-01-14 13시00분49초	1768363249298]	1ms

[2026-01-14 13시00분49초	1768363249298]	QuestController..
[2026-01-14 13시00분49초	1768363249300]	2ms

[2026-01-14 13시00분49초	1768363249301]	ServerOpcodesDatabase..
[2026-01-14 13시00분49초	1768363249304]	3ms

[2026-01-14 13시00분49초	1768363249305]	ServerNoticeDatabase..
[2026-01-14 13시00분49초	1768363249308]	3ms

[2026-01-14 13시00분49초	1768363249309]	RankController..
[2026-01-14 13시00분49초	1768363249335]	26ms

[2026-01-14 13시00분49초	1768363249337]	WantedController..
[2026-01-14 13시00분49초	1768363249341]	4ms

[2026-01-14 13시00분49초	1768363249342]	TeleportHomeDatabase..
[2026-01-14 13시00분49초	1768363249383]	41ms

[2026-01-14 13시00분49초	1768363249383]	TeleportResetDatabase..
[2026-01-14 13시00분49초	1768363249413]	30ms

[2026-01-14 13시00분49초	1768363249414]	ItemPinewandDatabase..
[2026-01-14 13시00분49초	1768363249416]	2ms

[2026-01-14 13시00분49초	1768363249416]	ItemMaplewandDatabase..
[2026-01-14 13시00분49초	1768363249418]	2ms

[2026-01-14 13시00분49초	1768363249419]	SummonListDatabase..
[2026-01-14 13시00분49초	1768363249421]	2ms

[2026-01-14 13시00분49초	1768363249421]	GmListDatabase..
[2026-01-14 13시00분49초	1768363249424]	3ms

[2026-01-14 13시00분49초	1768363249426]	MagicdollListDatabase..
[2026-01-14 13시00분49초	1768363249429]	2ms

[2026-01-14 13시00분49초	1768363249433]	PcMarketController..
[2026-01-14 13시00분49초	1768363249434]	1ms

[2026-01-14 13시00분49초	1768363249434]	ServerOptionDatabase..
[2026-01-14 13시00분49초	1768363249435]	1ms

[2026-01-14 13시00분49초	1768363249436]	TimeDungeonDatabase..
[2026-01-14 13시00분49초	1768363249436]	0ms

[2026-01-14 13시00분49초	1768363249437]	TeamBattleDatabase..
[2026-01-14 13시00분49초	1768363249438]	1ms

[2026-01-14 13시00분49초	1768363249439]	LifeLostItemDatabase..
[2026-01-14 13시00분49초	1768363249441]	2ms

[2026-01-14 13시00분49초	1768363249442]	GmTeleportDatabase..
[2026-01-14 13시00분49초	1768363249443]	1ms

[2026-01-14 13시00분49초	1768363249446]	무인혈맹컨트롤러..
[2026-01-14 13시00분49초	1768363249447]	1ms

[2026-01-14 13시00분49초	1768363249448]	HackNoCheckDatabase..
[2026-01-14 13시00분49초	1768363249449]	1ms

[2026-01-14 13시00분49초	1768363249450]	EnchantLostItemDatabase..
[2026-01-14 13시00분49초	1768363249472]	22ms

[2026-01-14 13시00분49초	1768363249475]	ItemDropMessageDatabase..
[2026-01-14 13시00분49초	1768363249475]	0ms

[2026-01-14 13시00분49초	1768363249478]	FishingController..
[2026-01-14 13시00분49초	1768363249755]	277ms

[2026-01-14 13시00분49초	1768363249769]	RobotController..
[2026-01-14 13시00분49초	1768363249793]	24ms

[2026-01-14 13시00분49초	1768363249795]	Server..
[2026-01-14 13시00분49초	1768363249865]	70ms

[2026-01-14 13시00분49초	1768363249866]	ServerThread..
[2026-01-14 13시00분49초	1768363249866]	0ms

[2026-01-14 13시00분49초	1768363249867]	ControllerTherad..
[2026-01-14 13시00분49초	1768363249867]	0ms

[2026-01-14 13시00분49초	1768363249869]	CharacterThread..
[2026-01-14 13시00분49초	1768363249869]	0ms

[2026-01-14 13시00분49초	1768363249870]	DatabaseThread..
[2026-01-14 13시00분49초	1768363249870]	0ms

[2026-01-14 13시00분49초	1768363249918]	CharacterControlThread..
[2026-01-14 13시00분49초	1768363249918]	0ms

[2026-01-14 13시00분49초	1768363249937]	FightController..
[2026-01-14 13시00분49초	1768363249965]	28ms

[2026-01-14 13시00분49초	1768363249966]	TimeThread..
[2026-01-14 13시00분49초	1768363249966]	0ms

[2026-01-14 13시00분49초	1768363249967]	AutoHuntThread..
[2026-01-14 13시00분49초	1768363249967]	0ms

[2026-01-14 13시00분49초	1768363249967]	======================================================================
[2026-01-14 13시00분49초	1768363249967]	Server Version  :  Lineage 2.0

[2026-01-14 13시00분49초	1768363249968]	Server Port      :  2000

[2026-01-14 13시00분49초	1768363249968]	계정 자동생성  :  on

[2026-01-14 13시00분49초	1768363249968]	인챈트 : 1.0배  ||  드랍 : 3.0배  ||  경험치 : 30.0배  ||  아데나 : 12.0배  ||  파티 : 1.1배

[2026-01-14 13시00분49초	1768363249968]	======================================================================
[2026-01-14 13시00분49초	1768363249968]	'서버' 가동되었습니다.

