[2026-01-13 00시09분09초	1768230549860]	Mysql..
[2026-01-13 00시09분09초	1768230549860]	1ms

[2026-01-13 00시09분09초	1768230549876]	lineage.conf file loading...
[2026-01-13 00시09분09초	1768230549905]	29ms

[2026-01-13 00시09분09초	1768230549912]	Lineage_Balance..
[2026-01-13 00시09분09초	1768230549920]	8ms

[2026-01-13 00시09분09초	1768230549920]	npc_promotion..
[2026-01-13 00시09분09초	1768230549921]	1ms

[2026-01-13 00시09분09초	1768230549922]	Socket..
[2026-01-13 00시09분09초	1768230549922]	0ms

[2026-01-13 00시09분09초	1768230549922]	Common..
[2026-01-13 00시09분09초	1768230549922]	0ms

[2026-01-13 00시09분09초	1768230549923]	EventThread..
[2026-01-13 00시09분09초	1768230549923]	0ms

[2026-01-13 00시09분09초	1768230549924]	AiExecuteThread..
[2026-01-13 00시09분09초	1768230549924]	0ms

[2026-01-13 00시09분09초	1768230549925]	AiThread..
[2026-01-13 00시09분09초	1768230549925]	0ms

[2026-01-13 00시09분09초	1768230549929]	World..
[2026-01-13 00시09분10초	1768230550013]	84ms

[2026-01-13 00시09분10초	1768230550015]	BookController..
[2026-01-13 00시09분10초	1768230550015]	0ms

[2026-01-13 00시09분10초	1768230550015]	InventoryController..
[2026-01-13 00시09분10초	1768230550016]	0ms

[2026-01-13 00시09분10초	1768230550016]	BasePacketPooling..
[2026-01-13 00시09분10초	1768230550016]	0ms

[2026-01-13 00시09분10초	1768230550018]	SkillController..
[2026-01-13 00시09분10초	1768230550018]	0ms

[2026-01-13 00시09분10초	1768230550030]	DamageController..
[2026-01-13 00시09분10초	1768230550030]	0ms

[2026-01-13 00시09분10초	1768230550032]	CharacterController..
[2026-01-13 00시09분10초	1768230550032]	0ms

[2026-01-13 00시09분10초	1768230550033]	TradeController..
[2026-01-13 00시09분10초	1768230550033]	0ms

[2026-01-13 00시09분10초	1768230550033]	DungeonController..
[2026-01-13 00시09분10초	1768230550033]	0ms

[2026-01-13 00시09분10초	1768230550034]	ShipController..
[2026-01-13 00시09분10초	1768230550034]	0ms

[2026-01-13 00시09분10초	1768230550035]	BuffController..
[2026-01-13 00시09분10초	1768230550035]	0ms

[2026-01-13 00시09분10초	1768230550039]	SummonController..
[2026-01-13 00시09분10초	1768230550039]	0ms

[2026-01-13 00시09분10초	1768230550040]	PartyController..
[2026-01-13 00시09분10초	1768230550040]	0ms

[2026-01-13 00시09분10초	1768230550040]	InnController..
[2026-01-13 00시09분10초	1768230550040]	0ms

[2026-01-13 00시09분10초	1768230550042]	BoardController..
[2026-01-13 00시09분10초	1768230550042]	0ms

[2026-01-13 00시09분10초	1768230550044]	LetterController..
[2026-01-13 00시09분10초	1768230550044]	0ms

[2026-01-13 00시09분10초	1768230550046]	UserShopController..
[2026-01-13 00시09분10초	1768230550046]	0ms

[2026-01-13 00시09분10초	1768230550047]	ChattingController..
[2026-01-13 00시09분10초	1768230550048]	1ms

[2026-01-13 00시09분10초	1768230550049]	ColosseumController..
[2026-01-13 00시09분10초	1768230550050]	1ms

[2026-01-13 00시09분10초	1768230550058]	CraftController..
[2026-01-13 00시09분10초	1768230550058]	0ms

[2026-01-13 00시09분10초	1768230550060]	BossController..
[2026-01-13 00시09분10초	1768230550060]	0ms

[2026-01-13 00시09분10초	1768230550061]	NoticeController..
[2026-01-13 00시09분10초	1768230550061]	0ms

[2026-01-13 00시09분10초	1768230550062]	FriendController..
[2026-01-13 00시09분10초	1768230550062]	0ms

[2026-01-13 00시09분10초	1768230550070]	BugScanningController..
[2026-01-13 00시09분10초	1768230550070]	0ms

[2026-01-13 00시09분10초	1768230550072]	MagicDollController..
[2026-01-13 00시09분10초	1768230550072]	0ms

[2026-01-13 00시09분10초	1768230550072]	ShopController..
[2026-01-13 00시09분10초	1768230550072]	0ms

[2026-01-13 00시09분10초	1768230550073]	WarehouseDatabase..
[2026-01-13 00시09분10초	1768230550073]	0ms

[2026-01-13 00시09분10초	1768230550074]	PakTools..
[2026-01-13 00시09분10초	1768230550075]	1ms

[2026-01-13 00시09분10초	1768230550076]	ScriptController...
[2026-01-13 00시09분10초	1768230550079]	3ms

[2026-01-13 00시09분10초	1768230550080]	GiranClanLordController..
[2026-01-13 00시09분10초	1768230550080]	0ms

[2026-01-13 00시09분10초	1768230550081]	TeamBattleController..
[2026-01-13 00시09분10초	1768230550081]	0ms

[2026-01-13 00시09분10초	1768230550082]	WorldClearController..
[2026-01-13 00시09분10초	1768230550082]	0ms

[2026-01-13 00시09분10초	1768230550083]	SpotController..
[2026-01-13 00시09분10초	1768230550083]	0ms

[2026-01-13 00시09분10초	1768230550086]	테베라스 컨트롤러..
[2026-01-13 00시09분10초	1768230550086]	0ms

[2026-01-13 00시09분10초	1768230550087]	지옥 컨트롤러..
[2026-01-13 00시09분10초	1768230550087]	0ms

[2026-01-13 00시09분10초	1768230550087]	지하수로 컨트롤러..
[2026-01-13 00시09분10초	1768230550087]	0ms

[2026-01-13 00시09분10초	1768230550088]	보물찾기컨트롤러..
[2026-01-13 00시09분10초	1768230550088]	0ms

[2026-01-13 00시09분10초	1768230550089]	마족신전 컨트롤러..
[2026-01-13 00시09분10초	1768230550089]	0ms

[2026-01-13 00시09분10초	1768230550089]	고무 컨트롤러..
[2026-01-13 00시09분10초	1768230550090]	정무던전 컨트롤러..
[2026-01-13 00시09분10초	1768230550094]	4ms

[2026-01-13 00시09분10초	1768230550095]	그신 컨트롤러..
[2026-01-13 00시09분10초	1768230550095]	0ms

[2026-01-13 00시09분10초	1768230550095]	라바던전 컨트롤러..
[2026-01-13 00시09분10초	1768230550096]	1ms

[2026-01-13 00시09분10초	1768230550096]	월드보스컨트롤러..
[2026-01-13 00시09분10초	1768230550096]	0ms

[2026-01-13 00시09분10초	1768230550097]	펭귄 사냥터 컨트롤러..
[2026-01-13 00시09분10초	1768230550097]	0ms

[2026-01-13 00시09분10초	1768230550097]	칠흑던전 컨트롤러..
[2026-01-13 00시09분10초	1768230550098]	악마왕의영토컨트롤러..
[2026-01-13 00시09분10초	1768230550098]	0ms

[2026-01-13 00시09분10초	1768230550099]	얼던컨트롤러..
[2026-01-13 00시09분10초	1768230550099]	0ms

[2026-01-13 00시09분10초	1768230550099]	기감 컨트롤러..
[2026-01-13 00시09분10초	1768230550100]	1ms

[2026-01-13 00시09분10초	1768230550100]	고라스컨트롤러..
[2026-01-13 00시09분10초	1768230550100]	0ms

[2026-01-13 00시09분10초	1768230550101]	드워프컨트롤러..
[2026-01-13 00시09분10초	1768230550101]	0ms

[2026-01-13 00시09분10초	1768230550102]	타임이벤트컨트롤러..
[2026-01-13 00시09분10초	1768230550102]	0ms

[2026-01-13 00시09분10초	1768230550102]	AutoHuntController..
[2026-01-13 00시09분10초	1768230550102]	0ms

[2026-01-13 00시09분10초	1768230550123]	DatabaseConnection..
[2026-01-13 00시09분10초	1768230550396]	273ms

[2026-01-13 00시09분10초	1768230550419]	ServerDatabase..
[2026-01-13 00시09분10초	1768230550456]	37ms

[2026-01-13 00시09분10초	1768230550459]	SlimeRaceController..
[2026-01-13 00시09분10초	1768230550461]	2ms

[2026-01-13 00시09분10초	1768230550463]	DogRaceController..
[2026-01-13 00시09분10초	1768230550464]	1ms

[2026-01-13 00시09분10초	1768230550467]	ClanController..
[2026-01-13 00시09분10초	1768230550472]	5ms

[2026-01-13 00시09분10초	1768230550475]	KingdomController..
[2026-01-13 00시09분10초	1768230550481]	6ms

[2026-01-13 00시09분10초	1768230550482]	AgitController..
[2026-01-13 00시09분10초	1768230550486]	4ms

[2026-01-13 00시09분10초	1768230550487]	AuctionController..
[2026-01-13 00시09분10초	1768230550492]	5ms

[2026-01-13 00시09분10초	1768230550496]	ItemDatabase..
[2026-01-13 00시09분10초	1768230550606]	110ms

[2026-01-13 00시09분10초	1768230550609]	ItemSetopionDatabase..
[2026-01-13 00시09분10초	1768230550611]	2ms

[2026-01-13 00시09분10초	1768230550612]	AutosellDatabase..
[2026-01-13 00시09분10초	1768230550631]	19ms

[2026-01-13 00시09분10초	1768230550632]	ItemSkillDatabase..
[2026-01-13 00시09분10초	1768230550634]	2ms

[2026-01-13 00시09분10초	1768230550635]	ItemBundleDatabase..
[2026-01-13 00시09분10초	1768230550637]	2ms

[2026-01-13 00시09분10초	1768230550638]	ItemChanceBundleDatabase..
[2026-01-13 00시09분10초	1768230550642]	3ms

[2026-01-13 00시09분10초	1768230550642]	FishItemListDatabase..
[2026-01-13 00시09분10초	1768230550645]	3ms

[2026-01-13 00시09분10초	1768230550646]	ItemTeleport..
[2026-01-13 00시09분10초	1768230550648]	1ms

[2026-01-13 00시09분10초	1768230550649]	PolyDatabase..
[2026-01-13 00시09분10초	1768230550651]	2ms

[2026-01-13 00시09분10초	1768230550652]	DungeonDatabase..
[2026-01-13 00시09분10초	1768230550656]	4ms

[2026-01-13 00시09분10초	1768230550658]	DefiniteDatabase..
[2026-01-13 00시09분10초	1768230550660]	2ms

[2026-01-13 00시09분10초	1768230550660]	ExpDatabase..
[2026-01-13 00시09분10초	1768230550662]	2ms

[2026-01-13 00시09분10초	1768230550662]	BackgroundDatabase..
[2026-01-13 00시09분10초	1768230550785]	123ms

[2026-01-13 00시09분10초	1768230550786]	SpriteFrameDatabase..
[2026-01-13 00시09분10초	1768230550858]	72ms

[2026-01-13 00시09분10초	1768230550859]	SkillDatabase..
[2026-01-13 00시09분10초	1768230550861]	2ms

[2026-01-13 00시09분10초	1768230550862]	NpcDatabase..
[2026-01-13 00시09분10초	1768230550868]	6ms

[2026-01-13 00시09분10초	1768230550869]	NpcShopDatabase..
[2026-01-13 00시09분10초	1768230550926]	57ms

[2026-01-13 00시09분10초	1768230550927]	NpcTeleportDatabase..
[2026-01-13 00시09분10초	1768230550928]	1ms

[2026-01-13 00시09분11초	1768230551059]	NpcSpawnlistDatabase..
[2026-01-13 00시09분11초	1768230551110]	51ms

[2026-01-13 00시09분11초	1768230551112]	EventController..
[2026-01-13 00시09분11초	1768230551112]	0ms

[2026-01-13 00시09분11초	1768230551113]	MonsterDatabase..
[2026-01-13 00시09분11초	1768230551127]	14ms

[2026-01-13 00시09분11초	1768230551128]	MonsterDropDatabase..
[2026-01-13 00시09분11초	1768230551153]	25ms

[2026-01-13 00시09분11초	1768230551154]	MonsterSkillDatabase..
[2026-01-13 00시09분11초	1768230551165]	11ms

[2026-01-13 00시09분11초	1768230551166]	MonsterSpawnlistDatabase..
[2026-01-13 00시09분12초	1768230552056]	890ms

[2026-01-13 00시09분12초	1768230552057]	MonsterBossSpawnlistDatabase..
[2026-01-13 00시09분12초	1768230552059]	2ms

[2026-01-13 00시09분12초	1768230552060]	ServerDownBossListDatabase..
[2026-01-13 00시09분12초	1768230552060]	1ms

[2026-01-13 00시09분12초	1768230552061]	BadIpDatabase..
[2026-01-13 00시09분12초	1768230552062]	1ms

[2026-01-13 00시09분12초	1768230552062]	QuestController..
[2026-01-13 00시09분12초	1768230552063]	1ms

[2026-01-13 00시09분12초	1768230552064]	ServerOpcodesDatabase..
[2026-01-13 00시09분12초	1768230552066]	2ms

[2026-01-13 00시09분12초	1768230552067]	ServerNoticeDatabase..
[2026-01-13 00시09분12초	1768230552068]	1ms

[2026-01-13 00시09분12초	1768230552070]	RankController..
[2026-01-13 00시09분12초	1768230552093]	23ms

[2026-01-13 00시09분12초	1768230552094]	WantedController..
[2026-01-13 00시09분12초	1768230552099]	4ms

[2026-01-13 00시09분12초	1768230552099]	TeleportHomeDatabase..
[2026-01-13 00시09분12초	1768230552134]	35ms

[2026-01-13 00시09분12초	1768230552135]	TeleportResetDatabase..
[2026-01-13 00시09분12초	1768230552166]	31ms

[2026-01-13 00시09분12초	1768230552167]	ItemPinewandDatabase..
[2026-01-13 00시09분12초	1768230552168]	1ms

[2026-01-13 00시09분12초	1768230552168]	ItemMaplewandDatabase..
[2026-01-13 00시09분12초	1768230552170]	2ms

[2026-01-13 00시09분12초	1768230552170]	SummonListDatabase..
[2026-01-13 00시09분12초	1768230552172]	2ms

[2026-01-13 00시09분12초	1768230552172]	GmListDatabase..
[2026-01-13 00시09분12초	1768230552173]	1ms

[2026-01-13 00시09분12초	1768230552174]	MagicdollListDatabase..
[2026-01-13 00시09분12초	1768230552176]	1ms

[2026-01-13 00시09분12초	1768230552179]	PcMarketController..
[2026-01-13 00시09분12초	1768230552180]	1ms

[2026-01-13 00시09분12초	1768230552181]	ServerOptionDatabase..
[2026-01-13 00시09분12초	1768230552181]	0ms

[2026-01-13 00시09분12초	1768230552182]	TimeDungeonDatabase..
[2026-01-13 00시09분12초	1768230552183]	1ms

[2026-01-13 00시09분12초	1768230552183]	TeamBattleDatabase..
[2026-01-13 00시09분12초	1768230552184]	1ms

[2026-01-13 00시09분12초	1768230552185]	LifeLostItemDatabase..
[2026-01-13 00시09분12초	1768230552186]	1ms

[2026-01-13 00시09분12초	1768230552187]	GmTeleportDatabase..
[2026-01-13 00시09분12초	1768230552188]	1ms

[2026-01-13 00시09분12초	1768230552190]	무인혈맹컨트롤러..
[2026-01-13 00시09분12초	1768230552192]	2ms

[2026-01-13 00시09분12초	1768230552193]	HackNoCheckDatabase..
[2026-01-13 00시09분12초	1768230552194]	1ms

[2026-01-13 00시09분12초	1768230552195]	EnchantLostItemDatabase..
[2026-01-13 00시09분12초	1768230552218]	23ms

[2026-01-13 00시09분12초	1768230552219]	ItemDropMessageDatabase..
[2026-01-13 00시09분12초	1768230552220]	1ms

[2026-01-13 00시09분12초	1768230552221]	FishingController..
[2026-01-13 00시09분12초	1768230552481]	260ms

[2026-01-13 00시09분12초	1768230552492]	RobotController..
[2026-01-13 00시09분12초	1768230552516]	22ms

[2026-01-13 00시09분12초	1768230552516]	Server..
[2026-01-13 00시09분12초	1768230552577]	61ms

[2026-01-13 00시09분12초	1768230552578]	ServerThread..
[2026-01-13 00시09분12초	1768230552578]	0ms

[2026-01-13 00시09분12초	1768230552579]	ControllerTherad..
[2026-01-13 00시09분12초	1768230552580]	1ms

[2026-01-13 00시09분12초	1768230552581]	CharacterThread..
[2026-01-13 00시09분12초	1768230552581]	0ms

[2026-01-13 00시09분12초	1768230552582]	DatabaseThread..
[2026-01-13 00시09분12초	1768230552582]	0ms

[2026-01-13 00시09분12초	1768230552583]	CharacterControlThread..
[2026-01-13 00시09분12초	1768230552583]	0ms

[2026-01-13 00시09분12초	1768230552587]	FightController..
[2026-01-13 00시09분12초	1768230552642]	55ms

[2026-01-13 00시09분12초	1768230552644]	TimeThread..
[2026-01-13 00시09분12초	1768230552645]	1ms

[2026-01-13 00시09분12초	1768230552645]	AutoHuntThread..
[2026-01-13 00시09분12초	1768230552645]	0ms

[2026-01-13 00시09분12초	1768230552645]	======================================================================
[2026-01-13 00시09분12초	1768230552646]	Server Version  :  Lineage 2.0

[2026-01-13 00시09분12초	1768230552646]	Server Port      :  2000

[2026-01-13 00시09분12초	1768230552646]	계정 자동생성  :  on

[2026-01-13 00시09분12초	1768230552646]	인챈트 : 1.0배  ||  드랍 : 3.0배  ||  경험치 : 30.0배  ||  아데나 : 12.0배  ||  파티 : 1.1배

[2026-01-13 00시09분12초	1768230552646]	======================================================================
[2026-01-13 00시09분12초	1768230552646]	'서버' 가동되었습니다.

[2026-01-13 00시10분34초	1768230634347]	서버가 즉시 종료됩니다...
[2026-01-13 00시10분35초	1768230635347]	Thread close..
[2026-01-13 00시10분36초	1768230636347]	Save Database..
[2026-01-13 00시10분37초	1768230637332]	Socket close..
[2026-01-13 00시10분37초	1768230637332]	LineageServer Close...
[2026-01-13 00시10분37초	1768230637332]	0ms

[2026-01-13 00시10분37초	1768230637332]	ok..
