[2026-01-13 20시04분07초	1768302247889]	Mysql..
[2026-01-13 20시04분07초	1768302247889]	2ms

[2026-01-13 20시04분07초	1768302247905]	lineage.conf file loading...
[2026-01-13 20시04분07초	1768302247934]	29ms

[2026-01-13 20시04분07초	1768302247941]	Lineage_Balance..
[2026-01-13 20시04분07초	1768302247949]	8ms

[2026-01-13 20시04분07초	1768302247950]	npc_promotion..
[2026-01-13 20시04분07초	1768302247950]	0ms

[2026-01-13 20시04분07초	1768302247951]	Socket..
[2026-01-13 20시04분07초	1768302247951]	0ms

[2026-01-13 20시04분07초	1768302247951]	Common..
[2026-01-13 20시04분07초	1768302247951]	0ms

[2026-01-13 20시04분07초	1768302247952]	EventThread..
[2026-01-13 20시04분07초	1768302247953]	1ms

[2026-01-13 20시04분07초	1768302247954]	AiExecuteThread..
[2026-01-13 20시04분07초	1768302247954]	0ms

[2026-01-13 20시04분07초	1768302247955]	AiThread..
[2026-01-13 20시04분07초	1768302247955]	0ms

[2026-01-13 20시04분07초	1768302247959]	World..
[2026-01-13 20시04분08초	1768302248045]	86ms

[2026-01-13 20시04분08초	1768302248047]	BookController..
[2026-01-13 20시04분08초	1768302248047]	0ms

[2026-01-13 20시04분08초	1768302248047]	InventoryController..
[2026-01-13 20시04분08초	1768302248048]	1ms

[2026-01-13 20시04분08초	1768302248048]	BasePacketPooling..
[2026-01-13 20시04분08초	1768302248048]	0ms

[2026-01-13 20시04분08초	1768302248050]	SkillController..
[2026-01-13 20시04분08초	1768302248050]	0ms

[2026-01-13 20시04분08초	1768302248060]	DamageController..
[2026-01-13 20시04분08초	1768302248060]	0ms

[2026-01-13 20시04분08초	1768302248062]	CharacterController..
[2026-01-13 20시04분08초	1768302248062]	0ms

[2026-01-13 20시04분08초	1768302248063]	TradeController..
[2026-01-13 20시04분08초	1768302248063]	0ms

[2026-01-13 20시04분08초	1768302248063]	DungeonController..
[2026-01-13 20시04분08초	1768302248064]	0ms

[2026-01-13 20시04분08초	1768302248064]	ShipController..
[2026-01-13 20시04분08초	1768302248064]	0ms

[2026-01-13 20시04분08초	1768302248065]	BuffController..
[2026-01-13 20시04분08초	1768302248065]	0ms

[2026-01-13 20시04분08초	1768302248069]	SummonController..
[2026-01-13 20시04분08초	1768302248069]	0ms

[2026-01-13 20시04분08초	1768302248070]	PartyController..
[2026-01-13 20시04분08초	1768302248070]	0ms

[2026-01-13 20시04분08초	1768302248071]	InnController..
[2026-01-13 20시04분08초	1768302248071]	0ms

[2026-01-13 20시04분08초	1768302248072]	BoardController..
[2026-01-13 20시04분08초	1768302248072]	0ms

[2026-01-13 20시04분08초	1768302248074]	LetterController..
[2026-01-13 20시04분08초	1768302248074]	0ms

[2026-01-13 20시04분08초	1768302248074]	UserShopController..
[2026-01-13 20시04분08초	1768302248074]	0ms

[2026-01-13 20시04분08초	1768302248075]	ChattingController..
[2026-01-13 20시04분08초	1768302248076]	1ms

[2026-01-13 20시04분08초	1768302248078]	ColosseumController..
[2026-01-13 20시04분08초	1768302248078]	0ms

[2026-01-13 20시04분08초	1768302248079]	CraftController..
[2026-01-13 20시04분08초	1768302248079]	0ms

[2026-01-13 20시04분08초	1768302248080]	BossController..
[2026-01-13 20시04분08초	1768302248080]	0ms

[2026-01-13 20시04분08초	1768302248081]	NoticeController..
[2026-01-13 20시04분08초	1768302248081]	0ms

[2026-01-13 20시04분08초	1768302248082]	FriendController..
[2026-01-13 20시04분08초	1768302248082]	0ms

[2026-01-13 20시04분08초	1768302248083]	BugScanningController..
[2026-01-13 20시04분08초	1768302248083]	0ms

[2026-01-13 20시04분08초	1768302248091]	MagicDollController..
[2026-01-13 20시04분08초	1768302248092]	1ms

[2026-01-13 20시04분08초	1768302248092]	ShopController..
[2026-01-13 20시04분08초	1768302248092]	0ms

[2026-01-13 20시04분08초	1768302248093]	WarehouseDatabase..
[2026-01-13 20시04분08초	1768302248093]	0ms

[2026-01-13 20시04분08초	1768302248094]	PakTools..
[2026-01-13 20시04분08초	1768302248095]	1ms

[2026-01-13 20시04분08초	1768302248096]	ScriptController...
[2026-01-13 20시04분08초	1768302248098]	2ms

[2026-01-13 20시04분08초	1768302248099]	GiranClanLordController..
[2026-01-13 20시04분08초	1768302248099]	0ms

[2026-01-13 20시04분08초	1768302248100]	TeamBattleController..
[2026-01-13 20시04분08초	1768302248101]	1ms

[2026-01-13 20시04분08초	1768302248101]	WorldClearController..
[2026-01-13 20시04분08초	1768302248101]	0ms

[2026-01-13 20시04분08초	1768302248102]	SpotController..
[2026-01-13 20시04분08초	1768302248102]	0ms

[2026-01-13 20시04분08초	1768302248105]	테베라스 컨트롤러..
[2026-01-13 20시04분08초	1768302248105]	2ms

[2026-01-13 20시04분08초	1768302248106]	지옥 컨트롤러..
[2026-01-13 20시04분08초	1768302248106]	0ms

[2026-01-13 20시04분08초	1768302248107]	지하수로 컨트롤러..
[2026-01-13 20시04분08초	1768302248107]	0ms

[2026-01-13 20시04분08초	1768302248107]	보물찾기컨트롤러..
[2026-01-13 20시04분08초	1768302248107]	0ms

[2026-01-13 20시04분08초	1768302248108]	마족신전 컨트롤러..
[2026-01-13 20시04분08초	1768302248108]	0ms

[2026-01-13 20시04분08초	1768302248109]	고무 컨트롤러..
[2026-01-13 20시04분08초	1768302248109]	정무던전 컨트롤러..
[2026-01-13 20시04분08초	1768302248113]	4ms

[2026-01-13 20시04분08초	1768302248114]	그신 컨트롤러..
[2026-01-13 20시04분08초	1768302248114]	0ms

[2026-01-13 20시04분08초	1768302248115]	라바던전 컨트롤러..
[2026-01-13 20시04분08초	1768302248115]	1ms

[2026-01-13 20시04분08초	1768302248115]	월드보스컨트롤러..
[2026-01-13 20시04분08초	1768302248115]	0ms

[2026-01-13 20시04분08초	1768302248116]	펭귄 사냥터 컨트롤러..
[2026-01-13 20시04분08초	1768302248116]	0ms

[2026-01-13 20시04분08초	1768302248116]	칠흑던전 컨트롤러..
[2026-01-13 20시04분08초	1768302248117]	악마왕의영토컨트롤러..
[2026-01-13 20시04분08초	1768302248117]	0ms

[2026-01-13 20시04분08초	1768302248118]	얼던컨트롤러..
[2026-01-13 20시04분08초	1768302248118]	0ms

[2026-01-13 20시04분08초	1768302248118]	기감 컨트롤러..
[2026-01-13 20시04분08초	1768302248119]	1ms

[2026-01-13 20시04분08초	1768302248119]	고라스컨트롤러..
[2026-01-13 20시04분08초	1768302248119]	0ms

[2026-01-13 20시04분08초	1768302248120]	드워프컨트롤러..
[2026-01-13 20시04분08초	1768302248120]	0ms

[2026-01-13 20시04분08초	1768302248121]	타임이벤트컨트롤러..
[2026-01-13 20시04분08초	1768302248121]	0ms

[2026-01-13 20시04분08초	1768302248121]	AutoHuntController..
[2026-01-13 20시04분08초	1768302248121]	0ms

[2026-01-13 20시04분08초	1768302248135]	DatabaseConnection..
[2026-01-13 20시04분08초	1768302248432]	297ms

[2026-01-13 20시04분08초	1768302248454]	ServerDatabase..
[2026-01-13 20시04분08초	1768302248482]	28ms

[2026-01-13 20시04분08초	1768302248485]	SlimeRaceController..
[2026-01-13 20시04분08초	1768302248490]	5ms

[2026-01-13 20시04분08초	1768302248492]	DogRaceController..
[2026-01-13 20시04분08초	1768302248493]	1ms

[2026-01-13 20시04분08초	1768302248496]	ClanController..
[2026-01-13 20시04분08초	1768302248501]	5ms

[2026-01-13 20시04분08초	1768302248504]	KingdomController..
[2026-01-13 20시04분08초	1768302248511]	7ms

[2026-01-13 20시04분08초	1768302248512]	AgitController..
[2026-01-13 20시04분08초	1768302248516]	4ms

[2026-01-13 20시04분08초	1768302248518]	AuctionController..
[2026-01-13 20시04분08초	1768302248522]	5ms

[2026-01-13 20시04분08초	1768302248526]	ItemDatabase..
[2026-01-13 20시04분08초	1768302248639]	113ms

[2026-01-13 20시04분08초	1768302248640]	ItemSetopionDatabase..
[2026-01-13 20시04분08초	1768302248643]	3ms

[2026-01-13 20시04분08초	1768302248644]	AutosellDatabase..
[2026-01-13 20시04분08초	1768302248664]	20ms

[2026-01-13 20시04분08초	1768302248665]	ItemSkillDatabase..
[2026-01-13 20시04분08초	1768302248667]	2ms

[2026-01-13 20시04분08초	1768302248668]	ItemBundleDatabase..
[2026-01-13 20시04분08초	1768302248672]	4ms

[2026-01-13 20시04분08초	1768302248673]	ItemChanceBundleDatabase..
[2026-01-13 20시04분08초	1768302248676]	3ms

[2026-01-13 20시04분08초	1768302248677]	FishItemListDatabase..
[2026-01-13 20시04분08초	1768302248678]	1ms

[2026-01-13 20시04분08초	1768302248682]	ItemTeleport..
[2026-01-13 20시04분08초	1768302248684]	2ms

[2026-01-13 20시04분08초	1768302248685]	PolyDatabase..
[2026-01-13 20시04분08초	1768302248689]	4ms

[2026-01-13 20시04분08초	1768302248690]	DungeonDatabase..
[2026-01-13 20시04분08초	1768302248694]	4ms

[2026-01-13 20시04분08초	1768302248695]	DefiniteDatabase..
[2026-01-13 20시04분08초	1768302248697]	2ms

[2026-01-13 20시04분08초	1768302248698]	ExpDatabase..
[2026-01-13 20시04분08초	1768302248700]	2ms

[2026-01-13 20시04분08초	1768302248700]	BackgroundDatabase..
[2026-01-13 20시04분08초	1768302248803]	103ms

[2026-01-13 20시04분08초	1768302248803]	SpriteFrameDatabase..
[2026-01-13 20시04분08초	1768302248856]	53ms

[2026-01-13 20시04분08초	1768302248857]	SkillDatabase..
[2026-01-13 20시04분08초	1768302248860]	3ms

[2026-01-13 20시04분08초	1768302248861]	NpcDatabase..
[2026-01-13 20시04분08초	1768302248868]	7ms

[2026-01-13 20시04분08초	1768302248869]	NpcShopDatabase..
[2026-01-13 20시04분08초	1768302248929]	59ms

[2026-01-13 20시04분08초	1768302248929]	NpcTeleportDatabase..
[2026-01-13 20시04분08초	1768302248931]	2ms

[2026-01-13 20시04분09초	1768302249063]	NpcSpawnlistDatabase..
[2026-01-13 20시04분09초	1768302249116]	53ms

[2026-01-13 20시04분09초	1768302249117]	EventController..
[2026-01-13 20시04분09초	1768302249118]	0ms

[2026-01-13 20시04분09초	1768302249119]	MonsterDatabase..
[2026-01-13 20시04분09초	1768302249133]	14ms

[2026-01-13 20시04분09초	1768302249134]	MonsterDropDatabase..
[2026-01-13 20시04분09초	1768302249161]	27ms

[2026-01-13 20시04분09초	1768302249162]	MonsterSkillDatabase..
[2026-01-13 20시04분09초	1768302249182]	20ms

[2026-01-13 20시04분09초	1768302249184]	MonsterSpawnlistDatabase..
[2026-01-13 20시04분10초	1768302250133]	949ms

[2026-01-13 20시04분10초	1768302250134]	MonsterBossSpawnlistDatabase..
[2026-01-13 20시04분10초	1768302250138]	3ms

[2026-01-13 20시04분10초	1768302250139]	ServerDownBossListDatabase..
[2026-01-13 20시04분10초	1768302250140]	1ms

[2026-01-13 20시04분10초	1768302250141]	BadIpDatabase..
[2026-01-13 20시04분10초	1768302250142]	1ms

[2026-01-13 20시04분10초	1768302250142]	QuestController..
[2026-01-13 20시04분10초	1768302250144]	2ms

[2026-01-13 20시04분10초	1768302250145]	ServerOpcodesDatabase..
[2026-01-13 20시04분10초	1768302250148]	3ms

[2026-01-13 20시04분10초	1768302250149]	ServerNoticeDatabase..
[2026-01-13 20시04분10초	1768302250151]	2ms

[2026-01-13 20시04분10초	1768302250152]	RankController..
[2026-01-13 20시04분10초	1768302250174]	22ms

[2026-01-13 20시04분10초	1768302250175]	WantedController..
[2026-01-13 20시04분10초	1768302250177]	2ms

[2026-01-13 20시04분10초	1768302250177]	TeleportHomeDatabase..
[2026-01-13 20시04분10초	1768302250209]	32ms

[2026-01-13 20시04분10초	1768302250209]	TeleportResetDatabase..
[2026-01-13 20시04분10초	1768302250239]	30ms

[2026-01-13 20시04분10초	1768302250239]	ItemPinewandDatabase..
[2026-01-13 20시04분10초	1768302250241]	2ms

[2026-01-13 20시04분10초	1768302250242]	ItemMaplewandDatabase..
[2026-01-13 20시04분10초	1768302250243]	1ms

[2026-01-13 20시04분10초	1768302250244]	SummonListDatabase..
[2026-01-13 20시04분10초	1768302250245]	1ms

[2026-01-13 20시04분10초	1768302250246]	GmListDatabase..
[2026-01-13 20시04분10초	1768302250247]	1ms

[2026-01-13 20시04분10초	1768302250248]	MagicdollListDatabase..
[2026-01-13 20시04분10초	1768302250250]	2ms

[2026-01-13 20시04분10초	1768302250254]	PcMarketController..
[2026-01-13 20시04분10초	1768302250256]	2ms

[2026-01-13 20시04분10초	1768302250256]	ServerOptionDatabase..
[2026-01-13 20시04분10초	1768302250257]	1ms

[2026-01-13 20시04분10초	1768302250258]	TimeDungeonDatabase..
[2026-01-13 20시04분10초	1768302250259]	1ms

[2026-01-13 20시04분10초	1768302250259]	TeamBattleDatabase..
[2026-01-13 20시04분10초	1768302250260]	1ms

[2026-01-13 20시04분10초	1768302250261]	LifeLostItemDatabase..
[2026-01-13 20시04분10초	1768302250263]	2ms

[2026-01-13 20시04분10초	1768302250263]	GmTeleportDatabase..
[2026-01-13 20시04분10초	1768302250265]	2ms

[2026-01-13 20시04분10초	1768302250267]	무인혈맹컨트롤러..
[2026-01-13 20시04분10초	1768302250269]	2ms

[2026-01-13 20시04분10초	1768302250270]	HackNoCheckDatabase..
[2026-01-13 20시04분10초	1768302250271]	1ms

[2026-01-13 20시04분10초	1768302250272]	EnchantLostItemDatabase..
[2026-01-13 20시04분10초	1768302250299]	27ms

[2026-01-13 20시04분10초	1768302250300]	ItemDropMessageDatabase..
[2026-01-13 20시04분10초	1768302250301]	1ms

[2026-01-13 20시04분10초	1768302250303]	FishingController..
[2026-01-13 20시04분10초	1768302250566]	263ms

[2026-01-13 20시04분10초	1768302250579]	RobotController..
[2026-01-13 20시04분10초	1768302250604]	25ms

[2026-01-13 20시04분10초	1768302250606]	Server..
[2026-01-13 20시04분10초	1768302250665]	59ms

[2026-01-13 20시04분10초	1768302250666]	ServerThread..
[2026-01-13 20시04분10초	1768302250666]	0ms

[2026-01-13 20시04분10초	1768302250667]	ControllerTherad..
[2026-01-13 20시04분10초	1768302250667]	0ms

[2026-01-13 20시04분10초	1768302250667]	CharacterThread..
[2026-01-13 20시04분10초	1768302250668]	1ms

[2026-01-13 20시04분10초	1768302250668]	DatabaseThread..
[2026-01-13 20시04분10초	1768302250668]	0ms

[2026-01-13 20시04분10초	1768302250669]	CharacterControlThread..
[2026-01-13 20시04분10초	1768302250669]	0ms

[2026-01-13 20시04분10초	1768302250710]	FightController..
[2026-01-13 20시04분10초	1768302250725]	15ms

[2026-01-13 20시04분10초	1768302250725]	TimeThread..
[2026-01-13 20시04분10초	1768302250725]	0ms

[2026-01-13 20시04분10초	1768302250726]	AutoHuntThread..
[2026-01-13 20시04분10초	1768302250726]	0ms

[2026-01-13 20시04분10초	1768302250726]	======================================================================
[2026-01-13 20시04분10초	1768302250727]	Server Version  :  Lineage 2.0

[2026-01-13 20시04분10초	1768302250727]	Server Port      :  2000

[2026-01-13 20시04분10초	1768302250727]	계정 자동생성  :  on

[2026-01-13 20시04분10초	1768302250727]	인챈트 : 1.0배  ||  드랍 : 3.0배  ||  경험치 : 30.0배  ||  아데나 : 12.0배  ||  파티 : 1.1배

[2026-01-13 20시04분10초	1768302250727]	======================================================================
[2026-01-13 20시04분10초	1768302250727]	'서버' 가동되었습니다.

