[2026-01-06 17시40분15초	1767688815497]	Mysql..
[2026-01-06 17시40분15초	1767688815498]	3ms

[2026-01-06 17시40분15초	1767688815515]	lineage.conf file loading...
[2026-01-06 17시40분15초	1767688815547]	32ms

[2026-01-06 17시40분15초	1767688815555]	Lineage_Balance..
[2026-01-06 17시40분15초	1767688815563]	8ms

[2026-01-06 17시40분15초	1767688815571]	npc_promotion..
[2026-01-06 17시40분15초	1767688815572]	1ms

[2026-01-06 17시40분15초	1767688815573]	Socket..
[2026-01-06 17시40분15초	1767688815573]	0ms

[2026-01-06 17시40분15초	1767688815573]	Common..
[2026-01-06 17시40분15초	1767688815573]	0ms

[2026-01-06 17시40분15초	1767688815574]	EventThread..
[2026-01-06 17시40분15초	1767688815575]	1ms

[2026-01-06 17시40분15초	1767688815576]	AiExecuteThread..
[2026-01-06 17시40분15초	1767688815576]	0ms

[2026-01-06 17시40분15초	1767688815577]	AiThread..
[2026-01-06 17시40분15초	1767688815577]	0ms

[2026-01-06 17시40분15초	1767688815581]	World..
[2026-01-06 17시40분15초	1767688815684]	103ms

[2026-01-06 17시40분15초	1767688815686]	BookController..
[2026-01-06 17시40분15초	1767688815686]	0ms

[2026-01-06 17시40분15초	1767688815695]	InventoryController..
[2026-01-06 17시40분15초	1767688815695]	0ms

[2026-01-06 17시40분15초	1767688815695]	BasePacketPooling..
[2026-01-06 17시40분15초	1767688815696]	1ms

[2026-01-06 17시40분15초	1767688815698]	SkillController..
[2026-01-06 17시40분15초	1767688815698]	0ms

[2026-01-06 17시40분15초	1767688815705]	DamageController..
[2026-01-06 17시40분15초	1767688815705]	0ms

[2026-01-06 17시40분15초	1767688815707]	CharacterController..
[2026-01-06 17시40분15초	1767688815707]	0ms

[2026-01-06 17시40분15초	1767688815708]	TradeController..
[2026-01-06 17시40분15초	1767688815708]	0ms

[2026-01-06 17시40분15초	1767688815709]	DungeonController..
[2026-01-06 17시40분15초	1767688815709]	0ms

[2026-01-06 17시40분15초	1767688815709]	ShipController..
[2026-01-06 17시40분15초	1767688815710]	1ms

[2026-01-06 17시40분15초	1767688815710]	BuffController..
[2026-01-06 17시40분15초	1767688815710]	0ms

[2026-01-06 17시40분15초	1767688815715]	SummonController..
[2026-01-06 17시40분15초	1767688815715]	0ms

[2026-01-06 17시40분15초	1767688815717]	PartyController..
[2026-01-06 17시40분15초	1767688815717]	0ms

[2026-01-06 17시40분15초	1767688815718]	InnController..
[2026-01-06 17시40분15초	1767688815718]	0ms

[2026-01-06 17시40분15초	1767688815726]	BoardController..
[2026-01-06 17시40분15초	1767688815726]	0ms

[2026-01-06 17시40분15초	1767688815728]	LetterController..
[2026-01-06 17시40분15초	1767688815728]	0ms

[2026-01-06 17시40분15초	1767688815729]	UserShopController..
[2026-01-06 17시40분15초	1767688815729]	0ms

[2026-01-06 17시40분15초	1767688815730]	ChattingController..
[2026-01-06 17시40분15초	1767688815732]	2ms

[2026-01-06 17시40분15초	1767688815734]	ColosseumController..
[2026-01-06 17시40분15초	1767688815734]	1ms

[2026-01-06 17시40분15초	1767688815735]	CraftController..
[2026-01-06 17시40분15초	1767688815735]	0ms

[2026-01-06 17시40분15초	1767688815736]	BossController..
[2026-01-06 17시40분15초	1767688815736]	0ms

[2026-01-06 17시40분15초	1767688815737]	NoticeController..
[2026-01-06 17시40분15초	1767688815738]	1ms

[2026-01-06 17시40분15초	1767688815739]	FriendController..
[2026-01-06 17시40분15초	1767688815739]	0ms

[2026-01-06 17시40분15초	1767688815740]	BugScanningController..
[2026-01-06 17시40분15초	1767688815740]	0ms

[2026-01-06 17시40분15초	1767688815741]	MagicDollController..
[2026-01-06 17시40분15초	1767688815741]	0ms

[2026-01-06 17시40분15초	1767688815741]	ShopController..
[2026-01-06 17시40분15초	1767688815742]	1ms

[2026-01-06 17시40분15초	1767688815743]	WarehouseDatabase..
[2026-01-06 17시40분15초	1767688815743]	0ms

[2026-01-06 17시40분15초	1767688815744]	PakTools..
[2026-01-06 17시40분15초	1767688815746]	1ms

[2026-01-06 17시40분15초	1767688815746]	ScriptController...
[2026-01-06 17시40분15초	1767688815749]	3ms

[2026-01-06 17시40분15초	1767688815750]	GiranClanLordController..
[2026-01-06 17시40분15초	1767688815750]	0ms

[2026-01-06 17시40분15초	1767688815752]	TeamBattleController..
[2026-01-06 17시40분15초	1767688815752]	0ms

[2026-01-06 17시40분15초	1767688815752]	WorldClearController..
[2026-01-06 17시40분15초	1767688815752]	0ms

[2026-01-06 17시40분15초	1767688815756]	SpotController..
[2026-01-06 17시40분15초	1767688815756]	3ms

[2026-01-06 17시40분15초	1767688815757]	테베라스 컨트롤러..
[2026-01-06 17시40분15초	1767688815757]	0ms

[2026-01-06 17시40분15초	1767688815757]	지옥 컨트롤러..
[2026-01-06 17시40분15초	1767688815757]	0ms

[2026-01-06 17시40분15초	1767688815758]	지하수로 컨트롤러..
[2026-01-06 17시40분15초	1767688815758]	0ms

[2026-01-06 17시40분15초	1767688815759]	보물찾기컨트롤러..
[2026-01-06 17시40분15초	1767688815759]	0ms

[2026-01-06 17시40분15초	1767688815759]	마족신전 컨트롤러..
[2026-01-06 17시40분15초	1767688815760]	1ms

[2026-01-06 17시40분15초	1767688815760]	고무 컨트롤러..
[2026-01-06 17시40분15초	1767688815761]	정무던전 컨트롤러..
[2026-01-06 17시40분15초	1767688815765]	4ms

[2026-01-06 17시40분15초	1767688815766]	그신 컨트롤러..
[2026-01-06 17시40분15초	1767688815766]	0ms

[2026-01-06 17시40분15초	1767688815766]	라바던전 컨트롤러..
[2026-01-06 17시40분15초	1767688815767]	1ms

[2026-01-06 17시40분15초	1767688815767]	월드보스컨트롤러..
[2026-01-06 17시40분15초	1767688815767]	0ms

[2026-01-06 17시40분15초	1767688815768]	펭귄 사냥터 컨트롤러..
[2026-01-06 17시40분15초	1767688815768]	0ms

[2026-01-06 17시40분15초	1767688815769]	칠흑던전 컨트롤러..
[2026-01-06 17시40분15초	1767688815770]	악마왕의영토컨트롤러..
[2026-01-06 17시40분15초	1767688815770]	0ms

[2026-01-06 17시40분15초	1767688815770]	얼던컨트롤러..
[2026-01-06 17시40분15초	1767688815771]	1ms

[2026-01-06 17시40분15초	1767688815772]	기감 컨트롤러..
[2026-01-06 17시40분15초	1767688815772]	0ms

[2026-01-06 17시40분15초	1767688815773]	고라스컨트롤러..
[2026-01-06 17시40분15초	1767688815773]	0ms

[2026-01-06 17시40분15초	1767688815773]	드워프컨트롤러..
[2026-01-06 17시40분15초	1767688815773]	0ms

[2026-01-06 17시40분15초	1767688815774]	타임이벤트컨트롤러..
[2026-01-06 17시40분15초	1767688815774]	0ms

[2026-01-06 17시40분15초	1767688815775]	AutoHuntController..
[2026-01-06 17시40분15초	1767688815775]	0ms

[2026-01-06 17시40분15초	1767688815776]	DatabaseConnection..
[2026-01-06 17시40분16초	1767688816081]	305ms

[2026-01-06 17시40분16초	1767688816103]	ServerDatabase..
[2026-01-06 17시40분16초	1767688816138]	35ms

[2026-01-06 17시40분16초	1767688816142]	SlimeRaceController..
[2026-01-06 17시40분16초	1767688816145]	3ms

[2026-01-06 17시40분16초	1767688816147]	DogRaceController..
[2026-01-06 17시40분16초	1767688816148]	1ms

[2026-01-06 17시40분16초	1767688816151]	ClanController..
[2026-01-06 17시40분16초	1767688816158]	7ms

[2026-01-06 17시40분16초	1767688816160]	KingdomController..
[2026-01-06 17시40분16초	1767688816168]	7ms

[2026-01-06 17시40분16초	1767688816169]	AgitController..
[2026-01-06 17시40분16초	1767688816174]	5ms

[2026-01-06 17시40분16초	1767688816176]	AuctionController..
[2026-01-06 17시40분16초	1767688816182]	6ms

[2026-01-06 17시40분16초	1767688816187]	ItemDatabase..
[2026-01-06 17시40분16초	1767688816283]	96ms

[2026-01-06 17시40분16초	1767688816289]	ItemSetopionDatabase..
[2026-01-06 17시40분16초	1767688816292]	3ms

[2026-01-06 17시40분16초	1767688816294]	AutosellDatabase..
[2026-01-06 17시40분16초	1767688816324]	30ms

[2026-01-06 17시40분16초	1767688816325]	ItemSkillDatabase..
[2026-01-06 17시40분16초	1767688816328]	3ms

[2026-01-06 17시40분16초	1767688816329]	ItemBundleDatabase..
[2026-01-06 17시40분16초	1767688816332]	3ms

[2026-01-06 17시40분16초	1767688816334]	ItemChanceBundleDatabase..
[2026-01-06 17시40분16초	1767688816338]	3ms

[2026-01-06 17시40분16초	1767688816339]	FishItemListDatabase..
[2026-01-06 17시40분16초	1767688816341]	2ms

[2026-01-06 17시40분16초	1767688816342]	ItemTeleport..
[2026-01-06 17시40분16초	1767688816345]	3ms

[2026-01-06 17시40분16초	1767688816347]	PolyDatabase..
[2026-01-06 17시40분16초	1767688816350]	3ms

[2026-01-06 17시40분16초	1767688816351]	DungeonDatabase..
[2026-01-06 17시40분16초	1767688816356]	5ms

[2026-01-06 17시40분16초	1767688816357]	DefiniteDatabase..
[2026-01-06 17시40분16초	1767688816359]	2ms

[2026-01-06 17시40분16초	1767688816360]	ExpDatabase..
[2026-01-06 17시40분16초	1767688816363]	3ms

[2026-01-06 17시40분16초	1767688816363]	BackgroundDatabase..
[2026-01-06 17시40분16초	1767688816499]	136ms

[2026-01-06 17시40분16초	1767688816499]	SpriteFrameDatabase..
[2026-01-06 17시40분16초	1767688816569]	70ms

[2026-01-06 17시40분16초	1767688816570]	SkillDatabase..
[2026-01-06 17시40분16초	1767688816574]	4ms

[2026-01-06 17시40분16초	1767688816575]	NpcDatabase..
[2026-01-06 17시40분16초	1767688816584]	9ms

[2026-01-06 17시40분16초	1767688816585]	NpcShopDatabase..
[2026-01-06 17시40분16초	1767688816643]	58ms

[2026-01-06 17시40분16초	1767688816644]	NpcTeleportDatabase..
[2026-01-06 17시40분16초	1767688816646]	2ms

[2026-01-06 17시40분16초	1767688816787]	NpcSpawnlistDatabase..
[2026-01-06 17시40분16초	1767688816845]	58ms

[2026-01-06 17시40분16초	1767688816847]	EventController..
[2026-01-06 17시40분16초	1767688816848]	1ms

[2026-01-06 17시40분16초	1767688816849]	MonsterDatabase..
[2026-01-06 17시40분16초	1767688816865]	16ms

[2026-01-06 17시40분16초	1767688816867]	MonsterDropDatabase..
[2026-01-06 17시40분16초	1767688816891]	24ms

[2026-01-06 17시40분16초	1767688816892]	MonsterSkillDatabase..
[2026-01-06 17시40분16초	1767688816905]	13ms

[2026-01-06 17시40분16초	1767688816907]	MonsterSpawnlistDatabase..
[2026-01-06 17시40분18초	1767688818053]	1146ms

[2026-01-06 17시40분18초	1767688818055]	MonsterBossSpawnlistDatabase..
[2026-01-06 17시40분18초	1767688818057]	2ms

[2026-01-06 17시40분18초	1767688818058]	ServerDownBossListDatabase..
[2026-01-06 17시40분18초	1767688818059]	1ms

[2026-01-06 17시40분18초	1767688818059]	BadIpDatabase..
[2026-01-06 17시40분18초	1767688818062]	3ms

[2026-01-06 17시40분18초	1767688818062]	QuestController..
[2026-01-06 17시40분18초	1767688818064]	2ms

[2026-01-06 17시40분18초	1767688818065]	ServerOpcodesDatabase..
[2026-01-06 17시40분18초	1767688818068]	3ms

[2026-01-06 17시40분18초	1767688818069]	ServerNoticeDatabase..
[2026-01-06 17시40분18초	1767688818071]	2ms

[2026-01-06 17시40분18초	1767688818073]	RankController..
[2026-01-06 17시40분18초	1767688818097]	24ms

[2026-01-06 17시40분18초	1767688818098]	WantedController..
[2026-01-06 17시40분18초	1767688818102]	4ms

[2026-01-06 17시40분18초	1767688818102]	TeleportHomeDatabase..
[2026-01-06 17시40분18초	1767688818132]	30ms

[2026-01-06 17시40분18초	1767688818133]	TeleportResetDatabase..
[2026-01-06 17시40분18초	1767688818162]	29ms

[2026-01-06 17시40분18초	1767688818163]	ItemPinewandDatabase..
[2026-01-06 17시40분18초	1767688818165]	2ms

[2026-01-06 17시40분18초	1767688818166]	ItemMaplewandDatabase..
[2026-01-06 17시40분18초	1767688818169]	2ms

[2026-01-06 17시40분18초	1767688818169]	SummonListDatabase..
[2026-01-06 17시40분18초	1767688818172]	3ms

[2026-01-06 17시40분18초	1767688818173]	GmListDatabase..
[2026-01-06 17시40분18초	1767688818174]	1ms

[2026-01-06 17시40분18초	1767688818175]	MagicdollListDatabase..
[2026-01-06 17시40분18초	1767688818177]	2ms

[2026-01-06 17시40분18초	1767688818181]	PcMarketController..
[2026-01-06 17시40분18초	1767688818182]	1ms

[2026-01-06 17시40분18초	1767688818183]	ServerOptionDatabase..
[2026-01-06 17시40분18초	1767688818184]	1ms

[2026-01-06 17시40분18초	1767688818185]	TimeDungeonDatabase..
[2026-01-06 17시40분18초	1767688818186]	1ms

[2026-01-06 17시40분18초	1767688818186]	TeamBattleDatabase..
[2026-01-06 17시40분18초	1767688818188]	2ms

[2026-01-06 17시40분18초	1767688818188]	LifeLostItemDatabase..
[2026-01-06 17시40분18초	1767688818190]	2ms

[2026-01-06 17시40분18초	1767688818191]	GmTeleportDatabase..
[2026-01-06 17시40분18초	1767688818194]	3ms

[2026-01-06 17시40분18초	1767688818196]	무인혈맹컨트롤러..
[2026-01-06 17시40분18초	1767688818198]	2ms

[2026-01-06 17시40분18초	1767688818199]	HackNoCheckDatabase..
[2026-01-06 17시40분18초	1767688818200]	1ms

[2026-01-06 17시40분18초	1767688818201]	EnchantLostItemDatabase..
[2026-01-06 17시40분18초	1767688818217]	16ms

[2026-01-06 17시40분18초	1767688818219]	ItemDropMessageDatabase..
[2026-01-06 17시40분18초	1767688818220]	0ms

[2026-01-06 17시40분18초	1767688818222]	FishingController..
[2026-01-06 17시40분18초	1767688818363]	141ms

[2026-01-06 17시40분18초	1767688818376]	RobotController..
[2026-01-06 17시40분18초	1767688818399]	23ms

[2026-01-06 17시40분18초	1767688818401]	Server..
[2026-01-06 17시40분18초	1767688818475]	74ms

[2026-01-06 17시40분18초	1767688818476]	ServerThread..
[2026-01-06 17시40분18초	1767688818476]	0ms

[2026-01-06 17시40분18초	1767688818477]	ControllerTherad..
[2026-01-06 17시40분18초	1767688818478]	1ms

[2026-01-06 17시40분18초	1767688818478]	CharacterThread..
[2026-01-06 17시40분18초	1767688818480]	1ms

[2026-01-06 17시40분18초	1767688818481]	DatabaseThread..
[2026-01-06 17시40분18초	1767688818482]	1ms

[2026-01-06 17시40분18초	1767688818483]	CharacterControlThread..
[2026-01-06 17시40분18초	1767688818483]	0ms

[2026-01-06 17시40분18초	1767688818488]	FightController..
[2026-01-06 17시40분18초	1767688818559]	71ms

[2026-01-06 17시40분18초	1767688818560]	TimeThread..
[2026-01-06 17시40분18초	1767688818560]	0ms

[2026-01-06 17시40분18초	1767688818561]	AutoHuntThread..
[2026-01-06 17시40분18초	1767688818561]	0ms

[2026-01-06 17시40분18초	1767688818561]	======================================================================
[2026-01-06 17시40분18초	1767688818561]	Server Version  :  Lineage 2.0

[2026-01-06 17시40분18초	1767688818562]	Server Port      :  2000

[2026-01-06 17시40분18초	1767688818562]	계정 자동생성  :  on

[2026-01-06 17시40분18초	1767688818562]	인챈트 : 1.0배  ||  드랍 : 3.0배  ||  경험치 : 30.0배  ||  아데나 : 12.0배  ||  파티 : 1.1배

[2026-01-06 17시40분18초	1767688818562]	======================================================================
[2026-01-06 17시40분18초	1767688818562]	'서버' 가동되었습니다.

[2026-01-06 17시42분28초	1767688948348]	npc 테이블 리로드 - 
[2026-01-06 17시42분28초	1767688948364]	16ms

[2026-01-06 17시42분28초	1767688948364]	npc_shop 테이블 리로드 완료 - 
[2026-01-06 17시42분28초	1767688948412]	48ms

[2026-01-06 17시42분28초	1767688948534]	npc_promotion reload..
[2026-01-06 17시42분28초	1767688948535]	1ms

[2026-01-06 17시43분19초	1767688999268]	자동 저장완료 2026-01-06 17시43분19초
[2026-01-06 17시44분54초	1767689094902]	npc 테이블 리로드 - 
[2026-01-06 17시44분54초	1767689094917]	15ms

[2026-01-06 17시44분54초	1767689094917]	npc_shop 테이블 리로드 완료 - 
[2026-01-06 17시44분54초	1767689094967]	50ms

[2026-01-06 17시44분55초	1767689095072]	npc_promotion reload..
[2026-01-06 17시44분55초	1767689095073]	1ms

[2026-01-06 17시46분19초	1767689179948]	자동 저장완료 2026-01-06 17시46분19초
[2026-01-06 17시47분35초	1767689255285]	class lineage.gui.composite.ScreenRenderComposite : run()

[2026-01-06 17시47분35초	1767689255285]	java.lang.IllegalStateException: Component must have a valid peer
[2026-01-06 17시47분36초	1767689256316]	Thread close..
[2026-01-06 17시47분37초	1767689257330]	Save Database..
[2026-01-06 17시47분38초	1767689258017]	Socket close..
[2026-01-06 17시47분38초	1767689258017]	LineageServer Close...
[2026-01-06 17시47분38초	1767689258017]	0ms

[2026-01-06 17시47분38초	1767689258017]	ok..
