[2026-01-03 21시07분58초	1767442078201]	Mysql..
[2026-01-03 21시07분58초	1767442078202]	2ms

[2026-01-03 21시07분58초	1767442078219]	lineage.conf file loading...
[2026-01-03 21시07분58초	1767442078250]	31ms

[2026-01-03 21시07분58초	1767442078257]	Lineage_Balance..
[2026-01-03 21시07분58초	1767442078266]	9ms

[2026-01-03 21시07분58초	1767442078267]	npc_promotion..
[2026-01-03 21시07분58초	1767442078268]	1ms

[2026-01-03 21시07분58초	1767442078269]	Socket..
[2026-01-03 21시07분58초	1767442078269]	0ms

[2026-01-03 21시07분58초	1767442078269]	Common..
[2026-01-03 21시07분58초	1767442078270]	0ms

[2026-01-03 21시07분58초	1767442078270]	EventThread..
[2026-01-03 21시07분58초	1767442078271]	0ms

[2026-01-03 21시07분58초	1767442078272]	AiExecuteThread..
[2026-01-03 21시07분58초	1767442078272]	0ms

[2026-01-03 21시07분58초	1767442078273]	AiThread..
[2026-01-03 21시07분58초	1767442078273]	0ms

[2026-01-03 21시07분58초	1767442078281]	World..
[2026-01-03 21시07분58초	1767442078432]	151ms

[2026-01-03 21시07분58초	1767442078435]	BookController..
[2026-01-03 21시07분58초	1767442078435]	0ms

[2026-01-03 21시07분58초	1767442078435]	InventoryController..
[2026-01-03 21시07분58초	1767442078435]	0ms

[2026-01-03 21시07분58초	1767442078436]	BasePacketPooling..
[2026-01-03 21시07분58초	1767442078436]	0ms

[2026-01-03 21시07분58초	1767442078440]	SkillController..
[2026-01-03 21시07분58초	1767442078440]	1ms

[2026-01-03 21시07분58초	1767442078450]	DamageController..
[2026-01-03 21시07분58초	1767442078450]	0ms

[2026-01-03 21시07분58초	1767442078452]	CharacterController..
[2026-01-03 21시07분58초	1767442078452]	0ms

[2026-01-03 21시07분58초	1767442078453]	TradeController..
[2026-01-03 21시07분58초	1767442078453]	0ms

[2026-01-03 21시07분58초	1767442078453]	DungeonController..
[2026-01-03 21시07분58초	1767442078453]	0ms

[2026-01-03 21시07분58초	1767442078454]	ShipController..
[2026-01-03 21시07분58초	1767442078454]	0ms

[2026-01-03 21시07분58초	1767442078454]	BuffController..
[2026-01-03 21시07분58초	1767442078455]	1ms

[2026-01-03 21시07분58초	1767442078458]	SummonController..
[2026-01-03 21시07분58초	1767442078458]	0ms

[2026-01-03 21시07분58초	1767442078459]	PartyController..
[2026-01-03 21시07분58초	1767442078459]	0ms

[2026-01-03 21시07분58초	1767442078460]	InnController..
[2026-01-03 21시07분58초	1767442078460]	0ms

[2026-01-03 21시07분58초	1767442078461]	BoardController..
[2026-01-03 21시07분58초	1767442078461]	0ms

[2026-01-03 21시07분58초	1767442078462]	LetterController..
[2026-01-03 21시07분58초	1767442078463]	1ms

[2026-01-03 21시07분58초	1767442078463]	UserShopController..
[2026-01-03 21시07분58초	1767442078463]	0ms

[2026-01-03 21시07분58초	1767442078465]	ChattingController..
[2026-01-03 21시07분58초	1767442078466]	1ms

[2026-01-03 21시07분58초	1767442078468]	ColosseumController..
[2026-01-03 21시07분58초	1767442078468]	0ms

[2026-01-03 21시07분58초	1767442078469]	CraftController..
[2026-01-03 21시07분58초	1767442078469]	0ms

[2026-01-03 21시07분58초	1767442078470]	BossController..
[2026-01-03 21시07분58초	1767442078470]	0ms

[2026-01-03 21시07분58초	1767442078471]	NoticeController..
[2026-01-03 21시07분58초	1767442078471]	0ms

[2026-01-03 21시07분58초	1767442078472]	FriendController..
[2026-01-03 21시07분58초	1767442078472]	0ms

[2026-01-03 21시07분58초	1767442078473]	BugScanningController..
[2026-01-03 21시07분58초	1767442078473]	0ms

[2026-01-03 21시07분58초	1767442078474]	MagicDollController..
[2026-01-03 21시07분58초	1767442078474]	0ms

[2026-01-03 21시07분58초	1767442078482]	ShopController..
[2026-01-03 21시07분58초	1767442078482]	0ms

[2026-01-03 21시07분58초	1767442078484]	WarehouseDatabase..
[2026-01-03 21시07분58초	1767442078484]	0ms

[2026-01-03 21시07분58초	1767442078484]	PakTools..
[2026-01-03 21시07분58초	1767442078486]	2ms

[2026-01-03 21시07분58초	1767442078486]	ScriptController...
[2026-01-03 21시07분58초	1767442078490]	4ms

[2026-01-03 21시07분58초	1767442078491]	GiranClanLordController..
[2026-01-03 21시07분58초	1767442078491]	0ms

[2026-01-03 21시07분58초	1767442078492]	TeamBattleController..
[2026-01-03 21시07분58초	1767442078492]	0ms

[2026-01-03 21시07분58초	1767442078493]	WorldClearController..
[2026-01-03 21시07분58초	1767442078493]	0ms

[2026-01-03 21시07분58초	1767442078494]	SpotController..
[2026-01-03 21시07분58초	1767442078494]	0ms

[2026-01-03 21시07분58초	1767442078497]	테베라스 컨트롤러..
[2026-01-03 21시07분58초	1767442078497]	2ms

[2026-01-03 21시07분58초	1767442078506]	지옥 컨트롤러..
[2026-01-03 21시07분58초	1767442078506]	0ms

[2026-01-03 21시07분58초	1767442078507]	지하수로 컨트롤러..
[2026-01-03 21시07분58초	1767442078507]	0ms

[2026-01-03 21시07분58초	1767442078508]	보물찾기컨트롤러..
[2026-01-03 21시07분58초	1767442078508]	0ms

[2026-01-03 21시07분58초	1767442078508]	마족신전 컨트롤러..
[2026-01-03 21시07분58초	1767442078508]	0ms

[2026-01-03 21시07분58초	1767442078509]	고무 컨트롤러..
[2026-01-03 21시07분58초	1767442078510]	정무던전 컨트롤러..
[2026-01-03 21시07분58초	1767442078515]	5ms

[2026-01-03 21시07분58초	1767442078516]	그신 컨트롤러..
[2026-01-03 21시07분58초	1767442078516]	0ms

[2026-01-03 21시07분58초	1767442078517]	라바던전 컨트롤러..
[2026-01-03 21시07분58초	1767442078517]	0ms

[2026-01-03 21시07분58초	1767442078518]	월드보스컨트롤러..
[2026-01-03 21시07분58초	1767442078518]	0ms

[2026-01-03 21시07분58초	1767442078518]	펭귄 사냥터 컨트롤러..
[2026-01-03 21시07분58초	1767442078518]	0ms

[2026-01-03 21시07분58초	1767442078519]	칠흑던전 컨트롤러..
[2026-01-03 21시07분58초	1767442078520]	악마왕의영토컨트롤러..
[2026-01-03 21시07분58초	1767442078520]	0ms

[2026-01-03 21시07분58초	1767442078520]	얼던컨트롤러..
[2026-01-03 21시07분58초	1767442078521]	1ms

[2026-01-03 21시07분58초	1767442078521]	기감 컨트롤러..
[2026-01-03 21시07분58초	1767442078522]	0ms

[2026-01-03 21시07분58초	1767442078522]	고라스컨트롤러..
[2026-01-03 21시07분58초	1767442078522]	0ms

[2026-01-03 21시07분58초	1767442078523]	드워프컨트롤러..
[2026-01-03 21시07분58초	1767442078523]	0ms

[2026-01-03 21시07분58초	1767442078524]	타임이벤트컨트롤러..
[2026-01-03 21시07분58초	1767442078524]	0ms

[2026-01-03 21시07분58초	1767442078525]	AutoHuntController..
[2026-01-03 21시07분58초	1767442078525]	0ms

[2026-01-03 21시07분58초	1767442078525]	DatabaseConnection..
[2026-01-03 21시07분58초	1767442078853]	328ms

[2026-01-03 21시07분58초	1767442078869]	ServerDatabase..
[2026-01-03 21시07분58초	1767442078912]	43ms

[2026-01-03 21시07분58초	1767442078915]	SlimeRaceController..
[2026-01-03 21시07분58초	1767442078919]	4ms

[2026-01-03 21시07분58초	1767442078921]	DogRaceController..
[2026-01-03 21시07분58초	1767442078923]	2ms

[2026-01-03 21시07분58초	1767442078926]	ClanController..
[2026-01-03 21시07분58초	1767442078934]	8ms

[2026-01-03 21시07분58초	1767442078937]	KingdomController..
[2026-01-03 21시07분58초	1767442078947]	10ms

[2026-01-03 21시07분58초	1767442078949]	AgitController..
[2026-01-03 21시07분58초	1767442078956]	7ms

[2026-01-03 21시07분58초	1767442078958]	AuctionController..
[2026-01-03 21시07분58초	1767442078965]	7ms

[2026-01-03 21시07분58초	1767442078970]	ItemDatabase..
[2026-01-03 21시07분59초	1767442079086]	116ms

[2026-01-03 21시07분59초	1767442079088]	ItemSetopionDatabase..
[2026-01-03 21시07분59초	1767442079092]	4ms

[2026-01-03 21시07분59초	1767442079093]	AutosellDatabase..
[2026-01-03 21시07분59초	1767442079118]	25ms

[2026-01-03 21시07분59초	1767442079119]	ItemSkillDatabase..
[2026-01-03 21시07분59초	1767442079123]	4ms

[2026-01-03 21시07분59초	1767442079124]	ItemBundleDatabase..
[2026-01-03 21시07분59초	1767442079128]	4ms

[2026-01-03 21시07분59초	1767442079129]	ItemChanceBundleDatabase..
[2026-01-03 21시07분59초	1767442079136]	7ms

[2026-01-03 21시07분59초	1767442079137]	FishItemListDatabase..
[2026-01-03 21시07분59초	1767442079140]	3ms

[2026-01-03 21시07분59초	1767442079141]	ItemTeleport..
[2026-01-03 21시07분59초	1767442079145]	4ms

[2026-01-03 21시07분59초	1767442079146]	PolyDatabase..
[2026-01-03 21시07분59초	1767442079150]	4ms

[2026-01-03 21시07분59초	1767442079151]	DungeonDatabase..
[2026-01-03 21시07분59초	1767442079158]	7ms

[2026-01-03 21시07분59초	1767442079159]	DefiniteDatabase..
[2026-01-03 21시07분59초	1767442079163]	4ms

[2026-01-03 21시07분59초	1767442079164]	ExpDatabase..
[2026-01-03 21시07분59초	1767442079167]	3ms

[2026-01-03 21시07분59초	1767442079167]	BackgroundDatabase..
[2026-01-03 21시07분59초	1767442079283]	116ms

[2026-01-03 21시07분59초	1767442079283]	SpriteFrameDatabase..
[2026-01-03 21시07분59초	1767442079337]	54ms

[2026-01-03 21시07분59초	1767442079338]	SkillDatabase..
[2026-01-03 21시07분59초	1767442079343]	5ms

[2026-01-03 21시07분59초	1767442079344]	NpcDatabase..
[2026-01-03 21시07분59초	1767442079354]	9ms

[2026-01-03 21시07분59초	1767442079360]	NpcShopDatabase..
[2026-01-03 21시07분59초	1767442079419]	59ms

[2026-01-03 21시07분59초	1767442079419]	NpcTeleportDatabase..
[2026-01-03 21시07분59초	1767442079423]	4ms

[2026-01-03 21시07분59초	1767442079556]	NpcSpawnlistDatabase..
[2026-01-03 21시07분59초	1767442079605]	49ms

[2026-01-03 21시07분59초	1767442079606]	EventController..
[2026-01-03 21시07분59초	1767442079607]	1ms

[2026-01-03 21시07분59초	1767442079608]	MonsterDatabase..
[2026-01-03 21시07분59초	1767442079625]	17ms

[2026-01-03 21시07분59초	1767442079626]	MonsterDropDatabase..
[2026-01-03 21시07분59초	1767442079656]	29ms

[2026-01-03 21시07분59초	1767442079656]	MonsterSkillDatabase..
[2026-01-03 21시07분59초	1767442079670]	14ms

[2026-01-03 21시07분59초	1767442079672]	MonsterSpawnlistDatabase..
[2026-01-03 21시08분00초	1767442080552]	880ms

[2026-01-03 21시08분00초	1767442080553]	MonsterBossSpawnlistDatabase..
[2026-01-03 21시08분00초	1767442080560]	6ms

[2026-01-03 21시08분00초	1767442080560]	ServerDownBossListDatabase..
[2026-01-03 21시08분00초	1767442080562]	2ms

[2026-01-03 21시08분00초	1767442080563]	BadIpDatabase..
[2026-01-03 21시08분00초	1767442080566]	3ms

[2026-01-03 21시08분00초	1767442080566]	QuestController..
[2026-01-03 21시08분00초	1767442080570]	4ms

[2026-01-03 21시08분00초	1767442080571]	ServerOpcodesDatabase..
[2026-01-03 21시08분00초	1767442080576]	5ms

[2026-01-03 21시08분00초	1767442080577]	ServerNoticeDatabase..
[2026-01-03 21시08분00초	1767442080581]	3ms

[2026-01-03 21시08분00초	1767442080582]	RankController..
[2026-01-03 21시08분00초	1767442080605]	23ms

[2026-01-03 21시08분00초	1767442080614]	WantedController..
[2026-01-03 21시08분00초	1767442080617]	3ms

[2026-01-03 21시08분00초	1767442080618]	TeleportHomeDatabase..
[2026-01-03 21시08분00초	1767442080658]	40ms

[2026-01-03 21시08분00초	1767442080659]	TeleportResetDatabase..
[2026-01-03 21시08분00초	1767442080690]	31ms

[2026-01-03 21시08분00초	1767442080691]	ItemPinewandDatabase..
[2026-01-03 21시08분00초	1767442080694]	3ms

[2026-01-03 21시08분00초	1767442080694]	ItemMaplewandDatabase..
[2026-01-03 21시08분00초	1767442080697]	3ms

[2026-01-03 21시08분00초	1767442080698]	SummonListDatabase..
[2026-01-03 21시08분00초	1767442080701]	3ms

[2026-01-03 21시08분00초	1767442080702]	GmListDatabase..
[2026-01-03 21시08분00초	1767442080704]	2ms

[2026-01-03 21시08분00초	1767442080705]	MagicdollListDatabase..
[2026-01-03 21시08분00초	1767442080708]	3ms

[2026-01-03 21시08분00초	1767442080711]	PcMarketController..
[2026-01-03 21시08분00초	1767442080714]	3ms

[2026-01-03 21시08분00초	1767442080715]	ServerOptionDatabase..
[2026-01-03 21시08분00초	1767442080717]	2ms

[2026-01-03 21시08분00초	1767442080717]	TimeDungeonDatabase..
[2026-01-03 21시08분00초	1767442080719]	2ms

[2026-01-03 21시08분00초	1767442080720]	TeamBattleDatabase..
[2026-01-03 21시08분00초	1767442080723]	3ms

[2026-01-03 21시08분00초	1767442080723]	LifeLostItemDatabase..
[2026-01-03 21시08분00초	1767442080726]	3ms

[2026-01-03 21시08분00초	1767442080727]	GmTeleportDatabase..
[2026-01-03 21시08분00초	1767442080729]	2ms

[2026-01-03 21시08분00초	1767442080731]	무인혈맹컨트롤러..
[2026-01-03 21시08분00초	1767442080734]	3ms

[2026-01-03 21시08분00초	1767442080734]	HackNoCheckDatabase..
[2026-01-03 21시08분00초	1767442080736]	2ms

[2026-01-03 21시08분00초	1767442080738]	EnchantLostItemDatabase..
[2026-01-03 21시08분00초	1767442080754]	16ms

[2026-01-03 21시08분00초	1767442080755]	ItemDropMessageDatabase..
[2026-01-03 21시08분00초	1767442080758]	3ms

[2026-01-03 21시08분00초	1767442080760]	FishingController..
[2026-01-03 21시08분00초	1767442080885]	125ms

[2026-01-03 21시08분00초	1767442080893]	RobotController..
[2026-01-03 21시08분00초	1767442080923]	30ms

[2026-01-03 21시08분00초	1767442080926]	Server..
[2026-01-03 21시08분01초	1767442081004]	78ms

[2026-01-03 21시08분01초	1767442081005]	ServerThread..
[2026-01-03 21시08분01초	1767442081005]	0ms

[2026-01-03 21시08분01초	1767442081006]	ControllerTherad..
[2026-01-03 21시08분01초	1767442081006]	0ms

[2026-01-03 21시08분01초	1767442081007]	CharacterThread..
[2026-01-03 21시08분01초	1767442081007]	0ms

[2026-01-03 21시08분01초	1767442081008]	DatabaseThread..
[2026-01-03 21시08분01초	1767442081008]	0ms

[2026-01-03 21시08분01초	1767442081009]	CharacterControlThread..
[2026-01-03 21시08분01초	1767442081009]	0ms

[2026-01-03 21시08분01초	1767442081049]	FightController..
[2026-01-03 21시08분01초	1767442081062]	13ms

[2026-01-03 21시08분01초	1767442081062]	TimeThread..
[2026-01-03 21시08분01초	1767442081063]	1ms

[2026-01-03 21시08분01초	1767442081063]	AutoHuntThread..
[2026-01-03 21시08분01초	1767442081063]	0ms

[2026-01-03 21시08분01초	1767442081063]	======================================================================
[2026-01-03 21시08분01초	1767442081064]	Server Version  :  Lineage 2.0

[2026-01-03 21시08분01초	1767442081064]	Server Port      :  2000

[2026-01-03 21시08분01초	1767442081064]	계정 자동생성  :  on

[2026-01-03 21시08분01초	1767442081064]	인챈트 : 1.0배  ||  드랍 : 3.0배  ||  경험치 : 30.0배  ||  아데나 : 12.0배  ||  파티 : 1.1배

[2026-01-03 21시08분01초	1767442081064]	======================================================================
[2026-01-03 21시08분01초	1767442081064]	'서버' 가동되었습니다.

[2026-01-03 21시11분01초	1767442261678]	자동 저장완료 2026-01-03 21시11분01초
[2026-01-03 21시14분02초	1767442442483]	자동 저장완료 2026-01-03 21시14분02초
[2026-01-03 21시17분03초	1767442623413]	자동 저장완료 2026-01-03 21시17분03초
[2026-01-03 21시19분16초	1767442756122]	서버가 즉시 종료됩니다...
[2026-01-03 21시19분17초	1767442757123]	Thread close..
[2026-01-03 21시19분18초	1767442758124]	Save Database..
[2026-01-03 21시19분18초	1767442758805]	Socket close..
[2026-01-03 21시19분18초	1767442758805]	LineageServer Close...
[2026-01-03 21시19분18초	1767442758805]	0ms

[2026-01-03 21시19분18초	1767442758805]	ok..
