[2026-02-14 10시28분18초	1771032498831]	Mysql..
[2026-02-14 10시28분18초	1771032498832]	2ms

[2026-02-14 10시28분18초	1771032498852]	lineage.conf file loading...
[2026-02-14 10시28분18초	1771032498883]	30ms

[2026-02-14 10시28분18초	1771032498889]	Lineage_Balance..
[2026-02-14 10시28분18초	1771032498897]	8ms

[2026-02-14 10시28분18초	1771032498898]	npc_promotion..
[2026-02-14 10시28분18초	1771032498899]	1ms

[2026-02-14 10시28분18초	1771032498899]	Socket..
[2026-02-14 10시28분18초	1771032498900]	1ms

[2026-02-14 10시28분18초	1771032498900]	Common..
[2026-02-14 10시28분18초	1771032498900]	0ms

[2026-02-14 10시28분18초	1771032498901]	EventThread..
[2026-02-14 10시28분18초	1771032498901]	0ms

[2026-02-14 10시28분18초	1771032498902]	AiExecuteThread..
[2026-02-14 10시28분18초	1771032498902]	0ms

[2026-02-14 10시28분18초	1771032498903]	AiThread..
[2026-02-14 10시28분18초	1771032498903]	0ms

[2026-02-14 10시28분18초	1771032498914]	World..
[2026-02-14 10시28분19초	1771032499007]	93ms

[2026-02-14 10시28분19초	1771032499009]	BookController..
[2026-02-14 10시28분19초	1771032499009]	0ms

[2026-02-14 10시28분19초	1771032499010]	InventoryController..
[2026-02-14 10시28분19초	1771032499010]	0ms

[2026-02-14 10시28분19초	1771032499011]	BasePacketPooling..
[2026-02-14 10시28분19초	1771032499011]	0ms

[2026-02-14 10시28분19초	1771032499013]	SkillController..
[2026-02-14 10시28분19초	1771032499013]	0ms

[2026-02-14 10시28분19초	1771032499020]	DamageController..
[2026-02-14 10시28분19초	1771032499020]	0ms

[2026-02-14 10시28분19초	1771032499028]	CharacterController..
[2026-02-14 10시28분19초	1771032499028]	0ms

[2026-02-14 10시28분19초	1771032499029]	TradeController..
[2026-02-14 10시28분19초	1771032499030]	0ms

[2026-02-14 10시28분19초	1771032499030]	DungeonController..
[2026-02-14 10시28분19초	1771032499030]	0ms

[2026-02-14 10시28분19초	1771032499031]	ShipController..
[2026-02-14 10시28분19초	1771032499031]	0ms

[2026-02-14 10시28분19초	1771032499031]	BuffController..
[2026-02-14 10시28분19초	1771032499031]	0ms

[2026-02-14 10시28분19초	1771032499035]	SummonController..
[2026-02-14 10시28분19초	1771032499035]	0ms

[2026-02-14 10시28분19초	1771032499036]	PartyController..
[2026-02-14 10시28분19초	1771032499036]	0ms

[2026-02-14 10시28분19초	1771032499037]	InnController..
[2026-02-14 10시28분19초	1771032499037]	0ms

[2026-02-14 10시28분19초	1771032499038]	BoardController..
[2026-02-14 10시28분19초	1771032499038]	0ms

[2026-02-14 10시28분19초	1771032499040]	LetterController..
[2026-02-14 10시28분19초	1771032499040]	0ms

[2026-02-14 10시28분19초	1771032499041]	UserShopController..
[2026-02-14 10시28분19초	1771032499041]	0ms

[2026-02-14 10시28분19초	1771032499042]	ChattingController..
[2026-02-14 10시28분19초	1771032499043]	1ms

[2026-02-14 10시28분19초	1771032499045]	ColosseumController..
[2026-02-14 10시28분19초	1771032499045]	0ms

[2026-02-14 10시28분19초	1771032499046]	CraftController..
[2026-02-14 10시28분19초	1771032499046]	0ms

[2026-02-14 10시28분19초	1771032499047]	BossController..
[2026-02-14 10시28분19초	1771032499047]	0ms

[2026-02-14 10시28분19초	1771032499048]	NoticeController..
[2026-02-14 10시28분19초	1771032499048]	0ms

[2026-02-14 10시28분19초	1771032499049]	FriendController..
[2026-02-14 10시28분19초	1771032499049]	0ms

[2026-02-14 10시28분19초	1771032499049]	BugScanningController..
[2026-02-14 10시28분19초	1771032499050]	1ms

[2026-02-14 10시28분19초	1771032499051]	MagicDollController..
[2026-02-14 10시28분19초	1771032499051]	0ms

[2026-02-14 10시28분19초	1771032499051]	ShopController..
[2026-02-14 10시28분19초	1771032499052]	0ms

[2026-02-14 10시28분19초	1771032499053]	WarehouseDatabase..
[2026-02-14 10시28분19초	1771032499053]	0ms

[2026-02-14 10시28분19초	1771032499053]	PakTools..
[2026-02-14 10시28분19초	1771032499055]	2ms

[2026-02-14 10시28분19초	1771032499055]	ScriptController...
[2026-02-14 10시28분19초	1771032499065]	10ms

[2026-02-14 10시28분19초	1771032499065]	GiranClanLordController..
[2026-02-14 10시28분19초	1771032499066]	0ms

[2026-02-14 10시28분19초	1771032499067]	TeamBattleController..
[2026-02-14 10시28분19초	1771032499067]	0ms

[2026-02-14 10시28분19초	1771032499068]	WorldClearController..
[2026-02-14 10시28분19초	1771032499068]	0ms

[2026-02-14 10시28분19초	1771032499068]	SpotController..
[2026-02-14 10시28분19초	1771032499068]	0ms

[2026-02-14 10시28분19초	1771032499069]	테베라스 컨트롤러..
[2026-02-14 10시28분19초	1771032499069]	0ms

[2026-02-14 10시28분19초	1771032499070]	지옥 컨트롤러..
[2026-02-14 10시28분19초	1771032499070]	0ms

[2026-02-14 10시28분19초	1771032499070]	지하수로 컨트롤러..
[2026-02-14 10시28분19초	1771032499070]	0ms

[2026-02-14 10시28분19초	1771032499071]	보물찾기컨트롤러..
[2026-02-14 10시28분19초	1771032499071]	0ms

[2026-02-14 10시28분19초	1771032499072]	마족신전 컨트롤러..
[2026-02-14 10시28분19초	1771032499072]	0ms

[2026-02-14 10시28분19초	1771032499072]	고무 컨트롤러..
[2026-02-14 10시28분19초	1771032499073]	정무던전 컨트롤러..
[2026-02-14 10시28분19초	1771032499077]	4ms

[2026-02-14 10시28분19초	1771032499078]	그신 컨트롤러..
[2026-02-14 10시28분19초	1771032499078]	0ms

[2026-02-14 10시28분19초	1771032499078]	라바던전 컨트롤러..
[2026-02-14 10시28분19초	1771032499079]	1ms

[2026-02-14 10시28분19초	1771032499079]	월드보스컨트롤러..
[2026-02-14 10시28분19초	1771032499079]	0ms

[2026-02-14 10시28분19초	1771032499080]	펭귄 사냥터 컨트롤러..
[2026-02-14 10시28분19초	1771032499080]	0ms

[2026-02-14 10시28분19초	1771032499080]	칠흑던전 컨트롤러..
[2026-02-14 10시28분19초	1771032499081]	악마왕의영토컨트롤러..
[2026-02-14 10시28분19초	1771032499081]	0ms

[2026-02-14 10시28분19초	1771032499082]	얼던컨트롤러..
[2026-02-14 10시28분19초	1771032499082]	0ms

[2026-02-14 10시28분19초	1771032499082]	오만1층 컨트롤러..
[2026-02-14 10시28분19초	1771032499082]	0ms

[2026-02-14 10시28분19초	1771032499083]	오만1층 컨트롤러..
[2026-02-14 10시28분19초	1771032499083]	0ms

[2026-02-14 10시28분19초	1771032499083]	오만3층 컨트롤러..
[2026-02-14 10시28분19초	1771032499083]	0ms

[2026-02-14 10시28분19초	1771032499084]	오만4층 컨트롤러..
[2026-02-14 10시28분19초	1771032499084]	0ms

[2026-02-14 10시28분19초	1771032499085]	오만5층 컨트롤러..
[2026-02-14 10시28분19초	1771032499085]	0ms

[2026-02-14 10시28분19초	1771032499085]	오만6층 컨트롤러..
[2026-02-14 10시28분19초	1771032499085]	0ms

[2026-02-14 10시28분19초	1771032499086]	오만7층 컨트롤러..
[2026-02-14 10시28분19초	1771032499086]	0ms

[2026-02-14 10시28분19초	1771032499087]	오만8층 컨트롤러..
[2026-02-14 10시28분19초	1771032499087]	0ms

[2026-02-14 10시28분19초	1771032499087]	오만9층 컨트롤러..
[2026-02-14 10시28분19초	1771032499087]	0ms

[2026-02-14 10시28분19초	1771032499088]	오만10층 컨트롤러..
[2026-02-14 10시28분19초	1771032499088]	0ms

[2026-02-14 10시28분19초	1771032499089]	오만정상 컨트롤러..
[2026-02-14 10시28분19초	1771032499089]	0ms

[2026-02-14 10시28분19초	1771032499089]	기감 컨트롤러..
[2026-02-14 10시28분19초	1771032499089]	0ms

[2026-02-14 10시28분19초	1771032499090]	고라스컨트롤러..
[2026-02-14 10시28분19초	1771032499090]	0ms

[2026-02-14 10시28분19초	1771032499091]	드워프컨트롤러..
[2026-02-14 10시28분19초	1771032499091]	0ms

[2026-02-14 10시28분19초	1771032499091]	타임이벤트컨트롤러..
[2026-02-14 10시28분19초	1771032499092]	1ms

[2026-02-14 10시28분19초	1771032499092]	AutoHuntController..
[2026-02-14 10시28분19초	1771032499092]	0ms

[2026-02-14 10시28분19초	1771032499106]	DatabaseConnection..
[2026-02-14 10시28분19초	1771032499403]	297ms

[2026-02-14 10시28분19초	1771032499418]	ServerDatabase..
[2026-02-14 10시28분19초	1771032499448]	30ms

[2026-02-14 10시28분19초	1771032499451]	SlimeRaceController..
[2026-02-14 10시28분19초	1771032499460]	9ms

[2026-02-14 10시28분19초	1771032499462]	DogRaceController..
[2026-02-14 10시28분19초	1771032499463]	1ms

[2026-02-14 10시28분19초	1771032499466]	ClanController..
[2026-02-14 10시28분19초	1771032499472]	5ms

[2026-02-14 10시28분19초	1771032499474]	KingdomController..
[2026-02-14 10시28분19초	1771032499481]	7ms

[2026-02-14 10시28분19초	1771032499482]	AgitController..
[2026-02-14 10시28분19초	1771032499486]	4ms

[2026-02-14 10시28분19초	1771032499487]	AuctionController..
[2026-02-14 10시28분19초	1771032499491]	4ms

[2026-02-14 10시28분19초	1771032499496]	ItemDatabase..
[2026-02-14 10시28분19초	1771032499590]	94ms

[2026-02-14 10시28분19초	1771032499591]	ItemSetopionDatabase..
[2026-02-14 10시28분19초	1771032499593]	2ms

[2026-02-14 10시28분19초	1771032499595]	AutosellDatabase..
[2026-02-14 10시28분19초	1771032499615]	20ms

[2026-02-14 10시28분19초	1771032499616]	ItemSkillDatabase..
[2026-02-14 10시28분19초	1771032499618]	2ms

[2026-02-14 10시28분19초	1771032499619]	ItemBundleDatabase..
[2026-02-14 10시28분19초	1771032499621]	2ms

[2026-02-14 10시28분19초	1771032499622]	ItemChanceBundleDatabase..
[2026-02-14 10시28분19초	1771032499625]	3ms

[2026-02-14 10시28분19초	1771032499626]	FishItemListDatabase..
[2026-02-14 10시28분19초	1771032499628]	2ms

[2026-02-14 10시28분19초	1771032499629]	ItemTeleport..
[2026-02-14 10시28분19초	1771032499631]	2ms

[2026-02-14 10시28분19초	1771032499634]	PolyDatabase..
[2026-02-14 10시28분19초	1771032499637]	3ms

[2026-02-14 10시28분19초	1771032499642]	DungeonDatabase..
[2026-02-14 10시28분19초	1771032499648]	6ms

[2026-02-14 10시28분19초	1771032499649]	DefiniteDatabase..
[2026-02-14 10시28분19초	1771032499651]	2ms

[2026-02-14 10시28분19초	1771032499652]	ExpDatabase..
[2026-02-14 10시28분19초	1771032499654]	2ms

[2026-02-14 10시28분19초	1771032499654]	BackgroundDatabase..
[2026-02-14 10시28분19초	1771032499799]	145ms

[2026-02-14 10시28분19초	1771032499799]	SpriteFrameDatabase..
[2026-02-14 10시28분19초	1771032499877]	78ms

[2026-02-14 10시28분19초	1771032499878]	SkillDatabase..
[2026-02-14 10시28분19초	1771032499880]	2ms

[2026-02-14 10시28분19초	1771032499881]	NpcDatabase..
[2026-02-14 10시28분19초	1771032499888]	7ms

[2026-02-14 10시28분19초	1771032499889]	NpcShopDatabase..
[2026-02-14 10시28분19초	1771032499949]	60ms

[2026-02-14 10시28분19초	1771032499950]	NpcTeleportDatabase..
[2026-02-14 10시28분19초	1771032499952]	2ms

[2026-02-14 10시28분20초	1771032500092]	NpcSpawnlistDatabase..
[2026-02-14 10시28분20초	1771032500150]	58ms

[2026-02-14 10시28분20초	1771032500152]	EventController..
[2026-02-14 10시28분20초	1771032500152]	0ms

[2026-02-14 10시28분20초	1771032500153]	MonsterDatabase..
[2026-02-14 10시28분20초	1771032500176]	23ms

[2026-02-14 10시28분20초	1771032500177]	MonsterDropDatabase..
[2026-02-14 10시28분20초	1771032500202]	25ms

[2026-02-14 10시28분20초	1771032500203]	MonsterSkillDatabase..
[2026-02-14 10시28분20초	1771032500217]	14ms

[2026-02-14 10시28분20초	1771032500219]	MonsterSpawnlistDatabase..
[2026-02-14 10시28분21초	1771032501241]	1022ms

[2026-02-14 10시28분21초	1771032501242]	MonsterBossSpawnlistDatabase..
[2026-02-14 10시28분21초	1771032501244]	2ms

[2026-02-14 10시28분21초	1771032501245]	ServerDownBossListDatabase..
[2026-02-14 10시28분21초	1771032501246]	1ms

[2026-02-14 10시28분21초	1771032501247]	BadIpDatabase..
[2026-02-14 10시28분21초	1771032501249]	2ms

[2026-02-14 10시28분21초	1771032501249]	QuestController..
[2026-02-14 10시28분21초	1771032501250]	1ms

[2026-02-14 10시28분21초	1771032501250]	ServerOpcodesDatabase..
[2026-02-14 10시28분21초	1771032501254]	4ms

[2026-02-14 10시28분21초	1771032501255]	ServerNoticeDatabase..
[2026-02-14 10시28분21초	1771032501256]	1ms

[2026-02-14 10시28분21초	1771032501258]	RankController..
[2026-02-14 10시28분21초	1771032501281]	23ms

[2026-02-14 10시28분21초	1771032501283]	WantedController..
[2026-02-14 10시28분21초	1771032501287]	4ms

[2026-02-14 10시28분21초	1771032501288]	TeleportHomeDatabase..
[2026-02-14 10시28분21초	1771032501320]	32ms

[2026-02-14 10시28분21초	1771032501321]	TeleportResetDatabase..
[2026-02-14 10시28분21초	1771032501350]	29ms

[2026-02-14 10시28분21초	1771032501351]	ItemPinewandDatabase..
[2026-02-14 10시28분21초	1771032501352]	1ms

[2026-02-14 10시28분21초	1771032501353]	ItemMaplewandDatabase..
[2026-02-14 10시28분21초	1771032501354]	1ms

[2026-02-14 10시28분21초	1771032501355]	SummonListDatabase..
[2026-02-14 10시28분21초	1771032501357]	2ms

[2026-02-14 10시28분21초	1771032501358]	GmListDatabase..
[2026-02-14 10시28분21초	1771032501358]	1ms

[2026-02-14 10시28분21초	1771032501360]	MagicdollListDatabase..
[2026-02-14 10시28분21초	1771032501362]	2ms

[2026-02-14 10시28분21초	1771032501366]	PcMarketController..
[2026-02-14 10시28분21초	1771032501367]	1ms

[2026-02-14 10시28분21초	1771032501368]	ServerOptionDatabase..
[2026-02-14 10시28분21초	1771032501369]	1ms

[2026-02-14 10시28분21초	1771032501369]	TimeDungeonDatabase..
[2026-02-14 10시28분21초	1771032501370]	1ms

[2026-02-14 10시28분21초	1771032501371]	TeamBattleDatabase..
[2026-02-14 10시28분21초	1771032501372]	1ms

[2026-02-14 10시28분21초	1771032501373]	LifeLostItemDatabase..
[2026-02-14 10시28분21초	1771032501374]	1ms

[2026-02-14 10시28분21초	1771032501375]	GmTeleportDatabase..
[2026-02-14 10시28분21초	1771032501376]	1ms

[2026-02-14 10시28분21초	1771032501378]	무인혈맹컨트롤러..
[2026-02-14 10시28분21초	1771032501380]	2ms

[2026-02-14 10시28분21초	1771032501381]	HackNoCheckDatabase..
[2026-02-14 10시28분21초	1771032501382]	1ms

[2026-02-14 10시28분21초	1771032501383]	EnchantLostItemDatabase..
[2026-02-14 10시28분21초	1771032501404]	21ms

[2026-02-14 10시28분21초	1771032501405]	ItemDropMessageDatabase..
[2026-02-14 10시28분21초	1771032501406]	1ms

[2026-02-14 10시28분21초	1771032501408]	FishingController..
[2026-02-14 10시28분21초	1771032501702]	294ms

[2026-02-14 10시28분21초	1771032501716]	RobotController..
[2026-02-14 10시28분21초	1771032501740]	24ms

[2026-02-14 10시28분21초	1771032501742]	Server..
[2026-02-14 10시28분21초	1771032501806]	64ms

[2026-02-14 10시28분21초	1771032501807]	ServerThread..
[2026-02-14 10시28분21초	1771032501808]	1ms

[2026-02-14 10시28분21초	1771032501809]	ControllerTherad..
[2026-02-14 10시28분21초	1771032501809]	0ms

[2026-02-14 10시28분21초	1771032501810]	CharacterThread..
[2026-02-14 10시28분21초	1771032501810]	0ms

[2026-02-14 10시28분21초	1771032501812]	DatabaseThread..
[2026-02-14 10시28분21초	1771032501813]	1ms

[2026-02-14 10시28분21초	1771032501814]	CharacterControlThread..
[2026-02-14 10시28분21초	1771032501814]	0ms

[2026-02-14 10시28분21초	1771032501858]	FightController..
[2026-02-14 10시28분21초	1771032501874]	16ms

[2026-02-14 10시28분21초	1771032501875]	TimeThread..
[2026-02-14 10시28분21초	1771032501875]	0ms

[2026-02-14 10시28분21초	1771032501876]	AutoHuntThread..
[2026-02-14 10시28분21초	1771032501876]	0ms

[2026-02-14 10시28분21초	1771032501876]	======================================================================
[2026-02-14 10시28분21초	1771032501877]	Server Version  :  Lineage 2.0

[2026-02-14 10시28분21초	1771032501877]	Server Port      :  2000

[2026-02-14 10시28분21초	1771032501877]	계정 자동생성  :  on

[2026-02-14 10시28분21초	1771032501877]	인챈트 : 1.0배  ||  드랍 : 3.0배  ||  경험치 : 30.0배  ||  아데나 : 12.0배  ||  파티 : 1.1배

[2026-02-14 10시28분21초	1771032501877]	======================================================================
[2026-02-14 10시28분21초	1771032501877]	'서버' 가동되었습니다.

[2026-02-14 10시31분16초	1771032676789]	서버가 즉시 종료됩니다...
[2026-02-14 10시31분17초	1771032677790]	Thread close..
[2026-02-14 10시31분18초	1771032678790]	Save Database..
[2026-02-14 10시31분19초	1771032679764]	Socket close..
[2026-02-14 10시31분19초	1771032679764]	LineageServer Close...
[2026-02-14 10시31분19초	1771032679764]	0ms

[2026-02-14 10시31분19초	1771032679764]	ok..
