[2026-03-17 12시42분53초	1773718973798]	Mysql..
[2026-03-17 12시42분53초	1773718973799]	3ms

[2026-03-17 12시42분53초	1773718973819]	lineage.conf file loading...
[2026-03-17 12시42분53초	1773718973855]	36ms

[2026-03-17 12시42분53초	1773718973860]	Lineage_Balance..
[2026-03-17 12시42분53초	1773718973869]	8ms

[2026-03-17 12시42분53초	1773718973869]	npc_promotion..
[2026-03-17 12시42분53초	1773718973870]	1ms

[2026-03-17 12시42분53초	1773718973879]	Socket..
[2026-03-17 12시42분53초	1773718973880]	1ms

[2026-03-17 12시42분53초	1773718973880]	Common..
[2026-03-17 12시42분53초	1773718973880]	0ms

[2026-03-17 12시42분53초	1773718973881]	EventThread..
[2026-03-17 12시42분53초	1773718973881]	0ms

[2026-03-17 12시42분53초	1773718973882]	AiExecuteThread..
[2026-03-17 12시42분53초	1773718973882]	0ms

[2026-03-17 12시42분53초	1773718973883]	AiThread..
[2026-03-17 12시42분53초	1773718973883]	0ms

[2026-03-17 12시42분53초	1773718973887]	World..
[2026-03-17 12시42분53초	1773718973982]	95ms

[2026-03-17 12시42분53초	1773718973984]	BookController..
[2026-03-17 12시42분53초	1773718973984]	0ms

[2026-03-17 12시42분53초	1773718973985]	InventoryController..
[2026-03-17 12시42분53초	1773718973985]	0ms

[2026-03-17 12시42분53초	1773718973986]	BasePacketPooling..
[2026-03-17 12시42분53초	1773718973986]	0ms

[2026-03-17 12시42분53초	1773718973990]	SkillController..
[2026-03-17 12시42분53초	1773718973990]	0ms

[2026-03-17 12시42분53초	1773718973999]	DamageController..
[2026-03-17 12시42분53초	1773718973999]	0ms

[2026-03-17 12시42분54초	1773718974001]	CharacterController..
[2026-03-17 12시42분54초	1773718974001]	0ms

[2026-03-17 12시42분54초	1773718974002]	TradeController..
[2026-03-17 12시42분54초	1773718974002]	0ms

[2026-03-17 12시42분54초	1773718974003]	DungeonController..
[2026-03-17 12시42분54초	1773718974003]	0ms

[2026-03-17 12시42분54초	1773718974004]	ShipController..
[2026-03-17 12시42분54초	1773718974004]	0ms

[2026-03-17 12시42분54초	1773718974005]	BuffController..
[2026-03-17 12시42분54초	1773718974005]	0ms

[2026-03-17 12시42분54초	1773718974009]	SummonController..
[2026-03-17 12시42분54초	1773718974009]	0ms

[2026-03-17 12시42분54초	1773718974010]	PartyController..
[2026-03-17 12시42분54초	1773718974010]	0ms

[2026-03-17 12시42분54초	1773718974011]	InnController..
[2026-03-17 12시42분54초	1773718974011]	0ms

[2026-03-17 12시42분54초	1773718974012]	BoardController..
[2026-03-17 12시42분54초	1773718974013]	1ms

[2026-03-17 12시42분54초	1773718974014]	LetterController..
[2026-03-17 12시42분54초	1773718974015]	1ms

[2026-03-17 12시42분54초	1773718974015]	UserShopController..
[2026-03-17 12시42분54초	1773718974015]	0ms

[2026-03-17 12시42분54초	1773718974017]	ChattingController..
[2026-03-17 12시42분54초	1773718974018]	1ms

[2026-03-17 12시42분54초	1773718974020]	ColosseumController..
[2026-03-17 12시42분54초	1773718974020]	0ms

[2026-03-17 12시42분54초	1773718974021]	CraftController..
[2026-03-17 12시42분54초	1773718974021]	0ms

[2026-03-17 12시42분54초	1773718974022]	BossController..
[2026-03-17 12시42분54초	1773718974022]	0ms

[2026-03-17 12시42분54초	1773718974023]	NoticeController..
[2026-03-17 12시42분54초	1773718974024]	1ms

[2026-03-17 12시42분54초	1773718974025]	FriendController..
[2026-03-17 12시42분54초	1773718974025]	0ms

[2026-03-17 12시42분54초	1773718974025]	BugScanningController..
[2026-03-17 12시42분54초	1773718974025]	0ms

[2026-03-17 12시42분54초	1773718974026]	MagicDollController..
[2026-03-17 12시42분54초	1773718974027]	1ms

[2026-03-17 12시42분54초	1773718974027]	ShopController..
[2026-03-17 12시42분54초	1773718974027]	0ms

[2026-03-17 12시42분54초	1773718974031]	WarehouseDatabase..
[2026-03-17 12시42분54초	1773718974031]	0ms

[2026-03-17 12시42분54초	1773718974032]	PakTools..
[2026-03-17 12시42분54초	1773718974034]	2ms

[2026-03-17 12시42분54초	1773718974035]	ScriptController...
[2026-03-17 12시42분54초	1773718974046]	11ms

[2026-03-17 12시42분54초	1773718974047]	GiranClanLordController..
[2026-03-17 12시42분54초	1773718974047]	0ms

[2026-03-17 12시42분54초	1773718974048]	TeamBattleController..
[2026-03-17 12시42분54초	1773718974048]	0ms

[2026-03-17 12시42분54초	1773718974049]	WorldClearController..
[2026-03-17 12시42분54초	1773718974049]	0ms

[2026-03-17 12시42분54초	1773718974050]	SpotController..
[2026-03-17 12시42분54초	1773718974050]	0ms

[2026-03-17 12시42분54초	1773718974051]	테베라스 컨트롤러..
[2026-03-17 12시42분54초	1773718974054]	3ms

[2026-03-17 12시42분54초	1773718974055]	지옥 컨트롤러..
[2026-03-17 12시42분54초	1773718974055]	0ms

[2026-03-17 12시42분54초	1773718974056]	지하수로 컨트롤러..
[2026-03-17 12시42분54초	1773718974056]	0ms

[2026-03-17 12시42분54초	1773718974056]	보물찾기컨트롤러..
[2026-03-17 12시42분54초	1773718974057]	1ms

[2026-03-17 12시42분54초	1773718974057]	마족신전 컨트롤러..
[2026-03-17 12시42분54초	1773718974057]	0ms

[2026-03-17 12시42분54초	1773718974059]	고무 컨트롤러..
[2026-03-17 12시42분54초	1773718974059]	정무던전 컨트롤러..
[2026-03-17 12시42분54초	1773718974064]	5ms

[2026-03-17 12시42분54초	1773718974065]	그신 컨트롤러..
[2026-03-17 12시42분54초	1773718974065]	0ms

[2026-03-17 12시42분54초	1773718974066]	라바던전 컨트롤러..
[2026-03-17 12시42분54초	1773718974066]	0ms

[2026-03-17 12시42분54초	1773718974066]	월드보스컨트롤러..
[2026-03-17 12시42분54초	1773718974067]	1ms

[2026-03-17 12시42분54초	1773718974067]	펭귄 사냥터 컨트롤러..
[2026-03-17 12시42분54초	1773718974067]	0ms

[2026-03-17 12시42분54초	1773718974068]	칠흑던전 컨트롤러..
[2026-03-17 12시42분54초	1773718974069]	칠흑던전3층 컨트롤러..
[2026-03-17 12시42분54초	1773718974069]	0ms

[2026-03-17 12시42분54초	1773718974070]	칠흑던전4층 컨트롤러..
[2026-03-17 12시42분54초	1773718974070]	0ms

[2026-03-17 12시42분54초	1773718974071]	악마왕의영토컨트롤러..
[2026-03-17 12시42분54초	1773718974071]	0ms

[2026-03-17 12시42분54초	1773718974072]	얼던컨트롤러..
[2026-03-17 12시42분54초	1773718974072]	0ms

[2026-03-17 12시42분54초	1773718974080]	오만1층 컨트롤러..
[2026-03-17 12시42분54초	1773718974080]	0ms

[2026-03-17 12시42분54초	1773718974081]	오만1층 컨트롤러..
[2026-03-17 12시42분54초	1773718974081]	0ms

[2026-03-17 12시42분54초	1773718974082]	오만3층 컨트롤러..
[2026-03-17 12시42분54초	1773718974082]	0ms

[2026-03-17 12시42분54초	1773718974083]	오만4층 컨트롤러..
[2026-03-17 12시42분54초	1773718974083]	0ms

[2026-03-17 12시42분54초	1773718974084]	오만5층 컨트롤러..
[2026-03-17 12시42분54초	1773718974084]	0ms

[2026-03-17 12시42분54초	1773718974085]	오만6층 컨트롤러..
[2026-03-17 12시42분54초	1773718974085]	0ms

[2026-03-17 12시42분54초	1773718974086]	오만7층 컨트롤러..
[2026-03-17 12시42분54초	1773718974086]	0ms

[2026-03-17 12시42분54초	1773718974087]	오만8층 컨트롤러..
[2026-03-17 12시42분54초	1773718974087]	0ms

[2026-03-17 12시42분54초	1773718974087]	오만9층 컨트롤러..
[2026-03-17 12시42분54초	1773718974088]	1ms

[2026-03-17 12시42분54초	1773718974089]	오만10층 컨트롤러..
[2026-03-17 12시42분54초	1773718974089]	0ms

[2026-03-17 12시42분54초	1773718974090]	오만정상 컨트롤러..
[2026-03-17 12시42분54초	1773718974090]	0ms

[2026-03-17 12시42분54초	1773718974091]	기감 컨트롤러..
[2026-03-17 12시42분54초	1773718974091]	0ms

[2026-03-17 12시42분54초	1773718974092]	고라스컨트롤러..
[2026-03-17 12시42분54초	1773718974092]	0ms

[2026-03-17 12시42분54초	1773718974092]	드워프컨트롤러..
[2026-03-17 12시42분54초	1773718974092]	0ms

[2026-03-17 12시42분54초	1773718974093]	타임이벤트컨트롤러..
[2026-03-17 12시42분54초	1773718974093]	0ms

[2026-03-17 12시42분54초	1773718974094]	AutoHuntController..
[2026-03-17 12시42분54초	1773718974094]	0ms

[2026-03-17 12시42분54초	1773718974116]	DatabaseConnection..
[2026-03-17 12시42분54초	1773718974470]	354ms

[2026-03-17 12시42분54초	1773718974491]	ServerDatabase..
[2026-03-17 12시42분54초	1773718974530]	39ms

[2026-03-17 12시42분54초	1773718974534]	SlimeRaceController..
[2026-03-17 12시42분54초	1773718974539]	5ms

[2026-03-17 12시42분54초	1773718974541]	DogRaceController..
[2026-03-17 12시42분54초	1773718974543]	2ms

[2026-03-17 12시42분54초	1773718974551]	ClanController..
[2026-03-17 12시42분54초	1773718974562]	11ms

[2026-03-17 12시42분54초	1773718974565]	KingdomController..
[2026-03-17 12시42분54초	1773718974578]	13ms

[2026-03-17 12시42분54초	1773718974579]	AgitController..
[2026-03-17 12시42분54초	1773718974589]	10ms

[2026-03-17 12시42분54초	1773718974590]	AuctionController..
[2026-03-17 12시42분54초	1773718974599]	9ms

[2026-03-17 12시42분54초	1773718974604]	ItemDatabase..
[2026-03-17 12시42분54초	1773718974719]	115ms

[2026-03-17 12시42분54초	1773718974721]	ItemSetopionDatabase..
[2026-03-17 12시42분54초	1773718974726]	5ms

[2026-03-17 12시42분54초	1773718974727]	AutosellDatabase..
[2026-03-17 12시42분54초	1773718974760]	33ms

[2026-03-17 12시42분54초	1773718974761]	ItemSkillDatabase..
[2026-03-17 12시42분54초	1773718974770]	9ms

[2026-03-17 12시42분54초	1773718974771]	ItemBundleDatabase..
[2026-03-17 12시42분54초	1773718974778]	7ms

[2026-03-17 12시42분54초	1773718974780]	ItemChanceBundleDatabase..
[2026-03-17 12시42분54초	1773718974787]	7ms

[2026-03-17 12시42분54초	1773718974788]	FishItemListDatabase..
[2026-03-17 12시42분54초	1773718974791]	3ms

[2026-03-17 12시42분54초	1773718974793]	ItemTeleport..
[2026-03-17 12시42분54초	1773718974797]	4ms

[2026-03-17 12시42분54초	1773718974799]	PolyDatabase..
[2026-03-17 12시42분54초	1773718974810]	11ms

[2026-03-17 12시42분54초	1773718974811]	DungeonDatabase..
[2026-03-17 12시42분54초	1773718974817]	6ms

[2026-03-17 12시42분54초	1773718974818]	DefiniteDatabase..
[2026-03-17 12시42분54초	1773718974823]	5ms

[2026-03-17 12시42분54초	1773718974824]	ExpDatabase..
[2026-03-17 12시42분54초	1773718974828]	4ms

[2026-03-17 12시42분54초	1773718974829]	BackgroundDatabase..
[2026-03-17 12시42분54초	1773718974981]	152ms

[2026-03-17 12시42분54초	1773718974981]	SpriteFrameDatabase..
[2026-03-17 12시42분55초	1773718975063]	82ms

[2026-03-17 12시42분55초	1773718975065]	SkillDatabase..
[2026-03-17 12시42분55초	1773718975071]	6ms

[2026-03-17 12시42분55초	1773718975072]	NpcDatabase..
[2026-03-17 12시42분55초	1773718975083]	11ms

[2026-03-17 12시42분55초	1773718975084]	NpcShopDatabase..
[2026-03-17 12시42분55초	1773718975155]	71ms

[2026-03-17 12시42분55초	1773718975156]	NpcTeleportDatabase..
[2026-03-17 12시42분55초	1773718975161]	5ms

[2026-03-17 12시42분55초	1773718975347]	NpcSpawnlistDatabase..
[2026-03-17 12시42분55초	1773718975416]	69ms

[2026-03-17 12시42분55초	1773718975418]	EventController..
[2026-03-17 12시42분55초	1773718975418]	0ms

[2026-03-17 12시42분55초	1773718975419]	MonsterDatabase..
[2026-03-17 12시42분55초	1773718975439]	20ms

[2026-03-17 12시42분55초	1773718975440]	MonsterDropDatabase..
[2026-03-17 12시42분55초	1773718975472]	32ms

[2026-03-17 12시42분55초	1773718975473]	MonsterSkillDatabase..
[2026-03-17 12시42분55초	1773718975491]	18ms

[2026-03-17 12시42분55초	1773718975493]	MonsterSpawnlistDatabase..
[2026-03-17 12시42분56초	1773718976897]	1404ms

[2026-03-17 12시42분56초	1773718976899]	MonsterBossSpawnlistDatabase..
[2026-03-17 12시42분56초	1773718976903]	4ms

[2026-03-17 12시42분56초	1773718976904]	ServerDownBossListDatabase..
[2026-03-17 12시42분56초	1773718976906]	1ms

[2026-03-17 12시42분56초	1773718976906]	BadIpDatabase..
[2026-03-17 12시42분56초	1773718976911]	5ms

[2026-03-17 12시42분56초	1773718976911]	QuestController..
[2026-03-17 12시42분56초	1773718976913]	2ms

[2026-03-17 12시42분56초	1773718976914]	ServerOpcodesDatabase..
[2026-03-17 12시42분56초	1773718976921]	7ms

[2026-03-17 12시42분56초	1773718976922]	ServerNoticeDatabase..
[2026-03-17 12시42분56초	1773718976925]	3ms

[2026-03-17 12시42분56초	1773718976927]	RankController..
[2026-03-17 12시42분56초	1773718976960]	33ms

[2026-03-17 12시42분56초	1773718976962]	WantedController..
[2026-03-17 12시42분56초	1773718976968]	6ms

[2026-03-17 12시42분56초	1773718976969]	TeleportHomeDatabase..
[2026-03-17 12시42분57초	1773718977004]	35ms

[2026-03-17 12시42분57초	1773718977005]	TeleportResetDatabase..
[2026-03-17 12시42분57초	1773718977036]	31ms

[2026-03-17 12시42분57초	1773718977037]	ItemPinewandDatabase..
[2026-03-17 12시42분57초	1773718977041]	4ms

[2026-03-17 12시42분57초	1773718977041]	ItemMaplewandDatabase..
[2026-03-17 12시42분57초	1773718977045]	4ms

[2026-03-17 12시42분57초	1773718977046]	SummonListDatabase..
[2026-03-17 12시42분57초	1773718977049]	3ms

[2026-03-17 12시42분57초	1773718977050]	GmListDatabase..
[2026-03-17 12시42분57초	1773718977052]	2ms

[2026-03-17 12시42분57초	1773718977053]	MagicdollListDatabase..
[2026-03-17 12시42분57초	1773718977056]	3ms

[2026-03-17 12시42분57초	1773718977060]	PcMarketController..
[2026-03-17 12시42분57초	1773718977062]	2ms

[2026-03-17 12시42분57초	1773718977063]	ServerOptionDatabase..
[2026-03-17 12시42분57초	1773718977064]	1ms

[2026-03-17 12시42분57초	1773718977065]	TimeDungeonDatabase..
[2026-03-17 12시42분57초	1773718977068]	3ms

[2026-03-17 12시42분57초	1773718977069]	TeamBattleDatabase..
[2026-03-17 12시42분57초	1773718977070]	1ms

[2026-03-17 12시42분57초	1773718977071]	LifeLostItemDatabase..
[2026-03-17 12시42분57초	1773718977074]	3ms

[2026-03-17 12시42분57초	1773718977075]	GmTeleportDatabase..
[2026-03-17 12시42분57초	1773718977077]	1ms

[2026-03-17 12시42분57초	1773718977078]	무인혈맹컨트롤러..
[2026-03-17 12시42분57초	1773718977080]	2ms

[2026-03-17 12시42분57초	1773718977081]	HackNoCheckDatabase..
[2026-03-17 12시42분57초	1773718977082]	1ms

[2026-03-17 12시42분57초	1773718977083]	EnchantLostItemDatabase..
[2026-03-17 12시42분57초	1773718977096]	13ms

[2026-03-17 12시42분57초	1773718977097]	ItemDropMessageDatabase..
[2026-03-17 12시42분57초	1773718977099]	2ms

[2026-03-17 12시42분57초	1773718977101]	FishingController..
[2026-03-17 12시42분57초	1773718977232]	131ms

[2026-03-17 12시42분57초	1773718977248]	RobotController..
[2026-03-17 12시42분57초	1773718977274]	26ms

[2026-03-17 12시42분57초	1773718977276]	Server..
[2026-03-17 12시42분57초	1773718977350]	74ms

[2026-03-17 12시42분57초	1773718977350]	ServerThread..
[2026-03-17 12시42분57초	1773718977351]	1ms

[2026-03-17 12시42분57초	1773718977352]	ControllerTherad..
[2026-03-17 12시42분57초	1773718977352]	0ms

[2026-03-17 12시42분57초	1773718977353]	CharacterThread..
[2026-03-17 12시42분57초	1773718977353]	0ms

[2026-03-17 12시42분57초	1773718977354]	DatabaseThread..
[2026-03-17 12시42분57초	1773718977354]	0ms

[2026-03-17 12시42분57초	1773718977355]	CharacterControlThread..
[2026-03-17 12시42분57초	1773718977355]	0ms

[2026-03-17 12시42분57초	1773718977359]	FightController..
[2026-03-17 12시42분57초	1773718977412]	53ms

[2026-03-17 12시42분57초	1773718977413]	TimeThread..
[2026-03-17 12시42분57초	1773718977413]	0ms

[2026-03-17 12시42분57초	1773718977414]	AutoHuntThread..
[2026-03-17 12시42분57초	1773718977414]	0ms

[2026-03-17 12시42분57초	1773718977414]	======================================================================
[2026-03-17 12시42분57초	1773718977415]	Server Version  :  Lineage 2.0

[2026-03-17 12시42분57초	1773718977415]	Server Port      :  2000

[2026-03-17 12시42분57초	1773718977415]	계정 자동생성  :  on

[2026-03-17 12시42분57초	1773718977415]	인챈트 : 1.0배  ||  드랍 : 7.0배  ||  경험치 : 50.0배  ||  아데나 : 40.0배  ||  파티 : 1.1배

[2026-03-17 12시42분57초	1773718977415]	======================================================================
[2026-03-17 12시42분57초	1773718977415]	'서버' 가동되었습니다.

