[2026-01-07 15시21분05초	1767766865842]	Mysql..
[2026-01-07 15시21분05초	1767766865843]	2ms

[2026-01-07 15시21분05초	1767766865860]	lineage.conf file loading...
[2026-01-07 15시21분05초	1767766865889]	29ms

[2026-01-07 15시21분05초	1767766865893]	Lineage_Balance..
[2026-01-07 15시21분05초	1767766865901]	8ms

[2026-01-07 15시21분05초	1767766865909]	npc_promotion..
[2026-01-07 15시21분05초	1767766865910]	1ms

[2026-01-07 15시21분05초	1767766865911]	Socket..
[2026-01-07 15시21분05초	1767766865911]	0ms

[2026-01-07 15시21분05초	1767766865911]	Common..
[2026-01-07 15시21분05초	1767766865911]	0ms

[2026-01-07 15시21분05초	1767766865912]	EventThread..
[2026-01-07 15시21분05초	1767766865912]	0ms

[2026-01-07 15시21분05초	1767766865913]	AiExecuteThread..
[2026-01-07 15시21분05초	1767766865913]	0ms

[2026-01-07 15시21분05초	1767766865914]	AiThread..
[2026-01-07 15시21분05초	1767766865914]	0ms

[2026-01-07 15시21분05초	1767766865917]	World..
[2026-01-07 15시21분06초	1767766866009]	92ms

[2026-01-07 15시21분06초	1767766866010]	BookController..
[2026-01-07 15시21분06초	1767766866011]	1ms

[2026-01-07 15시21분06초	1767766866011]	InventoryController..
[2026-01-07 15시21분06초	1767766866011]	0ms

[2026-01-07 15시21분06초	1767766866012]	BasePacketPooling..
[2026-01-07 15시21분06초	1767766866012]	0ms

[2026-01-07 15시21분06초	1767766866014]	SkillController..
[2026-01-07 15시21분06초	1767766866014]	0ms

[2026-01-07 15시21분06초	1767766866020]	DamageController..
[2026-01-07 15시21분06초	1767766866021]	1ms

[2026-01-07 15시21분06초	1767766866022]	CharacterController..
[2026-01-07 15시21분06초	1767766866023]	1ms

[2026-01-07 15시21분06초	1767766866023]	TradeController..
[2026-01-07 15시21분06초	1767766866023]	0ms

[2026-01-07 15시21분06초	1767766866024]	DungeonController..
[2026-01-07 15시21분06초	1767766866024]	0ms

[2026-01-07 15시21분06초	1767766866024]	ShipController..
[2026-01-07 15시21분06초	1767766866025]	0ms

[2026-01-07 15시21분06초	1767766866025]	BuffController..
[2026-01-07 15시21분06초	1767766866025]	0ms

[2026-01-07 15시21분06초	1767766866029]	SummonController..
[2026-01-07 15시21분06초	1767766866029]	0ms

[2026-01-07 15시21분06초	1767766866030]	PartyController..
[2026-01-07 15시21분06초	1767766866030]	0ms

[2026-01-07 15시21분06초	1767766866031]	InnController..
[2026-01-07 15시21분06초	1767766866031]	0ms

[2026-01-07 15시21분06초	1767766866032]	BoardController..
[2026-01-07 15시21분06초	1767766866032]	0ms

[2026-01-07 15시21분06초	1767766866034]	LetterController..
[2026-01-07 15시21분06초	1767766866034]	0ms

[2026-01-07 15시21분06초	1767766866035]	UserShopController..
[2026-01-07 15시21분06초	1767766866035]	0ms

[2026-01-07 15시21분06초	1767766866036]	ChattingController..
[2026-01-07 15시21분06초	1767766866045]	9ms

[2026-01-07 15시21분06초	1767766866054]	ColosseumController..
[2026-01-07 15시21분06초	1767766866054]	0ms

[2026-01-07 15시21분06초	1767766866055]	CraftController..
[2026-01-07 15시21분06초	1767766866055]	0ms

[2026-01-07 15시21분06초	1767766866063]	BossController..
[2026-01-07 15시21분06초	1767766866064]	1ms

[2026-01-07 15시21분06초	1767766866065]	NoticeController..
[2026-01-07 15시21분06초	1767766866065]	0ms

[2026-01-07 15시21분06초	1767766866066]	FriendController..
[2026-01-07 15시21분06초	1767766866066]	0ms

[2026-01-07 15시21분06초	1767766866066]	BugScanningController..
[2026-01-07 15시21분06초	1767766866066]	0ms

[2026-01-07 15시21분06초	1767766866067]	MagicDollController..
[2026-01-07 15시21분06초	1767766866067]	0ms

[2026-01-07 15시21분06초	1767766866068]	ShopController..
[2026-01-07 15시21분06초	1767766866068]	0ms

[2026-01-07 15시21분06초	1767766866069]	WarehouseDatabase..
[2026-01-07 15시21분06초	1767766866069]	0ms

[2026-01-07 15시21분06초	1767766866070]	PakTools..
[2026-01-07 15시21분06초	1767766866071]	1ms

[2026-01-07 15시21분06초	1767766866072]	ScriptController...
[2026-01-07 15시21분06초	1767766866074]	2ms

[2026-01-07 15시21분06초	1767766866075]	GiranClanLordController..
[2026-01-07 15시21분06초	1767766866075]	0ms

[2026-01-07 15시21분06초	1767766866076]	TeamBattleController..
[2026-01-07 15시21분06초	1767766866076]	0ms

[2026-01-07 15시21분06초	1767766866077]	WorldClearController..
[2026-01-07 15시21분06초	1767766866077]	0ms

[2026-01-07 15시21분06초	1767766866077]	SpotController..
[2026-01-07 15시21분06초	1767766866080]	3ms

[2026-01-07 15시21분06초	1767766866081]	테베라스 컨트롤러..
[2026-01-07 15시21분06초	1767766866081]	0ms

[2026-01-07 15시21분06초	1767766866082]	지옥 컨트롤러..
[2026-01-07 15시21분06초	1767766866082]	0ms

[2026-01-07 15시21분06초	1767766866082]	지하수로 컨트롤러..
[2026-01-07 15시21분06초	1767766866082]	0ms

[2026-01-07 15시21분06초	1767766866083]	보물찾기컨트롤러..
[2026-01-07 15시21분06초	1767766866083]	0ms

[2026-01-07 15시21분06초	1767766866084]	마족신전 컨트롤러..
[2026-01-07 15시21분06초	1767766866084]	0ms

[2026-01-07 15시21분06초	1767766866084]	고무 컨트롤러..
[2026-01-07 15시21분06초	1767766866085]	정무던전 컨트롤러..
[2026-01-07 15시21분06초	1767766866089]	4ms

[2026-01-07 15시21분06초	1767766866090]	그신 컨트롤러..
[2026-01-07 15시21분06초	1767766866090]	0ms

[2026-01-07 15시21분06초	1767766866091]	라바던전 컨트롤러..
[2026-01-07 15시21분06초	1767766866091]	0ms

[2026-01-07 15시21분06초	1767766866091]	월드보스컨트롤러..
[2026-01-07 15시21분06초	1767766866091]	0ms

[2026-01-07 15시21분06초	1767766866092]	펭귄 사냥터 컨트롤러..
[2026-01-07 15시21분06초	1767766866092]	0ms

[2026-01-07 15시21분06초	1767766866093]	칠흑던전 컨트롤러..
[2026-01-07 15시21분06초	1767766866093]	악마왕의영토컨트롤러..
[2026-01-07 15시21분06초	1767766866093]	0ms

[2026-01-07 15시21분06초	1767766866094]	얼던컨트롤러..
[2026-01-07 15시21분06초	1767766866094]	0ms

[2026-01-07 15시21분06초	1767766866095]	기감 컨트롤러..
[2026-01-07 15시21분06초	1767766866095]	0ms

[2026-01-07 15시21분06초	1767766866095]	고라스컨트롤러..
[2026-01-07 15시21분06초	1767766866096]	0ms

[2026-01-07 15시21분06초	1767766866096]	드워프컨트롤러..
[2026-01-07 15시21분06초	1767766866096]	0ms

[2026-01-07 15시21분06초	1767766866097]	타임이벤트컨트롤러..
[2026-01-07 15시21분06초	1767766866097]	0ms

[2026-01-07 15시21분06초	1767766866097]	AutoHuntController..
[2026-01-07 15시21분06초	1767766866097]	0ms

[2026-01-07 15시21분06초	1767766866098]	DatabaseConnection..
[2026-01-07 15시21분06초	1767766866411]	313ms

[2026-01-07 15시21분06초	1767766866431]	ServerDatabase..
[2026-01-07 15시21분06초	1767766866461]	30ms

[2026-01-07 15시21분06초	1767766866463]	SlimeRaceController..
[2026-01-07 15시21분06초	1767766866465]	2ms

[2026-01-07 15시21분06초	1767766866466]	DogRaceController..
[2026-01-07 15시21분06초	1767766866468]	2ms

[2026-01-07 15시21분06초	1767766866470]	ClanController..
[2026-01-07 15시21분06초	1767766866476]	6ms

[2026-01-07 15시21분06초	1767766866478]	KingdomController..
[2026-01-07 15시21분06초	1767766866484]	6ms

[2026-01-07 15시21분06초	1767766866485]	AgitController..
[2026-01-07 15시21분06초	1767766866489]	4ms

[2026-01-07 15시21분06초	1767766866490]	AuctionController..
[2026-01-07 15시21분06초	1767766866495]	5ms

[2026-01-07 15시21분06초	1767766866499]	ItemDatabase..
[2026-01-07 15시21분06초	1767766866585]	86ms

[2026-01-07 15시21분06초	1767766866586]	ItemSetopionDatabase..
[2026-01-07 15시21분06초	1767766866588]	2ms

[2026-01-07 15시21분06초	1767766866589]	AutosellDatabase..
[2026-01-07 15시21분06초	1767766866608]	19ms

[2026-01-07 15시21분06초	1767766866608]	ItemSkillDatabase..
[2026-01-07 15시21분06초	1767766866610]	2ms

[2026-01-07 15시21분06초	1767766866611]	ItemBundleDatabase..
[2026-01-07 15시21분06초	1767766866613]	2ms

[2026-01-07 15시21분06초	1767766866614]	ItemChanceBundleDatabase..
[2026-01-07 15시21분06초	1767766866617]	3ms

[2026-01-07 15시21분06초	1767766866618]	FishItemListDatabase..
[2026-01-07 15시21분06초	1767766866619]	1ms

[2026-01-07 15시21분06초	1767766866620]	ItemTeleport..
[2026-01-07 15시21분06초	1767766866622]	2ms

[2026-01-07 15시21분06초	1767766866623]	PolyDatabase..
[2026-01-07 15시21분06초	1767766866625]	2ms

[2026-01-07 15시21분06초	1767766866626]	DungeonDatabase..
[2026-01-07 15시21분06초	1767766866629]	3ms

[2026-01-07 15시21분06초	1767766866630]	DefiniteDatabase..
[2026-01-07 15시21분06초	1767766866632]	1ms

[2026-01-07 15시21분06초	1767766866632]	ExpDatabase..
[2026-01-07 15시21분06초	1767766866634]	2ms

[2026-01-07 15시21분06초	1767766866634]	BackgroundDatabase..
[2026-01-07 15시21분06초	1767766866752]	118ms

[2026-01-07 15시21분06초	1767766866752]	SpriteFrameDatabase..
[2026-01-07 15시21분06초	1767766866822]	70ms

[2026-01-07 15시21분06초	1767766866823]	SkillDatabase..
[2026-01-07 15시21분06초	1767766866826]	3ms

[2026-01-07 15시21분06초	1767766866827]	NpcDatabase..
[2026-01-07 15시21분06초	1767766866834]	7ms

[2026-01-07 15시21분06초	1767766866835]	NpcShopDatabase..
[2026-01-07 15시21분06초	1767766866899]	64ms

[2026-01-07 15시21분06초	1767766866899]	NpcTeleportDatabase..
[2026-01-07 15시21분06초	1767766866901]	2ms

[2026-01-07 15시21분07초	1767766867040]	NpcSpawnlistDatabase..
[2026-01-07 15시21분07초	1767766867094]	54ms

[2026-01-07 15시21분07초	1767766867095]	EventController..
[2026-01-07 15시21분07초	1767766867096]	1ms

[2026-01-07 15시21분07초	1767766867097]	MonsterDatabase..
[2026-01-07 15시21분07초	1767766867111]	14ms

[2026-01-07 15시21분07초	1767766867112]	MonsterDropDatabase..
[2026-01-07 15시21분07초	1767766867135]	23ms

[2026-01-07 15시21분07초	1767766867136]	MonsterSkillDatabase..
[2026-01-07 15시21분07초	1767766867157]	21ms

[2026-01-07 15시21분07초	1767766867159]	MonsterSpawnlistDatabase..
[2026-01-07 15시21분08초	1767766868134]	975ms

[2026-01-07 15시21분08초	1767766868136]	MonsterBossSpawnlistDatabase..
[2026-01-07 15시21분08초	1767766868137]	1ms

[2026-01-07 15시21분08초	1767766868138]	ServerDownBossListDatabase..
[2026-01-07 15시21분08초	1767766868139]	1ms

[2026-01-07 15시21분08초	1767766868139]	BadIpDatabase..
[2026-01-07 15시21분08초	1767766868141]	2ms

[2026-01-07 15시21분08초	1767766868141]	QuestController..
[2026-01-07 15시21분08초	1767766868142]	1ms

[2026-01-07 15시21분08초	1767766868142]	ServerOpcodesDatabase..
[2026-01-07 15시21분08초	1767766868145]	3ms

[2026-01-07 15시21분08초	1767766868146]	ServerNoticeDatabase..
[2026-01-07 15시21분08초	1767766868147]	1ms

[2026-01-07 15시21분08초	1767766868148]	RankController..
[2026-01-07 15시21분08초	1767766868167]	19ms

[2026-01-07 15시21분08초	1767766868169]	WantedController..
[2026-01-07 15시21분08초	1767766868170]	1ms

[2026-01-07 15시21분08초	1767766868171]	TeleportHomeDatabase..
[2026-01-07 15시21분08초	1767766868201]	30ms

[2026-01-07 15시21분08초	1767766868202]	TeleportResetDatabase..
[2026-01-07 15시21분08초	1767766868230]	28ms

[2026-01-07 15시21분08초	1767766868231]	ItemPinewandDatabase..
[2026-01-07 15시21분08초	1767766868232]	1ms

[2026-01-07 15시21분08초	1767766868232]	ItemMaplewandDatabase..
[2026-01-07 15시21분08초	1767766868234]	2ms

[2026-01-07 15시21분08초	1767766868235]	SummonListDatabase..
[2026-01-07 15시21분08초	1767766868236]	1ms

[2026-01-07 15시21분08초	1767766868237]	GmListDatabase..
[2026-01-07 15시21분08초	1767766868237]	0ms

[2026-01-07 15시21분08초	1767766868239]	MagicdollListDatabase..
[2026-01-07 15시21분08초	1767766868240]	1ms

[2026-01-07 15시21분08초	1767766868244]	PcMarketController..
[2026-01-07 15시21분08초	1767766868244]	0ms

[2026-01-07 15시21분08초	1767766868245]	ServerOptionDatabase..
[2026-01-07 15시21분08초	1767766868245]	0ms

[2026-01-07 15시21분08초	1767766868246]	TimeDungeonDatabase..
[2026-01-07 15시21분08초	1767766868247]	1ms

[2026-01-07 15시21분08초	1767766868247]	TeamBattleDatabase..
[2026-01-07 15시21분08초	1767766868248]	1ms

[2026-01-07 15시21분08초	1767766868249]	LifeLostItemDatabase..
[2026-01-07 15시21분08초	1767766868250]	1ms

[2026-01-07 15시21분08초	1767766868251]	GmTeleportDatabase..
[2026-01-07 15시21분08초	1767766868252]	1ms

[2026-01-07 15시21분08초	1767766868254]	무인혈맹컨트롤러..
[2026-01-07 15시21분08초	1767766868255]	1ms

[2026-01-07 15시21분08초	1767766868256]	HackNoCheckDatabase..
[2026-01-07 15시21분08초	1767766868256]	0ms

[2026-01-07 15시21분08초	1767766868257]	EnchantLostItemDatabase..
[2026-01-07 15시21분08초	1767766868271]	14ms

[2026-01-07 15시21분08초	1767766868272]	ItemDropMessageDatabase..
[2026-01-07 15시21분08초	1767766868273]	1ms

[2026-01-07 15시21분08초	1767766868275]	FishingController..
[2026-01-07 15시21분08초	1767766868387]	112ms

[2026-01-07 15시21분08초	1767766868396]	RobotController..
[2026-01-07 15시21분08초	1767766868419]	23ms

[2026-01-07 15시21분08초	1767766868424]	Server..
[2026-01-07 15시21분08초	1767766868494]	70ms

[2026-01-07 15시21분08초	1767766868495]	ServerThread..
[2026-01-07 15시21분08초	1767766868495]	0ms

[2026-01-07 15시21분08초	1767766868496]	ControllerTherad..
[2026-01-07 15시21분08초	1767766868496]	0ms

[2026-01-07 15시21분08초	1767766868497]	CharacterThread..
[2026-01-07 15시21분08초	1767766868497]	0ms

[2026-01-07 15시21분08초	1767766868498]	DatabaseThread..
[2026-01-07 15시21분08초	1767766868498]	0ms

[2026-01-07 15시21분08초	1767766868499]	CharacterControlThread..
[2026-01-07 15시21분08초	1767766868499]	0ms

[2026-01-07 15시21분08초	1767766868542]	FightController..
[2026-01-07 15시21분08초	1767766868555]	13ms

[2026-01-07 15시21분08초	1767766868556]	TimeThread..
[2026-01-07 15시21분08초	1767766868556]	0ms

[2026-01-07 15시21분08초	1767766868557]	AutoHuntThread..
[2026-01-07 15시21분08초	1767766868557]	0ms

[2026-01-07 15시21분08초	1767766868557]	======================================================================
[2026-01-07 15시21분08초	1767766868559]	Server Version  :  Lineage 2.0

[2026-01-07 15시21분08초	1767766868559]	Server Port      :  2000

[2026-01-07 15시21분08초	1767766868559]	계정 자동생성  :  on

[2026-01-07 15시21분08초	1767766868559]	인챈트 : 1.0배  ||  드랍 : 3.0배  ||  경험치 : 30.0배  ||  아데나 : 12.0배  ||  파티 : 1.1배

[2026-01-07 15시21분08초	1767766868559]	======================================================================
[2026-01-07 15시21분08초	1767766868559]	'서버' 가동되었습니다.

[2026-01-07 15시21분19초	1767766879238]	서버가 즉시 종료됩니다...
[2026-01-07 15시21분20초	1767766880240]	Thread close..
[2026-01-07 15시21분21초	1767766881240]	Save Database..
[2026-01-07 15시21분21초	1767766881957]	Socket close..
[2026-01-07 15시21분21초	1767766881957]	LineageServer Close...
[2026-01-07 15시21분21초	1767766881957]	0ms

[2026-01-07 15시21분21초	1767766881957]	ok..
