[2026-03-11 08시36분46초	1773185806003]	Mysql..
[2026-03-11 08시36분46초	1773185806003]	1ms

[2026-03-11 08시36분46초	1773185806022]	lineage.conf file loading...
[2026-03-11 08시36분46초	1773185806053]	31ms

[2026-03-11 08시36분46초	1773185806057]	Lineage_Balance..
[2026-03-11 08시36분46초	1773185806065]	8ms

[2026-03-11 08시36분46초	1773185806067]	npc_promotion..
[2026-03-11 08시36분46초	1773185806067]	0ms

[2026-03-11 08시36분46초	1773185806068]	Socket..
[2026-03-11 08시36분46초	1773185806068]	0ms

[2026-03-11 08시36분46초	1773185806069]	Common..
[2026-03-11 08시36분46초	1773185806069]	0ms

[2026-03-11 08시36분46초	1773185806077]	EventThread..
[2026-03-11 08시36분46초	1773185806077]	0ms

[2026-03-11 08시36분46초	1773185806078]	AiExecuteThread..
[2026-03-11 08시36분46초	1773185806079]	1ms

[2026-03-11 08시36분46초	1773185806080]	AiThread..
[2026-03-11 08시36분46초	1773185806080]	0ms

[2026-03-11 08시36분46초	1773185806092]	World..
[2026-03-11 08시36분46초	1773185806188]	96ms

[2026-03-11 08시36분46초	1773185806189]	BookController..
[2026-03-11 08시36분46초	1773185806189]	0ms

[2026-03-11 08시36분46초	1773185806190]	InventoryController..
[2026-03-11 08시36분46초	1773185806190]	0ms

[2026-03-11 08시36분46초	1773185806191]	BasePacketPooling..
[2026-03-11 08시36분46초	1773185806191]	0ms

[2026-03-11 08시36분46초	1773185806193]	SkillController..
[2026-03-11 08시36분46초	1773185806193]	0ms

[2026-03-11 08시36분46초	1773185806206]	DamageController..
[2026-03-11 08시36분46초	1773185806207]	1ms

[2026-03-11 08시36분46초	1773185806208]	CharacterController..
[2026-03-11 08시36분46초	1773185806209]	1ms

[2026-03-11 08시36분46초	1773185806209]	TradeController..
[2026-03-11 08시36분46초	1773185806209]	0ms

[2026-03-11 08시36분46초	1773185806210]	DungeonController..
[2026-03-11 08시36분46초	1773185806210]	0ms

[2026-03-11 08시36분46초	1773185806211]	ShipController..
[2026-03-11 08시36분46초	1773185806211]	0ms

[2026-03-11 08시36분46초	1773185806211]	BuffController..
[2026-03-11 08시36분46초	1773185806211]	0ms

[2026-03-11 08시36분46초	1773185806215]	SummonController..
[2026-03-11 08시36분46초	1773185806215]	0ms

[2026-03-11 08시36분46초	1773185806216]	PartyController..
[2026-03-11 08시36분46초	1773185806216]	0ms

[2026-03-11 08시36분46초	1773185806217]	InnController..
[2026-03-11 08시36분46초	1773185806217]	0ms

[2026-03-11 08시36분46초	1773185806218]	BoardController..
[2026-03-11 08시36분46초	1773185806218]	0ms

[2026-03-11 08시36분46초	1773185806220]	LetterController..
[2026-03-11 08시36분46초	1773185806220]	0ms

[2026-03-11 08시36분46초	1773185806221]	UserShopController..
[2026-03-11 08시36분46초	1773185806221]	0ms

[2026-03-11 08시36분46초	1773185806222]	ChattingController..
[2026-03-11 08시36분46초	1773185806223]	1ms

[2026-03-11 08시36분46초	1773185806225]	ColosseumController..
[2026-03-11 08시36분46초	1773185806225]	0ms

[2026-03-11 08시36분46초	1773185806226]	CraftController..
[2026-03-11 08시36분46초	1773185806226]	0ms

[2026-03-11 08시36분46초	1773185806227]	BossController..
[2026-03-11 08시36분46초	1773185806227]	0ms

[2026-03-11 08시36분46초	1773185806228]	NoticeController..
[2026-03-11 08시36분46초	1773185806228]	0ms

[2026-03-11 08시36분46초	1773185806229]	FriendController..
[2026-03-11 08시36분46초	1773185806229]	0ms

[2026-03-11 08시36분46초	1773185806229]	BugScanningController..
[2026-03-11 08시36분46초	1773185806229]	0ms

[2026-03-11 08시36분46초	1773185806231]	MagicDollController..
[2026-03-11 08시36분46초	1773185806231]	0ms

[2026-03-11 08시36분46초	1773185806231]	ShopController..
[2026-03-11 08시36분46초	1773185806231]	0ms

[2026-03-11 08시36분46초	1773185806232]	WarehouseDatabase..
[2026-03-11 08시36분46초	1773185806232]	0ms

[2026-03-11 08시36분46초	1773185806240]	PakTools..
[2026-03-11 08시36분46초	1773185806242]	2ms

[2026-03-11 08시36분46초	1773185806243]	ScriptController...
[2026-03-11 08시36분46초	1773185806245]	2ms

[2026-03-11 08시36분46초	1773185806246]	GiranClanLordController..
[2026-03-11 08시36분46초	1773185806246]	0ms

[2026-03-11 08시36분46초	1773185806247]	TeamBattleController..
[2026-03-11 08시36분46초	1773185806248]	1ms

[2026-03-11 08시36분46초	1773185806248]	WorldClearController..
[2026-03-11 08시36분46초	1773185806248]	0ms

[2026-03-11 08시36분46초	1773185806249]	SpotController..
[2026-03-11 08시36분46초	1773185806249]	0ms

[2026-03-11 08시36분46초	1773185806250]	테베라스 컨트롤러..
[2026-03-11 08시36분46초	1773185806250]	0ms

[2026-03-11 08시36분46초	1773185806250]	지옥 컨트롤러..
[2026-03-11 08시36분46초	1773185806251]	1ms

[2026-03-11 08시36분46초	1773185806251]	지하수로 컨트롤러..
[2026-03-11 08시36분46초	1773185806251]	0ms

[2026-03-11 08시36분46초	1773185806252]	보물찾기컨트롤러..
[2026-03-11 08시36분46초	1773185806252]	0ms

[2026-03-11 08시36분46초	1773185806253]	마족신전 컨트롤러..
[2026-03-11 08시36분46초	1773185806253]	0ms

[2026-03-11 08시36분46초	1773185806253]	고무 컨트롤러..
[2026-03-11 08시36분46초	1773185806254]	정무던전 컨트롤러..
[2026-03-11 08시36분46초	1773185806258]	4ms

[2026-03-11 08시36분46초	1773185806259]	그신 컨트롤러..
[2026-03-11 08시36분46초	1773185806259]	1ms

[2026-03-11 08시36분46초	1773185806259]	라바던전 컨트롤러..
[2026-03-11 08시36분46초	1773185806259]	0ms

[2026-03-11 08시36분46초	1773185806260]	월드보스컨트롤러..
[2026-03-11 08시36분46초	1773185806260]	0ms

[2026-03-11 08시36분46초	1773185806260]	펭귄 사냥터 컨트롤러..
[2026-03-11 08시36분46초	1773185806261]	1ms

[2026-03-11 08시36분46초	1773185806261]	칠흑던전 컨트롤러..
[2026-03-11 08시36분46초	1773185806262]	칠흑던전3층 컨트롤러..
[2026-03-11 08시36분46초	1773185806262]	0ms

[2026-03-11 08시36분46초	1773185806262]	칠흑던전4층 컨트롤러..
[2026-03-11 08시36분46초	1773185806263]	1ms

[2026-03-11 08시36분46초	1773185806263]	악마왕의영토컨트롤러..
[2026-03-11 08시36분46초	1773185806263]	0ms

[2026-03-11 08시36분46초	1773185806264]	얼던컨트롤러..
[2026-03-11 08시36분46초	1773185806264]	0ms

[2026-03-11 08시36분46초	1773185806265]	오만1층 컨트롤러..
[2026-03-11 08시36분46초	1773185806265]	0ms

[2026-03-11 08시36분46초	1773185806265]	오만1층 컨트롤러..
[2026-03-11 08시36분46초	1773185806265]	0ms

[2026-03-11 08시36분46초	1773185806266]	오만3층 컨트롤러..
[2026-03-11 08시36분46초	1773185806266]	0ms

[2026-03-11 08시36분46초	1773185806267]	오만4층 컨트롤러..
[2026-03-11 08시36분46초	1773185806267]	0ms

[2026-03-11 08시36분46초	1773185806268]	오만5층 컨트롤러..
[2026-03-11 08시36분46초	1773185806268]	0ms

[2026-03-11 08시36분46초	1773185806269]	오만6층 컨트롤러..
[2026-03-11 08시36분46초	1773185806269]	0ms

[2026-03-11 08시36분46초	1773185806269]	오만7층 컨트롤러..
[2026-03-11 08시36분46초	1773185806269]	0ms

[2026-03-11 08시36분46초	1773185806270]	오만8층 컨트롤러..
[2026-03-11 08시36분46초	1773185806270]	0ms

[2026-03-11 08시36분46초	1773185806271]	오만9층 컨트롤러..
[2026-03-11 08시36분46초	1773185806271]	0ms

[2026-03-11 08시36분46초	1773185806271]	오만10층 컨트롤러..
[2026-03-11 08시36분46초	1773185806271]	0ms

[2026-03-11 08시36분46초	1773185806272]	오만정상 컨트롤러..
[2026-03-11 08시36분46초	1773185806272]	0ms

[2026-03-11 08시36분46초	1773185806273]	기감 컨트롤러..
[2026-03-11 08시36분46초	1773185806273]	0ms

[2026-03-11 08시36분46초	1773185806274]	고라스컨트롤러..
[2026-03-11 08시36분46초	1773185806274]	0ms

[2026-03-11 08시36분46초	1773185806275]	드워프컨트롤러..
[2026-03-11 08시36분46초	1773185806275]	0ms

[2026-03-11 08시36분46초	1773185806275]	타임이벤트컨트롤러..
[2026-03-11 08시36분46초	1773185806275]	0ms

[2026-03-11 08시36분46초	1773185806276]	AutoHuntController..
[2026-03-11 08시36분46초	1773185806276]	0ms

[2026-03-11 08시36분46초	1773185806310]	DatabaseConnection..
[2026-03-11 08시36분46초	1773185806624]	314ms

[2026-03-11 08시36분46초	1773185806645]	ServerDatabase..
[2026-03-11 08시36분46초	1773185806684]	39ms

[2026-03-11 08시36분46초	1773185806687]	SlimeRaceController..
[2026-03-11 08시36분46초	1773185806690]	3ms

[2026-03-11 08시36분46초	1773185806692]	DogRaceController..
[2026-03-11 08시36분46초	1773185806693]	1ms

[2026-03-11 08시36분46초	1773185806696]	ClanController..
[2026-03-11 08시36분46초	1773185806701]	5ms

[2026-03-11 08시36분46초	1773185806704]	KingdomController..
[2026-03-11 08시36분46초	1773185806710]	6ms

[2026-03-11 08시36분46초	1773185806711]	AgitController..
[2026-03-11 08시36분46초	1773185806717]	6ms

[2026-03-11 08시36분46초	1773185806718]	AuctionController..
[2026-03-11 08시36분46초	1773185806724]	6ms

[2026-03-11 08시36분46초	1773185806729]	ItemDatabase..
[2026-03-11 08시36분46초	1773185806830]	101ms

[2026-03-11 08시36분46초	1773185806851]	ItemSetopionDatabase..
[2026-03-11 08시36분46초	1773185806854]	3ms

[2026-03-11 08시36분46초	1773185806855]	AutosellDatabase..
[2026-03-11 08시36분46초	1773185806887]	32ms

[2026-03-11 08시36분46초	1773185806888]	ItemSkillDatabase..
[2026-03-11 08시36분46초	1773185806891]	3ms

[2026-03-11 08시36분46초	1773185806891]	ItemBundleDatabase..
[2026-03-11 08시36분46초	1773185806895]	4ms

[2026-03-11 08시36분46초	1773185806896]	ItemChanceBundleDatabase..
[2026-03-11 08시36분46초	1773185806900]	3ms

[2026-03-11 08시36분46초	1773185806900]	FishItemListDatabase..
[2026-03-11 08시36분46초	1773185806902]	2ms

[2026-03-11 08시36분46초	1773185806903]	ItemTeleport..
[2026-03-11 08시36분46초	1773185806907]	4ms

[2026-03-11 08시36분46초	1773185806908]	PolyDatabase..
[2026-03-11 08시36분46초	1773185806911]	3ms

[2026-03-11 08시36분46초	1773185806912]	DungeonDatabase..
[2026-03-11 08시36분46초	1773185806917]	5ms

[2026-03-11 08시36분46초	1773185806918]	DefiniteDatabase..
[2026-03-11 08시36분46초	1773185806921]	3ms

[2026-03-11 08시36분46초	1773185806922]	ExpDatabase..
[2026-03-11 08시36분46초	1773185806924]	2ms

[2026-03-11 08시36분46초	1773185806924]	BackgroundDatabase..
[2026-03-11 08시36분47초	1773185807101]	176ms

[2026-03-11 08시36분47초	1773185807101]	SpriteFrameDatabase..
[2026-03-11 08시36분47초	1773185807157]	56ms

[2026-03-11 08시36분47초	1773185807158]	SkillDatabase..
[2026-03-11 08시36분47초	1773185807162]	4ms

[2026-03-11 08시36분47초	1773185807163]	NpcDatabase..
[2026-03-11 08시36분47초	1773185807172]	8ms

[2026-03-11 08시36분47초	1773185807173]	NpcShopDatabase..
[2026-03-11 08시36분47초	1773185807236]	63ms

[2026-03-11 08시36분47초	1773185807237]	NpcTeleportDatabase..
[2026-03-11 08시36분47초	1773185807240]	3ms

[2026-03-11 08시36분47초	1773185807409]	NpcSpawnlistDatabase..
[2026-03-11 08시36분47초	1773185807487]	78ms

[2026-03-11 08시36분47초	1773185807489]	EventController..
[2026-03-11 08시36분47초	1773185807489]	0ms

[2026-03-11 08시36분47초	1773185807491]	MonsterDatabase..
[2026-03-11 08시36분47초	1773185807508]	17ms

[2026-03-11 08시36분47초	1773185807509]	MonsterDropDatabase..
[2026-03-11 08시36분47초	1773185807538]	29ms

[2026-03-11 08시36분47초	1773185807539]	MonsterSkillDatabase..
[2026-03-11 08시36분47초	1773185807555]	16ms

[2026-03-11 08시36분47초	1773185807557]	MonsterSpawnlistDatabase..
[2026-03-11 08시36분48초	1773185808714]	1157ms

[2026-03-11 08시36분48초	1773185808715]	MonsterBossSpawnlistDatabase..
[2026-03-11 08시36분48초	1773185808719]	4ms

[2026-03-11 08시36분48초	1773185808720]	ServerDownBossListDatabase..
[2026-03-11 08시36분48초	1773185808721]	1ms

[2026-03-11 08시36분48초	1773185808722]	BadIpDatabase..
[2026-03-11 08시36분48초	1773185808724]	2ms

[2026-03-11 08시36분48초	1773185808724]	QuestController..
[2026-03-11 08시36분48초	1773185808726]	2ms

[2026-03-11 08시36분48초	1773185808727]	ServerOpcodesDatabase..
[2026-03-11 08시36분48초	1773185808731]	4ms

[2026-03-11 08시36분48초	1773185808732]	ServerNoticeDatabase..
[2026-03-11 08시36분48초	1773185808735]	3ms

[2026-03-11 08시36분48초	1773185808736]	RankController..
[2026-03-11 08시36분48초	1773185808744]	8ms

[2026-03-11 08시36분48초	1773185808746]	WantedController..
[2026-03-11 08시36분48초	1773185808747]	1ms

[2026-03-11 08시36분48초	1773185808748]	TeleportHomeDatabase..
[2026-03-11 08시36분48초	1773185808782]	34ms

[2026-03-11 08시36분48초	1773185808783]	TeleportResetDatabase..
[2026-03-11 08시36분48초	1773185808814]	31ms

[2026-03-11 08시36분48초	1773185808815]	ItemPinewandDatabase..
[2026-03-11 08시36분48초	1773185808817]	2ms

[2026-03-11 08시36분48초	1773185808817]	ItemMaplewandDatabase..
[2026-03-11 08시36분48초	1773185808820]	3ms

[2026-03-11 08시36분48초	1773185808820]	SummonListDatabase..
[2026-03-11 08시36분48초	1773185808822]	2ms

[2026-03-11 08시36분48초	1773185808823]	GmListDatabase..
[2026-03-11 08시36분48초	1773185808824]	1ms

[2026-03-11 08시36분48초	1773185808826]	MagicdollListDatabase..
[2026-03-11 08시36분48초	1773185808828]	2ms

[2026-03-11 08시36분48초	1773185808832]	PcMarketController..
[2026-03-11 08시36분48초	1773185808834]	2ms

[2026-03-11 08시36분48초	1773185808835]	ServerOptionDatabase..
[2026-03-11 08시36분48초	1773185808835]	1ms

[2026-03-11 08시36분48초	1773185808836]	TimeDungeonDatabase..
[2026-03-11 08시36분48초	1773185808837]	1ms

[2026-03-11 08시36분48초	1773185808838]	TeamBattleDatabase..
[2026-03-11 08시36분48초	1773185808839]	1ms

[2026-03-11 08시36분48초	1773185808840]	LifeLostItemDatabase..
[2026-03-11 08시36분48초	1773185808842]	2ms

[2026-03-11 08시36분48초	1773185808842]	GmTeleportDatabase..
[2026-03-11 08시36분48초	1773185808844]	2ms

[2026-03-11 08시36분48초	1773185808846]	무인혈맹컨트롤러..
[2026-03-11 08시36분48초	1773185808848]	2ms

[2026-03-11 08시36분48초	1773185808849]	HackNoCheckDatabase..
[2026-03-11 08시36분48초	1773185808850]	1ms

[2026-03-11 08시36분48초	1773185808851]	EnchantLostItemDatabase..
[2026-03-11 08시36분48초	1773185808852]	1ms

[2026-03-11 08시36분48초	1773185808854]	ItemDropMessageDatabase..
[2026-03-11 08시36분48초	1773185808855]	1ms

[2026-03-11 08시36분48초	1773185808857]	FishingController..
[2026-03-11 08시36분48초	1773185808869]	12ms

[2026-03-11 08시36분48초	1773185808884]	RobotController..
[2026-03-11 08시36분48초	1773185808909]	25ms

[2026-03-11 08시36분48초	1773185808912]	Server..
[2026-03-11 08시36분49초	1773185809005]	93ms

[2026-03-11 08시36분49초	1773185809006]	ServerThread..
[2026-03-11 08시36분49초	1773185809006]	0ms

[2026-03-11 08시36분49초	1773185809007]	ControllerTherad..
[2026-03-11 08시36분49초	1773185809008]	1ms

[2026-03-11 08시36분49초	1773185809008]	CharacterThread..
[2026-03-11 08시36분49초	1773185809009]	1ms

[2026-03-11 08시36분49초	1773185809010]	DatabaseThread..
[2026-03-11 08시36분49초	1773185809010]	0ms

[2026-03-11 08시36분49초	1773185809011]	CharacterControlThread..
[2026-03-11 08시36분49초	1773185809011]	0ms

[2026-03-11 08시36분49초	1773185809055]	FightController..
[2026-03-11 08시36분49초	1773185809070]	15ms

[2026-03-11 08시36분49초	1773185809071]	TimeThread..
[2026-03-11 08시36분49초	1773185809071]	0ms

[2026-03-11 08시36분49초	1773185809072]	AutoHuntThread..
[2026-03-11 08시36분49초	1773185809072]	0ms

[2026-03-11 08시36분49초	1773185809072]	======================================================================
[2026-03-11 08시36분49초	1773185809077]	Server Version  :  Lineage 2.0

[2026-03-11 08시36분49초	1773185809077]	Server Port      :  2000

[2026-03-11 08시36분49초	1773185809077]	계정 자동생성  :  on

[2026-03-11 08시36분49초	1773185809077]	인챈트 : 1.0배  ||  드랍 : 7.0배  ||  경험치 : 50.0배  ||  아데나 : 40.0배  ||  파티 : 1.1배

[2026-03-11 08시36분49초	1773185809077]	======================================================================
[2026-03-11 08시36분49초	1773185809077]	'서버' 가동되었습니다.

[2026-03-11 08시38분27초	1773185907534]	서버가 즉시 종료됩니다...
[2026-03-11 08시38분28초	1773185908534]	Thread close..
[2026-03-11 08시38분29초	1773185909534]	Save Database..
[2026-03-11 08시38분30초	1773185910089]	Socket close..
[2026-03-11 08시38분30초	1773185910089]	LineageServer Close...
[2026-03-11 08시38분30초	1773185910089]	0ms

[2026-03-11 08시38분30초	1773185910089]	ok..
