[2026-03-09 13시46분52초	1773031612709]	Mysql..
[2026-03-09 13시46분52초	1773031612709]	2ms

[2026-03-09 13시46분52초	1773031612727]	lineage.conf file loading...
[2026-03-09 13시46분52초	1773031612759]	32ms

[2026-03-09 13시46분52초	1773031612766]	Lineage_Balance..
[2026-03-09 13시46분52초	1773031612774]	8ms

[2026-03-09 13시46분52초	1773031612775]	npc_promotion..
[2026-03-09 13시46분52초	1773031612775]	0ms

[2026-03-09 13시46분52초	1773031612776]	Socket..
[2026-03-09 13시46분52초	1773031612776]	0ms

[2026-03-09 13시46분52초	1773031612776]	Common..
[2026-03-09 13시46분52초	1773031612777]	1ms

[2026-03-09 13시46분52초	1773031612777]	EventThread..
[2026-03-09 13시46분52초	1773031612778]	1ms

[2026-03-09 13시46분52초	1773031612779]	AiExecuteThread..
[2026-03-09 13시46분52초	1773031612779]	0ms

[2026-03-09 13시46분52초	1773031612780]	AiThread..
[2026-03-09 13시46분52초	1773031612780]	0ms

[2026-03-09 13시46분52초	1773031612791]	World..
[2026-03-09 13시46분52초	1773031612877]	86ms

[2026-03-09 13시46분52초	1773031612879]	BookController..
[2026-03-09 13시46분52초	1773031612879]	0ms

[2026-03-09 13시46분52초	1773031612880]	InventoryController..
[2026-03-09 13시46분52초	1773031612880]	0ms

[2026-03-09 13시46분52초	1773031612880]	BasePacketPooling..
[2026-03-09 13시46분52초	1773031612880]	0ms

[2026-03-09 13시46분52초	1773031612883]	SkillController..
[2026-03-09 13시46분52초	1773031612883]	0ms

[2026-03-09 13시46분52초	1773031612893]	DamageController..
[2026-03-09 13시46분52초	1773031612893]	0ms

[2026-03-09 13시46분52초	1773031612895]	CharacterController..
[2026-03-09 13시46분52초	1773031612895]	0ms

[2026-03-09 13시46분52초	1773031612896]	TradeController..
[2026-03-09 13시46분52초	1773031612896]	0ms

[2026-03-09 13시46분52초	1773031612897]	DungeonController..
[2026-03-09 13시46분52초	1773031612897]	0ms

[2026-03-09 13시46분52초	1773031612898]	ShipController..
[2026-03-09 13시46분52초	1773031612898]	0ms

[2026-03-09 13시46분52초	1773031612899]	BuffController..
[2026-03-09 13시46분52초	1773031612899]	0ms

[2026-03-09 13시46분52초	1773031612903]	SummonController..
[2026-03-09 13시46분52초	1773031612903]	0ms

[2026-03-09 13시46분52초	1773031612904]	PartyController..
[2026-03-09 13시46분52초	1773031612904]	0ms

[2026-03-09 13시46분52초	1773031612905]	InnController..
[2026-03-09 13시46분52초	1773031612905]	0ms

[2026-03-09 13시46분52초	1773031612906]	BoardController..
[2026-03-09 13시46분52초	1773031612906]	0ms

[2026-03-09 13시46분52초	1773031612908]	LetterController..
[2026-03-09 13시46분52초	1773031612908]	0ms

[2026-03-09 13시46분52초	1773031612909]	UserShopController..
[2026-03-09 13시46분52초	1773031612909]	0ms

[2026-03-09 13시46분52초	1773031612910]	ChattingController..
[2026-03-09 13시46분52초	1773031612911]	1ms

[2026-03-09 13시46분52초	1773031612913]	ColosseumController..
[2026-03-09 13시46분52초	1773031612913]	0ms

[2026-03-09 13시46분52초	1773031612914]	CraftController..
[2026-03-09 13시46분52초	1773031612914]	0ms

[2026-03-09 13시46분52초	1773031612915]	BossController..
[2026-03-09 13시46분52초	1773031612915]	0ms

[2026-03-09 13시46분52초	1773031612916]	NoticeController..
[2026-03-09 13시46분52초	1773031612917]	1ms

[2026-03-09 13시46분52초	1773031612918]	FriendController..
[2026-03-09 13시46분52초	1773031612918]	0ms

[2026-03-09 13시46분52초	1773031612919]	BugScanningController..
[2026-03-09 13시46분52초	1773031612919]	0ms

[2026-03-09 13시46분52초	1773031612920]	MagicDollController..
[2026-03-09 13시46분52초	1773031612920]	0ms

[2026-03-09 13시46분52초	1773031612921]	ShopController..
[2026-03-09 13시46분52초	1773031612921]	0ms

[2026-03-09 13시46분52초	1773031612929]	WarehouseDatabase..
[2026-03-09 13시46분52초	1773031612930]	1ms

[2026-03-09 13시46분52초	1773031612930]	PakTools..
[2026-03-09 13시46분52초	1773031612932]	2ms

[2026-03-09 13시46분52초	1773031612932]	ScriptController...
[2026-03-09 13시46분52초	1773031612936]	4ms

[2026-03-09 13시46분52초	1773031612936]	GiranClanLordController..
[2026-03-09 13시46분52초	1773031612936]	0ms

[2026-03-09 13시46분52초	1773031612938]	TeamBattleController..
[2026-03-09 13시46분52초	1773031612938]	0ms

[2026-03-09 13시46분52초	1773031612939]	WorldClearController..
[2026-03-09 13시46분52초	1773031612939]	0ms

[2026-03-09 13시46분52초	1773031612939]	SpotController..
[2026-03-09 13시46분52초	1773031612939]	0ms

[2026-03-09 13시46분52초	1773031612943]	테베라스 컨트롤러..
[2026-03-09 13시46분52초	1773031612943]	3ms

[2026-03-09 13시46분52초	1773031612944]	지옥 컨트롤러..
[2026-03-09 13시46분52초	1773031612944]	0ms

[2026-03-09 13시46분52초	1773031612945]	지하수로 컨트롤러..
[2026-03-09 13시46분52초	1773031612945]	0ms

[2026-03-09 13시46분52초	1773031612945]	보물찾기컨트롤러..
[2026-03-09 13시46분52초	1773031612945]	0ms

[2026-03-09 13시46분52초	1773031612946]	마족신전 컨트롤러..
[2026-03-09 13시46분52초	1773031612946]	0ms

[2026-03-09 13시46분52초	1773031612947]	고무 컨트롤러..
[2026-03-09 13시46분52초	1773031612948]	정무던전 컨트롤러..
[2026-03-09 13시46분52초	1773031612952]	4ms

[2026-03-09 13시46분52초	1773031612953]	그신 컨트롤러..
[2026-03-09 13시46분52초	1773031612953]	0ms

[2026-03-09 13시46분52초	1773031612954]	라바던전 컨트롤러..
[2026-03-09 13시46분52초	1773031612954]	0ms

[2026-03-09 13시46분52초	1773031612955]	월드보스컨트롤러..
[2026-03-09 13시46분52초	1773031612955]	0ms

[2026-03-09 13시46분52초	1773031612955]	펭귄 사냥터 컨트롤러..
[2026-03-09 13시46분52초	1773031612955]	0ms

[2026-03-09 13시46분52초	1773031612956]	칠흑던전 컨트롤러..
[2026-03-09 13시46분52초	1773031612957]	칠흑던전3층 컨트롤러..
[2026-03-09 13시46분52초	1773031612957]	0ms

[2026-03-09 13시46분52초	1773031612957]	칠흑던전4층 컨트롤러..
[2026-03-09 13시46분52초	1773031612958]	1ms

[2026-03-09 13시46분52초	1773031612958]	악마왕의영토컨트롤러..
[2026-03-09 13시46분52초	1773031612958]	0ms

[2026-03-09 13시46분52초	1773031612959]	얼던컨트롤러..
[2026-03-09 13시46분52초	1773031612959]	0ms

[2026-03-09 13시46분52초	1773031612960]	오만1층 컨트롤러..
[2026-03-09 13시46분52초	1773031612960]	0ms

[2026-03-09 13시46분52초	1773031612960]	오만1층 컨트롤러..
[2026-03-09 13시46분52초	1773031612960]	0ms

[2026-03-09 13시46분52초	1773031612961]	오만3층 컨트롤러..
[2026-03-09 13시46분52초	1773031612961]	0ms

[2026-03-09 13시46분52초	1773031612962]	오만4층 컨트롤러..
[2026-03-09 13시46분52초	1773031612962]	0ms

[2026-03-09 13시46분52초	1773031612962]	오만5층 컨트롤러..
[2026-03-09 13시46분52초	1773031612962]	0ms

[2026-03-09 13시46분52초	1773031612963]	오만6층 컨트롤러..
[2026-03-09 13시46분52초	1773031612963]	0ms

[2026-03-09 13시46분52초	1773031612964]	오만7층 컨트롤러..
[2026-03-09 13시46분52초	1773031612964]	0ms

[2026-03-09 13시46분52초	1773031612965]	오만8층 컨트롤러..
[2026-03-09 13시46분52초	1773031612965]	0ms

[2026-03-09 13시46분52초	1773031612965]	오만9층 컨트롤러..
[2026-03-09 13시46분52초	1773031612966]	1ms

[2026-03-09 13시46분52초	1773031612966]	오만10층 컨트롤러..
[2026-03-09 13시46분52초	1773031612966]	0ms

[2026-03-09 13시46분52초	1773031612967]	오만정상 컨트롤러..
[2026-03-09 13시46분52초	1773031612967]	0ms

[2026-03-09 13시46분52초	1773031612968]	기감 컨트롤러..
[2026-03-09 13시46분52초	1773031612968]	0ms

[2026-03-09 13시46분52초	1773031612969]	고라스컨트롤러..
[2026-03-09 13시46분52초	1773031612969]	0ms

[2026-03-09 13시46분52초	1773031612970]	드워프컨트롤러..
[2026-03-09 13시46분52초	1773031612970]	0ms

[2026-03-09 13시46분52초	1773031612971]	타임이벤트컨트롤러..
[2026-03-09 13시46분52초	1773031612971]	0ms

[2026-03-09 13시46분52초	1773031612972]	AutoHuntController..
[2026-03-09 13시46분52초	1773031612972]	0ms

[2026-03-09 13시46분52초	1773031612990]	DatabaseConnection..
[2026-03-09 13시46분53초	1773031613288]	298ms

[2026-03-09 13시46분53초	1773031613311]	ServerDatabase..
[2026-03-09 13시46분53초	1773031613350]	39ms

[2026-03-09 13시46분53초	1773031613353]	SlimeRaceController..
[2026-03-09 13시46분53초	1773031613355]	2ms

[2026-03-09 13시46분53초	1773031613357]	DogRaceController..
[2026-03-09 13시46분53초	1773031613358]	1ms

[2026-03-09 13시46분53초	1773031613361]	ClanController..
[2026-03-09 13시46분53초	1773031613366]	5ms

[2026-03-09 13시46분53초	1773031613369]	KingdomController..
[2026-03-09 13시46분53초	1773031613375]	6ms

[2026-03-09 13시46분53초	1773031613376]	AgitController..
[2026-03-09 13시46분53초	1773031613381]	5ms

[2026-03-09 13시46분53초	1773031613382]	AuctionController..
[2026-03-09 13시46분53초	1773031613387]	5ms

[2026-03-09 13시46분53초	1773031613392]	ItemDatabase..
[2026-03-09 13시46분53초	1773031613549]	157ms

[2026-03-09 13시46분53초	1773031613550]	ItemSetopionDatabase..
[2026-03-09 13시46분53초	1773031613552]	2ms

[2026-03-09 13시46분53초	1773031613553]	AutosellDatabase..
[2026-03-09 13시46분53초	1773031613573]	20ms

[2026-03-09 13시46분53초	1773031613574]	ItemSkillDatabase..
[2026-03-09 13시46분53초	1773031613576]	2ms

[2026-03-09 13시46분53초	1773031613577]	ItemBundleDatabase..
[2026-03-09 13시46분53초	1773031613579]	2ms

[2026-03-09 13시46분53초	1773031613580]	ItemChanceBundleDatabase..
[2026-03-09 13시46분53초	1773031613586]	6ms

[2026-03-09 13시46분53초	1773031613587]	FishItemListDatabase..
[2026-03-09 13시46분53초	1773031613589]	2ms

[2026-03-09 13시46분53초	1773031613591]	ItemTeleport..
[2026-03-09 13시46분53초	1773031613594]	3ms

[2026-03-09 13시46분53초	1773031613595]	PolyDatabase..
[2026-03-09 13시46분53초	1773031613599]	4ms

[2026-03-09 13시46분53초	1773031613600]	DungeonDatabase..
[2026-03-09 13시46분53초	1773031613612]	12ms

[2026-03-09 13시46분53초	1773031613613]	DefiniteDatabase..
[2026-03-09 13시46분53초	1773031613614]	1ms

[2026-03-09 13시46분53초	1773031613615]	ExpDatabase..
[2026-03-09 13시46분53초	1773031613616]	1ms

[2026-03-09 13시46분53초	1773031613616]	BackgroundDatabase..
[2026-03-09 13시46분53초	1773031613777]	161ms

[2026-03-09 13시46분53초	1773031613777]	SpriteFrameDatabase..
[2026-03-09 13시46분53초	1773031613842]	65ms

[2026-03-09 13시46분53초	1773031613843]	SkillDatabase..
[2026-03-09 13시46분53초	1773031613853]	10ms

[2026-03-09 13시46분53초	1773031613854]	NpcDatabase..
[2026-03-09 13시46분53초	1773031613861]	7ms

[2026-03-09 13시46분53초	1773031613862]	NpcShopDatabase..
[2026-03-09 13시46분53초	1773031613923]	61ms

[2026-03-09 13시46분53초	1773031613924]	NpcTeleportDatabase..
[2026-03-09 13시46분53초	1773031613925]	1ms

[2026-03-09 13시46분54초	1773031614068]	NpcSpawnlistDatabase..
[2026-03-09 13시46분54초	1773031614119]	51ms

[2026-03-09 13시46분54초	1773031614121]	EventController..
[2026-03-09 13시46분54초	1773031614121]	0ms

[2026-03-09 13시46분54초	1773031614122]	MonsterDatabase..
[2026-03-09 13시46분54초	1773031614137]	15ms

[2026-03-09 13시46분54초	1773031614138]	MonsterDropDatabase..
[2026-03-09 13시46분54초	1773031614165]	27ms

[2026-03-09 13시46분54초	1773031614166]	MonsterSkillDatabase..
[2026-03-09 13시46분54초	1773031614179]	13ms

[2026-03-09 13시46분54초	1773031614181]	MonsterSpawnlistDatabase..
[2026-03-09 13시46분55초	1773031615528]	1347ms

[2026-03-09 13시46분55초	1773031615529]	MonsterBossSpawnlistDatabase..
[2026-03-09 13시46분55초	1773031615531]	2ms

[2026-03-09 13시46분55초	1773031615531]	ServerDownBossListDatabase..
[2026-03-09 13시46분55초	1773031615532]	1ms

[2026-03-09 13시46분55초	1773031615533]	BadIpDatabase..
[2026-03-09 13시46분55초	1773031615534]	1ms

[2026-03-09 13시46분55초	1773031615534]	QuestController..
[2026-03-09 13시46분55초	1773031615535]	1ms

[2026-03-09 13시46분55초	1773031615535]	ServerOpcodesDatabase..
[2026-03-09 13시46분55초	1773031615538]	3ms

[2026-03-09 13시46분55초	1773031615538]	ServerNoticeDatabase..
[2026-03-09 13시46분55초	1773031615540]	2ms

[2026-03-09 13시46분55초	1773031615541]	RankController..
[2026-03-09 13시46분55초	1773031615547]	6ms

[2026-03-09 13시46분55초	1773031615549]	WantedController..
[2026-03-09 13시46분55초	1773031615550]	1ms

[2026-03-09 13시46분55초	1773031615550]	TeleportHomeDatabase..
[2026-03-09 13시46분55초	1773031615583]	33ms

[2026-03-09 13시46분55초	1773031615584]	TeleportResetDatabase..
[2026-03-09 13시46분55초	1773031615613]	29ms

[2026-03-09 13시46분55초	1773031615614]	ItemPinewandDatabase..
[2026-03-09 13시46분55초	1773031615616]	2ms

[2026-03-09 13시46분55초	1773031615616]	ItemMaplewandDatabase..
[2026-03-09 13시46분55초	1773031615618]	2ms

[2026-03-09 13시46분55초	1773031615619]	SummonListDatabase..
[2026-03-09 13시46분55초	1773031615620]	2ms

[2026-03-09 13시46분55초	1773031615620]	GmListDatabase..
[2026-03-09 13시46분55초	1773031615621]	1ms

[2026-03-09 13시46분55초	1773031615622]	MagicdollListDatabase..
[2026-03-09 13시46분55초	1773031615623]	1ms

[2026-03-09 13시46분55초	1773031615627]	PcMarketController..
[2026-03-09 13시46분55초	1773031615628]	0ms

[2026-03-09 13시46분55초	1773031615628]	ServerOptionDatabase..
[2026-03-09 13시46분55초	1773031615629]	0ms

[2026-03-09 13시46분55초	1773031615629]	TimeDungeonDatabase..
[2026-03-09 13시46분55초	1773031615630]	1ms

[2026-03-09 13시46분55초	1773031615631]	TeamBattleDatabase..
[2026-03-09 13시46분55초	1773031615632]	1ms

[2026-03-09 13시46분55초	1773031615632]	LifeLostItemDatabase..
[2026-03-09 13시46분55초	1773031615634]	2ms

[2026-03-09 13시46분55초	1773031615635]	GmTeleportDatabase..
[2026-03-09 13시46분55초	1773031615636]	1ms

[2026-03-09 13시46분55초	1773031615638]	무인혈맹컨트롤러..
[2026-03-09 13시46분55초	1773031615640]	2ms

[2026-03-09 13시46분55초	1773031615640]	HackNoCheckDatabase..
[2026-03-09 13시46분55초	1773031615641]	1ms

[2026-03-09 13시46분55초	1773031615642]	EnchantLostItemDatabase..
[2026-03-09 13시46분55초	1773031615643]	1ms

[2026-03-09 13시46분55초	1773031615644]	ItemDropMessageDatabase..
[2026-03-09 13시46분55초	1773031615645]	1ms

[2026-03-09 13시46분55초	1773031615646]	FishingController..
[2026-03-09 13시46분55초	1773031615659]	13ms

[2026-03-09 13시46분55초	1773031615671]	RobotController..
[2026-03-09 13시46분55초	1773031615695]	24ms

[2026-03-09 13시46분55초	1773031615697]	Server..
[2026-03-09 13시46분55초	1773031615766]	69ms

[2026-03-09 13시46분55초	1773031615767]	ServerThread..
[2026-03-09 13시46분55초	1773031615767]	0ms

[2026-03-09 13시46분55초	1773031615768]	ControllerTherad..
[2026-03-09 13시46분55초	1773031615768]	0ms

[2026-03-09 13시46분55초	1773031615769]	CharacterThread..
[2026-03-09 13시46분55초	1773031615770]	0ms

[2026-03-09 13시46분55초	1773031615771]	DatabaseThread..
[2026-03-09 13시46분55초	1773031615771]	0ms

[2026-03-09 13시46분55초	1773031615772]	CharacterControlThread..
[2026-03-09 13시46분55초	1773031615772]	0ms

[2026-03-09 13시46분55초	1773031615776]	FightController..
[2026-03-09 13시46분55초	1773031615843]	67ms

[2026-03-09 13시46분55초	1773031615854]	TimeThread..
[2026-03-09 13시46분55초	1773031615856]	2ms

[2026-03-09 13시46분55초	1773031615858]	AutoHuntThread..
[2026-03-09 13시46분55초	1773031615859]	1ms

[2026-03-09 13시46분55초	1773031615859]	======================================================================
[2026-03-09 13시46분55초	1773031615863]	Server Version  :  Lineage 2.0

[2026-03-09 13시46분55초	1773031615863]	Server Port      :  2000

[2026-03-09 13시46분55초	1773031615863]	계정 자동생성  :  on

[2026-03-09 13시46분55초	1773031615863]	인챈트 : 1.0배  ||  드랍 : 7.0배  ||  경험치 : 50.0배  ||  아데나 : 40.0배  ||  파티 : 1.1배

[2026-03-09 13시46분55초	1773031615863]	======================================================================
[2026-03-09 13시46분55초	1773031615863]	'서버' 가동되었습니다.

[2026-03-09 13시48분06초	1773031686262]	축소 : zoom(9)
[2026-03-09 13시48분06초	1773031686295]	축소 : zoom(8)
[2026-03-09 13시48분06초	1773031686321]	축소 : zoom(7)
[2026-03-09 13시48분06초	1773031686350]	축소 : zoom(6)
[2026-03-09 13시48분06초	1773031686611]	축소 : zoom(5)
[2026-03-09 13시48분06초	1773031686632]	축소 : zoom(4)
[2026-03-09 13시48분06초	1773031686649]	축소 : zoom(3)
[2026-03-09 13시48분06초	1773031686670]	축소 : zoom(2)
[2026-03-09 13시48분06초	1773031686700]	축소 : zoom(1)
[2026-03-09 13시49분56초	1773031796417]	자동 저장완료 2026-03-09 13시49분56초
[2026-03-09 13시52분57초	1773031977076]	자동 저장완료 2026-03-09 13시52분57초
[2026-03-09 13시55분10초	1773032110064]	서버가 즉시 종료됩니다...
[2026-03-09 13시55분11초	1773032111064]	Thread close..
[2026-03-09 13시55분12초	1773032112065]	Save Database..
[2026-03-09 13시55분12초	1773032112605]	Socket close..
[2026-03-09 13시55분12초	1773032112605]	LineageServer Close...
[2026-03-09 13시55분12초	1773032112605]	0ms

[2026-03-09 13시55분12초	1773032112605]	ok..
