[2026-01-07 14시08분51초	1767762531557]	Mysql..
[2026-01-07 14시08분51초	1767762531558]	3ms

[2026-01-07 14시08분51초	1767762531574]	lineage.conf file loading...
[2026-01-07 14시08분51초	1767762531605]	31ms

[2026-01-07 14시08분51초	1767762531612]	Lineage_Balance..
[2026-01-07 14시08분51초	1767762531620]	8ms

[2026-01-07 14시08분51초	1767762531621]	npc_promotion..
[2026-01-07 14시08분51초	1767762531621]	0ms

[2026-01-07 14시08분51초	1767762531629]	Socket..
[2026-01-07 14시08분51초	1767762531630]	0ms

[2026-01-07 14시08분51초	1767762531630]	Common..
[2026-01-07 14시08분51초	1767762531630]	0ms

[2026-01-07 14시08분51초	1767762531631]	EventThread..
[2026-01-07 14시08분51초	1767762531631]	0ms

[2026-01-07 14시08분51초	1767762531632]	AiExecuteThread..
[2026-01-07 14시08분51초	1767762531633]	1ms

[2026-01-07 14시08분51초	1767762531634]	AiThread..
[2026-01-07 14시08분51초	1767762531634]	0ms

[2026-01-07 14시08분51초	1767762531638]	World..
[2026-01-07 14시08분51초	1767762531740]	102ms

[2026-01-07 14시08분51초	1767762531742]	BookController..
[2026-01-07 14시08분51초	1767762531742]	0ms

[2026-01-07 14시08분51초	1767762531751]	InventoryController..
[2026-01-07 14시08분51초	1767762531751]	0ms

[2026-01-07 14시08분51초	1767762531752]	BasePacketPooling..
[2026-01-07 14시08분51초	1767762531752]	0ms

[2026-01-07 14시08분51초	1767762531754]	SkillController..
[2026-01-07 14시08분51초	1767762531754]	0ms

[2026-01-07 14시08분51초	1767762531760]	DamageController..
[2026-01-07 14시08분51초	1767762531760]	0ms

[2026-01-07 14시08분51초	1767762531762]	CharacterController..
[2026-01-07 14시08분51초	1767762531762]	0ms

[2026-01-07 14시08분51초	1767762531763]	TradeController..
[2026-01-07 14시08분51초	1767762531763]	0ms

[2026-01-07 14시08분51초	1767762531764]	DungeonController..
[2026-01-07 14시08분51초	1767762531764]	0ms

[2026-01-07 14시08분51초	1767762531765]	ShipController..
[2026-01-07 14시08분51초	1767762531765]	0ms

[2026-01-07 14시08분51초	1767762531766]	BuffController..
[2026-01-07 14시08분51초	1767762531766]	0ms

[2026-01-07 14시08분51초	1767762531771]	SummonController..
[2026-01-07 14시08분51초	1767762531771]	0ms

[2026-01-07 14시08분51초	1767762531772]	PartyController..
[2026-01-07 14시08분51초	1767762531773]	1ms

[2026-01-07 14시08분51초	1767762531781]	InnController..
[2026-01-07 14시08분51초	1767762531781]	0ms

[2026-01-07 14시08분51초	1767762531783]	BoardController..
[2026-01-07 14시08분51초	1767762531783]	0ms

[2026-01-07 14시08분51초	1767762531784]	LetterController..
[2026-01-07 14시08분51초	1767762531784]	0ms

[2026-01-07 14시08분51초	1767762531785]	UserShopController..
[2026-01-07 14시08분51초	1767762531785]	0ms

[2026-01-07 14시08분51초	1767762531786]	ChattingController..
[2026-01-07 14시08분51초	1767762531787]	1ms

[2026-01-07 14시08분51초	1767762531789]	ColosseumController..
[2026-01-07 14시08분51초	1767762531789]	0ms

[2026-01-07 14시08분51초	1767762531790]	CraftController..
[2026-01-07 14시08분51초	1767762531790]	0ms

[2026-01-07 14시08분51초	1767762531791]	BossController..
[2026-01-07 14시08분51초	1767762531791]	0ms

[2026-01-07 14시08분51초	1767762531792]	NoticeController..
[2026-01-07 14시08분51초	1767762531793]	1ms

[2026-01-07 14시08분51초	1767762531793]	FriendController..
[2026-01-07 14시08분51초	1767762531793]	0ms

[2026-01-07 14시08분51초	1767762531794]	BugScanningController..
[2026-01-07 14시08분51초	1767762531794]	0ms

[2026-01-07 14시08분51초	1767762531795]	MagicDollController..
[2026-01-07 14시08분51초	1767762531795]	0ms

[2026-01-07 14시08분51초	1767762531796]	ShopController..
[2026-01-07 14시08분51초	1767762531796]	0ms

[2026-01-07 14시08분51초	1767762531797]	WarehouseDatabase..
[2026-01-07 14시08분51초	1767762531797]	0ms

[2026-01-07 14시08분51초	1767762531798]	PakTools..
[2026-01-07 14시08분51초	1767762531800]	2ms

[2026-01-07 14시08분51초	1767762531800]	ScriptController...
[2026-01-07 14시08분51초	1767762531803]	3ms

[2026-01-07 14시08분51초	1767762531804]	GiranClanLordController..
[2026-01-07 14시08분51초	1767762531804]	0ms

[2026-01-07 14시08분51초	1767762531805]	TeamBattleController..
[2026-01-07 14시08분51초	1767762531805]	0ms

[2026-01-07 14시08분51초	1767762531806]	WorldClearController..
[2026-01-07 14시08분51초	1767762531806]	0ms

[2026-01-07 14시08분51초	1767762531809]	SpotController..
[2026-01-07 14시08분51초	1767762531809]	2ms

[2026-01-07 14시08분51초	1767762531810]	테베라스 컨트롤러..
[2026-01-07 14시08분51초	1767762531810]	0ms

[2026-01-07 14시08분51초	1767762531811]	지옥 컨트롤러..
[2026-01-07 14시08분51초	1767762531811]	0ms

[2026-01-07 14시08분51초	1767762531812]	지하수로 컨트롤러..
[2026-01-07 14시08분51초	1767762531812]	0ms

[2026-01-07 14시08분51초	1767762531812]	보물찾기컨트롤러..
[2026-01-07 14시08분51초	1767762531813]	1ms

[2026-01-07 14시08분51초	1767762531813]	마족신전 컨트롤러..
[2026-01-07 14시08분51초	1767762531813]	0ms

[2026-01-07 14시08분51초	1767762531814]	고무 컨트롤러..
[2026-01-07 14시08분51초	1767762531815]	정무던전 컨트롤러..
[2026-01-07 14시08분51초	1767762531819]	4ms

[2026-01-07 14시08분51초	1767762531820]	그신 컨트롤러..
[2026-01-07 14시08분51초	1767762531820]	0ms

[2026-01-07 14시08분51초	1767762531821]	라바던전 컨트롤러..
[2026-01-07 14시08분51초	1767762531821]	0ms

[2026-01-07 14시08분51초	1767762531821]	월드보스컨트롤러..
[2026-01-07 14시08분51초	1767762531822]	1ms

[2026-01-07 14시08분51초	1767762531822]	펭귄 사냥터 컨트롤러..
[2026-01-07 14시08분51초	1767762531822]	0ms

[2026-01-07 14시08분51초	1767762531823]	칠흑던전 컨트롤러..
[2026-01-07 14시08분51초	1767762531823]	악마왕의영토컨트롤러..
[2026-01-07 14시08분51초	1767762531823]	0ms

[2026-01-07 14시08분51초	1767762531824]	얼던컨트롤러..
[2026-01-07 14시08분51초	1767762531824]	0ms

[2026-01-07 14시08분51초	1767762531825]	기감 컨트롤러..
[2026-01-07 14시08분51초	1767762531825]	0ms

[2026-01-07 14시08분51초	1767762531826]	고라스컨트롤러..
[2026-01-07 14시08분51초	1767762531826]	0ms

[2026-01-07 14시08분51초	1767762531826]	드워프컨트롤러..
[2026-01-07 14시08분51초	1767762531826]	0ms

[2026-01-07 14시08분51초	1767762531827]	타임이벤트컨트롤러..
[2026-01-07 14시08분51초	1767762531827]	0ms

[2026-01-07 14시08분51초	1767762531828]	AutoHuntController..
[2026-01-07 14시08분51초	1767762531828]	0ms

[2026-01-07 14시08분51초	1767762531829]	DatabaseConnection..
[2026-01-07 14시08분52초	1767762532130]	301ms

[2026-01-07 14시08분52초	1767762532145]	ServerDatabase..
[2026-01-07 14시08분52초	1767762532175]	30ms

[2026-01-07 14시08분52초	1767762532179]	SlimeRaceController..
[2026-01-07 14시08분52초	1767762532181]	2ms

[2026-01-07 14시08분52초	1767762532183]	DogRaceController..
[2026-01-07 14시08분52초	1767762532185]	2ms

[2026-01-07 14시08분52초	1767762532188]	ClanController..
[2026-01-07 14시08분52초	1767762532193]	5ms

[2026-01-07 14시08분52초	1767762532196]	KingdomController..
[2026-01-07 14시08분52초	1767762532203]	7ms

[2026-01-07 14시08분52초	1767762532204]	AgitController..
[2026-01-07 14시08분52초	1767762532209]	5ms

[2026-01-07 14시08분52초	1767762532210]	AuctionController..
[2026-01-07 14시08분52초	1767762532215]	5ms

[2026-01-07 14시08분52초	1767762532220]	ItemDatabase..
[2026-01-07 14시08분52초	1767762532316]	96ms

[2026-01-07 14시08분52초	1767762532317]	ItemSetopionDatabase..
[2026-01-07 14시08분52초	1767762532320]	3ms

[2026-01-07 14시08분52초	1767762532321]	AutosellDatabase..
[2026-01-07 14시08분52초	1767762532340]	19ms

[2026-01-07 14시08분52초	1767762532342]	ItemSkillDatabase..
[2026-01-07 14시08분52초	1767762532344]	2ms

[2026-01-07 14시08분52초	1767762532345]	ItemBundleDatabase..
[2026-01-07 14시08분52초	1767762532349]	4ms

[2026-01-07 14시08분52초	1767762532349]	ItemChanceBundleDatabase..
[2026-01-07 14시08분52초	1767762532352]	3ms

[2026-01-07 14시08분52초	1767762532353]	FishItemListDatabase..
[2026-01-07 14시08분52초	1767762532355]	2ms

[2026-01-07 14시08분52초	1767762532357]	ItemTeleport..
[2026-01-07 14시08분52초	1767762532359]	2ms

[2026-01-07 14시08분52초	1767762532361]	PolyDatabase..
[2026-01-07 14시08분52초	1767762532366]	5ms

[2026-01-07 14시08분52초	1767762532367]	DungeonDatabase..
[2026-01-07 14시08분52초	1767762532372]	4ms

[2026-01-07 14시08분52초	1767762532372]	DefiniteDatabase..
[2026-01-07 14시08분52초	1767762532375]	3ms

[2026-01-07 14시08분52초	1767762532376]	ExpDatabase..
[2026-01-07 14시08분52초	1767762532378]	2ms

[2026-01-07 14시08분52초	1767762532379]	BackgroundDatabase..
[2026-01-07 14시08분52초	1767762532504]	125ms

[2026-01-07 14시08분52초	1767762532504]	SpriteFrameDatabase..
[2026-01-07 14시08분52초	1767762532565]	61ms

[2026-01-07 14시08분52초	1767762532566]	SkillDatabase..
[2026-01-07 14시08분52초	1767762532570]	4ms

[2026-01-07 14시08분52초	1767762532571]	NpcDatabase..
[2026-01-07 14시08분52초	1767762532579]	8ms

[2026-01-07 14시08분52초	1767762532580]	NpcShopDatabase..
[2026-01-07 14시08분52초	1767762532644]	64ms

[2026-01-07 14시08분52초	1767762532645]	NpcTeleportDatabase..
[2026-01-07 14시08분52초	1767762532647]	2ms

[2026-01-07 14시08분52초	1767762532843]	NpcSpawnlistDatabase..
[2026-01-07 14시08분52초	1767762532898]	55ms

[2026-01-07 14시08분52초	1767762532900]	EventController..
[2026-01-07 14시08분52초	1767762532900]	0ms

[2026-01-07 14시08분52초	1767762532902]	MonsterDatabase..
[2026-01-07 14시08분52초	1767762532917]	15ms

[2026-01-07 14시08분52초	1767762532918]	MonsterDropDatabase..
[2026-01-07 14시08분52초	1767762532942]	24ms

[2026-01-07 14시08분52초	1767762532944]	MonsterSkillDatabase..
[2026-01-07 14시08분52초	1767762532958]	14ms

[2026-01-07 14시08분52초	1767762532960]	MonsterSpawnlistDatabase..
[2026-01-07 14시08분53초	1767762533956]	996ms

[2026-01-07 14시08분53초	1767762533958]	MonsterBossSpawnlistDatabase..
[2026-01-07 14시08분53초	1767762533961]	3ms

[2026-01-07 14시08분53초	1767762533962]	ServerDownBossListDatabase..
[2026-01-07 14시08분53초	1767762533963]	1ms

[2026-01-07 14시08분53초	1767762533964]	BadIpDatabase..
[2026-01-07 14시08분53초	1767762533965]	1ms

[2026-01-07 14시08분53초	1767762533966]	QuestController..
[2026-01-07 14시08분53초	1767762533967]	1ms

[2026-01-07 14시08분53초	1767762533968]	ServerOpcodesDatabase..
[2026-01-07 14시08분53초	1767762533972]	4ms

[2026-01-07 14시08분53초	1767762533973]	ServerNoticeDatabase..
[2026-01-07 14시08분53초	1767762533975]	2ms

[2026-01-07 14시08분53초	1767762533977]	RankController..
[2026-01-07 14시08분53초	1767762533997]	20ms

[2026-01-07 14시08분53초	1767762533999]	WantedController..
[2026-01-07 14시08분54초	1767762534001]	2ms

[2026-01-07 14시08분54초	1767762534009]	TeleportHomeDatabase..
[2026-01-07 14시08분54초	1767762534040]	31ms

[2026-01-07 14시08분54초	1767762534041]	TeleportResetDatabase..
[2026-01-07 14시08분54초	1767762534071]	30ms

[2026-01-07 14시08분54초	1767762534072]	ItemPinewandDatabase..
[2026-01-07 14시08분54초	1767762534074]	2ms

[2026-01-07 14시08분54초	1767762534075]	ItemMaplewandDatabase..
[2026-01-07 14시08분54초	1767762534077]	2ms

[2026-01-07 14시08분54초	1767762534078]	SummonListDatabase..
[2026-01-07 14시08분54초	1767762534080]	2ms

[2026-01-07 14시08분54초	1767762534080]	GmListDatabase..
[2026-01-07 14시08분54초	1767762534082]	1ms

[2026-01-07 14시08분54초	1767762534083]	MagicdollListDatabase..
[2026-01-07 14시08분54초	1767762534085]	2ms

[2026-01-07 14시08분54초	1767762534090]	PcMarketController..
[2026-01-07 14시08분54초	1767762534091]	1ms

[2026-01-07 14시08분54초	1767762534092]	ServerOptionDatabase..
[2026-01-07 14시08분54초	1767762534092]	0ms

[2026-01-07 14시08분54초	1767762534093]	TimeDungeonDatabase..
[2026-01-07 14시08분54초	1767762534094]	1ms

[2026-01-07 14시08분54초	1767762534095]	TeamBattleDatabase..
[2026-01-07 14시08분54초	1767762534096]	1ms

[2026-01-07 14시08분54초	1767762534097]	LifeLostItemDatabase..
[2026-01-07 14시08분54초	1767762534099]	2ms

[2026-01-07 14시08분54초	1767762534100]	GmTeleportDatabase..
[2026-01-07 14시08분54초	1767762534102]	2ms

[2026-01-07 14시08분54초	1767762534104]	무인혈맹컨트롤러..
[2026-01-07 14시08분54초	1767762534105]	1ms

[2026-01-07 14시08분54초	1767762534107]	HackNoCheckDatabase..
[2026-01-07 14시08분54초	1767762534107]	0ms

[2026-01-07 14시08분54초	1767762534108]	EnchantLostItemDatabase..
[2026-01-07 14시08분54초	1767762534122]	14ms

[2026-01-07 14시08분54초	1767762534123]	ItemDropMessageDatabase..
[2026-01-07 14시08분54초	1767762534124]	1ms

[2026-01-07 14시08분54초	1767762534125]	FishingController..
[2026-01-07 14시08분54초	1767762534257]	132ms

[2026-01-07 14시08분54초	1767762534267]	RobotController..
[2026-01-07 14시08분54초	1767762534290]	23ms

[2026-01-07 14시08분54초	1767762534292]	Server..
[2026-01-07 14시08분54초	1767762534358]	66ms

[2026-01-07 14시08분54초	1767762534359]	ServerThread..
[2026-01-07 14시08분54초	1767762534360]	1ms

[2026-01-07 14시08분54초	1767762534361]	ControllerTherad..
[2026-01-07 14시08분54초	1767762534361]	0ms

[2026-01-07 14시08분54초	1767762534362]	CharacterThread..
[2026-01-07 14시08분54초	1767762534362]	0ms

[2026-01-07 14시08분54초	1767762534364]	DatabaseThread..
[2026-01-07 14시08분54초	1767762534364]	0ms

[2026-01-07 14시08분54초	1767762534365]	CharacterControlThread..
[2026-01-07 14시08분54초	1767762534366]	1ms

[2026-01-07 14시08분54초	1767762534415]	FightController..
[2026-01-07 14시08분54초	1767762534429]	15ms

[2026-01-07 14시08분54초	1767762534430]	TimeThread..
[2026-01-07 14시08분54초	1767762534431]	1ms

[2026-01-07 14시08분54초	1767762534432]	AutoHuntThread..
[2026-01-07 14시08분54초	1767762534432]	0ms

[2026-01-07 14시08분54초	1767762534432]	======================================================================
[2026-01-07 14시08분54초	1767762534433]	Server Version  :  Lineage 2.0

[2026-01-07 14시08분54초	1767762534433]	Server Port      :  2000

[2026-01-07 14시08분54초	1767762534433]	계정 자동생성  :  on

[2026-01-07 14시08분54초	1767762534433]	인챈트 : 1.0배  ||  드랍 : 3.0배  ||  경험치 : 30.0배  ||  아데나 : 12.0배  ||  파티 : 1.1배

[2026-01-07 14시08분54초	1767762534433]	======================================================================
[2026-01-07 14시08분54초	1767762534433]	'서버' 가동되었습니다.

[2026-01-07 14시11분55초	1767762715062]	자동 저장완료 2026-01-07 14시11분55초
[2026-01-07 14시14분55초	1767762895834]	자동 저장완료 2026-01-07 14시14분55초
[2026-01-07 14시16분40초	1767763000070]	서버가 즉시 종료됩니다...
[2026-01-07 14시16분41초	1767763001070]	Thread close..
[2026-01-07 14시16분42초	1767763002070]	Save Database..
[2026-01-07 14시16분42초	1767763002755]	Socket close..
[2026-01-07 14시16분42초	1767763002755]	LineageServer Close...
[2026-01-07 14시16분42초	1767763002755]	0ms

[2026-01-07 14시16분42초	1767763002755]	ok..
