[2026-01-14 13시49분37초	1768366177393]	Mysql..
[2026-01-14 13시49분37초	1768366177394]	2ms

[2026-01-14 13시49분37초	1768366177410]	lineage.conf file loading...
[2026-01-14 13시49분37초	1768366177437]	27ms

[2026-01-14 13시49분37초	1768366177444]	Lineage_Balance..
[2026-01-14 13시49분37초	1768366177452]	7ms

[2026-01-14 13시49분37초	1768366177452]	npc_promotion..
[2026-01-14 13시49분37초	1768366177453]	1ms

[2026-01-14 13시49분37초	1768366177453]	Socket..
[2026-01-14 13시49분37초	1768366177454]	1ms

[2026-01-14 13시49분37초	1768366177454]	Common..
[2026-01-14 13시49분37초	1768366177454]	0ms

[2026-01-14 13시49분37초	1768366177454]	EventThread..
[2026-01-14 13시49분37초	1768366177455]	1ms

[2026-01-14 13시49분37초	1768366177455]	AiExecuteThread..
[2026-01-14 13시49분37초	1768366177456]	1ms

[2026-01-14 13시49분37초	1768366177456]	AiThread..
[2026-01-14 13시49분37초	1768366177456]	0ms

[2026-01-14 13시49분37초	1768366177460]	World..
[2026-01-14 13시49분37초	1768366177546]	86ms

[2026-01-14 13시49분37초	1768366177548]	BookController..
[2026-01-14 13시49분37초	1768366177548]	0ms

[2026-01-14 13시49분37초	1768366177548]	InventoryController..
[2026-01-14 13시49분37초	1768366177548]	0ms

[2026-01-14 13시49분37초	1768366177549]	BasePacketPooling..
[2026-01-14 13시49분37초	1768366177549]	0ms

[2026-01-14 13시49분37초	1768366177559]	SkillController..
[2026-01-14 13시49분37초	1768366177562]	0ms

[2026-01-14 13시49분37초	1768366177568]	DamageController..
[2026-01-14 13시49분37초	1768366177568]	0ms

[2026-01-14 13시49분37초	1768366177570]	CharacterController..
[2026-01-14 13시49분37초	1768366177570]	0ms

[2026-01-14 13시49분37초	1768366177571]	TradeController..
[2026-01-14 13시49분37초	1768366177571]	0ms

[2026-01-14 13시49분37초	1768366177571]	DungeonController..
[2026-01-14 13시49분37초	1768366177571]	0ms

[2026-01-14 13시49분37초	1768366177572]	ShipController..
[2026-01-14 13시49분37초	1768366177572]	0ms

[2026-01-14 13시49분37초	1768366177572]	BuffController..
[2026-01-14 13시49분37초	1768366177572]	0ms

[2026-01-14 13시49분37초	1768366177576]	SummonController..
[2026-01-14 13시49분37초	1768366177576]	0ms

[2026-01-14 13시49분37초	1768366177577]	PartyController..
[2026-01-14 13시49분37초	1768366177577]	0ms

[2026-01-14 13시49분37초	1768366177578]	InnController..
[2026-01-14 13시49분37초	1768366177578]	0ms

[2026-01-14 13시49분37초	1768366177579]	BoardController..
[2026-01-14 13시49분37초	1768366177579]	0ms

[2026-01-14 13시49분37초	1768366177581]	LetterController..
[2026-01-14 13시49분37초	1768366177581]	0ms

[2026-01-14 13시49분37초	1768366177589]	UserShopController..
[2026-01-14 13시49분37초	1768366177589]	0ms

[2026-01-14 13시49분37초	1768366177598]	ChattingController..
[2026-01-14 13시49분37초	1768366177599]	1ms

[2026-01-14 13시49분37초	1768366177601]	ColosseumController..
[2026-01-14 13시49분37초	1768366177601]	0ms

[2026-01-14 13시49분37초	1768366177602]	CraftController..
[2026-01-14 13시49분37초	1768366177602]	0ms

[2026-01-14 13시49분37초	1768366177604]	BossController..
[2026-01-14 13시49분37초	1768366177604]	0ms

[2026-01-14 13시49분37초	1768366177606]	NoticeController..
[2026-01-14 13시49분37초	1768366177606]	0ms

[2026-01-14 13시49분37초	1768366177607]	FriendController..
[2026-01-14 13시49분37초	1768366177607]	0ms

[2026-01-14 13시49분37초	1768366177608]	BugScanningController..
[2026-01-14 13시49분37초	1768366177608]	0ms

[2026-01-14 13시49분37초	1768366177609]	MagicDollController..
[2026-01-14 13시49분37초	1768366177609]	0ms

[2026-01-14 13시49분37초	1768366177610]	ShopController..
[2026-01-14 13시49분37초	1768366177610]	0ms

[2026-01-14 13시49분37초	1768366177611]	WarehouseDatabase..
[2026-01-14 13시49분37초	1768366177611]	0ms

[2026-01-14 13시49분37초	1768366177611]	PakTools..
[2026-01-14 13시49분37초	1768366177613]	2ms

[2026-01-14 13시49분37초	1768366177613]	ScriptController...
[2026-01-14 13시49분37초	1768366177616]	3ms

[2026-01-14 13시49분37초	1768366177617]	GiranClanLordController..
[2026-01-14 13시49분37초	1768366177617]	0ms

[2026-01-14 13시49분37초	1768366177618]	TeamBattleController..
[2026-01-14 13시49분37초	1768366177618]	0ms

[2026-01-14 13시49분37초	1768366177619]	WorldClearController..
[2026-01-14 13시49분37초	1768366177619]	0ms

[2026-01-14 13시49분37초	1768366177619]	SpotController..
[2026-01-14 13시49분37초	1768366177619]	0ms

[2026-01-14 13시49분37초	1768366177620]	테베라스 컨트롤러..
[2026-01-14 13시49분37초	1768366177620]	0ms

[2026-01-14 13시49분37초	1768366177621]	지옥 컨트롤러..
[2026-01-14 13시49분37초	1768366177621]	0ms

[2026-01-14 13시49분37초	1768366177621]	지하수로 컨트롤러..
[2026-01-14 13시49분37초	1768366177621]	0ms

[2026-01-14 13시49분37초	1768366177622]	보물찾기컨트롤러..
[2026-01-14 13시49분37초	1768366177622]	0ms

[2026-01-14 13시49분37초	1768366177622]	마족신전 컨트롤러..
[2026-01-14 13시49분37초	1768366177622]	0ms

[2026-01-14 13시49분37초	1768366177623]	고무 컨트롤러..
[2026-01-14 13시49분37초	1768366177624]	정무던전 컨트롤러..
[2026-01-14 13시49분37초	1768366177627]	3ms

[2026-01-14 13시49분37초	1768366177628]	그신 컨트롤러..
[2026-01-14 13시49분37초	1768366177628]	0ms

[2026-01-14 13시49분37초	1768366177629]	라바던전 컨트롤러..
[2026-01-14 13시49분37초	1768366177629]	0ms

[2026-01-14 13시49분37초	1768366177630]	월드보스컨트롤러..
[2026-01-14 13시49분37초	1768366177630]	0ms

[2026-01-14 13시49분37초	1768366177630]	펭귄 사냥터 컨트롤러..
[2026-01-14 13시49분37초	1768366177630]	0ms

[2026-01-14 13시49분37초	1768366177631]	칠흑던전 컨트롤러..
[2026-01-14 13시49분37초	1768366177631]	악마왕의영토컨트롤러..
[2026-01-14 13시49분37초	1768366177631]	0ms

[2026-01-14 13시49분37초	1768366177632]	얼던컨트롤러..
[2026-01-14 13시49분37초	1768366177632]	0ms

[2026-01-14 13시49분37초	1768366177633]	기감 컨트롤러..
[2026-01-14 13시49분37초	1768366177633]	0ms

[2026-01-14 13시49분37초	1768366177634]	고라스컨트롤러..
[2026-01-14 13시49분37초	1768366177634]	0ms

[2026-01-14 13시49분37초	1768366177634]	드워프컨트롤러..
[2026-01-14 13시49분37초	1768366177634]	0ms

[2026-01-14 13시49분37초	1768366177635]	타임이벤트컨트롤러..
[2026-01-14 13시49분37초	1768366177635]	0ms

[2026-01-14 13시49분37초	1768366177635]	AutoHuntController..
[2026-01-14 13시49분37초	1768366177636]	0ms

[2026-01-14 13시49분37초	1768366177648]	DatabaseConnection..
[2026-01-14 13시49분37초	1768366177942]	294ms

[2026-01-14 13시49분37초	1768366177959]	ServerDatabase..
[2026-01-14 13시49분37초	1768366177988]	29ms

[2026-01-14 13시49분37초	1768366177991]	SlimeRaceController..
[2026-01-14 13시49분37초	1768366177993]	2ms

[2026-01-14 13시49분37초	1768366177995]	DogRaceController..
[2026-01-14 13시49분37초	1768366177996]	1ms

[2026-01-14 13시49분37초	1768366177999]	ClanController..
[2026-01-14 13시49분38초	1768366178004]	5ms

[2026-01-14 13시49분38초	1768366178007]	KingdomController..
[2026-01-14 13시49분38초	1768366178012]	5ms

[2026-01-14 13시49분38초	1768366178013]	AgitController..
[2026-01-14 13시49분38초	1768366178017]	4ms

[2026-01-14 13시49분38초	1768366178018]	AuctionController..
[2026-01-14 13시49분38초	1768366178023]	5ms

[2026-01-14 13시49분38초	1768366178027]	ItemDatabase..
[2026-01-14 13시49분38초	1768366178140]	113ms

[2026-01-14 13시49분38초	1768366178141]	ItemSetopionDatabase..
[2026-01-14 13시49분38초	1768366178143]	2ms

[2026-01-14 13시49분38초	1768366178144]	AutosellDatabase..
[2026-01-14 13시49분38초	1768366178164]	20ms

[2026-01-14 13시49분38초	1768366178164]	ItemSkillDatabase..
[2026-01-14 13시49분38초	1768366178166]	2ms

[2026-01-14 13시49분38초	1768366178167]	ItemBundleDatabase..
[2026-01-14 13시49분38초	1768366178170]	3ms

[2026-01-14 13시49분38초	1768366178171]	ItemChanceBundleDatabase..
[2026-01-14 13시49분38초	1768366178175]	4ms

[2026-01-14 13시49분38초	1768366178175]	FishItemListDatabase..
[2026-01-14 13시49분38초	1768366178177]	2ms

[2026-01-14 13시49분38초	1768366178178]	ItemTeleport..
[2026-01-14 13시49분38초	1768366178179]	1ms

[2026-01-14 13시49분38초	1768366178180]	PolyDatabase..
[2026-01-14 13시49분38초	1768366178182]	2ms

[2026-01-14 13시49분38초	1768366178183]	DungeonDatabase..
[2026-01-14 13시49분38초	1768366178186]	3ms

[2026-01-14 13시49분38초	1768366178187]	DefiniteDatabase..
[2026-01-14 13시49분38초	1768366178188]	1ms

[2026-01-14 13시49분38초	1768366178192]	ExpDatabase..
[2026-01-14 13시49분38초	1768366178193]	1ms

[2026-01-14 13시49분38초	1768366178193]	BackgroundDatabase..
[2026-01-14 13시49분38초	1768366178306]	113ms

[2026-01-14 13시49분38초	1768366178306]	SpriteFrameDatabase..
[2026-01-14 13시49분38초	1768366178357]	51ms

[2026-01-14 13시49분38초	1768366178358]	SkillDatabase..
[2026-01-14 13시49분38초	1768366178360]	2ms

[2026-01-14 13시49분38초	1768366178361]	NpcDatabase..
[2026-01-14 13시49분38초	1768366178367]	6ms

[2026-01-14 13시49분38초	1768366178368]	NpcShopDatabase..
[2026-01-14 13시49분38초	1768366178429]	61ms

[2026-01-14 13시49분38초	1768366178430]	NpcTeleportDatabase..
[2026-01-14 13시49분38초	1768366178431]	1ms

[2026-01-14 13시49분38초	1768366178552]	NpcSpawnlistDatabase..
[2026-01-14 13시49분38초	1768366178601]	49ms

[2026-01-14 13시49분38초	1768366178602]	EventController..
[2026-01-14 13시49분38초	1768366178602]	0ms

[2026-01-14 13시49분38초	1768366178603]	MonsterDatabase..
[2026-01-14 13시49분38초	1768366178618]	15ms

[2026-01-14 13시49분38초	1768366178618]	MonsterDropDatabase..
[2026-01-14 13시49분38초	1768366178641]	23ms

[2026-01-14 13시49분38초	1768366178642]	MonsterSkillDatabase..
[2026-01-14 13시49분38초	1768366178653]	11ms

[2026-01-14 13시49분38초	1768366178655]	MonsterSpawnlistDatabase..
[2026-01-14 13시49분39초	1768366179523]	868ms

[2026-01-14 13시49분39초	1768366179524]	MonsterBossSpawnlistDatabase..
[2026-01-14 13시49분39초	1768366179525]	1ms

[2026-01-14 13시49분39초	1768366179526]	ServerDownBossListDatabase..
[2026-01-14 13시49분39초	1768366179527]	1ms

[2026-01-14 13시49분39초	1768366179528]	BadIpDatabase..
[2026-01-14 13시49분39초	1768366179529]	1ms

[2026-01-14 13시49분39초	1768366179529]	QuestController..
[2026-01-14 13시49분39초	1768366179530]	1ms

[2026-01-14 13시49분39초	1768366179531]	ServerOpcodesDatabase..
[2026-01-14 13시49분39초	1768366179533]	2ms

[2026-01-14 13시49분39초	1768366179534]	ServerNoticeDatabase..
[2026-01-14 13시49분39초	1768366179535]	1ms

[2026-01-14 13시49분39초	1768366179537]	RankController..
[2026-01-14 13시49분39초	1768366179558]	21ms

[2026-01-14 13시49분39초	1768366179564]	WantedController..
[2026-01-14 13시49분39초	1768366179566]	2ms

[2026-01-14 13시49분39초	1768366179567]	TeleportHomeDatabase..
[2026-01-14 13시49분39초	1768366179597]	30ms

[2026-01-14 13시49분39초	1768366179598]	TeleportResetDatabase..
[2026-01-14 13시49분39초	1768366179626]	28ms

[2026-01-14 13시49분39초	1768366179627]	ItemPinewandDatabase..
[2026-01-14 13시49분39초	1768366179628]	1ms

[2026-01-14 13시49분39초	1768366179628]	ItemMaplewandDatabase..
[2026-01-14 13시49분39초	1768366179629]	1ms

[2026-01-14 13시49분39초	1768366179630]	SummonListDatabase..
[2026-01-14 13시49분39초	1768366179631]	1ms

[2026-01-14 13시49분39초	1768366179631]	GmListDatabase..
[2026-01-14 13시49분39초	1768366179632]	1ms

[2026-01-14 13시49분39초	1768366179633]	MagicdollListDatabase..
[2026-01-14 13시49분39초	1768366179634]	1ms

[2026-01-14 13시49분39초	1768366179637]	PcMarketController..
[2026-01-14 13시49분39초	1768366179638]	1ms

[2026-01-14 13시49분39초	1768366179639]	ServerOptionDatabase..
[2026-01-14 13시49분39초	1768366179639]	0ms

[2026-01-14 13시49분39초	1768366179640]	TimeDungeonDatabase..
[2026-01-14 13시49분39초	1768366179640]	0ms

[2026-01-14 13시49분39초	1768366179641]	TeamBattleDatabase..
[2026-01-14 13시49분39초	1768366179642]	1ms

[2026-01-14 13시49분39초	1768366179643]	LifeLostItemDatabase..
[2026-01-14 13시49분39초	1768366179644]	1ms

[2026-01-14 13시49분39초	1768366179644]	GmTeleportDatabase..
[2026-01-14 13시49분39초	1768366179645]	1ms

[2026-01-14 13시49분39초	1768366179647]	무인혈맹컨트롤러..
[2026-01-14 13시49분39초	1768366179648]	1ms

[2026-01-14 13시49분39초	1768366179649]	HackNoCheckDatabase..
[2026-01-14 13시49분39초	1768366179649]	0ms

[2026-01-14 13시49분39초	1768366179650]	EnchantLostItemDatabase..
[2026-01-14 13시49분39초	1768366179672]	22ms

[2026-01-14 13시49분39초	1768366179673]	ItemDropMessageDatabase..
[2026-01-14 13시49분39초	1768366179673]	0ms

[2026-01-14 13시49분39초	1768366179675]	FishingController..
[2026-01-14 13시49분39초	1768366179928]	253ms

[2026-01-14 13시49분39초	1768366179941]	RobotController..
[2026-01-14 13시49분39초	1768366179966]	24ms

[2026-01-14 13시49분39초	1768366179969]	Server..
[2026-01-14 13시49분40초	1768366180032]	63ms

[2026-01-14 13시49분40초	1768366180033]	ServerThread..
[2026-01-14 13시49분40초	1768366180033]	0ms

[2026-01-14 13시49분40초	1768366180034]	ControllerTherad..
[2026-01-14 13시49분40초	1768366180034]	0ms

[2026-01-14 13시49분40초	1768366180034]	CharacterThread..
[2026-01-14 13시49분40초	1768366180035]	1ms

[2026-01-14 13시49분40초	1768366180035]	DatabaseThread..
[2026-01-14 13시49분40초	1768366180035]	0ms

[2026-01-14 13시49분40초	1768366180036]	CharacterControlThread..
[2026-01-14 13시49분40초	1768366180036]	0ms

[2026-01-14 13시49분40초	1768366180076]	FightController..
[2026-01-14 13시49분40초	1768366180104]	28ms

[2026-01-14 13시49분40초	1768366180104]	TimeThread..
[2026-01-14 13시49분40초	1768366180105]	1ms

[2026-01-14 13시49분40초	1768366180105]	AutoHuntThread..
[2026-01-14 13시49분40초	1768366180105]	0ms

[2026-01-14 13시49분40초	1768366180105]	======================================================================
[2026-01-14 13시49분40초	1768366180106]	Server Version  :  Lineage 2.0

[2026-01-14 13시49분40초	1768366180106]	Server Port      :  2000

[2026-01-14 13시49분40초	1768366180106]	계정 자동생성  :  on

[2026-01-14 13시49분40초	1768366180106]	인챈트 : 1.0배  ||  드랍 : 3.0배  ||  경험치 : 30.0배  ||  아데나 : 12.0배  ||  파티 : 1.1배

[2026-01-14 13시49분40초	1768366180106]	======================================================================
[2026-01-14 13시49분40초	1768366180106]	'서버' 가동되었습니다.

[2026-01-14 13시52분40초	1768366360795]	자동 저장완료 2026-01-14 13시52분40초
[2026-01-14 13시55분41초	1768366541589]	자동 저장완료 2026-01-14 13시55분41초
[2026-01-14 13시58분42초	1768366722238]	자동 저장완료 2026-01-14 13시58분42초
[2026-01-14 14시01분42초	1768366902777]	자동 저장완료 2026-01-14 14시01분42초
[2026-01-14 14시04분43초	1768367083354]	자동 저장완료 2026-01-14 14시04분43초
[2026-01-14 14시07분43초	1768367263934]	자동 저장완료 2026-01-14 14시07분43초
[2026-01-14 14시10분44초	1768367444558]	자동 저장완료 2026-01-14 14시10분44초
[2026-01-14 14시13분45초	1768367625207]	자동 저장완료 2026-01-14 14시13분45초
[2026-01-14 14시16분45초	1768367805806]	자동 저장완료 2026-01-14 14시16분45초
[2026-01-14 14시19분46초	1768367986401]	자동 저장완료 2026-01-14 14시19분46초
[2026-01-14 14시22분47초	1768368167010]	자동 저장완료 2026-01-14 14시22분47초
[2026-01-14 14시25분47초	1768368347614]	자동 저장완료 2026-01-14 14시25분47초
[2026-01-14 14시28분48초	1768368528270]	자동 저장완료 2026-01-14 14시28분48초
[2026-01-14 14시31분48초	1768368708903]	자동 저장완료 2026-01-14 14시31분48초
[2026-01-14 14시34분49초	1768368889457]	자동 저장완료 2026-01-14 14시34분49초
[2026-01-14 14시37분50초	1768369070205]	자동 저장완료 2026-01-14 14시37분50초
[2026-01-14 14시40분50초	1768369250920]	자동 저장완료 2026-01-14 14시40분50초
[2026-01-14 14시43분51초	1768369431697]	자동 저장완료 2026-01-14 14시43분51초
[2026-01-14 14시46분52초	1768369612471]	자동 저장완료 2026-01-14 14시46분52초
[2026-01-14 14시49분53초	1768369793208]	자동 저장완료 2026-01-14 14시49분53초
[2026-01-14 14시52분53초	1768369973827]	서버가 즉시 종료됩니다...
[2026-01-14 14시52분53초	1768369973908]	자동 저장완료 2026-01-14 14시52분53초
[2026-01-14 14시52분54초	1768369974827]	Thread close..
[2026-01-14 14시52분55초	1768369975827]	Save Database..
[2026-01-14 14시52분56초	1768369976785]	Socket close..
[2026-01-14 14시52분56초	1768369976785]	LineageServer Close...
[2026-01-14 14시52분56초	1768369976785]	0ms

[2026-01-14 14시52분56초	1768369976785]	ok..
