[2026-03-16 12시24분25초]	0	0	0	
[2026-03-16 12시24분26초]	0	0	0	
[2026-03-16 12시24분27초]	0	0	0	
[2026-03-16 12시24분28초]	0	0	0	
[2026-03-16 12시24분29초]	0	0	0	
[2026-03-16 12시24분30초]	0	0	0	
[2026-03-16 12시24분31초]	0	0	0	
[2026-03-16 12시24분32초]	0	0	0	
[2026-03-16 12시24분33초]	0	0	0	
[2026-03-16 12시24분34초]	0	0	0	
[2026-03-16 12시24분35초]	0	0	0	
[2026-03-16 12시24분36초]	0	0	0	
[2026-03-16 12시24분37초]	0	0	0	
[2026-03-16 12시24분38초]	0	0	0	
[2026-03-16 12시24분39초]	0	0	0	
[2026-03-16 12시24분40초]	0	0	0	
[2026-03-16 12시24분41초]	0	0	0	
[2026-03-16 12시24분42초]	0	0	0	
[2026-03-16 12시24분43초]	0	0	0	
[2026-03-16 12시24분44초]	0	0	0	
[2026-03-16 12시24분45초]	0	0	0	
[2026-03-16 12시24분46초]	0	0	0	
[2026-03-16 12시24분47초]	0	0	0	
[2026-03-16 12시24분48초]	0	0	0	
[2026-03-16 12시24분49초]	0	0	0	
[2026-03-16 12시24분50초]	0	0	0	
[2026-03-16 12시24분51초]	0	0	0	
[2026-03-16 12시24분52초]	0	0	0	
[2026-03-16 12시24분53초]	0	0	0	
[2026-03-16 12시24분54초]	0	0	0	
[2026-03-16 12시24분55초]	0	0	0	
[2026-03-16 12시24분56초]	0	0	0	
[2026-03-16 12시24분57초]	0	0	0	
[2026-03-16 12시24분58초]	0	0	0	
[2026-03-16 12시24분59초]	0	0	0	
[2026-03-16 12시25분00초]	0	0	0	
[2026-03-16 12시25분01초]	0	0	0	
[2026-03-16 12시25분02초]	0	0	0	
[2026-03-16 12시25분03초]	0	0	0	
[2026-03-16 12시25분04초]	0	0	0	
[2026-03-16 12시25분05초]	0	0	0	
[2026-03-16 12시25분06초]	0	0	0	
[2026-03-16 12시25분07초]	0	0	0	
[2026-03-16 12시25분08초]	0	0	0	
[2026-03-16 12시25분09초]	0	0	0	
[2026-03-16 12시25분10초]	0	0	0	
[2026-03-16 12시25분11초]	0	0	0	
[2026-03-16 12시25분12초]	0	0	0	
[2026-03-16 12시25분13초]	0	0	0	
[2026-03-16 12시25분14초]	0	0	0	
[2026-03-16 12시25분16초]	0	0	0	
[2026-03-16 12시25분17초]	0	0	0	
[2026-03-16 12시25분18초]	0	0	0	
[2026-03-16 12시25분19초]	0	0	0	
[2026-03-16 12시25분20초]	0	0	0	
[2026-03-16 12시25분21초]	0	0	0	
[2026-03-16 12시25분22초]	0	0	0	
[2026-03-16 12시25분23초]	0	0	0	
[2026-03-16 12시25분24초]	0	0	0	
[2026-03-16 12시25분25초]	0	0	0	
[2026-03-16 12시25분26초]	0	0	0	
[2026-03-16 12시25분27초]	0	0	0	
[2026-03-16 12시25분28초]	0	0	0	
[2026-03-16 12시25분29초]	0	0	0	
[2026-03-16 12시25분30초]	0	0	0	
[2026-03-16 12시25분31초]	0	0	0	
[2026-03-16 12시25분32초]	0	0	0	
[2026-03-16 12시25분33초]	0	0	0	
[2026-03-16 12시25분34초]	0	0	0	
[2026-03-16 12시25분35초]	0	0	0	
[2026-03-16 12시25분36초]	0	0	0	
[2026-03-16 12시25분37초]	0	0	0	
[2026-03-16 12시25분38초]	0	0	0	
[2026-03-16 12시25분39초]	0	0	0	
[2026-03-16 12시25분40초]	0	0	0	
[2026-03-16 12시25분41초]	0	0	0	
[2026-03-16 12시25분42초]	0	0	0	
[2026-03-16 12시25분43초]	0	0	0	
[2026-03-16 12시25분44초]	0	0	0	
[2026-03-16 12시25분45초]	0	0	0	
[2026-03-16 12시25분46초]	0	0	0	
[2026-03-16 12시25분47초]	0	0	0	
[2026-03-16 12시25분48초]	0	0	0	
[2026-03-16 12시25분49초]	0	0	0	
[2026-03-16 12시25분50초]	0	0	0	
[2026-03-16 12시25분51초]	0	0	0	
[2026-03-16 12시25분52초]	0	0	0	
[2026-03-16 12시25분53초]	0	0	0	
[2026-03-16 12시25분54초]	0	0	0	
[2026-03-16 12시25분55초]	0	0	0	
[2026-03-16 12시25분56초]	0	0	0	
[2026-03-16 12시25분57초]	0	0	0	
[2026-03-16 12시25분58초]	0	0	0	
[2026-03-16 12시25분59초]	0	0	0	
[2026-03-16 12시26분00초]	0	0	0	
[2026-03-16 12시26분01초]	0	0	0	
[2026-03-16 12시26분02초]	0	0	0	
[2026-03-16 12시26분03초]	0	0	0	
[2026-03-16 12시26분04초]	0	0	0	
[2026-03-16 12시26분05초]	0	0	0	
[2026-03-16 12시26분06초]	0	0	0	
[2026-03-16 12시26분07초]	0	0	0	
[2026-03-16 12시26분08초]	0	0	0	
[2026-03-16 12시26분09초]	0	0	0	
[2026-03-16 12시26분10초]	0	0	0	
[2026-03-16 12시26분11초]	0	0	0	
[2026-03-16 12시26분12초]	0	0	0	
[2026-03-16 12시26분13초]	0	0	0	
[2026-03-16 12시26분14초]	0	0	0	
[2026-03-16 12시26분15초]	0	0	0	
[2026-03-16 12시26분16초]	0	0	0	
[2026-03-16 12시26분17초]	0	0	0	
[2026-03-16 12시26분18초]	0	0	0	
[2026-03-16 12시26분19초]	0	0	0	
[2026-03-16 12시26분20초]	0	0	0	
[2026-03-16 12시26분21초]	0	0	0	
[2026-03-16 12시26분22초]	0	0	0	
[2026-03-16 12시26분23초]	0	0	0	
[2026-03-16 12시26분24초]	0	0	0	
[2026-03-16 12시26분25초]	0	0	0	
[2026-03-16 12시26분26초]	0	0	0	
[2026-03-16 12시26분27초]	0	0	0	
[2026-03-16 12시26분28초]	0	0	0	
[2026-03-16 12시26분29초]	0	0	0	
[2026-03-16 12시26분30초]	0	0	0	
[2026-03-16 12시26분31초]	0	0	0	
[2026-03-16 12시26분32초]	0	0	0	
[2026-03-16 12시26분33초]	0	0	0	
[2026-03-16 12시26분34초]	0	0	0	
[2026-03-16 12시26분35초]	0	0	0	
[2026-03-16 12시26분36초]	0	0	0	
[2026-03-16 12시26분37초]	0	0	0	
[2026-03-16 12시26분38초]	0	0	0	
[2026-03-16 12시26분39초]	0	0	0	
[2026-03-16 12시26분40초]	0	0	0	
[2026-03-16 12시26분42초]	0	0	0	
[2026-03-16 12시26분43초]	0	0	0	
[2026-03-16 12시26분44초]	0	0	0	
[2026-03-16 12시26분45초]	0	0	0	
[2026-03-16 12시26분46초]	0	0	0	
[2026-03-16 12시26분47초]	0	0	0	
[2026-03-16 12시26분48초]	0	0	0	
[2026-03-16 12시26분49초]	0	0	0	
[2026-03-16 12시26분50초]	0	0	0	
[2026-03-16 12시26분51초]	0	0	0	
[2026-03-16 12시26분52초]	0	0	0	
[2026-03-16 12시26분53초]	0	0	0	
[2026-03-16 12시26분54초]	0	0	0	
[2026-03-16 12시26분55초]	0	0	0	
[2026-03-16 12시26분56초]	0	0	0	
[2026-03-16 12시26분57초]	0	0	0	
[2026-03-16 12시26분58초]	0	0	0	
[2026-03-16 12시26분59초]	0	0	0	
[2026-03-16 12시27분00초]	0	0	0	
[2026-03-16 12시27분01초]	0	0	0	
[2026-03-16 12시27분02초]	0	0	0	
[2026-03-16 12시27분03초]	0	0	0	
[2026-03-16 12시27분04초]	0	0	0	
[2026-03-16 12시27분05초]	0	0	0	
[2026-03-16 12시27분06초]	0	0	0	
[2026-03-16 12시27분07초]	0	0	0	
[2026-03-16 12시27분08초]	0	0	0	
[2026-03-16 12시27분09초]	0	0	0	
[2026-03-16 12시27분10초]	0	0	0	
[2026-03-16 12시27분11초]	0	0	0	
[2026-03-16 12시27분12초]	0	0	0	
[2026-03-16 12시27분13초]	0	0	0	
[2026-03-16 12시27분14초]	0	0	0	
[2026-03-16 12시27분15초]	0	0	0	
[2026-03-16 12시27분16초]	0	0	0	
[2026-03-16 12시27분17초]	0	0	0	
[2026-03-16 12시27분18초]	0	0	0	
[2026-03-16 12시27분19초]	0	0	0	
[2026-03-16 12시27분20초]	0	0	0	
[2026-03-16 12시27분21초]	0	0	0	
[2026-03-16 12시27분22초]	0	0	0	
[2026-03-16 12시27분23초]	0	0	0	
[2026-03-16 12시27분24초]	0	0	0	
[2026-03-16 12시27분25초]	0	0	0	
[2026-03-16 12시27분26초]	0	0	0	
[2026-03-16 12시27분27초]	0	0	0	
[2026-03-16 12시27분28초]	0	0	0	
[2026-03-16 12시27분29초]	0	0	0	
[2026-03-16 12시27분30초]	0	0	0	
[2026-03-16 12시27분31초]	0	0	0	
[2026-03-16 12시27분32초]	0	0	0	
[2026-03-16 12시27분33초]	0	0	0	
[2026-03-16 12시27분34초]	0	0	0	
[2026-03-16 12시27분35초]	0	0	0	
[2026-03-16 12시27분36초]	0	0	0	
[2026-03-16 12시27분37초]	0	0	0	
[2026-03-16 12시27분38초]	0	0	0	
[2026-03-16 12시27분39초]	0	0	0	
[2026-03-16 12시27분40초]	0	0	0	
[2026-03-16 12시27분41초]	0	0	0	
[2026-03-16 12시27분42초]	0	0	0	
[2026-03-16 12시27분43초]	0	0	0	
[2026-03-16 12시27분44초]	0	0	0	
[2026-03-16 12시27분45초]	0	0	0	
[2026-03-16 12시27분46초]	0	0	0	
[2026-03-16 12시27분47초]	0	0	0	
[2026-03-16 12시27분48초]	0	0	0	
[2026-03-16 12시27분49초]	0	0	0	
[2026-03-16 12시27분50초]	0	0	0	
[2026-03-16 12시27분51초]	0	0	0	
[2026-03-16 12시27분52초]	0	0	0	
[2026-03-16 12시27분53초]	0	0	0	
[2026-03-16 12시27분54초]	0	0	0	
[2026-03-16 12시27분55초]	0	0	0	
[2026-03-16 12시27분56초]	0	0	0	
[2026-03-16 12시27분57초]	0	0	0	
[2026-03-16 12시27분59초]	0	0	0	
[2026-03-16 12시28분00초]	0	0	0	
[2026-03-16 12시28분01초]	0	0	0	
[2026-03-16 12시28분02초]	0	0	0	
[2026-03-16 12시28분03초]	0	0	0	
[2026-03-16 12시28분04초]	0	0	0	
[2026-03-16 12시28분05초]	0	0	0	
[2026-03-16 12시28분06초]	0	0	0	
[2026-03-16 12시28분07초]	0	0	0	
[2026-03-16 12시28분08초]	0	0	0	
[2026-03-16 12시28분09초]	0	0	0	
[2026-03-16 12시28분10초]	0	0	0	
[2026-03-16 12시28분11초]	0	0	0	
[2026-03-16 12시28분12초]	0	0	0	
[2026-03-16 12시28분13초]	0	0	0	
[2026-03-16 12시28분14초]	0	0	0	
[2026-03-16 12시28분15초]	0	0	0	
[2026-03-16 12시28분16초]	0	0	0	
[2026-03-16 12시28분17초]	0	0	0	
[2026-03-16 12시28분18초]	0	0	0	
[2026-03-16 12시28분19초]	0	0	0	
[2026-03-16 12시28분20초]	0	0	0	
[2026-03-16 12시28분21초]	0	0	0	
[2026-03-16 12시28분22초]	0	0	0	
[2026-03-16 12시28분23초]	0	0	0	
[2026-03-16 12시28분24초]	0	0	0	
[2026-03-16 12시28분25초]	0	0	0	
[2026-03-16 12시28분26초]	0	0	0	
[2026-03-16 12시28분27초]	0	0	0	
[2026-03-16 12시28분28초]	0	0	0	
[2026-03-16 12시28분29초]	0	0	0	
[2026-03-16 12시28분30초]	0	0	0	
[2026-03-16 12시28분31초]	0	0	0	
[2026-03-16 12시28분32초]	0	0	0	
[2026-03-16 12시28분33초]	0	0	0	
[2026-03-16 12시28분34초]	0	0	0	
[2026-03-16 12시28분35초]	0	0	0	
[2026-03-16 12시28분36초]	0	0	0	
[2026-03-16 12시28분37초]	0	0	0	
[2026-03-16 12시28분38초]	0	0	0	
[2026-03-16 12시28분39초]	0	0	0	
[2026-03-16 12시28분40초]	0	0	0	
[2026-03-16 12시28분41초]	0	0	0	
[2026-03-16 12시28분42초]	0	0	0	
[2026-03-16 12시28분43초]	0	0	0	
[2026-03-16 12시28분44초]	0	0	0	
[2026-03-16 12시28분45초]	0	0	0	
[2026-03-16 12시28분46초]	0	0	0	
[2026-03-16 12시28분47초]	0	0	0	
[2026-03-16 12시28분48초]	0	0	0	
[2026-03-16 12시28분49초]	0	0	0	
[2026-03-16 12시28분50초]	0	0	0	
[2026-03-16 12시28분51초]	0	0	0	
[2026-03-16 12시28분52초]	0	0	0	
[2026-03-16 12시28분53초]	0	0	0	
[2026-03-16 12시28분54초]	0	0	0	
[2026-03-16 12시28분55초]	0	0	0	
[2026-03-16 12시28분56초]	0	0	0	
[2026-03-16 12시28분57초]	0	0	0	
[2026-03-16 12시28분58초]	0	0	0	
[2026-03-16 12시28분59초]	0	0	0	
[2026-03-16 12시29분00초]	0	0	0	
[2026-03-16 12시29분01초]	0	0	0	
[2026-03-16 12시29분02초]	0	0	0	
[2026-03-16 12시29분03초]	0	0	0	
[2026-03-16 12시29분04초]	0	0	0	
[2026-03-16 12시29분05초]	0	0	0	
[2026-03-16 12시29분06초]	0	0	0	
[2026-03-16 12시29분07초]	0	0	0	
[2026-03-16 12시29분08초]	0	0	0	
[2026-03-16 12시29분09초]	0	0	0	
[2026-03-16 12시29분10초]	0	0	0	
[2026-03-16 12시29분11초]	0	0	0	
[2026-03-16 12시29분12초]	0	0	0	
[2026-03-16 12시29분13초]	0	0	0	
[2026-03-16 12시29분14초]	0	0	0	
[2026-03-16 12시29분15초]	0	0	0	
[2026-03-16 12시29분16초]	0	0	0	
[2026-03-16 12시29분17초]	0	0	0	
[2026-03-16 12시29분18초]	0	0	0	
[2026-03-16 12시29분19초]	0	0	0	
[2026-03-16 12시29분20초]	0	0	0	
[2026-03-16 12시29분21초]	0	0	0	
[2026-03-16 12시29분22초]	0	0	0	
[2026-03-16 12시29분24초]	0	0	0	
[2026-03-16 12시29분25초]	0	0	0	
[2026-03-16 12시29분26초]	0	0	0	
[2026-03-16 12시29분27초]	0	0	0	
[2026-03-16 12시29분28초]	0	0	0	
[2026-03-16 12시29분29초]	0	0	0	
[2026-03-16 12시29분30초]	0	0	0	
[2026-03-16 12시29분31초]	0	0	0	
[2026-03-16 12시29분32초]	0	0	0	
[2026-03-16 12시29분33초]	0	0	0	
[2026-03-16 12시29분34초]	0	0	0	
[2026-03-16 12시29분35초]	0	0	0	
[2026-03-16 12시29분36초]	0	0	0	
[2026-03-16 12시29분37초]	0	0	0	
[2026-03-16 12시29분38초]	0	0	0	
[2026-03-16 12시29분39초]	0	0	0	
[2026-03-16 12시29분40초]	0	0	0	
[2026-03-16 12시29분41초]	0	0	0	
[2026-03-16 12시29분42초]	0	0	0	
[2026-03-16 12시29분43초]	0	0	0	
[2026-03-16 12시29분44초]	0	0	0	
[2026-03-16 12시29분45초]	0	0	0	
[2026-03-16 12시29분46초]	0	0	0	
[2026-03-16 12시29분47초]	0	0	0	
[2026-03-16 12시29분48초]	0	0	0	
[2026-03-16 12시29분49초]	0	0	0	
[2026-03-16 12시29분50초]	0	0	0	
[2026-03-16 12시29분51초]	0	0	0	
[2026-03-16 12시29분52초]	0	0	0	
[2026-03-16 12시29분53초]	0	0	0	
[2026-03-16 12시29분54초]	0	0	0	
[2026-03-16 12시29분55초]	0	0	0	
[2026-03-16 12시29분56초]	0	0	0	
[2026-03-16 12시29분57초]	0	0	0	
[2026-03-16 12시29분58초]	0	0	0	
[2026-03-16 12시29분59초]	0	0	0	
[2026-03-16 12시30분00초]	0	0	0	
[2026-03-16 12시30분01초]	0	0	0	
[2026-03-16 12시30분02초]	0	0	0	
[2026-03-16 12시30분03초]	0	0	0	
[2026-03-16 12시30분04초]	0	0	0	
[2026-03-16 12시30분05초]	0	0	0	
[2026-03-16 12시30분06초]	0	0	0	
[2026-03-16 12시30분07초]	0	0	0	
[2026-03-16 12시30분08초]	0	0	0	
[2026-03-16 12시30분09초]	0	0	0	
[2026-03-16 12시30분10초]	0	0	0	
[2026-03-16 12시30분11초]	0	0	0	
[2026-03-16 12시30분12초]	0	0	0	
[2026-03-16 12시30분13초]	0	0	0	
[2026-03-16 12시30분14초]	0	0	0	
[2026-03-16 12시30분15초]	0	0	0	
[2026-03-16 12시30분16초]	0	0	0	
[2026-03-16 12시30분17초]	0	0	0	
[2026-03-16 12시30분18초]	0	0	0	
[2026-03-16 12시30분19초]	0	0	0	
[2026-03-16 12시30분20초]	0	0	0	
[2026-03-16 12시30분21초]	0	0	0	
[2026-03-16 12시30분22초]	0	0	0	
[2026-03-16 12시30분23초]	0	0	0	
[2026-03-16 12시30분24초]	0	0	0	
[2026-03-16 12시30분25초]	0	0	0	
[2026-03-16 12시30분26초]	0	0	0	
[2026-03-16 12시30분27초]	0	0	0	
[2026-03-16 12시30분28초]	0	0	0	
[2026-03-16 12시30분29초]	0	0	0	
[2026-03-16 12시30분30초]	0	0	0	
[2026-03-16 12시30분31초]	0	0	0	
[2026-03-16 12시30분32초]	0	0	0	
[2026-03-16 12시30분33초]	0	0	0	
[2026-03-16 12시30분34초]	0	0	0	
[2026-03-16 12시30분35초]	0	0	0	
[2026-03-16 12시30분36초]	0	0	0	
[2026-03-16 12시30분37초]	0	0	0	
[2026-03-16 12시30분38초]	0	0	0	
[2026-03-16 12시30분39초]	0	0	0	
[2026-03-16 12시30분41초]	0	0	0	
[2026-03-16 12시30분42초]	0	0	0	
[2026-03-16 12시30분43초]	0	0	0	
[2026-03-16 12시30분44초]	0	0	0	
[2026-03-16 12시30분45초]	0	0	0	
[2026-03-16 12시30분46초]	0	0	0	
[2026-03-16 12시30분47초]	0	0	0	
[2026-03-16 12시30분48초]	0	0	0	
[2026-03-16 12시30분49초]	0	0	0	
[2026-03-16 12시30분50초]	0	0	0	
[2026-03-16 12시30분51초]	0	0	0	
[2026-03-16 12시30분52초]	0	0	0	
[2026-03-16 12시30분53초]	0	0	0	
[2026-03-16 12시30분54초]	0	0	0	
[2026-03-16 12시30분55초]	0	0	0	
[2026-03-16 12시30분56초]	0	0	0	
[2026-03-16 12시30분57초]	0	0	0	
[2026-03-16 12시30분58초]	0	0	0	
[2026-03-16 12시30분59초]	0	0	0	
[2026-03-16 16시29분33초]	0	0	0	
[2026-03-16 16시29분34초]	0	0	0	
[2026-03-16 16시29분35초]	0	0	0	
[2026-03-16 16시29분36초]	0	0	0	
[2026-03-16 16시29분37초]	0	0	0	
[2026-03-16 16시29분38초]	0	0	0	
[2026-03-16 16시29분39초]	0	0	0	
[2026-03-16 16시29분40초]	0	0	0	
[2026-03-16 16시29분41초]	0	0	0	
[2026-03-16 16시29분42초]	0	0	0	
[2026-03-16 16시29분43초]	0	0	0	
[2026-03-16 16시29분44초]	0	42	1	null|42|0	
[2026-03-16 16시29분45초]	0	0	1	null|0|0	
[2026-03-16 16시29분46초]	0	0	1	null|0|0	
[2026-03-16 16시29분47초]	0	0	1	null|0|0	
[2026-03-16 16시29분48초]	0	0	1	null|0|0	
[2026-03-16 16시29분49초]	0	0	1	null|0|0	
[2026-03-16 16시29분50초]	0	0	1	null|0|0	
[2026-03-16 16시29분51초]	44	170	1	222.115.187.198|170|44	
[2026-03-16 16시29분52초]	13	2144	1	222.115.187.198|2144|13	
[2026-03-16 16시29분53초]	10	4938	1	222.115.187.198|4938|10	
[2026-03-16 16시29분54초]	0	118	1	222.115.187.198|118|0	
[2026-03-16 16시29분55초]	0	118	1	222.115.187.198|118|0	
[2026-03-16 16시29분56초]	10	1338	1	222.115.187.198|1338|10	
[2026-03-16 16시29분57초]	0	118	1	222.115.187.198|118|0	
[2026-03-16 16시29분58초]	12	7132	1	222.115.187.198|7132|12	
[2026-03-16 16시29분59초]	7	1836	1	222.115.187.198|1836|7	
[2026-03-16 16시30분00초]	0	1854	1	222.115.187.198|1854|0	
[2026-03-16 16시30분01초]	0	1854	1	222.115.187.198|1854|0	
[2026-03-16 16시30분02초]	0	1336	1	222.115.187.198|1336|0	
[2026-03-16 16시30분03초]	0	136	1	222.115.187.198|136|0	
[2026-03-16 16시30분04초]	0	118	1	222.115.187.198|118|0	
[2026-03-16 16시30분05초]	0	118	1	222.115.187.198|118|0	
[2026-03-16 16시30분06초]	0	136	1	222.115.187.198|136|0	
[2026-03-16 16시30분07초]	0	118	1	222.115.187.198|118|0	
[2026-03-16 16시30분08초]	0	118	1	222.115.187.198|118|0	
[2026-03-16 16시30분09초]	0	118	1	222.115.187.198|118|0	
[2026-03-16 16시30분10초]	32	892	1	222.115.187.198|892|32	
[2026-03-16 16시30분11초]	56	1562	1	222.115.187.198|1562|56	
[2026-03-16 16시30분12초]	15	774	1	222.115.187.198|774|15	
[2026-03-16 16시30분13초]	13	182	1	222.115.187.198|182|13	
[2026-03-16 16시30분14초]	0	154	1	222.115.187.198|154|0	
[2026-03-16 16시30분16초]	64	3236	1	222.115.187.198|3236|64	
[2026-03-16 16시30분17초]	64	1738	1	222.115.187.198|1738|64	
[2026-03-16 16시30분18초]	32	466	1	222.115.187.198|466|32	
[2026-03-16 16시30분19초]	80	1248	1	222.115.187.198|1248|80	
[2026-03-16 16시30분20초]	64	1388	1	222.115.187.198|1388|64	
[2026-03-16 16시30분21초]	80	994	1	222.115.187.198|994|80	
[2026-03-16 16시30분22초]	88	1006	1	222.115.187.198|1006|88	
[2026-03-16 16시30분23초]	80	1230	1	222.115.187.198|1230|80	
[2026-03-16 16시30분24초]	88	1014	1	222.115.187.198|1014|88	
[2026-03-16 16시30분25초]	80	816	1	222.115.187.198|816|80	
[2026-03-16 16시30분26초]	56	2442	1	222.115.187.198|2442|56	
[2026-03-16 16시30분27초]	0	168	1	222.115.187.198|168|0	
[2026-03-16 16시30분28초]	64	1138	1	222.115.187.198|1138|64	
[2026-03-16 16시30분29초]	56	1166	1	222.115.187.198|1166|56	
[2026-03-16 16시30분30초]	72	3020	1	222.115.187.198|3020|72	
[2026-03-16 16시30분31초]	64	1244	1	222.115.187.198|1244|64	
[2026-03-16 16시30분32초]	80	3502	1	222.115.187.198|3502|80	
[2026-03-16 16시30분33초]	88	2268	1	222.115.187.198|2268|88	
[2026-03-16 16시30분34초]	56	2094	1	222.115.187.198|2094|56	
[2026-03-16 16시30분35초]	32	490	1	222.115.187.198|490|32	
[2026-03-16 16시30분36초]	56	1016	1	222.115.187.198|1016|56	
[2026-03-16 16시30분37초]	63	1170	1	222.115.187.198|1170|63	
[2026-03-16 16시30분38초]	47	1200	1	222.115.187.198|1200|47	
[2026-03-16 16시30분39초]	24	700	1	222.115.187.198|700|24	
[2026-03-16 16시30분40초]	30	386	1	222.115.187.198|386|30	
[2026-03-16 16시30분41초]	47	2196	1	222.115.187.198|2196|47	
[2026-03-16 16시30분42초]	15	512	1	222.115.187.198|512|15	
[2026-03-16 16시30분43초]	48	2034	1	222.115.187.198|2034|48	
[2026-03-16 16시30분44초]	7	264	1	222.115.187.198|264|7	
[2026-03-16 16시30분45초]	8	370	1	222.115.187.198|370|8	
[2026-03-16 16시30분46초]	88	1826	1	222.115.187.198|1826|88	
[2026-03-16 16시30분47초]	56	1028	1	222.115.187.198|1028|56	
[2026-03-16 16시30분48초]	0	118	1	222.115.187.198|118|0	
[2026-03-16 16시30분49초]	0	118	1	222.115.187.198|118|0	
[2026-03-16 16시30분50초]	0	136	1	222.115.187.198|136|0	
[2026-03-16 16시30분51초]	10	4058	1	222.115.187.198|4058|10	
[2026-03-16 16시30분52초]	0	164	1	222.115.187.198|164|0	
[2026-03-16 16시30분53초]	3	136	1	222.115.187.198|136|3	
[2026-03-16 16시30분54초]	0	154	1	222.115.187.198|154|0	
[2026-03-16 16시30분55초]	8	164	1	222.115.187.198|164|8	
[2026-03-16 16시30분56초]	30	6846	1	222.115.187.198|6846|30	
[2026-03-16 16시30분57초]	8	182	1	222.115.187.198|182|8	
[2026-03-16 16시30분58초]	30	2324	1	222.115.187.198|2324|30	
[2026-03-16 16시30분59초]	8	282	1	222.115.187.198|282|8	
[2026-03-16 16시31분00초]	30	4682	1	222.115.187.198|4682|30	
[2026-03-16 16시31분01초]	64	1482	1	222.115.187.198|1482|64	
[2026-03-16 16시31분02초]	88	1346	1	222.115.187.198|1346|88	
[2026-03-16 16시31분03초]	23	376	1	222.115.187.198|376|23	
[2026-03-16 16시31분04초]	24	376	1	222.115.187.198|376|24	
[2026-03-16 16시31분05초]	0	136	1	222.115.187.198|136|0	
[2026-03-16 16시31분06초]	0	190	1	222.115.187.198|190|0	
[2026-03-16 16시31분07초]	8	4462	1	222.115.187.198|4462|8	
[2026-03-16 16시31분08초]	0	136	1	222.115.187.198|136|0	
[2026-03-16 16시31분09초]	3	118	0	
[2026-03-16 16시31분10초]	0	0	0	
[2026-03-16 16시31분11초]	0	0	0	
